Linux 6.17.0-19-generic (tolokoum-HP-ProBook-640-G4) 	04/06/2026 	_x86_64_	(8 CPU)

08:00:49     CPU    %usr   %nice    %sys %iowait    %irq   %soft  %steal  %guest  %gnice   %idle
08:00:50     all    4,17    0,00    2,90   16,54    0,00    0,00    0,00    0,00    0,00   76,39
08:00:51     all    5,44    0,13    3,80   10,38    0,00    0,00    0,00    0,00    0,00   80,25
08:00:52     all    6,90    0,00    4,27   10,79    0,00    0,00    0,00    0,00    0,00   78,04
08:00:53     all    3,79    0,00    3,67    9,36    0,00    0,13    0,00    0,00    0,00   83,06
08:00:54     all    9,60    0,00    9,47    0,00    0,00    0,00    0,00    0,00    0,00   80,93
08:00:55     all    5,93    0,00    4,17    7,95    0,00    0,00    0,00    0,00    0,00   81,94
08:00:56     all    4,67    0,13    3,79   10,35    0,00    0,00    0,00    0,00    0,00   81,06
08:00:57     all   10,99    0,00    2,37    2,75    0,00    0,00    0,00    0,00    0,00   83,90
08:00:58     all   13,07    0,00    0,63    0,50    0,00    0,00    0,00    0,00    0,00   85,80
08:00:59     all   12,94    0,00    0,75    0,00    0,00    0,00    0,00    0,00    0,00   86,31
08:01:00     all   12,88    0,00    0,75    0,00    0,00    0,00    0,00    0,00    0,00   86,38
08:01:01     all   13,14    0,00    0,75    0,00    0,00    0,00    0,00    0,00    0,00   86,11
08:01:02     all   13,14    0,00    1,00    0,25    0,00    0,00    0,00    0,00    0,00   85,61
08:01:03     all   13,17    0,00    0,50    0,00    0,00    0,00    0,00    0,00    0,00   86,32
08:01:04     all   14,37    0,00    1,50   12,12    0,00    0,00    0,00    0,00    0,00   72,00
08:01:05     all   13,69    0,00    1,01   12,56    0,00    0,00    0,00    0,00    0,00   72,74
08:01:06     all   21,03    0,13    3,27   11,08    0,00    0,00    0,00    0,00    0,00   64,48
08:01:07     all   25,53    0,13    2,77   13,58    0,00    0,00    0,00    0,00    0,00   57,99
08:01:08     all   28,16    0,00    4,13    9,39    0,00    0,00    0,00    0,00    0,00   58,32
08:01:09     all   35,96    0,13    4,64   10,15    0,00    0,00    0,00    0,00    0,00   49,12
08:01:10     all   38,05    0,00    5,18    7,96    0,00    0,25    0,00    0,00    0,00   48,55
08:01:11     all   45,10    0,13    5,28   11,18    0,00    0,00    0,00    0,00    0,00   38,32
08:01:12     all   48,18    0,00    5,53    9,06    0,00    0,00    0,00    0,00    0,00   37,23
08:01:13     all   54,30    0,00    6,84    5,70    0,00    0,13    0,00    0,00    0,00   33,04
08:01:14     all   57,04    0,00    6,16    8,29    0,00    0,13    0,00    0,00    0,00   28,39
08:01:15     all   58,52    0,00    6,64    7,02    0,00    0,25    0,00    0,00    0,00   27,57
08:01:16     all   63,68    0,00    8,45    3,40    0,00    0,25    0,00    0,00    0,00   24,21
08:01:17     all   69,89    0,00    7,40    3,89    0,00    0,13    0,00    0,00    0,00   18,70
08:01:18     all   72,35    0,13    8,33    2,53    0,00    0,00    0,00    0,00    0,00   16,67
08:01:19     all   77,04    0,00    8,03    3,51    0,00    0,13    0,00    0,00    0,00   11,29
08:01:20     all   79,30    0,13    8,78    1,63    0,00    0,00    0,00    0,00    0,00   10,16
08:01:21     all   83,14    0,00    9,56    2,14    0,00    0,13    0,00    0,00    0,00    5,03
08:01:22     all   85,93    0,00    8,79    0,63    0,00    0,13    0,00    0,00    0,00    4,52
08:01:23     all   84,80    0,00   10,30    0,88    0,00    0,00    0,00    0,00    0,00    4,02
08:01:24     all   88,33    0,13    8,91    0,25    0,00    0,25    0,00    0,00    0,00    2,13
08:01:25     all   88,24    0,00   10,26    0,13    0,00    0,00    0,00    0,00    0,00    1,38
08:01:26     all   88,32    0,13    9,80    0,13    0,00    0,13    0,00    0,00    0,00    1,51
08:01:27     all   89,60    0,00    9,15    0,13    0,00    0,00    0,00    0,00    0,00    1,13
08:01:28     all   88,49    0,00    9,64    0,25    0,00    0,13    0,00    0,00    0,00    1,50
08:01:29     all   90,36    0,00    8,89    0,25    0,00    0,13    0,00    0,00    0,00    0,38
08:01:30     all   90,14    0,00    8,99    0,25    0,00    0,12    0,00    0,00    0,00    0,50
08:01:31     all   88,85    0,13   10,53    0,00    0,00    0,13    0,00    0,00    0,00    0,38
08:01:32     all   89,72    0,00    9,77    0,00    0,00    0,38    0,00    0,00    0,00    0,13
08:01:33     all   89,18    0,12    9,33    0,12    0,00    0,12    0,00    0,00    0,00    1,12
08:01:34     all   89,07    0,00   10,93    0,00    0,00    0,00    0,00    0,00    0,00    0,00
08:01:35     all   90,41    0,00    8,84    0,25    0,00    0,25    0,00    0,00    0,00    0,25
08:01:36     all   87,97    0,13   11,78    0,00    0,00    0,00    0,00    0,00    0,00    0,13
08:01:37     all   89,96    0,00    9,54    0,00    0,00    0,13    0,00    0,00    0,00    0,38
08:01:38     all   90,10    0,00    9,52    0,00    0,00    0,13    0,00    0,00    0,00    0,25
08:01:39     all   87,52    0,12   12,11    0,00    0,00    0,12    0,00    0,00    0,00    0,12
08:01:40     all   90,60    0,00    9,15    0,00    0,00    0,00    0,00    0,00    0,00    0,25
08:01:41     all   89,88    0,00    9,25    0,00    0,00    0,25    0,00    0,00    0,00    0,62
08:01:42     all   87,89    0,12   11,86    0,00    0,00    0,12    0,00    0,00    0,00    0,00
08:01:43     all   89,41    0,00   10,09    0,00    0,00    0,37    0,00    0,00    0,00    0,12
08:01:44     all   89,00    0,12   10,75    0,12    0,00    0,00    0,00    0,00    0,00    0,00
08:01:45     all   89,59    0,00   10,29    0,00    0,00    0,13    0,00    0,00    0,00    0,00
08:01:46     all   90,12    0,12    9,50    0,00    0,00    0,00    0,00    0,00    0,00    0,25
08:01:47     all   89,03    0,00   10,60    0,00    0,00    0,25    0,00    0,00    0,00    0,12
08:01:48     all   90,12    0,12    9,62    0,00    0,00    0,12    0,00    0,00    0,00    0,00
08:01:49     all   88,97    0,00   10,65    0,00    0,00    0,13    0,00    0,00    0,00    0,25
08:01:50     all   89,62    0,00   10,25    0,00    0,00    0,12    0,00    0,00    0,00    0,00
08:01:51     all   89,29    0,12   10,09    0,12    0,00    0,12    0,00    0,00    0,00    0,25
08:01:52     all   90,21    0,00    9,66    0,00    0,00    0,00    0,00    0,00    0,00    0,13
08:01:53     all   88,99    0,00   10,89    0,00    0,00    0,13    0,00    0,00    0,00    0,00
08:01:54     all   89,12    0,00   10,62    0,00    0,00    0,00    0,00    0,00    0,00    0,25
08:01:55     all   89,53    0,12   10,10    0,00    0,00    0,25    0,00    0,00    0,00    0,00
08:01:56     all   88,74    0,13   10,76    0,00    0,00    0,25    0,00    0,00    0,00    0,13
08:01:57     all   89,89    0,00    9,74    0,00    0,00    0,25    0,00    0,00    0,00    0,12
08:01:58     all   87,75    0,12   12,00    0,00    0,00    0,12    0,00    0,00    0,00    0,00
08:01:59     all   89,07    0,13   10,55    0,00    0,00    0,00    0,00    0,00    0,00    0,25
08:02:00     all   90,36    0,00    9,64    0,00    0,00    0,00    0,00    0,00    0,00    0,00
08:02:01     all   88,43    0,12   11,19    0,00    0,00    0,25    0,00    0,00    0,00    0,00
08:02:02     all   89,57    0,00   10,30    0,00    0,00    0,13    0,00    0,00    0,00    0,00
08:02:03     all   88,39    0,00   11,24    0,00    0,00    0,37    0,00    0,00    0,00    0,00
08:02:04     all   90,00    0,00    9,75    0,12    0,00    0,12    0,00    0,00    0,00    0,00
08:02:05     all   86,39    0,00   13,36    0,00    0,00    0,12    0,00    0,00    0,00    0,12
08:02:06     all   89,50    0,12   10,12    0,12    0,00    0,12    0,00    0,00    0,00    0,00
08:02:07     all   90,88    0,00    8,75    0,12    0,00    0,00    0,00    0,00    0,00    0,25
08:02:08     all   89,12    0,00   10,88    0,00    0,00    0,00    0,00    0,00    0,00    0,00
08:02:09     all   88,88    0,12   10,75    0,00    0,00    0,25    0,00    0,00    0,00    0,00
08:02:10     all   89,11    0,00   10,89    0,00    0,00    0,00    0,00    0,00    0,00    0,00
08:02:11     all   90,24    0,00    9,51    0,00    0,00    0,25    0,00    0,00    0,00    0,00
08:02:12     all   88,86    0,13   10,64    0,00    0,00    0,13    0,00    0,00    0,00    0,25
08:02:13     all   88,01    0,00   11,86    0,00    0,00    0,12    0,00    0,00    0,00    0,00
08:02:14     all   89,74    0,13    9,89    0,00    0,00    0,13    0,00    0,00    0,00    0,13
08:02:15     all   88,89    0,12   10,74    0,00    0,00    0,00    0,00    0,00    0,00    0,25
08:02:16     all   89,14    0,00   10,49    0,00    0,00    0,25    0,00    0,00    0,00    0,12
08:02:17     all   89,45    0,00   10,43    0,00    0,00    0,13    0,00    0,00    0,00    0,00
08:02:18     all   88,18    0,12   11,32    0,00    0,00    0,25    0,00    0,00    0,00    0,12
08:02:19     all   89,07    0,00    9,67    1,13    0,00    0,13    0,00    0,00    0,00    0,00
08:02:20     all   89,14    0,00   10,11    0,37    0,00    0,25    0,00    0,00    0,00    0,12
08:02:21     all   90,48    0,13    9,27    0,00    0,00    0,13    0,00    0,00    0,00    0,00
08:02:22     all   89,75    0,00   10,12    0,00    0,00    0,00    0,00    0,00    0,00    0,12
08:02:23     all   87,56    0,25   11,69    0,00    0,00    0,50    0,00    0,00    0,00    0,00
08:02:24     all   91,51    0,00    7,99    0,12    0,00    0,12    0,00    0,00    0,00    0,25
08:02:25     all   90,01    0,12    9,74    0,00    0,00    0,00    0,00    0,00    0,00    0,12
08:02:26     all   86,48    0,00   13,27    0,00    0,00    0,13    0,00    0,00    0,00    0,13
08:02:27     all   89,60    0,00   10,28    0,00    0,00    0,13    0,00    0,00    0,00    0,00
08:02:28     all   90,24    0,00    9,51    0,13    0,00    0,13    0,00    0,00    0,00    0,00
08:02:29     all   88,11    0,13   11,76    0,00    0,00    0,00    0,00    0,00    0,00    0,00
08:02:30     all   89,86    0,00   10,01    0,00    0,00    0,13    0,00    0,00    0,00    0,00
08:02:31     all   89,49    0,00   10,26    0,00    0,00    0,00    0,00    0,00    0,00    0,25
08:02:32     all   87,47    0,12   11,79    0,00    0,00    0,50    0,00    0,00    0,00    0,12
08:02:33     all   89,21    0,00   10,79    0,00    0,00    0,00    0,00    0,00    0,00    0,00
08:02:34     all   91,34    0,00    8,28    0,00    0,00    0,13    0,00    0,00    0,00    0,25
08:02:35     all   88,53    0,12   11,10    0,00    0,00    0,12    0,00    0,00    0,00    0,12
08:02:36     all   88,12    0,00   11,88    0,00    0,00    0,00    0,00    0,00    0,00    0,00
08:02:37     all   89,50    0,00   10,38    0,00    0,00    0,12    0,00    0,00    0,00    0,00
08:02:38     all   90,36    0,13    9,39    0,00    0,00    0,13    0,00    0,00    0,00    0,00
08:02:39     all   88,29    0,00   11,21    0,00    0,00    0,25    0,00    0,00    0,00    0,25
08:02:40     all   89,61    0,00   10,14    0,00    0,00    0,13    0,00    0,00    0,00    0,13
08:02:41     all   89,08    0,00   10,66    0,00    0,00    0,25    0,00    0,00    0,00    0,00
08:02:42     all   90,27    0,12    9,48    0,00    0,00    0,12    0,00    0,00    0,00    0,00
08:02:43     all   85,80    0,00   13,45    0,25    0,00    0,37    0,00    0,00    0,00    0,12
08:02:44     all   87,36    0,13   12,27    0,13    0,00    0,13    0,00    0,00    0,00    0,00
08:02:45     all   76,26    0,00    8,42   15,08    0,00    0,00    0,00    0,00    0,00    0,25
08:02:46     all   89,64    0,00    9,74    0,25    0,00    0,25    0,00    0,00    0,00    0,12
08:02:47     all   90,89    0,00    8,86    0,12    0,00    0,00    0,00    0,00    0,00    0,12
08:02:48     all   89,36    0,00   10,39    0,00    0,00    0,13    0,00    0,00    0,00    0,13
08:02:49     all   86,93    0,00   10,30    2,64    0,00    0,13    0,00    0,00    0,00    0,00
08:02:50     all   90,15    0,25    9,48    0,00    0,00    0,00    0,00    0,00    0,00    0,12
08:02:51     all   89,39    0,00   10,11    0,00    0,00    0,25    0,00    0,00    0,00    0,25
08:02:52     all   89,53    0,00   10,22    0,00    0,00    0,25    0,00    0,00    0,00    0,00
08:02:53     all   89,21    0,00   10,66    0,00    0,00    0,13    0,00    0,00    0,00    0,00
08:02:54     all   89,11    0,00   10,76    0,00    0,00    0,13    0,00    0,00    0,00    0,00
08:02:55     all   87,89    0,00   11,86    0,00    0,00    0,25    0,00    0,00    0,00    0,00
08:02:56     all   89,84    0,00    9,79    0,25    0,00    0,13    0,00    0,00    0,00    0,00
08:02:57     all   89,50    0,00   10,38    0,00    0,00    0,12    0,00    0,00    0,00    0,00
08:02:58     all   88,01    0,12   11,74    0,00    0,00    0,12    0,00    0,00    0,00    0,00
08:02:59     all   89,85    0,00    9,65    0,00    0,00    0,00    0,00    0,00    0,00    0,50
08:03:00     all   88,11    0,13   11,14    0,00    0,00    0,00    0,00    0,00    0,00    0,63
08:03:01     all   88,01    0,00   10,99    0,25    0,00    0,37    0,00    0,00    0,00    0,37
08:03:02     all   89,22    0,00    9,77    0,63    0,00    0,00    0,00    0,00    0,00    0,38
08:03:03     all   89,65    0,12    9,85    0,00    0,00    0,12    0,00    0,00    0,00    0,25
08:03:04     all   88,90    0,00   10,72    0,12    0,00    0,25    0,00    0,00    0,00    0,00
08:03:05     all   89,81    0,00   10,19    0,00    0,00    0,00    0,00    0,00    0,00    0,00
08:03:06     all   89,66    0,12    9,96    0,00    0,00    0,25    0,00    0,00    0,00    0,00
08:03:07     all   88,88    0,00   10,62    0,00    0,00    0,25    0,00    0,00    0,00    0,25
08:03:08     all   88,00    0,00   11,88    0,00    0,00    0,12    0,00    0,00    0,00    0,00
08:03:09     all   89,36    0,00   10,51    0,00    0,00    0,13    0,00    0,00    0,00    0,00
08:03:10     all   87,34    0,00   12,41    0,00    0,00    0,25    0,00    0,00    0,00    0,00
08:03:11     all   89,74    0,13   10,01    0,13    0,00    0,00    0,00    0,00    0,00    0,00
08:03:12     all   90,38    0,00    9,50    0,00    0,00    0,00    0,00    0,00    0,00    0,12
08:03:13     all   88,64    0,12   10,99    0,00    0,00    0,25    0,00    0,00    0,00    0,00
08:03:14     all   89,64    0,00   10,11    0,00    0,00    0,25    0,00    0,00    0,00    0,00
08:03:15     all   89,01    0,00   10,74    0,00    0,00    0,12    0,00    0,00    0,00    0,12
08:03:16     all   90,35    0,00    9,52    0,00    0,00    0,00    0,00    0,00    0,00    0,13
08:03:17     all   89,84    0,00    9,91    0,00    0,00    0,13    0,00    0,00    0,00    0,13
08:03:18     all   88,15    0,12   11,47    0,00    0,00    0,00    0,00    0,00    0,00    0,25
08:03:19     all   88,94    0,00   10,80    0,00    0,00    0,25    0,00    0,00    0,00    0,00
08:03:20     all   89,11    0,12   10,27    0,12    0,00    0,37    0,00    0,00    0,00    0,00
08:03:21     all   87,97    0,00   11,90    0,00    0,00    0,13    0,00    0,00    0,00    0,00
08:03:22     all   89,22    0,13   10,40    0,00    0,00    0,25    0,00    0,00    0,00    0,00
08:03:23     all   89,55    0,12   10,20    0,00    0,00    0,12    0,00    0,00    0,00    0,00
08:03:24     all   89,59    0,00   10,41    0,00    0,00    0,00    0,00    0,00    0,00    0,00
08:03:25     all   88,97    0,00   10,90    0,00    0,00    0,00    0,00    0,00    0,00    0,13
08:03:26     all   88,03    0,12   11,47    0,00    0,00    0,37    0,00    0,00    0,00    0,00
08:03:27     all   89,10    0,00   10,78    0,00    0,00    0,00    0,00    0,00    0,00    0,13
08:03:28     all   87,50    0,12   12,12    0,00    0,00    0,00    0,00    0,00    0,00    0,25
08:03:29     all   83,77    0,00   11,49    4,12    0,00    0,37    0,00    0,00    0,00    0,25
08:03:30     all   89,78    0,12    9,85    0,00    0,00    0,25    0,00    0,00    0,00    0,00
08:03:31     all   90,75    0,12    8,88    0,00    0,00    0,12    0,00    0,00    0,00    0,12
08:03:32     all   89,50    0,00   10,25    0,00    0,00    0,25    0,00    0,00    0,00    0,00
08:03:33     all   89,75    0,00   10,00    0,00    0,00    0,12    0,00    0,00    0,00    0,12
08:03:34     all   90,84    0,00    9,03    0,00    0,00    0,13    0,00    0,00    0,00    0,00
08:03:35     all   88,64    0,00   11,36    0,00    0,00    0,00    0,00    0,00    0,00    0,00
08:03:36     all   88,76    0,00   10,86    0,00    0,00    0,25    0,00    0,00    0,00    0,12
08:03:37     all   89,50    0,00   10,25    0,12    0,00    0,00    0,00    0,00    0,00    0,12
08:03:38     all   89,00    0,00   10,75    0,12    0,00    0,12    0,00    0,00    0,00    0,00
08:03:39     all   89,72    0,25    9,77    0,00    0,00    0,25    0,00    0,00    0,00    0,00
08:03:40     all   88,45    0,00   11,30    0,12    0,00    0,12    0,00    0,00    0,00    0,00
08:03:41     all   89,82    0,00   10,05    0,00    0,00    0,13    0,00    0,00    0,00    0,00
08:03:42     all   89,15    0,12   10,60    0,00    0,00    0,12    0,00    0,00    0,00    0,00
08:03:43     all   90,23    0,00    9,65    0,00    0,00    0,00    0,00    0,00    0,00    0,13
08:03:44     all   88,53    0,00   11,10    0,00    0,00    0,37    0,00    0,00    0,00    0,00
08:03:45     all   89,61    0,00   10,26    0,00    0,00    0,13    0,00    0,00    0,00    0,00
08:03:46     all   89,79    0,12    9,96    0,00    0,00    0,12    0,00    0,00    0,00    0,00
08:03:47     all   87,86    0,00   11,76    0,00    0,00    0,25    0,00    0,00    0,00    0,13
08:03:48     all   88,99    0,00   10,89    0,00    0,00    0,13    0,00    0,00    0,00    0,00
08:03:49     all   89,59    0,00   10,29    0,00    0,00    0,00    0,00    0,00    0,00    0,13
08:03:50     all   89,89    0,00    9,74    0,00    0,00    0,25    0,00    0,00    0,00    0,12
08:03:51     all   87,48    0,13   12,27    0,00    0,00    0,13    0,00    0,00    0,00    0,00
08:03:52     all   87,64    0,00   12,36    0,00    0,00    0,00    0,00    0,00    0,00    0,00
08:03:53     all   89,21    0,00   10,66    0,00    0,00    0,00    0,00    0,00    0,00    0,13
08:03:54     all   87,80    0,00    8,97    2,99    0,00    0,12    0,00    0,00    0,00    0,12
08:03:55     all   88,72    0,00   11,15    0,00    0,00    0,13    0,00    0,00    0,00    0,00
08:03:56     all   90,73    0,00    8,77    0,00    0,00    0,38    0,00    0,00    0,00    0,13
08:03:57     all   88,39    0,25   10,61    0,50    0,00    0,00    0,00    0,00    0,00    0,25
08:03:58     all   90,39    0,00    9,49    0,00    0,00    0,12    0,00    0,00    0,00    0,00
08:03:59     all   88,51    0,12   11,24    0,00    0,00    0,12    0,00    0,00    0,00    0,00
08:04:00     all   88,74    0,00   10,39    0,50    0,00    0,13    0,00    0,00    0,00    0,25
08:04:01     all   88,86    0,00   11,14    0,00    0,00    0,00    0,00    0,00    0,00    0,00
08:04:02     all   90,11    0,00    9,76    0,00    0,00    0,13    0,00    0,00    0,00    0,00
08:04:03     all   90,11    0,00    9,89    0,00    0,00    0,00    0,00    0,00    0,00    0,00
08:04:04     all   89,44    0,00   10,06    0,00    0,00    0,37    0,00    0,00    0,00    0,12
08:04:05     all   86,93    0,00   12,44    0,00    0,00    0,50    0,00    0,00    0,00    0,13
08:04:06     all   88,74    0,13   11,01    0,00    0,00    0,00    0,00    0,00    0,00    0,13
08:04:07     all   90,62    0,00    9,38    0,00    0,00    0,00    0,00    0,00    0,00    0,00
08:04:08     all   89,43    0,12   10,07    0,00    0,00    0,25    0,00    0,00    0,00    0,12
08:04:09     all   90,39    0,12    9,24    0,00    0,00    0,12    0,00    0,00    0,00    0,12
08:04:10     all   88,07    0,00   11,93    0,00    0,00    0,00    0,00    0,00    0,00    0,00
08:04:11     all   89,40    0,12   10,10    0,00    0,00    0,25    0,00    0,00    0,00    0,12
08:04:12     all   89,34    0,00   10,41    0,00    0,00    0,25    0,00    0,00    0,00    0,00
08:04:13     all   88,17    0,00   11,58    0,00    0,00    0,25    0,00    0,00    0,00    0,00
08:04:14     all   87,36    0,13   12,39    0,00    0,00    0,00    0,00    0,00    0,00    0,13
08:04:15     all   89,36    0,00   10,26    0,00    0,00    0,13    0,00    0,00    0,00    0,25
08:04:16     all   90,26    0,00    9,61    0,00    0,00    0,12    0,00    0,00    0,00    0,00
08:04:17     all   89,90    0,12    9,35    0,25    0,00    0,37    0,00    0,00    0,00    0,00
08:04:18     all   89,72    0,00   10,15    0,00    0,00    0,00    0,00    0,00    0,00    0,13
08:04:19     all   90,46    0,00    9,54    0,00    0,00    0,00    0,00    0,00    0,00    0,00
08:04:20     all   89,12    0,00   10,62    0,00    0,00    0,25    0,00    0,00    0,00    0,00
08:04:21     all   89,25    0,00   10,25    0,00    0,00    0,12    0,00    0,00    0,00    0,38
08:04:22     all   89,82    0,00   10,05    0,13    0,00    0,00    0,00    0,00    0,00    0,00
08:04:23     all   89,78    0,12    9,85    0,00    0,00    0,25    0,00    0,00    0,00    0,00
08:04:24     all   90,27    0,00    9,48    0,00    0,00    0,25    0,00    0,00    0,00    0,00
08:04:25     all   90,26    0,00    9,61    0,00    0,00    0,12    0,00    0,00    0,00    0,00
08:04:26     all   88,88    0,12   10,88    0,12    0,00    0,00    0,00    0,00    0,00    0,00
08:04:27     all   89,15    0,00   10,47    0,00    0,00    0,25    0,00    0,00    0,00    0,12
08:04:28     all   89,97    0,00    9,90    0,00    0,00    0,13    0,00    0,00    0,00    0,00
08:04:29     all   89,61    0,00   10,01    0,00    0,00    0,13    0,00    0,00    0,00    0,25
08:04:30     all   88,85    0,13   11,03    0,00    0,00    0,00    0,00    0,00    0,00    0,00
08:04:31     all   90,14    0,00    9,86    0,00    0,00    0,00    0,00    0,00    0,00    0,00
08:04:32     all   89,26    0,12   10,36    0,00    0,00    0,00    0,00    0,00    0,00    0,25
08:04:33     all   90,65    0,00    9,10    0,00    0,00    0,25    0,00    0,00    0,00    0,00
08:04:34     all   89,60    0,13   10,03    0,00    0,00    0,13    0,00    0,00    0,00    0,13
08:04:35     all   88,50    0,00   11,25    0,00    0,00    0,25    0,00    0,00    0,00    0,00
08:04:36     all   89,74    0,13    9,76    0,00    0,00    0,13    0,00    0,00    0,00    0,25
08:04:37     all   90,74    0,00    8,89    0,13    0,00    0,00    0,00    0,00    0,00    0,25
08:04:38     all   88,22    0,00   11,78    0,00    0,00    0,00    0,00    0,00    0,00    0,00
08:04:39     all   88,26    0,12   11,36    0,00    0,00    0,25    0,00    0,00    0,00    0,00
08:04:40     all   87,73    0,00   12,27    0,00    0,00    0,00    0,00    0,00    0,00    0,00
08:04:41     all   89,90    0,00    9,85    0,00    0,00    0,25    0,00    0,00    0,00    0,00
08:04:42     all   89,85    0,00    9,77    0,00    0,00    0,38    0,00    0,00    0,00    0,00
08:04:43     all   88,56    0,12   10,82    0,00    0,00    0,25    0,00    0,00    0,00    0,25
08:04:44     all   89,50    0,25   10,25    0,00    0,00    0,00    0,00    0,00    0,00    0,00
08:04:45     all   89,70    0,00    8,67    1,38    0,00    0,00    0,00    0,00    0,00    0,25
08:04:46     all   88,75    0,00   10,88    0,00    0,00    0,12    0,00    0,00    0,00    0,25
08:04:47     all   89,60    0,00   10,40    0,00    0,00    0,00    0,00    0,00    0,00    0,00
08:04:48     all   89,80    0,00    9,95    0,00    0,00    0,25    0,00    0,00    0,00    0,00
08:04:49     all   90,58    0,00    9,30    0,00    0,00    0,13    0,00    0,00    0,00    0,00
08:04:50     all   88,25    0,12   11,62    0,00    0,00    0,00    0,00    0,00    0,00    0,00
08:04:51     all   89,24    0,00   10,39    0,00    0,00    0,13    0,00    0,00    0,00    0,25
08:04:52     all   89,15    0,12   10,47    0,00    0,00    0,12    0,00    0,00    0,00    0,12
08:04:53     all   90,16    0,00    9,59    0,00    0,00    0,25    0,00    0,00    0,00    0,00
08:04:54     all   88,74    0,00   11,01    0,00    0,00    0,25    0,00    0,00    0,00    0,00
08:04:55     all   89,74    0,13    9,89    0,13    0,00    0,00    0,00    0,00    0,00    0,13
08:04:56     all   89,90    0,00    9,98    0,00    0,00    0,12    0,00    0,00    0,00    0,00
08:04:57     all   88,97    0,13   10,78    0,00    0,00    0,13    0,00    0,00    0,00    0,00
08:04:58     all   89,74    0,00   10,14    0,00    0,00    0,13    0,00    0,00    0,00    0,00
08:04:59     all   89,59    0,00   10,29    0,00    0,00    0,13    0,00    0,00    0,00    0,00
08:05:00     all   89,40    0,00   10,47    0,00    0,00    0,00    0,00    0,00    0,00    0,12
08:05:01     all   88,00    0,00   11,75    0,00    0,00    0,12    0,00    0,00    0,00    0,12
08:05:02     all   89,85    0,00    9,65    0,00    0,00    0,25    0,00    0,00    0,00    0,25
08:05:03     all   88,39    0,00   11,61    0,00    0,00    0,00    0,00    0,00    0,00    0,00
08:05:04     all   87,39    0,12   11,86    0,12    0,00    0,25    0,00    0,00    0,00    0,25
08:05:05     all   88,72    0,13   10,90    0,13    0,00    0,13    0,00    0,00    0,00    0,00
08:05:06     all   89,14    0,12   10,74    0,00    0,00    0,00    0,00    0,00    0,00    0,00
08:05:07     all   90,54    0,00    8,97    0,00    0,00    0,50    0,00    0,00    0,00    0,00
08:05:08     all   89,71    0,00   10,04    0,00    0,00    0,25    0,00    0,00    0,00    0,00
08:05:09     all   90,61    0,00    9,39    0,00    0,00    0,00    0,00    0,00    0,00    0,00
08:05:10     all   89,86    0,00   10,14    0,00    0,00    0,00    0,00    0,00    0,00    0,00
08:05:11     all   88,90    0,12   10,97    0,00    0,00    0,00    0,00    0,00    0,00    0,00
08:05:12     all   88,35    0,00   11,40    0,00    0,00    0,25    0,00    0,00    0,00    0,00
08:05:13     all   89,49    0,00   10,14    0,00    0,00    0,13    0,00    0,00    0,00    0,25
08:05:14     all   90,12    0,00    9,88    0,00    0,00    0,00    0,00    0,00    0,00    0,00
08:05:15     all   88,53    0,12   10,97    0,12    0,00    0,25    0,00    0,00    0,00    0,00
08:05:16     all   87,97    0,00   11,90    0,00    0,00    0,13    0,00    0,00    0,00    0,00
08:05:17     all   90,11    0,00    9,64    0,00    0,00    0,25    0,00    0,00    0,00    0,00
08:05:18     all   90,02    0,00    9,73    0,00    0,00    0,25    0,00    0,00    0,00    0,00
08:05:19     all   91,49    0,13    8,39    0,00    0,00    0,00    0,00    0,00    0,00    0,00
08:05:20     all   89,17    0,00   10,71    0,00    0,00    0,12    0,00    0,00    0,00    0,00
08:05:21     all   92,07    0,00    7,93    0,00    0,00    0,00    0,00    0,00    0,00    0,00
08:05:22     all   89,65    0,00    9,98    0,12    0,00    0,12    0,00    0,00    0,00    0,12
08:05:23     all   88,92    0,12   10,59    0,00    0,00    0,12    0,00    0,00    0,00    0,25
08:05:24     all   90,73    0,00    9,15    0,00    0,00    0,00    0,00    0,00    0,00    0,13
08:05:25     all   90,00    0,00    9,88    0,00    0,00    0,12    0,00    0,00    0,00    0,00
08:05:26     all   88,40    0,12   10,85    0,00    0,00    0,37    0,00    0,00    0,00    0,25
08:05:27     all   89,00    0,00   10,88    0,00    0,00    0,00    0,00    0,00    0,00    0,12
08:05:28     all   88,57    0,00   11,31    0,00    0,00    0,00    0,00    0,00    0,00    0,13
08:05:29     all   89,38    0,00   10,38    0,00    0,00    0,25    0,00    0,00    0,00    0,00
08:05:30     all   89,29    0,12   10,34    0,00    0,00    0,12    0,00    0,00    0,00    0,12
08:05:31     all   88,08    0,00   11,79    0,00    0,00    0,13    0,00    0,00    0,00    0,00
08:05:32     all   88,88    0,00   10,88    0,00    0,00    0,12    0,00    0,00    0,00    0,12
08:05:33     all   89,17    0,12   10,09    0,12    0,00    0,37    0,00    0,00    0,00    0,12
08:05:34     all   90,23    0,00    9,52    0,00    0,00    0,13    0,00    0,00    0,00    0,13
08:05:35     all   88,54    0,25   10,96    0,00    0,00    0,25    0,00    0,00    0,00    0,00
08:05:36     all   90,36    0,00    9,64    0,00    0,00    0,00    0,00    0,00    0,00    0,00
08:05:37     all   88,83    0,00   11,04    0,00    0,00    0,00    0,00    0,00    0,00    0,13
08:05:38     all   90,16    0,12    9,46    0,00    0,00    0,25    0,00    0,00    0,00    0,00
08:05:39     all   89,71    0,00   10,16    0,00    0,00    0,00    0,00    0,00    0,00    0,13
08:05:40     all   88,17    0,12   11,46    0,00    0,00    0,25    0,00    0,00    0,00    0,00
08:05:41     all   88,00    0,00   11,50    0,00    0,00    0,25    0,00    0,00    0,00    0,25
08:05:42     all   89,22    0,00   10,53    0,00    0,00    0,13    0,00    0,00    0,00    0,13
08:05:43     all   87,30    0,00   12,33    0,12    0,00    0,12    0,00    0,00    0,00    0,12
08:05:44     all   88,99    0,00   10,76    0,25    0,00    0,00    0,00    0,00    0,00    0,00
08:05:45     all   86,80    0,12   12,45    0,12    0,00    0,37    0,00    0,00    0,00    0,12
08:05:46     all   89,10    0,00   10,90    0,00    0,00    0,00    0,00    0,00    0,00    0,00
08:05:47     all   88,58    0,00   11,29    0,00    0,00    0,00    0,00    0,00    0,00    0,13
08:05:48     all   85,62    0,00   12,00    2,25    0,00    0,00    0,00    0,00    0,00    0,12
08:05:49     all   88,58    0,13   11,04    0,13    0,00    0,13    0,00    0,00    0,00    0,00
08:05:50     all   87,03    0,00   12,47    0,12    0,00    0,12    0,00    0,00    0,00    0,25
08:05:51     all   89,25    0,00   10,50    0,12    0,00    0,12    0,00    0,00    0,00    0,00
08:05:52     all   89,99    0,00    9,76    0,00    0,00    0,25    0,00    0,00    0,00    0,00
08:05:53     all   89,18    0,12   10,32    0,00    0,00    0,25    0,00    0,00    0,00    0,12
08:05:54     all   88,74    0,13   11,14    0,00    0,00    0,00    0,00    0,00    0,00    0,00
08:05:55     all   91,24    0,00    8,64    0,00    0,00    0,13    0,00    0,00    0,00    0,00
08:05:56     all   89,71    0,00   10,16    0,00    0,00    0,13    0,00    0,00    0,00    0,00
08:05:57     all   88,78    0,12   10,97    0,00    0,00    0,12    0,00    0,00    0,00    0,00
08:05:58     all   88,75    0,00   10,88    0,00    0,00    0,12    0,00    0,00    0,00    0,25
08:05:59     all   78,43    0,00    7,73   11,97    0,00    0,12    0,00    0,00    0,00    1,75
08:06:00     all   85,18    0,00    9,17    5,15    0,00    0,00    0,00    0,00    0,00    0,50
08:06:01     all   90,52    0,00    9,23    0,00    0,00    0,25    0,00    0,00    0,00    0,00
08:06:02     all   89,72    0,00   10,15    0,00    0,00    0,13    0,00    0,00    0,00    0,00
08:06:03     all   88,75    0,12   11,00    0,00    0,00    0,00    0,00    0,00    0,00    0,12
08:06:04     all   89,65    0,00    9,98    0,00    0,00    0,37    0,00    0,00    0,00    0,00
08:06:05     all   90,11    0,13    9,51    0,00    0,00    0,13    0,00    0,00    0,00    0,13
08:06:06     all   89,38    0,00   10,62    0,00    0,00    0,00    0,00    0,00    0,00    0,00
08:06:07     all   89,38    0,00   10,50    0,00    0,00    0,00    0,00    0,00    0,00    0,12
08:06:08     all   89,99    0,00    9,64    0,00    0,00    0,38    0,00    0,00    0,00    0,00
08:06:09     all   90,39    0,00    9,24    0,12    0,00    0,12    0,00    0,00    0,00    0,12
08:06:10     all   89,34    0,13   10,16    0,00    0,00    0,13    0,00    0,00    0,00    0,25
08:06:11     all   89,24    0,00   10,76    0,00    0,00    0,00    0,00    0,00    0,00    0,00
08:06:12     all   89,79    0,12    9,71    0,00    0,00    0,25    0,00    0,00    0,00    0,12
08:06:13     all   90,73    0,00    9,27    0,00    0,00    0,00    0,00    0,00    0,00    0,00
08:06:14     all   87,75    0,00   11,88    0,00    0,00    0,12    0,00    0,00    0,00    0,25
08:06:15     all   89,24    0,00   10,39    0,00    0,00    0,25    0,00    0,00    0,00    0,13
08:06:16     all   90,49    0,13    9,39    0,00    0,00    0,00    0,00    0,00    0,00    0,00
08:06:17     all   88,76    0,00   10,74    0,12    0,00    0,37    0,00    0,00    0,00    0,00
08:06:18     all   89,22    0,00   10,65    0,13    0,00    0,00    0,00    0,00    0,00    0,00
08:06:19     all   89,89    0,00    9,86    0,00    0,00    0,25    0,00    0,00    0,00    0,00
08:06:20     all   90,01    0,12    9,61    0,00    0,00    0,12    0,00    0,00    0,00    0,12
08:06:21     all   88,99    0,13   10,64    0,00    0,00    0,00    0,00    0,00    0,00    0,25
08:06:22     all   88,74    0,00   11,01    0,00    0,00    0,00    0,00    0,00    0,00    0,25
08:06:23     all   89,12    0,00   10,62    0,00    0,00    0,25    0,00    0,00    0,00    0,00
08:06:24     all   89,40    0,12   10,22    0,00    0,00    0,25    0,00    0,00    0,00    0,00
08:06:25     all   87,38    0,12   12,25    0,00    0,00    0,25    0,00    0,00    0,00    0,00
08:06:26     all   91,18    0,00    8,45    0,00    0,00    0,25    0,00    0,00    0,00    0,12
08:06:27     all   88,57    0,00   11,43    0,00    0,00    0,00    0,00    0,00    0,00    0,00
08:06:28     all   87,86    0,00   12,14    0,00    0,00    0,00    0,00    0,00    0,00    0,00
08:06:29     all   89,24    0,13   10,51    0,00    0,00    0,13    0,00    0,00    0,00    0,00
08:06:30     all   89,91    0,25    9,59    0,00    0,00    0,25    0,00    0,00    0,00    0,00
08:06:31     all   88,47    0,00   11,53    0,00    0,00    0,00    0,00    0,00    0,00    0,00
08:06:32     all   89,08    0,13   10,54    0,00    0,00    0,13    0,00    0,00    0,00    0,13
08:06:33     all   89,28    0,00   10,47    0,00    0,00    0,12    0,00    0,00    0,00    0,12
08:06:34     all   89,76    0,00    9,86    0,12    0,00    0,25    0,00    0,00    0,00    0,00
08:06:35     all   90,89    0,12    8,99    0,00    0,00    0,00    0,00    0,00    0,00    0,00
08:06:36     all   89,35    0,00   10,28    0,00    0,00    0,13    0,00    0,00    0,00    0,25
08:06:37     all   88,28    0,00   11,22    0,00    0,00    0,25    0,00    0,00    0,00    0,25
08:06:38     all   88,75    0,00   11,12    0,00    0,00    0,12    0,00    0,00    0,00    0,00
08:06:39     all   90,74    0,00    9,01    0,13    0,00    0,00    0,00    0,00    0,00    0,13
08:06:40     all   90,39    0,12    9,49    0,00    0,00    0,00    0,00    0,00    0,00    0,00
08:06:41     all   88,28    0,00   11,35    0,00    0,00    0,25    0,00    0,00    0,00    0,12
08:06:42     all   88,97    0,00   10,78    0,00    0,00    0,13    0,00    0,00    0,00    0,13
08:06:43     all   89,46    0,00   10,54    0,00    0,00    0,00    0,00    0,00    0,00    0,00
08:06:44     all   87,28    0,12   12,47    0,00    0,00    0,12    0,00    0,00    0,00    0,00
08:06:45     all   89,00    0,00   10,88    0,00    0,00    0,12    0,00    0,00    0,00    0,00
08:06:46     all   87,72    0,13   12,03    0,00    0,00    0,00    0,00    0,00    0,00    0,13
08:06:47     all   89,38    0,00   10,25    0,00    0,00    0,38    0,00    0,00    0,00    0,00
08:06:48     all   89,90    0,00    9,85    0,00    0,00    0,25    0,00    0,00    0,00    0,00
08:06:49     all   90,97    0,00    9,03    0,00    0,00    0,00    0,00    0,00    0,00    0,00
08:06:50     all   88,90    0,12   10,60    0,00    0,00    0,25    0,00    0,00    0,00    0,12
08:06:51     all   90,60    0,00    9,27    0,00    0,00    0,00    0,00    0,00    0,00    0,13
08:06:52     all   89,14    0,00   10,49    0,00    0,00    0,12    0,00    0,00    0,00    0,25
08:06:53     all   88,97    0,13   10,40    0,13    0,00    0,13    0,00    0,00    0,00    0,25
08:06:54     all   90,30    0,00    9,33    0,12    0,00    0,12    0,00    0,00    0,00    0,12
08:06:55     all   88,24    0,00   11,51    0,00    0,00    0,25    0,00    0,00    0,00    0,00
08:06:56     all   90,84    0,00    9,03    0,00    0,00    0,13    0,00    0,00    0,00    0,00
08:06:57     all   89,65    0,00   10,10    0,00    0,00    0,25    0,00    0,00    0,00    0,00
08:06:58     all   89,97    0,00    9,90    0,00    0,00    0,13    0,00    0,00    0,00    0,00
08:06:59     all   90,39    0,00    9,24    0,00    0,00    0,12    0,00    0,00    0,00    0,25
08:07:00     all   89,25    0,12   10,62    0,00    0,00    0,00    0,00    0,00    0,00    0,00
08:07:01     all   88,38    0,00   11,38    0,00    0,00    0,00    0,00    0,00    0,00    0,25
08:07:02     all   89,26    0,12   10,24    0,00    0,00    0,12    0,00    0,00    0,00    0,25
08:07:03     all   89,28    0,12   10,35    0,00    0,00    0,25    0,00    0,00    0,00    0,00
08:07:04     all   88,58    0,00   10,92    0,00    0,00    0,38    0,00    0,00    0,00    0,13
08:07:05     all   89,50    0,00   10,38    0,00    0,00    0,12    0,00    0,00    0,00    0,00
08:07:06     all   90,00    0,12    9,75    0,00    0,00    0,12    0,00    0,00    0,00    0,00
08:07:07     all   89,40    0,00   10,47    0,00    0,00    0,12    0,00    0,00    0,00    0,00
08:07:08     all   87,70    0,00   12,05    0,00    0,00    0,12    0,00    0,00    0,00    0,12
08:07:09     all   90,01    0,00    9,86    0,00    0,00    0,12    0,00    0,00    0,00    0,00
08:07:10     all   89,74    0,13   10,01    0,00    0,00    0,13    0,00    0,00    0,00    0,00
08:07:11     all   89,75    0,00   10,12    0,00    0,00    0,00    0,00    0,00    0,00    0,12
08:07:12     all   88,26    0,12   11,24    0,00    0,00    0,12    0,00    0,00    0,00    0,25
08:07:13     all   89,36    0,00   10,39    0,13    0,00    0,13    0,00    0,00    0,00    0,00
08:07:14     all   89,39    0,00   10,24    0,12    0,00    0,25    0,00    0,00    0,00    0,00
08:07:15     all   90,24    0,00    9,39    0,00    0,00    0,25    0,00    0,00    0,00    0,13
08:07:16     all   89,39    0,12   10,49    0,00    0,00    0,00    0,00    0,00    0,00    0,00
08:07:17     all   88,46    0,00   11,04    0,13    0,00    0,13    0,00    0,00    0,00    0,25
08:07:18     all   88,88    0,00   10,75    0,00    0,00    0,00    0,00    0,00    0,00    0,38
08:07:19     all   90,25    0,00    9,50    0,12    0,00    0,12    0,00    0,00    0,00    0,00
08:07:20     all   88,61    0,13   11,26    0,00    0,00    0,00    0,00    0,00    0,00    0,00
08:07:21     all   90,25    0,00    9,62    0,00    0,00    0,12    0,00    0,00    0,00    0,00
08:07:22     all   88,88    0,00   11,00    0,00    0,00    0,12    0,00    0,00    0,00    0,00
08:07:23     all   88,14    0,12   11,49    0,00    0,00    0,25    0,00    0,00    0,00    0,00
08:07:24     all   89,53    0,00   10,22    0,00    0,00    0,25    0,00    0,00    0,00    0,00
08:07:25     all   88,72    0,00   10,90    0,00    0,00    0,13    0,00    0,00    0,00    0,25
08:07:26     all   90,14    0,12    9,61    0,00    0,00    0,12    0,00    0,00    0,00    0,00
08:07:27     all   88,51    0,12   11,36    0,00    0,00    0,00    0,00    0,00    0,00    0,00
08:07:28     all   88,36    0,13   11,26    0,13    0,00    0,00    0,00    0,00    0,00    0,13
08:07:29     all   90,11    0,00    9,64    0,00    0,00    0,13    0,00    0,00    0,00    0,13
08:07:30     all   88,64    0,00   11,11    0,00    0,00    0,25    0,00    0,00    0,00    0,00
08:07:31     all   89,00    0,00   10,88    0,00    0,00    0,12    0,00    0,00    0,00    0,00
08:07:32     all   89,51    0,12    9,99    0,00    0,00    0,25    0,00    0,00    0,00    0,12
08:07:33     all   88,78    0,00   11,10    0,00    0,00    0,12    0,00    0,00    0,00    0,00
08:07:34     all   89,32    0,00   10,68    0,00    0,00    0,00    0,00    0,00    0,00    0,00
08:07:35     all   87,50    0,00   12,25    0,12    0,00    0,12    0,00    0,00    0,00    0,00
08:07:36     all   89,50    0,12   10,25    0,00    0,00    0,12    0,00    0,00    0,00    0,00
08:07:37     all   90,10    0,00    9,90    0,00    0,00    0,00    0,00    0,00    0,00    0,00
08:07:38     all   89,01    0,12   10,86    0,00    0,00    0,00    0,00    0,00    0,00    0,00
08:07:39     all   74,56    0,00    9,65   15,41    0,00    0,38    0,00    0,00    0,00    0,00
08:07:40     all   90,76    0,12    8,86    0,00    0,00    0,12    0,00    0,00    0,00    0,12
08:07:41     all   89,75    0,00   10,25    0,00    0,00    0,00    0,00    0,00    0,00    0,00
08:07:42     all   89,95    0,13    9,92    0,00    0,00    0,00    0,00    0,00    0,00    0,00
08:07:43     all   90,15    0,00    9,60    0,00    0,00    0,25    0,00    0,00    0,00    0,00
08:07:44     all   89,54    0,00   10,09    0,00    0,00    0,25    0,00    0,00    0,00    0,12
08:07:45     all   88,89    0,00   10,49    0,00    0,00    0,12    0,00    0,00    0,00    0,50
08:07:46     all   89,24    0,00   10,76    0,00    0,00    0,00    0,00    0,00    0,00    0,00
08:07:47     all   89,95    0,00   10,05    0,00    0,00    0,00    0,00    0,00    0,00    0,00
08:07:48     all   89,54    0,12   10,09    0,00    0,00    0,25    0,00    0,00    0,00    0,00
08:07:49     all   89,51    0,00   10,24    0,00    0,00    0,12    0,00    0,00    0,00    0,12
08:07:50     all   90,24    0,00    9,64    0,00    0,00    0,13    0,00    0,00    0,00    0,00
08:07:51     all   90,10    0,00    9,77    0,00    0,00    0,00    0,00    0,00    0,00    0,13
08:07:52     all   88,86    0,00   11,14    0,00    0,00    0,00    0,00    0,00    0,00    0,00
08:07:53     all   87,11    0,12   11,77    0,50    0,00    0,37    0,00    0,00    0,00    0,12
08:07:54     all   91,46    0,00    8,42    0,00    0,00    0,13    0,00    0,00    0,00    0,00
08:07:55     all   90,73    0,00    9,15    0,00    0,00    0,00    0,00    0,00    0,00    0,13
08:07:56     all   89,78    0,12   10,10    0,00    0,00    0,00    0,00    0,00    0,00    0,00
08:07:57     all   89,49    0,00   10,26    0,00    0,00    0,25    0,00    0,00    0,00    0,00
08:07:58     all   88,78    0,00   10,97    0,00    0,00    0,25    0,00    0,00    0,00    0,00
08:07:59     all   89,71    0,00   10,29    0,00    0,00    0,00    0,00    0,00    0,00    0,00
08:08:00     all   88,42    0,12   10,96    0,12    0,00    0,25    0,00    0,00    0,00    0,12
08:08:01     all   89,11    0,00   10,64    0,00    0,00    0,13    0,00    0,00    0,00    0,13
08:08:02     all   88,60    0,00   11,28    0,00    0,00    0,13    0,00    0,00    0,00    0,00
08:08:03     all   87,03    0,12   12,59    0,00    0,00    0,12    0,00    0,00    0,00    0,12
08:08:04     all   89,94    0,00    9,94    0,13    0,00    0,00    0,00    0,00    0,00    0,00
08:08:05     all   90,26    0,12    9,49    0,00    0,00    0,12    0,00    0,00    0,00    0,00
08:08:06     all   89,76    0,12    9,99    0,00    0,00    0,12    0,00    0,00    0,00    0,00
08:08:07     all   89,36    0,00   10,26    0,13    0,00    0,13    0,00    0,00    0,00    0,13
08:08:08     all   87,28    0,00   12,59    0,00    0,00    0,00    0,00    0,00    0,00    0,12
08:08:09     all   84,64    0,00   15,11    0,00    0,00    0,12    0,00    0,00    0,00    0,12
08:08:10     all   88,25    0,00   11,62    0,00    0,00    0,12    0,00    0,00    0,00    0,00
08:08:11     all   90,02    0,00    9,60    0,00    0,00    0,25    0,00    0,00    0,00    0,12
08:08:12     all   90,86    0,00    9,01    0,00    0,00    0,13    0,00    0,00    0,00    0,00
08:08:13     all   89,64    0,00    9,99    0,12    0,00    0,12    0,00    0,00    0,00    0,12
08:08:14     all   90,36    0,00    9,51    0,00    0,00    0,13    0,00    0,00    0,00    0,00
08:08:15     all   91,02    0,00    8,60    0,00    0,00    0,25    0,00    0,00    0,00    0,12
08:08:16     all   90,59    0,00    9,41    0,00    0,00    0,00    0,00    0,00    0,00    0,00
08:08:17     all   89,76    0,00    9,74    0,00    0,00    0,12    0,00    0,00    0,00    0,37
08:08:18     all   90,98    0,00    9,02    0,00    0,00    0,00    0,00    0,00    0,00    0,00
08:08:19     all   88,40    0,00   11,22    0,00    0,00    0,25    0,00    0,00    0,00    0,12
08:08:20     all   88,36    0,00   11,26    0,00    0,00    0,25    0,00    0,00    0,00    0,13
08:08:21     all   89,75    0,00   10,12    0,00    0,00    0,12    0,00    0,00    0,00    0,00
08:08:22     all   90,27    0,00    8,85    0,25    0,00    0,37    0,00    0,00    0,00    0,25
08:08:23     all   89,96    0,25    9,66    0,00    0,00    0,13    0,00    0,00    0,00    0,00
08:08:24     all   90,14    0,00    9,74    0,00    0,00    0,00    0,00    0,00    0,00    0,12
08:08:25     all   90,74    0,00    9,14    0,00    0,00    0,13    0,00    0,00    0,00    0,00
08:08:26     all   89,78    0,00    9,98    0,00    0,00    0,25    0,00    0,00    0,00    0,00
08:08:27     all   91,09    0,00    8,91    0,00    0,00    0,00    0,00    0,00    0,00    0,00
08:08:28     all   88,88    0,00   10,88    0,00    0,00    0,12    0,00    0,00    0,00    0,12
08:08:29     all   90,00    0,00    9,38    0,00    0,00    0,12    0,00    0,00    0,00    0,50
08:08:30     all   89,89    0,00    9,74    0,00    0,00    0,25    0,00    0,00    0,00    0,12
08:08:31     all   91,12    0,00    8,75    0,00    0,00    0,12    0,00    0,00    0,00    0,00
08:08:32     all   90,86    0,00    9,01    0,00    0,00    0,00    0,00    0,00    0,00    0,13
08:08:33     all   90,60    0,00    9,02    0,00    0,00    0,13    0,00    0,00    0,00    0,25
08:08:34     all   90,31    0,00    9,44    0,00    0,00    0,12    0,00    0,00    0,00    0,12
08:08:35     all   90,46    0,00    9,28    0,00    0,00    0,13    0,00    0,00    0,00    0,13
08:08:36     all   90,85    0,00    8,65    0,00    0,00    0,13    0,00    0,00    0,00    0,38
08:08:37     all   90,55    0,00    9,33    0,00    0,00    0,00    0,00    0,00    0,00    0,12
08:08:38     all   91,07    0,00    8,81    0,00    0,00    0,13    0,00    0,00    0,00    0,00
08:08:39     all   90,29    0,00    9,59    0,00    0,00    0,00    0,00    0,00    0,00    0,12
08:08:40     all   91,07    0,00    8,81    0,00    0,00    0,13    0,00    0,00    0,00    0,00
08:08:41     all   90,66    0,00    8,84    0,00    0,00    0,25    0,00    0,00    0,00    0,25
08:08:42     all   90,66    0,00    9,09    0,00    0,00    0,12    0,00    0,00    0,00    0,12
08:08:43     all   90,49    0,00    9,26    0,00    0,00    0,25    0,00    0,00    0,00    0,00
08:08:44     all   90,14    0,00    9,49    0,00    0,00    0,25    0,00    0,00    0,00    0,12
08:08:45     all   90,98    0,00    8,77    0,00    0,00    0,00    0,00    0,00    0,00    0,25
08:08:46     all   90,49    0,00    9,39    0,00    0,00    0,00    0,00    0,00    0,00    0,13
08:08:47     all   91,15    0,00    8,48    0,00    0,00    0,00    0,00    0,00    0,00    0,37
08:08:48     all   89,74    0,00   10,01    0,00    0,00    0,13    0,00    0,00    0,00    0,13
08:08:49     all   91,10    0,00    8,65    0,00    0,00    0,13    0,00    0,00    0,00    0,13
08:08:50     all   90,78    0,00    8,97    0,00    0,00    0,25    0,00    0,00    0,00    0,00
08:08:51     all   91,00    0,00    8,75    0,00    0,00    0,25    0,00    0,00    0,00    0,00
08:08:52     all   90,98    0,00    9,02    0,00    0,00    0,00    0,00    0,00    0,00    0,00
08:08:53     all   90,89    0,00    8,86    0,00    0,00    0,00    0,00    0,00    0,00    0,25
08:08:54     all   89,41    0,00   10,34    0,00    0,00    0,12    0,00    0,00    0,00    0,12
08:08:55     all   91,57    0,00    8,18    0,00    0,00    0,13    0,00    0,00    0,00    0,13
08:08:56     all   91,12    0,00    8,75    0,00    0,00    0,00    0,00    0,00    0,00    0,12
08:08:57     all   90,89    0,00    9,11    0,00    0,00    0,00    0,00    0,00    0,00    0,00
08:08:58     all   90,72    0,00    9,16    0,00    0,00    0,13    0,00    0,00    0,00    0,00
08:08:59     all   91,39    0,00    8,49    0,00    0,00    0,00    0,00    0,00    0,00    0,12
08:09:00     all   89,75    0,00    9,50    0,00    0,00    0,25    0,00    0,00    0,00    0,50
08:09:01     all   89,64    0,00    9,86    0,00    0,00    0,25    0,00    0,00    0,00    0,25
08:09:02     all   91,01    0,00    8,74    0,00    0,00    0,12    0,00    0,00    0,00    0,12
08:09:03     all   89,60    0,00   10,28    0,00    0,00    0,00    0,00    0,00    0,00    0,13
08:09:04     all   90,99    0,00    9,01    0,00    0,00    0,00    0,00    0,00    0,00    0,00
08:09:05     all   90,26    0,00    9,24    0,00    0,00    0,12    0,00    0,00    0,00    0,37
08:09:06     all   90,86    0,00    9,01    0,00    0,00    0,13    0,00    0,00    0,00    0,00
08:09:07     all   91,36    0,00    8,51    0,00    0,00    0,13    0,00    0,00    0,00    0,00
08:09:08     all   91,49    0,00    8,39    0,00    0,00    0,00    0,00    0,00    0,00    0,13
08:09:09     all   90,88    0,00    8,88    0,00    0,00    0,12    0,00    0,00    0,00    0,12
08:09:10     all   90,65    0,00    8,85    0,00    0,00    0,25    0,00    0,00    0,00    0,25
08:09:11     all   90,25    0,00    9,50    0,00    0,00    0,25    0,00    0,00    0,00    0,00
08:09:12     all   90,74    0,00    9,14    0,00    0,00    0,00    0,00    0,00    0,00    0,13
08:09:13     all   90,86    0,00    8,89    0,00    0,00    0,13    0,00    0,00    0,00    0,13
08:09:14     all   90,40    0,00    9,48    0,00    0,00    0,12    0,00    0,00    0,00    0,00
08:09:15     all   90,50    0,00    9,38    0,00    0,00    0,12    0,00    0,00    0,00    0,00
08:09:16     all   90,88    0,00    8,88    0,00    0,00    0,00    0,00    0,00    0,00    0,25
08:09:17     all   91,99    0,00    8,01    0,00    0,00    0,00    0,00    0,00    0,00    0,00
08:09:18     all   90,11    0,00    9,51    0,00    0,00    0,25    0,00    0,00    0,00    0,13
08:09:19     all   90,39    0,00    9,49    0,00    0,00    0,12    0,00    0,00    0,00    0,00
08:09:20     all   90,76    0,00    9,11    0,00    0,00    0,12    0,00    0,00    0,00    0,00
08:09:21     all   89,46    0,00   10,54    0,00    0,00    0,00    0,00    0,00    0,00    0,00
08:09:22     all   90,14    0,00    9,36    0,00    0,00    0,12    0,00    0,00    0,00    0,37
08:09:23     all   89,54    0,00   10,21    0,00    0,00    0,12    0,00    0,00    0,00    0,12
08:09:24     all   91,25    0,00    8,50    0,00    0,00    0,25    0,00    0,00    0,00    0,00
08:09:25     all   91,24    0,00    8,51    0,00    0,00    0,13    0,00    0,00    0,00    0,13
08:09:26     all   91,49    0,00    8,01    0,00    0,00    0,25    0,00    0,00    0,00    0,25
08:09:27     all   90,30    0,00    9,45    0,00    0,00    0,00    0,00    0,00    0,00    0,25
08:09:28     all   89,01    0,00   10,86    0,00    0,00    0,12    0,00    0,00    0,00    0,00
08:09:29     all   90,69    0,00    9,31    0,00    0,00    0,00    0,00    0,00    0,00    0,00
08:09:30     all   91,36    0,00    8,39    0,00    0,00    0,13    0,00    0,00    0,00    0,13
08:09:31     all   90,49    0,00    9,39    0,00    0,00    0,00    0,00    0,00    0,00    0,13
08:09:32     all   91,14    0,00    8,61    0,00    0,00    0,25    0,00    0,00    0,00    0,00
08:09:33     all   91,00    0,00    9,00    0,00    0,00    0,00    0,00    0,00    0,00    0,00
08:09:34     all   90,88    0,00    9,00    0,00    0,00    0,00    0,00    0,00    0,00    0,12
08:09:35     all   90,60    0,00    9,02    0,00    0,00    0,25    0,00    0,00    0,00    0,13
08:09:36     all   90,99    0,00    9,01    0,00    0,00    0,00    0,00    0,00    0,00    0,00
08:09:37     all   90,00    0,00    9,75    0,00    0,00    0,12    0,00    0,00    0,00    0,12
08:09:38     all   90,67    0,00    8,83    0,00    0,00    0,25    0,00    0,00    0,00    0,25
08:09:39     all   89,00    0,12   10,50    0,12    0,00    0,12    0,00    0,00    0,00    0,12
08:09:40     all   90,49    0,00    9,51    0,00    0,00    0,00    0,00    0,00    0,00    0,00
08:09:41     all   90,88    0,00    9,00    0,00    0,00    0,12    0,00    0,00    0,00    0,00
08:09:42     all   91,09    0,00    8,78    0,00    0,00    0,00    0,00    0,00    0,00    0,13
08:09:43     all   90,40    0,00    9,48    0,00    0,00    0,12    0,00    0,00    0,00    0,00
08:09:44     all   91,35    0,00    8,27    0,00    0,00    0,00    0,00    0,00    0,00    0,38
08:09:45     all   89,24    0,13   10,39    0,00    0,00    0,25    0,00    0,00    0,00    0,00
08:09:46     all   90,01    0,00    9,74    0,00    0,00    0,12    0,00    0,00    0,00    0,12
08:09:47     all   91,15    0,00    8,73    0,00    0,00    0,00    0,00    0,00    0,00    0,12
08:09:48     all   90,35    0,00    9,40    0,00    0,00    0,13    0,00    0,00    0,00    0,13
08:09:49     all   91,47    0,00    8,41    0,00    0,00    0,00    0,00    0,00    0,00    0,13
08:09:50     all   90,76    0,00    8,86    0,00    0,00    0,25    0,00    0,00    0,00    0,12
08:09:51     all   90,62    0,00    9,12    0,00    0,00    0,25    0,00    0,00    0,00    0,00
08:09:52     all   90,51    0,00    9,24    0,00    0,00    0,00    0,00    0,00    0,00    0,25
08:09:53     all   90,74    0,00    8,51    0,00    0,00    0,00    0,00    0,00    0,00    0,75
08:09:54     all   91,50    0,00    8,38    0,00    0,00    0,00    0,00    0,00    0,00    0,12
08:09:55     all   89,61    0,13    9,89    0,00    0,00    0,25    0,00    0,00    0,00    0,13
08:09:56     all   90,04    0,00    9,59    0,00    0,00    0,12    0,00    0,00    0,00    0,25
08:09:57     all   90,64    0,00    8,99    0,00    0,00    0,25    0,00    0,00    0,00    0,12
08:09:58     all   90,46    0,00    9,28    0,00    0,00    0,13    0,00    0,00    0,00    0,13
08:09:59     all   90,14    0,00    9,74    0,00    0,00    0,12    0,00    0,00    0,00    0,00
08:10:00     all   90,98    0,00    8,90    0,00    0,00    0,00    0,00    0,00    0,00    0,13
08:10:01     all   90,86    0,00    8,64    0,00    0,00    0,00    0,00    0,00    0,00    0,50
08:10:02     all   90,54    0,00    8,97    0,00    0,00    0,12    0,00    0,00    0,00    0,37
08:10:03     all   88,86    0,00   11,01    0,00    0,00    0,13    0,00    0,00    0,00    0,00
08:10:04     all   88,72    0,00   10,90    0,00    0,00    0,25    0,00    0,00    0,00    0,13
08:10:05     all   91,14    0,00    8,61    0,00    0,00    0,12    0,00    0,00    0,00    0,12
08:10:06     all   91,15    0,00    8,48    0,00    0,00    0,12    0,00    0,00    0,00    0,25
08:10:07     all   91,32    0,00    8,68    0,00    0,00    0,00    0,00    0,00    0,00    0,00
08:10:08     all   89,89    0,00    9,86    0,00    0,00    0,00    0,00    0,00    0,00    0,25
08:10:09     all   91,14    0,00    8,61    0,00    0,00    0,12    0,00    0,00    0,00    0,12
08:10:10     all   90,86    0,00    8,64    0,13    0,00    0,13    0,00    0,00    0,00    0,25
08:10:11     all   90,86    0,00    8,51    0,13    0,00    0,00    0,00    0,00    0,00    0,50
08:10:12     all   90,64    0,00    9,11    0,00    0,00    0,00    0,00    0,00    0,00    0,25
08:10:13     all   90,99    0,00    8,51    0,00    0,00    0,38    0,00    0,00    0,00    0,13
08:10:14     all   90,14    0,00    9,74    0,00    0,00    0,00    0,00    0,00    0,00    0,12
08:10:15     all   90,62    0,00    9,25    0,00    0,00    0,12    0,00    0,00    0,00    0,00
08:10:16     all   90,58    0,00    9,30    0,00    0,00    0,13    0,00    0,00    0,00    0,00
08:10:17     all   88,79    0,00   10,21    0,12    0,00    0,50    0,00    0,00    0,00    0,37
08:10:18     all   90,51    0,00    8,74    0,00    0,00    0,25    0,00    0,00    0,00    0,50
08:10:19     all   91,24    0,00    8,64    0,00    0,00    0,00    0,00    0,00    0,00    0,13
08:10:20     all   91,10    0,00    8,65    0,00    0,00    0,00    0,00    0,00    0,00    0,25
08:10:21     all   91,22    0,00    8,66    0,00    0,00    0,13    0,00    0,00    0,00    0,00
08:10:22     all   90,41    0,00    9,34    0,00    0,00    0,12    0,00    0,00    0,00    0,12
08:10:23     all   88,25    0,00   11,00    0,12    0,00    0,38    0,00    0,00    0,00    0,25
08:10:24     all   90,39    0,00    9,24    0,00    0,00    0,12    0,00    0,00    0,00    0,25
08:10:25     all   91,34    0,00    8,53    0,00    0,00    0,00    0,00    0,00    0,00    0,13
08:10:26     all   89,82    0,00    9,80    0,00    0,00    0,00    0,00    0,00    0,00    0,38
08:10:27     all   90,14    0,00    9,11    0,12    0,00    0,12    0,00    0,00    0,00    0,50
08:10:28     all   89,99    0,00    9,39    0,00    0,00    0,13    0,00    0,00    0,00    0,50
08:10:29     all   91,10    0,00    8,40    0,00    0,00    0,00    0,00    0,00    0,00    0,50
08:10:30     all   88,45    0,12   10,43    0,12    0,00    0,37    0,00    0,00    0,00    0,50
08:10:31     all   90,74    0,00    8,39    0,00    0,00    0,13    0,00    0,00    0,00    0,75
08:10:32     all   89,97    0,00    9,02    0,00    0,00    0,13    0,00    0,00    0,00    0,88
08:10:33     all   89,08    0,00   10,29    0,00    0,00    0,13    0,00    0,00    0,00    0,50
08:10:34     all   89,61    0,00    9,01    0,13    0,00    0,13    0,00    0,00    0,00    1,13
08:10:35     all   90,00    0,00    8,25    0,00    0,00    0,12    0,00    0,00    0,00    1,62
08:10:36     all   88,92    0,00    9,19    0,00    0,00    0,13    0,00    0,00    0,00    1,76
08:10:37     all   87,31    0,12    9,83    0,87    0,00    0,00    0,00    0,00    0,00    1,87
08:10:38     all   88,69    0,00    8,17    0,00    0,00    0,13    0,00    0,00    0,00    3,02
08:10:39     all   88,35    0,00    8,40    0,00    0,00    0,13    0,00    0,00    0,00    3,13
08:10:40     all   84,63    0,00   10,08    0,63    0,00    0,00    0,00    0,00    0,00    4,66
08:10:41     all   86,97    0,00    8,52    0,25    0,00    0,25    0,00    0,00    0,00    4,01
08:10:42     all   86,88    0,00    8,50    0,00    0,00    0,12    0,00    0,00    0,00    4,50
08:10:43     all   87,69    0,00    8,29    0,00    0,00    0,00    0,00    0,00    0,00    4,02
08:10:44     all   85,41    0,00    8,05    0,00    0,00    0,00    0,00    0,00    0,00    6,54
08:10:45     all   77,19    0,00    9,02    2,01    0,00    0,25    0,00    0,00    0,00   11,53
08:10:46     all   70,67    0,00    8,34    2,91    0,00    0,00    0,00    0,00    0,00   18,08
08:10:47     all   65,83    0,00    7,51    1,25    0,00    0,13    0,00    0,00    0,00   25,28
08:10:48     all   67,42    0,00    7,17    0,88    0,00    0,13    0,00    0,00    0,00   24,40
08:10:49     all   51,94    0,13    6,40    9,79    0,00    0,38    0,00    0,00    0,00   31,37
08:10:50     all   34,80    0,00    4,90   27,39    0,00    0,13    0,00    0,00    0,00   32,79
08:10:51     all   16,60    0,00    2,52   23,65    0,00    0,00    0,00    0,00    0,00   57,23
08:10:52     all   13,38    0,00    1,00   33,62    0,00    0,00    0,00    0,00    0,00   52,00
08:10:53     all   14,30    0,00    1,76   20,45    0,00    0,00    0,00    0,00    0,00   63,49
08:10:54     all   22,29    0,00    8,54    0,00    0,00    0,00    0,00    0,00    0,00   69,17
08:10:55     all   17,00    0,00    3,65    7,43    0,00    0,00    0,00    0,00    0,00   71,91
08:10:56     all   13,68    0,00    1,13   12,67    0,00    0,00    0,00    0,00    0,00   72,52
08:10:57     all   13,53    0,00    1,25   11,03    0,00    0,00    0,00    0,00    0,00   74,19
08:10:58     all   13,39    0,00    0,63   14,02    0,00    0,00    0,00    0,00    0,00   71,96
08:10:59     all   14,02    0,00    1,01   11,24    0,00    0,00    0,00    0,00    0,00   73,74
08:11:00     all   13,39    0,00    1,25   11,51    0,00    0,00    0,00    0,00    0,00   73,84
08:11:01     all   13,25    0,00    1,25   11,50    0,00    0,00    0,00    0,00    0,00   74,00
08:11:02     all   13,63    0,00    1,25   11,12    0,00    0,00    0,00    0,00    0,00   74,00
08:11:03     all   15,52    0,00    2,25   11,39    0,00    0,00    0,00    0,00    0,00   70,84
08:11:04     all   13,69    0,00    1,38   11,56    0,00    0,00    0,00    0,00    0,00   73,37
08:11:05     all   13,43    0,00    1,00   11,54    0,00    0,00    0,00    0,00    0,00   74,03
08:11:06     all   13,89    0,00    1,00   11,26    0,00    0,00    0,00    0,00    0,00   73,84
08:11:07     all   13,44    0,00    1,01   11,68    0,00    0,00    0,00    0,00    0,00   73,87
08:11:08     all   13,23    0,00    1,50   11,49    0,00    0,00    0,00    0,00    0,00   73,78
08:11:09     all   13,91    0,00    1,25   11,53    0,00    0,00    0,00    0,00    0,00   73,31
08:11:10     all   13,38    0,00    1,25   11,38    0,00    0,00    0,00    0,00    0,00   74,00
08:11:11     all   13,68    0,00    0,88   11,54    0,00    0,00    0,00    0,00    0,00   73,90
08:11:12     all   13,71    0,00    1,13   11,32    0,00    0,00    0,00    0,00    0,00   73,84
08:11:13     all   13,19    0,00    1,26   11,56    0,00    0,00    0,00    0,00    0,00   73,99
08:11:14     all   13,78    0,00    1,13   11,65    0,00    0,00    0,00    0,00    0,00   73,43
08:11:15     all   13,91    0,00    1,13   14,04    0,00    0,00    0,00    0,00    0,00   70,93
08:11:16     all   13,21    0,00    1,26   11,45    0,00    0,13    0,00    0,00    0,00   73,96
08:11:17     all   13,68    0,00    0,87   13,06    0,00    0,00    0,00    0,00    0,00   72,39
08:11:18     all   13,71    0,00    1,38   11,45    0,00    0,00    0,00    0,00    0,00   73,46
08:11:19     all   13,27    0,00    1,00   11,76    0,00    0,00    0,00    0,00    0,00   73,97
08:11:20     all   13,50    0,00    1,00   11,62    0,00    0,00    0,00    0,00    0,00   73,88
08:11:21     all   13,55    0,00    1,25   11,54    0,00    0,00    0,00    0,00    0,00   73,65
08:11:22     all   13,03    0,00    1,38   11,90    0,00    0,00    0,00    0,00    0,00   73,68
08:11:23     all   12,96    0,00    1,01   11,82    0,00    0,00    0,00    0,00    0,00   74,21
08:11:24     all   13,72    0,00    1,25   11,60    0,00    0,00    0,00    0,00    0,00   73,44
08:11:25     all   13,05    0,00    1,13   11,54    0,00    0,00    0,00    0,00    0,00   74,28
08:11:26     all   13,16    0,00    0,88   11,78    0,00    0,00    0,00    0,00    0,00   74,19
08:11:27     all   10,00    0,00    3,16   13,42    0,00    0,00    0,00    0,00    0,00   73,42
08:11:28     all    1,51    0,00    2,02   26,36    0,00    0,00    0,00    0,00    0,00   70,11
