procs ----------mémoire---------- -échange- -----io---- -système- ------cpu--------
 r  b   swpd  libre tampon  cache   si   so    bi    bo   in   cs us sy id wa st gu
 5  0      0 15740516 246304 5652924    0    0    97   178 3899    6 10  2 87  1  0  0
 0  1      0 15745752 246312 5652952    0    0     0  1952 3707 7691  4  3 77 17  0  0
 0  1      0 15740020 246332 5653052    0    0     0  1040 4503 7822  6  4 80 10  0  0
 0  1      0 15732604 246344 5653144    0    0     0  1888 5806 8155  7  4 78 11  0  0
 1  0      0 15722504 246376 5653156    0    0     0   472 5677 8023  4  4 83  9  0  0
 2  0      0 15700112 246376 5653072    0    0     0     0 19475 27973 10  9 81  0  0  0
 0  1      0 15689352 246384 5653076    0    0     0   708 8292 14458  6  4 82  8  0  0
 1  0      0 15680556 246412 5653192    0    0     0  1100 5061 8433  5  4 81 10  0  0
 1  0      0 15693896 246424 5651156    0    0     0   240 2935 3263 11  2 84  3  0  0
 1  0      0 15693140 246424 5651168    0    0     0     4 2267 3614 13  1 86  1  0  0
 1  0      0 15699716 246424 5651168    0    0     0     0 2453 2044 13  1 86  0  0  0
 1  0      0 15709292 246424 5651172    0    0     0     0 1887 1337 13  1 86  0  0  0
 1  0      0 15715992 246424 5651180    0    0     0   224 2114 3143 13  1 86  0  0  0
 1  0      0 15741532 246432 5653236    0    0     0    92 2231 1685 13  1 86  0  0  0
 1  0      0 15749824 246432 5653244    0    0     0     0 1717 1177 13  1 86  0  0  0
 1  2      0 15735896 246456 5653256    0    0     0  2040 4168 8693 15  1 72 12  0  0
 1  1      0 15747856 246488 5653284    0    0     0   864 3120 3725 14  1 73 13  0  0
 2  2      0 15737112 246508 5653368    0    0     0  1980 8069 13675 21  3 64 11  0  0
 2  1      0 15731204 246512 5651344    0    0     0   916 7511 10054 25  3 58 13  0  0
 3  1      0 15707044 246556 5653520    0    0     0   800 9186 12570 28  4 58  9  0  0
 3  1      0 15707556 246572 5651480    0    0     0  1736 9358 11957 36  5 49 10  0  0
procs ----------mémoire---------- -échange- -----io---- -système- ------cpu--------
 r  b   swpd  libre tampon  cache   si   so    bi    bo   in   cs us sy id wa st gu
 3  1      0 15714880 246612 5653648    0    0     0   796 10237 14098 38  6 49  8  0  0
 4  3      0 15708284 246640 5653684    0    0     0  2116 10106 14077 46  5 38 11  0  0
 4  1      0 15695660 246664 5653716    0    0     0   936 10823 15223 48  6 37  9  0  0
 7  0      0 15678712 246696 5654016    0    0     0  1024 11680 18993 54  7 33  6  0  0
 5  1      0 15684320 246724 5653852    0    0     0  1984 9612 12049 57  6 28  8  0  0
 6  0      0 15695044 246752 5653888    0    0     0  1416 10480 14257 58  7 28  7  0  0
 6  3      0 15669240 246772 5653988    0    0     0  2000 11398 16772 64  8 24  3  0  0
 7  1      0 15655912 246784 5654008    0    0     0   740 11299 16228 70  7 19  4  0  0
12  0      0 15640188 246808 5654180    0    0     0   556 12917 19797 73  9 16  3  0  0
 7  1      0 15635736 246824 5652156    0    0     0  2068 11173 13886 77  8 11  4  0  0
11  0      0 15644144 246848 5654252    0    0     0   832 11937 15793 79  9 10  2  0  0
 9  2      0 15650020 246856 5654388    0    0     0  2228 12518 16763 83 10  5  2  0  0
 7  1      0 15630116 246872 5652360    0    0     0  1148 12160 15242 86  9  5  1  0  0
 8  1      0 15609580 246876 5654564    0    0     0   592 14116 20786 85 10  4  1  0  0
10  1      0 15616128 246900 5652552    0    0     0  1900 12605 14577 89  9  2  0  0  0
10  0      0 15607892 246928 5654600    0    0     0  1396 13073 15305 88 11  1  0  0  0
10  2      0 15611616 246940 5654740    0    0     0  1972 14655 18850 88 10  2  0  0  0
10  1      0 15608348 246944 5654752    0    0     0   956 14647 17930 89  9  1  0  0  0
13  1      0 15593652 246964 5654712    0    0     0   544 13694 17602 89 10  1  0  0  0
 8  2      0 15610752 246980 5655012    0    0     0  1844 14296 17391 90  9  1  0  0  0
10  1      0 15599512 247012 5652980    0    0     0  1564 13837 14111 90  9  0  0  0  0
procs ----------mémoire---------- -échange- -----io---- -système- ------cpu--------
 r  b   swpd  libre tampon  cache   si   so    bi    bo   in   cs us sy id wa st gu
12  1      0 15611428 247028 5655156    0    0     0   604 15204 19500 89 11  1  0  0  0
17  1      0 15603852 247036 5655152    0    0     0  2008 13170 17074 90 10  0  0  0  0
16  0      0 15609612 247072 5655172    0    0     0  1268 13133 15173 90 10  1  0  0  0
13  1      0 15582904 247080 5655320    0    0     0  1668 14479 20129 89 11  0  0  0  0
23  0      0 15582376 247096 5655436    0    0     0  1092 11509 12007 91  9  0  0  0  0
14  1      0 15573372 247108 5655428    0    0     0   740 13095 16221 88 12  0  0  0  0
17  3      0 15586892 247120 5653560    0    0     0  2252 12372 14901 90 10  0  0  0  0
11  1      0 15571552 247132 5655596    0    0     0  1064 12539 16295 90  9  0  0  0  0
20  1      0 15564960 247144 5655760    0    0     0   944 14176 19967 87 13  0  0  0  0
13  2      0 15545444 247152 5655780    0    0     0  1848 11643 12691 91  9  0  0  0  0
11  1      0 15566056 247172 5655812    0    0     0  1472 11669 12282 90 10  1  0  0  0
11  2      0 15579472 247200 5655960    0    0     0  2024 13437 17872 88 12  0  0  0  0
14  2      0 15553764 247208 5653952    0    0     0   700 12796 15949 90 10  0  0  0  0
12  0      0 15550048 247232 5656132    0    0     0   556 13779 18454 89 11  0  0  0  0
13  1      0 15543208 247244 5656212    0    0     0  2256 12933 16965 90 10  0  0  0  0
15  1      0 15544396 247280 5656232    0    0     0  1488 11723 12389 90 10  0  0  0  0
14  1      0 15520952 247288 5656360    0    0     0   700 13811 19046 89 11  0  0  0  0
11  1      0 15515904 247296 5656412    0    0     0  1652 12942 17034 90 10  0  0  0  0
15  0      0 15522016 247320 5656436    0    0     0  1248 12627 16117 89 11  0  0  0  0
16  1      0 15517220 247332 5656568    0    0     0   664 13513 18725 90 10  0  0  0  0
13  1      0 15521764 247336 5656656    0    0     0  1908 11338 12397 90 10  0  0  0  0
procs ----------mémoire---------- -échange- -----io---- -système- ------cpu--------
 r  b   swpd  libre tampon  cache   si   so    bi    bo   in   cs us sy id wa st gu
17  0      0 15515476 247356 5656676    0    0     0  1200 11504 11961 90 10  0  0  0  0
18  1      0 15493956 247360 5656828    0    0     0   664 14187 19363 89 11  0  0  0  0
14  1      0 15512740 247376 5654856    0    0     0  1680 11975 15548 89 11  0  0  0  0
12  1      0 15496864 247396 5656948    0    0     0  1224 12165 13955 90 10  0  0  0  0
16  1      0 15508312 247408 5657052    0    0     0   524 14763 21473 88 12  0  0  0  0
18  1      0 15503128 247408 5655112    0    0     0  1828 11055 11111 90 10  0  0  0  0
15  1      0 15509252 247428 5657184    0    0     0   920 13968 20348 88 12  0  0  0  0
13  2      0 15514356 247448 5656972    0    0     0  2296 13347 18041 89 11  0  0  0  0
21  2      0 15527268 247460 5654956    0    0     0   652 12098 14235 90 10  0  0  0  0
23  1      0 15526124 247476 5657056    0    0     0   524 12531 15628 89 11  0  0  0  0
20  9      0 15501908 247492 5657204    0    0     0  2288 12952 16472 90 10  0  0  0  0
20  0      0 15449480 247496 5655772    0    0     0   880 12064 15774 88 12  0  0  0  0
12  1      0 15423884 247520 5657628    0    0     0  1056 12227 15080 90 10  0  0  0  0
 8  2      0 15431124 247520 5657628    0    0     0   716 14658 21474 87 13  0  0  0  0
16  4      0 15449116 247532 5655624    0    0     0  2896 12135 15324 89 11  0  0  0  0
12  2      0 15449240 247548 5655616    0    0     0   868 11382 12776 91  9  0  0  0  0
13  1      0 15467160 247548 5655648    0    0     0  1228 11371 12157 90 10  0  0  0  0
21  1      0 15448056 247568 5657732    0    0     0   836 12636 15272 88 12  0  0  0  0
17  1      0 15447248 247600 5655796    0    0     0  1204 12541 15278 90 10  0  0  0  0
19  1      0 15445020 247604 5655912    0    0     0  1284 13585 19093 90 10  0  0  0  0
18  1      0 15434604 247620 5657972    0    0     0  1436 12228 14759 89 11  0  0  0  0
procs ----------mémoire---------- -échange- -----io---- -système- ------cpu--------
 r  b   swpd  libre tampon  cache   si   so    bi    bo   in   cs us sy id wa st gu
20  1      0 15442104 247628 5658124    0    0     0   724 13225 17256 88 12  0  0  0  0
10  2      0 15443980 247660 5658148    0    0     0  1896 11924 14010 90 10  0  0  0  0
16  1      0 15457032 247664 5656060    0    0     0  1244 12799 15812 89 11  0  0  0  0
21  1      0 15452932 247688 5658084    0    0     0  1524 11203 12039 89 11  0  0  0  0
16  1      0 15436184 247704 5658228    0    0     0   392 14806 23002 89 11  0  0  0  0
23  2      0 15447764 247712 5656116    0    0     0  2052 13033 16856 88 12  0  0  0  0
14  2      0 15447544 247712 5656108    0    0     0  1028 12455 13198 89 10  0  1  0  0
 9  3      0 15468452 247720 5656124    0    0     0  1624 11571 13302 89 11  0  0  0  0
13  2      0 15446556 247744 5656116    0    0     0  1340 11045 11497 90 10  0  0  0  0
21  1      0 15446380 247768 5658188    0    0     0   544 13064 17345 89 11  0  0  0  0
11  8      0 15434604 247792 5658312    0    0     0  2100 13764 19149 89 11  0  0  0  0
12  1      0 15430064 247796 5656304    0    0     0   392 11092 11095 91  8  0  0  0  0
23  0      0 15458084 247820 5658360    0    0     0  1180 11934 13502 89 11  0  0  0  0
15  1      0 15447504 247832 5658492    0    0     0   364 13730 20141 87 13  0  0  0  0
11  1      0 15446140 247840 5656492    0    0     0  1732 12344 14184 90  9  0  0  0  0
12  1      0 15447264 247860 5656492    0    0     0  1332 12097 14536 89 11  0  0  0  0
16  1      0 15457924 247872 5658676    0    0     0   316 12748 16175 89 11  0  0  0  0
22  2      0 15452060 247888 5656692    0    0     0  1984 13259 17126 89 11  0  0  0  0
22  1      0 15446872 247924 5656700    0    0     0  1564 13083 17783 89 11  0  0  0  0
18  1      0 15448324 247928 5658832    0    0     0   340 13489 18561 89 11  0  0  0  0
18  2      0 15446176 247936 5656952    0    0     0  2028 13759 19136 89 11  0  0  0  0
procs ----------mémoire---------- -échange- -----io---- -système- ------cpu--------
 r  b   swpd  libre tampon  cache   si   so    bi    bo   in   cs us sy id wa st gu
25 28      0 15460524 247940 5656972    0    0     0   572 11389 11790 91  9  0  0  0  0
13  1      0 15456380 247964 5659040    0    0     0  1276 12670 18221 89 11  0  0  0  0
14  1      0 15434876 247968 5659184    0    0     0   408 14453 21575 88 12  0  0  0  0
20  1      0 15407476 247988 5657280    0    0     0  1732 12252 15287 89 11  0  0  0  0
12  1      0 15424188 248000 5657264    0    0     0  1336 11681 12183 91  9  0  0  0  0
19  0      0 15423976 248008 5659428    0    0     0   344 12805 16099 88 11  0  0  0  0
26 11      0 15415608 248040 5659496    0    0     0  1956 13076 18585 89 11  0  0  0  0
11  3      0 15417288 248044 5659512    0    0     0  1468 11956 13934 90 10  0  0  0  0
13  0      0 15426844 248068 5659272    0    0     0   572 12862 17676 90 10  0  0  0  0
32  0      0 15446704 248088 5659688    0    0     0   496 14780 23543 86 14  0  0  0  0
11  2      0 15458008 248096 5657364    0    0     0  1172 13193 17517 88 12  0  0  0  0
14  3      0 15471136 248104 5657428    0    0     0  2164 11741 18295 77  8  0 15  0  0
12  4      0 15459872 248116 5657436    0    0     0  1416 12005 14585 89 10  0  0  0  0
23  3      0 15457384 248128 5657456    0    0     0   800 11400 12115 91  9  0  0  0  0
13  3      0 15457440 248132 5657464    0    0     0  1312 12260 15764 89 11  0  0  0  0
13  5      0 15471092 248156 5659524    0    0     0  1796 11007 11468 87 11  0  3  0  0
17  2      0 15449312 248176 5659524    0    0     0  1068 10968 11416 91  9  0  0  0  0
25  1      0 15452868 248180 5657508    0    0     0   556 12580 15811 89 11  0  0  0  0
18  2      0 15438920 248212 5657600    0    0     0  2056 12117 14337 89 10  0  0  0  0
14  1      0 15449612 248216 5657340    0    0     0  1096 13620 18711 90 10  0  0  0  0
16  1      0 15456576 248224 5659332    0    0     0   540 13427 18669 88 12  0  0  0  0
procs ----------mémoire---------- -échange- -----io---- -système- ------cpu--------
 r  b   swpd  libre tampon  cache   si   so    bi    bo   in   cs us sy id wa st gu
17 12      0 15451868 248232 5657400    0    0     0  2124 14012 20277 88 12  0  0  0  0
15  2      0 15475320 248236 5657344    0    0     0   900 11184 12052 91  9  0  0  0  0
12  1      0 15487548 248256 5657596    0    0     0   848 12090 15124 89 11  0  0  0  0
22  3      0 15481612 248268 5657564    0    0     0  2208 11720 13585 89 11  0  0  0  0
20  1      0 15499312 248284 5657364    0    0     0   948 12151 15205 90  9  1  0  0  0
12  1      0 15489016 248312 5659456    0    0     0   620 13589 18642 88 11  0  0  0  0
20  1      0 15493744 248340 5657560    0    0     0  2140 13217 18416 87 11  0  1  0  0
15  2      0 15486004 248348 5657564    0    0     0  1332 11145 11571 90 10  0  0  0  0
21  0      0 15435552 248380 5659844    0    0     0   488 12682 16139 89 11  0  0  0  0
20  1      0 15415340 248400 5660068    0    0     0   628 13411 19574 89 10  0  0  0  0
16  1      0 15402260 248404 5660116    0    0     0  1776 12011 14915 90 10  0  0  0  0
17  1      0 15407452 248416 5660116    0    0     0  1372 12453 15540 90 10  0  0  0  0
14  1      0 15415924 248416 5660048    0    0     0   292 12668 15760 89 11  0  0  0  0
15  2      0 15408376 248432 5658256    0    0     0  2056 13837 19359 88 12  0  0  0  0
21  2      0 15418476 248432 5658140    0    0     0   472 14684 21413 88 12  0  0  0  0
16  2      0 15433580 248432 5658084    0    0     0  1812 12278 15115 88 12  0  0  0  0
13 22      0 15435000 248448 5658100    0    0     0  1892 11325 11688 90 10  0  0  0  0
16  2      0 15445780 248460 5658092    0    0     0   944 11539 12905 90 10  0  0  0  0
13  2      0 15428688 248480 5660156    0    0     0  1528 11512 12849 89 11  0  0  0  0
17  3      0 15423132 248512 5658380    0    0     0   988 12661 15778 90 10  0  0  0  0
15  2      0 15435384 248528 5658280    0    0     0  1872 12560 16640 89 11  0  0  0  0
procs ----------mémoire---------- -échange- -----io---- -système- ------cpu--------
 r  b   swpd  libre tampon  cache   si   so    bi    bo   in   cs us sy id wa st gu
21  1      0 15434328 248536 5658304    0    0     0  1644 11324 11582 90 10  0  0  0  0
17  0      0 15417928 248540 5660368    0    0     0   484 12065 14408 89 11  0  0  0  0
25  0      0 15413356 248548 5660480    0    0     0   488 13672 19887 88 11  0  0  0  0
15  1      0 15421020 248556 5660508    0    0     0  1760 11696 13803 89 11  0  0  0  0
18  1      0 15433696 248572 5660524    0    0     0  1436 11878 14359 89 11  0  0  0  0
15  1      0 15412556 248604 5660504    0    0     0   564 13214 17100 89 11  0  0  0  0
16  2      0 15399308 248604 5658648    0    0     0  1812 13961 20656 89 11  0  0  0  0
14  1      0 15401216 248620 5658648    0    0     0  1548 11753 12798 90 10  0  0  0  0
27  1      0 15393204 248624 5660756    0    0     0   256 12842 17299 88 12  0  0  0  0
13  1      0 15418712 248636 5658816    0    0     0   352 13118 17787 89 11  0  0  0  0
13  2      0 15408940 248652 5658872    0    0     0  2068 11143 11318 88 12  0  0  0  0
20  2      0 15406020 248668 5658888    0    0     0   912 12947 17794 90 10  0  0  0  0
15  2      0 15402348 248668 5660780    0    0     0   760 15228 22972 87 13  0  0  0  0
15  2      0 15433280 248668 5660904    0    0     0  2324 11053 12970 85 11  0  4  0  0
17  4      0 15416792 248680 5658872    0    0     0  1832 11534 12672 89 11  0  0  0  0
 9  4      0 15417428 248688 5658892    0    0     0   568 10863 10520 92  8  0  0  0  0
17  2      0 15419804 248700 5658908    0    0     0   456 11521 13571 90 10  0  0  0  0
15  1      0 15423432 248728 5658928    0    0     0  1916 12206 14691 89 11  0  0  0  0
18  1      0 15409844 248728 5658960    0    0     0   344 12250 15076 91  9  0  0  0  0
31  1      0 15435208 248740 5660736    0    0     0   852 12650 15945 88 12  0  0  0  0
21  5      0 15416356 248764 5661144    0    0     0  2120 12600 14546 89 11  0  0  0  0
procs ----------mémoire---------- -échange- -----io---- -système- ------cpu--------
 r  b   swpd  libre tampon  cache   si   so    bi    bo   in   cs us sy id wa st gu
16  2      0 15408156 248768 5659136    0    0     0   412 13595 19663 90 10  0  0  0  0
19  2      0 15426236 248776 5659092    0    0     0  1960 11902 14278 90 10  0  0  0  0
21  2      0 15448060 248784 5660776    0    0     0  1284 11026 11628 89 11  0  0  0  0
16  0      0 15430312 248800 5660804    0    0     0   512 13302 17412 89 11  0  0  0  0
15  6      0 15452136 248804 5659148    0    0     0  1932 12757 17205 89 11  0  0  0  0
 8  1      0 15442792 248816 5658928    0    0     0  1268 11225 11712 90 10  0  0  0  0
22  0      0 15444232 248836 5660984    0    0     0   412 12162 14903 89 11  0  0  0  0
33  0      0 15435244 248856 5661048    0    0     0   688 14761 20913 89 11  0  0  0  0
22  1      0 15421384 248864 5659072    0    0     0  1716 11872 14092 90 10  0  0  0  0
16  2      0 15430516 248880 5659104    0    0     0  1560 12066 15285 90 11  0  0  0  0
15  1      0 15430336 248908 5661280    0    0     0   588 13135 16608 89 11  0  0  0  0
17  2      0 15409824 248924 5659324    0    0     0  1796 13625 19793 89 11  0  0  0  0
14  1      0 15418864 248940 5659344    0    0     0  1056 11482 12505 90 10  0  0  0  0
20  0      0 15425784 248956 5661444    0    0     0   516 12527 16248 89 11  0  0  0  0
19  2      0 15437032 248964 5661492    0    0     0   672 15730 25885 87 13  0  0  0  0
20  6      0 15441208 248976 5659504    0    0     0  2984 12027 13255 88 12  0  0  0  0
17 22      0 15440720 248976 5659388    0    0     0  1460 14406 21379 89 11  0  0  0  0
17  3      0 15467192 249000 5659236    0    0     0   976 11477 13453 88  9  0  3  0  0
14  0      0 15466360 249000 5659268    0    0     0  1820 12086 13744 89 11  0  0  0  0
13  4      0 15466884 249012 5659272    0    0     0  1892 11230 12419 91  9  0  0  0  0
13  3      0 15455064 249032 5659288    0    0     0   732 11155 12547 88 11  0  1  0  0
procs ----------mémoire---------- -échange- -----io---- -système- ------cpu--------
 r  b   swpd  libre tampon  cache   si   so    bi    bo   in   cs us sy id wa st gu
19  4      0 15454108 249048 5661364    0    0     0  1244 11491 12988 90 10  0  0  0  0
10 11      0 15450008 249056 5659288    0    0     0  2300 12995 16189 88 12  0  0  0  0
20  1      0 15449604 249060 5659364    0    0     0   528 12949 16066 89 10  0  0  0  0
17  7      0 15441748 249068 5659400    0    0     0  1720 12461 15784 90 10  0  0  0  0
14  1      0 15456104 249072 5659416    0    0     0   112 11230 12662 90 10  0  0  0  0
17  2      0 15415936 249072 5659728    0    0     0  1332 11144 12758 89 11  0  0  0  0
40  0      0 15415828 249096 5661884    0    0     0   512 12004 14075 90 10  0  0  0  0
38  0      0 15415464 249120 5661860    0    0     0   640 15228 24932 87 13  0  0  0  0
16 17      0 15403040 249124 5659852    0    0     0  2344 13037 17587 89 11  0  0  0  0
17  1      0 15417512 249140 5659852    0    0     0   892 11951 14856 90 10  0  0  0  0
13  1      0 15437696 249156 5659864    0    0     0  1244 10682 10335 91  9  0  0  0  0
20  1      0 15439096 249172 5661920    0    0     0   964 11417 12131 90 10  0  0  0  0
12  0      0 15403132 249180 5662044    0    0     0   464 14773 22510 89 12  0  0  0  0
13  1      0 15412800 249192 5660048    0    0     0  1736 12537 16646 89 11  0  0  0  0
18  1      0 15425960 249208 5660052    0    0     0  1596 12215 15132 89 11  0  0  0  0
23  1      0 15438680 249220 5661988    0    0     0   688 14677 21004 88 12  0  0  0  0
21 29      0 15450228 249240 5659960    0    0     0  2836 12723 16479 89 11  0  0  0  0
18 19      0 15445780 249240 5660024    0    0     0   732 12314 15342 89 10  0  0  0  0
16  3      0 15430436 249264 5660012    0    0     0  1320 12240 14741 90 10  0  0  0  0
25  1      0 15427052 249288 5660008    0    0     0  1136 12353 15054 90 10  0  0  0  0
18  2      0 15454620 249304 5660036    0    0     0  1452 11731 13712 90 10  0  0  0  0
procs ----------mémoire---------- -échange- -----io---- -système- ------cpu--------
 r  b   swpd  libre tampon  cache   si   so    bi    bo   in   cs us sy id wa st gu
31  1      0 15444784 249320 5660068    0    0     0   676 11344 11518 90  9  0  0  0  0
10  1      0 15444404 249336 5662120    0    0     0   452 12208 16144 90 10  0  0  0  0
14  1      0 15440280 249336 5662244    0    0     0   140 13255 18293 88 12  0  0  0  0
15  1      0 15425336 249368 5662280    0    0     0  1144 12421 15135 90 10  0  0  0  0
16  1      0 15415252 249376 5662308    0    0     0   932 10687 11129 90 10  0  0  0  0
23  1      0 15445552 249392 5662308    0    0     0  1144 11308 11823 89 11  0  0  0  0
19  1      0 15453068 249392 5662336    0    0     0   240 12731 17095 91  9  0  0  0  0
19  1      0 15408244 249404 5662248    0    0     0   484 12733 16130 89 11  0  0  0  0
16  1      0 15410332 249412 5660720    0    0     0   456 12698 16863 89 10  0  0  0  0
12  1      0 15409620 249432 5660460    0    0     0  1872 11146 11148 90  9  0  0  0  0
13  1      0 15413684 249464 5662504    0    0     0  1284 11868 12881 89 11  0  0  0  0
23  1      0 15399372 249464 5662584    0    0     0   160 12685 16238 89 11  0  0  0  0
12  1      0 15406396 249480 5660628    0    0     0   364 12698 17586 90 10  0  0  0  0
20  2      0 15416616 249492 5660664    0    0     0  2180 11488 13216 90 10  0  0  0  0
15  1      0 15401604 249508 5660680    0    0     0   708 11713 14293 90 10  0  0  0  0
17  0      0 15412628 249528 5662760    0    0     0   464 11608 12997 90 10  0  0  0  0
17  0      0 15422388 249532 5662888    0    0     0   368 14157 21061 89 11  0  0  0  0
18  1      0 15418184 249540 5660872    0    0     0  2212 12827 16851 90 10  0  0  0  0
20  1      0 15418712 249560 5660892    0    0     0  1008 12393 16015 89 10  0  0  0  0
11  1      0 15390948 249568 5663056    0    0     0   300 12814 15567 89 11  0  0  0  0
21  2      0 15396560 249592 5661036    0    0     0   556 14601 21672 89 11  0  0  0  0
procs ----------mémoire---------- -échange- -----io---- -système- ------cpu--------
 r  b   swpd  libre tampon  cache   si   so    bi    bo   in   cs us sy id wa st gu
10  2      0 15388792 249620 5661000    0    0     0  2808 13539 17634 88 12  0  0  0  0
 9  5      0 15418656 249632 5660848    0    0     0   300 12469 15271 90 10  0  0  0  0
19  3      0 15419128 249656 5661144    0    0     0  1040 12116 15332 90 10  0  0  0  0
18  2      0 15410884 249664 5661104    0    0     0   840 11425 12604 90 10  0  0  0  0
14  6      0 15415512 249668 5660868    0    0     0  1932 11059 11052 90 10  0  0  0  0
16  1      0 15424284 249696 5662896    0    0     0  1156 11660 13907 88 10  0  1  0  0
14  1      0 15433424 249720 5662992    0    0     0   580 13718 18728 89 11  0  0  0  0
14  7      0 15426252 249728 5661020    0    0     0  1796 12307 15123 90 10  0  0  0  0
31  0      0 15476272 249728 5661048    0    0     0   432 11257 12440 90 10  0  0  0  0
25  1      0 15466376 249756 5662700    0    0     0  1464 11449 11980 90 10  0  0  0  0
16  0      0 15454360 249760 5662840    0    0     0   340 13883 21654 89 11  0  0  0  0
20  1      0 15427336 249764 5660836    0    0     0  1772 12473 16107 89 11  0  0  0  0
19  1      0 15437132 249772 5660856    0    0     0  1136 11760 14620 90 10  0  0  0  0
18  0      0 15434668 249784 5662928    0    0     0   476 11871 13310 90 10  0  0  0  0
17  1      0 15417688 249804 5663036    0    0     0   500 14678 22543 89 11  0  0  0  0
24  1      0 15410804 249820 5661040    0    0     0  1968 11314 11867 90 10  0  0  0  0
22  1      0 15398336 249856 5663068    0    0     0  1500 12048 14847 90 10  0  0  0  0
16  0      0 15399232 249864 5663148    0    0     0   452 13957 20393 89 11  0  0  0  0
12  1      0 15412712 249864 5661260    0    0     0  1876 11419 11864 90 10  0  0  0  0
17  1      0 15417828 249876 5661264    0    0     0   968 13726 19659 90 10  0  0  0  0
10  1      0 15398104 249876 5663348    0    0     0   296 13268 17427 89 11  0  0  0  0
procs ----------mémoire---------- -échange- -----io---- -système- ------cpu--------
 r  b   swpd  libre tampon  cache   si   so    bi    bo   in   cs us sy id wa st gu
18  1      0 15393832 249904 5663444    0    0     0  1916 13456 19374 88 12  0  0  0  0
15  1      0 15406776 249908 5663604    0    0     0  1648 10936 11560 90  9  0  0  0  0
11  1      0 15338324 249928 5663600    0    0     0  1492 12100 14427 88 11  0  0  0  0
21  1      0 15348864 249928 5663996    0    0     0   300 13571 18294 88 12  0  0  0  0
23 32      0 15359200 249936 5661956    0    0     0  2192 14056 20571 88 12  0  0  0  0
15 12      0 15363652 249952 5661972    0    0     0  1444 11466 12832 91  9  0  0  0  0
14  2      0 15367224 249968 5662004    0    0     0   996 12506 16529 90 10  0  0  0  0
11  3      0 15376888 249976 5662028    0    0     0  1056 12030 14930 90 10  0  0  0  0
19  1      0 15403028 249984 5662048    0    0     0   332 11253 11633 91 10  0  0  0  0
27  1      0 15403752 250008 5664096    0    0     0   844 11224 12186 89 11  0  0  0  0
15  1      0 15364740 250008 5664236    0    0     0   304 14568 20605 89 11  0  0  0  0
16  2      0 15347176 250016 5662188    0    0     0  1892 12769 17319 89 11  0  0  0  0
21  3      0 15373832 250024 5662204    0    0     0  1812 13536 18359 88 12  0  0  0  0
18  3      0 15391248 250052 5663972    0    0     0  1064 11512 12955 90 10  0  0  0  0
16  1      0 15404436 250060 5664064    0    0     0   552 12960 16649 88 12  0  0  0  0
20  3      0 15391412 250060 5662092    0    0     0  1236 11684 12912 90 10  0  0  0  0
19  3      0 15399488 250080 5662100    0    0     0  1668 11258 12293 91  9  0  0  0  0
18 14      0 15398596 250080 5662124    0    0     0  1108 10803 10721 91  9  0  0  0  0
12  3      0 15378864 250104 5662124    0    0     0   920 11393 11728 90 10  0  0  0  0
10  5      0 15381264 250108 5662156    0    0     0   764 11732 13576 90 10  0  0  0  0
12  4      0 15377744 250120 5662152    0    0     0   992 12258 15177 90 10  0  0  0  0
procs ----------mémoire---------- -échange- -----io---- -système- ------cpu--------
 r  b   swpd  libre tampon  cache   si   so    bi    bo   in   cs us sy id wa st gu
13  1      0 15386232 250136 5662108    0    0     0   736 11148 11903 91  9  0  0  0  0
19  2      0 15403932 250144 5662128    0    0     0   744 12061 14499 90 10  0  0  0  0
28 22      0 15384892 250148 5662124    0    0     0  1532 12590 17066 90 10  0  0  0  0
15  1      0 15393840 250164 5662204    0    0     0   984 11027 10922 90 10  0  0  0  0
14  1      0 15399576 250168 5662224    0    0     0  1092 11746 13614 90 10  0  0  0  0
17  1      0 15400336 250172 5664304    0    0     0   452 13307 17579 87 13  0  0  0  0
17  1      0 15394208 250188 5662308    0    0     0   368 12127 14840 90 10  0  0  0  0
13  1      0 15391780 250204 5662400    0    0     0  2276 13346 18189 89 11  0  0  0  0
15  1      0 15384704 250224 5664164    0    0     0   868 12382 15209 88 11  0  0  0  0
12  0      0 15393184 250228 5664528    0    0     0   324 13375 17568 89 11  0  0  0  0
19  3      0 15395300 250240 5662448    0    0     0   840 12592 16760 89 11  0  0  0  0
 8  3      0 15396652 250248 5662460    0    0     0  2440 13569 18228 89 11  0  0  0  0
19  2      0 15413036 250252 5662412    0    0     0   508 11742 13766 91  9  0  0  0  0
18  2      0 15407876 250260 5662416    0    0     0  1812 11849 14322 89 11  0  0  0  0
15  0      0 15412672 250308 5664432    0    0     0   608 13198 17349 90 10  0  0  0  0
18  1      0 15422744 250320 5664588    0    0     0  1768 12940 16665 88 11  0  0  0  0
20  1      0 15420116 250324 5664620    0    0     0   720 11655 14129 91  9  0  0  0  0
26  0      0 15399356 250344 5664620    0    0     0  1428 11679 13505 90 10  0  0  0  0
16  0      0 15374684 250356 5664564    0    0     0   528 13219 18808 88 13  0  0  0  0
14  2      0 15374288 250364 5663180    0    0     0  1764 14768 18180 88 12  0  0  0  0
13  2      0 15407860 250364 5662692    0    0     0  1172 16966 17820 88 12  0  0  0  0
procs ----------mémoire---------- -échange- -----io---- -système- ------cpu--------
 r  b   swpd  libre tampon  cache   si   so    bi    bo   in   cs us sy id wa st gu
12 26      0 15447704 250368 5664452    0    0     0  1004 15297 15226 89 11  0  0  0  0
 9  2      0 15454300 250372 5664136    0    0     0  2004 18877 21389 88 12  0  0  0  0
12  3      0 15442412 250384 5662268    0    0     0  2172 18862 15944 88 11  0  0  0  0
17  4      0 15441632 250400 5662336    0    0     0   828 23174 15988 88 12  0  0  0  0
22  2      0 15440948 250408 5662348    0    0     0  1288 28212 12630 89 11  0  0  0  0
13  2      0 15449908 250420 5662240    0    0     0  1700 30997 11687 87 11  0  2  0  0
12 23      0 15455356 250440 5662268    0    0     0  1680 37739 13160 87 12  0  0  0  0
14  1      0 15454252 250476 5662248    0    0     0  1144 37261 13369 88 12  0  0  0  0
16  3      0 15439916 250480 5668948    0    0     0  1240 12654 17711 90 10  0  0  0  0
17  1      0 15448692 250496 5669132    0    0     0  1528 12115 14421 90 10  0  0  0  0
15  0      0 15462656 250508 5669220    0    0     0   308 13643 18430 89 11  0  0  0  0
14 10      0 15456696 250532 5669296    0    0     0  2060 12681 15519 90 10  0  0  0  0
22  2      0 15467468 250536 5656232    0    0     0  1384 13408 17791 90 10  0  0  0  0
23  2      0 15479416 250548 5656244    0    0     0   292 12715 16667 89 11  0  0  0  0
26  1      0 15484776 250560 5658044    0    0     0   504 12425 15404 90 10  0  0  0  0
 3 40      0 15505704 250560 5658144    0    0     0  2016 12069 14070 87 10  0  2  0  0
24  3      0 15499344 250560 5658152    0    0     0   380 11939 13714 77  9  2 13  0  0
12  1      0 15473968 250572 5658168    0    0     0   260 11148 11750 91  9  0  0  0  0
11  3      0 15466708 250572 5658308    0    0     0  1472 11290 12165 90 10  0  0  0  0
16  2      0 15472392 250580 5658316    0    0     0   752 11324 12257 90 10  0  0  0  0
15  2      0 15411476 250580 5658832    0    0     0  1744 10962 11812 89 11  0  0  0  0
procs ----------mémoire---------- -échange- -----io---- -système- ------cpu--------
 r  b   swpd  libre tampon  cache   si   so    bi    bo   in   cs us sy id wa st gu
21  1      0 15414400 250620 5658712    0    0     0  2016 12522 16390 89 11  0  0  0  0
19  2      0 15402364 250632 5658748    0    0     0  1056 11912 14447 90 10  0  0  0  0
27  1      0 15434776 250660 5658752    0    0     0  1084 13047 16945 89 11  0  0  0  0
16  2      0 15455844 250672 5658768    0    0     0  1828 11903 14101 90 10  0  0  0  0
17  9      0 15443172 250692 5658808    0    0     0  1840 13259 18091 90 10  0  0  0  0
11  3      0 15442804 250696 5658848    0    0     0   744 11889 13439 91  9  0  0  0  0
32  1      0 15445040 250704 5658860    0    0     0   880 13809 18964 89 11  0  0  0  0
18  6      0 15430700 250732 5658960    0    0     0  2004 12063 14115 89 11  0  0  0  0
13  1      0 15427052 250736 5659012    0    0     0   252 11442 12527 91  9  0  0  0  0
14  1      0 15430424 250744 5661072    0    0     0  1412 11870 14151 90 10  0  0  0  0
14  1      0 15394140 250772 5661340    0    0     0   856 13262 17970 89 11  0  0  0  0
18  2      0 15430852 250780 5661252    0    0     0  1820 12997 17698 89 11  0  0  0  0
11  1      0 15419044 250792 5661272    0    0     0  1468 11075 11213 90  9  0  0  0  0
17  1      0 15424284 250800 5663356    0    0     0   620 12545 15507 88 12  0  0  0  0
10  5      0 15405328 250820 5663424    0    0     0  2112 13968 18950 89 11  0  0  0  0
20  1      0 15417468 250824 5663480    0    0     0   292 11865 13959 91  9  0  0  0  0
16  0      0 15398800 250844 5663500    0    0     0  1108 11730 14313 89 11  0  0  0  0
15  1      0 15392108 250852 5665600    0    0     0   300 12741 15488 89 11  0  0  0  0
17  1      0 15392744 250860 5665716    0    0     0  2084 14339 20599 89 11  0  0  0  0
22  1      0 15390956 250868 5665732    0    0     0  1388 12295 14289 90 10  0  0  0  0
23  1      0 15397408 250884 5667800    0    0     0   596 13396 17916 88 12  0  0  0  0
procs ----------mémoire---------- -échange- -----io---- -système- ------cpu--------
 r  b   swpd  libre tampon  cache   si   so    bi    bo   in   cs us sy id wa st gu
13  2      0 15400132 250900 5667928    0    0     0  2032 13574 18299 90 10  0  0  0  0
15  1      0 15404352 250920 5667956    0    0     0  1408 11455 11832 91  9  0  0  0  0
14  0      0 15378204 250932 5670032    0    0     0   320 13697 20429 88 13  0  0  0  0
25  2      0 15387760 250956 5670176    0    0     0  2264 12796 16381 89 11  0  0  0  0
18  2      0 15375492 250968 5670220    0    0     0  1364 12395 16078 89 11  0  0  0  0
24  0      0 15372620 250992 5674324    0    0     0   564 12755 15422 89 11  0  0  0  0
13  2      0 15364508 251020 5674476    0    0     0  2172 14320 21102 89 11  0  0  0  0
23  2      0 15377444 251024 5674604    0    0     0   348 12434 15523 90 10  0  0  0  0
15  5      0 15369208 251028 5674468    0    0     0  2100 12201 14022 89 11  0  0  0  0
17  3      0 15387288 251036 5674516    0    0     0  1204 11296 12220 90 10  0  0  0  0
17  2      0 15398784 251060 5676548    0    0     0  1556 10942 11391 90 10  0  0  0  0
25  0      0 15378768 251088 5676596    0    0     0   612 12278 15359 90 10  0  0  0  0
35 10      0 15385768 251096 5676712    0    0     0   932 14019 20062 88 12  0  0  0  0
15  1      0 15422868 251100 5676744    0    0     0  1292 10849 11039 90 10  0  0  0  0
19  9      0 15440780 251100 5676396    0    0     0   552 11326 11519 91  9  0  0  0  0
20  0      0 15423404 251120 5678448    0    0     0  1360 12312 15917 90 10  0  0  0  0
11  1      0 15413236 251128 5678568    0    0     0   508 14239 20447 89 11  0  0  0  0
14  1      0 15402224 251136 5678644    0    0     0  1916 11924 14199 90 10  0  0  0  0
14  1      0 15435312 251144 5678672    0    0     0  1392 12226 15245 89 11  0  0  0  0
23  1      0 15420216 251144 5680776    0    0     0   368 14150 20988 87 13  0  0  0  0
14  3      0 15419756 251148 5680668    0    0     0   840 14235 21698 89 11  0  0  0  0
procs ----------mémoire---------- -échange- -----io---- -système- ------cpu--------
 r  b   swpd  libre tampon  cache   si   so    bi    bo   in   cs us sy id wa st gu
12  3      0 15428568 251156 5680676    0    0     0  1540 13072 16842 89 11  0  0  0  0
17  6      0 15434024 251160 5680664    0    0     0  1468 12067 15024 89 11  0  0  0  0
17  5      0 15449468 251164 5680532    0    0     0  1444 11423 12632 90 10  0  0  0  0
26  2      0 15452620 251180 5680468    0    0     0  1152 11763 13370 90 10  0  0  0  0
24  2      0 15440120 251184 5680492    0    0     0  1800 11440 12634 89 11  0  0  0  0
18  3      0 15430028 251212 5680496    0    0     0  1288 11870 13230 91  9  0  0  0  0
 8  2      0 15447660 251216 5680512    0    0     0  1888 11640 12643 90 10  0  0  0  0
13  3      0 15463008 251220 5680384    0    0     0   464 11875 14271 90 10  0  0  0  0
18  2      0 15461004 251232 5682468    0    0     0   572 12506 15612 90 10  0  0  0  0
15  2      0 15447080 251232 5682480    0    0     0   948 12237 14308 88 12  0  0  0  0
15  2      0 15427764 251252 5682524    0    0     0  1784 11441 12198 91  9  0  0  0  0
13 10      0 15443672 251284 5682548    0    0     0  1928 12675 16479 89 11  0  0  0  0
22  1      0 15460496 251288 5682592    0    0     0   236 11126 11776 90 10  0  0  0  0
17  2      0 15476984 251300 5682596    0    0     0  1160 13051 17219 89 11  0  0  0  0
12  1      0 15470420 251308 5674444    0    0     0   512 12433 14986 90 10  0  0  0  0
13  1      0 15455444 251316 5674532    0    0     0   628 14065 20195 88 11  0  0  0  0
16  1      0 15450224 251324 5674580    0    0     0  1824 11513 11937 90 10  0  0  0  0
20  0      0 15409764 251336 5675184    0    0     0  1500 11935 14460 88 12  0  0  0  0
13  1      0 15395864 251348 5675104    0    0     0   520 13617 18824 90 10  0  0  0  0
22  2      0 15398376 251356 5675156    0    0     0  1716 11917 14595 90 10  0  0  0  0
11  1      0 15386408 251376 5675156    0    0     0  1600 12127 14904 90 10  0  0  0  0
procs ----------mémoire---------- -échange- -----io---- -système- ------cpu--------
 r  b   swpd  libre tampon  cache   si   so    bi    bo   in   cs us sy id wa st gu
17  1      0 15384048 251392 5675212    0    0     0   328 13536 19190 88 12  0  0  0  0
18 14      0 15385196 251404 5675240    0    0     0  2492 12497 15855 89 11  0  0  0  0
20  0      0 15394900 251432 5675240    0    0     0   680 12214 16494 90 10  0  0  0  0
20  1      0 15390132 251436 5675280    0    0     0  1328 12150 14728 90 10  0  0  0  0
16  1      0 15397728 251464 5675276    0    0     0  1244 12431 16373 88 12  0  0  0  0
11  1      0 15393776 251464 5675408    0    0     0   432 13213 17153 89 10  0  0  0  0
30  1      0 15394792 251484 5675436    0    0     0  1816 12706 16324 90 10  0  0  0  0
12  4      0 15380532 251488 5675472    0    0     0  1876 11841 13448 90  9  0  0  0  0
15  0      0 15375460 251496 5675732    0    0     0   592 12733 16969 90 10  0  0  0  0
12  9      0 15409624 251508 5675624    0    0     0  2052 13418 18559 88 12  0  0  0  0
20  1      0 15381912 251512 5675676    0    0     0   500 11841 13021 89 10  0  0  0  0
17  1      0 15373964 251536 5675728    0    0     0  1548 13139 17834 90 10  0  0  0  0
12  0      0 15357248 251540 5675724    0    0     0   552 13508 18057 88 12  0  0  0  0
16  2      0 15366124 251552 5675856    0    0     0  1848 13112 17331 90 10  0  0  0  0
26  2      0 15373972 251568 5675896    0    0     0  1436 11531 12431 90 10  0  0  0  0
18  1      0 15390904 251572 5675924    0    0     0   560 12652 15764 88 12  0  0  0  0
18  6      0 15373924 251592 5676124    0    0     0  2044 13902 19869 89 11  0  0  0  0
15  2      0 15358820 251596 5676128    0    0     0   420 11909 14369 91  9  0  0  0  0
21  1      0 15332148 251600 5676084    0    0     0  2120 12306 14990 89 11  0  0  0  0
21  0      0 15345940 251620 5676208    0    0     0   344 13117 17099 89 11  0  0  0  0
23  1      0 15373680 251628 5676200    0    0     0   488 13277 17917 89 11  0  0  0  0
procs ----------mémoire---------- -échange- -----io---- -système- ------cpu--------
 r  b   swpd  libre tampon  cache   si   so    bi    bo   in   cs us sy id wa st gu
17  1      0 15383088 251632 5676252    0    0     0  2328 11057 11102 90 10  0  0  0  0
15  1      0 15372020 251644 5676304    0    0     0  1132 13478 18676 89 11  0  0  0  0
16  1      0 15351364 251648 5676316    0    0     0   468 13913 19692 88 12  0  0  0  0
19  2      0 15356788 251672 5676568    0    0     0  1868 13277 18229 89 11  0  0  0  0
11  2      0 15357548 251684 5676556    0    0     0  1404 11417 11791 91  9  0  0  0  0
27  1      0 15346624 251692 5676616    0    0     0   536 12528 15716 89 11  0  0  0  0
36  2      0 15357020 251708 5676716    0    0     0   756 13438 18521 88 12  0  0  0  0
13  2      0 15347912 251712 5676712    0    0     0  2156 12855 17413 90 10  0  0  0  0
22  4      0 15375056 251712 5676772    0    0     0  1092 12489 15782 89 11  0  0  0  0
22  2      0 15383912 251724 5676668    0    0     0  1304 11661 13171 91  9  0  0  0  0
15  3      0 15411888 251732 5676404    0    0     0  2012 11841 13846 88 12  0  0  0  0
19  1      0 15410576 251764 5676312    0    0     0  1152 14579 16269 80  9  0 11  0  0
14  1      0 15398288 251788 5676472    0    0     0   796 12989 16344 90 10  0  0  0  0
20  2      0 15397744 251808 5676468    0    0     0  1864 13121 17954 90 11  0  0  0  0
18  1      0 15393136 251808 5676492    0    0     0   752 11000 11444 91  9  0  0  0  0
14  1      0 15400328 251808 5676544    0    0     0   912 11198 10950 90 10  0  0  0  0
18  1      0 15408312 251812 5678528    0    0     0   288 11743 14396 89 11  0  0  0  0
18  2      0 15401968 251812 5678560    0    0     0  1368 14510 21028 89 11  0  0  0  0
19  2      0 15402160 251832 5678588    0    0     0  1364 11595 13890 89 11  0  0  0  0
12  2      0 15402640 251836 5678608    0    0     0  1800 11423 12130 90 10  0  0  0  0
17  1      0 15398476 251860 5678648    0    0     0   684 12493 16142 90 10  0  0  0  0
procs ----------mémoire---------- -échange- -----io---- -système- ------cpu--------
 r  b   swpd  libre tampon  cache   si   so    bi    bo   in   cs us sy id wa st gu
15  2      0 15402160 251860 5678672    0    0     0  1444 12115 15445 90 10  0  0  0  0
17  1      0 15399668 251880 5680724    0    0     0  1368 11476 12015 90 10  0  0  0  0
18  1      0 15386592 251884 5680864    0    0     0   304 12296 14936 89 11  0  0  0  0
40  1      0 15411648 251884 5680828    0    0     0   540 14921 23133 88 12  0  0  0  0
17  2      0 15382616 251888 5680856    0    0     0  2176 11465 12179 91  9  0  0  0  0
12  2      0 15376876 251888 5680872    0    0     0   216 11695 13916 90  9  0  0  0  0
12  1      0 15412444 251900 5680928    0    0     0  1304 12342 15166 90 10  0  0  0  0
15  0      0 15400944 251912 5683284    0    0     0   676 11870 13959 90 10  0  0  0  0
10  1      0 15392176 251924 5683172    0    0     0   852 13821 21066 89 11  0  0  0  0
15  1      0 15392956 251932 5683212    0    0     0  2156 12007 14981 89 11  0  0  0  0
26  2      0 15408012 251936 5683220    0    0     0  1352 12648 16480 89 11  0  0  0  0
22  0      0 15402096 251952 5683292    0    0     0   444 12264 14554 90 10  0  0  0  0
20  1      0 15420848 251964 5683256    0    0     0   612 14898 22512 88 12  0  0  0  0
18  3      0 15357808 251964 5683512    0    0     0  1204 13018 17567 87 13  0  0  0  0
11  5      0 15353636 251964 5683624    0    0     0  2428 12031 15241 90 10  0  0  0  0
14  7      0 15349188 251976 5683644    0    0     0  1244 12107 15287 90 10  0  0  0  0
16  1      0 15366988 251992 5683676    0    0     0  1096 11407 12205 91  9  0  0  0  0
14  1      0 15391408 252012 5683688    0    0     0  1236 11533 12744 88 11  0  0  0  0
20  0      0 15369868 252020 5683808    0    0     0   364 14562 20801 88 12  0  0  0  0
14  0      0 15340500 252020 5683840    0    0     0     0 19224 25429 84 16  0  0  0  0
16  1      0 15337980 252020 5683856    0    0     0     4 15510 20591 88 12  0  0  0  0
procs ----------mémoire---------- -échange- -----io---- -système- ------cpu--------
 r  b   swpd  libre tampon  cache   si   so    bi    bo   in   cs us sy id wa st gu
13  0      0 15358516 252020 5683876    0    0     0     0 11649 13621 90 10  0  0  0  0
15  0      0 15371572 252020 5683896    0    0     0     0 10557 10332 91  9  0  0  0  0
14  0      0 15363192 252024 5683908    0    0     0    88 13386 18183 90 10  0  0  0  0
12  2      0 15360636 252024 5683928    0    0     0   288 11437 12954 91  9  0  0  0  0
14  0      0 15366284 252036 5683964    0    0     0   112 11828 14202 91  9  0  0  0  0
18  0      0 15366768 252036 5683980    0    0     0     0 10683 10695 91  9  0  0  0  0
20  0      0 15373232 252044 5683988    0    0     0   124 12516 15920 90 10  0  0  0  0
12  0      0 15382500 252044 5684008    0    0     0     0 11146 11903 91  9  0  0  0  0
14  1      0 15397364 252044 5683880    0    0     0   168 14088 20064 89 11  0  0  0  0
24 12      0 15385920 252044 5683824    0    0     0  1160 12359 15275 88 11  0  0  0  0
16 10      0 15397372 252052 5683828    0    0     0  2640 11502 12465 90 10  0  0  0  0
15  2      0 15399040 252064 5683772    0    0     0  1012 11282 12057 91  9  0  0  0  0
13  1      0 15412920 252072 5683760    0    0     0  1660 12167 14012 90 10  0  0  0  0
17  0      0 15419348 252076 5683784    0    0     0    68 10873 11204 91  9  0  0  0  0
15  0      0 15408636 252076 5683800    0    0     0     4 12783 16394 90 10  0  0  0  0
11  0      0 15415016 252076 5683812    0    0     0     0 11327 12806 91  9  0  0  0  0
17  0      0 15406560 252076 5683832    0    0     0     0 11754 13710 90 10  0  0  0  0
21  0      0 15432372 252076 5683844    0    0     0     0 10722 10646 89 11  0  0  0  0
19  0      0 15428616 252076 5683856    0    0     0    64 12702 15707 90 10  1  0  0  0
15  0      0 15428848 252076 5683872    0    0     0     0 11573 13159 91  9  0  0  0  0
17  0      0 15414592 252076 5683892    0    0     0     0 10851 11405 91  9  0  0  0  0
procs ----------mémoire---------- -échange- -----io---- -système- ------cpu--------
 r  b   swpd  libre tampon  cache   si   so    bi    bo   in   cs us sy id wa st gu
15  0      0 15418548 252076 5683908    0    0     0     0 11138 12143 90 10  0  0  0  0
16  0      0 15421152 252076 5683924    0    0     0     0 10754 10120 91  9  0  0  0  0
10  0      0 15416344 252076 5683944    0    0     0    24 11807 14512 91  9  0  0  0  0
17  0      0 15415092 252076 5683956    0    0     0     0 11841 13319 90  9  0  0  0  0
15  0      0 15406168 252076 5683980    0    0     0     0 11442 13004 91  9  0  0  0  0
12  0      0 15414788 252076 5683992    0    0     0     0 10853 10732 91  9  0  0  0  0
11  0      0 15423272 252076 5684008    0    0     0    60 12469 15667 90  9  0  0  0  0
10  0      0 15409032 252076 5684020    0    0     0    28 11189 12390 91  9  0  0  0  0
14  0      0 15418752 252076 5684036    0    0     0     0 12190 14740 91  9  0  0  0  0
22  0      0 15450904 252076 5684052    0    0     0     0 10722 10315 91  9  0  0  0  0
21  0      0 15433152 252076 5684068    0    0     0     0 11645 12810 91  9  0  0  0  0
17  0      0 15457228 252076 5684084    0    0     0     0 11950 14660 90 10  0  0  0  0
21  0      0 15446084 252076 5683708    0    0     0    44 11413 12498 91  9  0  0  0  0
16  0      0 15467212 252076 5683724    0    0     0     0 11383 13072 90  9  0  0  0  0
13  0      0 15454704 252076 5683740    0    0     0     0 11016 11139 91  9  0  0  0  0
12  0      0 15453600 252076 5683756    0    0     0     0 12075 14666 91  9  0  0  0  0
19  0      0 15458560 252076 5683768    0    0     0     0 11355 13087 90 10  0  0  0  0
11  0      0 15460188 252076 5683784    0    0     0    24 11188 12380 91  9  0  0  0  0
18  0      0 15469408 252076 5683800    0    0     0     0 10653 10586 91  9  0  0  0  0
13  0      0 15460384 252076 5683816    0    0     0     0 11420 12211 91  9  0  0  0  0
13  1      0 15438700 252076 5683836    0    0     0    44 12008 14670 91  9  0  0  0  0
procs ----------mémoire---------- -échange- -----io---- -système- ------cpu--------
 r  b   swpd  libre tampon  cache   si   so    bi    bo   in   cs us sy id wa st gu
12  0      0 15446768 252076 5683832    0    0     0    60 11111 12299 91  9  0  0  0  0
20  0      0 15454136 252076 5683864    0    0     0   548 11736 13419 90 10  0  0  0  0
22  0      0 15461360 252076 5683876    0    0     0    24 10639 10012 91  9  0  0  0  0
15  0      0 15462592 252076 5683888    0    0     0     0 12483 15834 91  9  0  0  0  0
17  0      0 15452400 252076 5683900    0    0     0     0 11489 12952 91  9  0  0  0  0
15  0      0 15465696 252080 5683920    0    0     0    84 11529 13677 91  9  0  0  0  0
16  0      0 15467168 252080 5683932    0    0     0    12 10629 9949 91  9  0  0  0  0
14  0      0 15450012 252080 5659420    0    0     0     0 12135 15455 90 10  1  0  0  0
11  2      0 15450192 252080 5659180    0    0     0  1748 12380 14569 89 10  0  0  0  0
15  0      0 15446016 252084 5659192    0    0     0   308 11226 12304 92  8  0  0  0  0
13  0      0 15396592 252084 5659204    0    0     0     0 11444 13508 89 11  0  0  0  0
17  0      0 15392288 252084 5659616    0    0     0     4 10912 11384 91  9  0  0  0  0
26  0      0 15376744 252084 5659632    0    0     0     0 11769 14439 91  9  0  0  0  0
22  0      0 15374792 252084 5659652    0    0     0     0 11112 11568 91  9  0  0  0  0
24  0      0 15391564 252088 5659660    0    0     0    72 11289 12246 91  9  0  0  0  0
16  0      0 15383272 252088 5659680    0    0     0     0 11431 12602 91  9  0  0  0  0
11  0      0 15394548 252088 5659688    0    0     0     0 10704 9580 92  8  0  0  0  0
15  0      0 15384960 252088 5659708    0    0     0     0 11868 15020 90 10  0  0  0  0
20  0      0 15409116 252088 5659720    0    0     0     0 11392 12925 91  9  0  0  0  0
14  0      0 15423816 252092 5659732    0    0     0   100 11626 13501 91 10  0  0  0  0
18  0      0 15423724 252092 5659752    0    0     0     0 10628 9755 91  9  0  0  0  0
procs ----------mémoire---------- -échange- -----io---- -système- ------cpu--------
 r  b   swpd  libre tampon  cache   si   so    bi    bo   in   cs us sy id wa st gu
20  1      0 15419832 252092 5659760    0    0     0   228 11686 14411 90 10  0  0  0  0
16  0      0 15426484 252096 5659800    0    0     0   156 11453 12734 91  9  0  0  0  0
19  0      0 15444484 252096 5659816    0    0     0     0 11602 13332 91  9  0  0  0  0
10  0      0 15432448 252104 5659828    0    0     0   120 10661 9657 92  8  0  0  0  0
22  0      0 15421340 252104 5659836    0    0     0     0 11603 13614 91  9  0  0  0  0
21  0      0 15416792 252104 5659852    0    0     0     0 11071 11856 90 10  0  0  0  0
16  0      0 15420740 252104 5659868    0    0     0     0 11332 12397 91  9  0  0  0  0
12  1      0 15450624 252104 5659816    0    0     0  1084 12507 15424 89 10  0  0  0  0
15  0      0 15440992 252120 5659836    0    0     0  1224 11486 12335 90 10  0  0  0  0
15  0      0 15433688 252120 5659848    0    0     0    92 12965 16819 90 10  0  0  0  0
16  0      0 15435248 252120 5659848    0    0     0     0 11461 12917 91  9  0  0  0  0
23  0      0 15437252 252120 5659872    0    0     0     0 11680 13277 91  9  0  0  0  0
10  0      0 15426868 252120 5659888    0    0     0     0 10737 10019 91  8  0  0  0  0
14  0      0 15436060 252120 5659900    0    0     0     0 12518 15778 91  9  0  0  0  0
16  0      0 15438484 252120 5659912    0    0     0    28 11339 12559 89 11  0  0  0  0
14  0      0 15445412 252120 5659928    0    0     0     0 11361 12506 91  9  0  0  0  0
16  0      0 15454392 252120 5659948    0    0     0     0 10845 10763 91  9  0  0  0  0
27  0      0 15445320 252120 5659964    0    0     0     0 11105 11184 90 10  0  0  0  0
12  0      0 15432240 252120 5659976    0    0     0     0 12252 14862 91  9  0  0  0  0
17  0      0 15420700 252124 5659984    0    0     0    24 10896 11761 91  9  0  0  0  0
16  0      0 15440804 252124 5660004    0    0     0     0 11590 13510 91  9  0  0  0  0
procs ----------mémoire---------- -échange- -----io---- -système- ------cpu--------
 r  b   swpd  libre tampon  cache   si   so    bi    bo   in   cs us sy id wa st gu
13  0      0 15458704 252124 5660016    0    0     0     0 10896 10479 91  9  0  0  0  0
14  0      0 15446320 252124 5660032    0    0     0     0 11669 14298 91  9  0  0  0  0
13  0      0 15437992 252136 5660044    0    0     0   104 11637 13666 90 10  0  0  0  0
16  0      0 15434812 252136 5660068    0    0     0     0 11872 13858 91  9  0  0  0  0
15  1      0 15444876 252136 5659996    0    0     0  2012 12092 13800 90 10  0  0  0  0
14  0      0 15447188 252140 5660000    0    0     0   268 12560 15343 91  9  0  0  0  0
16  0      0 15457052 252140 5660016    0    0     0     0 11482 12898 91  9  0  0  0  0
20  0      0 15434732 252140 5660028    0    0     0     4 11226 11676 91  9  0  0  0  0
12  0      0 15488408 252140 5660048    0    0     0     0 11204 12274 90 10  0  0  0  0
14  0      0 15484188 252140 5659680    0    0     0    16 10652 9937 91  8  0  0  0  0
13  1      0 15478524 252144 5659608    0    0     0  1748 13115 17655 89 10  0  0  0  0
13  0      0 15487432 252148 5659620    0    0     0   284 12201 14329 90 10  0  0  0  0
16  0      0 15488612 252148 5659632    0    0     0     4 11612 13354 91  9  0  0  0  0
24  0      0 15494920 252148 5659640    0    0     0     0 10802 10634 91 10  0  0  0  0
15  0      0 15486484 252148 5659656    0    0     0     0 11992 14334 91  9  0  0  0  0
14  0      0 15479692 252148 5659668    0    0     0     0 11510 13103 91  9  0  0  0  0
12  0      0 15487384 252148 5659684    0    0     0    60 11140 12250 91  9  0  0  0  0
15  0      0 15482444 252148 5659704    0    0     0     0 10872 10714 91  9  0  0  0  0
15  0      0 15493564 252148 5659716    0    0     0     0 11882 14646 91  9  1  0  0  0
22  0      0 15484248 252152 5659716    0    0     0    68 10884 10694 92  8  0  0  0  0
12  2      0 15492976 252156 5659652    0    0     0  1824 12417 14560 89 10  0  0  0  0
procs ----------mémoire---------- -échange- -----io---- -système- ------cpu--------
 r  b   swpd  libre tampon  cache   si   so    bi    bo   in   cs us sy id wa st gu
 9  0      0 15511968 252168 5659644    0    0     0   304 12031 14339 90 10  0  0  0  0
16  0      0 15515244 252168 5659660    0    0     0     0 10944 10685 91  9  0  0  0  0
16  0      0 15506716 252168 5659680    0    0     0     0 12286 14198 90 10  0  0  0  0
18  0      0 15500028 252168 5659688    0    0     0     0 11263 12135 90 10  0  0  0  0
10  0      0 15489388 252168 5651524    0    0     0     0 11369 12157 91 10  0  0  0  0
11  0      0 15498800 252168 5651532    0    0     0    64 10784 9979 91  9  1  0  0  0
16  0      0 15499804 252168 5651544    0    0     0     0 11523 12988 91  8  0  0  0  0
19  1      0 15462936 252168 5651844    0    0     0   124 12310 14804 89 11  0  0  0  0
20  0      0 15479876 252196 5651848    0    0     0  2176 12572 14770 89 11  0  0  0  0
17  0      0 15465264 252200 5651876    0    0     0    84 11305 12513 91  9  0  0  0  0
14  0      0 15486584 252200 5651896    0    0     0     4 10681 10067 91  8  0  0  0  0
11  0      0 15484976 252200 5651912    0    0     0     0 10921 10434 91  9  0  0  0  0
23  0      0 15452932 252200 5651920    0    0     0     0 11668 14049 90 10  0  0  0  0
12  0      0 15467544 252200 5651932    0    0     0     0 11192 11615 91  9  0  0  0  0
 9  3      0 15464388 252204 5651944    0    0     0    20 11362 12568 91  9  0  0  0  0
19  0      0 15493392 252204 5651956    0    0     0     4 11095 11059 90  9  0  0  0  0
17  0      0 15483384 252204 5651972    0    0     0     0 11963 13761 91  9  0  0  0  0
12  0      0 15475516 252204 5651976    0    0     0     0 11585 12443 91  9  0  0  0  0
15  1      0 15480452 252208 5651996    0    0     0   288 11575 13100 90 10  0  0  0  0
11  1      0 15478224 252224 5652024    0    0     0   320 11520 12688 91  9  0  0  0  0
12  0      0 15485624 252232 5651980    0    0     0  2028 12402 15321 90 10  0  0  0  0
procs ----------mémoire---------- -échange- -----io---- -système- ------cpu--------
 r  b   swpd  libre tampon  cache   si   so    bi    bo   in   cs us sy id wa st gu
14  2      0 15487780 252240 5651896    0    0     0  1672 12024 13510 89 10  0  0  0  0
17  0      0 15488148 252244 5651896    0    0     0   272 11199 12170 91  9  0  0  0  0
20  0      0 15493772 252244 5651912    0    0     0     0 11342 12479 91  9  0  0  0  0
15  0      0 15508544 252244 5651928    0    0     0     0 10884 10484 91  9  0  0  0  0
15  0      0 15513144 252244 5651936    0    0     0     4 11600 13104 91  9  0  0  0  0
11  2      0 15494392 252244 5651948    0    0     0    52 12221 14392 90  9  0  0  0  0
18  1      0 15489928 252252 5651804    0    0     0  2196 12939 16278 89 11  0  0  0  0
16  0      0 15508540 252260 5651744    0    0     0   340 11486 11904 90  9  0  0  0  0
13  0      0 15510276 252264 5651748    0    0     0   108 11213 10916 91  9  0  0  0  0
14  1      0 15528284 252264 5651704    0    0     0  1696 13123 17003 90 10  0  0  0  0
13  0      0 15520492 252268 5651672    0    0     0   296 11918 12801 90  9  0  0  0  0
16  0      0 15534764 252268 5651676    0    0     0     0 11210 11475 90 10  1  0  0  0
12  0      0 15524048 252268 5651688    0    0     0     0 10620 9700 91  8  0  0  0  0
12  1      0 15525804 252276 5651612    0    0     0  1852 12981 16500 89 11  1  0  0  0
12  0      0 15520128 252276 5651588    0    0     0    68 11208 11296 91  9  1  0  0  0
16  0      0 15521184 252276 5651596    0    0     0     0 11369 11497 90  9  1  0  0  0
12  1      0 15528608 252288 5651516    0    0     0  1628 12527 13936 89 11  1  0  0  0
17  0      0 15537876 252300 5651480    0    0     0   268 11611 12411 90  9  1  0  0  0
 9  0      0 15544792 252300 5651488    0    0     0     4 11225 11376 90  8  2  0  0  0
32  0      0 15552220 252300 5651428    0    0     0    84 11904 13422 89  9  2  0  0  0
12  0      0 15550772 252320 5651360    0    0     0  1756 11964 12583 88 10  2  1  0  0
procs ----------mémoire---------- -échange- -----io---- -système- ------cpu--------
 r  b   swpd  libre tampon  cache   si   so    bi    bo   in   cs us sy id wa st gu
12  0      0 15550388 252320 5651368    0    0     0     0 10615 9323 88  8  3  0  0  0
12  0      0 15547980 252320 5651376    0    0     0     0 11648 12484 88  9  3  0  0  0
11  1      0 15565960 252328 5651308    0    0     0  1684 11677 13090 84 11  5  1  0  0
11  0      0 15578032 252332 5651216    0    0     0   284 10843 10959 87  9  4  0  0  0
11  0      0 15565044 252332 5651224    0    0     0     0 10670 10035 87  8  4  0  0  0
13  0      0 15582552 252332 5651232    0    0     0     0 10343 9145 88  8  4  0  0  0
10  0      0 15569184 252332 5651240    0    0     0     0 10911 11858 85  9  7  0  0  0
 9  1      0 15561216 252352 5651064    0    0     0  1812 11055 12662 77  9 12  2  0  0
 8  1      0 15573756 252380 5650900    0    0     0  1864 11391 13954 70  9 18  3  0  0
 7  0      0 15590868 252388 5650916    0    0     0   188 9301 10036 66  7 26  1  0  0
 6  1      0 15609248 252388 5650848    0    0     0    60 9722 11458 67  8 24  1  0  0
 6  2      0 15596072 252404 5650756    0    0     0  1840 10575 13940 52  7 32 10  0  0
 3  4      0 15610724 252408 5650556    0    0     0  2244 9061 11898 34  5 33 28  0  0
 2  2      0 15632860 252416 5650316    0    0     0   788 6261 9558 16  2 58 23  0  0
 2  2      0 15636736 252420 5650200    0    0     0  2216 2571 3028 14  1 52 34  0  0
 4  0      0 15651616 252440 5651776    0    0     0  1232 5246 6368 14  2 64 20  0  0
 3  0      0 15625268 252440 5651792    0    0     0     0 20600 32304 22  9 69  0  0  0
 2  1      0 15652132 252448 5653832    0    0     0   976 9891 14227 17  3 72  8  0  0
 2  1      0 15650536 252472 5653736    0    0     0  1004 4681 7316 14  1 73 13  0  0
 2  1      0 15690108 252488 5653644    0    0     0  1064 5018 6346 14  1 74 11  0  0
 2  1      0 15685048 252504 5653596    0    0     0  1204 3709 4402 13  1 72 14  0  0
procs ----------mémoire---------- -échange- -----io---- -système- ------cpu--------
 r  b   swpd  libre tampon  cache   si   so    bi    bo   in   cs us sy id wa st gu
 2  1      0 15690072 252528 5653512    0    0     0   924 5015 7792 14  1 74 11  0  0
 2  1      0 15694288 252552 5653624    0    0     0   904 4945 6385 13  1 74 11  0  0
 2  1      0 15699848 252584 5653516    0    0     0  1000 4704 5828 14  1 74 11  0  0
 2  1      0 15696348 252612 5653444    0    0     0   964 5189 7393 14  1 73 11  0  0
 2  1      0 15656084 252640 5653752    0    0     0   932 5498 7165 15  2 71 11  0  0
 2  1      0 15647788 252656 5653672    0    0     0   896 4724 5872 14  1 74 12  0  0
 3  1      0 15651232 252680 5653592    0    0     0   884 4436 5663 13  1 74 12  0  0
 2  1      0 15657356 252700 5653512    0    0     0   952 4958 7733 14  1 74 11  0  0
 3  0      0 15662572 252716 5653436    0    0     0   908 4585 5745 13  1 74 12  0  0
 1  1      0 15663732 252740 5653332    0    0     0  1088 5053 6202 13  1 74 11  0  0
 1  1      0 15664740 252760 5653252    0    0     0   992 5234 7980 14  1 73 12  0  0
 1  1      0 15671668 252784 5653148    0    0     0  1028 4899 6451 14  1 74 11  0  0
 1  1      0 15668072 252812 5653060    0    0     0   988 4555 5635 14  1 74 12  0  0
 1  1      0 15677904 252828 5652988    0    0     0   960 5396 8162 14  1 74 12  0  0
 1  1      0 15695448 252844 5652880    0    0     0  1072 5013 6361 13  1 74 12  0  0
 1  2      0 15698448 252844 5653024    0    0     0  1256 4535 5759 14  1 73 12  0  0
 1  1      0 15683592 252868 5652720    0    0     0  1032 4938 7523 14  1 71 14  0  0
 1  1      0 15705448 252900 5652624    0    0     0  1164 5120 6326 13  1 74 11  0  0
 1  1      0 15699012 252924 5652532    0    0     0  1080 4376 5425 14  1 72 13  0  0
 1  1      0 15702820 252936 5652432    0    0     0  1068 5174 8029 14  1 73 12  0  0
 1  1      0 15713716 252948 5652344    0    0     0   928 4683 5930 13  1 74 12  0  0
procs ----------mémoire---------- -échange- -----io---- -système- ------cpu--------
 r  b   swpd  libre tampon  cache   si   so    bi    bo   in   cs us sy id wa st gu
 1  1      0 15713404 252984 5652264    0    0     0   884 4048 4880 13  1 74 12  0  0
 1  1      0 15700440 253016 5652196    0    0     0   896 4547 7014 14  1 73 12  0  0
 1  1      0 15706984 253036 5652124    0    0     0   892 4857 6425 13  1 74 12  0  0
 1  1      0 15706772 253052 5652060    0    0     0   708 3790 4172 13  1 74 12  0  0
 1  1      0 15707408 253072 5651952    0    0     0  1068 4447 6956 14  1 74 11  0  0
 1  1      0 15716256 253076 5651840    0    0     0   888 4208 5376 13  1 74 12  0  0
 1  1      0 15722816 253096 5651764    0    0     0   856 3756 4397 13  1 74 12  0  0
 2  2      0 15724916 253104 5651596    0    0     0  1664 5994 9747 10  3 73 14  0  0
 1  1      0 15738604 253124 5651596    0    0     0  1640 2502 3065  1  2 71 26  0  0
