Linux 6.17.0-19-generic (tolokoum-HP-ProBook-640-G4) 	04/06/2026 	_x86_64_	(8 CPU)

07:40:43     CPU    %usr   %nice    %sys %iowait    %irq   %soft  %steal  %guest  %gnice   %idle
07:40:44     all    3,75    0,13    2,63   17,52    0,00    0,13    0,00    0,00    0,00   75,84
07:40:45     all    3,92    0,00    2,41   10,38    0,00    0,00    0,00    0,00    0,00   83,29
07:40:46     all    7,95    0,00    4,67   10,35    0,00    0,13    0,00    0,00    0,00   76,89
07:40:47     all    2,91    0,00    3,03    9,73    0,00    0,00    0,00    0,00    0,00   84,32
07:40:48     all    9,22    0,00    9,34    0,00    0,00    0,00    0,00    0,00    0,00   81,44
07:40:49     all    4,17    0,25    4,30    7,96    0,00    0,00    0,00    0,00    0,00   83,31
07:40:50     all    4,04    0,00    3,41   10,61    0,00    0,00    0,00    0,00    0,00   81,94
07:40:51     all    8,91    0,13    3,51    4,77    0,00    0,00    0,00    0,00    0,00   82,69
07:40:52     all   13,03    0,00    1,13    0,25    0,00    0,00    0,00    0,00    0,00   85,59
07:40:53     all   13,17    0,00    0,63    0,00    0,00    0,00    0,00    0,00    0,00   86,20
07:40:54     all   13,39    0,00    1,00    0,00    0,00    0,00    0,00    0,00    0,00   85,61
07:40:55     all   13,38    0,00    0,75    0,00    0,00    0,00    0,00    0,00    0,00   85,88
07:40:56     all   12,78    0,00    0,88    0,00    0,00    0,00    0,00    0,00    0,00   86,34
07:40:57     all   13,34    0,00    0,87    0,37    0,00    0,00    0,00    0,00    0,00   85,41
07:40:58     all   14,21    0,00    1,76    4,15    0,00    0,00    0,00    0,00    0,00   79,87
07:40:59     all   13,38    0,00    1,12   13,88    0,00    0,12    0,00    0,00    0,00   71,50
07:41:00     all   17,21    0,00    2,64   11,18    0,00    0,00    0,00    0,00    0,00   68,97
07:41:01     all   25,44    0,00    2,64   18,77    0,00    0,00    0,00    0,00    0,00   53,15
07:41:02     all   26,73    0,00    4,02   10,04    0,00    0,00    0,00    0,00    0,00   59,22
07:41:03     all   35,97    0,13    4,03   12,20    0,00    0,13    0,00    0,00    0,00   47,55
07:41:04     all   36,18    0,00    4,02    9,92    0,00    0,00    0,00    0,00    0,00   49,87
07:41:05     all   42,52    0,00    5,41    6,67    0,00    0,25    0,00    0,00    0,00   45,16
07:41:06     all   47,43    0,00    5,02   11,17    0,00    0,25    0,00    0,00    0,00   36,14
07:41:07     all   49,18    0,13    6,54    9,06    0,00    0,00    0,00    0,00    0,00   35,09
07:41:08     all   55,37    0,00    6,32    8,60    0,00    0,00    0,00    0,00    0,00   29,71
07:41:09     all   57,76    0,00    6,18    7,19    0,00    0,00    0,00    0,00    0,00   28,88
07:41:10     all   60,98    0,00    7,45    4,80    0,00    0,00    0,00    0,00    0,00   26,77
07:41:11     all   71,36    0,00    8,42    3,39    0,00    0,00    0,00    0,00    0,00   16,83
07:41:12     all   69,79    0,00    8,24    2,75    0,00    0,37    0,00    0,00    0,00   18,85
07:41:13     all   75,41    0,13    8,83    3,03    0,00    0,00    0,00    0,00    0,00   12,61
07:41:14     all   80,33    0,00    7,82    2,02    0,00    0,13    0,00    0,00    0,00    9,71
07:41:15     all   80,73    0,00    9,39    1,25    0,00    0,13    0,00    0,00    0,00    8,51
07:41:16     all   86,02    0,00    8,44    1,39    0,00    0,00    0,00    0,00    0,00    4,16
07:41:17     all   87,04    0,00   10,06    0,25    0,00    0,13    0,00    0,00    0,00    2,52
07:41:18     all   86,34    0,00    9,77    0,88    0,00    0,00    0,00    0,00    0,00    3,01
07:41:19     all   89,71    0,00    8,66    0,00    0,00    0,13    0,00    0,00    0,00    1,51
07:41:20     all   87,48    0,13   10,01    0,50    0,00    0,13    0,00    0,00    0,00    1,75
07:41:21     all   88,85    0,00    9,52    0,25    0,00    0,25    0,00    0,00    0,00    1,13
07:41:22     all   88,81    0,12    9,45    0,37    0,00    0,25    0,00    0,00    0,00    1,00
07:41:23     all   89,21    0,00    9,41    0,25    0,00    0,13    0,00    0,00    0,00    1,00
07:41:24     all   90,12    0,00    9,38    0,00    0,00    0,12    0,00    0,00    0,00    0,38
07:41:25     all   87,62    0,00    9,62    0,12    0,00    0,12    0,00    0,00    0,00    2,50
07:41:26     all   90,59    0,13    8,91    0,00    0,00    0,13    0,00    0,00    0,00    0,25
07:41:27     all   89,22    0,00   10,53    0,00    0,00    0,13    0,00    0,00    0,00    0,13
07:41:28     all   88,38    0,12   10,88    0,00    0,00    0,00    0,00    0,00    0,00    0,62
07:41:29     all   90,36    0,00    8,89    0,00    0,00    0,00    0,00    0,00    0,00    0,75
07:41:30     all   88,10    0,00   11,53    0,13    0,00    0,13    0,00    0,00    0,00    0,13
07:41:31     all   90,00    0,12    9,25    0,00    0,00    0,38    0,00    0,00    0,00    0,25
07:41:32     all   89,89    0,00    9,99    0,12    0,00    0,00    0,00    0,00    0,00    0,00
07:41:33     all   88,26    0,00   11,24    0,00    0,00    0,37    0,00    0,00    0,00    0,12
07:41:34     all   89,91    0,12    9,46    0,25    0,00    0,12    0,00    0,00    0,00    0,12
07:41:35     all   89,57    0,00   10,05    0,00    0,00    0,13    0,00    0,00    0,00    0,25
07:41:36     all   88,11    0,13   11,76    0,00    0,00    0,00    0,00    0,00    0,00    0,00
07:41:37     all   90,01    0,00    9,86    0,00    0,00    0,12    0,00    0,00    0,00    0,00
07:41:38     all   89,21    0,00   10,79    0,00    0,00    0,00    0,00    0,00    0,00    0,00
07:41:39     all   89,15    0,12    9,98    0,12    0,00    0,12    0,00    0,00    0,00    0,50
07:41:40     all   89,64    0,00    9,61    0,12    0,00    0,25    0,00    0,00    0,00    0,37
07:41:41     all   87,64    0,12   11,86    0,00    0,00    0,12    0,00    0,00    0,00    0,25
07:41:42     all   89,88    0,00    9,75    0,00    0,00    0,38    0,00    0,00    0,00    0,00
07:41:43     all   87,83    0,00   11,92    0,00    0,00    0,13    0,00    0,00    0,00    0,13
07:41:44     all   89,62    0,12    9,75    0,12    0,00    0,12    0,00    0,00    0,00    0,25
07:41:45     all   88,75    0,12   10,88    0,00    0,00    0,12    0,00    0,00    0,00    0,12
07:41:46     all   88,89    0,00   10,49    0,00    0,00    0,37    0,00    0,00    0,00    0,25
07:41:47     all   89,74    0,00   10,26    0,00    0,00    0,00    0,00    0,00    0,00    0,00
07:41:48     all   88,86    0,13   11,01    0,00    0,00    0,00    0,00    0,00    0,00    0,00
07:41:49     all   88,89    0,00   10,61    0,12    0,00    0,25    0,00    0,00    0,00    0,12
07:41:50     all   90,10    0,00    9,40    0,00    0,00    0,25    0,00    0,00    0,00    0,25
07:41:51     all   88,15    0,12   11,35    0,00    0,00    0,25    0,00    0,00    0,00    0,12
07:41:52     all   89,11    0,00   10,64    0,00    0,00    0,00    0,00    0,00    0,00    0,25
07:41:53     all   88,90    0,12   10,85    0,00    0,00    0,00    0,00    0,00    0,00    0,12
07:41:54     all   87,78    0,00   11,97    0,00    0,00    0,25    0,00    0,00    0,00    0,00
07:41:55     all   90,14    0,00    9,61    0,00    0,00    0,12    0,00    0,00    0,00    0,12
07:41:56     all   89,46    0,00   10,29    0,00    0,00    0,25    0,00    0,00    0,00    0,00
07:41:57     all   87,52    0,00   12,23    0,00    0,00    0,25    0,00    0,00    0,00    0,00
07:41:58     all   89,99    0,00   10,01    0,00    0,00    0,00    0,00    0,00    0,00    0,00
07:41:59     all   90,11    0,25    9,51    0,00    0,00    0,13    0,00    0,00    0,00    0,00
07:42:00     all   87,88    0,12   12,00    0,00    0,00    0,00    0,00    0,00    0,00    0,00
07:42:01     all   90,73    0,00    9,15    0,00    0,00    0,00    0,00    0,00    0,00    0,13
07:42:02     all   88,79    0,00   10,71    0,00    0,00    0,50    0,00    0,00    0,00    0,00
07:42:03     all   86,95    0,13   12,92    0,00    0,00    0,00    0,00    0,00    0,00    0,00
07:42:04     all   89,12    0,12   10,62    0,00    0,00    0,00    0,00    0,00    0,00    0,12
07:42:05     all   89,17    0,00   10,21    0,00    0,00    0,50    0,00    0,00    0,00    0,12
07:42:06     all   89,97    0,13    9,90    0,00    0,00    0,00    0,00    0,00    0,00    0,00
07:42:07     all   88,89    0,00   11,11    0,00    0,00    0,00    0,00    0,00    0,00    0,00
07:42:08     all   89,50    0,00   10,25    0,00    0,00    0,25    0,00    0,00    0,00    0,00
07:42:09     all   88,21    0,00   11,67    0,00    0,00    0,13    0,00    0,00    0,00    0,00
07:42:10     all   88,60    0,00   11,28    0,00    0,00    0,13    0,00    0,00    0,00    0,00
07:42:11     all   87,80    0,12   12,08    0,00    0,00    0,00    0,00    0,00    0,00    0,00
07:42:12     all   88,11    0,00   11,51    0,13    0,00    0,13    0,00    0,00    0,00    0,13
07:42:13     all   89,49    0,00    8,89    1,38    0,00    0,13    0,00    0,00    0,00    0,13
07:42:14     all   89,69    0,00    9,94    0,00    0,00    0,25    0,00    0,00    0,00    0,13
07:42:15     all   89,14    0,00   10,49    0,00    0,00    0,12    0,00    0,00    0,00    0,25
07:42:16     all   89,79    0,12    9,59    0,00    0,00    0,37    0,00    0,00    0,00    0,12
07:42:17     all   88,35    0,00   11,65    0,00    0,00    0,00    0,00    0,00    0,00    0,00
07:42:18     all   88,50    0,00   10,88    0,12    0,00    0,12    0,00    0,00    0,00    0,38
07:42:19     all   89,38    0,25   10,38    0,00    0,00    0,00    0,00    0,00    0,00    0,00
07:42:20     all   87,39    0,25   11,99    0,00    0,00    0,25    0,00    0,00    0,00    0,12
07:42:21     all   88,97    0,00   10,90    0,00    0,00    0,13    0,00    0,00    0,00    0,00
07:42:22     all   87,77    0,00    9,99    1,50    0,00    0,12    0,00    0,00    0,00    0,62
07:42:23     all   89,15    0,12   10,60    0,00    0,00    0,12    0,00    0,00    0,00    0,00
07:42:24     all   89,74    0,00    9,76    0,25    0,00    0,25    0,00    0,00    0,00    0,00
07:42:25     all   90,00    0,00    9,88    0,00    0,00    0,12    0,00    0,00    0,00    0,00
07:42:26     all   88,50    0,12   11,25    0,00    0,00    0,00    0,00    0,00    0,00    0,12
07:42:27     all   90,00    0,00   10,00    0,00    0,00    0,00    0,00    0,00    0,00    0,00
07:42:28     all   88,50    0,12   11,00    0,00    0,00    0,25    0,00    0,00    0,00    0,12
07:42:29     all   86,89    0,00   12,73    0,00    0,00    0,12    0,00    0,00    0,00    0,25
07:42:30     all   88,30    0,00   11,57    0,00    0,00    0,13    0,00    0,00    0,00    0,00
07:42:31     all   90,40    0,12    9,23    0,00    0,00    0,25    0,00    0,00    0,00    0,00
07:42:32     all   89,61    0,00   10,14    0,00    0,00    0,13    0,00    0,00    0,00    0,13
07:42:33     all   88,86    0,00   10,89    0,00    0,00    0,25    0,00    0,00    0,00    0,00
07:42:34     all   89,76    0,00    9,86    0,25    0,00    0,12    0,00    0,00    0,00    0,00
07:42:35     all   88,68    0,12   10,82    0,00    0,00    0,25    0,00    0,00    0,00    0,12
07:42:36     all   89,64    0,00    9,86    0,00    0,00    0,25    0,00    0,00    0,00    0,25
07:42:37     all   89,21    0,13   10,41    0,00    0,00    0,13    0,00    0,00    0,00    0,13
07:42:38     all   88,49    0,00   11,39    0,00    0,00    0,13    0,00    0,00    0,00    0,00
07:42:39     all   89,15    0,12   10,47    0,00    0,00    0,25    0,00    0,00    0,00    0,00
07:42:40     all   89,66    0,00    9,59    0,00    0,00    0,00    0,00    0,00    0,00    0,75
07:42:41     all   88,74    0,13   11,01    0,00    0,00    0,13    0,00    0,00    0,00    0,00
07:42:42     all   89,75    0,00   10,25    0,00    0,00    0,00    0,00    0,00    0,00    0,00
07:42:43     all   88,38    0,12   11,00    0,00    0,00    0,38    0,00    0,00    0,00    0,12
07:42:44     all   89,24    0,00   10,51    0,13    0,00    0,13    0,00    0,00    0,00    0,00
07:42:45     all   88,25    0,00   11,62    0,00    0,00    0,12    0,00    0,00    0,00    0,00
07:42:46     all   90,11    0,13    9,64    0,00    0,00    0,00    0,00    0,00    0,00    0,13
07:42:47     all   89,04    0,00   10,71    0,00    0,00    0,25    0,00    0,00    0,00    0,00
07:42:48     all   87,34    0,13   12,41    0,00    0,00    0,13    0,00    0,00    0,00    0,00
07:42:49     all   90,14    0,00    9,49    0,12    0,00    0,25    0,00    0,00    0,00    0,00
07:42:50     all   88,58    0,00   11,42    0,00    0,00    0,00    0,00    0,00    0,00    0,00
07:42:51     all   88,17    0,12   11,21    0,12    0,00    0,25    0,00    0,00    0,00    0,12
07:42:52     all   90,23    0,00    9,65    0,00    0,00    0,13    0,00    0,00    0,00    0,00
07:42:53     all   87,34    0,13   12,28    0,00    0,00    0,00    0,00    0,00    0,00    0,25
07:42:54     all   88,68    0,00   10,82    0,00    0,00    0,25    0,00    0,00    0,00    0,25
07:42:55     all   89,60    0,13   10,03    0,00    0,00    0,25    0,00    0,00    0,00    0,00
07:42:56     all   90,14    0,00    9,49    0,00    0,00    0,25    0,00    0,00    0,00    0,12
07:42:57     all   85,30    0,00    8,42    5,90    0,00    0,13    0,00    0,00    0,00    0,25
07:42:58     all   81,10    0,00    8,76   10,01    0,00    0,00    0,00    0,00    0,00    0,13
07:42:59     all   87,27    0,00    9,49    3,00    0,00    0,12    0,00    0,00    0,00    0,12
07:43:00     all   90,25    0,12    9,50    0,00    0,00    0,00    0,00    0,00    0,00    0,12
07:43:01     all   89,90    0,12    9,73    0,00    0,00    0,25    0,00    0,00    0,00    0,00
07:43:02     all   90,98    0,00    9,02    0,00    0,00    0,00    0,00    0,00    0,00    0,00
07:43:03     all   88,46    0,00   11,42    0,00    0,00    0,00    0,00    0,00    0,00    0,13
07:43:04     all   88,51    0,00   11,36    0,00    0,00    0,00    0,00    0,00    0,00    0,12
07:43:05     all   89,25    0,00   10,38    0,12    0,00    0,12    0,00    0,00    0,00    0,12
07:43:06     all   89,80    0,12    9,70    0,00    0,00    0,37    0,00    0,00    0,00    0,00
07:43:07     all   88,33    0,00   11,42    0,00    0,00    0,25    0,00    0,00    0,00    0,00
07:43:08     all   90,29    0,12    9,22    0,00    0,00    0,25    0,00    0,00    0,00    0,12
07:43:09     all   89,08    0,00   10,92    0,00    0,00    0,00    0,00    0,00    0,00    0,00
07:43:10     all   88,62    0,12   11,12    0,00    0,00    0,12    0,00    0,00    0,00    0,00
07:43:11     all   89,34    0,00   10,54    0,00    0,00    0,13    0,00    0,00    0,00    0,00
07:43:12     all   90,89    0,00    9,11    0,00    0,00    0,00    0,00    0,00    0,00    0,00
07:43:13     all   88,26    0,12   11,61    0,00    0,00    0,00    0,00    0,00    0,00    0,00
07:43:14     all   88,30    0,00   11,57    0,00    0,00    0,13    0,00    0,00    0,00    0,00
07:43:15     all   86,71    0,12   12,67    0,12    0,00    0,12    0,00    0,00    0,00    0,25
07:43:16     all   85,34    0,00    9,52    4,14    0,00    0,13    0,00    0,00    0,00    0,88
07:43:17     all   89,59    0,00   10,04    0,00    0,00    0,25    0,00    0,00    0,00    0,13
07:43:18     all   87,61    0,00    9,89    2,00    0,00    0,13    0,00    0,00    0,00    0,38
07:43:19     all   85,62    0,00    8,50    5,75    0,00    0,12    0,00    0,00    0,00    0,00
07:43:20     all   91,89    0,00    7,87    0,00    0,00    0,25    0,00    0,00    0,00    0,00
07:43:21     all   88,22    0,13   11,40    0,13    0,00    0,13    0,00    0,00    0,00    0,00
07:43:22     all   90,17    0,12    9,45    0,00    0,00    0,12    0,00    0,00    0,00    0,12
07:43:23     all   90,86    0,00    9,01    0,00    0,00    0,13    0,00    0,00    0,00    0,00
07:43:24     all   89,46    0,13    9,28    0,88    0,00    0,00    0,00    0,00    0,00    0,25
07:43:25     all   88,53    0,00   11,35    0,00    0,00    0,12    0,00    0,00    0,00    0,00
07:43:26     all   89,78    0,00    9,85    0,12    0,00    0,12    0,00    0,00    0,00    0,12
07:43:27     all   89,24    0,13   10,26    0,00    0,00    0,25    0,00    0,00    0,00    0,13
07:43:28     all   88,38    0,00   11,62    0,00    0,00    0,00    0,00    0,00    0,00    0,00
07:43:29     all   89,97    0,00   10,03    0,00    0,00    0,00    0,00    0,00    0,00    0,00
07:43:30     all   90,35    0,00    9,40    0,00    0,00    0,13    0,00    0,00    0,00    0,13
07:43:31     all   88,53    0,00   11,10    0,00    0,00    0,37    0,00    0,00    0,00    0,00
07:43:32     all   90,10    0,00    9,90    0,00    0,00    0,00    0,00    0,00    0,00    0,00
07:43:33     all   88,38    0,00   11,38    0,00    0,00    0,00    0,00    0,00    0,00    0,25
07:43:34     all   90,49    0,00    9,26    0,00    0,00    0,25    0,00    0,00    0,00    0,00
07:43:35     all   90,12    0,00    9,62    0,00    0,00    0,12    0,00    0,00    0,00    0,12
07:43:36     all   88,50    0,00   11,12    0,00    0,00    0,00    0,00    0,00    0,00    0,38
07:43:37     all   88,78    0,12   10,85    0,00    0,00    0,25    0,00    0,00    0,00    0,00
07:43:38     all   90,11    0,00    9,64    0,00    0,00    0,13    0,00    0,00    0,00    0,13
07:43:39     all   88,49    0,00   11,39    0,00    0,00    0,13    0,00    0,00    0,00    0,00
07:43:40     all   87,75    0,12   11,62    0,12    0,00    0,12    0,00    0,00    0,00    0,25
07:43:41     all   89,45    0,00   10,43    0,13    0,00    0,00    0,00    0,00    0,00    0,00
07:43:42     all   89,55    0,12   10,07    0,00    0,00    0,12    0,00    0,00    0,00    0,12
07:43:43     all   89,60    0,00   10,15    0,00    0,00    0,13    0,00    0,00    0,00    0,13
07:43:44     all   88,00    0,12   11,62    0,00    0,00    0,00    0,00    0,00    0,00    0,25
07:43:45     all   89,62    0,00    9,75    0,12    0,00    0,38    0,00    0,00    0,00    0,12
07:43:46     all   88,76    0,12   10,99    0,00    0,00    0,12    0,00    0,00    0,00    0,00
07:43:47     all   88,60    0,00   11,15    0,00    0,00    0,13    0,00    0,00    0,00    0,13
07:43:48     all   89,36    0,00   10,51    0,00    0,00    0,13    0,00    0,00    0,00    0,00
07:43:49     all   89,66    0,00    9,96    0,00    0,00    0,25    0,00    0,00    0,00    0,12
07:43:50     all   88,38    0,12   11,25    0,12    0,00    0,12    0,00    0,00    0,00    0,00
07:43:51     all   89,24    0,13   10,39    0,00    0,00    0,00    0,00    0,00    0,00    0,25
07:43:52     all   89,97    0,13    9,90    0,00    0,00    0,00    0,00    0,00    0,00    0,00
07:43:53     all   88,74    0,00   11,14    0,00    0,00    0,00    0,00    0,00    0,00    0,13
07:43:54     all   87,42    0,12   12,08    0,00    0,00    0,37    0,00    0,00    0,00    0,00
07:43:55     all   88,51    0,12   10,99    0,00    0,00    0,12    0,00    0,00    0,00    0,25
07:43:56     all   89,26    0,12   10,49    0,00    0,00    0,12    0,00    0,00    0,00    0,00
07:43:57     all   89,11    0,00   10,51    0,00    0,00    0,38    0,00    0,00    0,00    0,00
07:43:58     all   90,49    0,00    9,39    0,13    0,00    0,00    0,00    0,00    0,00    0,00
07:43:59     all   88,75    0,00   11,00    0,12    0,00    0,00    0,00    0,00    0,00    0,12
07:44:00     all   89,84    0,00   10,16    0,00    0,00    0,00    0,00    0,00    0,00    0,00
07:44:01     all   88,67    0,12   10,83    0,12    0,00    0,12    0,00    0,00    0,00    0,12
07:44:02     all   88,38    0,00   11,50    0,00    0,00    0,12    0,00    0,00    0,00    0,00
07:44:03     all   87,97    0,13   11,90    0,00    0,00    0,00    0,00    0,00    0,00    0,00
07:44:04     all   90,01    0,00    9,61    0,00    0,00    0,25    0,00    0,00    0,00    0,12
07:44:05     all   89,49    0,13   10,14    0,00    0,00    0,13    0,00    0,00    0,00    0,13
07:44:06     all   88,78    0,00   10,60    0,25    0,00    0,37    0,00    0,00    0,00    0,00
07:44:07     all   88,62    0,12   11,00    0,00    0,00    0,12    0,00    0,00    0,00    0,12
07:44:08     all   90,35    0,00    9,52    0,00    0,00    0,13    0,00    0,00    0,00    0,00
07:44:09     all   89,12    0,00   10,50    0,00    0,00    0,12    0,00    0,00    0,00    0,25
07:44:10     all   87,89    0,00   11,86    0,00    0,00    0,12    0,00    0,00    0,00    0,12
07:44:11     all   88,50    0,12   11,38    0,00    0,00    0,00    0,00    0,00    0,00    0,00
07:44:12     all   91,38    0,00    8,62    0,00    0,00    0,00    0,00    0,00    0,00    0,00
07:44:13     all   88,24    0,00   11,51    0,00    0,00    0,25    0,00    0,00    0,00    0,00
07:44:14     all   88,72    0,00   10,78    0,00    0,00    0,13    0,00    0,00    0,00    0,38
07:44:15     all   88,39    0,00   11,11    0,12    0,00    0,25    0,00    0,00    0,00    0,12
07:44:16     all   89,72    0,13    9,77    0,13    0,00    0,25    0,00    0,00    0,00    0,00
07:44:17     all   90,50    0,00    9,38    0,00    0,00    0,12    0,00    0,00    0,00    0,00
07:44:18     all   89,62    0,12   10,12    0,00    0,00    0,12    0,00    0,00    0,00    0,00
07:44:19     all   88,88    0,00   11,12    0,00    0,00    0,00    0,00    0,00    0,00    0,00
07:44:20     all   89,35    0,00   10,40    0,00    0,00    0,25    0,00    0,00    0,00    0,00
07:44:21     all   86,88    0,12   12,50    0,00    0,00    0,12    0,00    0,00    0,00    0,38
07:44:22     all   88,17    0,12   11,08    0,00    0,00    0,25    0,00    0,00    0,00    0,37
07:44:23     all   89,69    0,00    9,43    0,50    0,00    0,13    0,00    0,00    0,00    0,25
07:44:24     all   89,97    0,00    9,52    0,00    0,00    0,00    0,00    0,00    0,00    0,50
07:44:25     all   89,15    0,12   10,47    0,00    0,00    0,25    0,00    0,00    0,00    0,00
07:44:26     all   89,65    0,00   10,35    0,00    0,00    0,00    0,00    0,00    0,00    0,00
07:44:27     all   89,49    0,00   10,39    0,00    0,00    0,13    0,00    0,00    0,00    0,00
07:44:28     all   89,49    0,13   10,26    0,00    0,00    0,13    0,00    0,00    0,00    0,00
07:44:29     all   89,99    0,00    9,89    0,00    0,00    0,00    0,00    0,00    0,00    0,13
07:44:30     all   89,79    0,00    9,96    0,00    0,00    0,25    0,00    0,00    0,00    0,00
07:44:31     all   90,34    0,00    9,54    0,00    0,00    0,00    0,00    0,00    0,00    0,13
07:44:32     all   89,50    0,12   10,25    0,00    0,00    0,12    0,00    0,00    0,00    0,00
07:44:33     all   91,01    0,00    8,86    0,00    0,00    0,12    0,00    0,00    0,00    0,00
07:44:34     all   88,31    0,12   11,07    0,00    0,00    0,25    0,00    0,00    0,00    0,25
07:44:35     all   88,85    0,00   11,15    0,00    0,00    0,00    0,00    0,00    0,00    0,00
07:44:36     all   89,12    0,00   10,62    0,00    0,00    0,25    0,00    0,00    0,00    0,00
07:44:37     all   89,03    0,25   10,35    0,00    0,00    0,25    0,00    0,00    0,00    0,12
07:44:38     all   88,47    0,00   11,40    0,00    0,00    0,13    0,00    0,00    0,00    0,00
07:44:39     all   89,99    0,00    9,89    0,00    0,00    0,00    0,00    0,00    0,00    0,13
07:44:40     all   88,51    0,12   10,99    0,00    0,00    0,12    0,00    0,00    0,00    0,25
07:44:41     all   89,65    0,00   10,35    0,00    0,00    0,00    0,00    0,00    0,00    0,00
07:44:42     all   89,94    0,00    9,94    0,00    0,00    0,13    0,00    0,00    0,00    0,00
07:44:43     all   89,26    0,00   10,36    0,00    0,00    0,25    0,00    0,00    0,00    0,12
07:44:44     all   89,61    0,00   10,26    0,13    0,00    0,00    0,00    0,00    0,00    0,00
07:44:45     all   88,76    0,00   10,99    0,00    0,00    0,12    0,00    0,00    0,00    0,12
07:44:46     all   89,46    0,00   10,41    0,00    0,00    0,13    0,00    0,00    0,00    0,00
07:44:47     all   90,00    0,12    9,88    0,00    0,00    0,00    0,00    0,00    0,00    0,00
07:44:48     all   88,62    0,00   11,00    0,00    0,00    0,38    0,00    0,00    0,00    0,00
07:44:49     all   88,70    0,25   10,43    0,00    0,00    0,37    0,00    0,00    0,00    0,25
07:44:50     all   89,86    0,00   10,01    0,00    0,00    0,13    0,00    0,00    0,00    0,00
07:44:51     all   89,97    0,00    9,90    0,00    0,00    0,13    0,00    0,00    0,00    0,00
07:44:52     all   88,50    0,00   11,38    0,00    0,00    0,00    0,00    0,00    0,00    0,12
07:44:53     all   89,72    0,00   10,28    0,00    0,00    0,00    0,00    0,00    0,00    0,00
07:44:54     all   89,17    0,12   10,46    0,00    0,00    0,25    0,00    0,00    0,00    0,00
07:44:55     all   89,18    0,00   10,82    0,00    0,00    0,00    0,00    0,00    0,00    0,00
07:44:56     all   88,26    0,12   11,49    0,00    0,00    0,12    0,00    0,00    0,00    0,00
07:44:57     all   90,74    0,00    9,14    0,00    0,00    0,00    0,00    0,00    0,00    0,13
07:44:58     all   88,79    0,00   10,34    0,00    0,00    0,50    0,00    0,00    0,00    0,37
07:44:59     all   87,66    0,00   12,22    0,00    0,00    0,12    0,00    0,00    0,00    0,00
07:45:00     all   90,10    0,00    9,65    0,00    0,00    0,00    0,00    0,00    0,00    0,25
07:45:01     all   89,36    0,13   10,26    0,00    0,00    0,25    0,00    0,00    0,00    0,00
07:45:02     all   88,99    0,13   10,76    0,00    0,00    0,13    0,00    0,00    0,00    0,00
07:45:03     all   88,65    0,00   11,10    0,00    0,00    0,25    0,00    0,00    0,00    0,00
07:45:04     all   89,57    0,00   10,43    0,00    0,00    0,00    0,00    0,00    0,00    0,00
07:45:05     all   89,61    0,00   10,39    0,00    0,00    0,00    0,00    0,00    0,00    0,00
07:45:06     all   87,64    0,12   12,11    0,00    0,00    0,12    0,00    0,00    0,00    0,00
07:45:07     all   89,38    0,12   10,12    0,00    0,00    0,25    0,00    0,00    0,00    0,12
07:45:08     all   90,27    0,00    9,48    0,00    0,00    0,25    0,00    0,00    0,00    0,00
07:45:09     all   89,72    0,00   10,03    0,00    0,00    0,13    0,00    0,00    0,00    0,13
07:45:10     all   88,76    0,00   11,24    0,00    0,00    0,00    0,00    0,00    0,00    0,00
07:45:11     all   88,39    0,12   11,36    0,12    0,00    0,00    0,00    0,00    0,00    0,00
07:45:12     all   89,59    0,00   10,04    0,00    0,00    0,13    0,00    0,00    0,00    0,25
07:45:13     all   86,05    0,12   13,20    0,12    0,00    0,37    0,00    0,00    0,00    0,12
07:45:14     all   85,86    0,00    9,39    4,63    0,00    0,13    0,00    0,00    0,00    0,00
07:45:15     all   88,76    0,25   10,99    0,00    0,00    0,00    0,00    0,00    0,00    0,00
07:45:16     all   89,03    0,00   10,47    0,12    0,00    0,12    0,00    0,00    0,00    0,25
07:45:17     all   88,03    0,00   11,47    0,00    0,00    0,50    0,00    0,00    0,00    0,00
07:45:18     all   87,34    0,00    9,15    3,38    0,00    0,00    0,00    0,00    0,00    0,13
07:45:19     all   89,34    0,00   10,54    0,00    0,00    0,13    0,00    0,00    0,00    0,00
07:45:20     all   88,61    0,00    9,64    1,63    0,00    0,00    0,00    0,00    0,00    0,13
07:45:21     all   90,86    0,00    9,01    0,00    0,00    0,13    0,00    0,00    0,00    0,00
07:45:22     all   88,89    0,12   10,99    0,00    0,00    0,00    0,00    0,00    0,00    0,00
07:45:23     all   88,72    0,00   11,15    0,00    0,00    0,13    0,00    0,00    0,00    0,00
07:45:24     all   88,83    0,00   10,79    0,00    0,00    0,38    0,00    0,00    0,00    0,00
07:45:25     all   89,39    0,00   10,24    0,00    0,00    0,37    0,00    0,00    0,00    0,00
07:45:26     all   90,17    0,12    9,45    0,00    0,00    0,00    0,00    0,00    0,00    0,25
07:45:27     all   88,33    0,00   11,54    0,00    0,00    0,13    0,00    0,00    0,00    0,00
07:45:28     all   90,00    0,00    9,75    0,00    0,00    0,12    0,00    0,00    0,00    0,12
07:45:29     all   88,92    0,12   10,96    0,00    0,00    0,00    0,00    0,00    0,00    0,00
07:45:30     all   90,23    0,00    9,65    0,00    0,00    0,13    0,00    0,00    0,00    0,00
07:45:31     all   90,48    0,00    9,52    0,00    0,00    0,00    0,00    0,00    0,00    0,00
07:45:32     all   89,24    0,00   10,64    0,00    0,00    0,00    0,00    0,00    0,00    0,13
07:45:33     all   88,22    0,13   11,53    0,00    0,00    0,13    0,00    0,00    0,00    0,00
07:45:34     all   88,93    0,00   10,57    0,12    0,00    0,25    0,00    0,00    0,00    0,12
07:45:35     all   88,75    0,12   10,62    0,00    0,00    0,38    0,00    0,00    0,00    0,12
07:45:36     all   88,78    0,00   10,97    0,12    0,00    0,00    0,00    0,00    0,00    0,12
07:45:37     all   88,36    0,13   10,76    0,25    0,00    0,13    0,00    0,00    0,00    0,38
07:45:38     all   88,76    0,00   10,36    0,37    0,00    0,12    0,00    0,00    0,00    0,37
07:45:39     all   87,83    0,00   11,42    0,38    0,00    0,00    0,00    0,00    0,00    0,38
07:45:40     all   87,50    0,12   12,25    0,00    0,00    0,12    0,00    0,00    0,00    0,00
07:45:41     all   87,89    0,00   11,86    0,00    0,00    0,12    0,00    0,00    0,00    0,12
07:45:42     all   88,76    0,00   10,99    0,00    0,00    0,12    0,00    0,00    0,00    0,12
07:45:43     all   86,22    0,00   13,66    0,00    0,00    0,00    0,00    0,00    0,00    0,13
07:45:44     all   86,27    0,12   13,36    0,00    0,00    0,25    0,00    0,00    0,00    0,00
07:45:45     all   90,11    0,00    9,64    0,00    0,00    0,13    0,00    0,00    0,00    0,13
07:45:46     all   89,35    0,00   10,40    0,00    0,00    0,25    0,00    0,00    0,00    0,00
07:45:47     all   89,49    0,00   10,51    0,00    0,00    0,00    0,00    0,00    0,00    0,00
07:45:48     all   89,11    0,13   10,51    0,00    0,00    0,25    0,00    0,00    0,00    0,00
07:45:49     all   88,51    0,00   11,24    0,25    0,00    0,00    0,00    0,00    0,00    0,00
07:45:50     all   89,76    0,12    9,99    0,00    0,00    0,12    0,00    0,00    0,00    0,00
07:45:51     all   89,29    0,00   10,21    0,00    0,00    0,37    0,00    0,00    0,00    0,12
07:45:52     all   88,12    0,00   11,75    0,00    0,00    0,12    0,00    0,00    0,00    0,00
07:45:53     all   89,82    0,13    9,92    0,13    0,00    0,00    0,00    0,00    0,00    0,00
07:45:54     all   88,90    0,12   10,72    0,00    0,00    0,12    0,00    0,00    0,00    0,12
07:45:55     all   89,08    0,00   10,79    0,00    0,00    0,00    0,00    0,00    0,00    0,13
07:45:56     all   88,14    0,12   11,36    0,00    0,00    0,37    0,00    0,00    0,00    0,00
07:45:57     all   90,14    0,00    9,74    0,00    0,00    0,12    0,00    0,00    0,00    0,00
07:45:58     all   89,22    0,00   10,53    0,00    0,00    0,25    0,00    0,00    0,00    0,00
07:45:59     all   88,53    0,12   11,22    0,00    0,00    0,12    0,00    0,00    0,00    0,00
07:46:00     all   88,90    0,00   10,60    0,00    0,00    0,25    0,00    0,00    0,00    0,25
07:46:01     all   89,22    0,00   10,53    0,00    0,00    0,00    0,00    0,00    0,00    0,25
07:46:02     all   88,86    0,00   11,01    0,00    0,00    0,13    0,00    0,00    0,00    0,00
07:46:03     all   86,80    0,12   12,95    0,00    0,00    0,12    0,00    0,00    0,00    0,00
07:46:04     all   89,59    0,00   10,04    0,13    0,00    0,25    0,00    0,00    0,00    0,00
07:46:05     all   89,28    0,12    9,98    0,50    0,00    0,12    0,00    0,00    0,00    0,00
07:46:06     all   90,35    0,00    9,52    0,00    0,00    0,00    0,00    0,00    0,00    0,13
07:46:07     all   89,51    0,12   10,24    0,00    0,00    0,00    0,00    0,00    0,00    0,12
07:46:08     all   90,16    0,00    9,09    0,25    0,00    0,37    0,00    0,00    0,00    0,12
07:46:09     all   89,85    0,00    9,65    0,13    0,00    0,25    0,00    0,00    0,00    0,13
07:46:10     all   88,69    0,00   11,18    0,00    0,00    0,13    0,00    0,00    0,00    0,00
07:46:11     all   90,39    0,00    9,36    0,12    0,00    0,00    0,00    0,00    0,00    0,12
07:46:12     all   90,67    0,00    9,20    0,00    0,00    0,12    0,00    0,00    0,00    0,00
07:46:13     all   86,18    0,00    9,55    3,39    0,00    0,13    0,00    0,00    0,00    0,75
07:46:14     all   90,25    0,12    9,50    0,00    0,00    0,12    0,00    0,00    0,00    0,00
07:46:15     all   90,49    0,00    9,39    0,00    0,00    0,13    0,00    0,00    0,00    0,00
07:46:16     all   89,01    0,00   10,49    0,00    0,00    0,25    0,00    0,00    0,00    0,25
07:46:17     all   88,39    0,00   11,49    0,00    0,00    0,12    0,00    0,00    0,00    0,00
07:46:18     all   89,25    0,12   10,25    0,00    0,00    0,38    0,00    0,00    0,00    0,00
07:46:19     all   89,75    0,00   10,00    0,00    0,00    0,25    0,00    0,00    0,00    0,00
07:46:20     all   51,38    0,00    7,50   37,62    0,00    0,00    0,00    0,00    0,00    3,50
07:46:21     all   84,44    0,00    7,90    6,52    0,00    0,00    0,00    0,00    0,00    1,13
07:46:22     all   86,61    0,00   13,14    0,00    0,00    0,13    0,00    0,00    0,00    0,13
07:46:23     all   88,29    0,00   11,58    0,00    0,00    0,12    0,00    0,00    0,00    0,00
07:46:24     all   89,86    0,13    9,64    0,00    0,00    0,13    0,00    0,00    0,00    0,25
07:46:25     all   79,15    0,00    8,24   10,49    0,00    0,12    0,00    0,00    0,00    2,00
07:46:26     all   88,71    0,00   11,29    0,00    0,00    0,00    0,00    0,00    0,00    0,00
07:46:27     all   90,81    0,12    8,32    0,25    0,00    0,25    0,00    0,00    0,00    0,25
07:46:28     all   90,36    0,13    9,39    0,00    0,00    0,13    0,00    0,00    0,00    0,00
07:46:29     all   88,36    0,00   10,64    0,63    0,00    0,25    0,00    0,00    0,00    0,13
07:46:30     all   90,54    0,00    8,97    0,12    0,00    0,12    0,00    0,00    0,00    0,25
07:46:31     all   89,97    0,00   10,03    0,00    0,00    0,00    0,00    0,00    0,00    0,00
07:46:32     all   88,85    0,00   11,03    0,00    0,00    0,13    0,00    0,00    0,00    0,00
07:46:33     all   88,25    0,12   11,38    0,00    0,00    0,25    0,00    0,00    0,00    0,00
07:46:34     all   90,26    0,00    9,74    0,00    0,00    0,00    0,00    0,00    0,00    0,00
07:46:35     all   90,44    0,00    9,56    0,00    0,00    0,00    0,00    0,00    0,00    0,00
07:46:36     all   89,54    0,12    9,96    0,00    0,00    0,25    0,00    0,00    0,00    0,12
07:46:37     all   88,67    0,00   10,83    0,00    0,00    0,37    0,00    0,00    0,00    0,12
07:46:38     all   90,08    0,13    9,80    0,00    0,00    0,00    0,00    0,00    0,00    0,00
07:46:39     all   89,14    0,00   10,61    0,00    0,00    0,12    0,00    0,00    0,00    0,12
07:46:40     all   88,39    0,12   11,24    0,00    0,00    0,00    0,00    0,00    0,00    0,25
07:46:41     all   89,61    0,00   10,01    0,00    0,00    0,25    0,00    0,00    0,00    0,13
07:46:42     all   90,84    0,00    9,03    0,00    0,00    0,13    0,00    0,00    0,00    0,00
07:46:43     all   88,50    0,00   11,38    0,00    0,00    0,12    0,00    0,00    0,00    0,00
07:46:44     all   88,90    0,12   10,60    0,00    0,00    0,25    0,00    0,00    0,00    0,12
07:46:45     all   89,28    0,00   10,22    0,00    0,00    0,12    0,00    0,00    0,00    0,37
07:46:46     all   88,97    0,13   10,53    0,00    0,00    0,13    0,00    0,00    0,00    0,25
07:46:47     all   90,12    0,12    9,62    0,00    0,00    0,12    0,00    0,00    0,00    0,00
07:46:48     all   90,60    0,00    9,02    0,00    0,00    0,13    0,00    0,00    0,00    0,25
07:46:49     all   88,20    0,12   11,30    0,12    0,00    0,12    0,00    0,00    0,00    0,12
07:46:50     all   89,36    0,00   10,51    0,00    0,00    0,13    0,00    0,00    0,00    0,00
07:46:51     all   90,98    0,00    8,90    0,00    0,00    0,13    0,00    0,00    0,00    0,00
07:46:52     all   89,71    0,00   10,29    0,00    0,00    0,00    0,00    0,00    0,00    0,00
07:46:53     all   88,31    0,12   11,07    0,00    0,00    0,37    0,00    0,00    0,00    0,12
07:46:54     all   89,08    0,00   10,79    0,00    0,00    0,13    0,00    0,00    0,00    0,00
07:46:55     all   90,50    0,00    9,38    0,12    0,00    0,00    0,00    0,00    0,00    0,00
07:46:56     all   87,53    0,00   11,85    0,00    0,00    0,25    0,00    0,00    0,00    0,37
07:46:57     all   88,86    0,13   10,76    0,00    0,00    0,13    0,00    0,00    0,00    0,13
07:46:58     all   89,66    0,00    9,96    0,12    0,00    0,00    0,00    0,00    0,00    0,25
07:46:59     all   89,70    0,00   10,30    0,00    0,00    0,00    0,00    0,00    0,00    0,00
07:47:00     all   88,03    0,00   11,85    0,00    0,00    0,12    0,00    0,00    0,00    0,00
07:47:01     all   81,70    0,25   10,78    6,02    0,00    0,00    0,00    0,00    0,00    1,25
07:47:02     all   87,03    0,00    7,98    4,24    0,00    0,12    0,00    0,00    0,00    0,62
07:47:03     all   89,76    0,12    9,74    0,00    0,00    0,25    0,00    0,00    0,00    0,12
07:47:04     all   89,51    0,00   10,11    0,00    0,00    0,12    0,00    0,00    0,00    0,25
07:47:05     all   89,39    0,00   10,24    0,00    0,00    0,37    0,00    0,00    0,00    0,00
07:47:06     all   88,62    0,00   11,25    0,00    0,00    0,12    0,00    0,00    0,00    0,00
07:47:07     all   90,01    0,00    9,86    0,00    0,00    0,12    0,00    0,00    0,00    0,00
07:47:08     all   89,82    0,00   10,18    0,00    0,00    0,00    0,00    0,00    0,00    0,00
07:47:09     all   89,51    0,12   10,24    0,00    0,00    0,12    0,00    0,00    0,00    0,00
07:47:10     all   90,33    0,00    9,67    0,00    0,00    0,00    0,00    0,00    0,00    0,00
07:47:11     all   89,66    0,12    9,96    0,00    0,00    0,12    0,00    0,00    0,00    0,12
07:47:12     all   88,14    0,12   11,74    0,00    0,00    0,00    0,00    0,00    0,00    0,00
07:47:13     all   87,61    0,00   11,89    0,00    0,00    0,13    0,00    0,00    0,00    0,38
07:47:14     all   90,25    0,00    9,38    0,00    0,00    0,25    0,00    0,00    0,00    0,12
07:47:15     all   88,40    0,12   10,97    0,00    0,00    0,37    0,00    0,00    0,00    0,12
07:47:16     all   90,75    0,00    9,00    0,00    0,00    0,25    0,00    0,00    0,00    0,00
07:47:17     all   84,71    0,00    8,40    6,52    0,00    0,00    0,00    0,00    0,00    0,38
07:47:18     all   90,74    0,00    9,14    0,00    0,00    0,13    0,00    0,00    0,00    0,00
07:47:19     all   88,35    0,13   11,40    0,00    0,00    0,00    0,00    0,00    0,00    0,13
07:47:20     all   89,14    0,00   10,74    0,00    0,00    0,12    0,00    0,00    0,00    0,00
07:47:21     all   89,75    0,12    9,88    0,12    0,00    0,12    0,00    0,00    0,00    0,00
07:47:22     all   89,21    0,00   10,79    0,00    0,00    0,00    0,00    0,00    0,00    0,00
07:47:23     all   88,15    0,00   11,60    0,00    0,00    0,12    0,00    0,00    0,00    0,12
07:47:24     all   89,59    0,00   10,16    0,00    0,00    0,00    0,00    0,00    0,00    0,25
07:47:25     all   88,53    0,00   11,35    0,00    0,00    0,12    0,00    0,00    0,00    0,00
07:47:26     all   89,84    0,00    9,91    0,00    0,00    0,13    0,00    0,00    0,00    0,13
07:47:27     all   88,64    0,00   11,11    0,12    0,00    0,12    0,00    0,00    0,00    0,00
07:47:28     all   87,52    0,12   11,99    0,00    0,00    0,37    0,00    0,00    0,00    0,00
07:47:29     all   89,60    0,13   10,15    0,00    0,00    0,00    0,00    0,00    0,00    0,13
07:47:30     all   88,79    0,00   10,83    0,12    0,00    0,25    0,00    0,00    0,00    0,00
07:47:31     all   89,85    0,25    9,90    0,00    0,00    0,00    0,00    0,00    0,00    0,00
07:47:32     all   90,01    0,00    9,49    0,12    0,00    0,25    0,00    0,00    0,00    0,12
07:47:33     all   89,89    0,00    9,99    0,00    0,00    0,00    0,00    0,00    0,00    0,12
07:47:34     all   89,49    0,00    9,89    0,13    0,00    0,00    0,00    0,00    0,00    0,50
07:47:35     all   90,61    0,00    9,26    0,00    0,00    0,00    0,00    0,00    0,00    0,13
07:47:36     all   89,51    0,12   10,11    0,00    0,00    0,25    0,00    0,00    0,00    0,00
07:47:37     all   90,39    0,00    9,49    0,00    0,00    0,12    0,00    0,00    0,00    0,00
07:47:38     all   88,74    0,13   10,89    0,00    0,00    0,25    0,00    0,00    0,00    0,00
07:47:39     all   90,50    0,00    9,12    0,25    0,00    0,00    0,00    0,00    0,00    0,12
07:47:40     all   88,49    0,00   11,26    0,00    0,00    0,13    0,00    0,00    0,00    0,13
07:47:41     all   88,89    0,12   10,86    0,00    0,00    0,12    0,00    0,00    0,00    0,00
07:47:42     all   90,62    0,00    9,38    0,00    0,00    0,00    0,00    0,00    0,00    0,00
07:47:43     all   88,89    0,00   10,49    0,12    0,00    0,25    0,00    0,00    0,00    0,25
07:47:44     all   89,35    0,00   10,15    0,00    0,00    0,13    0,00    0,00    0,00    0,38
07:47:45     all   89,12    0,12   10,62    0,00    0,00    0,12    0,00    0,00    0,00    0,00
07:47:46     all   90,11    0,00    9,01    0,25    0,00    0,13    0,00    0,00    0,00    0,50
07:47:47     all   87,42    0,12   12,08    0,00    0,00    0,25    0,00    0,00    0,00    0,12
07:47:48     all   91,00    0,00    8,75    0,12    0,00    0,00    0,00    0,00    0,00    0,12
07:47:49     all   90,86    0,00    8,89    0,00    0,00    0,25    0,00    0,00    0,00    0,00
07:47:50     all   88,26    0,00   11,49    0,00    0,00    0,12    0,00    0,00    0,00    0,12
07:47:51     all   88,76    0,12   10,86    0,00    0,00    0,12    0,00    0,00    0,00    0,12
07:47:52     all   89,99    0,00    9,89    0,00    0,00    0,00    0,00    0,00    0,00    0,13
07:47:53     all   89,76    0,00   10,11    0,00    0,00    0,12    0,00    0,00    0,00    0,00
07:47:54     all   88,44    0,00   11,06    0,00    0,00    0,25    0,00    0,00    0,00    0,25
07:47:55     all   90,61    0,00    9,39    0,00    0,00    0,00    0,00    0,00    0,00    0,00
07:47:56     all   89,44    0,00    9,57    0,25    0,00    0,25    0,00    0,00    0,00    0,50
07:47:57     all   88,58    0,00    9,03    2,13    0,00    0,00    0,00    0,00    0,00    0,25
07:47:58     all   90,34    0,13    9,41    0,00    0,00    0,13    0,00    0,00    0,00    0,00
07:47:59     all   89,89    0,00    9,86    0,12    0,00    0,12    0,00    0,00    0,00    0,00
07:48:00     all   88,89    0,00   10,99    0,00    0,00    0,12    0,00    0,00    0,00    0,00
07:48:01     all   89,50    0,00   10,00    0,00    0,00    0,12    0,00    0,00    0,00    0,38
07:48:02     all   90,86    0,00    8,89    0,00    0,00    0,25    0,00    0,00    0,00    0,00
07:48:03     all   88,25    0,12   11,38    0,00    0,00    0,25    0,00    0,00    0,00    0,00
07:48:04     all   88,86    0,00   10,89    0,00    0,00    0,13    0,00    0,00    0,00    0,13
07:48:05     all   89,62    0,12   10,25    0,00    0,00    0,00    0,00    0,00    0,00    0,00
07:48:06     all   89,14    0,00   10,74    0,00    0,00    0,12    0,00    0,00    0,00    0,00
07:48:07     all   88,44    0,00   11,56    0,00    0,00    0,00    0,00    0,00    0,00    0,00
07:48:08     all   85,34    0,00   14,04    0,00    0,00    0,50    0,00    0,00    0,00    0,12
07:48:09     all   85,21    0,00   14,41    0,00    0,00    0,25    0,00    0,00    0,00    0,13
07:48:10     all   90,39    0,00    9,36    0,00    0,00    0,12    0,00    0,00    0,00    0,12
07:48:11     all   90,36    0,00    9,51    0,00    0,00    0,13    0,00    0,00    0,00    0,00
07:48:12     all   89,47    0,00   10,40    0,00    0,00    0,00    0,00    0,00    0,00    0,13
07:48:13     all   91,02    0,00    8,98    0,00    0,00    0,00    0,00    0,00    0,00    0,00
07:48:14     all   87,09    0,25   12,16    0,00    0,00    0,13    0,00    0,00    0,00    0,38
07:48:15     all   88,54    0,00   11,08    0,00    0,00    0,37    0,00    0,00    0,00    0,00
07:48:16     all   89,74    0,00   10,14    0,00    0,00    0,13    0,00    0,00    0,00    0,00
07:48:17     all   90,65    0,00    9,23    0,00    0,00    0,00    0,00    0,00    0,00    0,12
07:48:18     all   90,60    0,00    8,77    0,00    0,00    0,13    0,00    0,00    0,00    0,50
07:48:19     all   91,22    0,00    8,78    0,00    0,00    0,00    0,00    0,00    0,00    0,00
07:48:20     all   90,16    0,00    9,59    0,00    0,00    0,25    0,00    0,00    0,00    0,00
07:48:21     all   91,12    0,00    8,62    0,00    0,00    0,25    0,00    0,00    0,00    0,00
07:48:22     all   90,38    0,00    9,38    0,00    0,00    0,12    0,00    0,00    0,00    0,12
07:48:23     all   90,49    0,00    9,39    0,00    0,00    0,13    0,00    0,00    0,00    0,00
07:48:24     all   90,61    0,00    9,26    0,00    0,00    0,13    0,00    0,00    0,00    0,00
07:48:25     all   90,41    0,00    9,46    0,00    0,00    0,12    0,00    0,00    0,00    0,00
07:48:26     all   89,08    0,13   10,41    0,00    0,00    0,00    0,00    0,00    0,00    0,38
07:48:27     all   91,00    0,00    8,75    0,00    0,00    0,12    0,00    0,00    0,00    0,12
07:48:28     all   90,98    0,00    8,90    0,00    0,00    0,00    0,00    0,00    0,00    0,13
07:48:29     all   90,77    0,00    9,10    0,00    0,00    0,12    0,00    0,00    0,00    0,00
07:48:30     all   89,88    0,00    9,75    0,00    0,00    0,12    0,00    0,00    0,00    0,25
07:48:31     all   90,39    0,00    9,24    0,00    0,00    0,12    0,00    0,00    0,00    0,25
07:48:32     all   91,23    0,00    8,52    0,00    0,00    0,25    0,00    0,00    0,00    0,00
07:48:33     all   90,51    0,00    9,11    0,00    0,00    0,12    0,00    0,00    0,00    0,25
07:48:34     all   90,38    0,00    9,50    0,00    0,00    0,12    0,00    0,00    0,00    0,00
07:48:35     all   91,02    0,00    8,48    0,00    0,00    0,25    0,00    0,00    0,00    0,25
07:48:36     all   89,97    0,00   10,03    0,00    0,00    0,00    0,00    0,00    0,00    0,00
07:48:37     all   91,10    0,00    8,65    0,00    0,00    0,00    0,00    0,00    0,00    0,25
07:48:38     all   90,26    0,00    9,36    0,00    0,00    0,25    0,00    0,00    0,00    0,12
07:48:39     all   90,50    0,00    9,38    0,00    0,00    0,00    0,00    0,00    0,00    0,12
07:48:40     all   90,39    0,00    9,24    0,00    0,00    0,00    0,00    0,00    0,00    0,37
07:48:41     all   90,88    0,00    8,75    0,00    0,00    0,12    0,00    0,00    0,00    0,25
07:48:42     all   91,10    0,00    8,77    0,00    0,00    0,13    0,00    0,00    0,00    0,00
07:48:43     all   90,49    0,00    9,26    0,00    0,00    0,13    0,00    0,00    0,00    0,13
07:48:44     all   90,52    0,00    9,35    0,00    0,00    0,00    0,00    0,00    0,00    0,12
07:48:45     all   90,74    0,00    8,89    0,00    0,00    0,25    0,00    0,00    0,00    0,13
07:48:46     all   91,14    0,00    8,61    0,00    0,00    0,12    0,00    0,00    0,00    0,12
07:48:47     all   90,23    0,00    9,65    0,00    0,00    0,13    0,00    0,00    0,00    0,00
07:48:48     all   91,52    0,00    8,10    0,00    0,00    0,00    0,00    0,00    0,00    0,37
07:48:49     all   90,23    0,00    9,52    0,00    0,00    0,13    0,00    0,00    0,00    0,13
07:48:50     all   90,89    0,00    8,74    0,00    0,00    0,12    0,00    0,00    0,00    0,25
07:48:51     all   90,26    0,00    9,49    0,00    0,00    0,12    0,00    0,00    0,00    0,12
07:48:52     all   88,74    0,13   10,89    0,00    0,00    0,13    0,00    0,00    0,00    0,13
07:48:53     all   90,89    0,00    8,74    0,00    0,00    0,00    0,00    0,00    0,00    0,37
07:48:54     all   90,60    0,00    9,27    0,00    0,00    0,00    0,00    0,00    0,00    0,13
07:48:55     all   90,74    0,00    9,26    0,00    0,00    0,00    0,00    0,00    0,00    0,00
07:48:56     all   88,99    0,00   10,89    0,00    0,00    0,00    0,00    0,00    0,00    0,13
07:48:57     all   90,50    0,00    9,12    0,00    0,00    0,25    0,00    0,00    0,00    0,12
07:48:58     all   90,74    0,00    9,14    0,00    0,00    0,13    0,00    0,00    0,00    0,00
07:48:59     all   90,65    0,00    8,85    0,00    0,00    0,25    0,00    0,00    0,00    0,25
07:49:00     all   90,58    0,00    9,42    0,00    0,00    0,00    0,00    0,00    0,00    0,00
07:49:01     all   91,52    0,00    8,23    0,00    0,00    0,25    0,00    0,00    0,00    0,00
07:49:02     all   90,52    0,00    9,23    0,00    0,00    0,12    0,00    0,00    0,00    0,12
07:49:03     all   90,75    0,00    9,12    0,00    0,00    0,00    0,00    0,00    0,00    0,12
07:49:04     all   90,61    0,00    9,26    0,00    0,00    0,00    0,00    0,00    0,00    0,13
07:49:05     all   91,01    0,00    8,74    0,00    0,00    0,12    0,00    0,00    0,00    0,12
07:49:06     all   91,00    0,00    8,75    0,00    0,00    0,12    0,00    0,00    0,00    0,12
07:49:07     all   90,75    0,00    9,12    0,00    0,00    0,12    0,00    0,00    0,00    0,00
07:49:08     all   90,46    0,00    9,41    0,00    0,00    0,00    0,00    0,00    0,00    0,13
07:49:09     all   91,25    0,00    8,50    0,00    0,00    0,12    0,00    0,00    0,00    0,12
07:49:10     all   90,40    0,00    9,23    0,00    0,00    0,37    0,00    0,00    0,00    0,00
07:49:11     all   91,00    0,00    8,88    0,00    0,00    0,12    0,00    0,00    0,00    0,00
07:49:12     all   91,51    0,00    8,24    0,00    0,00    0,12    0,00    0,00    0,00    0,12
07:49:13     all   88,74    0,00   10,89    0,13    0,00    0,00    0,00    0,00    0,00    0,25
07:49:14     all   89,89    0,00    9,74    0,00    0,00    0,25    0,00    0,00    0,00    0,12
07:49:15     all   89,84    0,00   10,16    0,00    0,00    0,00    0,00    0,00    0,00    0,00
07:49:16     all   90,24    0,00    9,51    0,00    0,00    0,13    0,00    0,00    0,00    0,13
07:49:17     all   91,40    0,00    8,48    0,00    0,00    0,00    0,00    0,00    0,00    0,12
07:49:18     all   90,24    0,00    9,51    0,00    0,00    0,00    0,00    0,00    0,00    0,25
07:49:19     all   91,02    0,00    8,35    0,00    0,00    0,37    0,00    0,00    0,00    0,25
07:49:20     all   90,76    0,00    9,24    0,00    0,00    0,00    0,00    0,00    0,00    0,00
07:49:21     all   90,59    0,00    9,03    0,00    0,00    0,13    0,00    0,00    0,00    0,25
07:49:22     all   90,51    0,00    9,36    0,00    0,00    0,12    0,00    0,00    0,00    0,00
07:49:23     all   90,34    0,00    9,54    0,00    0,00    0,00    0,00    0,00    0,00    0,13
07:49:24     all   90,88    0,00    8,62    0,00    0,00    0,12    0,00    0,00    0,00    0,38
07:49:25     all   90,52    0,00    9,10    0,00    0,00    0,12    0,00    0,00    0,00    0,25
07:49:26     all   90,24    0,00    9,39    0,00    0,00    0,25    0,00    0,00    0,00    0,13
07:49:27     all   89,50    0,00   10,12    0,00    0,00    0,12    0,00    0,00    0,00    0,25
07:49:28     all   92,36    0,00    7,52    0,00    0,00    0,00    0,00    0,00    0,00    0,13
07:49:29     all   90,62    0,00    9,25    0,00    0,00    0,12    0,00    0,00    0,00    0,00
07:49:30     all   90,88    0,00    8,88    0,00    0,00    0,00    0,00    0,00    0,00    0,25
07:49:31     all   90,11    0,00    9,39    0,00    0,00    0,25    0,00    0,00    0,00    0,25
07:49:32     all   89,97    0,00    9,77    0,00    0,00    0,13    0,00    0,00    0,00    0,13
07:49:33     all   90,02    0,00    9,73    0,00    0,00    0,12    0,00    0,00    0,00    0,12
07:49:34     all   90,40    0,00    8,85    0,00    0,00    0,12    0,00    0,00    0,00    0,62
07:49:35     all   90,23    0,00    9,77    0,00    0,00    0,00    0,00    0,00    0,00    0,00
07:49:36     all   88,65    0,12   10,85    0,00    0,00    0,25    0,00    0,00    0,00    0,12
07:49:37     all   90,73    0,00    8,90    0,00    0,00    0,13    0,00    0,00    0,00    0,25
07:49:38     all   90,62    0,00    8,88    0,00    0,00    0,12    0,00    0,00    0,00    0,38
07:49:39     all   90,72    0,00    9,16    0,00    0,00    0,00    0,00    0,00    0,00    0,13
07:49:40     all   90,66    0,00    8,72    0,00    0,00    0,25    0,00    0,00    0,00    0,37
07:49:41     all   90,25    0,00    9,12    0,12    0,00    0,25    0,00    0,00    0,00    0,25
07:49:42     all   90,76    0,00    8,86    0,00    0,00    0,00    0,00    0,00    0,00    0,37
07:49:43     all   90,35    0,00    9,40    0,00    0,00    0,00    0,00    0,00    0,00    0,25
07:49:44     all   91,09    0,00    8,66    0,00    0,00    0,00    0,00    0,00    0,00    0,25
07:49:45     all   90,19    0,00    9,44    0,00    0,00    0,00    0,00    0,00    0,00    0,37
07:49:46     all   89,50    0,00    9,62    0,12    0,00    0,25    0,00    0,00    0,00    0,50
07:49:47     all   90,89    0,00    8,61    0,00    0,00    0,50    0,00    0,00    0,00    0,00
07:49:48     all   89,46    0,00    9,79    0,13    0,00    0,13    0,00    0,00    0,00    0,50
07:49:49     all   89,99    0,00    9,64    0,00    0,00    0,00    0,00    0,00    0,00    0,38
07:49:50     all   90,60    0,00    9,15    0,00    0,00    0,00    0,00    0,00    0,00    0,25
07:49:51     all   91,04    0,00    8,33    0,00    0,00    0,12    0,00    0,00    0,00    0,50
07:49:52     all   91,46    0,00    8,42    0,00    0,00    0,00    0,00    0,00    0,00    0,13
07:49:53     all   90,86    0,00    9,01    0,00    0,00    0,00    0,00    0,00    0,00    0,13
07:49:54     all   89,89    0,00    9,49    0,00    0,00    0,12    0,00    0,00    0,00    0,50
07:49:55     all   90,61    0,00    9,14    0,00    0,00    0,13    0,00    0,00    0,00    0,13
07:49:56     all   90,75    0,00    9,12    0,00    0,00    0,00    0,00    0,00    0,00    0,12
07:49:57     all   90,33    0,00    9,05    0,00    0,00    0,25    0,00    0,00    0,00    0,38
07:49:58     all   88,68    0,12   10,32    0,00    0,00    0,12    0,00    0,00    0,00    0,75
07:49:59     all   89,34    0,00   10,04    0,00    0,00    0,00    0,00    0,00    0,00    0,63
07:50:00     all   89,03    0,00    9,98    0,00    0,00    0,25    0,00    0,00    0,00    0,75
07:50:01     all   90,95    0,00    8,17    0,00    0,00    0,13    0,00    0,00    0,00    0,75
07:50:02     all   90,64    0,00    8,99    0,00    0,00    0,00    0,00    0,00    0,00    0,37
07:50:03     all   89,86    0,00    9,14    0,00    0,00    0,13    0,00    0,00    0,00    0,88
07:50:04     all   91,48    0,00    7,89    0,00    0,00    0,00    0,00    0,00    0,00    0,63
07:50:05     all   90,49    0,00    8,76    0,00    0,00    0,38    0,00    0,00    0,00    0,38
07:50:06     all   90,36    0,00    8,64    0,00    0,00    0,13    0,00    0,00    0,00    0,88
07:50:07     all   90,39    0,00    9,24    0,00    0,00    0,12    0,00    0,00    0,00    0,25
07:50:08     all   90,74    0,00    8,39    0,00    0,00    0,00    0,00    0,00    0,00    0,88
07:50:09     all   90,46    0,00    9,28    0,00    0,00    0,00    0,00    0,00    0,00    0,25
07:50:10     all   89,62    0,00    8,75    0,25    0,00    0,12    0,00    0,00    0,00    1,25
07:50:11     all   89,84    0,00    9,41    0,00    0,00    0,13    0,00    0,00    0,00    0,63
07:50:12     all   89,18    0,00    9,43    0,38    0,00    0,25    0,00    0,00    0,00    0,75
07:50:13     all   89,50    0,00    9,25    0,00    0,00    0,00    0,00    0,00    0,00    1,25
07:50:14     all   86,18    0,13    9,17    0,75    0,00    0,13    0,00    0,00    0,00    3,64
07:50:15     all   85,86    0,00    9,51    0,00    0,00    0,00    0,00    0,00    0,00    4,63
07:50:16     all   82,31    0,00    9,28    1,00    0,00    0,38    0,00    0,00    0,00    7,03
07:50:17     all   80,23    0,00    8,89    1,25    0,00    0,13    0,00    0,00    0,00    9,51
07:50:18     all   79,45    0,00    7,19    0,38    0,00    0,13    0,00    0,00    0,00   12,86
07:50:19     all   71,84    0,13    8,51    4,63    0,00    0,13    0,00    0,00    0,00   14,77
07:50:20     all   69,49    0,00    6,71    1,27    0,00    0,00    0,00    0,00    0,00   22,53
07:50:21     all   68,51    0,00    6,93    0,00    0,00    0,25    0,00    0,00    0,00   24,31
07:50:22     all   61,98    0,00    7,53    3,64    0,00    0,00    0,00    0,00    0,00   26,85
07:50:23     all   57,27    0,00    5,94    3,41    0,00    0,13    0,00    0,00    0,00   33,25
07:50:24     all   55,69    0,00    6,26    0,75    0,00    0,00    0,00    0,00    0,00   37,30
07:50:25     all   38,08    0,00    5,04   16,65    0,00    0,25    0,00    0,00    0,00   39,97
07:50:26     all   33,00    0,13    4,66   17,63    0,00    0,13    0,00    0,00    0,00   44,46
07:50:27     all   15,64    0,00    2,00   18,02    0,00    0,00    0,00    0,00    0,00   64,33
07:50:28     all   17,46    0,00    4,65    9,67    0,00    0,00    0,00    0,00    0,00   68,22
07:50:29     all   22,11    0,00    8,51    0,00    0,00    0,00    0,00    0,00    0,00   69,38
07:50:30     all   14,09    0,00    1,13   11,32    0,00    0,00    0,00    0,00    0,00   73,46
07:50:31     all   13,73    0,00    1,12   11,61    0,00    0,00    0,00    0,00    0,00   73,53
07:50:32     all   13,28    0,00    1,13   11,40    0,00    0,00    0,00    0,00    0,00   74,19
07:50:33     all   14,88    0,00    1,12   13,88    0,00    0,12    0,00    0,00    0,00   70,00
07:50:34     all   13,39    0,00    1,50   11,51    0,00    0,00    0,00    0,00    0,00   73,59
07:50:35     all   13,58    0,00    1,13   11,45    0,00    0,00    0,00    0,00    0,00   73,84
07:50:36     all   13,39    0,00    1,00   14,89    0,00    0,00    0,00    0,00    0,00   70,71
07:50:37     all   13,47    0,00    1,50   11,60    0,00    0,00    0,00    0,00    0,00   73,44
07:50:38     all   13,37    0,00    0,76   11,48    0,00    0,00    0,00    0,00    0,00   74,40
07:50:39     all   13,89    0,00    1,50   11,51    0,00    0,00    0,00    0,00    0,00   73,09
07:50:40     all   13,19    0,00    0,88   11,68    0,00    0,00    0,00    0,00    0,00   74,25
07:50:41     all   13,61    0,00    1,37   11,49    0,00    0,00    0,00    0,00    0,00   73,53
07:50:42     all   13,91    0,00    1,13   11,15    0,00    0,00    0,00    0,00    0,00   73,81
07:50:43     all   13,22    0,00    0,88   11,71    0,00    0,00    0,00    0,00    0,00   74,18
07:50:44     all   13,38    0,00    1,25   11,50    0,00    0,12    0,00    0,00    0,00   73,75
07:50:45     all   14,11    0,00    1,62   11,24    0,00    0,00    0,00    0,00    0,00   73,03
07:50:46     all   13,40    0,00    0,76   11,63    0,00    0,00    0,00    0,00    0,00   74,21
07:50:47     all   13,33    0,00    1,37   11,71    0,00    0,00    0,00    0,00    0,00   73,60
07:50:48     all   13,82    0,00    1,26   11,43    0,00    0,00    0,00    0,00    0,00   73,49
07:50:49     all   13,28    0,00    1,25   11,65    0,00    0,00    0,00    0,00    0,00   73,81
07:50:50     all   13,03    0,00    1,00   13,78    0,00    0,00    0,00    0,00    0,00   72,18
07:50:51     all   13,80    0,00    1,25   11,17    0,00    0,00    0,00    0,00    0,00   73,78
07:50:52     all   13,82    0,00    1,01   11,68    0,00    0,00    0,00    0,00    0,00   73,49
07:50:53     all   13,30    0,00    1,13   11,42    0,00    0,00    0,00    0,00    0,00   74,15
07:50:54     all   13,78    0,00    1,38   11,65    0,00    0,00    0,00    0,00    0,00   73,18
07:50:55     all   13,25    0,00    0,88   11,88    0,00    0,00    0,00    0,00    0,00   74,00
07:50:56     all   12,97    0,00    1,13   11,71    0,00    0,00    0,00    0,00    0,00   74,18
07:50:57     all   14,12    0,00    1,25   11,62    0,00    0,00    0,00    0,00    0,00   73,00
07:50:58     all   13,03    0,00    0,88   12,03    0,00    0,00    0,00    0,00    0,00   74,06
07:50:59     all   13,52    0,00    1,38   13,39    0,00    0,00    0,00    0,00    0,00   71,71
07:51:00     all   13,32    0,00    1,26   11,56    0,00    0,00    0,00    0,00    0,00   73,87
07:51:01     all   13,47    0,00    1,12   12,84    0,00    0,00    0,00    0,00    0,00   72,57
07:51:02     all   13,28    0,00    1,00   11,90    0,00    0,00    0,00    0,00    0,00   73,81
07:51:03     all   14,29    0,13    4,17   10,24    0,00    0,00    0,00    0,00    0,00   71,18
07:51:04     all    1,51    0,00    2,26   17,99    0,00    0,00    0,00    0,00    0,00   78,24
