procs ----------mémoire---------- -échange- -----io---- -système- ------cpu--------
 r  b   swpd  libre tampon  cache   si   so    bi    bo   in   cs us sy id wa st gu
 7  0      0 15732628 238416 5642456    0    0   100   168 3810    6  9  2 88  1  0  0
 0  1      0 15731668 238420 5642484    0    0     0  1848 3454 7369  3  2 77 18  0  0
10  0      0 15734736 238428 5640536    0    0     0   720 4456 7782  5  3 82 10  0  0
 0  1      0 15728204 238448 5642608    0    0     0  1840 5920 8761  8  5 77 10  0  0
 2  0      0 15728308 238468 5642596    0    0     0   480 4590 6888  3  3 84  9  0  0
 1  0      0 15693484 238468 5642600    0    0     0     0 19245 28001  9  9 82  0  0  0
 0  1      0 15688864 238480 5642608    0    0     0   652 8355 14862  5  4 83  8  0  0
 1  0      0 15692448 238516 5642676    0    0     0  1100 4215 6835  4  4 82 11  0  0
 1  0      0 15695036 238520 5642736    0    0     0   300 4071 5407  9  4 83  5  0  0
 1  0      0 15699632 238520 5640756    0    0     0     4 2290 3383 13  1 86  0  0  0
 1  0      0 15727216 238520 5640760    0    0     0     0 2375 2001 13  1 86  0  0  0
 1  0      0 15735300 238520 5640704    0    0     0     0 2128 1755 13  1 85  0  0  0
 1  0      0 15740928 238520 5640708    0    0     0     0 2017 3065 13  1 86  0  0  0
 1  1      0 15752172 238528 5642760    0    0     0    60 2183 1690 13  1 86  0  0  0
 1  0      0 15759872 238528 5642768    0    0     0     0 1651 1161 13  1 86  0  0  0
 1  1      0 15747908 238536 5642776    0    0     0  1528 3960 8465 14  2 80  4  0  0
 1  1      0 15755288 238544 5642792    0    0     0  1060 2617 2757 14  1 72 14  0  0
 2  1      0 15751232 238552 5642872    0    0     0   576 6551 13066 17  3 69 11  0  0
 2  1      0 15732432 238564 5642916    0    0     0  1632 7264 8875 26  3 53 19  0  0
 2  1      0 15716280 238584 5643012    0    0     0   780 8762 11785 27  4 59 10  0  0
 3  1      0 15715604 238608 5643056    0    0     0  1920 9082 12754 36  4 48 12  0  0
procs ----------mémoire---------- -échange- -----io---- -système- ------cpu--------
 r  b   swpd  libre tampon  cache   si   so    bi    bo   in   cs us sy id wa st gu
 3  1      0 15726860 238628 5643080    0    0     0  1232 8305 9641 37  4 50 10  0  0
 5  2      0 15721812 238648 5643140    0    0     0   976 11052 17504 42  6 45  7  0  0
 4  1      0 15708796 238652 5641176    0    0     0  1268 9685 13305 47  5 36 11  0  0
 4  1      0 15685340 238692 5643336    0    0     0   952 10960 15778 49  6 35  9  0  0
 4  2      0 15667232 238712 5643356    0    0     0  1904 10651 15379 55  6 30  9  0  0
 5  1      0 15675268 238740 5641340    0    0     0  1276 9821 12341 58  6 29  7  0  0
 6  1      0 15671336 238756 5643500    0    0     0   576 12077 18934 61  7 27  5  0  0
 5  1      0 15673768 238772 5641460    0    0     0  1856 11561 15811 71  9 17  4  0  0
 7  1      0 15658192 238792 5643620    0    0     0   900 12188 17703 70  9 19  3  0  0
 7  2      0 15649424 238816 5643708    0    0     0  2024 12492 17573 75  9 13  3  0  0
 8  1      0 15654200 238832 5643720    0    0     0   904 10996 12785 80  8 10  2  0  0
 9  1      0 15642224 238844 5643820    0    0     0   608 14609 22241 81  9  8  1  0  0
 8  1      0 15635332 238856 5641844    0    0     0  1852 12707 13208 86  9  4  2  0  0
 7  1      0 15649840 238868 5643972    0    0     0   828 14323 16902 87 10  3  0  0  0
10  2      0 15625528 238888 5644036    0    0     0  2032 13543 15754 86 10  3  1  0  0
20  0      0 15613360 238896 5644092    0    0     0   820 13706 15521 90  9  2  0  0  0
13  1      0 15626816 238924 5644136    0    0     0   600 15955 21301 87 10  2  0  0  0
 9  1      0 15621896 238928 5644264    0    0     0  1952 13339 13657 89  9  1  0  0  0
10  1      0 15629808 238944 5644260    0    0     0   796 14536 16525 89 10  1  0  0  0
12  1      0 15618956 238972 5644380    0    0     0  2048 13996 15850 89  9  1  0  0  0
13  1      0 15612988 238988 5642392    0    0     0  1148 14540 16726 90  9  1  0  0  0
procs ----------mémoire---------- -échange- -----io---- -système- ------cpu--------
 r  b   swpd  libre tampon  cache   si   so    bi    bo   in   cs us sy id wa st gu
10  1      0 15605040 239000 5644512    0    0     0   548 15003 18439 88 10  2  0  0  0
14  1      0 15629088 239008 5644624    0    0     0  1628 13354 15932 90  9  1  0  0  0
10  1      0 15638480 239012 5644636    0    0     0  1244 12034 12988 89 11  0  0  0  0
14  1      0 15614656 239028 5644732    0    0     0   652 13607 18337 88 11  1  0  0  0
21  0      0 15588592 239032 5642772    0    0     0  1556 11878 13213 90  9  1  0  0  0
13  1      0 15560876 239060 5644808    0    0     0   680 13563 18575 88 11  0  0  0  0
15  1      0 15563708 239092 5644952    0    0     0  2104 13203 16743 90 10  0  0  0  0
18  1      0 15558416 239124 5645040    0    0     0  1280 12407 14295 90 10  0  0  0  0
12  1      0 15580292 239132 5645120    0    0     0   560 13751 18295 89 11  0  0  0  0
15  1      0 15586356 239132 5645336    0    0     0  1924 11656 12304 90 10  0  0  0  0
15  0      0 15586664 239140 5645084    0    0     0  1248 13853 19233 89 11  0  0  0  0
12  4      0 15581952 239148 5645380    0    0     0  1848 13922 19033 88 12  0  0  0  0
14  1      0 15571732 239164 5643504    0    0     0   612 12204 14351 90 10  0  0  0  0
14  1      0 15574488 239172 5645504    0    0     0   712 13288 16904 89 11  0  0  0  0
19  1      0 15577576 239188 5645680    0    0     0  2012 12092 14159 90 10  0  0  0  0
11  0      0 15564268 239212 5645988    0    0     0   968 13189 18926 90 10  0  0  0  0
13  5      0 15552416 239224 5645916    0    0     0  2076 14035 19406 88 12  0  0  0  0
15  1      0 15550108 239240 5643876    0    0     0   844 12159 14651 90 10  0  0  0  0
13  1      0 15552504 239264 5645940    0    0     0   592 14526 20516 88 12  0  0  0  0
12  1      0 15581584 239272 5643852    0    0     0  2104 11364 11640 90 10  0  0  0  0
14  0      0 15571556 239288 5645768    0    0     0  1524 13073 18287 89 11  0  0  0  0
procs ----------mémoire---------- -échange- -----io---- -système- ------cpu--------
 r  b   swpd  libre tampon  cache   si   so    bi    bo   in   cs us sy id wa st gu
21  1      0 15566036 239308 5645872    0    0     0   636 13922 19707 89 11  0  0  0  0
13  0      0 15550852 239316 5645984    0    0     0  1568 11653 13542 90 10  0  0  0  0
28  1      0 15554304 239348 5645680    0    0     0   860 13218 16813 89 11  0  0  0  0
16  2      0 15554972 239364 5646132    0    0     0  2180 12219 14943 89 11  0  0  0  0
15  1      0 15546604 239372 5644172    0    0     0  1244 12454 16532 90 10  0  0  0  0
22  0      0 15534192 239400 5646244    0    0     0   576 13691 19242 88 12  0  0  0  0
16  1      0 15538652 239412 5644372    0    0     0  1676 12719 16479 89 11  0  0  0  0
28  0      0 15546164 239428 5646424    0    0     0   908 12875 15706 89 11  0  0  0  0
13  2      0 15534520 239464 5646556    0    0     0  2076 12476 15553 88 11  0  0  0  0
23  2      0 15533408 239476 5644616    0    0     0  1368 11971 14464 90 10  0  0  0  0
18  0      0 15521500 239484 5646688    0    0     0   484 13218 17881 90 10  0  0  0  0
16  1      0 15517680 239484 5646824    0    0     0  1296 14155 19574 88 12  0  0  0  0
14  1      0 15517940 239488 5644864    0    0     0   932 12870 16101 90 10  0  0  0  0
19  0      0 15518224 239500 5646916    0    0     0  1148 11781 12892 90 10  0  0  0  0
22  0      0 15509812 239508 5647056    0    0     0   388 13034 17351 88 12  0  0  0  0
13  1      0 15510036 239520 5645092    0    0     0  1724 12561 17010 90  9  0  0  0  0
19  1      0 15489176 239520 5645156    0    0     0  1408 12221 14511 89 11  0  0  0  0
15  1      0 15444408 239528 5647844    0    0     0   304 14356 21478 87 13  0  0  0  0
16  2      0 15445844 239544 5645748    0    0     0  1876 12594 15546 89 11  0  0  0  0
22  2      0 15424892 239556 5645772    0    0     0  1348 12957 17947 89 11  0  0  0  0
19  1      0 15430316 239568 5647852    0    0     0   516 12828 16197 90 10  0  0  0  0
procs ----------mémoire---------- -échange- -----io---- -système- ------cpu--------
 r  b   swpd  libre tampon  cache   si   so    bi    bo   in   cs us sy id wa st gu
30  1      0 15421524 239576 5647992    0    0     0   600 13349 18614 89 11  0  0  0  0
13  1      0 15423920 239584 5646020    0    0     0  1540 12125 15087 90 10  0  0  0  0
20  4      0 15457048 239592 5646336    0    0     0  1760 12778 16378 88 12  0  0  0  0
16  3      0 15465776 239600 5648116    0    0     0   920 12327 14773 89 11  0  0  0  0
14  6      0 15459664 239600 5647968    0    0     0  1916 14569 23906 88 12  0  0  0  0
19  4      0 15454956 239620 5648044    0    0     0  1148 12364 14859 88 12  0  0  0  0
30  1      0 15461012 239624 5648072    0    0     0  1112 11914 15370 89 10  0  2  0  0
18  1      0 15445972 239628 5648088    0    0     0  1364 11143 11778 90 10  0  0  0  0
10  1      0 15463560 239636 5648084    0    0     0  1244 12887 16136 90 10  0  0  0  0
13  1      0 15452380 239652 5648108    0    0     0  1492 11419 12305 90 10  0  0  0  0
14  0      0 15453412 239656 5648144    0    0     0   336 14157 21476 89 11  0  0  0  0
16  1      0 15439156 239668 5648268    0    0     0  1784 12829 17401 88 11  0  0  0  0
12  1      0 15453612 239688 5646236    0    0     0  1552 12444 15433 90 10  0  0  0  0
12  3      0 15455364 239700 5648316    0    0     0   704 13569 17713 88 12  0  0  0  0
 9 14      0 15457628 239716 5648304    0    0     0  1768 13843 20727 89 11  0  0  0  0
27  2      0 15450948 239724 5646340    0    0     0  1576 13273 16699 88 10  0  1  0  0
18  4      0 15434672 239748 5646368    0    0     0  1364 12792 16386 89 11  0  0  0  0
11  3      0 15435592 239748 5646376    0    0     0  1344 12432 15593 89 10  0  0  0  0
18  0      0 15442052 239752 5648492    0    0     0   516 11976 13789 90 10  0  0  0  0
15  1      0 15457516 239764 5648480    0    0     0   944 13150 16924 88 12  0  0  0  0
22  1      0 15449452 239776 5646508    0    0     0  1256 12849 18001 90 10  0  0  0  0
procs ----------mémoire---------- -échange- -----io---- -système- ------cpu--------
 r  b   swpd  libre tampon  cache   si   so    bi    bo   in   cs us sy id wa st gu
37  0      0 15446532 239792 5648688    0    0     0  1232 13391 17976 88 11  0  0  0  0
14  3      0 15464064 239796 5648476    0    0     0   656 16128 26548 87 13  0  0  0  0
15  2      0 15483780 239804 5646456    0    0     0  1580 11908 13776 89 11  0  0  0  0
18  4      0 15481368 239808 5646476    0    0     0  1712 13143 19383 89 10  0  0  0  0
11  3      0 15484612 239844 5646444    0    0     0   956 12680 16236 90 10  0  0  0  0
20  4      0 15500084 239852 5646452    0    0     0  1852 12158 14413 89 11  0  0  0  0
19  1      0 15492180 239884 5648548    0    0     0   952 11717 13318 90 10  0  0  0  0
14  1      0 15490880 239888 5648596    0    0     0   580 13221 17761 89 11  0  0  0  0
17  1      0 15485340 239896 5646628    0    0     0  1820 12187 14806 89 10  0  0  0  0
17  1      0 15485696 239904 5646660    0    0     0  1312 11900 13545 90 10  0  0  0  0
13  1      0 15454452 239920 5648844    0    0     0   528 13522 18419 88 12  0  0  0  0
13  1      0 15451244 239940 5648864    0    0     0  1604 12603 16661 89 10  0  0  0  0
15  1      0 15455092 239952 5648900    0    0     0  1560 11456 12336 90 10  0  0  0  0
20  1      0 15468964 239956 5649020    0    0     0   336 12809 16240 88 12  0  0  0  0
18  1      0 15463100 239968 5649080    0    0     0  1048 14837 20980 89 11  0  0  0  0
22 18      0 15444124 239976 5647116    0    0     0  1396 12191 14294 90  9  0  0  0  0
10  1      0 15454252 240004 5649208    0    0     0  1268 12302 15207 89 11  0  0  0  0
16  1      0 15446192 240024 5649276    0    0     0   428 13153 17522 88 12  0  0  0  0
27  2      0 15438388 240040 5647108    0    0     0  1520 13648 18332 89 10  0  0  0  0
30  1      0 15450336 240048 5647132    0    0     0   628 14016 18868 89 11  0  0  0  0
17  3      0 15459712 240048 5647152    0    0     0  2144 12386 15611 89 11  0  0  0  0
procs ----------mémoire---------- -échange- -----io---- -système- ------cpu--------
 r  b   swpd  libre tampon  cache   si   so    bi    bo   in   cs us sy id wa st gu
13  1      0 15467976 240080 5649216    0    0     0   820 12217 15193 90 10  0  0  0  0
14  0      0 15465388 240096 5649344    0    0     0   368 12865 16004 88 12  0  0  0  0
26  3      0 15466728 240108 5647160    0    0     0  1632 14469 21904 88 12  0  0  0  0
26  3      0 15489760 240116 5647036    0    0     0   544 13966 19413 89 11  0  0  0  0
21 16      0 15531600 240116 5646652    0    0     0   900 12672 15577 88 12  0  0  0  0
22  3      0 15520856 240132 5646648    0    0     0  2200 11102 11449 90  9  0  0  0  0
11  2      0 15517520 240164 5648612    0    0     0   916 11548 12930 90 10  0  0  0  0
13  7      0 15513740 240172 5648956    0    0     0  1436 11230 12402 90 10  0  0  0  0
10  3      0 15507384 240176 5646948    0    0     0   796 13375 14531 86  9  0  5  0  0
23  4      0 15509240 240184 5647024    0    0     0  1276 10990 13786 77 10  0 13  0  0
25  2      0 15504296 240204 5647052    0    0     0   616 10863 11458 91  9  0  0  0  0
15  2      0 15514164 240228 5646884    0    0     0  1852 12525 16054 90 10  0  0  0  0
10  5      0 15509404 240236 5646908    0    0     0   916 11900 14601 91  9  0  0  0  0
12  0      0 15473824 240252 5649244    0    0     0  1212 12797 14458 90 10  0  0  0  0
16  1      0 15435608 240256 5649472    0    0     0   396 13465 18418 88 12  0  0  0  0
21  1      0 15450640 240260 5649508    0    0     0  1852 12400 16114 89 11  0  0  0  0
19  2      0 15433320 240272 5647480    0    0     0  1604 11937 14474 89 10  0  0  0  0
31  0      0 15440628 240288 5649628    0    0     0   352 13647 18896 89 11  0  0  0  0
15  8      0 15446520 240300 5649692    0    0     0  1956 12463 14333 90 10  0  0  0  0
15  1      0 15452212 240316 5647652    0    0     0  1032 12951 17910 89 11  0  0  0  0
16  0      0 15440892 240348 5650016    0    0     0   828 12373 15906 90 10  0  0  0  0
procs ----------mémoire---------- -échange- -----io---- -système- ------cpu--------
 r  b   swpd  libre tampon  cache   si   so    bi    bo   in   cs us sy id wa st gu
22  1      0 15436580 240348 5649944    0    0     0   684 13209 17031 89 11  0  0  0  0
22  2      0 15417232 240352 5647900    0    0     0  1292 12097 15399 90 11  0  0  0  0
18  1      0 15409060 240364 5647900    0    0     0  1108 11104 11474 89 11  0  0  0  0
24  1      0 15414800 240376 5650008    0    0     0   520 12464 14821 89 11  0  0  0  0
15  4      0 15446340 240404 5648080    0    0     0  1016 16500 28127 87 13  0  0  0  0
20  3      0 15471992 240412 5647760    0    0     0  1564 11978 14695 89 11  0  0  0  0
18  2      0 15479216 240412 5647780    0    0     0   844 11767 13842 86  9  1  4  0  0
18  3      0 15478424 240412 5647800    0    0     0  1676 12127 13759 89 11  0  0  0  0
13 10      0 15473184 240432 5647808    0    0     0   700 10497 10744 83  9  1  8  0  0
14  4      0 15460416 240440 5647832    0    0     0   828 10893 11151 91  9  0  0  0  0
35  1      0 15470864 240464 5647804    0    0     0   484 11232 12282 91  9  0  0  0  0
20  5      0 15474144 240468 5649868    0    0     0  1184 11751 12807 89 11  0  0  0  0
13  4      0 15468604 240468 5647824    0    0     0   820 10856 10710 91  9  0  0  0  0
11  5      0 15488224 240476 5647820    0    0     0   804 10810 11542 90  9  0  1  0  0
14  1      0 15453604 240496 5647932    0    0     0   788 12561 16222 89 11  0  0  0  0
12  2      0 15458028 240508 5647964    0    0     0  1784 12929 17292 89 11  0  0  0  0
18  1      0 15454264 240512 5647980    0    0     0  1316 11382 12062 89 11  0  0  0  0
12  1      0 15453912 240520 5650088    0    0     0   496 12436 14834 89 11  0  0  0  0
17  4      0 15436572 240536 5648140    0    0     0  1900 13926 20579 89 11  0  0  0  0
23  3      0 15450140 240536 5648164    0    0     0     4 11508 13575 90 10  0  0  0  0
12  2      0 15447940 240540 5648108    0    0     0   388 11297 12260 91  9  0  0  0  0
procs ----------mémoire---------- -échange- -----io---- -système- ------cpu--------
 r  b   swpd  libre tampon  cache   si   so    bi    bo   in   cs us sy id wa st gu
18  2      0 15460376 240552 5648112    0    0     0  1988 11612 12307 90 10  0  0  0  0
18  1      0 15462768 240564 5650256    0    0     0   416 12892 17496 88 12  0  0  0  0
13  4      0 15466256 240612 5650288    0    0     0  1900 12595 15725 89 11  0  0  0  0
25  2      0 15458888 240612 5648280    0    0     0   484 11375 11865 91  8  0  0  0  0
13  1      0 15481248 240636 5650344    0    0     0  1368 11147 12078 90 10  0  0  0  0
19  0      0 15462112 240660 5650448    0    0     0   412 14199 21147 88 11  0  0  0  0
12  2      0 15480048 240676 5648184    0    0     0  1600 12696 16580 89 11  0  0  0  0
14  2      0 15499632 240676 5648112    0    0     0  1368 12625 15860 89 11  0  0  0  0
23  0      0 15501740 240688 5650128    0    0     0   700 13111 16712 90 10  0  0  0  0
16  2      0 15490292 240708 5648192    0    0     0  1916 12820 16144 87 12  0  0  0  0
20  7      0 15493852 240724 5648200    0    0     0  1696 14476 20596 89 11  0  0  0  0
17  1      0 15485300 240724 5648236    0    0     0  1336 12190 14224 90 10  0  0  0  0
24  0      0 15468124 240748 5650348    0    0     0   524 12968 17166 89 11  0  0  0  0
15  2      0 15479380 240768 5648412    0    0     0  1940 12953 16403 89 11  0  0  0  0
18 28      0 15483180 240776 5648448    0    0     0   540 13187 18847 90 10  0  0  0  0
19  0      0 15468868 240796 5650520    0    0     0  1236 11910 14439 89 11  0  0  0  0
29  0      0 15451684 240836 5650632    0    0     0   680 14242 20506 88 12  0  0  0  0
11  1      0 15463488 240844 5648688    0    0     0  1548 11212 11210 91  9  0  0  0  0
11  1      0 15455052 240860 5650744    0    0     0  1384 11424 12186 89 11  0  0  0  0
17  0      0 15444172 240872 5650956    0    0     0   460 13806 18339 88 12  0  0  0  0
16  1      0 15452824 240892 5649004    0    0     0  1536 12101 15887 90 10  0  0  0  0
procs ----------mémoire---------- -échange- -----io---- -système- ------cpu--------
 r  b   swpd  libre tampon  cache   si   so    bi    bo   in   cs us sy id wa st gu
17  2      0 15448280 240912 5648940    0    0     0  1600 12419 14934 89 11  0  0  0  0
17  2      0 15433096 240932 5650952    0    0     0  1772 13428 18510 88 12  0  0  0  0
25  1      0 15459064 240948 5650828    0    0     0   672 13422 18586 88 12  0  0  0  0
23  2      0 15472280 240948 5650872    0    0     0   780 12232 15375 89 11  0  0  0  0
26  4      0 15479880 240960 5650896    0    0     0  1948 11934 12788 90 10  0  0  0  0
23  4      0 15482728 240968 5650876    0    0     0  1180 14142 20538 90 10  0  0  0  0
22  4      0 15481008 241008 5650888    0    0     0  1456 12316 15304 89 11  0  0  0  0
26  1      0 15473268 241024 5648580    0    0     0   828 11753 13469 89 11  0  0  0  0
19  0      0 15457928 241032 5650836    0    0     0   520 12335 14536 89 11  0  0  0  0
18  2      0 15462572 241056 5651164    0    0     0  1172 14516 22478 88 12  0  0  0  0
19  2      0 15437856 241064 5649064    0    0     0  1252 12291 15085 89 11  0  0  0  0
24  3      0 15434388 241076 5649360    0    0     0  1808 12677 15540 88 12  0  0  0  0
15  2      0 15430944 241120 5649376    0    0     0  1148 11458 12108 91  9  0  0  0  0
13  2      0 15432024 241132 5651472    0    0     0  1304 11870 13897 89 10  0  0  0  0
13  1      0 15422788 241156 5649516    0    0     0   540 13359 18042 89 11  0  0  0  0
15 15      0 15417972 241180 5649560    0    0     0  1708 12242 15109 89 11  0  0  0  0
31  1      0 15416548 241184 5649580    0    0     0  1364 13910 19557 90 10  0  0  0  0
15  1      0 15416316 241252 5651824    0    0     0   852 12369 15983 89 11  0  0  0  0
18  1      0 15430444 241264 5651788    0    0     0   564 14839 21946 89 11  0  0  0  0
17  2      0 15418924 241288 5651824    0    0     0  1644 11096 11192 90 10  0  0  0  0
23  1      0 15430996 241316 5651828    0    0     0  1576 12197 14438 89 11  0  0  0  0
procs ----------mémoire---------- -échange- -----io---- -système- ------cpu--------
 r  b   swpd  libre tampon  cache   si   so    bi    bo   in   cs us sy id wa st gu
13  0      0 15421440 241328 5651792    0    0     0   272 13573 18806 88 12  0  0  0  0
17  2      0 15413520 241352 5651984    0    0     0  1280 13689 18832 88 11  0  0  0  0
21  2      0 15430328 241364 5649924    0    0     0  1560 11504 13431 90 10  0  0  0  0
18  2      0 15410220 241376 5649928    0    0     0  1396 11417 11861 90 10  0  0  0  0
21  1      0 15413428 241416 5651984    0    0     0   948 11444 13235 89 10  0  0  0  0
14  1      0 15414004 241428 5652116    0    0     0   404 13289 16804 89 11  0  0  0  0
13  1      0 15418880 241456 5650128    0    0     0  1692 12078 14072 90 10  0  0  0  0
24  1      0 15437512 241460 5649928    0    0     0   580 14503 22571 88 12  0  0  0  0
15  4      0 15444904 241472 5649964    0    0     0  2268 13111 17732 88 12  0  0  0  0
21  4      0 15476596 241488 5651812    0    0     0  1232 13744 15221 88 11  1  0  0  0
19  3      0 15465400 241512 5649776    0    0     0  1092 11653 12890 91  8  0  0  0  0
17  2      0 15475400 241528 5649740    0    0     0  1212 12864 16081 89 11  0  0  0  0
15  2      0 15476824 241540 5649832    0    0     0  1392 11276 12307 90 10  0  0  0  0
15  3      0 15472300 241544 5649852    0    0     0  1364 12199 14703 89 11  0  0  0  0
15  2      0 15472364 241568 5649848    0    0     0  1596 12048 13470 89 11  0  0  0  0
22  1      0 15458008 241580 5649824    0    0     0  1416 11221 12071 90 10  0  0  0  0
15 19      0 15464292 241588 5649840    0    0     0   840 10662 10825 92  9  0  0  0  0
20  1      0 15474712 241608 5649836    0    0     0   352 11332 12096 89 10  0  0  0  0
16  1      0 15482192 241636 5649876    0    0     0   680 12474 16428 90 10  0  0  0  0
19  1      0 15482616 241640 5649900    0    0     0  1312 11744 13998 91  9  0  0  0  0
12  1      0 15502400 241668 5651944    0    0     0   812 11513 12090 89 11  0  0  0  0
procs ----------mémoire---------- -échange- -----io---- -système- ------cpu--------
 r  b   swpd  libre tampon  cache   si   so    bi    bo   in   cs us sy id wa st gu
16  1      0 15495540 241672 5651960    0    0     0   444 13443 18236 88 12  0  0  0  0
12  1      0 15475652 241676 5650060    0    0     0  1636 13308 18034 90 10  0  0  0  0
21  1      0 15460460 241692 5650088    0    0     0  1488 11876 13658 90 10  0  0  0  0
15  1      0 15460968 241716 5652188    0    0     0   588 13571 19084 88 12  0  0  0  0
19  5      0 15448404 241732 5650228    0    0     0  1804 12375 14821 89 11  0  0  0  0
14  1      0 15467368 241740 5650268    0    0     0  1312 13361 17722 90 10  0  0  0  0
23  1      0 15443020 241748 5652324    0    0     0   432 11377 12211 90 10  0  0  0  0
15  1      0 15439360 241760 5652444    0    0     0   484 13860 19695 90 11  0  0  0  0
20  1      0 15456760 241784 5650456    0    0     0  2012 12060 15005 89 11  0  0  0  0
15  1      0 15458708 241800 5650084    0    0     0  1528 11571 12090 90 10  0  0  0  0
16  1      0 15460644 241800 5652188    0    0     0   360 12707 15913 89 11  0  0  0  0
16  2      0 15454592 241812 5652304    0    0     0  1904 14266 20622 89 12  0  0  0  0
13  1      0 15447488 241828 5652296    0    0     0  1304 12608 16073 90 10  0  0  0  0
21  0      0 15476060 241840 5652340    0    0     0   516 12278 15874 89 10  0  0  0  0
26  0      0 15470684 241848 5652464    0    0     0   512 13154 17153 89 11  0  0  0  0
17  1      0 15466432 241868 5650448    0    0     0  1568 12173 16010 90 10  0  0  0  0
17  1      0 15458032 241868 5650472    0    0     0  1304 12092 14979 90 10  0  0  0  0
29  1      0 15460772 241876 5652548    0    0     0   548 13188 17318 89 11  0  0  0  0
18  2      0 15460432 241896 5650912    0    0     0  2064 12825 16022 90 11  0  0  0  0
15  2      0 15466288 241900 5650684    0    0     0   652 11400 11948 90 10  0  0  0  0
18  0      0 15439520 241912 5652752    0    0     0  1244 14322 21402 89 11  0  0  0  0
procs ----------mémoire---------- -échange- -----io---- -système- ------cpu--------
 r  b   swpd  libre tampon  cache   si   so    bi    bo   in   cs us sy id wa st gu
15  1      0 15409324 241924 5652892    0    0     0   512 13985 20091 89 11  0  0  0  0
20  1      0 15399084 241932 5650920    0    0     0  1776 12454 15616 89 11  0  0  0  0
16  1      0 15416480 241956 5650924    0    0     0  1372 11322 11687 91  9  0  0  0  0
14  1      0 15414848 241960 5653116    0    0     0   308 13257 16946 88 12  0  0  0  0
11  7      0 15404204 241988 5651172    0    0     0  1856 13746 19806 89 10  0  0  0  0
17  2      0 15425876 242008 5650948    0    0     0  1772 12252 15542 90 10  0  0  0  0
17  1      0 15428104 242032 5653016    0    0     0   548 11622 13502 90 10  0  0  0  0
14  1      0 15351560 242044 5653972    0    0     0   436 13596 19728 87 13  0  0  0  0
16  2      0 15363636 242048 5651800    0    0     0  1924 11753 13336 90 10  0  0  0  0
22  2      0 15359248 242056 5651824    0    0     0  1004 14193 20347 89 11  0  0  0  0
15  1      0 15346016 242056 5653924    0    0     0   564 13417 17827 89 11  0  0  0  0
14  7      0 15352724 242080 5654052    0    0     0  1852 13325 19126 89 11  0  0  0  0
13  1      0 15365656 242084 5652084    0    0     0   328 10978 11968 90 10  0  0  0  0
13  2      0 15365616 242096 5652128    0    0     0  1360 11012 11351 91  9  0  0  0  0
20  1      0 15359396 242132 5654508    0    0     0   864 14282 22170 88 12  0  0  0  0
20  3      0 15351524 242160 5652328    0    0     0  2012 12619 15922 89 11  0  0  0  0
20  2      0 15360284 242168 5652384    0    0     0   548 13153 17868 89 11  0  0  0  0
22  2      0 15366572 242168 5652348    0    0     0  1976 11675 13072 88 12  0  0  0  0
36  2      0 15415280 242184 5652324    0    0     0   432 11409 13969 84 11  0  4  0  0
19  1      0 15383344 242192 5654392    0    0     0  1632 13512 17981 90 10  0  0  0  0
16  3      0 15382300 242204 5652448    0    0     0   892 13355 18599 88 12  0  0  0  0
procs ----------mémoire---------- -échange- -----io---- -système- ------cpu--------
 r  b   swpd  libre tampon  cache   si   so    bi    bo   in   cs us sy id wa st gu
14  1      0 15376672 242204 5652272    0    0     0   256 13813 20175 89 11  0  0  0  0
16  3      0 15417740 242208 5652284    0    0     0  1080 12457 16926 86 10  0  4  0  0
17  3      0 15399020 242208 5652292    0    0     0  1648 12391 15934 90 10  0  0  0  0
19 11      0 15397948 242208 5652320    0    0     0   932 10830 12080 88 10  0  2  0  0
26  4      0 15404928 242224 5652312    0    0     0  1008 11107 11513 91  9  0  0  0  0
15  1      0 15399392 242272 5652316    0    0     0  1276 11113 11315 90 10  0  0  0  0
21  2      0 15409276 242272 5652296    0    0     0   848 12592 15977 88 12  0  0  0  0
10 11      0 15426764 242296 5652228    0    0     0  1632 13852 20377 89 11  0  0  0  0
15  5      0 15417212 242316 5654240    0    0     0  1568 11539 13310 90 10  0  0  0  0
13  3      0 15417556 242328 5654328    0    0     0  1444 12048 14263 90 10  0  0  0  0
20  5      0 15408712 242340 5654400    0    0     0  1348 12383 15569 88 12  0  0  0  0
15  2      0 15402040 242352 5654432    0    0     0  1252 11311 12210 91  9  0  0  0  0
16  2      0 15399780 242376 5654456    0    0     0  1748 12979 16424 90 10  0  0  0  0
17  2      0 15417348 242384 5654480    0    0     0  1476 12144 15079 90 10  0  0  0  0
20  0      0 15420200 242412 5654196    0    0     0   400 10986 11487 90 10  0  0  0  0
17  1      0 15420220 242412 5654420    0    0     0   176 12596 15395 89 11  0  0  0  0
13  2      0 15425596 242424 5652600    0    0     0   460 15641 24489 89 11  0  0  0  0
12 17      0 15430760 242440 5652348    0    0     0  2532 12195 15266 89 11  0  0  0  0
18  3      0 15427248 242440 5652356    0    0     0  1084 11601 12812 89 11  0  0  0  0
25  3      0 15430944 242452 5652680    0    0     0  1300 18272 12873 89 11  0  0  0  0
 9  2      0 15423020 242484 5652452    0    0     0  1696 18577 12985 89 11  1  0  0  0
procs ----------mémoire---------- -échange- -----io---- -système- ------cpu--------
 r  b   swpd  libre tampon  cache   si   so    bi    bo   in   cs us sy id wa st gu
29  2      0 15445540 242504 5652304    0    0     0  1192 15712 13109 89 11  0  0  0  0
14  2      0 15457664 242520 5654364    0    0     0   944 16309 14858 88 11  0  1  0  0
18  1      0 15450136 242524 5652388    0    0     0  1600 33523 17374 88 12  0  0  0  0
16  2      0 15444832 242540 5652336    0    0     0  1828 38520 13476 88 12  0  0  0  0
16  1      0 15446116 242540 5652396    0    0     0   392 34059 11074 89 11  0  0  0  0
24  0      0 15444688 242572 5654500    0    0     0  1220 33659 16810 88 12  0  0  0  0
22  0      0 15424228 242592 5654636    0    0     0   468 39439 18589 86 14  0  0  0  0
19  1      0 15432988 242616 5652552    0    0     0  1748 27213 15023 87 12  0  0  0  0
16  3      0 15445612 242648 5659820    0    0     0  1896 11581 14479 90 10  0  0  0  0
15  0      0 15456124 242656 5659372    0    0     0   564 12088 14252 90 10  0  0  0  0
21  2      0 15443192 242668 5659404    0    0     0   960 14195 20522 88 12  0  0  0  0
17  2      0 15476856 242684 5640156    0    0     0  1560 12384 17222 89 11  0  0  0  0
16  1      0 15485140 242708 5640168    0    0     0  1344 11977 14203 91 10  0  0  0  0
24  1      0 15484036 242728 5640176    0    0     0   992 11262 12378 90 10  0  0  0  0
16  1      0 15467768 242736 5642276    0    0     0   528 13283 16678 89 11  0  0  0  0
16  4      0 15464512 242744 5642100    0    0     0  1752 13134 18163 89 11  0  0  0  0
14  2      0 15488928 242756 5642308    0    0     0  1428 12987 14918 89 11  0  0  0  0
15  1      0 15491996 242764 5642432    0    0     0   572 13472 18458 88 12  0  0  0  0
18  2      0 15483780 242784 5642524    0    0     0  1940 12556 15433 90 10  0  0  0  0
18  1      0 15465824 242788 5642564    0    0     0   424 13350 18732 90 10  0  0  0  0
21  1      0 15473932 242808 5640836    0    0     0  1552 13684 16391 89 11  0  0  0  0
procs ----------mémoire---------- -échange- -----io---- -système- ------cpu--------
 r  b   swpd  libre tampon  cache   si   so    bi    bo   in   cs us sy id wa st gu
21  1      0 15452604 242812 5640980    0    0     0   304 13938 18680 88 12  0  0  0  0
17  5      0 15458296 242820 5636356    0    0     0  1792 13217 16569 90 10  0  0  0  0
15  1      0 15464672 242828 5636312    0    0     0  1404 14215 19705 89 11  0  0  0  0
24  1      0 15458348 242852 5638384    0    0     0   548 12538 15753 89 11  0  0  0  0
14  3      0 15404708 242876 5639048    0    0     0   788 15052 22923 87 13  0  0  0  0
16 14      0 15403028 242880 5638728    0    0     0  2004 11896 13824 89 11  0  0  0  0
13  3      0 15413336 242880 5638752    0    0     0   868 10809 11575 89 10  0  0  0  0
17 17      0 15417248 242880 5638776    0    0     0  1344 11419 12428 90 10  0  0  0  0
28  3      0 15430200 242904 5638760    0    0     0  1548 11242 11942 90 10  0  0  0  0
14  3      0 15428364 242928 5638796    0    0     0  1312 10819 11671 90 10  0  0  0  0
16  2      0 15413916 242956 5640840    0    0     0   556 11856 14392 90 10  0  0  0  0
11  4      0 15408352 242964 5641056    0    0     0   972 12619 15919 88 12  0  0  0  0
24  4      0 15420596 242972 5641164    0    0     0  1376 10936 10950 92  8  0  0  0  0
12  2      0 15436024 242976 5640948    0    0     0   824 11942 12582 90 10  0  0  0  0
12  2      0 15420492 242996 5640972    0    0     0   432 11870 14686 86 10  1  3  0  0
17  2      0 15421268 243004 5640984    0    0     0  1668 11366 12262 90 10  0  0  0  0
13  1      0 15449056 243004 5641012    0    0     0   212 11198 12217 90 10  0  0  0  0
17  1      0 15452832 243008 5641036    0    0     0   812 11005 10973 90  9  0  0  0  0
14  1      0 15432272 243012 5643148    0    0     0   432 14277 21612 88 12  0  0  0  0
18  3      0 15417028 243032 5643220    0    0     0  1644 12697 16844 89 11  0  0  0  0
15  1      0 15407280 243036 5643252    0    0     0   396 11839 13837 90 10  0  0  0  0
procs ----------mémoire---------- -échange- -----io---- -système- ------cpu--------
 r  b   swpd  libre tampon  cache   si   so    bi    bo   in   cs us sy id wa st gu
38  1      0 15448756 243044 5643212    0    0     0  1452 10181 12741 53  8  4 36  0  0
26  2      0 15429828 243064 5645288    0    0     0   640 13385 18957 90 10  0  0  0  0
22  3      0 15482016 243064 5644896    0    0     0  2036 14533 20974 88 12  0  0  0  0
16  2      0 15467316 243084 5644876    0    0     0   708 13097 16795 89 12  0  0  0  0
16  3      0 15465572 243092 5645148    0    0     0  1752 11996 14456 90 10  0  0  0  0
21  1      0 15471132 243108 5645172    0    0     0   728 10431 11736 79  9  2 10  0  0
11  3      0 15483776 243112 5645172    0    0     0  1768 11856 13552 89 11  0  0  0  0
16  2      0 15494760 243128 5645192    0    0     0  1160 10814 10556 91  8  0  0  0  0
23  1      0 15483780 243144 5645176    0    0     0  1168 11938 14020 89 11  0  0  0  0
18  5      0 15474520 243156 5645176    0    0     0  1464 11360 13805 89 10  0  1  0  0
19  2      0 15466808 243188 5645196    0    0     0  1196 11371 11699 91  9  0  0  0  0
21  1      0 15464048 243212 5645172    0    0     0  1140 11438 13194 90 10  0  0  0  0
22  0      0 15471988 243228 5645320    0    0     0   916 13079 16617 89 11  0  0  0  0
15  2      0 15478656 243244 5645348    0    0     0  1976 13091 17190 89 11  0  0  0  0
13  1      0 15475152 243244 5645348    0    0     0     0 10626 10602 91  9  0  0  0  0
16  1      0 15477620 243256 5645392    0    0     0  1084 12745 16899 89 11  0  0  0  0
19  1      0 15467396 243280 5645432    0    0     0   496 11506 13724 91  9  0  0  0  0
15  1      0 15464232 243284 5645492    0    0     0   296 13264 17718 89 11  0  0  0  0
24  1      0 15466716 243304 5645568    0    0     0  1800 11842 14087 90 11  0  0  0  0
16  1      0 15473684 243320 5645552    0    0     0  1552 12387 15505 90 10  0  0  0  0
26  1      0 15472668 243336 5645704    0    0     0   584 13614 19019 88 12  0  0  0  0
procs ----------mémoire---------- -échange- -----io---- -système- ------cpu--------
 r  b   swpd  libre tampon  cache   si   so    bi    bo   in   cs us sy id wa st gu
14  2      0 15449868 243356 5645744    0    0     0  1776 12055 13682 90 10  0  0  0  0
21  2      0 15446008 243364 5645736    0    0     0  1496 12482 15997 90 10  0  0  0  0
22  0      0 15453772 243384 5645860    0    0     0   488 11852 14160 89 11  0  0  0  0
33  0      0 15450260 243408 5645932    0    0     0   684 12821 16167 89 11  0  0  0  0
17  1      0 15431796 243420 5645904    0    0     0  1636 13461 19420 89 10  0  0  0  0
21  0      0 15436376 243420 5645892    0    0     0  1372 12033 13691 89 11  0  0  0  0
14  1      0 15441184 243424 5645924    0    0     0  1244 11363 12132 90  9  0  0  0  0
28  1      0 15463316 243452 5647988    0    0     0   440 12029 14165 90 10  0  0  0  0
16  1      0 15448444 243452 5648132    0    0     0   304 13190 17112 89 11  0  0  0  0
14 11      0 15440308 243476 5648108    0    0     0  1724 11895 13971 90 10  0  0  0  0
16  1      0 15457252 243480 5648156    0    0     0   244 12890 17036 90  9  0  0  0  0
20  1      0 15459360 243496 5648184    0    0     0  1488 11632 12856 90 10  0  0  0  0
17  1      0 15445016 243504 5650268    0    0     0   324 13457 18079 88 12  0  0  0  0
15  6      0 15445128 243532 5650388    0    0     0  1880 13155 17810 89 11  0  0  0  0
17  1      0 15431504 243544 5650412    0    0     0  1080 11297 11407 91  9  0  0  0  0
12  1      0 15425512 243568 5652468    0    0     0   640 15209 23602 88 12  0  0  0  0
14  2      0 15441780 243572 5652536    0    0     0  1916 12273 15821 89 11  0  0  0  0
14  4      0 15438468 243600 5652548    0    0     0  1796 12677 15310 90 10  0  0  0  0
36  1      0 15429884 243608 5652424    0    0     0   544 13198 17643 90 10  0  0  0  0
26 27      0 15446936 243608 5652300    0    0     0   660 13579 18521 88 12  0  0  0  0
27  3      0 15445864 243616 5652296    0    0     0  2048 10820 12545 78 11  2 10  0  0
procs ----------mémoire---------- -échange- -----io---- -système- ------cpu--------
 r  b   swpd  libre tampon  cache   si   so    bi    bo   in   cs us sy id wa st gu
18  4      0 15463916 243628 5652328    0    0     0  1272 11140 11305 92  8  0  0  0  0
12  3      0 15457424 243668 5652356    0    0     0  1400 11354 13180 90 10  0  0  0  0
17  2      0 15459856 243688 5652388    0    0     0  1204 11719 12958 90 10  0  0  0  0
24  2      0 15466108 243712 5652468    0    0     0  1036 12703 16031 89 11  0  0  0  0
32  2      0 15464656 243724 5652524    0    0     0  1776 12592 16509 89 11  0  0  0  0
18  1      0 15459304 243740 5652552    0    0     0  1352 11838 13988 90 10  0  0  0  0
17  0      0 15438680 243748 5652668    0    0     0   520 12439 16112 90 10  0  0  0  0
14  1      0 15455984 243764 5652728    0    0     0  1096 13611 19071 89 11  0  0  0  0
13  2      0 15463308 243780 5652972    0    0     0  1484 11082 11623 90 10  0  0  0  0
12  1      0 15462932 243792 5652844    0    0     0  1528 12411 15382 90 10  0  0  0  0
 8 10      0 15459064 243800 5652808    0    0     0  1848 13095 18002 88 12  0  0  0  0
12  4      0 15454448 243816 5652740    0    0     0   440 12361 15492 88 12  0  0  0  0
14  0      0 15441192 243828 5652764    0    0     0   364 12013 13832 90 10  0  0  0  0
16  2      0 15451496 243832 5652764    0    0     0  1284 12043 14331 89 11  0  0  0  0
13  4      0 15452024 243836 5652800    0    0     0  1384 11600 13907 91  9  0  0  0  0
13  1      0 15462544 243872 5652788    0    0     0  1300 10925 12151 85  8  0  7  0  0
14  1      0 15470560 243888 5652812    0    0     0  1012 11540 12990 91 10  0  0  0  0
13  0      0 15478024 243920 5652956    0    0     0   840 12018 14498 89 11  0  0  0  0
27  0      0 15474036 243936 5652996    0    0     0   632 12638 16414 89 11  0  0  0  0
18  1      0 15483604 243952 5653020    0    0     0  1596 11110 11267 89 10  0  0  0  0
17  1      0 15462756 243976 5646900    0    0     0  1548 14564 18814 89 11  0  0  0  0
procs ----------mémoire---------- -échange- -----io---- -système- ------cpu--------
 r  b   swpd  libre tampon  cache   si   so    bi    bo   in   cs us sy id wa st gu
19  0      0 15486428 243996 5647044    0    0     0   472 14063 19717 88 12  0  0  0  0
25 20      0 15467752 244004 5647092    0    0     0  1892 11814 14186 90  9  0  0  0  0
20  2      0 15450548 244008 5642052    0    0     0  1552 11536 12780 88 12  0  0  0  0
24  3      0 15473004 244028 5641880    0    0     0   472 12532 15435 90 10  0  0  0  0
14  2      0 15472652 244040 5641220    0    0     0   392 13765 19327 89 11  0  0  0  0
24  2      0 15491604 244040 5639260    0    0     0   952 13525 18181 87 13  0  0  0  0
14 18      0 15465088 244040 5639268    0    0     0  1456 11535 13011 90 10  0  0  0  0
22  5      0 15423228 244044 5646724    0    0     0  1484 12392 17439 89 11  0  0  0  0
14  3      0 15392996 244056 5681820    0    0     0   840 11240 15763 90 10  0  0  0  0
22  2      0 15392644 244084 5681896    0    0     0   524 11813 14867 90 10  0  0  0  0
26  1      0 15406828 244104 5680636    0    0     0  1364 12450 16663 89 11  0  0  0  0
15  1      0 15418956 244108 5653720    0    0     0   908 10592 10767 91  8  0  0  0  0
16  2      0 15400536 244108 5653692    0    0     0   320 12891 16735 90 10  0  0  0  0
19  6      0 15401184 244116 5653672    0    0     0  1252 11503 12482 89 10  0  0  0  0
14  2      0 15393848 244124 5653700    0    0     0   468 11000 11303 91  9  0  0  0  0
24  2      0 15406256 244132 5655788    0    0     0   904 11125 12130 89 11  0  0  0  0
14  2      0 15401572 244144 5655808    0    0     0   828 11239 11864 90 10  0  0  0  0
11  1      0 15395380 244148 5653856    0    0     0   528 13585 19048 89 11  0  0  0  0
11  1      0 15409072 244164 5653832    0    0     0  1788 12145 14527 89 11  0  0  0  0
15  1      0 15432896 244168 5653864    0    0     0  1184 11182 11789 91  9  0  0  0  0
11  1      0 15451520 244200 5655660    0    0     0   624 12511 15181 89 11  0  0  0  0
procs ----------mémoire---------- -échange- -----io---- -système- ------cpu--------
 r  b   swpd  libre tampon  cache   si   so    bi    bo   in   cs us sy id wa st gu
18  1      0 15448128 244224 5655664    0    0     0   796 12903 17750 89 10  0  0  0  0
12  3      0 15463288 244228 5653596    0    0     0  1560 12589 15915 90 10  0  0  0  0
13  2      0 15465784 244236 5653648    0    0     0   672 12331 14916 89 10  1  0  0  0
16  7      0 15473780 244240 5653684    0    0     0  1820 11398 12342 89 11  0  0  0  0
15  5      0 15460156 244248 5653616    0    0     0   920 10905 11415 91  9  0  0  0  0
11  1      0 15446364 244260 5655688    0    0     0   504 14014 16098 91  9  0  0  0  0
27  0      0 15444528 244268 5654036    0    0     0   392 12833 16877 88 12  0  0  0  0
14  1      0 15448056 244284 5653792    0    0     0  1688 12284 15799 90 10  0  0  0  0
12  1      0 15458128 244308 5653828    0    0     0  1656 12090 13767 90 10  0  0  0  0
21  0      0 15462204 244312 5656012    0    0     0   308 12631 16148 88 12  0  0  0  0
28  6      0 15452160 244316 5656048    0    0     0   792 13045 17078 89 10  0  0  0  0
14  3      0 15438132 244320 5656068    0    0     0  1144 10860 11061 91  9  0  0  0  0
15  2      0 15419008 244340 5656300    0    0     0   808 11483 15220 87 10  1  2  0  0
21  2      0 15446908 244360 5656116    0    0     0  1916 11981 14763 90 10  0  0  0  0
14  1      0 15442924 244368 5656128    0    0     0   296 11527 13203 91  9  0  0  0  0
17  1      0 15450204 244380 5656052    0    0     0   332 11247 11518 90 10  0  0  0  0
18  1      0 15427944 244388 5656252    0    0     0   324 13867 19244 88 12  0  0  0  0
21  6      0 15406532 244404 5654228    0    0     0  1724 12081 15937 90 10  0  0  0  0
19  2      0 15358528 244416 5654580    0    0     0  1400 12768 16043 89 11  0  0  0  0
14  0      0 15349476 244432 5656800    0    0     0   564 12044 14839 90 10  0  0  0  0
19  1      0 15350140 244444 5654888    0    0     0   696 13224 17448 89 11  0  0  0  0
procs ----------mémoire---------- -échange- -----io---- -système- ------cpu--------
 r  b   swpd  libre tampon  cache   si   so    bi    bo   in   cs us sy id wa st gu
19  1      0 15362484 244456 5654896    0    0     0  1612 12096 15474 90 10  0  0  0  0
14  1      0 15371556 244476 5656952    0    0     0   888 12439 15475 89 11  0  0  0  0
16  0      0 15384816 244484 5657104    0    0     0   432 14660 20519 89 11  0  0  0  0
19  1      0 15353176 244484 5657068    0    0     0  1388 17931 25006 83 17  0  0  0  0
16  0      0 15323756 244508 5657088    0    0     0  1056 16030 22650 88 12  0  0  0  0
12  0      0 15340208 244520 5655080    0    0     0   384 12244 14428 90 10  0  0  0  0
14  0      0 15376252 244520 5655096    0    0     0     0 11682 13861 90 10  0  0  0  0
14  0      0 15389192 244532 5655096    0    0     0   136 10774 10448 91  9  0  0  0  0
27  1      0 15405748 244532 5654972    0    0     0   164 12606 15829 90 10  0  0  0  0
16  2      0 15390192 244544 5654976    0    0     0  2020 13487 18936 86 13  0  0  0  0
11  2      0 15390684 244580 5654904    0    0     0  2116 12965 16591 89 11  0  0  0  0
14  0      0 15411412 244596 5654920    0    0     0   332 10952 11691 91  9  0  0  0  0
 9  0      0 15397124 244596 5654932    0    0     0     4 11963 13987 90  9  0  0  0  0
16  0      0 15400296 244596 5654952    0    0     0     0 10770 10430 91  9  0  0  0  0
20  0      0 15401896 244596 5654960    0    0     0     0 12586 15421 91  9  0  0  0  0
11  0      0 15411016 244596 5654980    0    0     0     0 11046 11087 91  9  0  0  0  0
21  0      0 15419700 244600 5654988    0    0     0    72 11522 13101 91  9  0  0  0  0
15  0      0 15414216 244600 5655008    0    0     0     0 11591 13479 90 10  0  0  0  0
15  0      0 15422148 244600 5655032    0    0     0     0 10644 9825 92  8  0  0  0  0
22  0      0 15418708 244600 5655040    0    0     0     0 12069 15075 90 10  0  0  0  0
16  2      0 15430900 244604 5654972    0    0     0  1680 12062 13825 89 10  0  0  0  0
procs ----------mémoire---------- -échange- -----io---- -système- ------cpu--------
 r  b   swpd  libre tampon  cache   si   so    bi    bo   in   cs us sy id wa st gu
14  0      0 15406900 244616 5655012    0    0     0   344 12230 14467 90 10  0  0  0  0
13  0      0 15423524 244616 5655020    0    0     0     0 11369 12744 91  9  0  0  0  0
12  0      0 15421668 244616 5655036    0    0     0     0 10919 10670 91  9  0  0  0  0
19  0      0 15423400 244616 5655052    0    0     0     0 12324 14653 91  9  0  0  0  0
11  0      0 15424916 244616 5655060    0    0     0     0 11127 11197 90  9  0  0  0  0
16  0      0 15431832 244620 5655076    0    0     0    60 11374 12393 91  9  0  0  0  0
21  0      0 15439904 244620 5655092    0    0     0     0 11395 12918 91  9  0  0  0  0
12  0      0 15449164 244624 5655100    0    0     0   124 10956 10517 91  9  0  0  0  0
17  0      0 15432096 244624 5655120    0    0     0     0 12676 16382 90 10  0  0  0  0
12  0      0 15428680 244624 5655128    0    0     0     0 11169 12081 91  9  0  0  0  0
18  0      0 15431224 244624 5655144    0    0     0     0 11524 12884 90 10  0  0  0  0
13  0      0 15452936 244624 5655164    0    0     0     0 10875 10507 91  9  0  0  0  0
13  0      0 15440776 244632 5655172    0    0     0    32 12064 14903 91  9  0  0  0  0
16  0      0 15436528 244632 5655188    0    0     0     0 11244 12422 90  9  0  0  0  0
17  0      0 15436808 244632 5655196    0    0     0     0 11751 13527 90  9  0  0  0  0
14  0      0 15426960 244632 5655212    0    0     0     0 10954 10687 91  9  0  0  0  0
20  0      0 15420344 244632 5655236    0    0     0     0 11632 12836 91  9  0  0  0  0
12  0      0 15424652 244636 5655244    0    0     0    32 11333 12461 91  9  0  0  0  0
17  0      0 15424556 244636 5655256    0    0     0     0 11388 12353 91  9  0  0  0  0
18  1      0 15435920 244636 5655276    0    0     0     4 11562 13074 91  9  0  0  0  0
16  0      0 15446228 244640 5655272    0    0     0   140 10804 10456 91  9  0  0  0  0
procs ----------mémoire---------- -échange- -----io---- -système- ------cpu--------
 r  b   swpd  libre tampon  cache   si   so    bi    bo   in   cs us sy id wa st gu
14  0      0 15436984 244640 5655304    0    0     0     0 12432 15500 91  9  0  0  0  0
16  0      0 15430564 244640 5655316    0    0     0     0 11434 12795 91  9  0  0  0  0
13  0      0 15474604 244640 5655324    0    0     0     0 11570 13506 90 10  0  0  0  0
16  0      0 15481840 244640 5655348    0    0     0     0 10794 10431 91  9  0  0  0  0
20  2      0 15476580 244640 5655276    0    0     0  2232 14034 19525 88 12  0  0  0  0
17  0      0 15496636 244648 5655000    0    0     0   344 11801 12862 91  9  0  0  0  0
15  0      0 15504548 244648 5654916    0    0     0     0 10936 11152 91  9  0  0  0  0
16  0      0 15502044 244648 5654932    0    0     0     4 11523 13076 91  9  0  0  0  0
13  1      0 15494988 244648 5654880    0    0     0  1672 12179 13605 90 10  0  0  0  0
13  0      0 15481876 244668 5654864    0    0     0   296 13275 17647 90 10  0  0  0  0
17  0      0 15494624 244668 5654892    0    0     0     0 11534 12866 90 10  0  0  0  0
11  1      0 15503068 244668 5654912    0    0     0     4 11517 12210 92  8  0  0  0  0
18  0      0 15518928 244668 5654624    0    0     0     0 10729 10277 90  9  0  0  0  0
15  0      0 15514568 244668 5654796    0    0     0     0 11917 14290 91  9  0  0  0  0
15  0      0 15512508 244676 5654808    0    0     0    64 11236 12310 91  9  0  0  0  0
10  0      0 15458704 244676 5655116    0    0     0     0 11349 12192 91  9  0  0  0  0
15  0      0 15437204 244676 5655232    0    0     0     0 10926 11132 91  9  0  0  0  0
18  0      0 15436636 244676 5655236    0    0     0     0 11375 12380 91  9  0  0  0  0
12  0      0 15436328 244676 5655256    0    0     0     0 11788 13903 91  9  0  0  0  0
12  0      0 15433836 244676 5655272    0    0     0    56 11119 11588 91  9  0  0  0  0
10  0      0 15447088 244676 5655288    0    0     0     0 11750 13384 90  9  0  0  0  0
procs ----------mémoire---------- -échange- -----io---- -système- ------cpu--------
 r  b   swpd  libre tampon  cache   si   so    bi    bo   in   cs us sy id wa st gu
18  0      0 15464092 244676 5655304    0    0     0     0 11055 12124 91  9  0  0  0  0
12  0      0 15477872 244676 5655328    0    0     0     0 12852 16077 91  9  0  0  0  0
11  0      0 15477492 244688 5655548    0    0     0   396 11288 12783 91  9  0  0  0  0
11  0      0 15474160 244688 5655364    0    0     0     0 11207 12191 91  9  0  0  0  0
13  2      0 15485328 244696 5655320    0    0     0   212 11262 11831 91  9  0  0  0  0
17  1      0 15485664 244708 5655288    0    0     0  1960 12982 17350 89 11  0  0  0  0
17  0      0 15477720 244716 5655308    0    0     0   276 12023 13904 89 11  0  0  0  0
13  0      0 15496380 244716 5655316    0    0     0     0 11493 12333 91  9  0  0  0  0
11  1      0 15503488 244716 5655328    0    0     0     4 11020 10695 91  9  0  0  0  0
11  0      0 15491168 244720 5655328    0    0     0    92 12244 14327 91  9  0  0  0  0
17  0      0 15478376 244720 5655348    0    0     0     0 10816 10303 91  9  0  0  0  0
12  0      0 15474440 244720 5655360    0    0     0     0 11573 12687 91  9  0  0  0  0
16  0      0 15490648 244720 5655368    0    0     0     0 11644 13308 90 10  0  0  0  0
14  0      0 15489500 244720 5655388    0    0     0     0 10762 10293 91  9  0  0  0  0
21  0      0 15499280 244720 5655400    0    0     0    36 12040 14384 91  9  0  0  0  0
10  0      0 15492460 244720 5655408    0    0     0    84 11307 12207 90  9  0  0  0  0
13  0      0 15508752 244720 5655428    0    0     0     0 11269 12126 91  9  0  0  0  0
13  1      0 15506300 244720 5655448    0    0     0    20 11388 11887 91  9  0  0  0  0
17  1      0 15481964 244728 5655360    0    0     0  2012 13662 18309 89 11  0  0  0  0
 9  0      0 15486680 244728 5655384    0    0     0    72 11423 12499 91  9  0  0  0  0
19  0      0 15495848 244728 5655392    0    0     0     0 11508 12918 91  9  0  0  0  0
procs ----------mémoire---------- -échange- -----io---- -système- ------cpu--------
 r  b   swpd  libre tampon  cache   si   so    bi    bo   in   cs us sy id wa st gu
11  0      0 15509904 244728 5655412    0    0     0     0 10605 10017 91  9  0  0  0  0
18  0      0 15502220 244728 5655420    0    0     0     0 11510 12890 91  9  1  0  0  0
11  1      0 15496308 244728 5655432    0    0     0    16 11618 13009 91  9  0  0  0  0
14  1      0 15507048 244736 5655348    0    0     0  2000 12074 13394 89 11  0  0  0  0
18  0      0 15512652 244740 5655368    0    0     0    64 11359 12000 90 10  0  0  0  0
15  0      0 15500364 244740 5655372    0    0     0     0 11480 12115 91  9  0  0  0  0
11  2      0 15524684 244748 5655328    0    0     0  1748 12263 13702 90 10  0  0  0  0
11  0      0 15516900 244756 5655284    0    0     0   232 12217 14946 89 10  0  0  0  0
 9  0      0 15520992 244756 5655304    0    0     0     0 11312 12086 91  9  1  0  0  0
15  0      0 15525076 244756 5655316    0    0     0     0 11305 12035 91  9  0  0  0  0
15  0      0 15524196 244756 5655332    0    0     0     0 10949 10296 91  9  0  0  0  0
13  0      0 15526928 244756 5655340    0    0     0     0 12564 15148 90 10  0  0  0  0
 9  0      0 15528732 244756 5655352    0    0     0    60 11458 12263 90  9  1  0  0  0
11  0      0 15529316 244756 5655360    0    0     0     0 11341 12129 91  9  0  0  0  0
11  0      0 15531736 244756 5655380    0    0     0     0 11028 10377 91  9  0  0  0  0
13  0      0 15502596 244756 5655384    0    0     0     0 11880 13421 91  9  0  0  0  0
16  3      0 15526696 244756 5655032    0    0     0   296 12212 14209 90 10  1  0  0  0
11  0      0 15545540 244760 5654948    0    0     0  1736 11512 12514 91  9  0  0  0  0
13  2      0 15563540 244760 5654956    0    0     0   160 11851 13366 91  9  0  0  0  0
16  0      0 15570204 244768 5654848    0    0     0  1840 12169 13337 89 11  1  0  0  0
12  0      0 15571748 244768 5654872    0    0     0     0 11965 14033 91  9  0  0  0  0
procs ----------mémoire---------- -échange- -----io---- -système- ------cpu--------
 r  b   swpd  libre tampon  cache   si   so    bi    bo   in   cs us sy id wa st gu
13  0      0 15564432 244768 5654876    0    0     0     4 11242 11614 91  9  0  0  0  0
14  0      0 15571336 244768 5654896    0    0     0     0 10801 10185 92  8  0  0  0  0
16  0      0 15580560 244768 5654908    0    0     0     0 11046 11467 91  9  0  0  0  0
20  0      0 15580196 244776 5654912    0    0     0    64 10939 10085 91  9  1  0  0  0
12  0      0 15565884 244776 5654932    0    0     0     0 12127 14454 91  9  0  0  0  0
10  0      0 15565268 244776 5654944    0    0     0     0 11461 12314 90  9  0  0  0  0
12  0      0 15587288 244776 5654956    0    0     0     0 10677 9952 91  9  0  0  0  0
10  1      0 15571908 244776 5654892    0    0     0   624 13682 17831 90 10  0  0  0  0
21  0      0 15578300 244800 5654808    0    0     0  1636 12535 14569 89 10  1  0  0  0
10  0      0 15572588 244812 5654800    0    0     0  1688 12763 14265 88 11  1  0  0  0
11  0      0 15593908 244812 5654800    0    0     0     0 11253 11683 90  9  1  0  0  0
11  0      0 15608204 244812 5654816    0    0     0     0 10704 9773 91  8  1  0  0  0
 9  0      0 15532468 244812 5655116    0    0     0     0 11891 13324 90 10  0  0  0  0
10  0      0 15527428 244812 5655224    0    0     0     0 11060 11161 91  8  1  0  0  0
16  0      0 15527252 244812 5655240    0    0     0    88 11082 10473 91  8  1  0  0  0
10  0      0 15527940 244812 5655256    0    0     0     0 11065 10787 90  9  0  0  0  0
10  0      0 15529684 244812 5655260    0    0     0     0 10798 10070 91  9  1  0  0  0
13  0      0 15526812 244812 5655268    0    0     0     0 11323 12125 90  9  1  0  0  0
15  0      0 15541088 244812 5655276    0    0     0     0 11124 11199 90  9  1  0  0  0
15  0      0 15565968 244816 5655176    0    0     0   416 12724 15037 90 10  1  0  0  0
 9  0      0 15565608 244832 5655416    0    0     0  2152 11378 11070 90  9  1  0  0  0
procs ----------mémoire---------- -échange- -----io---- -système- ------cpu--------
 r  b   swpd  libre tampon  cache   si   so    bi    bo   in   cs us sy id wa st gu
11  1      0 15572976 244832 5655140    0    0     0  1220 13195 16385 89 10  1  0  0  0
 9  0      0 15576552 244860 5655084    0    0     0   832 11172 10986 90  9  1  0  0  0
10  1      0 15577020 244864 5655008    0    0     0  1616 12213 14035 88 10  2  0  0  0
 9  0      0 15563024 244876 5654976    0    0     0   292 10366 9233 86  9  4  1  0  0
20  0      0 15568112 244876 5654988    0    0     0     0 10178 9150 86  9  6  0  0  0
12  1      0 15575156 244896 5654788    0    0     0  1792 12277 15450 81 10  7  2  0  0
 6  0      0 15583768 244900 5654796    0    0     0    52 9809 9799 80  8 12  0  0  0
 6  2      0 15600120 244904 5654728    0    0     0   196 10754 12549 76  8 14  2  0  0
 6  0      0 15593784 244916 5654696    0    0     0  1828 10125 10889 70  8 17  5  0  0
 6  0      0 15580780 244916 5654700    0    0     0     0 9886 11095 69  7 24  0  0  0
 5  1      0 15590220 244916 5654632    0    0     0    20 9528 10658 68  7 25  0  0  0
 5  0      0 15606072 244928 5654536    0    0     0  1848 10159 11589 57  7 29  7  0  0
 6  0      0 15608688 244928 5654540    0    0     0     0 8514 8676 57  6 36  0  0  0
 2  2      0 15610636 244928 5654340    0    0     0   496 10823 15021 51  7 37  6  0  0
 3  2      0 15593244 244948 5654256    0    0     0  1976 8294 9808 35  5 42 19  0  0
 1  1      0 15603504 244976 5653988    0    0     0  1388 7037 9846 22  3 56 19  0  0
 1  1      0 15610176 244984 5653744    0    0     0  1960 3565 4162 15  2 66 18  0  0
 2  0      0 15615820 244992 5655792    0    0     0   116 19296 30156 22  8 69  1  0  0
 1  1      0 15607176 245004 5655916    0    0     0   844 13464 19687 18  5 72  5  0  0
 1  1      0 15618960 245032 5655840    0    0     0   904 5433 7576 14  1 73 12  0  0
 1  1      0 15646320 245056 5653708    0    0     0   904 4561 5764 14  1 74 11  0  0
procs ----------mémoire---------- -échange- -----io---- -système- ------cpu--------
 r  b   swpd  libre tampon  cache   si   so    bi    bo   in   cs us sy id wa st gu
 1  2      0 15653408 245076 5653628    0    0     0  1332 4595 5302 14  1 72 12  0  0
 2  0      0 15676228 245084 5653584    0    0     0   788 4439 6826 14  1 72 13  0  0
 1  1      0 15685508 245096 5653512    0    0     0   872 4589 5722 13  1 74 12  0  0
 1  2      0 15685600 245124 5653444    0    0     0   876 4261 5356 14  1 72 14  0  0
 1  1      0 15681940 245148 5653348    0    0     0   892 4752 7410 14  1 73 13  0  0
 1  1      0 15705196 245152 5652888    0    0     0   880 4774 5680 14  2 74 11  0  0
 1  1      0 15725880 245180 5652812    0    0     0   828 4099 5024 13  1 74 12  0  0
 1  1      0 15725528 245188 5652760    0    0     0   892 4964 7776 14  1 73 12  0  0
 1  1      0 15733216 245232 5652656    0    0     0   976 4647 5805 13  1 74 12  0  0
 1  1      0 15744084 245248 5652568    0    0     0   908 4305 5389 13  1 74 11  0  0
 1  1      0 15730452 245264 5652488    0    0     0   964 5181 7893 14  1 74 12  0  0
 1  1      0 15738232 245268 5652388    0    0     0  1096 5140 6644 13  1 74 11  0  0
 1  1      0 15746520 245280 5652308    0    0     0   988 4602 5921 14  1 74 12  0  0
 1  1      0 15724396 245304 5652204    0    0     0  1028 5750 8638 14  2 73 11  0  0
 1  1      0 15744836 245320 5652144    0    0     0   968 4357 5651 13  1 74 12  0  0
 1  1      0 15746108 245336 5652036    0    0     0   948 4418 5604 13  1 74 12  0  0
 1  1      0 15732960 245352 5651960    0    0     0   924 4791 7323 14  1 74 11  0  0
 1  2      0 15728720 245380 5651888    0    0     0  1032 4845 6423 14  1 73 12  0  0
 2  0      0 15738924 245408 5651768    0    0     0  1008 4255 5319 13  1 73 13  0  0
 1  1      0 15742756 245440 5651688    0    0     0   988 4970 7847 14  1 74 11  0  0
 1  1      0 15747540 245472 5651608    0    0     0   872 4248 5245 14  1 73 12  0  0
procs ----------mémoire---------- -échange- -----io---- -système- ------cpu--------
 r  b   swpd  libre tampon  cache   si   so    bi    bo   in   cs us sy id wa st gu
 1  1      0 15741976 245504 5651524    0    0     0   908 4105 4901 13  1 74 11  0  0
 1  1      0 15739524 245524 5651452    0    0     0   820 4563 7165 14  1 73 12  0  0
 1  1      0 15737288 245540 5651376    0    0     0   864 4147 4905 13  1 74 12  0  0
 1  1      0 15732932 245548 5651316    0    0     0   720 3718 4460 14  1 74 12  0  0
 1  1      0 15745704 245584 5651236    0    0     0   836 4629 7172 14  1 73 12  0  0
 2  0      0 15765092 245600 5651188    0    0     0   908 3930 4566 13  1 74 12  0  0
 1  1      0 15754752 245612 5650956    0    0     0   912 4118 4988 13  1 72 14  0  0
 1  1      0 15738408 245632 5650888    0    0     0   808 4384 6549 14  1 74 11  0  0
 1  1      0 15745216 245656 5650784    0    0     0   768 4046 4717 13  1 73 13  0  0
 1  1      0 15700040 245668 5651032    0    0     0   904 4666 6387 15  2 72 12  0  0
 0  2      0 15702892 245676 5653084    0    0     0  2556 5498 9196  7  4 73 16  0  0
