Linux 6.17.0-19-generic (tolokoum-HP-ProBook-640-G4) 	04/06/2026 	_x86_64_	(8 CPU)

01:38:48     CPU    %usr   %nice    %sys %iowait    %irq   %soft  %steal  %guest  %gnice   %idle
01:38:49     all    5,11    0,13    2,68   17,75    0,00    0,00    0,00    0,00    0,00   74,33
01:38:50     all    5,48    0,13    3,95   12,24    0,00    0,00    0,00    0,00    0,00   78,19
01:38:51     all    9,57    0,00    6,51    8,67    0,00    0,26    0,00    0,00    0,00   75,00
01:38:52     all    2,56    0,00    1,79   16,67    0,00    0,00    0,00    0,00    0,00   78,97
01:38:53     all    8,66    0,00    8,79    2,42    0,00    0,00    0,00    0,00    0,00   80,13
01:38:54     all    3,56    0,38    2,80   12,09    0,00    0,00    0,00    0,00    0,00   81,17
01:38:55     all    8,22    0,13    5,78    7,83    0,00    0,13    0,00    0,00    0,00   77,92
01:38:56     all    1,64    0,00    1,77    0,51    0,00    0,00    0,00    0,00    0,00   96,08
01:38:57     all    2,94    0,00    2,17    0,00    0,00    0,00    0,00    0,00    0,00   94,89
01:38:58     all    2,43    0,00    2,17    0,00    0,00    0,00    0,00    0,00    0,00   95,40
01:38:59     all    1,66    0,00    1,66    0,00    0,00    0,00    0,00    0,00    0,00   96,68
01:39:00     all    2,66    0,00    2,16    0,00    0,00    0,00    0,00    0,00    0,00   95,18
01:39:01     all    2,29    0,00    2,04    0,76    0,00    0,00    0,00    0,00    0,00   94,90
01:39:02     all    1,77    0,00    1,65    0,00    0,00    0,00    0,00    0,00    0,00   96,58
01:39:03     all    4,47    0,00    2,81   14,43    0,00    0,00    0,00    0,00    0,00   78,29
01:39:04     all    5,64    0,13    3,85   11,15    0,00    0,00    0,00    0,00    0,00   79,23
01:39:05     all   12,36    0,13    5,86    9,94    0,00    0,00    0,00    0,00    0,00   71,72
01:39:06     all   13,38    0,00    2,78   10,48    0,00    0,00    0,00    0,00    0,00   73,36
01:39:07     all   17,07    0,00    4,17    8,98    0,00    0,00    0,00    0,00    0,00   69,79
01:39:08     all   18,99    0,13    3,92   11,01    0,00    0,13    0,00    0,00    0,00   65,82
01:39:09     all   20,33    0,00    4,80    9,85    0,00    0,00    0,00    0,00    0,00   65,03
01:39:10     all   18,94    0,00    3,91   16,29    0,00    0,13    0,00    0,00    0,00   60,73
01:39:11     all   21,11    0,13    4,42    8,60    0,00    0,25    0,00    0,00    0,00   65,49
01:39:12     all   19,16    0,00    3,83   16,35    0,00    0,00    0,00    0,00    0,00   60,66
01:39:13     all   19,09    0,00    3,16   12,64    0,00    0,00    0,00    0,00    0,00   65,11
01:39:14     all   20,45    0,00    5,05    9,72    0,00    0,25    0,00    0,00    0,00   64,52
01:39:15     all   20,13    0,00    4,05   13,54    0,00    0,00    0,00    0,00    0,00   62,28
01:39:16     all   20,43    0,00    4,92   10,21    0,00    0,13    0,00    0,00    0,00   64,31
01:39:17     all   19,14    0,13    3,53   11,46    0,00    0,13    0,00    0,00    0,00   65,62
01:39:18     all   20,61    0,00    4,93    9,36    0,00    0,00    0,00    0,00    0,00   65,11
01:39:19     all   19,82    0,00    3,96   13,04    0,00    0,13    0,00    0,00    0,00   63,04
01:39:20     all   20,10    0,00    4,17   11,38    0,00    0,00    0,00    0,00    0,00   64,35
01:39:21     all   21,44    0,13    5,04    8,45    0,00    0,00    0,00    0,00    0,00   64,94
01:39:22     all   18,87    0,13    3,65   16,48    0,00    0,00    0,00    0,00    0,00   60,88
01:39:23     all   20,69    0,00    4,70    7,99    0,00    0,13    0,00    0,00    0,00   66,50
01:39:24     all   18,53    0,13    4,06   18,02    0,00    0,00    0,00    0,00    0,00   59,26
01:39:25     all   22,05    0,00    5,32    9,13    0,00    0,13    0,00    0,00    0,00   63,37
01:39:26     all   19,82    0,00    4,17   10,86    0,00    0,25    0,00    0,00    0,00   64,90
01:39:27     all   19,60    0,13    4,17   10,11    0,00    0,13    0,00    0,00    0,00   65,87
01:39:28     all   21,11    0,00    4,80   14,79    0,00    0,13    0,00    0,00    0,00   59,17
01:39:29     all   20,08    0,00    4,07   13,21    0,00    0,00    0,00    0,00    0,00   62,64
01:39:30     all   22,43    0,00    5,58   10,01    0,00    0,13    0,00    0,00    0,00   61,85
01:39:31     all   18,79    0,00    4,29   12,99    0,00    0,13    0,00    0,00    0,00   63,81
01:39:32     all   21,35    0,00    5,08    9,02    0,00    0,00    0,00    0,00    0,00   64,55
01:39:33     all   21,50    0,13    4,07   12,34    0,00    0,00    0,00    0,00    0,00   61,96
01:39:34     all   21,31    0,00    5,30    9,08    0,00    0,00    0,00    0,00    0,00   64,31
01:39:35     all   19,17    0,00    3,78   14,75    0,00    0,13    0,00    0,00    0,00   62,17
01:39:36     all   21,63    0,13    5,98    9,03    0,00    0,00    0,00    0,00    0,00   63,23
01:39:37     all   18,79    0,13    3,40   14,75    0,00    0,25    0,00    0,00    0,00   62,67
01:39:38     all   22,94    0,13    5,70    9,38    0,00    0,00    0,00    0,00    0,00   61,85
01:39:39     all   20,25    0,00    4,43   12,03    0,00    0,13    0,00    0,00    0,00   63,16
01:39:40     all   19,26    0,00    4,31   12,42    0,00    0,00    0,00    0,00    0,00   64,01
01:39:41     all   21,74    0,13    5,18   10,87    0,00    0,00    0,00    0,00    0,00   62,07
01:39:42     all   18,69    0,13    3,66   12,25    0,00    0,00    0,00    0,00    0,00   65,28
01:39:43     all   22,34    0,13    5,58    9,64    0,00    0,13    0,00    0,00    0,00   62,18
01:39:44     all   19,90    0,00    3,90   10,71    0,00    0,00    0,00    0,00    0,00   65,49
01:39:45     all   21,25    0,00    5,98    9,54    0,00    0,25    0,00    0,00    0,00   62,98
01:39:46     all   19,22    0,00    4,93   22,88    0,00    0,00    0,00    0,00    0,00   52,97
01:39:47     all   18,28    0,00    3,66   13,24    0,00    0,00    0,00    0,00    0,00   64,82
01:39:48     all   24,33    0,13    6,27    7,68    0,00    0,00    0,00    0,00    0,00   61,59
01:39:49     all   18,66    0,00    3,28   11,10    0,00    0,00    0,00    0,00    0,00   66,96
01:39:50     all   22,11    0,13    5,72    9,15    0,00    0,00    0,00    0,00    0,00   62,90
01:39:51     all   19,44    0,13    4,17   17,93    0,00    0,13    0,00    0,00    0,00   58,21
01:39:52     all   20,81    0,00    4,19   15,48    0,00    0,13    0,00    0,00    0,00   59,39
01:39:53     all   21,39    0,00    5,57    9,87    0,00    0,13    0,00    0,00    0,00   63,04
01:39:54     all   19,42    0,00    3,66   16,90    0,00    0,00    0,00    0,00    0,00   60,03
01:39:55     all   21,29    0,00    5,32   10,90    0,00    0,00    0,00    0,00    0,00   62,48
01:39:56     all   19,65    0,25    4,44   11,79    0,00    0,13    0,00    0,00    0,00   63,75
01:39:57     all   21,07    0,00    4,31   20,05    0,00    0,25    0,00    0,00    0,00   54,31
01:39:58     all   20,95    0,00    4,85    8,94    0,00    0,13    0,00    0,00    0,00   65,13
01:39:59     all   20,13    0,00    4,65   15,35    0,00    0,13    0,00    0,00    0,00   59,75
01:40:00     all   19,72    0,00    4,20   10,43    0,00    0,00    0,00    0,00    0,00   65,65
01:40:01     all   21,67    0,00    5,45   10,90    0,00    0,00    0,00    0,00    0,00   61,98
01:40:02     all   21,46    0,13    4,67   11,11    0,00    0,00    0,00    0,00    0,00   62,63
01:40:03     all   21,09    0,00    5,21    8,01    0,00    0,00    0,00    0,00    0,00   65,69
01:40:04     all   20,61    0,00    4,68   23,51    0,00    0,13    0,00    0,00    0,00   51,07
01:40:05     all   20,18    0,00    4,95   11,55    0,00    0,00    0,00    0,00    0,00   63,32
01:40:06     all   21,46    0,13    5,36    9,20    0,00    0,00    0,00    0,00    0,00   63,86
01:40:07     all   21,62    0,00    4,55    8,47    0,00    0,13    0,00    0,00    0,00   65,23
01:40:08     all   21,19    0,13    4,79   10,34    0,00    0,13    0,00    0,00    0,00   63,43
01:40:09     all   21,47    0,13    5,46   11,82    0,00    0,25    0,00    0,00    0,00   60,86
01:40:10     all   18,63    0,00    3,80   11,53    0,00    0,13    0,00    0,00    0,00   65,91
01:40:11     all   21,50    0,00    5,22    9,41    0,00    0,13    0,00    0,00    0,00   63,74
01:40:12     all   21,91    0,13    5,16   24,06    0,00    0,25    0,00    0,00    0,00   48,49
01:40:13     all   19,01    0,00    4,31   11,28    0,00    0,00    0,00    0,00    0,00   65,40
01:40:14     all   22,76    0,13    6,70    8,98    0,00    0,00    0,00    0,00    0,00   61,44
01:40:15     all   18,15    0,00    3,17   12,31    0,00    0,13    0,00    0,00    0,00   66,24
01:40:16     all   21,74    0,13    5,44    8,47    0,00    0,00    0,00    0,00    0,00   64,22
01:40:17     all   20,18    0,13    4,29   22,45    0,00    0,13    0,00    0,00    0,00   52,84
01:40:18     all   22,15    0,13    4,56   11,77    0,00    0,00    0,00    0,00    0,00   61,39
01:40:19     all   22,04    0,00    6,11   10,32    0,00    0,00    0,00    0,00    0,00   61,53
01:40:20     all   19,65    0,00    4,56   15,34    0,00    0,00    0,00    0,00    0,00   60,46
01:40:21     all   20,35    0,00    4,55    9,61    0,00    0,13    0,00    0,00    0,00   65,36
01:40:22     all   21,04    0,13    5,96   12,29    0,00    0,00    0,00    0,00    0,00   60,58
01:40:23     all   21,73    0,13    4,45   20,97    0,00    0,13    0,00    0,00    0,00   52,60
01:40:24     all   21,24    0,13    5,06    8,47    0,00    0,00    0,00    0,00    0,00   65,11
01:40:25     all   19,82    0,00    5,21   18,81    0,00    0,00    0,00    0,00    0,00   56,16
01:40:26     all   19,02    0,00    4,16   12,72    0,00    0,13    0,00    0,00    0,00   63,98
01:40:27     all   21,45    0,13    5,46    8,63    0,00    0,00    0,00    0,00    0,00   64,34
01:40:28     all   22,43    0,00    4,82   14,45    0,00    0,25    0,00    0,00    0,00   58,05
01:40:29     all   22,45    0,00    5,61   11,10    0,00    0,00    0,00    0,00    0,00   60,84
01:40:30     all   21,74    0,00    5,31   11,38    0,00    0,13    0,00    0,00    0,00   61,44
01:40:31     all   19,17    0,00    4,29   12,36    0,00    0,00    0,00    0,00    0,00   64,19
01:40:32     all   22,62    0,13    6,48   10,04    0,00    0,13    0,00    0,00    0,00   60,61
01:40:33     all   21,68    0,00    4,08   21,30    0,00    0,00    0,00    0,00    0,00   52,93
01:40:34     all   21,06    0,13    5,04    9,21    0,00    0,25    0,00    0,00    0,00   64,31
01:40:35     all   22,11    0,13    6,48   12,96    0,00    0,00    0,00    0,00    0,00   58,32
01:40:36     all   18,92    0,13    4,67   13,62    0,00    0,13    0,00    0,00    0,00   62,55
01:40:37     all   21,17    0,13    5,58    9,00    0,00    0,25    0,00    0,00    0,00   63,88
01:40:38     all   23,26    0,13    4,68   20,61    0,00    0,13    0,00    0,00    0,00   51,20
01:40:39     all   20,58    0,00    5,34   10,67    0,00    0,00    0,00    0,00    0,00   63,41
01:40:40     all   23,01    0,13    5,94    9,73    0,00    0,13    0,00    0,00    0,00   61,06
01:40:41     all   18,88    0,00    3,80   16,10    0,00    0,00    0,00    0,00    0,00   61,22
01:40:42     all   21,69    0,13    5,67    8,07    0,00    0,00    0,00    0,00    0,00   64,44
01:40:43     all   20,15    0,00    5,20   12,04    0,00    0,13    0,00    0,00    0,00   62,48
01:40:44     all   23,19    0,13    4,94   10,90    0,00    0,00    0,00    0,00    0,00   60,84
01:40:45     all   21,15    0,00    5,99    8,92    0,00    0,00    0,00    0,00    0,00   63,95
01:40:46     all   21,02    0,13    4,84   15,54    0,00    0,00    0,00    0,00    0,00   58,47
01:40:47     all   19,37    0,00    4,40   12,58    0,00    0,00    0,00    0,00    0,00   63,65
01:40:48     all   22,56    0,00    6,34    9,51    0,00    0,00    0,00    0,00    0,00   61,60
01:40:49     all   23,67    0,13    4,68   13,29    0,00    0,13    0,00    0,00    0,00   58,10
01:40:50     all   22,81    0,00    6,34    9,76    0,00    0,13    0,00    0,00    0,00   60,96
01:40:51     all   21,04    0,00    5,45   19,65    0,00    0,25    0,00    0,00    0,00   53,61
01:40:52     all   19,29    0,00    4,41   23,71    0,00    0,00    0,00    0,00    0,00   52,59
01:40:53     all   21,76    0,00    5,47    8,78    0,00    0,00    0,00    0,00    0,00   63,99
01:40:54     all   18,91    0,13    4,31   15,36    0,00    0,13    0,00    0,00    0,00   61,17
01:40:55     all   23,63    0,00    4,96   10,93    0,00    0,13    0,00    0,00    0,00   60,36
01:40:56     all   21,95    0,13    6,09   10,28    0,00    0,13    0,00    0,00    0,00   61,42
01:40:57     all   20,35    0,13    4,55   19,22    0,00    0,13    0,00    0,00    0,00   55,63
01:40:58     all   20,18    0,00    5,33    9,64    0,00    0,00    0,00    0,00    0,00   64,85
01:40:59     all   21,87    0,25    6,19    9,86    0,00    0,00    0,00    0,00    0,00   61,82
01:41:00     all   22,52    0,00    3,94   23,41    0,00    0,13    0,00    0,00    0,00   50,00
01:41:01     all   22,77    0,13    6,11    9,54    0,00    0,00    0,00    0,00    0,00   61,45
01:41:02     all   21,06    0,13    5,42   20,93    0,00    0,00    0,00    0,00    0,00   52,46
01:41:03     all   20,13    0,00    4,94   11,77    0,00    0,00    0,00    0,00    0,00   63,16
01:41:04     all   22,88    0,00    6,32    8,47    0,00    0,00    0,00    0,00    0,00   62,33
01:41:05     all   20,38    0,00    5,66   13,21    0,00    0,00    0,00    0,00    0,00   60,75
01:41:06     all   23,48    0,00    5,46    8,50    0,00    0,13    0,00    0,00    0,00   62,44
01:41:07     all   21,86    0,00    6,35    6,73    0,00    0,13    0,00    0,00    0,00   64,93
01:41:08     all   19,49    0,00    3,54    0,00    0,00    0,00    0,00    0,00    0,00   76,96
01:41:09     all   18,18    0,00    3,79    0,00    0,00    0,00    0,00    0,00    0,00   78,03
01:41:10     all   17,83    0,00    3,16    1,26    0,00    0,13    0,00    0,00    0,00   77,62
01:41:11     all   22,36    0,00    4,07    0,00    0,00    0,25    0,00    0,00    0,00   73,32
01:41:12     all   18,61    0,00    3,67    1,90    0,00    0,00    0,00    0,00    0,00   75,82
01:41:13     all   18,63    0,00    3,55    0,00    0,00    0,13    0,00    0,00    0,00   77,69
01:41:14     all   17,67    0,00    3,51    1,63    0,00    0,00    0,00    0,00    0,00   77,19
01:41:15     all   22,46    0,00    3,81    0,00    0,00    0,00    0,00    0,00    0,00   73,73
01:41:16     all   18,26    0,00    3,45    1,02    0,00    0,00    0,00    0,00    0,00   77,27
01:41:17     all   18,69    0,00    3,66    3,28    0,00    0,00    0,00    0,00    0,00   74,37
01:41:18     all   17,88    0,00    3,27    0,00    0,00    0,13    0,00    0,00    0,00   78,72
01:41:19     all   23,10    0,00    3,93    0,00    0,00    0,00    0,00    0,00    0,00   72,97
01:41:20     all   18,76    0,00    3,42    0,00    0,00    0,00    0,00    0,00    0,00   77,82
01:41:21     all   18,23    0,00    3,42    0,00    0,00    0,13    0,00    0,00    0,00   78,23
01:41:22     all   18,43    0,00    3,28    2,27    0,00    0,00    0,00    0,00    0,00   76,01
01:41:23     all   17,83    0,00    3,16    0,00    0,00    0,00    0,00    0,00    0,00   79,01
01:41:24     all   22,31    0,00    4,18    2,92    0,00    0,25    0,00    0,00    0,00   70,34
01:41:25     all   18,33    0,00    3,54    0,00    0,00    0,13    0,00    0,00    0,00   78,00
01:41:26     all   19,34    0,00    3,54    0,00    0,00    0,00    0,00    0,00    0,00   77,12
01:41:27     all   17,63    0,00    3,02    0,00    0,00    0,00    0,00    0,00    0,00   79,35
01:41:28     all   21,88    0,00    3,94    0,00    0,00    0,00    0,00    0,00    0,00   74,17
01:41:29     all   18,68    0,00    3,43    2,54    0,00    0,00    0,00    0,00    0,00   75,35
01:41:30     all   18,76    0,00    3,68    0,00    0,00    0,00    0,00    0,00    0,00   77,57
01:41:31     all   17,76    0,00    3,40    0,00    0,00    0,13    0,00    0,00    0,00   78,72
01:41:32     all   22,48    0,00    4,09    0,00    0,00    0,00    0,00    0,00    0,00   73,44
01:41:33     all   18,73    0,00    3,80    0,00    0,00    0,00    0,00    0,00    0,00   77,47
01:41:34     all   19,24    0,00    3,80    2,28    0,00    0,00    0,00    0,00    0,00   74,68
01:41:35     all   17,88    0,00    3,15    2,52    0,00    0,13    0,00    0,00    0,00   76,32
01:41:36     all   22,34    0,00    4,06    0,89    0,00    0,00    0,00    0,00    0,00   72,72
01:41:37     all   18,83    0,00    3,18    2,80    0,00    0,00    0,00    0,00    0,00   75,19
01:41:38     all   17,82    0,00    3,26    1,38    0,00    0,13    0,00    0,00    0,00   77,42
01:41:39     all   18,12    0,00    3,55    0,00    0,00    0,13    0,00    0,00    0,00   78,20
01:41:40     all   17,51    0,00    2,92    0,00    0,00    0,00    0,00    0,00    0,00   79,57
01:41:41     all   22,60    0,00    4,29    1,89    0,00    0,00    0,00    0,00    0,00   71,21
01:41:42     all   18,50    0,00    3,42    0,00    0,00    0,13    0,00    0,00    0,00   77,95
01:41:43     all   18,69    0,00    3,91    0,00    0,00    0,00    0,00    0,00    0,00   77,40
01:41:44     all   17,77    0,00    2,66    0,00    0,00    0,13    0,00    0,00    0,00   79,44
01:41:45     all   22,09    0,00    4,09    0,00    0,00    0,00    0,00    0,00    0,00   73,82
01:41:46     all   18,61    0,00    3,54    2,53    0,00    0,00    0,00    0,00    0,00   75,32
01:41:47     all   18,62    0,00    4,28    0,00    0,00    0,13    0,00    0,00    0,00   76,98
01:41:48     all   18,08    0,00    3,16    0,51    0,00    0,13    0,00    0,00    0,00   78,13
01:41:49     all   22,52    0,00    4,07    0,00    0,00    0,00    0,00    0,00    0,00   73,41
01:41:50     all   18,61    0,00    3,67    2,41    0,00    0,13    0,00    0,00    0,00   75,19
01:41:51     all   18,75    0,00    3,57    0,00    0,00    0,00    0,00    0,00    0,00   77,68
01:41:52     all   17,93    0,00    3,03    1,01    0,00    0,13    0,00    0,00    0,00   77,90
01:41:53     all   22,01    0,00    4,20    1,91    0,00    0,00    0,00    0,00    0,00   71,88
01:41:54     all   18,92    0,00    3,78    2,65    0,00    0,00    0,00    0,00    0,00   74,65
01:41:55     all   18,23    0,00    3,04    0,00    0,00    0,13    0,00    0,00    0,00   78,61
01:41:56     all   18,20    0,00    3,79    0,00    0,00    0,00    0,00    0,00    0,00   78,00
01:41:57     all   17,83    0,00    3,29    0,00    0,00    0,00    0,00    0,00    0,00   78,89
01:41:58     all   22,59    0,00    4,44    0,00    0,00    0,00    0,00    0,00    0,00   72,97
01:41:59     all   18,69    0,00    3,66    2,15    0,00    0,13    0,00    0,00    0,00   75,38
01:42:00     all   19,27    0,00    3,78    0,00    0,00    0,00    0,00    0,00    0,00   76,95
01:42:01     all   17,87    0,00    3,04    0,00    0,00    0,00    0,00    0,00    0,00   79,09
01:42:02     all   22,39    0,00    4,07    0,00    0,00    0,00    0,00    0,00    0,00   73,54
01:42:03     all   18,43    0,00    4,04    0,00    0,00    0,00    0,00    0,00    0,00   77,53
01:42:04     all   18,58    0,00    3,69    2,67    0,00    0,00    0,00    0,00    0,00   75,06
01:42:05     all   18,66    0,00    4,04    0,00    0,00    0,13    0,00    0,00    0,00   77,18
01:42:06     all   22,78    0,00    4,30    0,00    0,00    0,00    0,00    0,00    0,00   72,91
01:42:07     all   18,65    0,00    3,43    0,00    0,00    0,00    0,00    0,00    0,00   77,92
01:42:08     all   18,44    0,00    4,27    3,01    0,00    0,38    0,00    0,00    0,00   73,90
01:42:09     all   18,10    0,00    3,16    4,56    0,00    0,00    0,00    0,00    0,00   74,18
01:42:10     all   21,84    0,00    4,42    0,13    0,00    0,00    0,00    0,00    0,00   73,61
01:42:11     all   19,29    0,00    3,66    0,00    0,00    0,00    0,00    0,00    0,00   77,05
01:42:12     all   17,49    0,00    3,55    0,00    0,00    0,00    0,00    0,00    0,00   78,96
01:42:13     all   18,86    0,00    3,54    0,00    0,00    0,00    0,00    0,00    0,00   77,59
01:42:14     all   17,70    0,00    3,29    1,14    0,00    0,00    0,00    0,00    0,00   77,88
01:42:15     all   23,20    0,00    4,41    0,00    0,00    0,00    0,00    0,00    0,00   72,38
01:42:16     all   18,55    0,00    3,43    0,00    0,00    0,00    0,00    0,00    0,00   78,02
01:42:17     all   18,89    0,00    3,78    0,00    0,00    0,13    0,00    0,00    0,00   77,20
01:42:18     all   17,53    0,00    3,53    0,00    0,00    0,13    0,00    0,00    0,00   78,81
01:42:19     all   23,04    0,00    4,18    1,14    0,00    0,00    0,00    0,00    0,00   71,65
01:42:20     all   18,53    0,00    3,68    0,00    0,00    0,25    0,00    0,00    0,00   77,54
01:42:21     all   18,71    0,00    3,92    0,00    0,00    0,13    0,00    0,00    0,00   77,24
01:42:22     all   17,78    0,00    3,53    0,00    0,00    0,00    0,00    0,00    0,00   78,69
01:42:23     all   22,70    0,00    3,70    0,00    0,00    0,13    0,00    0,00    0,00   73,47
01:42:24     all   18,56    0,00    3,79    0,63    0,00    0,00    0,00    0,00    0,00   77,02
01:42:25     all   19,22    0,00    3,67    1,77    0,00    0,00    0,00    0,00    0,00   75,35
01:42:26     all   17,62    0,00    3,17    0,00    0,00    0,00    0,00    0,00    0,00   79,21
01:42:27     all   22,24    0,00    3,81    0,00    0,00    0,00    0,00    0,00    0,00   73,95
01:42:28     all   18,50    0,00    3,68    0,00    0,00    0,00    0,00    0,00    0,00   77,82
01:42:29     all   18,30    0,00    3,63    0,00    0,00    0,25    0,00    0,00    0,00   77,82
01:42:30     all   18,76    0,00    3,55    1,01    0,00    0,00    0,00    0,00    0,00   76,68
01:42:31     all   17,88    0,00    3,27    0,00    0,00    0,00    0,00    0,00    0,00   78,84
01:42:32     all   22,59    0,00    4,31    0,00    0,00    0,00    0,00    0,00    0,00   73,10
01:42:33     all   18,41    0,00    4,04    0,00    0,00    0,00    0,00    0,00    0,00   77,55
01:42:34     all   18,84    0,00    3,92    0,00    0,00    0,13    0,00    0,00    0,00   77,12
01:42:35     all   17,64    0,00    2,92    0,76    0,00    0,00    0,00    0,00    0,00   78,68
01:42:36     all   22,31    0,00    4,31    1,27    0,00    0,00    0,00    0,00    0,00   72,12
01:42:37     all   18,65    0,00    3,43    0,00    0,00    0,00    0,00    0,00    0,00   77,92
01:42:38     all   18,76    0,00    3,55    0,00    0,00    0,00    0,00    0,00    0,00   77,69
01:42:39     all   18,01    0,00    3,02    0,00    0,00    0,00    0,00    0,00    0,00   78,97
01:42:40     all   21,60    0,00    4,07    3,43    0,00    0,13    0,00    0,00    0,00   70,78
01:42:41     all   18,31    0,00    3,79    3,54    0,00    0,00    0,00    0,00    0,00   74,37
01:42:42     all   18,96    0,00    3,67    0,00    0,00    0,00    0,00    0,00    0,00   77,37
01:42:43     all   17,51    0,00    2,92    0,00    0,00    0,00    0,00    0,00    0,00   79,57
01:42:44     all   22,45    0,00    3,95    0,00    0,00    0,26    0,00    0,00    0,00   73,34
01:42:45     all   18,77    0,00    3,65    0,00    0,00    0,13    0,00    0,00    0,00   77,46
01:42:46     all   17,68    0,00    3,41    0,76    0,00    0,13    0,00    0,00    0,00   78,03
01:42:47     all   18,86    0,00    4,05    0,00    0,00    0,00    0,00    0,00    0,00   77,09
01:42:48     all   18,64    0,00    3,02    0,00    0,00    0,00    0,00    0,00    0,00   78,34
01:42:49     all   22,28    0,00    4,18    0,00    0,00    0,13    0,00    0,00    0,00   73,42
01:42:50     all   18,61    0,00    3,92    1,14    0,00    0,00    0,00    0,00    0,00   76,33
01:42:51     all   18,88    0,00    3,68    0,00    0,00    0,00    0,00    0,00    0,00   77,44
01:42:52     all   17,55    0,00    3,28    1,89    0,00    0,00    0,00    0,00    0,00   77,27
01:42:53     all   22,42    0,00    3,95    0,00    0,00    0,13    0,00    0,00    0,00   73,50
01:42:54     all   18,61    0,00    3,54    0,00    0,00    0,00    0,00    0,00    0,00   77,85
01:42:55     all   18,69    0,00    4,04    0,25    0,00    0,00    0,00    0,00    0,00   77,02
01:42:56     all   18,16    0,00    3,28    2,40    0,00    0,13    0,00    0,00    0,00   76,04
01:42:57     all   22,41    0,00    4,30    1,14    0,00    0,13    0,00    0,00    0,00   72,03
01:42:58     all   18,48    0,00    3,67    2,28    0,00    0,00    0,00    0,00    0,00   75,57
01:42:59     all   18,58    0,00    3,92    0,00    0,00    0,25    0,00    0,00    0,00   77,24
01:43:00     all   17,91    0,00    3,28    0,00    0,00    0,00    0,00    0,00    0,00   78,81
01:43:01     all   22,34    0,00    4,19    0,00    0,00    0,13    0,00    0,00    0,00   73,35
01:43:02     all   18,27    0,00    3,43    0,00    0,00    0,00    0,00    0,00    0,00   78,30
01:43:03     all   18,77    0,00    4,28    0,38    0,00    0,00    0,00    0,00    0,00   76,57
01:43:04     all   20,41    0,00    4,18    0,00    0,00    0,00    0,00    0,00    0,00   75,41
01:43:05     all   18,77    0,00    3,90    0,00    0,00    0,00    0,00    0,00    0,00   77,33
01:43:06     all   22,32    0,00    3,83    0,00    0,00    0,00    0,00    0,00    0,00   73,85
01:43:07     all   18,70    0,00    3,56    0,00    0,00    0,00    0,00    0,00    0,00   77,74
01:43:08     all   18,79    0,00    3,78    0,25    0,00    0,13    0,00    0,00    0,00   77,05
01:43:09     all   17,28    0,00    3,53    0,00    0,00    0,13    0,00    0,00    0,00   79,07
01:43:10     all   22,76    0,00    4,42    0,00    0,00    0,00    0,00    0,00    0,00   72,82
01:43:11     all   18,71    0,00    3,67    0,51    0,00    0,00    0,00    0,00    0,00   77,12
01:43:12     all   18,73    0,00    3,67    0,00    0,00    0,13    0,00    0,00    0,00   77,47
01:43:13     all   17,89    0,00    3,05    0,00    0,00    0,00    0,00    0,00    0,00   79,06
01:43:14     all   22,56    0,00    3,68    0,00    0,00    0,13    0,00    0,00    0,00   73,64
01:43:15     all   18,61    0,00    3,67    0,00    0,00    0,13    0,00    0,00    0,00   77,59
01:43:16     all   18,51    0,00    3,78    0,38    0,00    0,00    0,00    0,00    0,00   77,33
01:43:17     all   17,83    0,00    3,03    0,00    0,00    0,13    0,00    0,00    0,00   79,01
01:43:18     all   23,19    0,00    4,18    0,00    0,00    0,00    0,00    0,00    0,00   72,62
01:43:19     all   18,40    0,00    3,30    0,00    0,00    0,13    0,00    0,00    0,00   78,17
01:43:20     all   18,34    0,00    3,64    0,00    0,00    0,00    0,00    0,00    0,00   78,02
01:43:21     all   18,46    0,00    4,30    0,00    0,00    0,00    0,00    0,00    0,00   77,24
01:43:22     all   18,12    0,00    2,92    0,13    0,00    0,00    0,00    0,00    0,00   78,83
01:43:23     all   22,18    0,00    4,44    0,00    0,00    0,13    0,00    0,00    0,00   73,26
01:43:24     all   18,48    0,00    3,54    0,00    0,00    0,13    0,00    0,00    0,00   77,85
01:43:25     all   18,43    0,00    4,42    0,00    0,00    0,00    0,00    0,00    0,00   77,15
01:43:26     all   17,88    0,00    3,15    0,13    0,00    0,00    0,00    0,00    0,00   78,84
01:43:27     all   22,21    0,00    4,57    1,65    0,00    0,00    0,00    0,00    0,00   71,57
01:43:28     all   18,83    0,00    3,44    0,00    0,00    0,13    0,00    0,00    0,00   77,61
01:43:29     all   18,46    0,00    3,67    0,00    0,00    0,00    0,00    0,00    0,00   77,88
01:43:30     all   17,88    0,00    3,15    0,00    0,00    0,00    0,00    0,00    0,00   78,97
01:43:31     all   22,08    0,00    3,93    0,00    0,00    0,13    0,00    0,00    0,00   73,86
01:43:32     all   18,56    0,00    4,04    0,13    0,00    0,00    0,00    0,00    0,00   77,27
01:43:33     all   18,61    0,00    3,92    0,00    0,00    0,13    0,00    0,00    0,00   77,34
01:43:34     all   18,94    0,00    3,28    0,00    0,00    0,00    0,00    0,00    0,00   77,78
01:43:35     all   22,36    0,00    4,32    0,00    0,00    0,00    0,00    0,00    0,00   73,32
01:43:36     all   17,64    0,00    3,43    0,00    0,00    0,00    0,00    0,00    0,00   78,93
01:43:37     all   18,16    0,00    3,78    1,64    0,00    0,00    0,00    0,00    0,00   76,42
01:43:38     all   18,61    0,00    3,42    0,00    0,00    0,00    0,00    0,00    0,00   77,97
01:43:39     all   17,70    0,00    2,91    0,00    0,00    0,00    0,00    0,00    0,00   79,39
01:43:40     all   22,14    0,00    3,94    0,00    0,00    0,00    0,00    0,00    0,00   73,92
01:43:41     all   19,80    0,00    4,16    0,63    0,00    0,25    0,00    0,00    0,00   75,16
01:43:42     all   19,44    0,00    4,07    1,14    0,00    0,25    0,00    0,00    0,00   75,10
01:43:43     all   18,56    0,00    3,66    0,76    0,00    0,00    0,00    0,00    0,00   77,02
01:43:44     all   23,46    0,00    5,04    0,76    0,00    0,13    0,00    0,00    0,00   70,62
01:43:45     all   19,67    0,00    4,70    0,38    0,00    0,00    0,00    0,00    0,00   75,25
01:43:46     all   21,14    0,00    5,70    0,51    0,00    0,13    0,00    0,00    0,00   72,53
01:43:47     all   21,21    0,00    5,30    0,38    0,00    0,00    0,00    0,00    0,00   73,11
01:43:48     all   27,35    0,00    7,38    0,13    0,00    0,00    0,00    0,00    0,00   65,14
01:43:49     all   24,24    0,00    7,70    0,25    0,00    0,00    0,00    0,00    0,00   67,80
01:43:50     all   25,67    0,00    8,26    0,64    0,00    0,00    0,00    0,00    0,00   65,44
01:43:51     all   24,65    0,00    4,55    2,40    0,00    0,00    0,00    0,00    0,00   68,39
01:43:52     all   21,27    0,00    4,30    1,77    0,00    0,00    0,00    0,00    0,00   72,66
01:43:53     all   18,18    0,00    3,16    0,00    0,00    0,13    0,00    0,00    0,00   78,54
01:43:54     all   18,48    0,00    3,92    0,00    0,00    0,13    0,00    0,00    0,00   77,47
01:43:55     all   18,35    0,00    3,80    0,00    0,00    0,13    0,00    0,00    0,00   77,72
01:43:56     all   17,70    0,00    3,16    0,00    0,00    0,00    0,00    0,00    0,00   79,14
01:43:57     all   21,90    0,00    3,92    0,25    0,00    0,00    0,00    0,00    0,00   73,92
01:43:58     all   18,49    0,00    3,19    2,17    0,00    0,00    0,00    0,00    0,00   76,15
01:43:59     all   18,84    0,00    3,79    0,00    0,00    0,00    0,00    0,00    0,00   77,37
01:44:00     all   17,56    0,00    2,93    0,00    0,00    0,00    0,00    0,00    0,00   79,52
01:44:01     all   22,31    0,00    4,18    0,00    0,00    0,13    0,00    0,00    0,00   73,38
01:44:02     all   18,33    0,00    3,41    0,00    0,00    0,13    0,00    0,00    0,00   78,13
01:44:03     all   19,62    0,00    4,08    0,38    0,00    0,00    0,00    0,00    0,00   75,92
01:44:04     all   18,84    0,00    3,27    0,00    0,00    0,00    0,00    0,00    0,00   77,89
01:44:05     all   23,54    0,00    5,44    0,00    0,00    0,00    0,00    0,00    0,00   71,01
01:44:06     all   19,09    0,00    3,41    0,00    0,00    0,00    0,00    0,00    0,00   77,50
01:44:07     all   18,93    0,00    3,56    0,00    0,00    0,00    0,00    0,00    0,00   77,51
01:44:08     all   17,48    0,00    3,52    0,38    0,00    0,25    0,00    0,00    0,00   78,36
01:44:09     all   20,79    0,00    3,93    0,00    0,00    0,25    0,00    0,00    0,00   75,03
01:44:10     all   19,24    0,00    3,67    0,00    0,00    0,00    0,00    0,00    0,00   77,09
01:44:11     all   18,50    0,00    3,68    0,00    0,00    0,00    0,00    0,00    0,00   77,82
01:44:12     all   18,56    0,00    3,91    0,00    0,00    0,13    0,00    0,00    0,00   77,40
01:44:13     all   17,72    0,00    3,04    0,25    0,00    0,00    0,00    0,00    0,00   78,99
01:44:14     all   21,93    0,00    4,06    0,25    0,00    0,00    0,00    0,00    0,00   73,76
01:44:15     all   18,50    0,00    3,55    0,00    0,00    0,00    0,00    0,00    0,00   77,95
01:44:16     all   18,69    0,00    3,41    0,00    0,00    0,00    0,00    0,00    0,00   77,90
01:44:17     all   17,42    0,00    2,78    0,00    0,00    0,13    0,00    0,00    0,00   79,67
01:44:18     all   22,49    0,00    4,45    0,13    0,00    0,00    0,00    0,00    0,00   72,94
01:44:19     all   18,58    0,00    3,79    0,00    0,00    0,13    0,00    0,00    0,00   77,50
01:44:20     all   18,86    0,00    3,80    0,00    0,00    0,00    0,00    0,00    0,00   77,34
01:44:21     all   17,80    0,00    3,03    0,00    0,00    0,00    0,00    0,00    0,00   79,17
01:44:22     all   22,43    0,00    3,93    0,38    0,00    0,00    0,00    0,00    0,00   73,26
01:44:23     all   18,53    0,00    3,93    0,25    0,00    0,00    0,00    0,00    0,00   77,28
01:44:24     all   18,59    0,00    4,02    0,00    0,00    0,13    0,00    0,00    0,00   77,26
01:44:25     all   17,59    0,00    2,91    0,00    0,00    0,13    0,00    0,00    0,00   79,37
01:44:26     all   20,33    0,00    3,56    0,00    0,00    0,00    0,00    0,00    0,00   76,11
01:44:27     all   19,49    0,00    3,67    0,00    0,00    0,13    0,00    0,00    0,00   76,71
01:44:28     all   18,73    0,00    3,42    0,25    0,00    0,00    0,00    0,00    0,00   77,59
01:44:29     all   18,92    0,00    3,91    0,88    0,00    0,00    0,00    0,00    0,00   76,29
01:44:30     all   17,85    0,00    2,78    0,00    0,00    0,00    0,00    0,00    0,00   79,37
01:44:31     all   22,56    0,00    4,82    0,00    0,00    0,00    0,00    0,00    0,00   72,62
01:44:32     all   18,63    0,00    3,30    0,00    0,00    0,00    0,00    0,00    0,00   78,07
01:44:33     all   18,65    0,00    3,55    0,00    0,00    0,00    0,00    0,00    0,00   77,79
01:44:34     all   19,04    0,00    3,28    0,38    0,00    0,13    0,00    0,00    0,00   77,18
01:44:35     all   22,15    0,00    4,30    0,00    0,00    0,25    0,00    0,00    0,00   73,29
01:44:36     all   18,25    0,00    4,06    0,00    0,00    0,00    0,00    0,00    0,00   77,69
01:44:37     all   18,76    0,00    3,80    0,00    0,00    0,00    0,00    0,00    0,00   77,44
01:44:38     all   17,78    0,00    3,28    1,39    0,00    0,00    0,00    0,00    0,00   77,55
01:44:39     all   22,31    0,00    4,31    0,00    0,00    0,13    0,00    0,00    0,00   73,26
01:44:40     all   18,68    0,00    3,30    0,00    0,00    0,00    0,00    0,00    0,00   78,02
01:44:41     all   18,66    0,00    4,29    0,00    0,00    0,00    0,00    0,00    0,00   77,05
01:44:42     all   18,16    0,00    2,90    0,00    0,00    0,00    0,00    0,00    0,00   78,94
01:44:43     all   19,80    0,00    3,93    0,63    0,00    0,00    0,00    0,00    0,00   75,63
01:44:44     all   20,66    0,00    3,17    0,00    0,00    0,13    0,00    0,00    0,00   76,05
01:44:45     all   18,24    0,00    3,77    2,39    0,00    0,13    0,00    0,00    0,00   75,47
01:44:46     all   18,81    0,00    3,91    0,25    0,00    0,25    0,00    0,00    0,00   76,77
01:44:47     all   17,70    0,00    3,41    0,00    0,00    0,00    0,00    0,00    0,00   78,89
01:44:48     all   22,55    0,00    4,08    0,00    0,00    0,00    0,00    0,00    0,00   73,38
01:44:49     all   18,79    0,00    3,66    0,00    0,00    0,00    0,00    0,00    0,00   77,55
01:44:50     all   18,96    0,00    3,82    0,64    0,00    0,00    0,00    0,00    0,00   76,59
01:44:51     all   17,64    0,00    3,05    0,00    0,00    0,00    0,00    0,00    0,00   79,31
01:44:52     all   23,08    0,00    4,16    1,01    0,00    0,00    0,00    0,00    0,00   71,75
01:44:53     all   18,12    0,00    3,80    0,63    0,00    0,13    0,00    0,00    0,00   77,31
01:44:54     all   18,89    0,00    3,53    0,00    0,00    0,00    0,00    0,00    0,00   77,58
01:44:55     all   17,34    0,00    2,91    0,00    0,00    0,00    0,00    0,00    0,00   79,75
01:44:56     all   22,63    0,00    3,92    0,00    0,00    0,13    0,00    0,00    0,00   73,32
01:44:57     all   18,76    0,00    3,42    0,00    0,00    0,00    0,00    0,00    0,00   77,82
01:44:58     all   18,66    0,00    3,78    0,38    0,00    0,00    0,00    0,00    0,00   77,18
01:44:59     all   17,59    0,00    3,04    0,00    0,00    0,00    0,00    0,00    0,00   79,37
01:45:00     all   19,62    0,00    3,67    0,89    0,00    0,00    0,00    0,00    0,00   75,82
01:45:01     all   20,89    0,00    3,80    0,63    0,00    0,13    0,00    0,00    0,00   74,56
01:45:02     all   18,46    0,00    3,54    0,00    0,00    0,00    0,00    0,00    0,00   78,00
01:45:03     all   19,70    0,00    4,52    1,76    0,00    0,25    0,00    0,00    0,00   73,78
01:45:04     all   18,71    0,00    3,67    0,00    0,00    0,00    0,00    0,00    0,00   77,62
01:45:05     all   23,28    0,00    4,58    0,00    0,00    0,13    0,00    0,00    0,00   72,01
01:45:06     all   18,87    0,00    3,77    0,00    0,00    0,00    0,00    0,00    0,00   77,36
01:45:07     all   18,61    0,00    3,54    0,00    0,00    0,00    0,00    0,00    0,00   77,85
01:45:08     all   18,12    0,00    3,04    0,25    0,00    0,13    0,00    0,00    0,00   78,45
01:45:09     all   22,59    0,00    4,06    0,00    0,00    0,00    0,00    0,00    0,00   73,35
01:45:10     all   18,31    0,00    3,66    0,00    0,00    0,13    0,00    0,00    0,00   77,90
01:45:11     all   18,88    0,00    3,80    0,00    0,00    0,00    0,00    0,00    0,00   77,31
01:45:12     all   17,68    0,00    3,03    0,00    0,00    0,00    0,00    0,00    0,00   79,29
01:45:13     all   22,26    0,00    3,94    0,00    0,00    0,13    0,00    0,00    0,00   73,66
01:45:14     all   18,38    0,00    3,04    0,00    0,00    0,13    0,00    0,00    0,00   78,45
01:45:15     all   18,94    0,00    3,79    0,00    0,00    0,00    0,00    0,00    0,00   77,27
01:45:16     all   17,83    0,00    3,16    0,00    0,00    0,00    0,00    0,00    0,00   79,01
01:45:17     all   19,62    0,00    3,16    0,13    0,00    0,13    0,00    0,00    0,00   76,96
01:45:18     all   20,56    0,00    4,31    0,76    0,00    0,00    0,00    0,00    0,00   74,37
01:45:19     all   18,50    0,00    3,55    0,00    0,00    0,00    0,00    0,00    0,00   77,95
01:45:20     all   19,04    0,00    3,78    0,00    0,00    0,25    0,00    0,00    0,00   76,92
01:45:21     all   17,55    0,00    2,78    0,00    0,00    0,00    0,00    0,00    0,00   79,67
01:45:22     all   22,24    0,00    3,94    0,00    0,00    0,00    0,00    0,00    0,00   73,82
01:45:23     all   18,53    0,00    3,81    0,38    0,00    0,00    0,00    0,00    0,00   77,28
01:45:24     all   19,01    0,00    3,55    0,00    0,00    0,00    0,00    0,00    0,00   77,44
01:45:25     all   17,55    0,00    3,28    0,00    0,00    0,00    0,00    0,00    0,00   79,17
01:45:26     all   23,14    0,00    4,05    0,00    0,00    0,13    0,00    0,00    0,00   72,69
01:45:27     all   18,25    0,00    3,55    0,00    0,00    0,13    0,00    0,00    0,00   78,07
01:45:28     all   19,55    0,00    3,40    0,25    0,00    0,00    0,00    0,00    0,00   76,80
01:45:29     all   17,53    0,00    3,15    0,00    0,00    0,00    0,00    0,00    0,00   79,32
01:45:30     all   22,01    0,00    3,94    0,00    0,00    0,00    0,00    0,00    0,00   74,05
01:45:31     all   18,91    0,00    3,55    0,89    0,00    0,00    0,00    0,00    0,00   76,65
01:45:32     all   19,04    0,00    3,66    0,00    0,00    0,00    0,00    0,00    0,00   77,30
01:45:33     all   17,28    0,00    3,15    0,13    0,00    0,13    0,00    0,00    0,00   79,32
01:45:34     all   19,62    0,00    3,42    0,00    0,00    0,00    0,00    0,00    0,00   76,96
01:45:35     all   21,29    0,00    3,68    0,00    0,00    0,00    0,00    0,00    0,00   75,03
01:45:36     all   18,69    0,00    3,54    0,13    0,00    0,13    0,00    0,00    0,00   77,53
01:45:37     all   19,34    0,00    3,79    0,00    0,00    0,00    0,00    0,00    0,00   76,86
01:45:38     all   17,36    0,00    3,17    0,00    0,00    0,00    0,00    0,00    0,00   79,47
01:45:39     all   22,04    0,00    3,69    0,00    0,00    0,13    0,00    0,00    0,00   74,14
01:45:40     all   18,28    0,00    3,91    0,00    0,00    0,13    0,00    0,00    0,00   77,68
01:45:41     all   18,91    0,00    3,30    1,40    0,00    0,00    0,00    0,00    0,00   76,40
01:45:42     all   17,87    0,00    2,66    0,00    0,00    0,13    0,00    0,00    0,00   79,34
01:45:43     all   22,11    0,00    3,94    0,00    0,00    0,00    0,00    0,00    0,00   73,95
01:45:44     all   18,63    0,00    3,68    0,00    0,00    0,00    0,00    0,00    0,00   77,69
01:45:45     all   19,22    0,00    3,64    0,00    0,00    0,00    0,00    0,00    0,00   77,14
01:45:46     all   17,62    0,00    3,42    0,38    0,00    0,00    0,00    0,00    0,00   78,58
01:45:47     all   21,63    0,00    4,07    0,13    0,00    0,00    0,00    0,00    0,00   74,17
01:45:48     all   19,37    0,00    3,80    2,03    0,00    0,00    0,00    0,00    0,00   74,81
01:45:49     all   19,59    0,00    3,56    0,00    0,00    0,13    0,00    0,00    0,00   76,72
01:45:50     all   17,86    0,00    3,40    0,38    0,00    0,00    0,00    0,00    0,00   78,36
01:45:51     all   19,26    0,00    3,55    0,00    0,00    0,00    0,00    0,00    0,00   77,19
01:45:52     all   22,24    0,00    4,02    2,39    0,00    0,25    0,00    0,00    0,00   71,11
01:45:53     all   18,48    0,00    4,30    1,27    0,00    0,00    0,00    0,00    0,00   75,95
01:45:54     all   18,99    0,00    3,67    0,00    0,00    0,13    0,00    0,00    0,00   77,22
01:45:55     all   17,68    0,00    3,28    0,00    0,00    0,00    0,00    0,00    0,00   79,04
01:45:56     all   22,26    0,00    4,07    0,00    0,00    0,00    0,00    0,00    0,00   73,66
01:45:57     all   18,24    0,00    4,28    0,00    0,00    0,13    0,00    0,00    0,00   77,36
01:45:58     all   18,85    0,00    3,57    0,25    0,00    0,00    0,00    0,00    0,00   77,32
01:45:59     all   17,76    0,00    3,53    0,00    0,00    0,00    0,00    0,00    0,00   78,72
01:46:00     all   22,69    0,00    3,68    0,00    0,00    0,00    0,00    0,00    0,00   73,64
01:46:01     all   18,46    0,00    3,41    0,00    0,00    0,13    0,00    0,00    0,00   78,00
01:46:02     all   18,87    0,00    3,65    1,13    0,00    0,00    0,00    0,00    0,00   76,35
01:46:03     all   17,19    0,00    3,29    0,00    0,00    0,13    0,00    0,00    0,00   79,39
01:46:04     all   23,07    0,00    3,68    0,00    0,00    0,13    0,00    0,00    0,00   73,13
01:46:05     all   19,55    0,00    4,79    0,00    0,00    0,00    0,00    0,00    0,00   75,66
01:46:06     all   18,98    0,00    3,44    0,00    0,00    0,00    0,00    0,00    0,00   77,58
01:46:07     all   17,91    0,00    3,03    0,25    0,00    0,00    0,00    0,00    0,00   78,81
01:46:08     all   19,29    0,00    3,53    0,00    0,00    0,00    0,00    0,00    0,00   77,18
01:46:09     all   21,29    0,00    4,06    0,00    0,00    0,00    0,00    0,00    0,00   74,65
01:46:10     all   19,26    0,00    3,30    0,00    0,00    0,00    0,00    0,00    0,00   77,44
01:46:11     all   18,66    0,00    3,78    0,13    0,00    0,00    0,00    0,00    0,00   77,43
01:46:12     all   17,84    0,00    3,27    0,13    0,00    0,13    0,00    0,00    0,00   78,64
01:46:13     all   22,78    0,00    3,80    0,00    0,00    0,00    0,00    0,00    0,00   73,42
01:46:14     all   18,27    0,00    3,43    0,00    0,00    0,13    0,00    0,00    0,00   78,17
01:46:15     all   18,86    0,00    3,80    0,00    0,00    0,00    0,00    0,00    0,00   77,34
01:46:16     all   17,83    0,00    3,16    0,00    0,00    0,00    0,00    0,00    0,00   79,01
01:46:17     all   22,08    0,00    4,70    0,25    0,00    0,00    0,00    0,00    0,00   72,97
01:46:18     all   18,68    0,00    3,18    0,00    0,00    0,00    0,00    0,00    0,00   78,14
01:46:19     all   18,96    0,00    3,92    0,13    0,00    0,00    0,00    0,00    0,00   76,99
01:46:20     all   17,38    0,00    3,27    1,13    0,00    0,13    0,00    0,00    0,00   78,09
01:46:21     all   22,26    0,00    3,82    0,00    0,00    0,25    0,00    0,00    0,00   73,66
01:46:22     all   18,86    0,00    3,54    0,13    0,00    0,00    0,00    0,00    0,00   77,47
01:46:23     all   19,17    0,00    3,53    0,00    0,00    0,00    0,00    0,00    0,00   77,30
01:46:24     all   17,36    0,00    3,55    0,00    0,00    0,00    0,00    0,00    0,00   79,09
01:46:25     all   18,40    0,00    3,17    0,00    0,00    0,00    0,00    0,00    0,00   78,43
01:46:26     all   21,59    0,00    4,17    0,00    0,00    0,13    0,00    0,00    0,00   74,12
01:46:27     all   18,28    0,00    3,78    0,38    0,00    0,00    0,00    0,00    0,00   77,55
01:46:28     all   18,73    0,00    3,80    0,00    0,00    0,00    0,00    0,00    0,00   77,47
01:46:29     all   17,47    0,00    3,16    0,00    0,00    0,00    0,00    0,00    0,00   79,37
01:46:30     all   21,97    0,00    3,91    0,00    0,00    0,13    0,00    0,00    0,00   73,99
01:46:31     all   18,68    0,00    3,30    0,89    0,00    0,00    0,00    0,00    0,00   77,13
01:46:32     all   18,73    0,00    3,54    0,00    0,00    0,00    0,00    0,00    0,00   77,72
01:46:33     all   17,85    0,00    2,91    1,65    0,00    0,13    0,00    0,00    0,00   77,47
01:46:34     all   22,05    0,00    4,56    0,00    0,00    0,00    0,00    0,00    0,00   73,38
01:46:35     all   18,66    0,00    3,66    0,00    0,00    0,00    0,00    0,00    0,00   77,68
01:46:36     all   18,65    0,00    3,93    0,00    0,00    0,00    0,00    0,00    0,00   77,41
01:46:37     all   17,42    0,00    3,41    0,00    0,00    0,00    0,00    0,00    0,00   79,17
01:46:38     all   21,97    0,00    3,91    0,25    0,00    0,13    0,00    0,00    0,00   73,74
01:46:39     all   18,88    0,00    3,17    0,00    0,00    0,13    0,00    0,00    0,00   77,82
01:46:40     all   18,35    0,00    4,05    0,00    0,00    0,00    0,00    0,00    0,00   77,59
01:46:41     all   17,72    0,00    2,91    0,00    0,00    0,13    0,00    0,00    0,00   79,24
01:46:42     all   17,99    0,00    3,52    1,01    0,00    0,00    0,00    0,00    0,00   77,48
01:46:43     all   22,04    0,00    3,95    0,00    0,00    0,00    0,00    0,00    0,00   74,01
01:46:44     all   18,33    0,00    3,92    0,00    0,00    0,00    0,00    0,00    0,00   77,75
01:46:45     all   18,87    0,00    3,77    0,00    0,00    0,25    0,00    0,00    0,00   77,11
01:46:46     all   17,89    0,00    2,92    0,00    0,00    0,00    0,00    0,00    0,00   79,19
01:46:47     all   23,03    0,00    3,94    0,25    0,00    0,00    0,00    0,00    0,00   72,77
01:46:48     all   18,44    0,00    4,27    0,00    0,00    0,13    0,00    0,00    0,00   77,16
01:46:49     all   18,50    0,00    3,42    0,00    0,00    0,00    0,00    0,00    0,00   78,07
01:46:50     all   17,64    0,00    3,05    0,00    0,00    0,00    0,00    0,00    0,00   79,31
01:46:51     all   22,69    0,00    4,18    0,76    0,00    0,00    0,00    0,00    0,00   72,37
01:46:52     all   19,02    0,00    3,65    0,00    0,00    0,00    0,00    0,00    0,00   77,33
01:46:53     all   18,86    0,00    3,42    1,65    0,00    0,00    0,00    0,00    0,00   76,08
01:46:54     all   17,57    0,00    3,03    0,00    0,00    0,00    0,00    0,00    0,00   79,39
01:46:55     all   21,86    0,00    4,19    0,00    0,00    0,00    0,00    0,00    0,00   73,95
01:46:56     all   19,02    0,00    3,27    0,00    0,00    0,00    0,00    0,00    0,00   77,71
01:46:57     all   18,76    0,00    3,93    0,00    0,00    0,00    0,00    0,00    0,00   77,31
01:46:58     all   17,76    0,00    3,02    0,38    0,00    0,00    0,00    0,00    0,00   78,84
01:46:59     all   17,72    0,00    3,04    0,00    0,00    0,13    0,00    0,00    0,00   79,11
01:47:00     all   21,73    0,00    4,19    0,00    0,00    0,00    0,00    0,00    0,00   74,08
01:47:01     all   18,18    0,00    3,54    0,00    0,00    0,00    0,00    0,00    0,00   78,28
01:47:02     all   18,58    0,00    3,67    0,00    0,00    0,00    0,00    0,00    0,00   77,75
01:47:03     all   18,69    0,00    3,79    0,25    0,00    0,00    0,00    0,00    0,00   77,27
01:47:04     all   23,44    0,00    4,20    0,89    0,00    0,25    0,00    0,00    0,00   71,21
01:47:05     all   18,88    0,00    3,17    0,00    0,00    0,13    0,00    0,00    0,00   77,82
01:47:06     all   20,00    0,00    4,56    0,00    0,00    0,00    0,00    0,00    0,00   75,44
01:47:07     all   17,72    0,00    2,91    0,00    0,00    0,00    0,00    0,00    0,00   79,37
01:47:08     all   22,82    0,00    4,16    0,00    0,00    0,00    0,00    0,00    0,00   73,01
01:47:09     all   18,86    0,00    3,29    0,13    0,00    0,00    0,00    0,00    0,00   77,72
01:47:10     all   18,84    0,00    4,05    0,00    0,00    0,00    0,00    0,00    0,00   77,12
01:47:11     all   17,93    0,00    3,03    0,00    0,00    0,13    0,00    0,00    0,00   78,91
01:47:12     all   22,43    0,00    4,31    0,00    0,00    0,00    0,00    0,00    0,00   73,26
01:47:13     all   18,61    0,00    3,80    0,00    0,00    0,00    0,00    0,00    0,00   77,59
01:47:14     all   19,04    0,00    3,53    0,25    0,00    0,13    0,00    0,00    0,00   77,05
01:47:15     all   17,57    0,00    3,16    0,00    0,00    0,00    0,00    0,00    0,00   79,27
01:47:16     all   17,97    0,00    2,78    0,00    0,00    0,00    0,00    0,00    0,00   79,24
01:47:17     all   21,86    0,00    4,19    0,00    0,00    0,00    0,00    0,00    0,00   73,95
01:47:18     all   18,45    0,00    3,31    0,00    0,00    0,00    0,00    0,00    0,00   78,24
01:47:19     all   18,91    0,00    3,81    0,25    0,00    0,00    0,00    0,00    0,00   77,03
01:47:20     all   17,78    0,00    3,40    0,00    0,00    0,00    0,00    0,00    0,00   78,81
01:47:21     all   22,12    0,00    4,30    0,25    0,00    0,25    0,00    0,00    0,00   73,07
01:47:22     all   18,35    0,00    3,54    0,00    0,00    0,13    0,00    0,00    0,00   77,97
01:47:23     all   18,63    0,00    4,06    0,00    0,00    0,13    0,00    0,00    0,00   77,19
01:47:24     all   17,85    0,00    3,29    0,13    0,00    0,00    0,00    0,00    0,00   78,73
01:47:25     all   21,98    0,00    3,94    0,00    0,00    0,00    0,00    0,00    0,00   74,08
01:47:26     all   18,92    0,00    3,66    0,00    0,00    0,00    0,00    0,00    0,00   77,43
01:47:27     all   18,65    0,00    3,81    0,00    0,00    0,13    0,00    0,00    0,00   77,41
01:47:28     all   17,47    0,00    2,91    0,00    0,00    0,00    0,00    0,00    0,00   79,62
01:47:29     all   22,34    0,00    4,31    0,13    0,00    0,00    0,00    0,00    0,00   73,22
01:47:30     all   18,87    0,00    3,77    0,00    0,00    0,25    0,00    0,00    0,00   77,11
01:47:31     all   18,18    0,00    3,91    0,00    0,00    0,00    0,00    0,00    0,00   77,90
01:47:32     all   17,59    0,00    2,91    0,00    0,00    0,00    0,00    0,00    0,00   79,49
01:47:33     all   17,62    0,00    3,04    0,00    0,00    0,00    0,00    0,00    0,00   79,34
01:47:34     all   23,42    0,00    4,18    1,27    0,00    0,00    0,00    0,00    0,00   71,14
01:47:35     all   18,69    0,00    3,54    0,00    0,00    0,00    0,00    0,00    0,00   77,78
01:47:36     all   18,86    0,00    3,80    0,00    0,00    0,13    0,00    0,00    0,00   77,22
01:47:37     all   17,53    0,00    3,15    0,00    0,00    0,13    0,00    0,00    0,00   79,19
01:47:38     all   22,70    0,00    4,29    0,00    0,00    0,13    0,00    0,00    0,00   72,89
01:47:39     all   18,55    0,00    3,30    0,25    0,00    0,13    0,00    0,00    0,00   77,76
01:47:40     all   18,96    0,00    3,54    0,00    0,00    0,00    0,00    0,00    0,00   77,50
01:47:41     all   17,59    0,00    2,91    0,00    0,00    0,00    0,00    0,00    0,00   79,49
01:47:42     all   22,07    0,00    4,34    0,00    0,00    0,13    0,00    0,00    0,00   73,47
01:47:43     all   18,69    0,00    3,66    0,00    0,00    0,13    0,00    0,00    0,00   77,53
01:47:44     all   18,48    0,00    4,05    0,00    0,00    0,00    0,00    0,00    0,00   77,47
01:47:45     all   18,16    0,00    3,03    0,00    0,00    0,00    0,00    0,00    0,00   78,81
01:47:46     all   22,43    0,00    4,56    0,00    0,00    0,00    0,00    0,00    0,00   73,00
01:47:47     all   18,61    0,00    4,05    0,00    0,00    0,00    0,00    0,00    0,00   77,34
01:47:48     all   18,30    0,00    3,81    0,00    0,00    0,00    0,00    0,00    0,00   77,89
01:47:49     all   18,36    0,00    3,90    0,38    0,00    0,00    0,00    0,00    0,00   77,36
01:47:50     all   17,59    0,00    3,04    0,13    0,00    0,00    0,00    0,00    0,00   79,24
01:47:51     all   22,36    0,00    4,32    0,13    0,00    0,00    0,00    0,00    0,00   73,19
01:47:52     all   18,18    0,00    3,16    0,63    0,00    0,00    0,00    0,00    0,00   78,03
01:47:53     all   19,07    0,00    3,66    3,28    0,00    0,13    0,00    0,00    0,00   73,86
01:47:54     all   17,51    0,00    2,79    0,00    0,00    0,00    0,00    0,00    0,00   79,70
01:47:55     all   22,28    0,00    3,92    0,00    0,00    0,00    0,00    0,00    0,00   73,80
01:47:56     all   18,61    0,00    3,80    0,63    0,00    0,25    0,00    0,00    0,00   76,71
01:47:57     all   18,54    0,00    3,78    0,00    0,00    0,13    0,00    0,00    0,00   77,55
01:47:58     all   17,91    0,00    3,28    1,51    0,00    0,00    0,00    0,00    0,00   77,30
01:47:59     all   22,49    0,00    4,07    0,00    0,00    0,00    0,00    0,00    0,00   73,44
01:48:00     all   19,04    0,00    3,17    0,00    0,00    0,00    0,00    0,00    0,00   77,79
01:48:01     all   18,71    0,00    3,67    0,00    0,00    0,00    0,00    0,00    0,00   77,62
01:48:02     all   18,06    0,00    3,16    0,00    0,00    0,00    0,00    0,00    0,00   78,79
01:48:03     all   23,09    0,00    4,34    0,38    0,00    0,13    0,00    0,00    0,00   72,07
01:48:04     all   19,14    0,00    4,03    0,00    0,00    0,00    0,00    0,00    0,00   76,83
01:48:05     all   18,53    0,00    2,92    1,27    0,00    0,13    0,00    0,00    0,00   77,16
01:48:06     all   19,92    0,00    4,67    0,00    0,00    0,00    0,00    0,00    0,00   75,41
01:48:07     all   17,57    0,00    3,29    0,00    0,00    0,00    0,00    0,00    0,00   79,14
01:48:08     all   22,66    0,00    3,80    0,00    0,00    0,00    0,00    0,00    0,00   73,54
01:48:09     all   18,84    0,00    3,79    0,00    0,00    0,00    0,00    0,00    0,00   77,37
01:48:10     all   18,71    0,00    3,54    0,25    0,00    0,00    0,00    0,00    0,00   77,50
01:48:11     all   17,80    0,00    3,28    0,00    0,00    0,25    0,00    0,00    0,00   78,66
01:48:12     all   21,95    0,00    4,06    0,00    0,00    0,13    0,00    0,00    0,00   73,86
01:48:13     all   18,31    0,00    3,54    0,00    0,00    0,00    0,00    0,00    0,00   78,16
01:48:14     all   18,68    0,00    3,81    0,00    0,00    0,00    0,00    0,00    0,00   77,51
01:48:15     all   17,74    0,00    3,40    0,38    0,00    0,13    0,00    0,00    0,00   78,36
01:48:16     all   21,98    0,00    4,07    0,00    0,00    0,00    0,00    0,00    0,00   73,95
01:48:17     all   18,54    0,00    3,66    0,00    0,00    0,25    0,00    0,00    0,00   77,55
01:48:18     all   18,50    0,00    3,80    0,00    0,00    0,00    0,00    0,00    0,00   77,69
01:48:19     all   17,95    0,00    3,54    0,00    0,00    0,00    0,00    0,00    0,00   78,51
01:48:20     all   22,48    0,00    3,83    0,13    0,00    0,00    0,00    0,00    0,00   73,56
01:48:21     all   19,14    0,00    3,78    0,00    0,00    0,00    0,00    0,00    0,00   77,08
01:48:22     all   17,89    0,00    3,43    0,00    0,00    0,00    0,00    0,00    0,00   78,68
01:48:23     all   17,72    0,00    4,18    0,13    0,00    0,13    0,00    0,00    0,00   77,85
01:48:24     all   17,63    0,00    3,02    0,00    0,00    0,00    0,00    0,00    0,00   79,35
01:48:25     all   22,26    0,00    3,94    0,51    0,00    0,13    0,00    0,00    0,00   73,16
01:48:26     all   18,10    0,00    3,80    0,00    0,00    0,13    0,00    0,00    0,00   77,97
01:48:27     all   19,17    0,00    3,66    0,00    0,00    0,00    0,00    0,00    0,00   77,18
01:48:28     all   17,68    0,00    3,28    0,00    0,00    0,13    0,00    0,00    0,00   78,91
01:48:29     all   22,31    0,00    4,31    0,00    0,00    0,13    0,00    0,00    0,00   73,26
01:48:30     all   18,70    0,00    3,56    0,25    0,00    0,00    0,00    0,00    0,00   77,48
01:48:31     all   18,86    0,00    3,54    0,00    0,00    0,13    0,00    0,00    0,00   77,47
01:48:32     all   17,68    0,00    3,28    0,00    0,00    0,00    0,00    0,00    0,00   79,04
01:48:33     all   22,03    0,00    4,43    0,00    0,00    0,13    0,00    0,00    0,00   73,42
01:48:34     all   19,75    0,00    3,54    0,00    0,00    0,00    0,00    0,00    0,00   76,71
01:48:35     all   18,99    0,00    3,54    0,00    0,00    0,00    0,00    0,00    0,00   77,47
01:48:36     all   17,80    0,00    2,78    2,27    0,00    0,25    0,00    0,00    0,00   76,89
01:48:37     all   21,94    0,00    4,21    0,00    0,00    0,00    0,00    0,00    0,00   73,85
01:48:38     all   18,54    0,00    3,40    0,00    0,00    0,00    0,00    0,00    0,00   78,06
01:48:39     all   18,20    0,00    3,29    0,00    0,00    0,00    0,00    0,00    0,00   78,51
01:48:40     all   17,88    0,00    3,53    0,00    0,00    0,13    0,00    0,00    0,00   78,46
01:48:41     all   17,34    0,00    3,39    0,38    0,00    0,00    0,00    0,00    0,00   78,89
01:48:42     all   22,32    0,00    3,95    0,00    0,00    0,00    0,00    0,00    0,00   73,72
01:48:43     all   18,87    0,00    3,90    0,00    0,00    0,25    0,00    0,00    0,00   76,98
01:48:44     all   18,88    0,00    3,68    0,00    0,00    0,00    0,00    0,00    0,00   77,44
01:48:45     all   17,70    0,00    2,65    0,00    0,00    0,00    0,00    0,00    0,00   79,65
01:48:46     all   22,49    0,00    4,19    0,00    0,00    0,00    0,00    0,00    0,00   73,32
01:48:47     all   18,18    0,00    3,66    0,00    0,00    0,13    0,00    0,00    0,00   78,03
01:48:48     all   18,77    0,00    4,03    0,00    0,00    0,00    0,00    0,00    0,00   77,20
01:48:49     all   17,85    0,00    3,16    0,00    0,00    0,00    0,00    0,00    0,00   78,99
01:48:50     all   22,11    0,00    3,81    0,00    0,00    0,00    0,00    0,00    0,00   74,08
01:48:51     all   18,96    0,00    4,05    0,88    0,00    0,13    0,00    0,00    0,00   75,98
01:48:52     all   18,73    0,00    3,67    0,00    0,00    0,00    0,00    0,00    0,00   77,59
01:48:53     all   17,91    0,00    3,40    1,51    0,00    0,00    0,00    0,00    0,00   77,18
01:48:54     all   22,36    0,00    3,94    0,13    0,00    0,00    0,00    0,00    0,00   73,57
01:48:55     all   18,71    0,00    3,54    0,13    0,00    0,00    0,00    0,00    0,00   77,62
01:48:56     all   18,28    0,00    3,53    0,13    0,00    0,00    0,00    0,00    0,00   78,06
01:48:57     all   17,97    0,00    3,92    0,00    0,00    0,25    0,00    0,00    0,00   77,85
01:48:58     all   17,74    0,00    2,89    0,38    0,00    0,13    0,00    0,00    0,00   78,87
01:48:59     all   21,91    0,00    4,20    0,00    0,00    0,00    0,00    0,00    0,00   73,89
01:49:00     all   18,33    0,00    3,67    0,00    0,00    0,13    0,00    0,00    0,00   77,88
01:49:01     all   18,85    0,00    3,44    0,00    0,00    0,00    0,00    0,00    0,00   77,71
01:49:02     all   17,92    0,00    3,13    0,00    0,00    0,00    0,00    0,00    0,00   78,95
01:49:03     all   23,60    0,00    4,57    0,13    0,00    0,13    0,00    0,00    0,00   71,57
01:49:04     all   19,65    0,00    3,93    0,00    0,00    0,00    0,00    0,00    0,00   76,43
01:49:05     all   18,71    0,00    3,54    0,00    0,00    0,13    0,00    0,00    0,00   77,62
01:49:06     all   19,19    0,00    3,66    0,00    0,00    0,13    0,00    0,00    0,00   77,02
01:49:07     all   22,49    0,00    4,07    1,52    0,00    0,00    0,00    0,00    0,00   71,92
01:49:08     all   18,70    0,00    3,44    0,00    0,00    0,00    0,00    0,00    0,00   77,86
01:49:09     all   18,96    0,00    3,67    0,00    0,00    0,00    0,00    0,00    0,00   77,37
01:49:10     all   18,08    0,00    3,03    0,00    0,00    0,00    0,00    0,00    0,00   78,89
01:49:11     all   22,15    0,00    4,30    0,00    0,00    0,13    0,00    0,00    0,00   73,42
01:49:12     all   18,61    0,00    3,29    0,25    0,00    0,00    0,00    0,00    0,00   77,85
01:49:13     all   17,91    0,00    3,28    0,00    0,00    0,00    0,00    0,00    0,00   78,81
01:49:14     all   18,38    0,00    4,18    0,00    0,00    0,00    0,00    0,00    0,00   77,44
01:49:15     all   17,91    0,00    2,65    0,00    0,00    0,00    0,00    0,00    0,00   79,45
01:49:16     all   22,24    0,00    3,94    0,00    0,00    0,00    0,00    0,00    0,00   73,82
01:49:17     all   18,50    0,00    3,68    0,13    0,00    0,00    0,00    0,00    0,00   77,69
01:49:18     all   18,23    0,00    3,80    0,00    0,00    0,00    0,00    0,00    0,00   77,97
01:49:19     all   18,23    0,00    2,91    0,00    0,00    0,13    0,00    0,00    0,00   78,73
01:49:20     all   24,17    0,13    5,73    8,91    0,00    0,00    0,00    0,00    0,00   61,07
01:49:21     all   18,86    0,00    3,54    8,61    0,00    0,00    0,00    0,00    0,00   68,99
01:49:22     all   18,45    0,00    3,44    0,00    0,00    0,00    0,00    0,00    0,00   78,12
01:49:23     all   17,22    0,00    3,54    0,00    0,00    0,13    0,00    0,00    0,00   79,11
01:49:24     all   22,04    0,00    4,08    0,00    0,00    0,00    0,00    0,00    0,00   73,89
01:49:25     all   18,31    0,00    3,79    0,00    0,00    0,13    0,00    0,00    0,00   77,78
01:49:26     all   18,86    0,00    3,67    0,38    0,00    0,00    0,00    0,00    0,00   77,09
01:49:27     all   17,65    0,00    2,77    0,00    0,00    0,13    0,00    0,00    0,00   79,45
01:49:28     all   20,86    0,00    3,79    0,00    0,00    0,13    0,00    0,00    0,00   75,22
01:49:29     all   19,02    0,00    4,16    0,00    0,00    0,13    0,00    0,00    0,00   76,70
01:49:30     all   18,25    0,00    3,55    0,00    0,00    0,00    0,00    0,00    0,00   78,20
01:49:31     all   18,96    0,00    3,54    0,00    0,00    0,00    0,00    0,00    0,00   77,50
01:49:32     all   17,62    0,00    3,04    0,00    0,00    0,00    0,00    0,00    0,00   79,34
01:49:33     all   22,15    0,00    4,05    0,00    0,00    0,00    0,00    0,00    0,00   73,80
01:49:34     all   19,57    0,00    3,56    0,00    0,00    0,00    0,00    0,00    0,00   76,87
01:49:35     all   18,58    0,00    4,05    0,00    0,00    0,00    0,00    0,00    0,00   77,37
01:49:36     all   18,06    0,00    3,03    0,13    0,00    0,00    0,00    0,00    0,00   78,79
01:49:37     all   22,43    0,00    4,18    1,52    0,00    0,13    0,00    0,00    0,00   71,74
01:49:38     all   18,26    0,00    3,40    0,38    0,00    0,25    0,00    0,00    0,00   77,71
01:49:39     all   18,83    0,00    3,31    0,00    0,00    0,00    0,00    0,00    0,00   77,86
01:49:40     all   17,30    0,00    3,41    0,00    0,00    0,00    0,00    0,00    0,00   79,29
01:49:41     all   21,86    0,00    4,19    0,00    0,00    0,00    0,00    0,00    0,00   73,95
01:49:42     all   18,58    0,00    3,67    0,00    0,00    0,00    0,00    0,00    0,00   77,75
01:49:43     all   18,99    0,00    3,77    0,00    0,00    0,00    0,00    0,00    0,00   77,23
01:49:44     all   17,51    0,00    3,40    0,00    0,00    0,00    0,00    0,00    0,00   79,09
01:49:45     all   21,76    0,00    3,44    0,00    0,00    0,00    0,00    0,00    0,00   74,81
01:49:46     all   18,38    0,00    3,55    0,00    0,00    0,00    0,00    0,00    0,00   78,07
01:49:47     all   18,11    0,00    4,03    0,00    0,00    0,25    0,00    0,00    0,00   77,61
01:49:48     all   19,07    0,00    3,66    0,13    0,00    0,00    0,00    0,00    0,00   77,15
01:49:49     all   17,72    0,00    3,29    0,00    0,00    0,00    0,00    0,00    0,00   78,99
01:49:50     all   22,45    0,00    4,04    0,00    0,00    0,25    0,00    0,00    0,00   73,27
01:49:51     all   18,63    0,00    3,55    0,76    0,00    0,00    0,00    0,00    0,00   77,06
01:49:52     all   18,48    0,00    3,54    0,13    0,00    0,00    0,00    0,00    0,00   77,85
01:49:53     all   17,81    0,00    3,05    3,56    0,00    0,00    0,00    0,00    0,00   75,57
01:49:54     all   22,10    0,00    4,29    0,00    0,00    0,00    0,00    0,00    0,00   73,61
01:49:55     all   18,41    0,00    3,66    0,00    0,00    0,13    0,00    0,00    0,00   77,81
01:49:56     all   18,86    0,00    3,67    0,00    0,00    0,00    0,00    0,00    0,00   77,47
01:49:57     all   17,30    0,00    2,93    0,00    0,00    0,00    0,00    0,00    0,00   79,77
01:49:58     all   21,79    0,00    4,41    0,13    0,00    0,13    0,00    0,00    0,00   73,55
01:49:59     all   18,35    0,00    3,29    0,00    0,00    0,25    0,00    0,00    0,00   78,10
01:50:00     all   18,94    0,00    3,91    0,00    0,00    0,00    0,00    0,00    0,00   77,15
01:50:01     all   17,55    0,00    3,03    0,00    0,00    0,00    0,00    0,00    0,00   79,42
01:50:02     all   22,03    0,00    3,92    0,00    0,00    0,00    0,00    0,00    0,00   74,05
01:50:03     all   18,76    0,00    3,68    0,13    0,00    0,00    0,00    0,00    0,00   77,44
01:50:04     all   19,95    0,00    3,56    0,00    0,00    0,13    0,00    0,00    0,00   76,37
01:50:05     all   18,76    0,00    3,68    0,00    0,00    0,00    0,00    0,00    0,00   77,57
01:50:06     all   19,10    0,00    3,77    0,00    0,00    0,25    0,00    0,00    0,00   76,88
01:50:07     all   22,08    0,00    4,19    0,00    0,00    0,00    0,00    0,00    0,00   73,73
01:50:08     all   18,58    0,00    3,18    0,25    0,00    0,00    0,00    0,00    0,00   77,99
01:50:09     all   18,88    0,00    3,80    0,89    0,00    0,00    0,00    0,00    0,00   76,43
01:50:10     all   17,76    0,00    3,27    0,00    0,00    0,00    0,00    0,00    0,00   78,97
01:50:11     all   22,15    0,00    4,18    0,00    0,00    0,13    0,00    0,00    0,00   73,54
01:50:12     all   18,91    0,00    3,43    0,00    0,00    0,13    0,00    0,00    0,00   77,54
01:50:13     all   19,02    0,00    3,90    0,00    0,00    0,00    0,00    0,00    0,00   77,08
01:50:14     all   17,36    0,00    3,17    0,13    0,00    0,00    0,00    0,00    0,00   79,34
01:50:15     all   22,08    0,00    4,06    0,00    0,00    0,00    0,00    0,00    0,00   73,86
01:50:16     all   18,31    0,00    3,91    0,00    0,00    0,00    0,00    0,00    0,00   77,78
01:50:17     all   18,56    0,00    3,66    0,00    0,00    0,00    0,00    0,00    0,00   77,78
01:50:18     all   17,95    0,00    2,91    0,00    0,00    0,00    0,00    0,00    0,00   79,14
01:50:19     all   22,43    0,00    4,44    0,13    0,00    0,00    0,00    0,00    0,00   73,00
01:50:20     all   18,56    0,00    3,54    0,00    0,00    0,13    0,00    0,00    0,00   77,78
01:50:21     all   17,59    0,00    3,42    0,00    0,00    0,00    0,00    0,00    0,00   78,99
01:50:22     all   19,17    0,00    3,78    0,00    0,00    0,25    0,00    0,00    0,00   76,80
01:50:23     all   17,53    0,00    3,43    0,00    0,00    0,00    0,00    0,00    0,00   79,03
01:50:24     all   21,80    0,00    4,31    0,13    0,00    0,00    0,00    0,00    0,00   73,76
01:50:25     all   18,48    0,00    3,54    0,25    0,00    0,00    0,00    0,00    0,00   77,72
01:50:26     all   18,84    0,00    3,41    0,00    0,00    0,13    0,00    0,00    0,00   77,62
01:50:27     all   17,78    0,00    3,53    0,00    0,00    0,00    0,00    0,00    0,00   78,69
01:50:28     all   21,98    0,00    4,19    0,00    0,00    0,00    0,00    0,00    0,00   73,82
01:50:29     all   18,33    0,00    3,79    0,38    0,00    0,00    0,00    0,00    0,00   77,50
01:50:30     all   19,09    0,00    3,67    0,00    0,00    0,13    0,00    0,00    0,00   77,12
01:50:31     all   17,91    0,00    3,28    0,00    0,00    0,13    0,00    0,00    0,00   78,69
01:50:32     all   24,59    0,13    5,73    8,79    0,00    0,13    0,00    0,00    0,00   60,64
01:50:33     all   18,79    0,00    4,16    4,41    0,00    0,00    0,00    0,00    0,00   72,64
01:50:34     all   19,82    0,00    3,41    0,00    0,00    0,13    0,00    0,00    0,00   76,64
01:50:35     all   17,59    0,00    3,16    0,00    0,00    0,00    0,00    0,00    0,00   79,24
01:50:36     all   22,36    0,00    4,19    0,00    0,00    0,00    0,00    0,00    0,00   73,44
01:50:37     all   18,31    0,00    3,28    0,00    0,00    0,00    0,00    0,00    0,00   78,41
01:50:38     all   18,01    0,00    3,27    0,38    0,00    0,00    0,00    0,00    0,00   78,34
01:50:39     all   18,76    0,00    3,68    0,00    0,00    0,13    0,00    0,00    0,00   77,44
01:50:40     all   17,51    0,00    3,27    1,01    0,00    0,13    0,00    0,00    0,00   78,09
01:50:41     all   22,12    0,00    4,17    0,00    0,00    0,00    0,00    0,00    0,00   73,70
01:50:42     all   19,11    0,00    3,04    0,00    0,00    0,00    0,00    0,00    0,00   77,85
01:50:43     all   18,48    0,00    3,54    0,00    0,00    0,00    0,00    0,00    0,00   77,97
01:50:44     all   17,86    0,00    3,27    0,00    0,00    0,00    0,00    0,00    0,00   78,87
01:50:45     all   21,88    0,00    3,56    0,00    0,00    0,00    0,00    0,00    0,00   74,55
01:50:46     all   18,56    0,00    3,91    0,00    0,00    0,00    0,00    0,00    0,00   77,53
01:50:47     all   18,49    0,00    3,90    0,00    0,00    0,00    0,00    0,00    0,00   77,61
01:50:48     all   17,40    0,00    3,40    0,00    0,00    0,00    0,00    0,00    0,00   79,19
01:50:49     all   21,90    0,00    4,56    0,00    0,00    0,00    0,00    0,00    0,00   73,54
01:50:50     all   18,54    0,00    3,15    0,00    0,00    0,13    0,00    0,00    0,00   78,18
01:50:51     all   19,77    0,00    3,93    0,63    0,00    0,00    0,00    0,00    0,00   75,67
01:50:52     all   17,42    0,00    3,41    0,00    0,00    0,25    0,00    0,00    0,00   78,91
01:50:53     all   22,01    0,00    4,20    1,53    0,00    0,13    0,00    0,00    0,00   72,14
01:50:54     all   18,61    0,00    3,67    0,00    0,00    0,00    0,00    0,00    0,00   77,72
01:50:55     all   19,37    0,00    3,77    0,00    0,00    0,00    0,00    0,00    0,00   76,86
01:50:56     all   18,33    0,00    3,54    0,00    0,00    0,13    0,00    0,00    0,00   78,00
01:50:57     all   17,49    0,00    2,92    0,00    0,00    0,00    0,00    0,00    0,00   79,59
01:50:58     all   21,91    0,00    4,66    0,25    0,00    0,13    0,00    0,00    0,00   73,05
01:50:59     all   18,91    0,00    3,55    0,00    0,00    0,13    0,00    0,00    0,00   77,41
01:51:00     all   18,84    0,00    4,17    0,00    0,00    0,00    0,00    0,00    0,00   76,99
01:51:01     all   17,49    0,00    3,42    0,00    0,00    0,00    0,00    0,00    0,00   79,09
01:51:02     all   22,19    0,00    4,16    0,00    0,00    0,00    0,00    0,00    0,00   73,64
01:51:03     all   19,67    0,00    4,19    1,27    0,00    0,13    0,00    0,00    0,00   74,75
01:51:04     all   19,49    0,00    3,80    0,13    0,00    0,00    0,00    0,00    0,00   76,58
01:51:05     all   17,76    0,00    3,53    0,00    0,00    0,00    0,00    0,00    0,00   78,72
01:51:06     all   23,85    0,00    4,72    0,00    0,00    0,00    0,00    0,00    0,00   71,43
01:51:07     all   18,62    0,00    4,03    0,00    0,00    0,13    0,00    0,00    0,00   77,23
01:51:08     all   18,75    0,00    3,70    0,13    0,00    0,00    0,00    0,00    0,00   77,42
01:51:09     all   17,85    0,00    3,04    0,13    0,00    0,00    0,00    0,00    0,00   78,99
01:51:10     all   22,31    0,00    4,31    0,00    0,00    0,00    0,00    0,00    0,00   73,38
01:51:11     all   18,50    0,00    3,80    0,76    0,00    0,00    0,00    0,00    0,00   76,93
01:51:12     all   18,61    0,00    3,92    0,00    0,00    0,13    0,00    0,00    0,00   77,34
01:51:13     all   17,63    0,00    3,15    0,00    0,00    0,00    0,00    0,00    0,00   79,22
01:51:14     all   17,65    0,00    3,28    0,00    0,00    0,13    0,00    0,00    0,00   78,94
01:51:15     all   21,88    0,00    4,33    0,00    0,00    0,13    0,00    0,00    0,00   73,66
01:51:16     all   18,56    0,00    3,54    0,13    0,00    0,13    0,00    0,00    0,00   77,65
01:51:17     all   18,65    0,00    3,43    0,00    0,00    0,00    0,00    0,00    0,00   77,92
01:51:18     all   18,20    0,00    2,78    0,00    0,00    0,13    0,00    0,00    0,00   78,89
01:51:19     all   21,86    0,00    4,57    0,00    0,00    0,00    0,00    0,00    0,00   73,57
01:51:20     all   18,20    0,00    3,54    0,00    0,00    0,00    0,00    0,00    0,00   78,26
01:51:21     all   18,88    0,00    3,55    0,13    0,00    0,00    0,00    0,00    0,00   77,44
01:51:22     all   17,55    0,00    3,16    0,00    0,00    0,00    0,00    0,00    0,00   79,29
01:51:23     all   21,43    0,00    4,46    0,00    0,00    0,00    0,00    0,00    0,00   74,11
01:51:24     all   18,35    0,00    3,67    0,00    0,00    0,00    0,00    0,00    0,00   77,97
01:51:25     all   18,46    0,00    3,92    0,00    0,00    0,25    0,00    0,00    0,00   77,37
01:51:26     all   17,82    0,00    3,51    0,38    0,00    0,00    0,00    0,00    0,00   78,29
01:51:27     all   24,46    0,00    5,73    9,68    0,00    0,00    0,00    0,00    0,00   60,13
01:51:28     all   18,18    0,00    3,66    0,25    0,00    0,13    0,00    0,00    0,00   77,78
01:51:29     all   18,61    0,00    3,42    0,00    0,00    0,13    0,00    0,00    0,00   77,85
01:51:30     all   17,92    0,00    2,80    0,25    0,00    0,00    0,00    0,00    0,00   79,03
01:51:31     all   18,31    0,00    3,66    0,00    0,00    0,00    0,00    0,00    0,00   78,03
01:51:32     all   21,57    0,00    3,81    0,00    0,00    0,00    0,00    0,00    0,00   74,62
01:51:33     all   18,56    0,00    3,66    0,25    0,00    0,00    0,00    0,00    0,00   77,53
01:51:34     all   19,40    0,00    3,78    1,26    0,00    0,13    0,00    0,00    0,00   75,44
01:51:35     all   17,85    0,00    3,16    0,00    0,00    0,00    0,00    0,00    0,00   78,99
01:51:36     all   22,59    0,00    3,43    0,00    0,00    0,00    0,00    0,00    0,00   73,98
01:51:37     all   18,51    0,00    4,03    0,00    0,00    0,00    0,00    0,00    0,00   77,46
01:51:38     all   18,93    0,00    3,30    0,00    0,00    0,00    0,00    0,00    0,00   77,76
01:51:39     all   17,59    0,00    3,14    0,13    0,00    0,25    0,00    0,00    0,00   78,89
01:51:40     all   21,98    0,00    4,32    0,00    0,00    0,00    0,00    0,00    0,00   73,70
01:51:41     all   18,38    0,00    3,30    0,00    0,00    0,13    0,00    0,00    0,00   78,20
01:51:42     all   19,14    0,00    3,78    0,76    0,00    0,00    0,00    0,00    0,00   76,32
01:51:43     all   17,89    0,00    3,17    0,00    0,00    0,00    0,00    0,00    0,00   78,93
01:51:44     all   21,94    0,00    3,95    0,00    0,00    0,00    0,00    0,00    0,00   74,11
01:51:45     all   18,96    0,00    3,54    0,00    0,00    0,00    0,00    0,00    0,00   77,50
01:51:46     all   18,78    0,00    4,19    0,00    0,00    0,00    0,00    0,00    0,00   77,03
01:51:47     all   17,76    0,00    2,90    0,38    0,00    0,00    0,00    0,00    0,00   78,97
01:51:48     all   20,41    0,00    3,68    0,51    0,00    0,25    0,00    0,00    0,00   75,16
01:51:49     all   20,08    0,00    3,66    0,00    0,00    0,13    0,00    0,00    0,00   76,14
01:51:50     all   18,40    0,00    3,68    1,14    0,00    0,00    0,00    0,00    0,00   76,78
01:51:51     all   19,42    0,00    4,16    0,63    0,00    0,00    0,00    0,00    0,00   75,79
01:51:52     all   17,55    0,00    3,16    0,00    0,00    0,00    0,00    0,00    0,00   79,29
01:51:53     all   22,07    0,00    4,08    1,66    0,00    0,00    0,00    0,00    0,00   72,19
01:51:54     all   18,72    0,00    3,39    0,00    0,00    0,13    0,00    0,00    0,00   77,76
01:51:55     all   18,76    0,00    3,80    0,00    0,00    0,00    0,00    0,00    0,00   77,44
01:51:56     all   17,68    0,00    3,16    0,00    0,00    0,00    0,00    0,00    0,00   79,17
01:51:57     all   21,40    0,00    4,20    0,00    0,00    0,00    0,00    0,00    0,00   74,39
01:51:58     all   18,63    0,00    3,42    0,13    0,00    0,00    0,00    0,00    0,00   77,82
01:51:59     all   18,35    0,00    3,92    0,00    0,00    0,00    0,00    0,00    0,00   77,72
01:52:00     all   17,51    0,00    3,30    0,00    0,00    0,00    0,00    0,00    0,00   79,19
01:52:01     all   22,84    0,00    4,70    0,76    0,00    0,00    0,00    0,00    0,00   71,70
01:52:02     all   19,90    0,00    5,20   15,21    0,00    0,13    0,00    0,00    0,00   59,57
01:52:03     all   20,71    0,00    4,42    0,00    0,00    0,25    0,00    0,00    0,00   74,62
01:52:04     all   18,84    0,00    3,41    0,00    0,00    0,00    0,00    0,00    0,00   77,75
01:52:05     all   17,93    0,00    3,16    0,00    0,00    0,00    0,00    0,00    0,00   78,91
01:52:06     all   22,21    0,00    3,93    0,00    0,00    0,13    0,00    0,00    0,00   73,73
01:52:07     all   18,64    0,00    3,78    0,00    0,00    0,00    0,00    0,00    0,00   77,58
01:52:08     all   19,37    0,00    4,43    0,00    0,00    0,00    0,00    0,00    0,00   76,20
01:52:09     all   17,95    0,00    3,03    0,00    0,00    0,00    0,00    0,00    0,00   79,01
01:52:10     all   21,39    0,00    4,56    0,00    0,00    0,00    0,00    0,00    0,00   74,05
01:52:11     all   18,58    0,00    3,79    0,00    0,00    0,00    0,00    0,00    0,00   77,62
01:52:12     all   19,04    0,00    3,43    0,13    0,00    0,00    0,00    0,00    0,00   77,41
01:52:13     all   17,68    0,00    3,54    0,76    0,00    0,00    0,00    0,00    0,00   78,03
01:52:14     all   22,04    0,00    3,69    0,00    0,00    0,00    0,00    0,00    0,00   74,27
01:52:15     all   18,23    0,00    3,54    0,00    0,00    0,00    0,00    0,00    0,00   78,23
01:52:16     all   19,17    0,00    3,66    0,00    0,00    0,00    0,00    0,00    0,00   77,18
01:52:17     all   17,59    0,00    3,16    0,13    0,00    0,00    0,00    0,00    0,00   79,11
01:52:18     all   22,11    0,00    4,07    0,38    0,00    0,13    0,00    0,00    0,00   73,32
01:52:19     all   18,54    0,00    3,66    0,00    0,00    0,00    0,00    0,00    0,00   77,81
01:52:20     all   18,55    0,00    3,43    0,00    0,00    0,25    0,00    0,00    0,00   77,76
01:52:21     all   17,86    0,00    3,27    0,00    0,00    0,00    0,00    0,00    0,00   78,87
01:52:22     all   19,29    0,00    3,68    0,00    0,00    0,00    0,00    0,00    0,00   77,03
01:52:23     all   20,20    0,00    3,30    0,25    0,00    0,00    0,00    0,00    0,00   76,24
01:52:24     all   18,66    0,00    4,54    0,00    0,00    0,13    0,00    0,00    0,00   76,67
01:52:25     all   18,27    0,00    3,68    0,00    0,00    0,25    0,00    0,00    0,00   77,79
01:52:26     all   17,78    0,00    3,40    0,00    0,00    0,13    0,00    0,00    0,00   78,69
01:52:27     all   21,88    0,00    4,20    0,00    0,00    0,00    0,00    0,00    0,00   73,92
01:52:28     all   18,71    0,00    3,67    0,13    0,00    0,00    0,00    0,00    0,00   77,50
01:52:29     all   19,06    0,00    3,43    0,00    0,00    0,00    0,00    0,00    0,00   77,51
01:52:30     all   19,95    0,00    5,18    6,06    0,00    0,00    0,00    0,00    0,00   68,81
01:52:31     all   22,68    0,00    3,82    3,06    0,00    0,00    0,00    0,00    0,00   70,45
01:52:32     all   17,97    0,00    3,54    0,00    0,00    0,13    0,00    0,00    0,00   78,35
01:52:33     all   18,61    0,00    3,67    0,00    0,00    0,00    0,00    0,00    0,00   77,72
01:52:34     all   18,71    0,00    3,16    0,00    0,00    0,00    0,00    0,00    0,00   78,13
01:52:35     all   21,84    0,00    4,04    0,00    0,00    0,00    0,00    0,00    0,00   74,12
01:52:36     all   18,35    0,00    3,54    0,25    0,00    0,25    0,00    0,00    0,00   77,59
01:52:37     all   18,73    0,00    3,67    1,65    0,00    0,00    0,00    0,00    0,00   75,95
01:52:38     all   17,55    0,00    3,16    0,00    0,00    0,00    0,00    0,00    0,00   79,29
01:52:39     all   21,60    0,00    3,81    0,00    0,00    0,00    0,00    0,00    0,00   74,59
01:52:40     all   18,14    0,00    3,53    0,00    0,00    0,00    0,00    0,00    0,00   78,34
01:52:41     all   18,35    0,00    3,42    0,00    0,00    0,00    0,00    0,00    0,00   78,23
01:52:42     all   18,50    0,00    3,80    0,13    0,00    0,00    0,00    0,00    0,00   77,57
01:52:43     all   17,65    0,00    3,15    0,00    0,00    0,00    0,00    0,00    0,00   79,19
01:52:44     all   22,17    0,00    4,08    0,51    0,00    0,13    0,00    0,00    0,00   73,12
01:52:45     all   18,38    0,00    3,30    0,00    0,00    0,13    0,00    0,00    0,00   78,20
01:52:46     all   18,35    0,00    3,92    0,00    0,00    0,00    0,00    0,00    0,00   77,72
01:52:47     all   17,55    0,00    3,54    0,00    0,00    0,00    0,00    0,00    0,00   78,91
01:52:48     all   22,00    0,00    4,17    0,00    0,00    0,00    0,00    0,00    0,00   73,83
01:52:49     all   19,90    0,13    4,94   13,43    0,00    0,13    0,00    0,00    0,00   61,47
01:52:50     all   19,22    0,00    3,52    3,39    0,00    0,25    0,00    0,00    0,00   73,62
01:52:51     all   18,27    0,00    3,81    0,25    0,00    0,00    0,00    0,00    0,00   77,66
01:52:52     all   18,11    0,00    3,02    0,13    0,00    0,00    0,00    0,00    0,00   78,74
01:52:53     all   21,67    0,00    4,44    1,14    0,00    0,13    0,00    0,00    0,00   72,62
01:52:54     all   18,33    0,00    3,67    0,00    0,00    0,00    0,00    0,00    0,00   78,00
01:52:55     all   18,73    0,00    3,42    0,00    0,00    0,00    0,00    0,00    0,00   77,85
01:52:56     all   18,35    0,00    3,16    0,76    0,00    0,00    0,00    0,00    0,00   77,72
01:52:57     all   22,43    0,00    4,06    0,00    0,00    0,00    0,00    0,00    0,00   73,51
01:52:58     all   18,58    0,00    3,54    1,64    0,00    0,13    0,00    0,00    0,00   76,11
01:52:59     all   18,66    0,00    4,04    0,00    0,00    0,00    0,00    0,00    0,00   77,30
01:53:00     all   17,77    0,00    3,17    0,00    0,00    0,13    0,00    0,00    0,00   78,93
01:53:01     all   21,86    0,00    3,81    0,00    0,00    0,00    0,00    0,00    0,00   74,33
01:53:02     all   17,63    0,00    3,90    0,00    0,00    0,00    0,00    0,00    0,00   78,46
01:53:03     all   19,75    0,00    4,05    0,51    0,00    0,00    0,00    0,00    0,00   75,70
01:53:04     all   19,42    0,00    3,81    0,00    0,00    0,00    0,00    0,00    0,00   76,78
01:53:05     all   17,89    0,00    2,92    0,38    0,00    0,00    0,00    0,00    0,00   78,81
01:53:06     all   23,98    0,00    5,46   11,55    0,00    0,00    0,00    0,00    0,00   59,01
01:53:07     all   18,66    0,00    3,66    0,13    0,00    0,13    0,00    0,00    0,00   77,43
01:53:08     all   19,67    0,00    4,19    0,00    0,00    0,25    0,00    0,00    0,00   75,89
01:53:09     all   17,70    0,00    3,16    0,00    0,00    0,00    0,00    0,00    0,00   79,14
01:53:10     all   21,60    0,00    3,94    0,00    0,00    0,00    0,00    0,00    0,00   74,46
01:53:11     all   18,55    0,00    3,30    0,25    0,00    0,00    0,00    0,00    0,00   77,89
01:53:12     all   19,12    0,00    3,40    0,00    0,00    0,00    0,00    0,00    0,00   77,48
01:53:13     all   17,32    0,00    3,29    0,00    0,00    0,13    0,00    0,00    0,00   79,27
01:53:14     all   21,90    0,00    4,05    0,00    0,00    0,13    0,00    0,00    0,00   73,92
01:53:15     all   18,20    0,00    3,41    0,88    0,00    0,00    0,00    0,00    0,00   77,50
01:53:16     all   18,86    0,00    3,67    0,00    0,00    0,00    0,00    0,00    0,00   77,47
01:53:17     all   17,70    0,00    2,91    0,00    0,00    0,00    0,00    0,00    0,00   79,39
01:53:18     all   21,50    0,00    4,20    0,00    0,00    0,00    0,00    0,00    0,00   74,30
01:53:19     all   18,81    0,00    3,79    0,00    0,00    0,00    0,00    0,00    0,00   77,40
01:53:20     all   18,81    0,00    3,30    0,13    0,00    0,00    0,00    0,00    0,00   77,76
01:53:21     all   20,03    0,00    4,91   11,08    0,00    0,13    0,00    0,00    0,00   63,85
01:53:22     all   18,04    0,00    3,18    1,02    0,00    0,00    0,00    0,00    0,00   77,76
01:53:23     all   21,52    0,00    4,30    0,00    0,00    0,00    0,00    0,00    0,00   74,18
01:53:24     all   18,50    0,00    3,42    0,00    0,00    0,00    0,00    0,00    0,00   78,07
01:53:25     all   18,69    0,00    3,66    0,00    0,00    0,00    0,00    0,00    0,00   77,65
01:53:26     all   17,42    0,00    3,54    0,00    0,00    0,00    0,00    0,00    0,00   79,04
01:53:27     all   21,47    0,00    3,56    0,25    0,00    0,00    0,00    0,00    0,00   74,71
01:53:28     all   18,73    0,00    3,80    0,00    0,00    0,00    0,00    0,00    0,00   77,47
01:53:29     all   18,38    0,00    3,68    0,00    0,00    0,00    0,00    0,00    0,00   77,95
01:53:30     all   17,44    0,00    3,64    0,00    0,00    0,25    0,00    0,00    0,00   78,67
01:53:31     all   21,86    0,00    3,94    0,00    0,00    0,13    0,00    0,00    0,00   74,08
01:53:32     all   17,64    0,00    3,81    0,25    0,00    0,13    0,00    0,00    0,00   78,17
01:53:33     all   20,61    0,00    4,42    7,46    0,00    0,00    0,00    0,00    0,00   67,51
01:53:34     all   19,60    0,00    3,54    4,05    0,00    0,00    0,00    0,00    0,00   72,82
01:53:35     all   18,08    0,00    3,16    0,25    0,00    0,00    0,00    0,00    0,00   78,51
01:53:36     all   22,12    0,00    3,67    0,00    0,00    0,00    0,00    0,00    0,00   74,21
01:53:37     all   18,02    0,00    3,68    1,02    0,00    0,00    0,00    0,00    0,00   77,28
01:53:38     all   18,81    0,00    3,66    0,25    0,00    0,13    0,00    0,00    0,00   77,15
01:53:39     all   17,59    0,00    2,91    0,00    0,00    0,00    0,00    0,00    0,00   79,49
01:53:40     all   21,52    0,00    4,05    0,00    0,00    0,00    0,00    0,00    0,00   74,43
01:53:41     all   18,43    0,00    3,28    0,00    0,00    0,00    0,00    0,00    0,00   78,28
01:53:42     all   18,48    0,00    3,80    0,00    0,00    0,13    0,00    0,00    0,00   77,59
01:53:43     all   20,00    0,00    4,43    9,11    0,00    0,25    0,00    0,00    0,00   66,20
01:53:44     all   21,42    0,00    4,18    1,39    0,00    0,13    0,00    0,00    0,00   72,88
01:53:45     all   18,71    0,00    3,29    0,00    0,00    0,13    0,00    0,00    0,00   77,88
01:53:46     all   18,08    0,00    3,79    0,63    0,00    0,00    0,00    0,00    0,00   77,50
01:53:47     all   18,01    0,00    3,15    0,00    0,00    0,00    0,00    0,00    0,00   78,84
01:53:48     all   18,00    0,00    2,92    0,00    0,00    0,00    0,00    0,00    0,00   79,09
01:53:49     all   21,32    0,00    4,06    0,00    0,00    0,00    0,00    0,00    0,00   74,62
01:53:50     all   18,23    0,00    3,42    0,00    0,00    0,13    0,00    0,00    0,00   78,23
01:53:51     all   18,63    0,00    3,68    0,63    0,00    0,00    0,00    0,00    0,00   77,06
01:53:52     all   20,15    0,25    4,66    9,70    0,00    0,00    0,00    0,00    0,00   65,24
01:53:53     all   21,58    0,00    3,96    4,47    0,00    0,00    0,00    0,00    0,00   69,99
01:53:54     all   18,06    0,00    3,28    0,00    0,00    0,00    0,00    0,00    0,00   78,66
01:53:55     all   18,65    0,00    3,55    0,00    0,00    0,00    0,00    0,00    0,00   77,79
01:53:56     all   18,01    0,00    2,64    0,00    0,00    0,00    0,00    0,00    0,00   79,35
01:53:57     all   21,09    0,00    4,04    0,00    0,00    0,13    0,00    0,00    0,00   74,75
01:53:58     all   18,54    0,00    3,28    0,38    0,00    0,00    0,00    0,00    0,00   77,81
01:53:59     all   18,50    0,00    3,68    0,00    0,00    0,00    0,00    0,00    0,00   77,82
01:54:00     all   19,97    0,25    4,68   13,15    0,00    0,13    0,00    0,00    0,00   61,82
01:54:01     all   21,65    0,00    4,18    0,38    0,00    0,00    0,00    0,00    0,00   73,80
01:54:02     all   18,15    0,00    3,43    0,00    0,00    0,00    0,00    0,00    0,00   78,43
01:54:03     all   19,85    0,00    3,92    0,00    0,00    0,00    0,00    0,00    0,00   76,23
01:54:04     all   18,56    0,00    3,16    0,00    0,00    0,00    0,00    0,00    0,00   78,28
01:54:05     all   20,83    0,00    3,91    0,00    0,00    0,25    0,00    0,00    0,00   75,00
01:54:06     all   19,29    0,13    4,54    2,40    0,00    0,13    0,00    0,00    0,00   73,52
01:54:07     all   19,26    0,00    3,80   10,39    0,00    0,13    0,00    0,00    0,00   66,41
01:54:08     all   20,51    0,00    4,43    0,00    0,00    0,00    0,00    0,00    0,00   75,06
01:54:09     all   17,88    0,00    3,27    0,00    0,00    0,13    0,00    0,00    0,00   78,72
01:54:10     all   21,39    0,00    4,18    0,00    0,00    0,00    0,00    0,00    0,00   74,43
01:54:11     all   18,12    0,00    3,17    0,00    0,00    0,13    0,00    0,00    0,00   78,58
01:54:12     all   20,00    0,13    4,30    4,94    0,00    0,00    0,00    0,00    0,00   70,63
01:54:13     all   19,01    0,00    3,93    5,32    0,00    0,00    0,00    0,00    0,00   71,74
01:54:14     all   17,71    0,00    3,14    0,13    0,00    0,00    0,00    0,00    0,00   79,02
01:54:15     all   20,64    0,00    3,95    0,00    0,00    0,00    0,00    0,00    0,00   75,41
01:54:16     all   18,66    0,00    3,40    0,00    0,00    0,13    0,00    0,00    0,00   77,81
01:54:17     all   18,63    0,00    4,06    2,28    0,00    0,00    0,00    0,00    0,00   75,03
01:54:18     all   20,43    0,00    3,93   11,04    0,00    0,00    0,00    0,00    0,00   64,59
01:54:19     all   21,57    0,00    3,93    0,00    0,00    0,00    0,00    0,00    0,00   74,49
01:54:20     all   18,18    0,00    3,41    0,38    0,00    0,13    0,00    0,00    0,00   77,90
01:54:21     all   18,23    0,00    3,54    0,00    0,00    0,00    0,00    0,00    0,00   78,23
01:54:22     all   17,83    0,00    3,29    0,00    0,00    0,00    0,00    0,00    0,00   78,89
01:54:23     all   22,63    0,00    5,06    6,57    0,00    0,13    0,00    0,00    0,00   65,61
01:54:24     all   19,26    0,00    3,55    4,69    0,00    0,00    0,00    0,00    0,00   72,50
01:54:25     all   18,43    0,00    3,66    0,13    0,00    0,00    0,00    0,00    0,00   77,78
01:54:26     all   18,56    0,00    3,16    0,00    0,00    0,13    0,00    0,00    0,00   78,16
01:54:27     all   17,32    0,00    3,16    0,00    0,00    0,13    0,00    0,00    0,00   79,39
01:54:28     all   23,01    0,00    5,06    8,85    0,00    0,25    0,00    0,00    0,00   62,83
01:54:29     all   18,43    0,00    3,66    4,67    0,00    0,00    0,00    0,00    0,00   73,23
01:54:30     all   18,20    0,00    3,79    0,00    0,00    0,00    0,00    0,00    0,00   78,00
01:54:31     all   17,70    0,00    3,16    0,00    0,00    0,13    0,00    0,00    0,00   79,01
01:54:32     all   21,14    0,00    3,92    0,00    0,00    0,00    0,00    0,00    0,00   74,94
01:54:33     all   20,46    0,00    4,96    9,40    0,00    0,00    0,00    0,00    0,00   65,18
01:54:34     all   18,38    0,00    3,30    1,14    0,00    0,00    0,00    0,00    0,00   77,19
01:54:35     all   18,58    0,00    3,16    0,00    0,00    0,00    0,00    0,00    0,00   78,26
01:54:36     all   17,59    0,00    3,54    0,38    0,00    0,00    0,00    0,00    0,00   78,48
01:54:37     all   23,08    0,13    5,17    9,33    0,00    0,25    0,00    0,00    0,00   62,04
01:54:38     all   18,74    0,00    3,77    2,52    0,00    0,13    0,00    0,00    0,00   74,84
01:54:39     all   17,94    0,00    3,31    0,76    0,00    0,00    0,00    0,00    0,00   77,99
01:54:40     all   18,01    0,00    3,40    0,38    0,00    0,00    0,00    0,00    0,00   78,21
01:54:41     all   22,41    0,13    4,68   10,89    0,00    0,00    0,00    0,00    0,00   61,90
01:54:42     all   18,46    0,00    3,54    0,00    0,00    0,00    0,00    0,00    0,00   78,00
01:54:43     all   18,40    0,00    3,68    1,02    0,00    0,00    0,00    0,00    0,00   76,90
01:54:44     all   20,05    0,00    4,19    4,44    0,00    0,00    0,00    0,00    0,00   71,32
01:54:45     all   20,61    0,00    4,30   12,90    0,00    0,13    0,00    0,00    0,00   62,07
01:54:46     all   18,43    0,00    3,41    0,13    0,00    0,00    0,00    0,00    0,00   78,03
01:54:47     all   18,23    0,00    3,42    0,00    0,00    0,00    0,00    0,00    0,00   78,35
01:54:48     all   19,85    0,00    4,30    9,48    0,00    0,13    0,00    0,00    0,00   66,25
01:54:49     all   20,35    0,00    4,30    1,39    0,00    0,00    0,00    0,00    0,00   73,96
01:54:50     all   18,02    0,00    3,17    0,13    0,00    0,25    0,00    0,00    0,00   78,43
01:54:51     all   19,90    0,00    4,94    4,18    0,00    0,00    0,00    0,00    0,00   70,98
01:54:52     all   17,95    0,00    3,67   13,78    0,00    0,00    0,00    0,00    0,00   64,60
01:54:53     all   17,70    0,00    3,16    0,38    0,00    0,13    0,00    0,00    0,00   78,63
01:54:54     all   21,52    0,00    4,43    2,91    0,00    0,00    0,00    0,00    0,00   71,14
01:54:55     all   19,11    0,00    4,18    9,24    0,00    0,13    0,00    0,00    0,00   67,34
01:54:56     all   18,51    0,00    3,65    0,00    0,00    0,00    0,00    0,00    0,00   77,83
01:54:57     all   19,85    0,00    3,94    8,40    0,00    0,00    0,00    0,00    0,00   67,81
01:54:58     all   19,85    0,00    4,30    3,92    0,00    0,00    0,00    0,00    0,00   71,93
01:54:59     all   17,70    0,00    3,16    0,00    0,00    0,13    0,00    0,00    0,00   79,01
01:55:00     all   20,13    0,00    4,68   10,76    0,00    0,13    0,00    0,00    0,00   64,30
01:55:01     all   18,26    0,00    3,53    2,02    0,00    0,00    0,00    0,00    0,00   76,20
01:55:02     all   20,00    0,00    4,59    5,22    0,00    0,00    0,00    0,00    0,00   70,19
01:55:03     all   18,89    0,00    4,16   12,22    0,00    0,13    0,00    0,00    0,00   64,61
01:55:04     all   21,27    0,00    4,18    2,28    0,00    0,00    0,00    0,00    0,00   72,28
01:55:05     all   19,57    0,00    4,29    9,09    0,00    0,13    0,00    0,00    0,00   66,92
01:55:06     all   18,27    0,00    3,55    3,17    0,00    0,00    0,00    0,00    0,00   75,00
01:55:07     all   19,37    0,00    4,30    7,85    0,00    0,13    0,00    0,00    0,00   68,35
01:55:08     all   19,19    0,13    3,91    3,28    0,00    0,00    0,00    0,00    0,00   73,48
01:55:09     all   21,52    0,13    5,44    7,09    0,00    0,00    0,00    0,00    0,00   65,82
01:55:10     all   19,85    0,00    4,42    6,83    0,00    0,13    0,00    0,00    0,00   68,77
01:55:11     all   18,08    0,00    3,67    8,60    0,00    0,00    0,00    0,00    0,00   69,66
01:55:12     all   19,90    0,00    4,82    9,76    0,00    0,00    0,00    0,00    0,00   65,53
01:55:13     all   18,83    0,13    4,20    3,44    0,00    0,00    0,00    0,00    0,00   73,41
01:55:14     all   17,65    0,00    3,53    8,45    0,00    0,13    0,00    0,00    0,00   70,24
01:55:15     all   21,17    0,00    4,82   16,98    0,00    0,00    0,00    0,00    0,00   57,03
01:55:16     all   19,19    0,13    4,19    9,78    0,00    0,25    0,00    0,00    0,00   66,45
01:55:17     all   20,63    0,00    4,30   13,80    0,00    0,00    0,00    0,00    0,00   61,27
01:55:18     all   19,47    0,00    4,68    9,86    0,00    0,13    0,00    0,00    0,00   65,87
01:55:19     all   20,79    0,00    4,59   19,01    0,00    0,00    0,00    0,00    0,00   55,61
01:55:20     all   19,47    0,00    4,55   20,73    0,00    0,13    0,00    0,00    0,00   55,12
01:55:21     all   20,55    0,13    4,67   18,66    0,00    0,00    0,00    0,00    0,00   55,99
01:55:22     all   19,31    0,00    4,45   26,43    0,00    0,13    0,00    0,00    0,00   49,68
01:55:23     all   19,77    0,00    4,41   34,26    0,00    0,25    0,00    0,00    0,00   41,31
01:55:24     all   12,48    0,13    4,46   40,00    0,00    0,00    0,00    0,00    0,00   42,93
01:55:25     all    4,73    0,00    4,09   27,37    0,00    0,00    0,00    0,00    0,00   63,81
01:55:26     all    4,97    0,13    2,93   29,72    0,00    0,13    0,00    0,00    0,00   62,12
01:55:27     all    3,44    0,00    3,19   29,46    0,00    0,00    0,00    0,00    0,00   63,90
01:55:28     all   10,47    0,38    7,28   17,75    0,00    0,00    0,00    0,00    0,00   64,11
01:55:29     all    5,61    0,13    3,82   35,80    0,00    0,13    0,00    0,00    0,00   54,52
01:55:30     all    4,19    0,13    3,30   42,69    0,00    0,00    0,00    0,00    0,00   49,68
01:55:31     all    7,12    0,00    6,73   10,42    0,00    0,00    0,00    0,00    0,00   75,73
01:55:32     all    5,50    0,00    4,48    6,78    0,00    0,00    0,00    0,00    0,00   83,25
01:55:33     all    4,11    0,00    3,72    9,88    0,00    0,00    0,00    0,00    0,00   82,28
01:55:34     all    7,53    0,00    4,08    9,44    0,00    0,00    0,00    0,00    0,00   78,95
01:55:35     all    2,55    0,00    2,55   10,08    0,00    0,00    0,00    0,00    0,00   84,82
01:55:36     all    5,10    0,00    4,08    9,68    0,00    0,13    0,00    0,00    0,00   81,02
01:55:37     all    3,72    0,00    3,72    9,74    0,00    0,00    0,00    0,00    0,00   82,82
01:55:38     all    2,80    0,00    2,41   10,67    0,00    0,00    0,00    0,00    0,00   84,12
01:55:39     all    2,82    0,00    3,20   12,16    0,00    0,00    0,00    0,00    0,00   81,82
01:55:40     all    2,68    0,00    3,31   10,83    0,00    0,00    0,00    0,00    0,00   83,18
01:55:41     all    2,68    0,00    2,42   12,63    0,00    0,00    0,00    0,00    0,00   82,27
01:55:42     all    3,32    0,00    3,71    9,97    0,00    0,00    0,00    0,00    0,00   82,99
01:55:43     all    3,71    0,00    3,20    9,97    0,00    0,00    0,00    0,00    0,00   83,12
01:55:44     all    3,59    0,00    2,56    9,87    0,00    0,13    0,00    0,00    0,00   83,85
01:55:45     all    3,17    0,00    3,05   10,03    0,00    0,00    0,00    0,00    0,00   83,76
01:55:46     all    3,59    0,00    3,59   10,14    0,00    0,00    0,00    0,00    0,00   82,67
01:55:47     all    3,46    0,00    2,95    9,87    0,00    0,00    0,00    0,00    0,00   83,72
01:55:48     all    4,21    0,00    4,34    9,45    0,00    0,00    0,00    0,00    0,00   81,99
01:55:49     all    7,33    0,00    5,14    9,38    0,00    0,13    0,00    0,00    0,00   78,02
