procs ----------mémoire---------- -échange- -----io---- -système- ------cpu--------
 r  b   swpd  libre tampon  cache   si   so    bi    bo   in   cs us sy id wa st gu
 7  0      0 16715504 146596 5060612    0    0   233   171 2546    4  6  1 91  1  0  0
 1  2      0 16714988 146632 5060640    0    0     0  1492 10323 9282  5  3 75 18  0  0
 2  0      0 16714316 146696 5060792    0    0     0   832 11338 7836  6  4 78 12  0  0
 1  1      0 16704948 146712 5060836    0    0     0   516 14091 11384 10  7 75  9  0  0
 0  1      0 16707812 146776 5060784    0    0     0  1844 8081 4443  3  2 79 17  0  0
 1  1      0 16661660 146776 5060828    0    0     0    56 25387 27132  9  9 80  3  0  0
 1  1      0 16667736 146840 5060840    0    0     0  1248 9052 4787  4  3 81 12  0  0
 1  1      0 16684164 146876 5060904    0    0     0   512 13940 10844  8  6 78  8  0  0
 0  0      0 16686268 146876 5060904    0    0     0     4 8403 3039  2  2 96  1  0  0
 0  0      0 16690008 146876 5058868    0    0     0     0 8594 5547  3  2 95  0  0  0
 1  0      0 16712020 146876 5058868    0    0     0     0 8529 3024  2  2 96  0  0  0
 1  0      0 16714068 146876 5058872    0    0     0     0 7292 2362  2  2 97  0  0  0
 1  1      0 16708776 146880 5058876    0    0     0    60 8482 4657  3  2 95  0  0  0
 0  0      0 16708440 146880 5060932    0    0     0     4 7175 2992  2  2 95  1  0  0
 2  0      0 16718260 146880 5060940    0    0     0     0 6765 2448  2  2 97  0  0  0
 0  1      0 16709388 146900 5060948    0    0     0  1452 11059 11203  4  3 78 14  0  0
 2  0      0 16710296 146944 5060976    0    0     0   776 10740 7375  6  4 79 11  0  0
 1  1      0 16699880 146992 5061080    0    0     0  1484 15408 12843 12  6 72 10  0  0
 8  1      0 16700704 147052 5061084    0    0     0   824 15010 9435 13  3 74 10  0  0
 2  1      0 16681280 147072 5061212    0    0     0   688 18130 16013 17  4 69  9  0  0
 2  1      0 16670920 147108 5061228    0    0     0  1592 15147 6429 19  4 66 11  0  0
procs ----------mémoire---------- -échange- -----io---- -système- ------cpu--------
 r  b   swpd  libre tampon  cache   si   so    bi    bo   in   cs us sy id wa st gu
 3  1      0 16668548 147140 5061352    0    0     0   664 17123 11708 21  5 65  9  0  0
 1  1      0 16677540 147176 5061368    0    0     0  1332 15652 10233 19  4 61 16  0  0
 2  1      0 16649224 147224 5061420    0    0     0   852 17584 15077 21  5 65  9  0  0
 2  2      0 16650548 147264 5061432    0    0     0  1460 16712 12087 19  4 60 16  0  0
 5  1      0 16646936 147320 5061440    0    0     0  1004 15665 7468 19  3 65 12  0  0
 2  1      0 16640624 147348 5061588    0    0     0   704 17762 15457 20  5 65 10  0  0
 1  1      0 16635992 147392 5061616    0    0     0  1480 16058 11834 20  4 63 14  0  0
 2  1      0 16633136 147424 5061788    0    0     0   580 17956 16773 21  5 64 10  0  0
 2  1      0 16625236 147456 5059760    0    0     0  1440 15211 7062 19  4 66 12  0  0
 1  1      0 16626428 147508 5061932    0    0     0   804 16363 10988 21  5 65  9  0  0
 3  0      0 16633344 147560 5061968    0    0     0  1488 16672 11010 20  4 63 13  0  0
 1  1      0 16622772 147616 5061976    0    0     0  1140 16652 11871 20  4 64 11  0  0
 6 12      0 16610728 147656 5062220    0    0     0   840 18379 16993 22  5 65  8  0  0
 4  1      0 16608696 147684 5060192    0    0     0  1392 14776 7436 19  4 61 16  0  0
 6  0      0 16626692 147736 5062392    0    0     0   744 17552 12219 21  5 66  8  0  0
 4  1      0 16612788 147764 5062512    0    0     0  1376 16021 10022 19  4 59 18  0  0
 4  1      0 16609984 147804 5062664    0    0     0   828 18980 18020 22  5 63  9  0  0
 6  1      0 16597132 147856 5060664    0    0     0  1676 17023 13113 20  4 65 11  0  0
 6  0      0 16592384 147900 5062776    0    0     0   812 16914 11215 20  4 66 10  0  0
 5  3      0 16586844 147952 5062964    0    0     0  1580 17359 13022 21  5 59 15  0  0
 7  1      0 16565052 147996 5063016    0    0     0   912 16827 12378 21  4 62 13  0  0
procs ----------mémoire---------- -échange- -----io---- -système- ------cpu--------
 r  b   swpd  libre tampon  cache   si   so    bi    bo   in   cs us sy id wa st gu
 5  2      0 16555352 148044 5063244    0    0     0  1684 19251 18799 22  6 62 10  0  0
 6  1      0 16554924 148084 5063268    0    0     0   836 15795 8323 19  4 64 13  0  0
 6  1      0 16574328 148132 5063520    0    0     0   828 18410 16086 22  5 64  9  0  0
 4  1      0 16557968 148168 5063560    0    0     0  1648 16717 14346 21  4 62 12  0  0
 5  1      0 16544300 148212 5063704    0    0     0   820 18808 18585 21  5 65  9  0  0
 7  1      0 16538844 148244 5063760    0    0     0  1636 16212 9313 20  4 62 15  0  0
 4  1      0 16549532 148288 5063992    0    0     0   780 18366 15700 21  6 64  9  0  0
 4  1      0 16541080 148320 5064024    0    0     0  1600 15532 6486 19  4 63 15  0  0
 4  1      0 16534228 148368 5064188    0    0     0   980 18950 16300 23  6 62  9  0  0
 5  1      0 16535436 148416 5064312    0    0     0  1436 17119 13857 20  5 63 12  0  0
 4  1      0 16552548 148476 5064372    0    0     0  1032 16419 10157 20  4 64 13  0  0
 5  1      0 16551276 148520 5064556    0    0     0  1612 18223 15279 21  5 62 11  0  0
11  1      0 16552056 148540 5062536    0    0     0   784 15247 6827 20  4 65 12  0  0
 4  1      0 16527040 148596 5064752    0    0     0   748 18526 17503 22  6 63 10  0  0
 5  1      0 16513196 148628 5064844    0    0     0  1432 16255 12691 20  4 66 10  0  0
 7  1      0 16514908 148672 5065052    0    0     0   948 18179 14636 21  6 62 10  0  0
 4  2      0 16521572 148716 5065128    0    0     0  1536 16641 11533 19  5 53 23  0  0
 5  1      0 16517612 148752 5063144    0    0     0   868 14919 5682 18  4 65 13  0  0
 9  2      0 16495880 148796 5065396    0    0     0  1688 21033 25818 24  6 61  8  0  0
 6  1      0 16486304 148812 5065492    0    0     0   768 15522 9253 19  4 66 11  0  0
 4  1      0 16493672 148856 5065776    0    0     0   724 17705 14867 22  5 64  9  0  0
procs ----------mémoire---------- -échange- -----io---- -système- ------cpu--------
 r  b   swpd  libre tampon  cache   si   so    bi    bo   in   cs us sy id wa st gu
 5  3      0 16495084 148900 5065784    0    0     0  1572 16172 11218 19  4 58 19  0  0
 4  1      0 16483468 148948 5063748    0    0     0  1008 17488 16060 21  4 60 15  0  0
 5  1      0 16491500 148992 5065960    0    0     0   672 18609 19607 22  5 63 10  0  0
 4  1      0 16482820 149024 5066016    0    0     0  1512 15602 10145 19  4 60 17  0  0
 5  1      0 16473756 149068 5066176    0    0     0  1024 17151 11190 21  5 63 11  0  0
 5  3      0 16477996 149116 5066240    0    0     0  1480 16921 11991 20  4 64 12  0  0
 5  1      0 16482340 149136 5064252    0    0     0   872 17400 15671 21  5 54 20  0  0
10  0      0 16466552 149184 5066608    0    0     0   784 18010 16133 21  5 65  9  0  0
 5  1      0 16472560 149208 5066752    0    0     0  1368 16400 13592 20  4 60 16  0  0
 7  0      0 16480460 149248 5066816    0    0     0   916 16393 9962 20  5 65 10  0  0
 5  2      0 16481808 149292 5067080    0    0     0  1756 17742 13428 21  5 62 11  0  0
 5  1      0 16463628 149312 5067112    0    0     0   836 17197 14727 22  5 63 11  0  0
 4  1      0 16451240 149348 5067432    0    0     0   576 17545 14902 21  5 65  8  0  0
 8  2      0 16440960 149388 5067564    0    0     0  1488 17322 16421 20  5 51 24  0  0
 4  1      0 16448288 149420 5065592    0    0     0   888 15627 6203 20  5 63 11  0  0
 4  1      0 16452784 149468 5067892    0    0     0   728 18710 16574 22  5 64  9  0  0
 7  1      0 16451944 149500 5067972    0    0     0  1444 17377 17091 22  5 65  8  0  0
 6  1      0 16433808 149540 5068172    0    0     0   916 17464 14957 22  5 62 10  0  0
 6  2      0 16414756 149588 5066448    0    0     0  1632 17843 17393 21  5 62 12  0  0
 5  1      0 16424264 149616 5066488    0    0     0   904 14993 5857 19  4 66 12  0  0
 6  1      0 16421944 149648 5068784    0    0     0   680 18346 16351 21  6 64  9  0  0
procs ----------mémoire---------- -échange- -----io---- -système- ------cpu--------
 r  b   swpd  libre tampon  cache   si   so    bi    bo   in   cs us sy id wa st gu
 6  1      0 16419108 149680 5068844    0    0     0  1428 18488 18288 22  5 49 24  0  0
 5  1      0 16423132 149716 5066952    0    0     0   964 15867 10857 19  5 65 12  0  0
 4  1      0 16407496 149752 5069304    0    0     0  1392 19903 21808 23  6 61  9  0  0
 4  1      0 16421320 149768 5069356    0    0     0   704 14791 5534 18  3 66 12  0  0
 4  1      0 16411928 149812 5069368    0    0     0   868 17057 10649 22  5 64  8  0  0
10  2      0 16411444 149852 5069640    0    0     0  1672 17235 12485 21  5 53 22  0  0
 4  1      0 16404964 149892 5067676    0    0     0   924 17968 15678 22  5 61 12  0  0
 4  1      0 16400980 149908 5070032    0    0     0   620 19246 21408 22  6 61 10  0  0
 4  1      0 16386068 149940 5070172    0    0     0  1568 16190 11812 20  5 60 15  0  0
 5  0      0 16389000 149984 5070276    0    0     0   972 16542 10081 21  5 65  9  0  0
 5  5      0 16385272 150044 5070500    0    0     0  1680 17245 13221 21  6 60 14  0  0
 4  1      0 16383456 150064 5068516    0    0     0   864 18041 15813 22  5 53 20  0  0
 4  1      0 16375568 150092 5070820    0    0     0   536 17797 16088 21  5 65  9  0  0
 6  2      0 16369548 150120 5070980    0    0     0  1544 17925 17375 20  5 56 19  0  0
 4  1      0 16379092 150152 5068980    0    0     0   912 15392 6229 19  4 65 12  0  0
 4  1      0 16367800 150196 5071332    0    0     0   620 18034 15717 21  6 64  9  0  0
 4  1      0 16360904 150224 5071368    0    0     0  1600 19157 19514 23  5 58 14  0  0
 6  2      0 16353560 150268 5071564    0    0     0   944 17841 16593 23  6 60 11  0  0
 4  1      0 16349664 150308 5071892    0    0     0  1612 18303 18096 22  5 62 12  0  0
11  1      0 16341660 150356 5071936    0    0     0  1004 15823 6958 19  5 64 12  0  0
 4  2      0 16336028 150396 5072272    0    0     0  1712 18937 16101 23  6 61 10  0  0
procs ----------mémoire---------- -échange- -----io---- -système- ------cpu--------
 r  b   swpd  libre tampon  cache   si   so    bi    bo   in   cs us sy id wa st gu
 6  1      0 16335780 150404 5072388    0    0     0   508 18291 18951 22  4 53 21  0  0
21  0      0 16341984 150452 5072568    0    0     0  1028 17978 16279 22  6 64  9  0  0
 5  4      0 16320028 150492 5073036    0    0     0  1624 18600 19422 22  6 58 14  0  0
 5  1      0 16326656 150512 5071064    0    0     0   880 15630 6462 19  5 63 13  0  0
 5  1      0 16339928 150536 5073592    0    0     0   640 18395 15871 21  6 64  9  0  0
 4  1      0 16336316 150568 5073620    0    0     0  1480 18561 18176 24  5 51 20  0  0
 5  1      0 16325044 150612 5073764    0    0     0  1116 17018 13799 21  5 63 11  0  0
 6  1      0 16315928 150640 5074212    0    0     0  1168 19426 22023 24  6 61 10  0  0
 6  1      0 16316604 150656 5074332    0    0     0   892 14908 6053 18  4 62 16  0  0
 5  1      0 16317916 150700 5074576    0    0     0   896 16695 10176 22  6 65  8  0  0
11  2      0 16337868 150728 5074612    0    0     0  1704 17503 13764 21  5 62 12  0  0
 5  1      0 16345428 150744 5072356    0    0     0   880 18869 17839 22  5 62 11  0  0
 3  1      0 16327528 150788 5074776    0    0     0   756 18418 17753 21  6 63  9  0  0
 5  1      0 16322076 150824 5074880    0    0     0  1396 17719 18484 21  5 59 15  0  0
 9  1      0 16343784 150872 5074948    0    0     0  1188 15819 7297 20  5 63 13  0  0
 6  1      0 16346756 150916 5075424    0    0     0   828 18933 16749 23  6 62 10  0  0
 5  1      0 16322700 150932 5075520    0    0     0  1264 19922 20500 23  5 59 13  0  0
 4  1      0 16307276 150968 5075848    0    0     0   992 18460 17982 23  6 61 10  0  0
 6  8      0 16295152 151008 5076084    0    0     0  1732 18068 17779 21  6 53 21  0  0
 1  1      0 16306524 151036 5074056    0    0     0  1056 15512 6638 20  4 54 23  0  0
 5  1      0 16298184 151084 5076464    0    0     0   704 19102 17204 22  6 64  9  0  0
procs ----------mémoire---------- -échange- -----io---- -système- ------cpu--------
 r  b   swpd  libre tampon  cache   si   so    bi    bo   in   cs us sy id wa st gu
 3  1      0 16299076 151108 5076584    0    0     0  1604 15173 6196 19  4 61 16  0  0
 4  2      0 16300444 151136 5076688    0    0     0   956 19175 19022 23  5 60 11  0  0
 2  1      0 16296500 151180 5077180    0    0     0   680 19507 23867 22  6 62 10  0  0
 4  1      0 16301700 151208 5075196    0    0     0  1436 16997 14870 20  5 56 19  0  0
 4  1      0 16281688 151252 5077244    0    0     0  1060 16380 7997 20  5 65 10  0  0
 1  2      0 16285640 151280 5077720    0    0     0  1644 19250 16392 22  6 61 10  0  0
 2  1      0 16277120 151288 5075772    0    0     0   516 18352 18074 22  4 51 23  0  0
 3  1      0 16270916 151336 5078208    0    0     0  1064 18084 17483 23  6 61 10  0  0
 3  2      0 16260880 151376 5078364    0    0     0  1564 18241 20777 21  5 53 21  0  0
 5  1      0 16241740 151408 5076548    0    0     0  1040 15381 7678 20  5 63 12  0  0
 2  1      0 16238624 151436 5079144    0    0     0   656 18334 16794 23  6 63  8  0  0
11  1      0 16217812 151476 5079276    0    0     0  1484 16187 8923 21  6 60 13  0  0
 6  1      0 16199748 151552 5079344    0    0     0  1024 18743 17545 23  6 63  9  0  0
 4  0      0 16201884 151588 5079776    0    0     0   500 18642 18716 22  6 66  6  0  0
 3  0      0 16192604 151588 5079804    0    0     0     0 15616 13542 19  4 77  0  0  0
 2  0      0 16212112 151588 5077780    0    0     0     0 14591 4987 18  3 78  0  0  0
 2  0      0 16218316 151588 5077828    0    0     0     4 14169 4481 18  3 78  1  0  0
 2  0      0 16215016 151588 5077844    0    0     0     0 18761 19356 22  4 73  0  0  0
 1  0      0 16214132 151596 5077864    0    0     0    60 15565 12324 19  4 76  2  0  0
 2  0      0 16228600 151596 5077896    0    0     0     0 15829 13624 19  4 78  0  0  0
 1  0      0 16227556 151604 5077908    0    0     0    60 13929 4325 18  3 78  2  0  0
procs ----------mémoire---------- -échange- -----io---- -système- ------cpu--------
 r  b   swpd  libre tampon  cache   si   so    bi    bo   in   cs us sy id wa st gu
 1  0      0 16228972 151604 5077912    0    0     0     0 18233 19537 22  4 73  0  0  0
 2  1      0 16225504 151608 5077928    0    0     0   180 15431 12291 18  3 77  2  0  0
 2  0      0 16224736 151612 5077928    0    0     0    32 15684 13538 19  4 75  3  0  0
 2  0      0 16230860 151612 5077948    0    0     0     0 14199 4176 18  3 79  0  0  0
 1  0      0 16216472 151612 5077968    0    0     0     0 17657 18464 23  4 73  0  0  0
 2  0      0 16217192 151612 5077980    0    0     0     0 15553 12420 18  4 78  0  0  0
 1  0      0 16213884 151612 5077996    0    0     0     0 16280 13274 19  4 77  0  0  0
 2  0      0 16212064 151620 5078016    0    0     0    40 14243 4052 18  3 77  2  0  0
 4  0      0 16214208 151620 5078036    0    0     0     0 14592 4258 17  3 79  0  0  0
 3  0      0 16203524 151628 5078044    0    0     0    68 18048 18393 23  4 70  3  0  0
 1  0      0 16205000 151628 5078060    0    0     0     0 15863 12340 18  4 78  0  0  0
 1  0      0 16214020 151628 5078088    0    0     0     0 16180 13722 19  4 77  0  0  0
 1  0      0 16217476 151628 5078120    0    0     0     0 14213 4316 18  3 79  0  0  0
 2  0      0 16219972 151628 5078124    0    0     0     0 18149 18933 22  4 74  0  0  0
 2  0      0 16217876 151636 5078156    0    0     0    32 15764 12672 19  4 75  3  0  0
 3  0      0 16224952 151636 5078160    0    0     0     0 16217 13673 19  4 77  0  0  0
 1  0      0 16230192 151636 5078176    0    0     0     0 14713 4135 18  3 79  0  0  0
 1  0      0 16220616 151636 5078196    0    0     0     0 19395 20419 23  4 73  0  0  0
 2  0      0 16212556 151636 5078212    0    0     0     0 15603 12263 19  4 78  0  0  0
 2  0      0 16222392 151644 5078244    0    0     0    24 16450 13707 19  4 74  2  0  0
 1  1      0 16229832 151656 5078276    0    0     0    80 14332 4099 18  3 76  3  0  0
procs ----------mémoire---------- -échange- -----io---- -système- ------cpu--------
 r  b   swpd  libre tampon  cache   si   so    bi    bo   in   cs us sy id wa st gu
 2  0      0 16234636 151664 5078276    0    0     0    28 18252 20524 22  4 73  0  0  0
 1  0      0 16241144 151672 5078292    0    0     0  1168 16119 12630 19  3 75  3  0  0
 2  0      0 16238700 151672 5078308    0    0     0   104 15420 13274 19  4 76  1  0  0
 2  0      0 16230728 151672 5078324    0    0     0     4 14253 4138 17  3 79  0  0  0
 2  0      0 16237332 151672 5078344    0    0     0     0 13897 3963 18  3 79  0  0  0
 1  0      0 16236820 151676 5078380    0    0     0   116 18222 19669 23  4 71  2  0  0
 1  0      0 16230524 151676 5078392    0    0     0    28 15341 11845 18  4 78  0  0  0
 2  0      0 16243708 151676 5078420    0    0     0     0 16347 13380 19  4 78  0  0  0
 2  0      0 16246440 151676 5078428    0    0     0     0 14553 4231 18  3 79  0  0  0
 2  0      0 16242948 151676 5078440    0    0     0     0 18110 19728 22  4 74  0  0  0
 1  0      0 16251596 151680 5078476    0    0     0    36 15661 12278 19  4 75  2  0  0
 2  0      0 16249848 151680 5078488    0    0     0     0 16070 13560 19  4 77  0  0  0
 1  0      0 16252320 151680 5078500    0    0     0   120 14496 4116 18  3 78  1  0  0
 2  0      0 16236204 151680 5078520    0    0     0     0 18960 21244 22  4 74  0  0  0
 1  0      0 16217264 151692 5078608    0    0     0    56 15556 12557 18  4 75  3  0  0
 1  0      0 16229092 151692 5078628    0    0     0     0 16286 13859 19  4 77  0  0  0
 3  1      0 16231276 151696 5078652    0    0     0   104 14112 3913 18  3 78  2  0  0
 1  0      0 16238756 151700 5078596    0    0     0    96 18437 20776 22  4 72  1  0  0
 1  0      0 16231908 151704 5078588    0    0     0   120 15798 12554 19  4 75  3  0  0
 2  0      0 16241380 151704 5078620    0    0     0    12 15874 13525 19  4 78  0  0  0
 3  0      0 16228544 151704 5078668    0    0     0     0 14746 4260 18  4 78  0  0  0
procs ----------mémoire---------- -échange- -----io---- -système- ------cpu--------
 r  b   swpd  libre tampon  cache   si   so    bi    bo   in   cs us sy id wa st gu
 3  0      0 16231404 151704 5078680    0    0     0     0 14307 4310 18  3 79  0  0  0
 1  0      0 16226004 151704 5078692    0    0     0     0 19290 21317 23  4 73  0  0  0
 3  0      0 16216720 151712 5078716    0    0     0    36 15538 12325 18  4 76  2  0  0
 2  0      0 16215832 151712 5078608    0    0     0     0 15921 13290 19  4 77  0  0  0
 2  0      0 16221084 151712 5078620    0    0     0     0 13977 4076 18  3 79  0  0  0
 1  0      0 16231388 151712 5078640    0    0     0     0 18528 20180 22  4 73  0  0  0
 2  0      0 16219576 151712 5078656    0    0     0     0 15394 12450 19  4 78  0  0  0
 2  0      0 16221964 151720 5078672    0    0     0    24 16037 13864 19  4 75  3  0  0
 2  0      0 16228852 151720 5078684    0    0     0     0 14091 3994 19  4 77  0  0  0
 1  0      0 16227840 151720 5078692    0    0     0     0 18307 20193 23  4 73  0  0  0
 2  0      0 16229452 151720 5078720    0    0     0     0 16059 12908 19  4 78  0  0  0
 2  0      0 16229900 151720 5078748    0    0     0   552 15624 13508 19  4 74  3  0  0
 1  0      0 16232384 151724 5078760    0    0     0   164 14111 4427 18  3 74  5  0  0
 1  0      0 16225908 151724 5078780    0    0     0    64 17419 19166 22  4 73  0  0  0
 2  0      0 16226068 151724 5078788    0    0     0     0 15739 12233 19  4 77  0  0  0
 2  0      0 16238264 151724 5078804    0    0     0     0 15821 12715 19  4 77  0  0  0
 1  0      0 16235272 151724 5078832    0    0     0    24 14315 4146 18  3 79  0  0  0
 2  0      0 16235672 151732 5078840    0    0     0    36 14253 4088 18  3 78  1  0  0
 1  0      0 16236948 151732 5078852    0    0     0     0 18964 21201 23  4 72  0  0  0
 1  0      0 16228900 151732 5078860    0    0     0     0 15078 12134 19  4 78  0  0  0
 2  0      0 16229184 151732 5078900    0    0     0     0 15515 13143 19  4 77  0  0  0
procs ----------mémoire---------- -échange- -----io---- -système- ------cpu--------
 r  b   swpd  libre tampon  cache   si   so    bi    bo   in   cs us sy id wa st gu
 2  0      0 16217492 151732 5078920    0    0     0     0 14278 4251 18  3 79  0  0  0
 1  0      0 16202088 151740 5078928    0    0     0    24 18427 19170 23  4 72  1  0  0
 4  0      0 16206124 151740 5078956    0    0     0     0 15588 12295 19  4 77  0  0  0
 1  0      0 16207972 151740 5078972    0    0     0    80 15939 14073 19  4 77  0  0  0
 1  0      0 16211364 151740 5078988    0    0     0     0 13632 3994 18  3 79  0  0  0
 1  0      0 16210084 151740 5079008    0    0     0     0 18644 20738 23  4 73  0  0  0
 1  0      0 16203328 151748 5079012    0    0     0    24 15409 12093 19  4 77  1  0  0
 1  0      0 16207216 151756 5079024    0    0     0    56 16104 12842 19  4 76  2  0  0
 1  0      0 16217480 151756 5079056    0    0     0     0 13975 3973 17  3 79  0  0  0
 2  0      0 16221928 151756 5079064    0    0     0     0 18170 19832 22  4 74  0  0  0
 1  0      0 16223184 151756 5079084    0    0     0     0 16047 12463 19  4 77  0  0  0
 6  0      0 16222288 151756 5079096    0    0     0     0 15210 12689 19  4 77  0  0  0
 1  0      0 16227916 151764 5079128    0    0     0    28 14473 4644 18  3 78  1  0  0
 1  0      0 16219604 151764 5079136    0    0     0     0 14476 4063 18  3 79  0  0  0
 1  0      0 16216004 151764 5079144    0    0     0     0 17755 17784 23  4 73  0  0  0
 2  0      0 16203712 151764 5079172    0    0     0     0 15737 12632 18  4 77  0  0  0
 1  0      0 16218492 151764 5079192    0    0     0     0 16097 13541 19  4 78  0  0  0
 2  0      0 16213676 151772 5079212    0    0     0    24 14292 4027 18  3 78  1  0  0
 2  0      0 16218516 151796 5079224    0    0     0   108 18670 21140 22  4 72  1  0  0
 1  0      0 16208524 151796 5079252    0    0     0     0 15787 12583 18  3 78  0  0  0
 3  0      0 16229200 151796 5079004    0    0     0     0 16196 13798 19  4 77  0  0  0
procs ----------mémoire---------- -échange- -----io---- -système- ------cpu--------
 r  b   swpd  libre tampon  cache   si   so    bi    bo   in   cs us sy id wa st gu
 1  0      0 16238532 151796 5078896    0    0     0   564 14021 4446 18  3 79  0  0  0
 1  0      0 16235908 151796 5078912    0    0     0   104 17432 19046 22  4 71  3  0  0
 1  0      0 16243816 151800 5078936    0    0     0   152 15394 12133 18  4 74  3  0  0
 2  0      0 16256252 151800 5078956    0    0     0     0 15539 13361 19  4 78  0  0  0
 3  0      0 16261712 151800 5078972    0    0     0     0 14128 4120 18  3 79  0  0  0
 3  0      0 16262188 151800 5078988    0    0     0     0 17879 18725 22  4 74  0  0  0
 1  0      0 16264768 151800 5079004    0    0     0     0 15387 12617 19  4 77  0  0  0
 5  0      0 16252408 151804 5079008    0    0     0    32 15621 11959 19  4 77  1  0  0
 2  0      0 16263328 151804 5079036    0    0     0     0 14533 5135 18  3 79  0  0  0
 2  0      0 16260740 151804 5079056    0    0     0     0 14542 4325 18  3 78  0  0  0
 3  0      0 16259844 151804 5079068    0    0     0    28 18212 20124 23  4 73  0  0  0
 2  0      0 16255712 151816 5079148    0    0     0    64 15576 12539 19  4 76  1  0  0
 2  0      0 16259232 151816 5079172    0    0     0     0 15709 13637 19  4 77  0  0  0
 1  0      0 16256248 151832 5079116    0    0     0   192 14041 4103 18  3 77  2  0  0
 1  0      0 16254832 151832 5079144    0    0     0     0 18749 20433 22  4 73  0  0  0
 1  0      0 16257444 151832 5079156    0    0     0     0 15719 12421 18  4 78  0  0  0
 2  0      0 16250472 151832 5079180    0    0     0    96 16179 13967 19  4 77  0  0  0
 2  0      0 16263024 151856 5079296    0    0     0   188 14056 4899 18  4 76  3  0  0
 1  0      0 16257492 151864 5079336    0    0     0    60 17629 17328 22  4 72  2  0  0
 2  0      0 16257944 151876 5079216    0    0     0   256 15809 12434 19  4 76  2  0  0
 1  0      0 16270036 151876 5079248    0    0     0     0 16103 13671 19  4 77  0  0  0
procs ----------mémoire---------- -échange- -----io---- -système- ------cpu--------
 r  b   swpd  libre tampon  cache   si   so    bi    bo   in   cs us sy id wa st gu
 1  0      0 16259204 151876 5079252    0    0     0     0 14245 4125 18  3 79  0  0  0
 1  0      0 16258456 151876 5079272    0    0     0     0 18872 21079 22  4 73  0  0  0
 1  0      0 16254072 151876 5079296    0    0     0     0 15561 12463 18  4 78  0  0  0
 4  0      0 16197200 151880 5079580    0    0     0    48 15267 9272 20  5 75  0  0  0
 1  0      0 16217264 151880 5079732    0    0     0     0 14994 8511 19  3 78  0  0  0
 1  0      0 16214328 151880 5079740    0    0     0     0 14302 4182 19  4 77  0  0  0
 2  0      0 16207184 151880 5079748    0    0     0     0 18402 20583 23  4 73  0  0  0
 1  0      0 16199352 151880 5079772    0    0     0     0 16113 12648 19  4 78  0  0  0
 1  0      0 16206260 151888 5079796    0    0     0    56 16290 13966 19  4 77  0  0  0
 1  0      0 16205884 151888 5079804    0    0     0   508 13697 4338 18  4 78  0  0  0
 1  0      0 16205356 151888 5079824    0    0     0   208 18459 20649 22  4 73  0  0  0
 2  0      0 16210584 151888 5079840    0    0     0   144 15894 12483 19  4 77  1  0  0
 2  0      0 16219760 151888 5079868    0    0     0   104 15726 13418 19  4 78  0  0  0
 1  0      0 16225692 151888 5079876    0    0     0     0 14117 4088 18  3 79  0  0  0
 2  0      0 16234044 151888 5079896    0    0     0     0 18668 20502 23  4 73  0  0  0
 1  0      0 16236644 151888 5079908    0    0     0     8 15515 11974 19  4 78  0  0  0
 2  0      0 16234020 151892 5079928    0    0     0    84 15673 13410 19  4 77  0  0  0
 1  0      0 16235692 151892 5079944    0    0     0     0 14091 4104 18  3 79  0  0  0
 1  0      0 16233532 151892 5079968    0    0     0     0 18679 20169 23  4 73  0  0  0
 2  0      0 16225708 151892 5079984    0    0     0     0 15418 11837 19  4 77  0  0  0
 4  0      0 16222676 151892 5079996    0    0     0     0 14760 8642 18  4 78  0  0  0
procs ----------mémoire---------- -échange- -----io---- -système- ------cpu--------
 r  b   swpd  libre tampon  cache   si   so    bi    bo   in   cs us sy id wa st gu
 1  0      0 16220768 151900 5080016    0    0     0    24 14917 9059 18  4 78  0  0  0
 1  0      0 16223232 151900 5080032    0    0     0     0 13400 3960 18  3 79  0  0  0
 2  0      0 16229076 151900 5080040    0    0     0     0 18551 21440 22  5 73  0  0  0
 1  0      0 16226684 151900 5080064    0    0     0     0 15446 12054 19  4 78  0  0  0
 2  0      0 16221928 151900 5080092    0    0     0    28 15800 13592 19  4 77  0  0  0
 2  1      0 16231124 151908 5080100    0    0     0   208 13946 4097 18  3 78  0  0  0
 2  0      0 16227816 151916 5080100    0    0     0    56 18758 21216 22  4 72  1  0  0
 1  0      0 16225992 151916 5080132    0    0     0     0 15091 11787 18  4 78  0  0  0
 1  0      0 16232936 151916 5080152    0    0     0     0 15997 13525 19  4 78  0  0  0
 1  0      0 16228080 151916 5080168    0    0     0    40 14044 4049 18  3 79  0  0  0
 1  0      0 16218668 151916 5080184    0    0     0     0 18528 20593 22  4 73  0  0  0
 2  0      0 16215904 151924 5080196    0    0     0    28 15185 12530 19  4 77  0  0  0
 2  0      0 16234752 151924 5080224    0    0     0     0 15739 12983 18  4 77  0  0  0
 1  0      0 16234896 151924 5080232    0    0     0     0 14724 4389 19  3 78  0  0  0
 2  0      0 16239004 151924 5080252    0    0     0     0 18363 19433 22  4 73  0  0  0
 1  0      0 16240464 151924 5080264    0    0     0     0 15234 11909 18  4 78  0  0  0
 4  0      0 16226596 151940 5080284    0    0     0   120 14830 6160 18  3 77  2  0  0
 1  0      0 16239944 151940 5080304    0    0     0     0 15289 11813 18  3 78  0  0  0
 1  0      0 16246272 151940 5080316    0    0     0     0 13770 4069 17  3 80  0  0  0
 3  0      0 16241836 151940 5080328    0    0     0   396 18100 21157 22  4 74  0  0  0
 3  0      0 16241064 151940 5080852    0    0     0     0 16414 13194 20  4 75  1  0  0
procs ----------mémoire---------- -échange- -----io---- -système- ------cpu--------
 r  b   swpd  libre tampon  cache   si   so    bi    bo   in   cs us sy id wa st gu
 2  0      0 16237612 151944 5080868    0    0     0   160 20837 14594 20  4 75  1  0  0
 1  0      0 16255092 151944 5080800    0    0     0   100 17864 5165 18  4 77  1  0  0
 2  0      0 16247624 151944 5080820    0    0     0     0 27123 20543 23  5 71  1  0  0
 3  0      0 16237116 151944 5080832    0    0     0   124 26937 13132 20  5 74  1  0  0
 3  0      0 16232260 151944 5080852    0    0     0     0 34095 13888 21  6 73  0  0  0
 1  0      0 16227736 151944 5080876    0    0     0    52 44490 4593 21  5 73  0  0  0
 2  0      0 16259948 151944 5080500    0    0     0     0 56805 19799 27  8 65  0  0  0
 2  0      0 16259688 151944 5080520    0    0     0     0 63703 12991 24  8 68  0  0  0
 3  0      0 16263920 151956 5080612    0    0     0    76 78897 13432 26  8 65  1  0  0
 2  0      0 16243508 152004 5087680    0    0     0   348 18179 7113 24  4 69  2  0  0
 1  0      0 16241284 152016 5087628    0    0     0   204 18280 20938 22  4 72  2  0  0
 4  0      0 16239044 152016 5087640    0    0     0     0 15702 11728 18  4 78  0  0  0
 2  0      0 16237008 152016 5087660    0    0     0     0 14239 5535 18  4 79  0  0  0
 3  0      0 16251800 152016 5087676    0    0     0     0 16085 13659 18  4 78  0  0  0
 1  0      0 16249192 152016 5087692    0    0     0     0 14632 4109 18  3 79  0  0  0
 1  0      0 16256596 152020 5087708    0    0     0    72 17325 17200 22  4 74  0  0  0
 1  0      0 16251020 152028 5087716    0    0     0   228 15340 12456 18  3 76  2  0  0
 2  0      0 16267404 152028 5087744    0    0     0     0 16166 13914 19  4 78  0  0  0
 2  0      0 16289560 152028 5066232    0    0     0     0 14449 4175 18  3 79  0  0  0
 2  0      0 16285268 152028 5066244    0    0     0    28 18420 21403 22  4 73  0  0  0
 2  0      0 16270892 152028 5066272    0    0     0     0 15513 12558 18  3 78  0  0  0
procs ----------mémoire---------- -échange- -----io---- -système- ------cpu--------
 r  b   swpd  libre tampon  cache   si   so    bi    bo   in   cs us sy id wa st gu
 1  0      0 16232696 152036 5066552    0    0     0    40 16316 14360 20  4 75  1  0  0
 2  0      0 16214584 152036 5066700    0    0     0     0 14087 4779 18  3 79  0  0  0
 2  0      0 16221712 152036 5066708    0    0     0     0 18506 19256 24  5 71  0  0  0
 3  0      0 16211420 152036 5066728    0    0     0     0 15774 12660 19  4 78  0  0  0
 2  0      0 16227504 152036 5066752    0    0     0     0 16011 13697 19  4 77  0  0  0
 2  0      0 16220688 152044 5066768    0    0     0    56 14175 4492 18  3 79  0  0  0
 1  0      0 16216484 152044 5066784    0    0     0     0 18516 20497 22  5 73  0  0  0
 3  0      0 16224876 152044 5066796    0    0     0     0 15275 8057 18  3 78  0  0  0
 2  0      0 16225140 152044 5066812    0    0     0   416 14963 8746 18  4 79  0  0  0
 2  0      0 16231396 152044 5066836    0    0     0     0 15809 13676 18  4 78  0  0  0
 2  0      0 16246360 152052 5066848    0    0     0   136 14331 4270 18  3 79  0  0  0
 2  0      0 16246576 152052 5066864    0    0     0   104 17908 20358 22  4 74  0  0  0
 1  0      0 16248640 152052 5066884    0    0     0     8 15405 12331 19  3 78  0  0  0
 2  0      0 16261264 152052 5066896    0    0     0   108 15283 13533 19  3 78  0  0  0
 1  0      0 16252664 152052 5066916    0    0     0     0 13722 3984 17  3 79  0  0  0
 3  0      0 16240168 152060 5066932    0    0     0    36 18283 21269 22  4 73  0  0  0
 2  0      0 16226616 152060 5066944    0    0     0     0 15425 12560 18  4 78  0  0  0
 1  0      0 16248184 152060 5066976    0    0     0     0 16051 13808 19  4 77  0  0  0
 2  0      0 16248596 152060 5066992    0    0     0     4 14307 4477 18  3 79  0  0  0
 1  0      0 16248296 152060 5067004    0    0     0   292 17860 19865 22  4 73  0  0  0
 4  0      0 16252388 152068 5067020    0    0     0    40 16027 13555 19  4 77  0  0  0
procs ----------mémoire---------- -échange- -----io---- -système- ------cpu--------
 r  b   swpd  libre tampon  cache   si   so    bi    bo   in   cs us sy id wa st gu
 1  0      0 16240464 152068 5067052    0    0     0     0 15560 13110 19  4 78  0  0  0
 1  0      0 16233328 152068 5067072    0    0     0     0 14309 4368 17  3 79  0  0  0
 2  0      0 16249108 152068 5067072    0    0     0     0 18469 20582 22  4 73  0  0  0
 2  0      0 16241436 152068 5067096    0    0     0     0 14787 6164 18  3 79  0  0  0
 1  0      0 16234684 152072 5067116    0    0     0    52 15682 10260 19  4 78  0  0  0
 1  0      0 16230116 152080 5067128    0    0     0   164 15588 13774 19  4 77  1  0  0
 4  0      0 16227024 152080 5067152    0    0     0     0 13956 4014 18  3 79  0  0  0
 2  0      0 16218260 152080 5067168    0    0     0    24 18884 20721 22  5 73  0  0  0
 1  0      0 16223984 152080 5067184    0    0     0     0 15611 12343 18  3 78  0  0  0
 1  0      0 16240184 152080 5067208    0    0     0     0 15842 13901 19  4 77  0  0  0
 1  0      0 16252288 152088 5067216    0    0     0    40 14352 4737 19  3 77  0  0  0
 2  0      0 16249504 152088 5067232    0    0     0     0 17983 19496 22  4 73  0  0  0
 2  0      0 16255684 152088 5067244    0    0     0     0 15195 12456 18  4 78  0  0  0
 1  0      0 16257468 152088 5067280    0    0     0     0 15929 13799 19  4 77  0  0  0
 1  0      0 16252932 152108 5067296    0    0     0   120 14329 4198 18  3 78  2  0  0
 2  0      0 16251756 152108 5067304    0    0     0     0 18190 20269 22  4 73  0  0  0
 3  0      0 16248136 152108 5067320    0    0     0     0 15533 12384 19  4 77  0  0  0
 1  0      0 16242064 152108 5067352    0    0     0     0 15828 13130 18  4 78  0  0  0
 1  0      0 16247512 152108 5067360    0    0     0   416 13603 4071 18  3 79  0  0  0
 1  0      0 16241128 152124 5067440    0    0     0    76 18111 20111 23  4 72  1  0  0
 3  0      0 16230712 152124 5067464    0    0     0     4 14476 6312 18  3 79  0  0  0
procs ----------mémoire---------- -échange- -----io---- -système- ------cpu--------
 r  b   swpd  libre tampon  cache   si   so    bi    bo   in   cs us sy id wa st gu
 1  0      0 16233928 152140 5067416    0    0     0   292 15441 10620 18  4 76  2  0  0
 2  0      0 16240396 152140 5067432    0    0     0   100 16748 14560 19  4 77  0  0  0
 1  0      0 16239420 152140 5067448    0    0     0   112 14137 4081 18  3 79  0  0  0
 1  0      0 16238156 152140 5067460    0    0     0     0 18628 21173 23  4 73  0  0  0
 1  0      0 16237288 152140 5067476    0    0     0     0 15877 12608 19  4 78  0  0  0
 2  0      0 16246688 152156 5067580    0    0     0   108 16107 13155 19  4 76  1  0  0
 2  0      0 16243072 152156 5067588    0    0     0     0 14633 4191 18  3 79  0  0  0
 3  1      0 16239124 152168 5067612    0    0     0   228 18020 19475 23  4 72  2  0  0
 2  0      0 16265756 152168 5067296    0    0     0     0 15666 12796 18  4 78  0  0  0
 1  0      0 16276588 152168 5067200    0    0     0     0 15572 13647 19  4 77  0  0  0
 2  0      0 16281736 152168 5067212    0    0     0     0 13708 4436 18  3 80  0  0  0
 1  0      0 16279536 152168 5067220    0    0     0     0 18231 19081 22  4 73  0  0  0
 2  0      0 16270260 152176 5067244    0    0     0    68 15887 12247 19  4 77  1  0  0
 2  0      0 16264268 152176 5067264    0    0     0     0 15974 13510 19  4 78  0  0  0
 2  0      0 16264512 152176 5067276    0    0     0     0 14029 4280 18  3 79  0  0  0
 2  0      0 16268060 152192 5066688    0    0     0   100 18789 20499 23  4 72  1  0  0
 3  0      0 16257356 152200 5066860    0    0     0    56 14528 5528 18  3 78  1  0  0
 2  0      0 16266292 152200 5066876    0    0     0     0 15607 11804 18  4 78  0  0  0
 2  0      0 16209864 152216 5067420    0    0     0   224 16433 14050 20  5 73  2  0  0
 1  0      0 16196344 152216 5067232    0    0     0    16 14713 4968 18  3 79  0  0  0
 1  0      0 16200572 152216 5067252    0    0     0   112 18465 19557 23  5 72  0  0  0
procs ----------mémoire---------- -échange- -----io---- -système- ------cpu--------
 r  b   swpd  libre tampon  cache   si   so    bi    bo   in   cs us sy id wa st gu
 2  0      0 16202600 152216 5067272    0    0     0     0 16078 12741 19  4 78  0  0  0
 2  0      0 16212052 152216 5067304    0    0     0    28 16282 13718 19  4 78  0  0  0
 1  0      0 16214200 152224 5067328    0    0     0    92 14316 4247 18  3 79  0  0  0
 1  0      0 16216120 152224 5067332    0    0     0     0 18413 19756 22  4 73  0  0  0
 1  0      0 16204092 152224 5067344    0    0     0     0 15914 12613 19  4 78  0  0  0
 2  0      0 16235400 152224 5067376    0    0     0     0 16021 13826 19  4 77  0  0  0
 2  0      0 16230264 152224 5067392    0    0     0     0 14261 4028 18  3 79  0  0  0
 2  0      0 16229424 152232 5067416    0    0     0    24 18942 20400 22  4 74  0  0  0
 3  0      0 16229156 152232 5067444    0    0     0     0 15615 11821 19  3 79  0  0  0
 1  0      0 16236532 152232 5067460    0    0     0     8 16168 13505 19  4 77  0  0  0
 2  0      0 16236240 152232 5067472    0    0     0   104 14270 4165 18  3 79  0  0  0
10  0      0 16224560 152232 5067488    0    0     0   552 17362 17933 22  4 74  0  0  0
 2  0      0 16223244 152236 5067512    0    0     0    60 14850 5061 18  3 78  1  0  0
 1  0      0 16211940 152236 5067528    0    0     0     0 15865 12071 19  4 78  0  0  0
 1  0      0 16218720 152236 5067548    0    0     0     0 15831 13401 19  4 77  0  0  0
 3  0      0 16218272 152236 5067564    0    0     0     0 14118 4144 18  3 79  0  0  0
 2  0      0 16224828 152236 5067580    0    0     0     0 18156 20189 22  4 74  0  0  0
 1  0      0 16211700 152240 5067596    0    0     0   172 15893 13365 19  4 77  0  0  0
 1  0      0 16215780 152240 5067624    0    0     0     0 15878 13664 19  3 78  0  0  0
 2  0      0 16213076 152240 5067640    0    0     0     0 14474 4444 18  3 79  0  0  0
 2  0      0 16220808 152240 5067652    0    0     0     0 18458 21017 23  4 73  0  0  0
procs ----------mémoire---------- -échange- -----io---- -système- ------cpu--------
 r  b   swpd  libre tampon  cache   si   so    bi    bo   in   cs us sy id wa st gu
 2  0      0 16212848 152240 5067664    0    0     0     0 15998 12751 18  4 78  0  0  0
 1  0      0 16203588 152244 5067680    0    0     0    24 15722 13828 19  4 77  0  0  0
 2  0      0 16213548 152244 5067704    0    0     0     0 14332 4498 18  3 79  0  0  0
 2  0      0 16222408 152244 5067716    0    0     0     0 18690 21587 22  4 74  0  0  0
 2  0      0 16227728 152252 5067716    0    0     0    60 15507 12474 19  4 77  1  0  0
 1  0      0 16233636 152252 5067752    0    0     0     0 15828 13534 19  4 78  0  0  0
 2  0      0 16227860 152252 5067764    0    0     0   160 13800 4293 17  3 79  0  0  0
13  0      0 16239268 152252 5067776    0    0     0    16 18030 18332 23  4 73  0  0  0
 2  0      0 16237776 152252 5067788    0    0     0     0 14352 4658 18  3 79  0  0  0
 3  0      0 16223088 152260 5067812    0    0     0    36 15552 12389 19  4 77  0  0  0
 1  0      0 16225320 152260 5067836    0    0     0     0 16374 13718 19  3 77  0  0  0
 1  0      0 16231828 152260 5067852    0    0     0     0 14230 4391 17  3 79  0  0  0
 1  0      0 16229344 152260 5067856    0    0     0   120 17887 19371 22  4 74  0  0  0
 2  1      0 16241884 152268 5067876    0    0     0    60 15982 12571 18  4 78  0  0  0
 2  0      0 16255936 152276 5067900    0    0     0    44 16301 13827 19  4 77  1  0  0
 1  0      0 16248608 152276 5067916    0    0     0     0 14418 4046 18  3 79  0  0  0
 2  0      0 16241000 152276 5067936    0    0     0    24 18731 20340 22  4 74  0  0  0
 2  0      0 16249828 152276 5067956    0    0     0     0 15335 12427 19  4 78  0  0  0
 1  0      0 16254188 152276 5067976    0    0     0     0 15968 13628 19  4 77  0  0  0
 3  0      0 16234696 152284 5067988    0    0     0    36 14555 4906 18  4 78  0  0  0
 4  0      0 16224920 152284 5068004    0    0     0    60 17468 17690 22  4 74  0  0  0
procs ----------mémoire---------- -échange- -----io---- -système- ------cpu--------
 r  b   swpd  libre tampon  cache   si   so    bi    bo   in   cs us sy id wa st gu
 1  0      0 16225688 152284 5068028    0    0     0   508 16092 12398 20  4 74  2  0  0
 2  0      0 16228372 152284 5068052    0    0     0    40 16537 13842 19  4 78  0  0  0
 3  0      0 16230304 152292 5068068    0    0     0    68 14579 4481 18  3 78  0  0  0
 3  1      0 16230324 152292 5068148    0    0     0     0 18632 19447 23  5 73  0  0  0
 3  1      0 16239688 152308 5068176    0    0     0   200 14495 4289 19  4 75  3  0  0
 2  0      0 16221564 152308 5068116    0    0     0     8 15826 12570 19  4 77  0  0  0
 2  0      0 16230952 152308 5068136    0    0     0     0 15373 13826 19  4 77  0  0  0
 2  0      0 16234572 152308 5068152    0    0     0     0 14243 4222 18  3 79  0  0  0
 1  0      0 16240828 152308 5068168    0    0     0     0 18047 18293 22  5 73  0  0  0
 1  0      0 16241592 152316 5068192    0    0     0    64 15518 12362 18  4 77  0  0  0
 1  0      0 16247756 152316 5068212    0    0     0   124 15690 13547 19  4 78  0  0  0
 2  0      0 16253636 152316 5068228    0    0     0     0 14202 4437 18  3 79  0  0  0
 4  0      0 16244536 152316 5067852    0    0     0     0 18256 20498 23  4 74  0  0  0
 3  0      0 16220808 152316 5067868    0    0     0     0 15609 12529 19  4 78  0  0  0
 1  0      0 16222748 152332 5067884    0    0     0   112 15746 13570 19  4 77  1  0  0
 1  0      0 16222272 152332 5067908    0    0     0     0 13888 4321 18  3 79  0  0  0
 1  0      0 16235988 152332 5067924    0    0     0     0 18482 21572 23  4 73  0  0  0
 2  0      0 16227708 152332 5067948    0    0     0    12 15864 12418 20  5 75  0  0  0
 2  0      0 16259176 152332 5067964    0    0     0     0 15971 13792 19  3 78  0  0  0
 2  0      0 16248416 152340 5067976    0    0     0    44 14149 4459 18  3 79  0  0  0
 2  0      0 16250360 152340 5067988    0    0     0     0 18277 19566 23  4 73  0  0  0
procs ----------mémoire---------- -échange- -----io---- -système- ------cpu--------
 r  b   swpd  libre tampon  cache   si   so    bi    bo   in   cs us sy id wa st gu
 3  0      0 16254868 152340 5068008    0    0     0     0 14596 5399 18  3 79  0  0  0
 2  0      0 16252916 152340 5068032    0    0     0     0 15982 11573 19  3 78  0  0  0
 1  0      0 16269724 152340 5068044    0    0     0   112 16152 13956 19  4 78  0  0  0
 2  0      0 16264760 152348 5068064    0    0     0    24 14152 4329 18  3 79  0  0  0
 2  0      0 16248364 152348 5068076    0    0     0     0 18548 20832 23  4 73  0  0  0
 1  0      0 16237916 152348 5068100    0    0     0     0 15785 12580 18  4 78  0  0  0
 2  0      0 16260456 152348 5068120    0    0     0     0 16418 13689 19  4 77  0  0  0
 2  0      0 16260132 152348 5068136    0    0     0     0 14007 4298 18  3 79  0  0  0
 2  0      0 16252880 152356 5068140    0    0     0    24 18237 18132 22  4 73  0  0  0
 3  0      0 16253120 152356 5068168    0    0     0    60 15874 12464 19  3 78  0  0  0
 2  0      0 16253432 152356 5068188    0    0     0   552 15881 13745 19  4 77  0  0  0
 1  0      0 16251196 152356 5068200    0    0     0    40 13960 4219 18  3 78  1  0  0
 2  0      0 16249812 152356 5068220    0    0     0     0 18326 20565 22  4 73  0  0  0
 2  0      0 16248848 152364 5068248    0    0     0    64 15266 11936 19  4 77  0  0  0
 2  0      0 16253932 152364 5068268    0    0     0     0 16326 14338 19  4 78  0  0  0
 1  0      0 16244456 152364 5068276    0    0     0     4 14383 4558 18  3 79  0  0  0
 4  0      0 16251688 152364 5068296    0    0     0     0 18073 18514 22  4 73  0  0  0
 2  0      0 16235660 152364 5068308    0    0     0     4 14806 5379 18  3 79  0  0  0
 1  0      0 16228992 152372 5068320    0    0     0    24 14920 12172 18  4 78  0  0  0
 1  0      0 16241748 152372 5068348    0    0     0     0 15940 13184 19  4 77  0  0  0
 1  0      0 16243688 152372 5068352    0    0     0   108 14328 4294 18  3 79  0  0  0
procs ----------mémoire---------- -échange- -----io---- -système- ------cpu--------
 r  b   swpd  libre tampon  cache   si   so    bi    bo   in   cs us sy id wa st gu
 2  0      0 16242032 152372 5068376    0    0     0     0 18125 20778 22  4 74  0  0  0
 1  0      0 16246512 152384 5068404    0    0     0    64 15441 12630 19  3 77  1  0  0
 1  0      0 16237760 152384 5068440    0    0     0     0 15715 13747 19  4 77  0  0  0
 1  0      0 16244344 152408 5068432    0    0     0   128 14083 4194 18  3 77  2  0  0
 1  0      0 16239304 152408 5068460    0    0     0     0 18301 19849 22  4 74  0  0  0
 1  0      0 16241724 152408 5068468    0    0     0     0 15599 12289 18  4 78  0  0  0
 2  0      0 16249520 152408 5068496    0    0     0     0 15667 13641 19  4 78  0  0  0
 3  0      0 16262848 152408 5068512    0    0     0     0 14257 4403 18  3 79  0  0  0
 2  0      0 16255648 152416 5068524    0    0     0    44 17226 17454 22  4 73  0  0  0
 3  0      0 16254432 152416 5068548    0    0     0     0 15707 12305 19  3 78  0  0  0
 2  0      0 16264640 152416 5068564    0    0     0     0 15896 13762 18  4 78  0  0  0
 2  0      0 16254312 152416 5068584    0    0     0     0 14370 4409 18  3 79  0  0  0
 5  0      0 16251140 152428 5068600    0    0     0   184 18361 18880 22  4 73  1  0  0
 3  0      0 16246628 152428 5068612    0    0     0     0 14710 5962 18  3 79  0  0  0
 1  0      0 16234364 152428 5068628    0    0     0     0 15157 12190 18  4 78  0  0  0
 1  0      0 16243380 152428 5068660    0    0     0     0 15720 13871 19  4 77  0  0  0
 2  0      0 16234500 152428 5068676    0    0     0     0 14302 4296 18  3 79  0  0  0
 2  0      0 16236060 152428 5068688    0    0     0    24 19372 20947 23  4 73  0  0  0
 1  0      0 16239328 152428 5068704    0    0     0     0 15844 12459 19  4 78  0  0  0
 2  0      0 16245200 152428 5068716    0    0     0     8 15851 13443 19  4 78  0  0  0
 1  0      0 16249888 152444 5068736    0    0     0   632 13988 4237 18  3 78  1  0  0
procs ----------mémoire---------- -échange- -----io---- -système- ------cpu--------
 r  b   swpd  libre tampon  cache   si   so    bi    bo   in   cs us sy id wa st gu
 3  0      0 16257632 152444 5068828    0    0     0    92 18377 20277 22  4 73  0  0  0
 2  1      0 16274120 152448 5068468    0    0     0   132 15474 12152 19  3 78  0  0  0
 1  0      0 16284820 152452 5068420    0    0     0    92 16109 13899 19  4 76  2  0  0
 1  0      0 16286184 152452 5068432    0    0     0     0 14423 3924 18  3 79  0  0  0
 1  0      0 16285912 152452 5068444    0    0     0     8 17997 19350 22  4 74  0  0  0
 2  0      0 16276708 152452 5068464    0    0     0     0 15606 12247 19  4 77  0  0  0
 1  0      0 16284420 152452 5068484    0    0     0     0 16325 13662 19  4 77  0  0  0
 2  0      0 16276508 152456 5068500    0    0     0    56 13949 4122 17  3 79  0  0  0
 4  0      0 16265304 152456 5068508    0    0     0     0 17464 17785 22  4 74  0  0  0
 2  0      0 16268464 152456 5068592    0    0     0   108 15139 5795 18  3 79  0  0  0
 1  0      0 16271216 152456 5068612    0    0     0     0 15361 12337 18  3 78  0  0  0
 2  0      0 16270364 152456 5068632    0    0     0     0 15868 13624 19  4 78  0  0  0
 1  0      0 16238636 152464 5069000    0    0     0    64 14447 5232 19  4 77  0  0  0
 1  0      0 16224652 152476 5069048    0    0     0   112 18267 19736 23  4 72  1  0  0
 3  0      0 16216140 152476 5069060    0    0     0     0 16148 12532 20  5 75  0  0  0
 2  0      0 16206728 152476 5069092    0    0     0     0 15847 13599 19  3 78  0  0  0
 2  0      0 16206844 152476 5069104    0    0     0     0 14059 4323 18  3 79  0  0  0
 1  0      0 16221108 152476 5069120    0    0     0     0 18007 20693 23  4 73  0  0  0
 2  0      0 16227968 152484 5069128    0    0     0    32 15705 12225 19  4 78  0  0  0
 2  0      0 16242236 152484 5069164    0    0     0     0 15911 13924 19  4 77  0  0  0
 1  0      0 16245476 152484 5069172    0    0     0     0 13701 4245 18  3 79  0  0  0
procs ----------mémoire---------- -échange- -----io---- -système- ------cpu--------
 r  b   swpd  libre tampon  cache   si   so    bi    bo   in   cs us sy id wa st gu
 2  0      0 16251520 152484 5069188    0    0     0     0 17933 19194 22  4 74  0  0  0
 1  0      0 16242804 152484 5069220    0    0     0     0 15674 12822 19  4 78  0  0  0
 1  0      0 16254920 152492 5069248    0    0     0    48 16037 13779 19  4 77  0  0  0
 2  0      0 16247656 152492 5069264    0    0     0     0 14224 4193 18  3 79  0  0  0
 6  0      0 16244928 152492 5069276    0    0     0     0 17971 17728 22  4 74  0  0  0
 2  0      0 16235252 152492 5069296    0    0     0     0 15173 6692 18  3 79  0  0  0
 2  0      0 16234500 152492 5069312    0    0     0   136 15928 12272 18  4 78  0  0  0
 2  0      0 16223932 152500 5069336    0    0     0    28 16478 14028 19  4 77  0  0  0
 2  0      0 16227552 152500 5069344    0    0     0    20 14597 4178 18  3 79  0  0  0
 2  0      0 16224476 152500 5069364    0    0     0   112 18616 20438 22  4 73  0  0  0
 3  0      0 16210980 152500 5069376    0    0     0    72 15509 12276 18  4 78  0  0  0
 2  0      0 16217556 152500 5069404    0    0     0     4 16276 14620 19  4 77  0  0  0
 2  0      0 16230008 152508 5069420    0    0     0    40 13831 3992 17  3 79  0  0  0
 1  0      0 16228760 152508 5069428    0    0     0   496 18309 20393 23  4 73  0  0  0
 1  0      0 16231192 152508 5069448    0    0     0     0 15547 12014 18  4 78  0  0  0
 2  0      0 16222660 152508 5069472    0    0     0     0 15852 13675 19  3 78  0  0  0
 1  0      0 16233736 152508 5069488    0    0     0     0 13802 4137 18  3 79  0  0  0
 2  0      0 16226396 152512 5069504    0    0     0    68 19097 20118 23  5 73  0  0  0
 2  0      0 16227532 152512 5069524    0    0     0     0 15351 12502 19  4 78  0  0  0
 2  0      0 16230548 152512 5069544    0    0     0   112 15709 13374 18  4 78  0  0  0
 1  0      0 16239636 152512 5069552    0    0     0     0 13818 4128 18  3 79  0  0  0
procs ----------mémoire---------- -échange- -----io---- -système- ------cpu--------
 r  b   swpd  libre tampon  cache   si   so    bi    bo   in   cs us sy id wa st gu
 7  0      0 16254948 152512 5069572    0    0     0     0 17752 16851 22  4 74  0  0  0
 2  0      0 16249604 152524 5069564    0    0     0   136 15861 8131 19  3 77  1  0  0
 2  0      0 16239816 152524 5069600    0    0     0     0 15233 12199 19  4 78  0  0  0
 1  0      0 16240836 152524 5069620    0    0     0     0 16042 13560 19  4 77  0  0  0
 3  0      0 16236364 152524 5069628    0    0     0     0 14160 4225 18  3 79  0  0  0
 1  0      0 16235008 152524 5069656    0    0     0     0 18408 20960 23  4 74  0  0  0
 1  0      0 16244504 152528 5069672    0    0     0    40 15832 12500 19  4 77  0  0  0
 2  0      0 16257456 152528 5069692    0    0     0     0 16069 13439 19  4 78  0  0  0
 2  0      0 16261056 152528 5069704    0    0     0     0 14332 4302 18  3 79  0  0  0
 1  0      0 16251332 152528 5069720    0    0     0     0 18376 20318 22  4 74  0  0  0
 1  0      0 16261512 152528 5069360    0    0     0     0 15635 12225 18  4 78  0  0  0
 2  0      0 16269608 152532 5069376    0    0     0    44 16212 13722 19  4 77  0  0  0
 2  0      0 16275476 152532 5069392    0    0     0     0 14232 4787 18  4 79  0  0  0
 1  0      0 16282220 152532 5069408    0    0     0     0 18525 20390 23  5 73  0  0  0
 1  0      0 16282932 152532 5069424    0    0     0     0 15095 12059 19  4 78  0  0  0
 2  0      0 16298708 152532 5069440    0    0     0   136 15881 13942 19  4 77  0  0  0
 1  0      0 16293652 152540 5069464    0    0     0   172 14178 4033 18  4 78  1  0  0
 8  1      0 16289768 152552 5069472    0    0     0    52 17421 16126 21  4 74  0  0  0
 2  0      0 16271564 152552 5069564    0    0     0     0 15055 7106 18  3 78  0  0  0
 1  0      0 16268168 152552 5069576    0    0     0    72 14973 12287 19  3 78  1  0  0
 3  0      0 16293352 152568 5069528    0    0     0   328 16076 14169 19  4 74  3  0  0
procs ----------mémoire---------- -échange- -----io---- -système- ------cpu--------
 r  b   swpd  libre tampon  cache   si   so    bi    bo   in   cs us sy id wa st gu
 2  0      0 16291920 152568 5069556    0    0     0    24 14064 4094 18  3 79  0  0  0
 2  0      0 16288564 152568 5069560    0    0     0     4 18118 20618 22  4 74  0  0  0
 3  0      0 16277924 152576 5069728    0    0     0   496 15609 13467 19  4 77  1  0  0
 1  0      0 16275636 152576 5069772    0    0     0     0 16196 13706 19  4 77  0  0  0
 1  0      0 16273636 152592 5069640    0    0     0   304 13834 4096 18  3 78  2  0  0
 2  0      0 16270116 152592 5069648    0    0     0     0 18858 20990 22  4 73  0  0  0
 1  0      0 16267756 152592 5069544    0    0     0     0 16154 12999 19  3 77  0  0  0
 1  0      0 16270804 152592 5069568    0    0     0    36 15956 13688 19  3 78  0  0  0
 1  0      0 16277976 152592 5069580    0    0     0     0 13912 4070 18  3 79  0  0  0
 1  0      0 16235832 152596 5069860    0    0     0    68 18397 21181 24  5 71  0  0  0
 2  0      0 16225992 152596 5070012    0    0     0     0 16097 12825 19  4 78  0  0  0
 2  0      0 16231836 152608 5070024    0    0     0   132 16093 13494 20  4 74  1  0  0
 1  0      0 16226440 152608 5070056    0    0     0   124 14687 4304 18  3 79  0  0  0
 9  0      0 16219068 152608 5070064    0    0     0     0 17622 16223 21  4 75  0  0  0
 3  0      0 16226008 152608 5070080    0    0     0     0 15642 8550 19  3 77  0  0  0
 1  0      0 16239008 152608 5070100    0    0     0     0 15792 12024 19  4 78  0  0  0
 2  0      0 16250892 152612 5070124    0    0     0    52 15726 13230 19  4 77  0  0  0
 2  0      0 16239448 152612 5070136    0    0     0     0 14662 4224 18  3 79  0  0  0
 2  0      0 16238536 152612 5070148    0    0     0     0 18094 20430 22  4 74  0  0  0
 1  0      0 16231756 152612 5070168    0    0     0     0 15498 12120 18  4 78  0  0  0
 2  0      0 16237792 152612 5070192    0    0     0     0 15623 13131 19  4 77  0  0  0
procs ----------mémoire---------- -échange- -----io---- -système- ------cpu--------
 r  b   swpd  libre tampon  cache   si   so    bi    bo   in   cs us sy id wa st gu
 2  0      0 16232924 152620 5070200    0    0     0    24 13814 4438 18  3 79  0  0  0
 1  0      0 16229012 152620 5070220    0    0     0    12 17138 17656 22  4 74  0  0  0
 2  0      0 16228244 152620 5070236    0    0     0     0 15674 11770 19  4 78  0  0  0
 2  0      0 16235812 152620 5070260    0    0     0     0 15462 13745 19  4 77  0  0  0
 2  0      0 16235504 152620 5070276    0    0     0     0 14716 4009 18  3 79  0  0  0
 1  0      0 16227404 152628 5070292    0    0     0    24 18234 18254 22  4 73  0  0  0
 1  0      0 16236124 152628 5070312    0    0     0   136 15409 12545 19  4 77  0  0  0
 1  0      0 16245000 152628 5070332    0    0     0     0 15209 13061 18  4 78  0  0  0
 2  0      0 16251708 152628 5070344    0    0     0    96 14800 5455 17  4 79  0  0  0
12  0      0 16261904 152628 5070360    0    0     0   104 16627 14191 21  4 76  0  0  0
 2  0      0 16246208 152636 5070376    0    0     0    56 15705 9239 19  4 77  1  0  0
 2  0      0 16243916 152636 5070396    0    0     0   112 15108 11991 19  4 78  0  0  0
 2  0      0 16259944 152636 5070412    0    0     0   412 16163 13833 19  4 77  0  0  0
 2  0      0 16263224 152636 5070428    0    0     0     0 14486 4174 18  3 79  0  0  0
 1  0      0 16248168 152636 5070440    0    0     0     0 18148 19841 22  4 74  0  0  0
 1  0      0 16241048 152644 5070464    0    0     0    52 15783 12466 19  4 77  0  0  0
 1  0      0 16260372 152644 5070484    0    0     0     0 15908 13525 19  4 78  0  0  0
 2  0      0 16260028 152644 5070492    0    0     0     4 14284 4190 18  4 79  0  0  0
 2  0      0 16266580 152644 5070512    0    0     0     0 18813 19163 23  4 73  0  0  0
 2  0      0 16252696 152644 5070540    0    0     0     0 15674 12762 19  4 78  0  0  0
 4  1      0 16267004 152660 5070572    0    0     0    84 16056 13360 19  4 77  1  0  0
procs ----------mémoire---------- -échange- -----io---- -système- ------cpu--------
 r  b   swpd  libre tampon  cache   si   so    bi    bo   in   cs us sy id wa st gu
 2  0      0 16269084 152680 5070564    0    0     0   124 14262 4301 18  3 77  2  0  0
 2  0      0 16261868 152680 5070588    0    0     0   136 17627 18563 22  4 74  0  0  0
 1  0      0 16241412 152680 5070612    0    0     0     0 15650 12591 18  4 78  0  0  0
 2  0      0 16244820 152680 5070636    0    0     0     0 16007 13747 19  4 77  0  0  0
 1  0      0 16252012 152680 5070644    0    0     0     0 13343 4026 17  3 79  0  0  0
 6  0      0 16253880 152684 5070668    0    0     0    52 16538 16175 21  4 75  0  0  0
 2  0      0 16246436 152684 5070680    0    0     0     0 15202 9306 19  4 77  0  0  0
 1  0      0 16260576 152684 5070316    0    0     0     0 15834 12569 19  4 77  0  0  0
 1  0      0 16281720 152684 5070336    0    0     0     0 15577 13304 19  4 78  0  0  0
 3  0      0 16285756 152684 5070352    0    0     0     0 14148 4156 18  3 79  0  0  0
 2  0      0 16281216 152692 5070368    0    0     0    44 18196 19740 23  4 73  0  0  0
 4  0      0 16266380 152692 5070380    0    0     0     0 15443 12006 18  3 78  0  0  0
 1  0      0 16274340 152692 5070408    0    0     0     0 16410 13768 19  4 77  0  0  0
 2  0      0 16280488 152692 5070424    0    0     0     0 14132 4245 17  3 80  0  0  0
 2  0      0 16284336 152692 5070440    0    0     0     0 18827 21183 22  4 73  0  0  0
 3  0      0 16283484 152708 5070536    0    0     0    92 15741 12555 19  4 76  1  0  0
 1  0      0 16285548 152708 5070556    0    0     0     0 15991 13610 19  4 77  0  0  0
 2  0      0 16286064 152720 5070496    0    0     0   196 14504 4360 18  4 77  2  0  0
 3  0      0 16290492 152720 5070512    0    0     0    96 18321 20166 22  4 74  0  0  0
 2  0      0 16295332 152720 5070532    0    0     0   188 15863 12655 19  4 77  0  0  0
 1  0      0 16279368 152720 5070544    0    0     0     8 15448 13016 19  4 77  0  0  0
procs ----------mémoire---------- -échange- -----io---- -système- ------cpu--------
 r  b   swpd  libre tampon  cache   si   so    bi    bo   in   cs us sy id wa st gu
 1  0      0 16275356 152720 5070572    0    0     0     4 14208 4421 18  3 79  0  0  0
 5  0      0 16280412 152724 5070592    0    0     0   488 17026 14079 21  4 75  0  0  0
 1  0      0 16281024 152724 5070608    0    0     0     0 15848 9371 19  4 77  0  0  0
 1  0      0 16261976 152724 5070624    0    0     0     0 15952 12850 19  4 78  0  0  0
 2  0      0 16277628 152724 5070648    0    0     0     0 15910 13722 19  4 77  0  0  0
 2  0      0 16287332 152724 5070656    0    0     0     0 13301 4044 17  3 80  0  0  0
 1  0      0 16230408 152732 5071072    0    0     0    44 19174 22788 24  5 71  0  0  0
 3  0      0 16221336 152732 5071096    0    0     0     0 15334 12952 19  4 77  0  0  0
 2  0      0 16209324 152732 5071120    0    0     0     0 15898 13553 19  4 78  0  0  0
 2  0      0 16210616 152732 5071136    0    0     0     0 14199 4166 19  4 77  0  0  0
 2  0      0 16226480 152740 5071136    0    0     0   136 18709 21928 23  4 72  2  0  0
 2  0      0 16221816 152740 5071168    0    0     0   136 15605 12734 19  4 78  0  0  0
 3  0      0 16242620 152740 5071184    0    0     0     0 15852 13580 19  4 77  0  0  0
 2  0      0 16236820 152740 5071204    0    0     0     0 14391 4346 18  3 79  0  0  0
 3  0      0 16234660 152740 5071212    0    0     0     0 18418 19516 22  4 74  0  0  0
 1  0      0 16221832 152748 5071236    0    0     0    68 15565 12256 18  3 78  0  0  0
 2  0      0 16239784 152748 5071244    0    0     0     0 16593 13740 19  4 77  0  0  0
 2  0      0 16242676 152748 5071276    0    0     0     0 14308 3991 18  3 79  0  0  0
 3  0      0 16257804 152748 5071288    0    0     0     0 16287 12639 20  3 77  0  0  0
 2  0      0 16240668 152748 5071304    0    0     0     0 16299 11977 20  4 76  0  0  0
 2  0      0 16240876 152756 5071316    0    0     0    24 15723 11928 18  3 78  0  0  0
procs ----------mémoire---------- -échange- -----io---- -système- ------cpu--------
 r  b   swpd  libre tampon  cache   si   so    bi    bo   in   cs us sy id wa st gu
 1  0      0 16247792 152756 5071340    0    0     0     0 15833 13327 18  4 78  0  0  0
 1  0      0 16245888 152756 5071360    0    0     0     0 14325 4284 18  3 79  0  0  0
 4  2      0 16243460 152776 5071292    0    0     0  1552 20717 25183 24  6 58 12  0  0
 2  0      0 16242808 152800 5071328    0    0     0   344 16259 13890 19  4 72  6  0  0
 1  0      0 16243540 152800 5071312    0    0     0     0 15743 13351 19  4 78  0  0  0
 1  0      0 16251904 152800 5071324    0    0     0     0 14798 5135 17  3 79  0  0  0
 2  0      0 16256100 152800 5071340    0    0     0     0 17459 18089 22  4 74  0  0  0
 1  0      0 16237676 152800 5071364    0    0     0     0 15691 12661 18  4 78  0  0  0
 1  0      0 16248156 152808 5071384    0    0     0    56 16406 13605 19  4 77  0  0  0
 1  0      0 16245052 152808 5071404    0    0     0     0 14508 4277 18  3 79  0  0  0
 1  0      0 16247232 152808 5071412    0    0     0     0 18028 18695 22  4 73  0  0  0
 1  0      0 16245932 152808 5071432    0    0     0     0 15576 12352 18  4 78  0  0  0
 3  0      0 16238724 152808 5071440    0    0     0     0 15054 9748 18  4 78  0  0  0
 3  0      0 16254108 152816 5071476    0    0     0    80 14627 7817 18  3 79  0  0  0
 2  0      0 16249356 152816 5071488    0    0     0     0 14066 4054 18  3 79  0  0  0
 1  0      0 16262412 152816 5071500    0    0     0     0 18817 19831 23  4 73  0  0  0
 2  0      0 16260084 152816 5071524    0    0     0     0 15676 12175 19  3 77  0  0  0
 2  0      0 16261144 152816 5071548    0    0     0     0 15709 13624 19  4 77  0  0  0
 1  0      0 16256184 152820 5071560    0    0     0    28 13903 4176 18  3 79  0  0  0
 1  0      0 16261124 152836 5071560    0    0     0   104 18347 18957 22  4 72  2  0  0
 1  0      0 16254864 152844 5071572    0    0     0    56 15847 12426 18  3 78  0  0  0
procs ----------mémoire---------- -échange- -----io---- -système- ------cpu--------
 r  b   swpd  libre tampon  cache   si   so    bi    bo   in   cs us sy id wa st gu
 1  0      0 16262956 152844 5071604    0    0     0     0 15746 13420 19  4 78  0  0  0
 2  0      0 16268072 152844 5071616    0    0     0     0 13596 4087 18  3 79  0  0  0
 2  0      0 16274200 152844 5071624    0    0     0     0 18227 19893 22  4 74  0  0  0
 1  0      0 16267620 152844 5071640    0    0     0     0 15583 12040 19  4 78  0  0  0
 2  0      0 16293332 152852 5071296    0    0     0    28 15868 13293 19  4 78  0  0  0
 2  0      0 16305068 152852 5071304    0    0     0     0 14082 4104 18  3 79  0  0  0
 2  0      0 16290084 152852 5071312    0    0     0     0 18255 19188 22  4 74  0  0  0
 2  0      0 16284616 152852 5071328    0    0     0     0 15726 12769 19  4 77  0  0  0
 2  0      0 16284976 152852 5071356    0    0     0     0 15859 13357 19  4 78  0  0  0
 2  0      0 16291332 152860 5071372    0    0     0    44 14254 4330 18  3 79  0  0  0
 3  0      0 16285568 152860 5071384    0    0     0     0 14091 4100 18  3 79  0  0  0
 3  0      0 16282408 152860 5071400    0    0     0     0 17270 16696 22  4 74  0  0  0
 1  0      0 16280512 152876 5071500    0    0     0   640 15275 12437 19  3 77  1  0  0
 1  0      0 16290372 152876 5071524    0    0     0   112 15677 13246 19  4 77  0  0  0
 1  0      0 16297500 152892 5071468    0    0     0   308 14186 4532 18  3 76  4  0  0
 1  0      0 16287828 152892 5071480    0    0     0     0 18166 19029 22  5 74  0  0  0
 2  0      0 16292788 152892 5071504    0    0     0     0 14989 12414 18  4 78  0  0  0
 2  0      0 16297388 152892 5071528    0    0     0    28 16026 13520 19  4 78  0  0  0
 1  0      0 16295340 152892 5071540    0    0     0     0 14323 4147 18  3 79  0  0  0
 2  0      0 16292728 152900 5071552    0    0     0    68 17873 16948 22  4 74  0  0  0
 2  0      0 16283260 152900 5071576    0    0     0     0 15504 12064 18  4 78  0  0  0
procs ----------mémoire---------- -échange- -----io---- -système- ------cpu--------
 r  b   swpd  libre tampon  cache   si   so    bi    bo   in   cs us sy id wa st gu
 1  0      0 16283160 152900 5071716    0    0     0     0 16081 13939 19  4 78  0  0  0
 1  0      0 16281508 152900 5071728    0    0     0     0 14349 4235 18  3 79  0  0  0
 2  0      0 16288988 152900 5071744    0    0     0   120 17801 19215 22  4 74  0  0  0
 2  0      0 16252296 152908 5072052    0    0     0    24 16219 12988 21  4 75  0  0  0
 2  0      0 16239652 152908 5072180    0    0     0     0 15896 13722 19  4 77  0  0  0
 2  0      0 16238808 152908 5072200    0    0     0     0 13989 4343 18  3 79  0  0  0
 7  0      0 16224312 152908 5072212    0    0     0     0 15204 6984 20  4 76  0  0  0
 1  0      0 16220452 152908 5072232    0    0     0     0 17374 15527 21  4 75  0  0  0
 1  0      0 16214808 152916 5072256    0    0     0    52 15394 11763 19  3 78  0  0  0
 1  0      0 16232496 152924 5072272    0    0     0   100 15926 13683 19  4 76  1  0  0
 2  0      0 16242452 152924 5072296    0    0     0     0 14369 4170 18  3 79  0  0  0
 2  0      0 16254264 152924 5072300    0    0     0     0 18662 19977 22  4 73  0  0  0
 2  0      0 16245736 152924 5072328    0    0     0    12 15440 12301 19  4 77  0  0  0
 1  0      0 16243968 152924 5072364    0    0     0     0 15847 13028 19  4 78  0  0  0
 1  0      0 16255152 152932 5072376    0    0     0    52 14160 3996 18  3 79  0  0  0
 2  0      0 16255356 152932 5072392    0    0     0     0 18290 19673 22  4 74  0  0  0
 1  0      0 16251604 152932 5072412    0    0     0     0 15182 11694 19  4 78  0  0  0
 2  0      0 16260152 152932 5072432    0    0     0     0 15475 13309 19  4 78  0  0  0
 1  0      0 16250024 152932 5072452    0    0     0     0 14195 4068 18  3 79  0  0  0
 2  0      0 16244120 152940 5072468    0    0     0    24 18363 19084 23  4 73  0  0  0
 2  0      0 16242500 152940 5072488    0    0     0     0 15513 12169 18  4 78  0  0  0
procs ----------mémoire---------- -échange- -----io---- -système- ------cpu--------
 r  b   swpd  libre tampon  cache   si   so    bi    bo   in   cs us sy id wa st gu
 3  0      0 16252672 152940 5072508    0    0     0     0 16349 13391 19  4 77  0  0  0
 2  0      0 16257016 152940 5072524    0    0     0   528 14097 4158 18  3 79  0  0  0
 6  0      0 16259704 152940 5072544    0    0     0     0 16675 11919 20  4 76  0  0  0
 4  0      0 16250320 152944 5072556    0    0     0   180 15328 10694 20  4 76  0  0  0
 3  0      0 16242228 152944 5072576    0    0     0   116 15612 12223 19  3 78  0  0  0
 3  0      0 16241180 152944 5072600    0    0     0    20 15822 13303 19  4 77  0  0  0
 2  0      0 16243392 152944 5072608    0    0     0     0 14192 4101 18  3 79  0  0  0
 1  0      0 16241124 152944 5072624    0    0     0     0 18003 18439 22  4 74  0  0  0
 2  0      0 16248268 152948 5072652    0    0     0    64 15514 12025 18  4 77  0  0  0
 2  0      0 16237168 152948 5072676    0    0     0     0 15937 13526 19  4 77  0  0  0
 1  0      0 16237824 152948 5072684    0    0     0     0 14445 4200 18  3 79  0  0  0
 1  1      0 16244520 152968 5072616    0    0     0  1648 20093 22218 24  6 59 11  0  0
 2  0      0 16240456 152972 5072640    0    0     0    68 16125 12968 19  4 74  3  0  0
 1  0      0 16257060 152972 5072668    0    0     0     0 15923 13482 19  4 77  0  0  0
 1  0      0 16264904 152972 5072680    0    0     0     0 14629 4137 18  3 79  0  0  0
 1  0      0 16266532 152972 5072700    0    0     0     0 18406 19650 22  4 74  0  0  0
 1  0      0 16258620 152972 5072712    0    0     0    24 15351 12147 19  4 78  0  0  0
 2  0      0 16279032 152980 5072352    0    0     0    56 15352 13063 19  4 77  0  0  0
 2  0      0 16275948 152980 5072372    0    0     0     0 14288 4135 18  3 79  0  0  0
 6  0      0 16285568 152996 5072380    0    0     0   120 16281 13610 20  4 75  1  0  0
 2  0      0 16282216 152996 5072396    0    0     0     0 15994 10303 19  3 77  0  0  0
procs ----------mémoire---------- -échange- -----io---- -système- ------cpu--------
 r  b   swpd  libre tampon  cache   si   so    bi    bo   in   cs us sy id wa st gu
 2  0      0 16281440 152996 5072412    0    0     0     0 15556 11518 19  3 77  0  0  0
 2  0      0 16286016 152996 5072436    0    0     0     0 15316 13185 18  4 78  0  0  0
 1  0      0 16284584 152996 5072456    0    0     0     0 13736 4083 17  3 80  0  0  0
 1  0      0 16283092 153000 5072472    0    0     0    28 17885 18597 22  4 74  0  0  0
 1  0      0 16273812 153000 5072500    0    0     0     0 15837 13088 19  4 77  0  0  0
 2  0      0 16290272 153000 5072516    0    0     0     0 15224 12933 18  4 78  0  0  0
 3  0      0 16299288 153000 5072540    0    0     0     0 14086 4185 18  3 79  0  0  0
 2  0      0 16290168 153000 5072552    0    0     0     0 17800 19995 22  4 74  0  0  0
 1  0      0 16275756 153008 5072568    0    0     0    28 15127 12106 18  4 78  0  0  0
 2  0      0 16279732 153024 5072664    0    0     0    52 15753 14086 20  4 75  1  0  0
 2  0      0 16289108 153024 5072680    0    0     0     0 13978 4086 18  4 79  0  0  0
 2  0      0 16286456 153036 5072624    0    0     0   196 18534 20020 22  4 72  1  0  0
 2  0      0 16281980 153036 5072636    0    0     0     0 15049 12054 18  4 78  0  0  0
 2  0      0 16317632 153036 5072648    0    0     0     0 15992 13381 20  4 76  0  0  0
 2  0      0 16317752 153036 5072672    0    0     0     0 13994 4013 18  3 79  0  0  0
 2  0      0 16303100 153036 5072680    0    0     0     0 18416 18721 22  4 74  0  0  0
 4  0      0 16315976 153044 5072692    0    0     0    48 14545 5315 18  4 78  0  0  0
 1  0      0 16309204 153044 5072716    0    0     0     0 15483 11333 19  4 77  0  0  0
 1  0      0 16313240 153044 5072744    0    0     0     0 16108 13922 19  4 77  0  0  0
 1  0      0 16301536 153044 5072756    0    0     0     0 14033 4245 18  3 79  0  0  0
 2  0      0 16313644 153044 5072772    0    0     0     0 17750 18445 22  4 74  0  0  0
procs ----------mémoire---------- -échange- -----io---- -système- ------cpu--------
 r  b   swpd  libre tampon  cache   si   so    bi    bo   in   cs us sy id wa st gu
 2  0      0 16264252 153052 5073180    0    0     0   704 15669 12752 20  4 74  1  0  0
 2  0      0 16272272 153052 5073212    0    0     0   116 16016 13997 19  4 77  0  0  0
 3  0      0 16250560 153052 5073228    0    0     0     4 14027 4314 18  3 79  0  0  0
 2  0      0 16252328 153052 5073240    0    0     0     0 18578 18956 24  5 71  0  0  0
 1  0      0 16249552 153052 5073260    0    0     0     0 15845 12325 19  4 78  0  0  0
 2  0      0 16251544 153060 5073280    0    0     0   112 15925 13245 19  3 78  0  0  0
 1  0      0 16252216 153060 5073296    0    0     0   156 14219 4278 18  3 79  0  0  0
 1  0      0 16243664 153060 5073300    0    0     0     0 18564 19747 22  4 73  0  0  0
 1  0      0 16251580 153076 5073308    0    0     0   100 16047 12456 19  4 76  1  0  0
 3  0      0 16252128 153076 5073340    0    0     0     0 15413 13229 18  4 78  0  0  0
 1  0      0 16255680 153076 5073360    0    0     0     0 14263 4310 18  3 79  0  0  0
 2  0      0 16266064 153076 5073368    0    0     0     0 17811 18306 22  4 74  0  0  0
 3  0      0 16255144 153076 5073384    0    0     0     0 15198 8760 18  3 78  0  0  0
 2  0      0 16254532 153080 5073400    0    0     0    28 15006 7384 18  3 79  0  0  0
 2  0      0 16265996 153080 5073432    0    0     0     0 15498 12947 19  3 78  0  0  0
 2  0      0 16266864 153080 5073440    0    0     0     0 14128 4293 18  3 79  0  0  0
 4  0      0 16269852 153080 5073448    0    0     0     0 18250 19230 22  4 74  0  0  0
 1  0      0 16264928 153080 5073472    0    0     0     0 14994 12077 18  4 78  0  0  0
 2  0      0 16274468 153088 5073488    0    0     0    24 15823 13101 19  4 77  0  0  0
 2  0      0 16275932 153088 5073500    0    0     0     0 14459 3986 17  3 79  0  0  0
 2  0      0 16272052 153088 5073516    0    0     0     0 18535 19668 22  5 74  0  0  0
procs ----------mémoire---------- -échange- -----io---- -système- ------cpu--------
 r  b   swpd  libre tampon  cache   si   so    bi    bo   in   cs us sy id wa st gu
 1  0      0 16269016 153088 5073540    0    0     0     0 14931 11306 19  4 78  0  0  0
 2  0      0 16269768 153088 5073560    0    0     0     0 15769 13362 18  4 77  0  0  0
 2  1      0 16273900 153096 5073516    0    0     0    96 15091 6588 18  4 77  1  0  0
 1  0      0 16268116 153132 5073512    0    0     0  1736 19642 21559 24  5 62  9  0  0
 1  0      0 16271520 153132 5073552    0    0     0     0 15231 12359 18  3 78  0  0  0
 1  0      0 16274008 153132 5073572    0    0     0     0 15685 12948 19  3 78  0  0  0
 1  0      0 16275832 153132 5073580    0    0     0     4 14265 4586 18  3 79  0  0  0
 2  0      0 16287704 153132 5073608    0    0     0     0 18496 19547 22  5 73  0  0  0
 1  0      0 16287096 153140 5073620    0    0     0    60 15706 12140 19  3 78  0  0  0
 4  0      0 16276864 153140 5073640    0    0     0     0 14443 5774 18  3 78  0  0  0
 1  0      0 16286620 153152 5073652    0    0     0    88 15371 11294 19  4 76  1  0  0
 1  0      0 16272448 153152 5073660    0    0     0     0 14570 4122 18  3 79  0  0  0
 1  0      0 16276000 153152 5073684    0    0     0     0 17919 18133 22  4 74  0  0  0
 1  0      0 16284872 153152 5073700    0    0     0     0 15612 12181 19  4 78  0  0  0
 1  0      0 16299064 153152 5073724    0    0     0     0 15984 13268 19  3 78  0  0  0
 1  0      0 16284156 153152 5073736    0    0     0    24 14031 4109 18  3 79  0  0  0
 1  0      0 16289424 153152 5073752    0    0     0     0 18427 20338 22  4 74  0  0  0
 2  1      0 16292404 153152 5073776    0    0     0     4 15817 11805 19  3 78  0  0  0
 2  0      0 16292728 153156 5073780    0    0     0   140 15778 13002 19  4 77  1  0  0
 2  0      0 16318952 153156 5073424    0    0     0     0 14848 4470 18  3 79  0  0  0
 2  0      0 16329376 153156 5073440    0    0     0     0 18175 19306 22  4 74  0  0  0
procs ----------mémoire---------- -échange- -----io---- -système- ------cpu--------
 r  b   swpd  libre tampon  cache   si   so    bi    bo   in   cs us sy id wa st gu
 3  0      0 16310604 153156 5073460    0    0     0     0 15275 12102 19  4 78  0  0  0
 1  0      0 16320408 153156 5073476    0    0     0     0 16039 13963 19  4 77  0  0  0
 4  0      0 16313920 153164 5073492    0    0     0    44 14152 4072 18  3 79  0  0  0
 1  0      0 16307272 153168 5073512    0    0     0    52 18250 18111 22  4 73  1  0  0
 1  0      0 16304696 153168 5073528    0    0     0     0 15392 11460 19  4 77  0  0  0
 3  0      0 16304176 153180 5073536    0    0     0    68 15874 13105 19  4 76  1  0  0
 1  0      0 16321028 153196 5073636    0    0     0    76 14768 4905 18  4 78  1  0  0
 1  0      0 16322716 153196 5073652    0    0     0     0 14117 4517 18  3 78  0  0  0
 1  0      0 16325840 153208 5073596    0    0     0   196 18608 19560 21  4 73  2  0  0
 2  0      0 16302684 153208 5073616    0    0     0     0 15694 11613 19  4 78  0  0  0
 1  0      0 16310040 153208 5073632    0    0     0     0 15814 13288 18  4 78  0  0  0
 1  0      0 16308112 153208 5073644    0    0     0     0 14078 4000 18  3 79  0  0  0
 2  0      0 16316456 153208 5073660    0    0     0     0 18283 19280 22  4 74  0  0  0
 1  0      0 16323096 153212 5073680    0    0     0   740 15668 11800 18  4 78  0  0  0
 2  0      0 16326812 153212 5073708    0    0     0   100 15608 12888 18  4 78  0  0  0
 1  0      0 16325952 153212 5073588    0    0     0     0 14893 4624 18  3 79  0  0  0
 6 43      0 16331272 153212 5073536    0    0     0   432 19528 22104 24  5 69  2  0  0
 1  0      0 16324016 153248 5073540    0    0     0  1060 16153 13418 19  4 63 14  0  0
 2  0      0 16274600 153248 5073824    0    0     0     0 16244 12910 21  5 75  0  0  0
 1  0      0 16267880 153248 5073968    0    0     0     0 14580 4656 18  3 78  0  0  0
 1  0      0 16264888 153248 5073984    0    0     0     0 17450 16610 22  4 74  0  0  0
procs ----------mémoire---------- -échange- -----io---- -système- ------cpu--------
 r  b   swpd  libre tampon  cache   si   so    bi    bo   in   cs us sy id wa st gu
 3  0      0 16273228 153248 5073992    0    0     0     0 15599 10736 19  3 78  0  0  0
 2  0      0 16273636 153256 5074016    0    0     0    72 14551 5613 19  4 77  0  0  0
 2  0      0 16282764 153256 5074032    0    0     0     0 15658 12942 18  4 78  0  0  0
 2  0      0 16293952 153256 5074052    0    0     0     0 13838 4118 18  3 79  0  0  0
 1  0      0 16296120 153256 5074064    0    0     0     0 17808 18612 22  5 74  0  0  0
 1  0      0 16283720 153256 5074088    0    0     0     0 16029 11345 19  4 78  0  0  0
 1  1      0 16278908 153264 5074108    0    0     0    40 15892 13113 19  4 77  0  0  0
 1  0      0 16286092 153272 5074108    0    0     0    40 14411 4182 18  3 79  1  0  0
 1  0      0 16289692 153272 5074124    0    0     0     0 18124 19143 22  4 74  0  0  0
 2  0      0 16287840 153272 5074152    0    0     0     0 15611 11721 18  4 78  0  0  0
 2  0      0 16308692 153272 5074176    0    0     0     0 16231 13021 19  4 77  0  0  0
 2  0      0 16305628 153272 5074188    0    0     0    92 14305 4126 18  3 79  0  0  0
 1  0      0 16296964 153280 5074204    0    0     0    28 18736 20182 22  4 74  0  0  0
 2  0      0 16300936 153280 5074220    0    0     0     0 15533 11481 19  4 78  0  0  0
 2  0      0 16302668 153280 5074240    0    0     0     0 15440 12860 18  4 78  0  0  0
 2  0      0 16306704 153280 5074252    0    0     0     0 14563 4068 18  3 79  0  0  0
 1  0      0 16285924 153280 5074264    0    0     0     0 18669 18634 22  4 74  0  0  0
 2  0      0 16276684 153288 5074280    0    0     0    24 16150 12487 19  4 77  0  0  0
 5  0      0 16288212 153288 5074296    0    0     0     0 15126 12496 18  4 78  0  0  0
 2  0      0 16300000 153288 5074320    0    0     0     0 14464 4306 18  3 79  0  0  0
 2  0      0 16296916 153288 5074328    0    0     0     0 14209 4188 18  3 79  0  0  0
procs ----------mémoire---------- -échange- -----io---- -système- ------cpu--------
 r  b   swpd  libre tampon  cache   si   so    bi    bo   in   cs us sy id wa st gu
 2  0      0 16280684 153288 5074340    0    0     0     0 18882 20181 22  5 73  0  0  0
 2  0      0 16265100 153292 5074364    0    0     0    24 15740 11817 19  3 78  0  0  0
 1  0      0 16265356 153292 5074388    0    0     0     0 15470 12401 19  4 77  0  0  0
 2  1      0 16273484 153316 5074308    0    0     0  1844 16311 8840 20  5 68  7  0  0
 2  0      0 16276204 153320 5074340    0    0     0    72 18716 18779 22  4 72  2  0  0
 2  0      0 16286020 153320 5074360    0    0     0     0 15653 11653 18  4 78  0  0  0
 2  0      0 16303720 153320 5074376    0    0     0     0 15711 12662 19  4 77  0  0  0
 2  0      0 16309228 153320 5074392    0    0     0     0 13872 4262 18  3 79  0  0  0
 1  0      0 16319096 153320 5074400    0    0     0     0 18422 19683 22  4 74  0  0  0
 1  0      0 16312736 153328 5074428    0    0     0    60 15945 11582 19  4 77  0  0  0
 2  0      0 16325160 153352 5074448    0    0     0   104 15452 13012 18  4 76  2  0  0
 2  0      0 16316792 153352 5074464    0    0     0     0 14115 4333 18  3 79  0  0  0
 1  0      0 16312752 153352 5074476    0    0     0     0 17264 17486 22  4 74  0  0  0
 2  0      0 16301500 153352 5074496    0    0     0     0 15520 11283 19  4 78  0  0  0
 2  0      0 16316072 153352 5074504    0    0     0     0 15524 12508 18  4 78  0  0  0
 1  0      0 16315812 153356 5074516    0    0     0    24 14371 4159 18  3 79  0  0  0
 6  1      0 16326132 153364 5074156    0    0     0    60 17051 13741 20  4 76  0  0  0
 2  0      0 16324972 153372 5074172    0    0     0    64 15395 10075 19  4 77  1  0  0
 1  0      0 16317244 153372 5074188    0    0     0     0 15290 11465 18  4 78  0  0  0
 1  0      0 16329416 153372 5074204    0    0     0     0 16195 13353 19  4 77  0  0  0
 2  0      0 16333648 153372 5074220    0    0     0     0 14093 3964 18  4 79  0  0  0
procs ----------mémoire---------- -échange- -----io---- -système- ------cpu--------
 r  b   swpd  libre tampon  cache   si   so    bi    bo   in   cs us sy id wa st gu
 1  0      0 16323696 153372 5074240    0    0     0     0 17603 17779 22  4 74  0  0  0
 3  1      0 16336332 153408 5074172    0    0     0  1848 17231 11563 20  5 59 15  0  0
 1  0      0 16337312 153416 5074180    0    0     0    72 15473 9593 19  3 76  2  0  0
 1  0      0 16337704 153432 5074280    0    0     0    84 15703 12779 19  4 77  0  0  0
 1  0      0 16345776 153432 5074292    0    0     0     4 13833 4081 18  3 79  0  0  0
 2  0      0 16333376 153448 5074240    0    0     0   200 17991 18935 22  4 72  1  0  0
 1  0      0 16317224 153448 5074264    0    0     0    60 15231 11295 18  4 78  0  0  0
 1  0      0 16331516 153448 5074280    0    0     0     0 15734 12725 19  4 78  0  0  0
 1  0      0 16321564 153456 5074436    0    0     0    80 14483 4938 19  3 77  1  0  0
 1  0      0 16327732 153456 5074448    0    0     0     0 18156 17433 22  4 74  0  0  0
 1  0      0 16334936 153472 5074328    0    0     0   276 16278 11714 19  4 76  2  0  0
 2  0      0 16343952 153472 5074352    0    0     0     0 15706 12689 19  4 77  0  0  0
 2  0      0 16343240 153472 5074496    0    0     0     0 14534 4468 18  3 79  0  0  0
 1  0      0 16341416 153472 5074504    0    0     0     0 18330 18800 22  4 74  0  0  0
 1  0      0 16338276 153472 5074520    0    0     0     0 15444 11070 18  4 78  0  0  0
 2  0      0 16289676 153480 5074800    0    0     0    48 16196 13402 20  5 75  0  0  0
 2  0      0 16285336 153480 5074960    0    0     0     0 14705 4851 18  3 78  0  0  0
 6  1      0 16277596 153480 5074904    0    0     0   124 17781 15807 21  4 73  2  0  0
 3  0      0 16282432 153520 5074872    0    0     0  1908 16404 10478 21  5 64 10  0  0
 1  0      0 16281328 153520 5074892    0    0     0     0 15672 11032 20  4 76  0  0  0
 2  0      0 16278700 153520 5074904    0    0     0     0 15906 12394 18  4 78  0  0  0
procs ----------mémoire---------- -échange- -----io---- -système- ------cpu--------
 r  b   swpd  libre tampon  cache   si   so    bi    bo   in   cs us sy id wa st gu
 2  0      0 16268676 153520 5074928    0    0     0     0 14421 4010 18  3 79  0  0  0
 1  0      0 16282892 153520 5074940    0    0     0     0 17998 18244 22  4 74  0  0  0
 2  0      0 16296996 153528 5074960    0    0     0    56 15460 11251 18  3 78  0  0  0
 1  0      0 16308968 153528 5074980    0    0     0     0 15574 11881 19  4 78  0  0  0
 1  0      0 16323136 153528 5074988    0    0     0     0 14255 4184 17  3 79  0  0  0
 2  1      0 16299464 153528 5075008    0    0     0    16 17591 17472 22  4 74  0  0  0
 1  0      0 16295000 153532 5075012    0    0     0    52 15607 11428 18  4 78  0  0  0
 2  0      0 16290864 153532 5075040    0    0     0     0 15844 12219 19  4 78  0  0  0
 2  0      0 16281252 153532 5075056    0    0     0     0 14250 4234 18  3 79  0  0  0
 1  0      0 16284912 153532 5075064    0    0     0     0 18342 18429 22  4 74  0  0  0
 2  0      0 16294720 153532 5075084    0    0     0     0 16208 11377 19  4 78  0  0  0
 2  1      0 16303348 153540 5075024    0    0     0   100 16807 14677 19  4 76  1  0  0
 3  0      0 16312144 153580 5074976    0    0     0  1604 15440 6819 20  4 65 11  0  0
 1  0      0 16309680 153580 5074988    0    0     0     0 17840 17306 22  4 74  0  0  0
 1  0      0 16311700 153580 5075000    0    0     0     0 15542 12190 19  4 78  0  0  0
 2  0      0 16308268 153580 5075020    0    0     0     0 15305 9261 18  4 78  0  0  0
 2  0      0 16323188 153580 5075040    0    0     0     0 14727 6755 18  4 78  0  0  0
 2  0      0 16319456 153588 5075056    0    0     0    84 14047 4321 17  3 79  0  0  0
 2  0      0 16302096 153588 5075068    0    0     0     0 17599 17566 22  4 74  0  0  0
 2  0      0 16310512 153588 5075088    0    0     0     0 15255 10940 18  4 78  0  0  0
 2  0      0 16305928 153588 5075104    0    0     0     0 15615 11980 18  4 78  0  0  0
procs ----------mémoire---------- -échange- -----io---- -système- ------cpu--------
 r  b   swpd  libre tampon  cache   si   so    bi    bo   in   cs us sy id wa st gu
 2  0      0 16297336 153588 5075116    0    0     0     0 14255 4083 18  3 79  0  0  0
 3  0      0 16293528 153592 5075136    0    0     0    24 18628 17976 22  4 74  0  0  0
 2  0      0 16301900 153592 5075152    0    0     0     0 15433 11065 18  3 78  0  0  0
 2  1      0 16320044 153620 5075108    0    0     0  1500 17619 12883 21  5 64  9  0  0
 2  0      0 16320468 153628 5075132    0    0     0    68 15323 8776 19  3 76  2  0  0
 2  0      0 16325792 153628 5075148    0    0     0     4 14120 4287 18  3 79  0  0  0
 1  0      0 16316240 153628 5075164    0    0     0     0 17332 16287 22  4 74  0  0  0
 1  0      0 16325352 153648 5075184    0    0     0   140 15171 10907 18  4 77  1  0  0
 2  0      0 16338448 153648 5075204    0    0     0     0 15917 11784 19  4 78  0  0  0
 2  0      0 16346216 153648 5075212    0    0     0     0 14391 4127 17  3 79  0  0  0
 1  0      0 16331740 153648 5075232    0    0     0     0 17710 17946 22  4 75  0  0  0
 1  0      0 16332104 153648 5075248    0    0     0     0 14952 10735 19  4 78  0  0  0
 2  1      0 16333912 153656 5075272    0    0     0    44 15995 13580 18  4 77  0  0  0
 1  0      0 16354024 153684 5075184    0    0     0  1540 15614 7143 20  5 65 10  0  0
 1  0      0 16338208 153684 5075216    0    0     0     0 17960 17995 22  4 74  0  0  0
 1  1      0 16335588 153692 5075232    0    0     0    92 15507 10690 18  3 78  1  0  0
 2  0      0 16344920 153692 5075248    0    0     0     0 15526 12249 18  4 78  0  0  0
 2  0      0 16342612 153692 5075264    0    0     0     0 14104 4184 18  3 79  0  0  0
 2  0      0 16347436 153692 5074892    0    0     0     0 17867 18017 22  4 74  0  0  0
 2  0      0 16359216 153692 5074908    0    0     0     0 15333 10732 18  4 78  0  0  0
 3  1      0 16364448 153700 5074912    0    0     0    44 14423 7357 18  3 79  0  0  0
procs ----------mémoire---------- -échange- -----io---- -système- ------cpu--------
 r  b   swpd  libre tampon  cache   si   so    bi    bo   in   cs us sy id wa st gu
 2  1      0 16380216 153716 5075020    0    0     0    76 15419 10227 18  4 77  1  0  0
 1  2      0 16378924 153736 5074944    0    0     0  1644 16058 7044 20  5 64 11  0  0
 1  0      0 16362284 153744 5074888    0    0     0   152 18023 17525 22  4 72  2  0  0
 2  0      0 16369732 153744 5074904    0    0     0     0 14903 10330 18  4 79  0  0  0
 1  0      0 16376724 153744 5074920    0    0     0     0 15787 11461 19  3 78  0  0  0
 1  0      0 16390872 153744 5074936    0    0     0     0 13936 4031 18  3 79  0  0  0
 2  0      0 16378356 153744 5074944    0    0     0    64 16847 15318 21  4 75  0  0  0
 1  0      0 16376928 153748 5074964    0    0     0    48 15256 10348 18  4 78  0  0  0
 1  1      0 16382108 153748 5074896    0    0     0    96 16214 13749 19  4 75  2  0  0
 3  0      0 16396644 153784 5075100    0    0     0  1364 15753 7130 19  5 64 12  0  0
 2  0      0 16385880 153784 5074860    0    0     0     0 17991 16818 22  4 74  0  0  0
 2  0      0 16377224 153784 5074876    0    0     0     0 15092 10336 18  3 79  0  0  0
 2  0      0 16336612 153784 5075284    0    0     0     0 15599 12077 20  4 76  0  0  0
 2  0      0 16330724 153784 5075296    0    0     0     0 14211 4493 18  3 79  0  0  0
 3  0      0 16307484 153788 5075316    0    0     0    68 17140 15239 21  4 75  0  0  0
 1  1      0 16307852 153800 5075212    0    0     0  1332 16866 12286 20  5 69  5  0  0
 4  0      0 16309120 153828 5075216    0    0     0   344 15197 8020 18  4 71  7  0  0
 1  0      0 16317172 153828 5075236    0    0     0     0 15722 11300 21  4 75  0  0  0
 1  0      0 16319408 153828 5075252    0    0     0     0 14471 4297 18  3 79  0  0  0
 1  0      0 16337476 153828 5075268    0    0     0     0 17598 15895 21  4 75  0  0  0
 1  0      0 16345416 153828 5075284    0    0     0     0 15134 10478 19  3 78  0  0  0
procs ----------mémoire---------- -échange- -----io---- -système- ------cpu--------
 r  b   swpd  libre tampon  cache   si   so    bi    bo   in   cs us sy id wa st gu
 2  1      0 16350808 153848 5075192    0    0     0  1216 17274 13853 21  5 68  7  0  0
 2  0      0 16378492 153864 5075220    0    0     0   268 14697 6394 18  3 75  3  0  0
 2  0      0 16374040 153864 5075236    0    0     0     4 14159 4299 18  3 79  0  0  0
 2  0      0 16370168 153864 5075244    0    0     0     0 17472 16800 21  4 75  0  0  0
 2  0      0 16372592 153868 5075252    0    0     0    88 14866 9991 18  3 77  1  0  0
 3  1      0 16384360 153868 5075208    0    0     0   640 17260 15125 21  5 70  4  0  0
 1  0      0 16378760 153900 5075144    0    0     0   860 14651 5445 18  3 70  8  0  0
 2  0      0 16362192 153900 5075172    0    0     0     0 17767 17061 22  4 74  0  0  0
 2  0      0 16370436 153904 5075192    0    0     0    64 15381 10065 18  4 78  0  0  0
 1  0      0 16372716 153904 5075212    0    0     0     0 15584 10889 18  3 78  0  0  0
 3  0      0 16375824 153904 5075224    0    0     0     0 14126 4001 18  3 79  0  0  0
 1  2      0 16368100 153928 5074992    0    0     0  1336 20538 21620 24  6 62  8  0  0
 3  0      0 16357092 153948 5075024    0    0     0   140 15181 10341 19  4 75  3  0  0
 1  0      0 16380808 153948 5075044    0    0     0     4 15498 11236 18  4 78  0  0  0
 1  0      0 16384104 153948 5075052    0    0     0     0 14345 4077 18  3 79  0  0  0
 1  0      0 16376072 153948 5075072    0    0     0     0 17006 14117 21  4 75  0  0  0
 1  1      0 16382448 153976 5074988    0    0     0  1372 16537 10313 20  5 64 11  0  0
 1  0      0 16381028 153976 5075004    0    0     0    64 14785 8523 18  3 76  2  0  0
 1  0      0 16368488 153976 5075028    0    0     0     0 15444 10319 18  4 78  0  0  0
 1  0      0 16376268 153976 5075040    0    0     0     0 14040 4021 18  3 79  0  0  0
 2  1      0 16376160 153976 5074964    0    0     0    48 17956 17169 21  4 74  1  0  0
procs ----------mémoire---------- -échange- -----io---- -système- ------cpu--------
 r  b   swpd  libre tampon  cache   si   so    bi    bo   in   cs us sy id wa st gu
 2  0      0 16399272 154004 5074908    0    0     0  1404 17039 12451 21  5 65 10  0  0
 2  0      0 16399828 154004 5074924    0    0     0     0 15505 10641 19  4 78  0  0  0
 1  1      0 16397392 154004 5074936    0    0     0     4 14220 4312 18  3 79  0  0  0
 8  1      0 16399032 154004 5074864    0    0     0    68 16362 12063 20  4 74  1  0  0
 1  0      0 16396096 154040 5074800    0    0     0  1304 17104 10633 21  5 66  9  0  0
 1  0      0 16414704 154056 5074812    0    0     0   120 15185 9458 19  3 76  2  0  0
 1  0      0 16420736 154056 5074832    0    0     0     4 15422 10426 18  4 78  1  0  0
 2  1      0 16427028 154056 5074772    0    0     0   124 15404 7287 19  4 75  3  0  0
 2  0      0 16422740 154096 5074704    0    0     0  1284 17592 15726 22  5 65  9  0  0
 2  0      0 16424104 154104 5074780    0    0     0    84 15186 9647 18  4 77  1  0  0
 1  0      0 16424724 154104 5074816    0    0     0     4 15434 9746 19  3 78  0  0  0
 1  2      0 16423084 154116 5074752    0    0     0  1196 16314 8058 20  4 66 10  0  0
 3  0      0 16423116 154144 5074692    0    0     0   404 17479 15362 21  4 67  8  0  0
 1  0      0 16442500 154144 5074704    0    0     0     4 15433 9802 18  4 78  0  0  0
 3  0      0 16452216 154144 5074724    0    0     0    80 15170 10238 18  4 77  1  0  0
 5  0      0 16455416 154164 5074564    0    0     0  1412 16154 7682 20  4 66 10  0  0
 2  0      0 16437380 154164 5074588    0    0     0     0 17083 14178 20  4 76  0  0  0
 2  0      0 16436988 154164 5074608    0    0     0     4 14910 8706 18  4 78  0  0  0
 2  2      0 16436960 154176 5074608    0    0     0  1300 16452 12004 20  5 65 10  0  0
 3  0      0 16446920 154204 5074628    0    0     0   280 15142 6197 18  4 71  8  0  0
 2  0      0 16475624 154212 5074180    0    0     0   144 14691 4533 18  3 78  1  0  0
procs ----------mémoire---------- -échange- -----io---- -système- ------cpu--------
 r  b   swpd  libre tampon  cache   si   so    bi    bo   in   cs us sy id wa st gu
 1  1      0 16487160 154216 5074108    0    0     0  1092 17796 16984 22  5 67  6  0  0
 3  0      0 16482364 154240 5074092    0    0     0   328 15420 9550 18  4 72  6  0  0
 4  1      0 16492104 154240 5074112    0    0     0    20 15645 10619 19  4 78  0  0  0
 2  1      0 16499920 154268 5073996    0    0     0  1268 16140 7369 20  4 65 11  0  0
 1  0      0 16503268 154272 5074000    0    0     0    60 16227 13521 20  4 75  1  0  0
 1  1      0 16491584 154272 5073868    0    0     0    68 15427 9536 18  4 76  2  0  0
 1  0      0 16491924 154312 5073808    0    0     0  1320 16173 8012 20  4 66 10  0  0
 2  0      0 16520412 154316 5073900    0    0     0    80 15101 9386 19  4 77  1  0  0
 2  2      0 16520772 154328 5073704    0    0     0  1228 15988 8156 19  5 66 10  0  0
 4  0      0 16456916 154360 5074024    0    0     0   440 17233 14178 22  5 67  7  0  0
 4  1      0 16453060 154372 5073928    0    0     0  1060 16540 10532 20  4 70  5  0  0
 2  0      0 16460720 154396 5073948    0    0     0   320 14946 7147 18  4 72  7  0  0
 2  1      0 16468296 154408 5073824    0    0     0  1012 15894 7908 20  4 70  6  0  0
 2  0      0 16486972 154436 5073836    0    0     0   288 15470 9511 18  4 73  5  0  0
 2  1      0 16482448 154440 5073696    0    0     0  1036 16269 8184 20  4 70  6  0  0
 2  0      0 16471552 154468 5073696    0    0     0   304 16822 13523 21  5 69  4  0  0
 1  0      0 16479288 154484 5073480    0    0     0   960 16057 8475 20  4 64 12  0  0
 1  1      0 16500008 154500 5073392    0    0     0   416 16139 10680 18  4 72  5  0  0
 1  0      0 16515060 154540 5073320    0    0     0  1188 16363 10013 20  4 68  8  0  0
 2  1      0 16507156 154552 5073192    0    0     0   996 15784 7990 19  5 70  7  0  0
 3  1      0 16526280 154580 5073068    0    0     0   440 17931 14701 20  4 69  6  0  0
procs ----------mémoire---------- -échange- -----io---- -système- ------cpu--------
 r  b   swpd  libre tampon  cache   si   so    bi    bo   in   cs us sy id wa st gu
 4  0      0 16515000 154620 5073068    0    0     0  1180 15392 8765 19  4 60 17  0  0
 2  1      0 16515296 154644 5072896    0    0     0  1200 16229 9648 20  5 65 11  0  0
 2  1      0 16541120 154692 5072696    0    0     0  1316 16695 10262 20  4 62 14  0  0
 3  3      0 16549496 154732 5072540    0    0     0  1328 17113 10780 19  5 63 13  0  0
 1  2      0 16550424 154752 5072268    0    0     0  1180 17308 13638 21  5 55 19  0  0
 2  5      0 16545968 154792 5072044    0    0     0  1424 16193 10610 19  4 57 20  0  0
 1  3      0 16566308 154812 5071656    0    0     0  1288 17230 11502 20  5 54 20  0  0
 4  3      0 16574572 154844 5071324    0    0     0   836 16860 11732 20  5 47 28  0  0
 2  3      0 16603440 154868 5070900    0    0     0  1092 17556 12308 20  4 41 35  0  0
 0  4      0 16621024 154892 5070236    0    0     0  1360 14837 12732  9  5 46 39  0  0
 0  3      0 16642972 154928 5070216    0    0     0  1248 9993 5981  4  3 66 26  0  0
 0  3      0 16655628 154952 5070104    0    0     0   748 11396 6987  5  4 61 30  0  0
 0  2      0 16656192 154996 5070040    0    0     0  1064 10374 5307  4  4 63 29  0  0
 4  5      0 16666564 155012 5069800    0    0     0  1208 13307 10310 12  7 64 18  0  0
 0  4      0 16669112 155032 5069636    0    0     0   856 8853 4064  5  4 51 39  0  0
11  1      0 16671620 155100 5069516    0    0     0  1088 8455 4455  3  2 55 40  0  0
 2  0      0 16646240 155124 5071532    0    0     0   192 24975 24254  9  9 79  3  0  0
 0  1      0 16660716 155168 5073484    0    0     0  1056 11854 8576  4  3 84 10  0  0
 0  1      0 16656344 155216 5073368    0    0     0   940 14070 9935  6  4 80 10  0  0
 0  1      0 16672320 155252 5073292    0    0     0   936 12188 7340  5  3 82 10  0  0
 1  0      0 16674096 155300 5073196    0    0     0   912 11454 7191  4  4 83 10  0  0
procs ----------mémoire---------- -échange- -----io---- -système- ------cpu--------
 r  b   swpd  libre tampon  cache   si   so    bi    bo   in   cs us sy id wa st gu
 1  0      0 16676028 155336 5073132    0    0     0   900 12165 9395  4  4 82 10  0  0
 1  1      0 16666888 155384 5073056    0    0     0   924 11281 7417  3  3 84 10  0  0
 0  1      0 16666888 155416 5072968    0    0     0   916 10429 6741  3  3 84 10  0  0
 0  1      0 16677284 155484 5072888    0    0     0   980 11613 8639  3  4 81 12  0  0
 1  2      0 16693828 155520 5072828    0    0     0  1076 10358 6361  2  2 83 13  0  0
 1  1      0 16695376 155568 5072652    0    0     0   972 11260 7128  3  3 83 10  0  0
 0  1      0 16694264 155600 5072492    0    0     0   928 11950 9323  4  4 82 10  0  0
 0  1      0 16706364 155648 5072312    0    0     0   932 11074 7518  3  2 84 10  0  0
 0  1      0 16710012 155700 5072172    0    0     0   916 10961 7118  4  3 84 10  0  0
 0  1      0 16719268 155740 5071980    0    0     0   940 11505 8975  3  3 84 10  0  0
 0  1      0 16730400 155784 5071836    0    0     0   940 11909 8337  4  4 82 10  0  0
 0  1      0 16725084 155836 5071580    0    0     0   920 11564 6991  3  3 84 10  0  0
 0  1      0 16724044 155892 5071384    0    0     0   928 12117 9213  4  4 83 10  0  0
 0  2      0 16716464 155924 5073068    0    0     0  1504 12114 8075  7  6 76 11  0  0
