--- 2026-06-03_18:17:51 ---
NAME         CPU %     MEM USAGE / LIMIT     MEM %
cliente100   0.00%     2.855MiB / 23.32GiB   0.01%
cliente99    0.00%     2.848MiB / 23.32GiB   0.01%
cliente98    0.00%     2.84MiB / 23.32GiB    0.01%
cliente97    0.00%     2.844MiB / 23.32GiB   0.01%
cliente96    0.00%     2.848MiB / 23.32GiB   0.01%
cliente95    0.00%     2.852MiB / 23.32GiB   0.01%
cliente94    0.00%     2.836MiB / 23.32GiB   0.01%
cliente93    0.00%     2.852MiB / 23.32GiB   0.01%
cliente92    0.00%     2.855MiB / 23.32GiB   0.01%
cliente91    0.00%     2.852MiB / 23.32GiB   0.01%
cliente90    0.00%     2.844MiB / 23.32GiB   0.01%
cliente89    0.00%     2.848MiB / 23.32GiB   0.01%
cliente88    0.00%     2.848MiB / 23.32GiB   0.01%
cliente87    0.00%     2.852MiB / 23.32GiB   0.01%
cliente86    0.00%     2.852MiB / 23.32GiB   0.01%
cliente85    0.00%     2.844MiB / 23.32GiB   0.01%
cliente84    0.00%     2.844MiB / 23.32GiB   0.01%
cliente83    0.00%     2.852MiB / 23.32GiB   0.01%
cliente82    0.00%     2.852MiB / 23.32GiB   0.01%
cliente81    0.00%     2.852MiB / 23.32GiB   0.01%
cliente80    0.00%     2.844MiB / 23.32GiB   0.01%
cliente79    0.00%     2.84MiB / 23.32GiB    0.01%
cliente78    0.00%     2.844MiB / 23.32GiB   0.01%
cliente77    0.00%     2.855MiB / 23.32GiB   0.01%
cliente76    0.00%     2.84MiB / 23.32GiB    0.01%
cliente75    0.00%     2.848MiB / 23.32GiB   0.01%
cliente74    0.00%     2.852MiB / 23.32GiB   0.01%
cliente73    0.00%     2.84MiB / 23.32GiB    0.01%
cliente72    0.00%     2.848MiB / 23.32GiB   0.01%
cliente71    0.00%     2.848MiB / 23.32GiB   0.01%
cliente70    0.00%     2.848MiB / 23.32GiB   0.01%
cliente69    0.00%     2.844MiB / 23.32GiB   0.01%
cliente68    0.00%     2.852MiB / 23.32GiB   0.01%
cliente67    0.00%     2.855MiB / 23.32GiB   0.01%
cliente66    0.00%     2.844MiB / 23.32GiB   0.01%
cliente65    0.00%     2.863MiB / 23.32GiB   0.01%
cliente64    0.00%     2.855MiB / 23.32GiB   0.01%
cliente63    0.00%     2.844MiB / 23.32GiB   0.01%
cliente62    0.00%     2.844MiB / 23.32GiB   0.01%
cliente61    0.00%     2.938MiB / 23.32GiB   0.01%
cliente60    0.00%     2.832MiB / 23.32GiB   0.01%
cliente59    0.00%     2.855MiB / 23.32GiB   0.01%
cliente58    0.00%     2.844MiB / 23.32GiB   0.01%
cliente57    0.00%     2.848MiB / 23.32GiB   0.01%
cliente56    0.00%     2.855MiB / 23.32GiB   0.01%
cliente55    0.00%     2.848MiB / 23.32GiB   0.01%
cliente54    0.00%     2.84MiB / 23.32GiB    0.01%
cliente53    0.00%     2.844MiB / 23.32GiB   0.01%
cliente52    0.00%     2.852MiB / 23.32GiB   0.01%
cliente51    0.00%     2.852MiB / 23.32GiB   0.01%
cliente50    0.00%     2.844MiB / 23.32GiB   0.01%
cliente49    0.00%     2.852MiB / 23.32GiB   0.01%
cliente48    0.00%     2.852MiB / 23.32GiB   0.01%
cliente47    0.00%     2.848MiB / 23.32GiB   0.01%
cliente46    0.00%     2.844MiB / 23.32GiB   0.01%
cliente45    0.00%     2.84MiB / 23.32GiB    0.01%
cliente44    0.00%     2.844MiB / 23.32GiB   0.01%
cliente43    0.00%     2.848MiB / 23.32GiB   0.01%
cliente42    0.00%     2.844MiB / 23.32GiB   0.01%
cliente41    0.00%     2.848MiB / 23.32GiB   0.01%
cliente40    0.00%     2.848MiB / 23.32GiB   0.01%
cliente39    0.00%     2.848MiB / 23.32GiB   0.01%
cliente38    0.00%     2.84MiB / 23.32GiB    0.01%
cliente37    0.00%     2.848MiB / 23.32GiB   0.01%
cliente36    0.00%     2.844MiB / 23.32GiB   0.01%
cliente35    0.00%     2.855MiB / 23.32GiB   0.01%
cliente34    0.00%     2.844MiB / 23.32GiB   0.01%
cliente33    0.00%     2.844MiB / 23.32GiB   0.01%
cliente32    0.00%     2.852MiB / 23.32GiB   0.01%
cliente31    0.00%     2.844MiB / 23.32GiB   0.01%
cliente30    0.00%     2.844MiB / 23.32GiB   0.01%
cliente29    0.00%     2.852MiB / 23.32GiB   0.01%
cliente28    0.00%     2.852MiB / 23.32GiB   0.01%
cliente27    0.00%     2.84MiB / 23.32GiB    0.01%
cliente26    0.00%     2.84MiB / 23.32GiB    0.01%
cliente25    0.00%     2.844MiB / 23.32GiB   0.01%
cliente24    0.00%     2.836MiB / 23.32GiB   0.01%
cliente23    0.00%     2.844MiB / 23.32GiB   0.01%
cliente22    0.00%     2.84MiB / 23.32GiB    0.01%
cliente21    0.00%     2.844MiB / 23.32GiB   0.01%
cliente20    0.00%     2.84MiB / 23.32GiB    0.01%
cliente19    0.00%     2.848MiB / 23.32GiB   0.01%
cliente18    0.00%     2.848MiB / 23.32GiB   0.01%
cliente17    0.00%     2.852MiB / 23.32GiB   0.01%
cliente16    0.00%     2.844MiB / 23.32GiB   0.01%
cliente15    0.00%     2.852MiB / 23.32GiB   0.01%
cliente14    0.00%     2.844MiB / 23.32GiB   0.01%
cliente13    0.00%     2.848MiB / 23.32GiB   0.01%
cliente12    0.00%     2.852MiB / 23.32GiB   0.01%
cliente11    0.00%     2.848MiB / 23.32GiB   0.01%
--- 2026-06-03_18:17:55 ---
NAME         CPU %     MEM USAGE / LIMIT     MEM %
cliente100   0.00%     2.855MiB / 23.32GiB   0.01%
cliente99    0.00%     2.848MiB / 23.32GiB   0.01%
cliente98    0.00%     2.84MiB / 23.32GiB    0.01%
cliente97    0.00%     2.844MiB / 23.32GiB   0.01%
cliente96    0.00%     2.848MiB / 23.32GiB   0.01%
cliente94    0.00%     2.836MiB / 23.32GiB   0.01%
cliente93    0.00%     2.852MiB / 23.32GiB   0.01%
cliente92    0.00%     2.855MiB / 23.32GiB   0.01%
cliente91    0.00%     2.852MiB / 23.32GiB   0.01%
cliente90    0.00%     2.844MiB / 23.32GiB   0.01%
cliente89    0.00%     2.848MiB / 23.32GiB   0.01%
cliente88    0.00%     2.848MiB / 23.32GiB   0.01%
cliente87    0.00%     2.852MiB / 23.32GiB   0.01%
cliente86    0.00%     2.852MiB / 23.32GiB   0.01%
cliente85    0.00%     2.844MiB / 23.32GiB   0.01%
cliente84    0.00%     2.844MiB / 23.32GiB   0.01%
cliente83    0.00%     2.852MiB / 23.32GiB   0.01%
cliente82    0.00%     2.852MiB / 23.32GiB   0.01%
cliente81    0.00%     2.852MiB / 23.32GiB   0.01%
cliente80    0.00%     2.844MiB / 23.32GiB   0.01%
cliente79    0.00%     2.84MiB / 23.32GiB    0.01%
cliente78    0.00%     2.844MiB / 23.32GiB   0.01%
cliente77    0.00%     2.855MiB / 23.32GiB   0.01%
cliente76    0.00%     2.84MiB / 23.32GiB    0.01%
cliente75    0.00%     2.848MiB / 23.32GiB   0.01%
cliente74    0.00%     2.852MiB / 23.32GiB   0.01%
cliente73    0.00%     2.84MiB / 23.32GiB    0.01%
cliente72    0.00%     2.848MiB / 23.32GiB   0.01%
cliente71    0.00%     2.848MiB / 23.32GiB   0.01%
cliente70    0.00%     2.848MiB / 23.32GiB   0.01%
cliente69    0.00%     2.844MiB / 23.32GiB   0.01%
cliente68    0.00%     2.852MiB / 23.32GiB   0.01%
cliente67    0.00%     2.855MiB / 23.32GiB   0.01%
cliente66    0.00%     2.844MiB / 23.32GiB   0.01%
cliente65    0.00%     2.863MiB / 23.32GiB   0.01%
cliente64    0.00%     2.855MiB / 23.32GiB   0.01%
cliente63    0.00%     2.844MiB / 23.32GiB   0.01%
cliente62    0.00%     2.844MiB / 23.32GiB   0.01%
cliente61    0.00%     2.938MiB / 23.32GiB   0.01%
cliente60    0.00%     2.832MiB / 23.32GiB   0.01%
cliente59    0.00%     2.855MiB / 23.32GiB   0.01%
cliente58    0.00%     2.844MiB / 23.32GiB   0.01%
cliente57    0.00%     2.848MiB / 23.32GiB   0.01%
cliente56    0.00%     2.855MiB / 23.32GiB   0.01%
cliente55    0.00%     2.848MiB / 23.32GiB   0.01%
cliente54    0.00%     2.84MiB / 23.32GiB    0.01%
cliente53    0.00%     2.844MiB / 23.32GiB   0.01%
cliente52    0.00%     2.852MiB / 23.32GiB   0.01%
cliente51    0.00%     2.852MiB / 23.32GiB   0.01%
cliente50    0.00%     2.844MiB / 23.32GiB   0.01%
cliente49    0.00%     2.852MiB / 23.32GiB   0.01%
cliente48    0.00%     2.852MiB / 23.32GiB   0.01%
cliente47    0.00%     2.848MiB / 23.32GiB   0.01%
cliente46    0.00%     2.844MiB / 23.32GiB   0.01%
cliente45    0.00%     2.84MiB / 23.32GiB    0.01%
cliente44    0.00%     2.844MiB / 23.32GiB   0.01%
cliente43    0.00%     2.848MiB / 23.32GiB   0.01%
cliente42    0.00%     2.844MiB / 23.32GiB   0.01%
cliente41    0.00%     2.848MiB / 23.32GiB   0.01%
cliente40    0.00%     2.848MiB / 23.32GiB   0.01%
cliente39    0.00%     2.848MiB / 23.32GiB   0.01%
cliente38    0.00%     2.84MiB / 23.32GiB    0.01%
cliente37    0.00%     2.848MiB / 23.32GiB   0.01%
cliente36    0.00%     2.844MiB / 23.32GiB   0.01%
cliente35    0.00%     2.855MiB / 23.32GiB   0.01%
cliente34    0.00%     2.844MiB / 23.32GiB   0.01%
cliente33    0.00%     2.844MiB / 23.32GiB   0.01%
cliente32    0.00%     2.852MiB / 23.32GiB   0.01%
cliente31    0.00%     2.844MiB / 23.32GiB   0.01%
cliente30    0.00%     2.844MiB / 23.32GiB   0.01%
cliente29    0.00%     2.852MiB / 23.32GiB   0.01%
cliente28    0.00%     2.852MiB / 23.32GiB   0.01%
cliente27    0.00%     2.84MiB / 23.32GiB    0.01%
cliente26    0.00%     2.84MiB / 23.32GiB    0.01%
cliente25    0.00%     2.844MiB / 23.32GiB   0.01%
cliente24    0.00%     2.836MiB / 23.32GiB   0.01%
cliente23    0.00%     2.844MiB / 23.32GiB   0.01%
cliente22    0.00%     2.84MiB / 23.32GiB    0.01%
cliente21    0.00%     2.844MiB / 23.32GiB   0.01%
cliente20    0.00%     2.84MiB / 23.32GiB    0.01%
cliente19    0.00%     2.848MiB / 23.32GiB   0.01%
cliente18    0.00%     2.848MiB / 23.32GiB   0.01%
cliente17    0.00%     2.852MiB / 23.32GiB   0.01%
cliente16    0.00%     2.844MiB / 23.32GiB   0.01%
cliente15    0.00%     2.852MiB / 23.32GiB   0.01%
cliente14    0.00%     2.844MiB / 23.32GiB   0.01%
cliente13    0.00%     2.848MiB / 23.32GiB   0.01%
cliente12    0.00%     2.852MiB / 23.32GiB   0.01%
cliente11    0.00%     2.848MiB / 23.32GiB   0.01%
servidor     100.45%   30.06MiB / 23.32GiB   0.13%
--- 2026-06-03_18:18:02 ---
NAME         CPU %     MEM USAGE / LIMIT     MEM %
servidor     100.34%   30.01MiB / 23.32GiB   0.13%
cliente100   0.00%     2.855MiB / 23.32GiB   0.01%
cliente99    0.00%     2.848MiB / 23.32GiB   0.01%
cliente98    0.00%     2.84MiB / 23.32GiB    0.01%
cliente97    0.00%     2.844MiB / 23.32GiB   0.01%
cliente96    0.00%     2.848MiB / 23.32GiB   0.01%
cliente94    0.00%     2.836MiB / 23.32GiB   0.01%
cliente93    0.00%     2.852MiB / 23.32GiB   0.01%
cliente92    0.00%     2.855MiB / 23.32GiB   0.01%
cliente91    0.00%     2.852MiB / 23.32GiB   0.01%
cliente90    0.00%     2.844MiB / 23.32GiB   0.01%
cliente89    0.00%     2.848MiB / 23.32GiB   0.01%
cliente88    0.00%     2.848MiB / 23.32GiB   0.01%
cliente87    0.00%     2.852MiB / 23.32GiB   0.01%
cliente86    0.00%     2.852MiB / 23.32GiB   0.01%
cliente85    0.00%     2.844MiB / 23.32GiB   0.01%
cliente84    0.00%     2.844MiB / 23.32GiB   0.01%
cliente83    0.00%     2.852MiB / 23.32GiB   0.01%
cliente82    0.00%     2.852MiB / 23.32GiB   0.01%
cliente81    0.00%     2.852MiB / 23.32GiB   0.01%
cliente80    0.00%     2.844MiB / 23.32GiB   0.01%
cliente79    0.00%     2.84MiB / 23.32GiB    0.01%
cliente78    0.00%     2.844MiB / 23.32GiB   0.01%
cliente77    0.00%     2.855MiB / 23.32GiB   0.01%
cliente76    0.00%     2.84MiB / 23.32GiB    0.01%
cliente75    0.00%     2.848MiB / 23.32GiB   0.01%
cliente74    0.00%     2.852MiB / 23.32GiB   0.01%
cliente73    0.00%     2.84MiB / 23.32GiB    0.01%
cliente72    0.00%     2.848MiB / 23.32GiB   0.01%
cliente71    0.00%     2.848MiB / 23.32GiB   0.01%
cliente70    0.00%     2.848MiB / 23.32GiB   0.01%
cliente69    0.00%     2.844MiB / 23.32GiB   0.01%
cliente68    0.00%     2.852MiB / 23.32GiB   0.01%
cliente67    0.00%     2.855MiB / 23.32GiB   0.01%
cliente66    0.00%     2.844MiB / 23.32GiB   0.01%
cliente65    0.00%     2.863MiB / 23.32GiB   0.01%
cliente64    0.00%     2.855MiB / 23.32GiB   0.01%
cliente63    0.00%     2.844MiB / 23.32GiB   0.01%
cliente62    0.00%     2.844MiB / 23.32GiB   0.01%
cliente61    0.00%     2.938MiB / 23.32GiB   0.01%
cliente60    0.00%     2.832MiB / 23.32GiB   0.01%
cliente59    0.00%     2.855MiB / 23.32GiB   0.01%
cliente58    0.00%     2.844MiB / 23.32GiB   0.01%
cliente57    0.00%     2.848MiB / 23.32GiB   0.01%
cliente56    0.00%     2.855MiB / 23.32GiB   0.01%
cliente55    0.00%     2.848MiB / 23.32GiB   0.01%
cliente54    0.00%     2.84MiB / 23.32GiB    0.01%
cliente53    0.00%     2.844MiB / 23.32GiB   0.01%
cliente52    0.00%     2.852MiB / 23.32GiB   0.01%
cliente51    0.00%     2.852MiB / 23.32GiB   0.01%
cliente50    0.00%     2.844MiB / 23.32GiB   0.01%
cliente49    0.00%     2.852MiB / 23.32GiB   0.01%
cliente48    0.00%     2.852MiB / 23.32GiB   0.01%
cliente47    0.00%     2.848MiB / 23.32GiB   0.01%
cliente46    0.00%     2.844MiB / 23.32GiB   0.01%
cliente45    0.00%     2.84MiB / 23.32GiB    0.01%
cliente44    0.00%     2.844MiB / 23.32GiB   0.01%
cliente43    0.00%     2.848MiB / 23.32GiB   0.01%
cliente42    0.00%     2.844MiB / 23.32GiB   0.01%
cliente41    0.00%     2.848MiB / 23.32GiB   0.01%
cliente40    0.00%     2.848MiB / 23.32GiB   0.01%
cliente39    0.00%     2.848MiB / 23.32GiB   0.01%
cliente38    0.00%     2.84MiB / 23.32GiB    0.01%
cliente37    0.00%     2.848MiB / 23.32GiB   0.01%
cliente36    0.00%     2.844MiB / 23.32GiB   0.01%
cliente35    0.00%     2.855MiB / 23.32GiB   0.01%
cliente34    0.00%     2.844MiB / 23.32GiB   0.01%
cliente33    0.00%     2.844MiB / 23.32GiB   0.01%
cliente32    0.00%     2.852MiB / 23.32GiB   0.01%
cliente31    0.00%     2.844MiB / 23.32GiB   0.01%
cliente30    0.00%     2.844MiB / 23.32GiB   0.01%
cliente29    0.00%     2.852MiB / 23.32GiB   0.01%
cliente28    0.00%     2.852MiB / 23.32GiB   0.01%
cliente27    0.00%     2.84MiB / 23.32GiB    0.01%
cliente26    0.00%     2.84MiB / 23.32GiB    0.01%
cliente25    0.00%     2.844MiB / 23.32GiB   0.01%
cliente24    0.00%     2.836MiB / 23.32GiB   0.01%
cliente23    0.00%     2.844MiB / 23.32GiB   0.01%
cliente22    0.00%     2.84MiB / 23.32GiB    0.01%
cliente21    0.00%     2.844MiB / 23.32GiB   0.01%
cliente20    0.00%     2.84MiB / 23.32GiB    0.01%
cliente19    0.00%     2.848MiB / 23.32GiB   0.01%
cliente18    0.00%     2.848MiB / 23.32GiB   0.01%
cliente17    0.00%     2.852MiB / 23.32GiB   0.01%
cliente16    0.00%     2.844MiB / 23.32GiB   0.01%
cliente15    0.00%     2.852MiB / 23.32GiB   0.01%
cliente14    0.00%     2.844MiB / 23.32GiB   0.01%
cliente13    0.00%     2.848MiB / 23.32GiB   0.01%
cliente12    0.00%     2.852MiB / 23.32GiB   0.01%
cliente11    0.00%     2.848MiB / 23.32GiB   0.01%
--- 2026-06-03_18:18:07 ---
NAME         CPU %     MEM USAGE / LIMIT     MEM %
cliente1     99.35%    14.62MiB / 23.32GiB   0.06%
servidor     108.73%   34.44MiB / 23.32GiB   0.14%
cliente100   0.00%     2.855MiB / 23.32GiB   0.01%
cliente99    0.00%     2.848MiB / 23.32GiB   0.01%
cliente98    0.00%     2.84MiB / 23.32GiB    0.01%
cliente97    0.00%     2.844MiB / 23.32GiB   0.01%
cliente96    0.00%     2.848MiB / 23.32GiB   0.01%
cliente94    0.00%     2.836MiB / 23.32GiB   0.01%
cliente93    0.00%     2.852MiB / 23.32GiB   0.01%
cliente92    0.00%     2.855MiB / 23.32GiB   0.01%
cliente91    0.00%     2.852MiB / 23.32GiB   0.01%
cliente90    0.00%     2.844MiB / 23.32GiB   0.01%
cliente89    0.00%     2.848MiB / 23.32GiB   0.01%
cliente88    0.00%     2.848MiB / 23.32GiB   0.01%
cliente87    0.00%     2.852MiB / 23.32GiB   0.01%
cliente86    0.00%     2.852MiB / 23.32GiB   0.01%
cliente85    0.00%     2.844MiB / 23.32GiB   0.01%
cliente84    0.00%     2.844MiB / 23.32GiB   0.01%
cliente83    0.00%     2.852MiB / 23.32GiB   0.01%
cliente82    0.00%     2.852MiB / 23.32GiB   0.01%
cliente81    0.00%     2.852MiB / 23.32GiB   0.01%
cliente80    0.00%     2.844MiB / 23.32GiB   0.01%
cliente79    0.00%     2.84MiB / 23.32GiB    0.01%
cliente78    0.00%     2.844MiB / 23.32GiB   0.01%
cliente77    0.00%     2.855MiB / 23.32GiB   0.01%
cliente76    0.00%     2.84MiB / 23.32GiB    0.01%
cliente75    0.00%     2.848MiB / 23.32GiB   0.01%
cliente74    0.00%     2.852MiB / 23.32GiB   0.01%
cliente73    0.00%     2.84MiB / 23.32GiB    0.01%
cliente72    0.00%     2.848MiB / 23.32GiB   0.01%
cliente71    0.00%     2.848MiB / 23.32GiB   0.01%
cliente70    0.00%     2.848MiB / 23.32GiB   0.01%
cliente69    0.00%     2.844MiB / 23.32GiB   0.01%
cliente68    0.00%     2.852MiB / 23.32GiB   0.01%
cliente67    0.00%     2.855MiB / 23.32GiB   0.01%
cliente66    0.00%     2.844MiB / 23.32GiB   0.01%
cliente65    0.00%     2.863MiB / 23.32GiB   0.01%
cliente64    0.00%     2.855MiB / 23.32GiB   0.01%
cliente63    0.00%     2.844MiB / 23.32GiB   0.01%
cliente62    0.00%     2.844MiB / 23.32GiB   0.01%
cliente61    0.00%     2.938MiB / 23.32GiB   0.01%
cliente60    0.00%     2.832MiB / 23.32GiB   0.01%
cliente59    0.00%     2.855MiB / 23.32GiB   0.01%
cliente58    0.00%     2.844MiB / 23.32GiB   0.01%
cliente57    0.00%     2.848MiB / 23.32GiB   0.01%
cliente56    0.00%     2.855MiB / 23.32GiB   0.01%
cliente55    0.00%     2.848MiB / 23.32GiB   0.01%
cliente54    0.00%     2.84MiB / 23.32GiB    0.01%
cliente53    0.00%     2.844MiB / 23.32GiB   0.01%
cliente52    0.00%     2.852MiB / 23.32GiB   0.01%
cliente51    0.00%     2.852MiB / 23.32GiB   0.01%
cliente50    0.00%     2.844MiB / 23.32GiB   0.01%
cliente49    0.00%     2.852MiB / 23.32GiB   0.01%
cliente48    0.00%     2.852MiB / 23.32GiB   0.01%
cliente47    0.00%     2.848MiB / 23.32GiB   0.01%
cliente46    0.00%     2.844MiB / 23.32GiB   0.01%
cliente45    0.00%     2.84MiB / 23.32GiB    0.01%
cliente44    0.00%     2.844MiB / 23.32GiB   0.01%
cliente43    0.00%     2.848MiB / 23.32GiB   0.01%
cliente42    0.00%     2.844MiB / 23.32GiB   0.01%
cliente41    0.00%     2.848MiB / 23.32GiB   0.01%
cliente40    0.00%     2.848MiB / 23.32GiB   0.01%
cliente39    0.00%     2.848MiB / 23.32GiB   0.01%
cliente38    0.00%     2.84MiB / 23.32GiB    0.01%
cliente37    0.00%     2.848MiB / 23.32GiB   0.01%
cliente36    0.00%     2.844MiB / 23.32GiB   0.01%
cliente35    0.00%     2.855MiB / 23.32GiB   0.01%
cliente34    0.00%     2.844MiB / 23.32GiB   0.01%
cliente33    0.00%     2.844MiB / 23.32GiB   0.01%
cliente32    0.00%     2.852MiB / 23.32GiB   0.01%
cliente31    0.00%     2.844MiB / 23.32GiB   0.01%
cliente30    0.00%     2.844MiB / 23.32GiB   0.01%
cliente29    0.00%     2.852MiB / 23.32GiB   0.01%
cliente28    0.00%     2.852MiB / 23.32GiB   0.01%
cliente27    0.00%     2.84MiB / 23.32GiB    0.01%
cliente26    0.00%     2.84MiB / 23.32GiB    0.01%
cliente25    0.00%     2.844MiB / 23.32GiB   0.01%
cliente24    0.00%     2.836MiB / 23.32GiB   0.01%
cliente23    0.00%     2.844MiB / 23.32GiB   0.01%
cliente22    0.00%     2.84MiB / 23.32GiB    0.01%
cliente21    0.00%     2.844MiB / 23.32GiB   0.01%
cliente20    0.00%     2.84MiB / 23.32GiB    0.01%
cliente19    0.00%     2.848MiB / 23.32GiB   0.01%
cliente18    0.00%     2.848MiB / 23.32GiB   0.01%
cliente17    0.00%     2.852MiB / 23.32GiB   0.01%
cliente16    0.00%     2.844MiB / 23.32GiB   0.01%
cliente15    0.00%     2.852MiB / 23.32GiB   0.01%
cliente14    0.00%     2.844MiB / 23.32GiB   0.01%
cliente13    0.00%     2.848MiB / 23.32GiB   0.01%
cliente12    0.00%     2.852MiB / 23.32GiB   0.01%
cliente11    0.00%     2.848MiB / 23.32GiB   0.01%
cliente2     98.11%    3.793MiB / 23.32GiB   0.02%
--- 2026-06-03_18:18:11 ---
NAME         CPU %     MEM USAGE / LIMIT     MEM %
cliente3     93.77%    2.051MiB / 23.32GiB   0.01%
cliente2     94.27%    2.078MiB / 23.32GiB   0.01%
cliente1     93.63%    14.1MiB / 23.32GiB    0.06%
servidor     110.70%   35.02MiB / 23.32GiB   0.15%
cliente100   0.00%     2.855MiB / 23.32GiB   0.01%
cliente99    0.00%     2.848MiB / 23.32GiB   0.01%
cliente98    0.00%     2.84MiB / 23.32GiB    0.01%
cliente97    0.00%     2.844MiB / 23.32GiB   0.01%
cliente96    0.00%     2.848MiB / 23.32GiB   0.01%
cliente94    0.00%     2.836MiB / 23.32GiB   0.01%
cliente93    0.00%     2.852MiB / 23.32GiB   0.01%
cliente92    0.00%     2.855MiB / 23.32GiB   0.01%
cliente91    0.00%     2.852MiB / 23.32GiB   0.01%
cliente90    0.00%     2.844MiB / 23.32GiB   0.01%
cliente89    0.00%     2.848MiB / 23.32GiB   0.01%
cliente88    0.00%     2.848MiB / 23.32GiB   0.01%
cliente87    0.00%     2.852MiB / 23.32GiB   0.01%
cliente86    0.00%     2.852MiB / 23.32GiB   0.01%
cliente85    0.00%     2.844MiB / 23.32GiB   0.01%
cliente84    0.00%     2.844MiB / 23.32GiB   0.01%
cliente83    0.00%     2.852MiB / 23.32GiB   0.01%
cliente82    0.00%     2.852MiB / 23.32GiB   0.01%
cliente81    0.00%     2.852MiB / 23.32GiB   0.01%
cliente80    0.00%     2.844MiB / 23.32GiB   0.01%
cliente79    0.00%     2.84MiB / 23.32GiB    0.01%
cliente78    0.00%     2.844MiB / 23.32GiB   0.01%
cliente77    0.00%     2.855MiB / 23.32GiB   0.01%
cliente76    0.00%     2.84MiB / 23.32GiB    0.01%
cliente75    0.00%     2.848MiB / 23.32GiB   0.01%
cliente74    0.00%     2.852MiB / 23.32GiB   0.01%
cliente73    0.00%     2.84MiB / 23.32GiB    0.01%
cliente72    0.00%     2.848MiB / 23.32GiB   0.01%
cliente71    0.00%     2.848MiB / 23.32GiB   0.01%
cliente70    0.00%     2.848MiB / 23.32GiB   0.01%
cliente69    0.00%     2.844MiB / 23.32GiB   0.01%
cliente68    0.00%     2.852MiB / 23.32GiB   0.01%
cliente67    0.00%     2.855MiB / 23.32GiB   0.01%
cliente66    0.00%     2.844MiB / 23.32GiB   0.01%
cliente65    0.00%     2.863MiB / 23.32GiB   0.01%
cliente64    0.00%     2.855MiB / 23.32GiB   0.01%
cliente63    0.00%     2.844MiB / 23.32GiB   0.01%
cliente62    0.00%     2.844MiB / 23.32GiB   0.01%
cliente61    0.00%     2.938MiB / 23.32GiB   0.01%
cliente60    0.00%     2.832MiB / 23.32GiB   0.01%
cliente59    0.00%     2.855MiB / 23.32GiB   0.01%
cliente58    0.00%     2.844MiB / 23.32GiB   0.01%
cliente57    0.00%     2.848MiB / 23.32GiB   0.01%
cliente56    0.00%     2.855MiB / 23.32GiB   0.01%
cliente55    0.00%     2.848MiB / 23.32GiB   0.01%
cliente54    0.00%     2.84MiB / 23.32GiB    0.01%
cliente53    0.00%     2.844MiB / 23.32GiB   0.01%
cliente52    0.00%     2.852MiB / 23.32GiB   0.01%
cliente51    0.00%     2.852MiB / 23.32GiB   0.01%
cliente50    0.00%     2.844MiB / 23.32GiB   0.01%
cliente49    0.00%     2.852MiB / 23.32GiB   0.01%
cliente48    0.00%     2.852MiB / 23.32GiB   0.01%
cliente47    0.00%     2.848MiB / 23.32GiB   0.01%
cliente46    0.00%     2.844MiB / 23.32GiB   0.01%
cliente45    0.00%     2.84MiB / 23.32GiB    0.01%
cliente44    0.00%     2.844MiB / 23.32GiB   0.01%
cliente43    0.00%     2.848MiB / 23.32GiB   0.01%
cliente42    0.00%     2.844MiB / 23.32GiB   0.01%
cliente41    0.00%     2.848MiB / 23.32GiB   0.01%
cliente40    0.00%     2.848MiB / 23.32GiB   0.01%
cliente39    0.00%     2.848MiB / 23.32GiB   0.01%
cliente38    0.00%     2.84MiB / 23.32GiB    0.01%
cliente37    0.00%     2.848MiB / 23.32GiB   0.01%
cliente36    0.00%     2.844MiB / 23.32GiB   0.01%
cliente35    0.00%     2.855MiB / 23.32GiB   0.01%
cliente34    0.00%     2.844MiB / 23.32GiB   0.01%
cliente33    0.00%     2.844MiB / 23.32GiB   0.01%
cliente32    0.00%     2.852MiB / 23.32GiB   0.01%
cliente31    0.00%     2.844MiB / 23.32GiB   0.01%
cliente30    0.00%     2.844MiB / 23.32GiB   0.01%
cliente29    0.00%     2.852MiB / 23.32GiB   0.01%
cliente28    0.00%     2.852MiB / 23.32GiB   0.01%
cliente27    0.00%     2.84MiB / 23.32GiB    0.01%
cliente26    0.00%     2.84MiB / 23.32GiB    0.01%
cliente25    0.00%     2.844MiB / 23.32GiB   0.01%
cliente24    0.00%     2.836MiB / 23.32GiB   0.01%
cliente23    0.00%     2.844MiB / 23.32GiB   0.01%
cliente22    0.00%     2.84MiB / 23.32GiB    0.01%
cliente21    0.00%     2.844MiB / 23.32GiB   0.01%
cliente20    0.00%     2.84MiB / 23.32GiB    0.01%
cliente19    0.00%     2.848MiB / 23.32GiB   0.01%
cliente18    0.00%     2.848MiB / 23.32GiB   0.01%
cliente17    0.00%     2.852MiB / 23.32GiB   0.01%
cliente16    0.00%     2.844MiB / 23.32GiB   0.01%
cliente15    0.00%     2.852MiB / 23.32GiB   0.01%
cliente14    0.00%     2.844MiB / 23.32GiB   0.01%
cliente13    0.00%     2.848MiB / 23.32GiB   0.01%
cliente12    0.00%     2.852MiB / 23.32GiB   0.01%
cliente11    0.00%     2.848MiB / 23.32GiB   0.01%
cliente4     91.80%    4.633MiB / 23.32GiB   0.02%
--- 2026-06-03_18:18:17 ---
NAME         CPU %     MEM USAGE / LIMIT     MEM %
cliente5     86.24%    3.152MiB / 23.32GiB   0.01%
cliente4     89.90%    4.359MiB / 23.32GiB   0.02%
cliente3     91.23%    4.258MiB / 23.32GiB   0.02%
cliente2     88.83%    3.898MiB / 23.32GiB   0.02%
cliente1     89.98%    13.95MiB / 23.32GiB   0.06%
servidor     110.76%   35.77MiB / 23.32GiB   0.15%
cliente100   0.00%     2.855MiB / 23.32GiB   0.01%
cliente99    0.00%     2.848MiB / 23.32GiB   0.01%
cliente98    0.00%     2.84MiB / 23.32GiB    0.01%
cliente97    0.00%     2.844MiB / 23.32GiB   0.01%
cliente96    0.00%     2.848MiB / 23.32GiB   0.01%
cliente94    0.00%     2.836MiB / 23.32GiB   0.01%
cliente93    0.00%     2.852MiB / 23.32GiB   0.01%
cliente92    0.00%     2.855MiB / 23.32GiB   0.01%
cliente91    0.00%     2.852MiB / 23.32GiB   0.01%
cliente90    0.00%     2.844MiB / 23.32GiB   0.01%
cliente89    0.00%     2.848MiB / 23.32GiB   0.01%
cliente88    0.00%     2.848MiB / 23.32GiB   0.01%
cliente87    0.00%     2.852MiB / 23.32GiB   0.01%
cliente86    0.00%     2.852MiB / 23.32GiB   0.01%
cliente85    0.00%     2.844MiB / 23.32GiB   0.01%
cliente84    0.00%     2.844MiB / 23.32GiB   0.01%
cliente83    0.00%     2.852MiB / 23.32GiB   0.01%
cliente82    0.00%     2.852MiB / 23.32GiB   0.01%
cliente81    0.00%     2.852MiB / 23.32GiB   0.01%
cliente80    0.00%     2.844MiB / 23.32GiB   0.01%
cliente79    0.00%     2.84MiB / 23.32GiB    0.01%
cliente78    0.00%     2.844MiB / 23.32GiB   0.01%
cliente77    0.00%     2.855MiB / 23.32GiB   0.01%
cliente76    0.00%     2.84MiB / 23.32GiB    0.01%
cliente75    0.00%     2.848MiB / 23.32GiB   0.01%
cliente74    0.00%     2.852MiB / 23.32GiB   0.01%
cliente73    0.00%     2.84MiB / 23.32GiB    0.01%
cliente72    0.00%     2.848MiB / 23.32GiB   0.01%
cliente71    0.00%     2.848MiB / 23.32GiB   0.01%
cliente70    0.00%     2.848MiB / 23.32GiB   0.01%
cliente69    0.00%     2.844MiB / 23.32GiB   0.01%
cliente68    0.00%     2.852MiB / 23.32GiB   0.01%
cliente67    0.00%     2.855MiB / 23.32GiB   0.01%
cliente66    0.00%     2.844MiB / 23.32GiB   0.01%
cliente65    0.00%     2.863MiB / 23.32GiB   0.01%
cliente64    0.00%     2.855MiB / 23.32GiB   0.01%
cliente63    0.00%     2.844MiB / 23.32GiB   0.01%
cliente62    0.00%     2.844MiB / 23.32GiB   0.01%
cliente61    0.00%     2.938MiB / 23.32GiB   0.01%
cliente60    0.00%     2.832MiB / 23.32GiB   0.01%
cliente59    0.00%     2.855MiB / 23.32GiB   0.01%
cliente58    0.00%     2.844MiB / 23.32GiB   0.01%
cliente57    0.00%     2.848MiB / 23.32GiB   0.01%
cliente56    0.00%     2.855MiB / 23.32GiB   0.01%
cliente55    0.00%     2.848MiB / 23.32GiB   0.01%
cliente54    0.00%     2.84MiB / 23.32GiB    0.01%
cliente53    0.00%     2.844MiB / 23.32GiB   0.01%
cliente52    0.00%     2.852MiB / 23.32GiB   0.01%
cliente51    0.00%     2.852MiB / 23.32GiB   0.01%
cliente50    0.00%     2.844MiB / 23.32GiB   0.01%
cliente49    0.00%     2.852MiB / 23.32GiB   0.01%
cliente48    0.00%     2.852MiB / 23.32GiB   0.01%
cliente47    0.00%     2.848MiB / 23.32GiB   0.01%
cliente46    0.00%     2.844MiB / 23.32GiB   0.01%
cliente45    0.00%     2.84MiB / 23.32GiB    0.01%
cliente44    0.00%     2.844MiB / 23.32GiB   0.01%
cliente43    0.00%     2.848MiB / 23.32GiB   0.01%
cliente42    0.00%     2.844MiB / 23.32GiB   0.01%
cliente41    0.00%     2.848MiB / 23.32GiB   0.01%
cliente40    0.00%     2.848MiB / 23.32GiB   0.01%
cliente39    0.00%     2.848MiB / 23.32GiB   0.01%
cliente38    0.00%     2.84MiB / 23.32GiB    0.01%
cliente37    0.00%     2.848MiB / 23.32GiB   0.01%
cliente36    0.00%     2.844MiB / 23.32GiB   0.01%
cliente35    0.00%     2.855MiB / 23.32GiB   0.01%
cliente34    0.00%     2.844MiB / 23.32GiB   0.01%
cliente33    0.00%     2.844MiB / 23.32GiB   0.01%
cliente32    0.00%     2.852MiB / 23.32GiB   0.01%
cliente31    0.00%     2.844MiB / 23.32GiB   0.01%
cliente30    0.00%     2.844MiB / 23.32GiB   0.01%
cliente29    0.00%     2.852MiB / 23.32GiB   0.01%
cliente28    0.00%     2.852MiB / 23.32GiB   0.01%
cliente27    0.00%     2.84MiB / 23.32GiB    0.01%
cliente26    0.00%     2.84MiB / 23.32GiB    0.01%
cliente25    0.00%     2.844MiB / 23.32GiB   0.01%
cliente24    0.00%     2.836MiB / 23.32GiB   0.01%
cliente23    0.00%     2.844MiB / 23.32GiB   0.01%
cliente22    0.00%     2.84MiB / 23.32GiB    0.01%
cliente21    0.00%     2.844MiB / 23.32GiB   0.01%
cliente20    0.00%     2.84MiB / 23.32GiB    0.01%
cliente19    0.00%     2.848MiB / 23.32GiB   0.01%
cliente18    0.00%     2.848MiB / 23.32GiB   0.01%
cliente17    0.00%     2.852MiB / 23.32GiB   0.01%
cliente16    0.00%     2.844MiB / 23.32GiB   0.01%
cliente15    0.00%     2.852MiB / 23.32GiB   0.01%
cliente14    0.00%     2.844MiB / 23.32GiB   0.01%
cliente13    0.00%     2.848MiB / 23.32GiB   0.01%
cliente12    0.00%     2.852MiB / 23.32GiB   0.01%
cliente11    0.00%     2.848MiB / 23.32GiB   0.01%
cliente6     89.39%    3.703MiB / 23.32GiB   0.02%
--- 2026-06-03_18:18:23 ---
NAME         CPU %     MEM USAGE / LIMIT     MEM %
cliente7     64.02%    4.043MiB / 23.32GiB   0.02%
cliente6     81.77%    3.551MiB / 23.32GiB   0.01%
cliente5     76.29%    3.109MiB / 23.32GiB   0.01%
cliente4     79.71%    4.484MiB / 23.32GiB   0.02%
cliente3     73.67%    1.434MiB / 23.32GiB   0.01%
cliente2     74.93%    3.816MiB / 23.32GiB   0.02%
servidor     108.25%   36.16MiB / 23.32GiB   0.15%
cliente100   0.00%     2.855MiB / 23.32GiB   0.01%
cliente99    0.00%     2.848MiB / 23.32GiB   0.01%
cliente98    0.00%     2.84MiB / 23.32GiB    0.01%
cliente97    0.00%     2.844MiB / 23.32GiB   0.01%
cliente96    0.00%     2.848MiB / 23.32GiB   0.01%
cliente94    0.00%     2.836MiB / 23.32GiB   0.01%
cliente93    0.00%     2.852MiB / 23.32GiB   0.01%
cliente92    0.00%     2.855MiB / 23.32GiB   0.01%
cliente91    0.00%     2.852MiB / 23.32GiB   0.01%
cliente90    0.00%     2.844MiB / 23.32GiB   0.01%
cliente89    0.00%     2.848MiB / 23.32GiB   0.01%
cliente88    0.00%     2.848MiB / 23.32GiB   0.01%
cliente87    0.00%     2.852MiB / 23.32GiB   0.01%
cliente86    0.00%     2.852MiB / 23.32GiB   0.01%
cliente85    0.00%     2.844MiB / 23.32GiB   0.01%
cliente84    0.00%     2.844MiB / 23.32GiB   0.01%
cliente83    0.00%     2.852MiB / 23.32GiB   0.01%
cliente82    0.00%     2.852MiB / 23.32GiB   0.01%
cliente81    0.00%     2.852MiB / 23.32GiB   0.01%
cliente80    0.00%     2.844MiB / 23.32GiB   0.01%
cliente79    0.00%     2.84MiB / 23.32GiB    0.01%
cliente78    0.00%     2.844MiB / 23.32GiB   0.01%
cliente77    0.00%     2.855MiB / 23.32GiB   0.01%
cliente76    0.00%     2.84MiB / 23.32GiB    0.01%
cliente75    0.00%     2.848MiB / 23.32GiB   0.01%
cliente74    0.00%     2.852MiB / 23.32GiB   0.01%
cliente73    0.00%     2.84MiB / 23.32GiB    0.01%
cliente72    0.00%     2.848MiB / 23.32GiB   0.01%
cliente71    0.00%     2.848MiB / 23.32GiB   0.01%
cliente70    0.00%     2.848MiB / 23.32GiB   0.01%
cliente69    0.00%     2.844MiB / 23.32GiB   0.01%
cliente68    0.00%     2.852MiB / 23.32GiB   0.01%
cliente67    0.00%     2.855MiB / 23.32GiB   0.01%
cliente66    0.00%     2.844MiB / 23.32GiB   0.01%
cliente65    0.00%     2.863MiB / 23.32GiB   0.01%
cliente64    0.00%     2.855MiB / 23.32GiB   0.01%
cliente63    0.00%     2.844MiB / 23.32GiB   0.01%
cliente62    0.00%     2.844MiB / 23.32GiB   0.01%
cliente61    0.00%     2.938MiB / 23.32GiB   0.01%
cliente60    0.00%     2.832MiB / 23.32GiB   0.01%
cliente59    0.00%     2.855MiB / 23.32GiB   0.01%
cliente58    0.00%     2.844MiB / 23.32GiB   0.01%
cliente57    0.00%     2.848MiB / 23.32GiB   0.01%
cliente56    0.00%     2.855MiB / 23.32GiB   0.01%
cliente55    0.00%     2.848MiB / 23.32GiB   0.01%
cliente54    0.00%     2.84MiB / 23.32GiB    0.01%
cliente53    0.00%     2.844MiB / 23.32GiB   0.01%
cliente52    0.00%     2.852MiB / 23.32GiB   0.01%
cliente51    0.00%     2.852MiB / 23.32GiB   0.01%
cliente50    0.00%     2.844MiB / 23.32GiB   0.01%
cliente49    0.00%     2.852MiB / 23.32GiB   0.01%
cliente48    0.00%     2.852MiB / 23.32GiB   0.01%
cliente47    0.00%     2.848MiB / 23.32GiB   0.01%
cliente46    0.00%     2.844MiB / 23.32GiB   0.01%
cliente45    0.00%     2.84MiB / 23.32GiB    0.01%
cliente44    0.00%     2.844MiB / 23.32GiB   0.01%
cliente43    0.00%     2.848MiB / 23.32GiB   0.01%
cliente42    0.00%     2.844MiB / 23.32GiB   0.01%
cliente41    0.00%     2.848MiB / 23.32GiB   0.01%
cliente40    0.00%     2.848MiB / 23.32GiB   0.01%
cliente39    0.00%     2.848MiB / 23.32GiB   0.01%
cliente38    0.00%     2.84MiB / 23.32GiB    0.01%
cliente37    0.00%     2.848MiB / 23.32GiB   0.01%
cliente36    0.00%     2.844MiB / 23.32GiB   0.01%
cliente35    0.00%     2.855MiB / 23.32GiB   0.01%
cliente34    0.00%     2.844MiB / 23.32GiB   0.01%
cliente33    0.00%     2.844MiB / 23.32GiB   0.01%
cliente32    0.00%     2.852MiB / 23.32GiB   0.01%
cliente31    0.00%     2.844MiB / 23.32GiB   0.01%
cliente30    0.00%     2.844MiB / 23.32GiB   0.01%
cliente29    0.00%     2.852MiB / 23.32GiB   0.01%
cliente28    0.00%     2.852MiB / 23.32GiB   0.01%
cliente27    0.00%     2.84MiB / 23.32GiB    0.01%
cliente26    0.00%     2.84MiB / 23.32GiB    0.01%
cliente25    0.00%     2.844MiB / 23.32GiB   0.01%
cliente24    0.00%     2.836MiB / 23.32GiB   0.01%
cliente23    0.00%     2.844MiB / 23.32GiB   0.01%
cliente22    0.00%     2.84MiB / 23.32GiB    0.01%
cliente21    0.00%     2.844MiB / 23.32GiB   0.01%
cliente20    0.00%     2.84MiB / 23.32GiB    0.01%
cliente19    0.00%     2.848MiB / 23.32GiB   0.01%
cliente18    0.00%     2.848MiB / 23.32GiB   0.01%
cliente17    0.00%     2.852MiB / 23.32GiB   0.01%
cliente16    0.00%     2.844MiB / 23.32GiB   0.01%
cliente15    0.00%     2.852MiB / 23.32GiB   0.01%
cliente14    0.00%     2.844MiB / 23.32GiB   0.01%
cliente13    0.00%     2.848MiB / 23.32GiB   0.01%
cliente12    0.00%     2.852MiB / 23.32GiB   0.01%
cliente11    0.00%     2.848MiB / 23.32GiB   0.01%
cliente8     77.45%    1.383MiB / 23.32GiB   0.01%
--- 2026-06-03_18:18:31 ---
NAME         CPU %     MEM USAGE / LIMIT     MEM %
cliente9     70.57%    4.133MiB / 23.32GiB   0.02%
cliente8     74.63%    4.5MiB / 23.32GiB     0.02%
cliente7     78.58%    4.328MiB / 23.32GiB   0.02%
cliente6     78.48%    4.152MiB / 23.32GiB   0.02%
cliente5     79.46%    4.066MiB / 23.32GiB   0.02%
cliente4     73.20%    1.734MiB / 23.32GiB   0.01%
cliente3     74.78%    1.852MiB / 23.32GiB   0.01%
servidor     106.71%   36.61MiB / 23.32GiB   0.15%
cliente100   0.00%     2.855MiB / 23.32GiB   0.01%
cliente99    0.00%     2.848MiB / 23.32GiB   0.01%
cliente98    0.00%     2.84MiB / 23.32GiB    0.01%
cliente97    0.00%     2.844MiB / 23.32GiB   0.01%
cliente96    0.00%     2.848MiB / 23.32GiB   0.01%
cliente94    0.00%     2.836MiB / 23.32GiB   0.01%
cliente93    0.00%     2.852MiB / 23.32GiB   0.01%
cliente92    0.00%     2.855MiB / 23.32GiB   0.01%
cliente91    0.00%     2.852MiB / 23.32GiB   0.01%
cliente90    0.00%     2.844MiB / 23.32GiB   0.01%
cliente89    0.00%     2.848MiB / 23.32GiB   0.01%
cliente88    0.00%     2.848MiB / 23.32GiB   0.01%
cliente87    0.00%     2.852MiB / 23.32GiB   0.01%
cliente86    0.00%     2.852MiB / 23.32GiB   0.01%
cliente85    0.00%     2.844MiB / 23.32GiB   0.01%
cliente84    0.00%     2.844MiB / 23.32GiB   0.01%
cliente83    0.00%     2.852MiB / 23.32GiB   0.01%
cliente82    0.00%     2.852MiB / 23.32GiB   0.01%
cliente81    0.00%     2.852MiB / 23.32GiB   0.01%
cliente80    0.00%     2.844MiB / 23.32GiB   0.01%
cliente79    0.00%     2.84MiB / 23.32GiB    0.01%
cliente78    0.00%     2.844MiB / 23.32GiB   0.01%
cliente77    0.00%     2.855MiB / 23.32GiB   0.01%
cliente76    0.00%     2.84MiB / 23.32GiB    0.01%
cliente75    0.00%     2.848MiB / 23.32GiB   0.01%
cliente74    0.00%     2.852MiB / 23.32GiB   0.01%
cliente73    0.00%     2.84MiB / 23.32GiB    0.01%
cliente72    0.00%     2.848MiB / 23.32GiB   0.01%
cliente71    0.00%     2.848MiB / 23.32GiB   0.01%
cliente70    0.00%     2.848MiB / 23.32GiB   0.01%
cliente69    0.00%     2.844MiB / 23.32GiB   0.01%
cliente68    0.00%     2.852MiB / 23.32GiB   0.01%
cliente67    0.00%     2.855MiB / 23.32GiB   0.01%
cliente66    0.00%     2.844MiB / 23.32GiB   0.01%
cliente65    0.00%     2.863MiB / 23.32GiB   0.01%
cliente64    0.00%     2.855MiB / 23.32GiB   0.01%
cliente63    0.00%     2.844MiB / 23.32GiB   0.01%
cliente62    0.00%     2.844MiB / 23.32GiB   0.01%
cliente61    0.00%     2.938MiB / 23.32GiB   0.01%
cliente60    0.00%     2.832MiB / 23.32GiB   0.01%
cliente59    0.00%     2.855MiB / 23.32GiB   0.01%
cliente58    0.00%     2.844MiB / 23.32GiB   0.01%
cliente57    0.00%     2.848MiB / 23.32GiB   0.01%
cliente56    0.00%     2.855MiB / 23.32GiB   0.01%
cliente55    0.00%     2.848MiB / 23.32GiB   0.01%
cliente54    0.00%     2.84MiB / 23.32GiB    0.01%
cliente53    0.00%     2.844MiB / 23.32GiB   0.01%
cliente52    0.00%     2.852MiB / 23.32GiB   0.01%
cliente51    0.00%     2.852MiB / 23.32GiB   0.01%
cliente50    0.00%     2.844MiB / 23.32GiB   0.01%
cliente49    0.00%     2.852MiB / 23.32GiB   0.01%
cliente48    0.00%     2.852MiB / 23.32GiB   0.01%
cliente47    0.00%     2.848MiB / 23.32GiB   0.01%
cliente46    0.00%     2.844MiB / 23.32GiB   0.01%
cliente45    0.00%     2.84MiB / 23.32GiB    0.01%
cliente44    0.00%     2.844MiB / 23.32GiB   0.01%
cliente43    0.00%     2.848MiB / 23.32GiB   0.01%
cliente42    0.00%     2.844MiB / 23.32GiB   0.01%
cliente41    0.00%     2.848MiB / 23.32GiB   0.01%
cliente40    0.00%     2.848MiB / 23.32GiB   0.01%
cliente39    0.00%     2.848MiB / 23.32GiB   0.01%
cliente38    0.00%     2.84MiB / 23.32GiB    0.01%
cliente37    0.00%     2.848MiB / 23.32GiB   0.01%
cliente36    0.00%     2.844MiB / 23.32GiB   0.01%
cliente35    0.00%     2.855MiB / 23.32GiB   0.01%
cliente34    0.00%     2.844MiB / 23.32GiB   0.01%
cliente33    0.00%     2.844MiB / 23.32GiB   0.01%
cliente32    0.00%     2.852MiB / 23.32GiB   0.01%
cliente31    0.00%     2.844MiB / 23.32GiB   0.01%
cliente30    0.00%     2.844MiB / 23.32GiB   0.01%
cliente29    0.00%     2.852MiB / 23.32GiB   0.01%
cliente28    0.00%     2.852MiB / 23.32GiB   0.01%
cliente27    0.00%     2.84MiB / 23.32GiB    0.01%
cliente26    0.00%     2.84MiB / 23.32GiB    0.01%
cliente25    0.00%     2.844MiB / 23.32GiB   0.01%
cliente24    0.00%     2.836MiB / 23.32GiB   0.01%
cliente23    0.00%     2.844MiB / 23.32GiB   0.01%
cliente22    0.00%     2.84MiB / 23.32GiB    0.01%
cliente21    0.00%     2.844MiB / 23.32GiB   0.01%
cliente20    0.00%     2.84MiB / 23.32GiB    0.01%
cliente19    0.00%     2.848MiB / 23.32GiB   0.01%
cliente18    0.00%     2.848MiB / 23.32GiB   0.01%
cliente17    0.00%     2.852MiB / 23.32GiB   0.01%
cliente16    0.00%     2.844MiB / 23.32GiB   0.01%
cliente15    0.00%     2.852MiB / 23.32GiB   0.01%
cliente14    0.00%     2.844MiB / 23.32GiB   0.01%
cliente13    0.00%     2.848MiB / 23.32GiB   0.01%
cliente12    0.00%     2.852MiB / 23.32GiB   0.01%
cliente11    0.00%     2.848MiB / 23.32GiB   0.01%
cliente10    76.17%    1.723MiB / 23.32GiB   0.01%
--- 2026-06-03_18:18:39 ---
NAME         CPU %     MEM USAGE / LIMIT     MEM %
cliente10    88.37%    1.922MiB / 23.32GiB   0.01%
cliente9     81.94%    2.293MiB / 23.32GiB   0.01%
cliente8     85.42%    3.191MiB / 23.32GiB   0.01%
cliente7     89.12%    2.062MiB / 23.32GiB   0.01%
cliente6     84.60%    4.117MiB / 23.32GiB   0.02%
cliente5     84.13%    3.344MiB / 23.32GiB   0.01%
cliente4     88.85%    1.953MiB / 23.32GiB   0.01%
cliente3     0.00%     0B / 0B               0.00%
servidor     115.01%   37.61MiB / 23.32GiB   0.16%
cliente100   0.00%     2.855MiB / 23.32GiB   0.01%
cliente99    0.00%     2.848MiB / 23.32GiB   0.01%
cliente98    0.00%     2.84MiB / 23.32GiB    0.01%
cliente97    0.00%     2.844MiB / 23.32GiB   0.01%
cliente96    0.00%     2.848MiB / 23.32GiB   0.01%
cliente94    0.00%     2.836MiB / 23.32GiB   0.01%
cliente93    0.00%     2.852MiB / 23.32GiB   0.01%
cliente92    0.00%     2.855MiB / 23.32GiB   0.01%
cliente91    0.00%     2.852MiB / 23.32GiB   0.01%
cliente90    0.00%     2.844MiB / 23.32GiB   0.01%
cliente89    0.00%     2.848MiB / 23.32GiB   0.01%
cliente88    0.00%     2.848MiB / 23.32GiB   0.01%
cliente87    0.00%     2.852MiB / 23.32GiB   0.01%
cliente86    0.00%     2.852MiB / 23.32GiB   0.01%
cliente85    0.00%     2.844MiB / 23.32GiB   0.01%
cliente84    0.00%     2.844MiB / 23.32GiB   0.01%
cliente83    0.00%     2.852MiB / 23.32GiB   0.01%
cliente82    0.00%     2.852MiB / 23.32GiB   0.01%
cliente81    0.00%     2.852MiB / 23.32GiB   0.01%
cliente80    0.00%     2.844MiB / 23.32GiB   0.01%
cliente79    0.00%     2.84MiB / 23.32GiB    0.01%
cliente78    0.00%     2.844MiB / 23.32GiB   0.01%
cliente77    0.00%     2.855MiB / 23.32GiB   0.01%
cliente76    0.00%     2.84MiB / 23.32GiB    0.01%
cliente75    0.00%     2.848MiB / 23.32GiB   0.01%
cliente74    0.00%     2.852MiB / 23.32GiB   0.01%
cliente73    0.00%     2.84MiB / 23.32GiB    0.01%
cliente72    0.00%     2.848MiB / 23.32GiB   0.01%
cliente71    0.00%     2.848MiB / 23.32GiB   0.01%
cliente70    0.00%     2.848MiB / 23.32GiB   0.01%
cliente69    0.00%     2.844MiB / 23.32GiB   0.01%
cliente68    0.00%     2.852MiB / 23.32GiB   0.01%
cliente67    0.00%     2.855MiB / 23.32GiB   0.01%
cliente66    0.00%     2.844MiB / 23.32GiB   0.01%
cliente65    0.00%     2.863MiB / 23.32GiB   0.01%
cliente64    0.00%     2.855MiB / 23.32GiB   0.01%
cliente63    0.00%     2.844MiB / 23.32GiB   0.01%
cliente62    0.00%     2.844MiB / 23.32GiB   0.01%
cliente61    0.00%     2.938MiB / 23.32GiB   0.01%
cliente60    0.00%     2.832MiB / 23.32GiB   0.01%
cliente59    0.00%     2.855MiB / 23.32GiB   0.01%
cliente58    0.00%     2.844MiB / 23.32GiB   0.01%
cliente57    0.00%     2.848MiB / 23.32GiB   0.01%
cliente56    0.00%     2.855MiB / 23.32GiB   0.01%
cliente55    0.00%     2.848MiB / 23.32GiB   0.01%
cliente54    0.00%     2.84MiB / 23.32GiB    0.01%
cliente53    0.00%     2.844MiB / 23.32GiB   0.01%
cliente52    0.00%     2.852MiB / 23.32GiB   0.01%
cliente51    0.00%     2.852MiB / 23.32GiB   0.01%
cliente50    0.00%     2.844MiB / 23.32GiB   0.01%
cliente49    0.00%     2.852MiB / 23.32GiB   0.01%
cliente48    0.00%     2.852MiB / 23.32GiB   0.01%
cliente47    0.00%     2.848MiB / 23.32GiB   0.01%
cliente46    0.00%     2.844MiB / 23.32GiB   0.01%
cliente45    0.00%     2.84MiB / 23.32GiB    0.01%
cliente44    0.00%     2.844MiB / 23.32GiB   0.01%
cliente43    0.00%     2.848MiB / 23.32GiB   0.01%
cliente42    0.00%     2.844MiB / 23.32GiB   0.01%
cliente41    0.00%     2.848MiB / 23.32GiB   0.01%
cliente40    0.00%     2.848MiB / 23.32GiB   0.01%
cliente39    0.00%     2.848MiB / 23.32GiB   0.01%
cliente38    0.00%     2.84MiB / 23.32GiB    0.01%
cliente37    0.00%     2.848MiB / 23.32GiB   0.01%
cliente36    0.00%     2.844MiB / 23.32GiB   0.01%
cliente35    0.00%     2.855MiB / 23.32GiB   0.01%
cliente34    0.00%     2.844MiB / 23.32GiB   0.01%
cliente33    0.00%     2.844MiB / 23.32GiB   0.01%
cliente32    0.00%     2.852MiB / 23.32GiB   0.01%
cliente31    0.00%     2.844MiB / 23.32GiB   0.01%
cliente30    0.00%     2.844MiB / 23.32GiB   0.01%
cliente29    0.00%     2.852MiB / 23.32GiB   0.01%
cliente28    0.00%     2.852MiB / 23.32GiB   0.01%
cliente27    0.00%     2.84MiB / 23.32GiB    0.01%
cliente26    0.00%     2.84MiB / 23.32GiB    0.01%
cliente25    0.00%     2.844MiB / 23.32GiB   0.01%
cliente24    0.00%     2.836MiB / 23.32GiB   0.01%
cliente23    0.00%     2.844MiB / 23.32GiB   0.01%
cliente22    0.00%     2.84MiB / 23.32GiB    0.01%
cliente21    0.00%     2.844MiB / 23.32GiB   0.01%
cliente20    0.00%     2.84MiB / 23.32GiB    0.01%
cliente19    0.00%     2.848MiB / 23.32GiB   0.01%
cliente18    0.00%     2.848MiB / 23.32GiB   0.01%
cliente17    0.00%     2.852MiB / 23.32GiB   0.01%
cliente16    0.00%     2.844MiB / 23.32GiB   0.01%
cliente15    0.00%     2.852MiB / 23.32GiB   0.01%
cliente14    0.00%     2.844MiB / 23.32GiB   0.01%
cliente13    0.00%     2.848MiB / 23.32GiB   0.01%
cliente12    0.00%     2.852MiB / 23.32GiB   0.01%
cliente11    0.00%     2.848MiB / 23.32GiB   0.01%
--- 2026-06-03_18:18:45 ---
NAME         CPU %     MEM USAGE / LIMIT     MEM %
cliente10    90.88%    3.379MiB / 23.32GiB   0.01%
cliente9     90.89%    2.996MiB / 23.32GiB   0.01%
cliente8     89.75%    4.688MiB / 23.32GiB   0.02%
cliente7     94.91%    4.137MiB / 23.32GiB   0.02%
cliente6     91.58%    3.051MiB / 23.32GiB   0.01%
servidor     112.03%   37.14MiB / 23.32GiB   0.16%
cliente100   0.00%     2.855MiB / 23.32GiB   0.01%
cliente99    0.00%     2.848MiB / 23.32GiB   0.01%
cliente98    0.00%     2.84MiB / 23.32GiB    0.01%
cliente97    0.00%     2.844MiB / 23.32GiB   0.01%
cliente96    0.00%     2.848MiB / 23.32GiB   0.01%
cliente94    0.00%     2.836MiB / 23.32GiB   0.01%
cliente93    0.00%     2.852MiB / 23.32GiB   0.01%
cliente92    0.00%     2.855MiB / 23.32GiB   0.01%
cliente91    0.00%     2.852MiB / 23.32GiB   0.01%
cliente90    0.00%     2.844MiB / 23.32GiB   0.01%
cliente89    0.00%     2.848MiB / 23.32GiB   0.01%
cliente88    0.00%     2.848MiB / 23.32GiB   0.01%
cliente87    0.00%     2.852MiB / 23.32GiB   0.01%
cliente86    0.00%     2.852MiB / 23.32GiB   0.01%
cliente85    0.00%     2.844MiB / 23.32GiB   0.01%
cliente84    0.00%     2.844MiB / 23.32GiB   0.01%
cliente83    0.00%     2.852MiB / 23.32GiB   0.01%
cliente82    0.00%     2.852MiB / 23.32GiB   0.01%
cliente81    0.00%     2.852MiB / 23.32GiB   0.01%
cliente80    0.00%     2.844MiB / 23.32GiB   0.01%
cliente79    0.00%     2.84MiB / 23.32GiB    0.01%
cliente78    0.00%     2.844MiB / 23.32GiB   0.01%
cliente77    0.00%     2.855MiB / 23.32GiB   0.01%
cliente76    0.00%     2.84MiB / 23.32GiB    0.01%
cliente75    0.00%     2.848MiB / 23.32GiB   0.01%
cliente74    0.00%     2.852MiB / 23.32GiB   0.01%
cliente73    0.00%     2.84MiB / 23.32GiB    0.01%
cliente72    0.00%     2.848MiB / 23.32GiB   0.01%
cliente71    0.00%     2.848MiB / 23.32GiB   0.01%
cliente70    0.00%     2.848MiB / 23.32GiB   0.01%
cliente69    0.00%     2.844MiB / 23.32GiB   0.01%
cliente68    0.00%     2.852MiB / 23.32GiB   0.01%
cliente67    0.00%     2.855MiB / 23.32GiB   0.01%
cliente66    0.00%     2.844MiB / 23.32GiB   0.01%
cliente65    0.00%     2.863MiB / 23.32GiB   0.01%
cliente64    0.00%     2.855MiB / 23.32GiB   0.01%
cliente63    0.00%     2.844MiB / 23.32GiB   0.01%
cliente62    0.00%     2.844MiB / 23.32GiB   0.01%
cliente61    0.00%     2.938MiB / 23.32GiB   0.01%
cliente60    0.00%     2.832MiB / 23.32GiB   0.01%
cliente59    0.00%     2.855MiB / 23.32GiB   0.01%
cliente58    0.00%     2.844MiB / 23.32GiB   0.01%
cliente57    0.00%     2.848MiB / 23.32GiB   0.01%
cliente56    0.00%     2.855MiB / 23.32GiB   0.01%
cliente55    0.00%     2.848MiB / 23.32GiB   0.01%
cliente54    0.00%     2.84MiB / 23.32GiB    0.01%
cliente53    0.00%     2.844MiB / 23.32GiB   0.01%
cliente52    0.00%     2.852MiB / 23.32GiB   0.01%
cliente51    0.00%     2.852MiB / 23.32GiB   0.01%
cliente50    0.00%     2.844MiB / 23.32GiB   0.01%
cliente49    0.00%     2.852MiB / 23.32GiB   0.01%
cliente48    0.00%     2.852MiB / 23.32GiB   0.01%
cliente47    0.00%     2.848MiB / 23.32GiB   0.01%
cliente46    0.00%     2.844MiB / 23.32GiB   0.01%
cliente45    0.00%     2.84MiB / 23.32GiB    0.01%
cliente44    0.00%     2.844MiB / 23.32GiB   0.01%
cliente43    0.00%     2.848MiB / 23.32GiB   0.01%
cliente42    0.00%     2.844MiB / 23.32GiB   0.01%
cliente41    0.00%     2.848MiB / 23.32GiB   0.01%
cliente40    0.00%     2.848MiB / 23.32GiB   0.01%
cliente39    0.00%     2.848MiB / 23.32GiB   0.01%
cliente38    0.00%     2.84MiB / 23.32GiB    0.01%
cliente37    0.00%     2.848MiB / 23.32GiB   0.01%
cliente36    0.00%     2.844MiB / 23.32GiB   0.01%
cliente35    0.00%     2.855MiB / 23.32GiB   0.01%
cliente34    0.00%     2.844MiB / 23.32GiB   0.01%
cliente33    0.00%     2.844MiB / 23.32GiB   0.01%
cliente32    0.00%     2.852MiB / 23.32GiB   0.01%
cliente31    0.00%     2.844MiB / 23.32GiB   0.01%
cliente30    0.00%     2.844MiB / 23.32GiB   0.01%
cliente29    0.00%     2.852MiB / 23.32GiB   0.01%
cliente28    0.00%     2.852MiB / 23.32GiB   0.01%
cliente27    0.00%     2.84MiB / 23.32GiB    0.01%
cliente26    0.00%     2.84MiB / 23.32GiB    0.01%
cliente25    0.00%     2.844MiB / 23.32GiB   0.01%
cliente24    0.00%     2.836MiB / 23.32GiB   0.01%
cliente23    0.00%     2.844MiB / 23.32GiB   0.01%
cliente22    0.00%     2.84MiB / 23.32GiB    0.01%
cliente21    0.00%     2.844MiB / 23.32GiB   0.01%
cliente20    0.00%     2.84MiB / 23.32GiB    0.01%
cliente19    0.00%     2.848MiB / 23.32GiB   0.01%
cliente18    0.00%     2.848MiB / 23.32GiB   0.01%
cliente17    0.00%     2.852MiB / 23.32GiB   0.01%
cliente16    0.00%     2.844MiB / 23.32GiB   0.01%
cliente15    0.00%     2.852MiB / 23.32GiB   0.01%
cliente14    0.00%     2.844MiB / 23.32GiB   0.01%
cliente13    0.00%     2.848MiB / 23.32GiB   0.01%
cliente12    0.00%     2.852MiB / 23.32GiB   0.01%
cliente11    0.00%     2.848MiB / 23.32GiB   0.01%
--- 2026-06-03_18:18:51 ---
NAME         CPU %     MEM USAGE / LIMIT     MEM %
cliente10    99.37%    3.965MiB / 23.32GiB   0.02%
cliente9     97.45%    1.668MiB / 23.32GiB   0.01%
cliente8     99.99%    2.574MiB / 23.32GiB   0.01%
servidor     113.58%   37.15MiB / 23.32GiB   0.16%
cliente100   0.00%     2.855MiB / 23.32GiB   0.01%
cliente99    0.00%     2.848MiB / 23.32GiB   0.01%
cliente98    0.00%     2.84MiB / 23.32GiB    0.01%
cliente97    0.00%     2.844MiB / 23.32GiB   0.01%
cliente96    0.00%     2.848MiB / 23.32GiB   0.01%
cliente94    0.00%     2.836MiB / 23.32GiB   0.01%
cliente93    0.00%     2.852MiB / 23.32GiB   0.01%
cliente92    0.00%     2.855MiB / 23.32GiB   0.01%
cliente91    0.00%     2.852MiB / 23.32GiB   0.01%
cliente90    0.00%     2.844MiB / 23.32GiB   0.01%
cliente89    0.00%     2.848MiB / 23.32GiB   0.01%
cliente88    0.00%     2.848MiB / 23.32GiB   0.01%
cliente87    0.00%     2.852MiB / 23.32GiB   0.01%
cliente86    0.00%     2.852MiB / 23.32GiB   0.01%
cliente85    0.00%     2.844MiB / 23.32GiB   0.01%
cliente84    0.00%     2.844MiB / 23.32GiB   0.01%
cliente83    0.00%     2.852MiB / 23.32GiB   0.01%
cliente82    0.00%     2.852MiB / 23.32GiB   0.01%
cliente81    0.00%     2.852MiB / 23.32GiB   0.01%
cliente80    0.00%     2.844MiB / 23.32GiB   0.01%
cliente79    0.00%     2.84MiB / 23.32GiB    0.01%
cliente78    0.00%     2.844MiB / 23.32GiB   0.01%
cliente77    0.00%     2.855MiB / 23.32GiB   0.01%
cliente76    0.00%     2.84MiB / 23.32GiB    0.01%
cliente75    0.00%     2.848MiB / 23.32GiB   0.01%
cliente74    0.00%     2.852MiB / 23.32GiB   0.01%
cliente73    0.00%     2.84MiB / 23.32GiB    0.01%
cliente72    0.00%     2.848MiB / 23.32GiB   0.01%
cliente71    0.00%     2.848MiB / 23.32GiB   0.01%
cliente70    0.00%     2.848MiB / 23.32GiB   0.01%
cliente69    0.00%     2.844MiB / 23.32GiB   0.01%
cliente68    0.00%     2.852MiB / 23.32GiB   0.01%
cliente67    0.00%     2.855MiB / 23.32GiB   0.01%
cliente66    0.00%     2.844MiB / 23.32GiB   0.01%
cliente65    0.00%     2.863MiB / 23.32GiB   0.01%
cliente64    0.00%     2.855MiB / 23.32GiB   0.01%
cliente63    0.00%     2.844MiB / 23.32GiB   0.01%
cliente62    0.00%     2.844MiB / 23.32GiB   0.01%
cliente61    0.00%     2.938MiB / 23.32GiB   0.01%
cliente60    0.00%     2.832MiB / 23.32GiB   0.01%
cliente59    0.00%     2.855MiB / 23.32GiB   0.01%
cliente58    0.00%     2.844MiB / 23.32GiB   0.01%
cliente57    0.00%     2.848MiB / 23.32GiB   0.01%
cliente56    0.00%     2.855MiB / 23.32GiB   0.01%
cliente55    0.00%     2.848MiB / 23.32GiB   0.01%
cliente54    0.00%     2.84MiB / 23.32GiB    0.01%
cliente53    0.00%     2.844MiB / 23.32GiB   0.01%
cliente52    0.00%     2.852MiB / 23.32GiB   0.01%
cliente51    0.00%     2.852MiB / 23.32GiB   0.01%
cliente50    0.00%     2.844MiB / 23.32GiB   0.01%
cliente49    0.00%     2.852MiB / 23.32GiB   0.01%
cliente48    0.00%     2.852MiB / 23.32GiB   0.01%
cliente47    0.00%     2.848MiB / 23.32GiB   0.01%
cliente46    0.00%     2.844MiB / 23.32GiB   0.01%
cliente45    0.00%     2.84MiB / 23.32GiB    0.01%
cliente44    0.00%     2.844MiB / 23.32GiB   0.01%
cliente43    0.00%     2.848MiB / 23.32GiB   0.01%
cliente42    0.00%     2.844MiB / 23.32GiB   0.01%
cliente41    0.00%     2.848MiB / 23.32GiB   0.01%
cliente40    0.00%     2.848MiB / 23.32GiB   0.01%
cliente39    0.00%     2.848MiB / 23.32GiB   0.01%
cliente38    0.00%     2.84MiB / 23.32GiB    0.01%
cliente37    0.00%     2.848MiB / 23.32GiB   0.01%
cliente36    0.00%     2.844MiB / 23.32GiB   0.01%
cliente35    0.00%     2.855MiB / 23.32GiB   0.01%
cliente34    0.00%     2.844MiB / 23.32GiB   0.01%
cliente33    0.00%     2.844MiB / 23.32GiB   0.01%
cliente32    0.00%     2.852MiB / 23.32GiB   0.01%
cliente31    0.00%     2.844MiB / 23.32GiB   0.01%
cliente30    0.00%     2.844MiB / 23.32GiB   0.01%
cliente29    0.00%     2.852MiB / 23.32GiB   0.01%
cliente28    0.00%     2.852MiB / 23.32GiB   0.01%
cliente27    0.00%     2.84MiB / 23.32GiB    0.01%
cliente26    0.00%     2.84MiB / 23.32GiB    0.01%
cliente25    0.00%     2.844MiB / 23.32GiB   0.01%
cliente24    0.00%     2.836MiB / 23.32GiB   0.01%
cliente23    0.00%     2.844MiB / 23.32GiB   0.01%
cliente22    0.00%     2.84MiB / 23.32GiB    0.01%
cliente21    0.00%     2.844MiB / 23.32GiB   0.01%
cliente20    0.00%     2.84MiB / 23.32GiB    0.01%
cliente19    0.00%     2.848MiB / 23.32GiB   0.01%
cliente18    0.00%     2.848MiB / 23.32GiB   0.01%
cliente17    0.00%     2.852MiB / 23.32GiB   0.01%
cliente16    0.00%     2.844MiB / 23.32GiB   0.01%
cliente15    0.00%     2.852MiB / 23.32GiB   0.01%
cliente14    0.00%     2.844MiB / 23.32GiB   0.01%
cliente13    0.00%     2.848MiB / 23.32GiB   0.01%
cliente12    0.00%     2.852MiB / 23.32GiB   0.01%
cliente11    0.00%     2.848MiB / 23.32GiB   0.01%
--- 2026-06-03_18:18:57 ---
NAME         CPU %     MEM USAGE / LIMIT     MEM %
servidor     101.10%   36.16MiB / 23.32GiB   0.15%
cliente100   0.00%     2.855MiB / 23.32GiB   0.01%
cliente99    0.00%     2.848MiB / 23.32GiB   0.01%
cliente98    0.00%     2.84MiB / 23.32GiB    0.01%
cliente97    0.00%     2.844MiB / 23.32GiB   0.01%
cliente96    0.00%     2.848MiB / 23.32GiB   0.01%
cliente94    0.00%     2.836MiB / 23.32GiB   0.01%
cliente93    0.00%     2.852MiB / 23.32GiB   0.01%
cliente92    0.00%     2.855MiB / 23.32GiB   0.01%
cliente91    0.00%     2.852MiB / 23.32GiB   0.01%
cliente90    0.00%     2.844MiB / 23.32GiB   0.01%
cliente89    0.00%     2.848MiB / 23.32GiB   0.01%
cliente88    0.00%     2.848MiB / 23.32GiB   0.01%
cliente87    0.00%     2.852MiB / 23.32GiB   0.01%
cliente86    0.00%     2.852MiB / 23.32GiB   0.01%
cliente85    0.00%     2.844MiB / 23.32GiB   0.01%
cliente84    0.00%     2.844MiB / 23.32GiB   0.01%
cliente83    0.00%     2.852MiB / 23.32GiB   0.01%
cliente82    0.00%     2.852MiB / 23.32GiB   0.01%
cliente81    0.00%     2.852MiB / 23.32GiB   0.01%
cliente80    0.00%     2.844MiB / 23.32GiB   0.01%
cliente79    0.00%     2.84MiB / 23.32GiB    0.01%
cliente78    0.00%     2.844MiB / 23.32GiB   0.01%
cliente77    0.00%     2.855MiB / 23.32GiB   0.01%
cliente76    0.00%     2.84MiB / 23.32GiB    0.01%
cliente75    0.00%     2.848MiB / 23.32GiB   0.01%
cliente74    0.00%     2.852MiB / 23.32GiB   0.01%
cliente73    0.00%     2.84MiB / 23.32GiB    0.01%
cliente72    0.00%     2.848MiB / 23.32GiB   0.01%
cliente71    0.00%     2.848MiB / 23.32GiB   0.01%
cliente70    0.00%     2.848MiB / 23.32GiB   0.01%
cliente69    0.00%     2.844MiB / 23.32GiB   0.01%
cliente68    0.00%     2.852MiB / 23.32GiB   0.01%
cliente67    0.00%     2.855MiB / 23.32GiB   0.01%
cliente66    0.00%     2.844MiB / 23.32GiB   0.01%
cliente65    0.00%     2.863MiB / 23.32GiB   0.01%
cliente64    0.00%     2.855MiB / 23.32GiB   0.01%
cliente63    0.00%     2.844MiB / 23.32GiB   0.01%
cliente62    0.00%     2.844MiB / 23.32GiB   0.01%
cliente61    0.00%     2.938MiB / 23.32GiB   0.01%
cliente60    0.00%     2.832MiB / 23.32GiB   0.01%
cliente59    0.00%     2.855MiB / 23.32GiB   0.01%
cliente58    0.00%     2.844MiB / 23.32GiB   0.01%
cliente57    0.00%     2.848MiB / 23.32GiB   0.01%
cliente56    0.00%     2.855MiB / 23.32GiB   0.01%
cliente55    0.00%     2.848MiB / 23.32GiB   0.01%
cliente54    0.00%     2.84MiB / 23.32GiB    0.01%
cliente53    0.00%     2.844MiB / 23.32GiB   0.01%
cliente52    0.00%     2.852MiB / 23.32GiB   0.01%
cliente51    0.00%     2.852MiB / 23.32GiB   0.01%
cliente50    0.00%     2.844MiB / 23.32GiB   0.01%
cliente49    0.00%     2.852MiB / 23.32GiB   0.01%
cliente48    0.00%     2.852MiB / 23.32GiB   0.01%
cliente47    0.00%     2.848MiB / 23.32GiB   0.01%
cliente46    0.00%     2.844MiB / 23.32GiB   0.01%
cliente45    0.00%     2.84MiB / 23.32GiB    0.01%
cliente44    0.00%     2.844MiB / 23.32GiB   0.01%
cliente43    0.00%     2.848MiB / 23.32GiB   0.01%
cliente42    0.00%     2.844MiB / 23.32GiB   0.01%
cliente41    0.00%     2.848MiB / 23.32GiB   0.01%
cliente40    0.00%     2.848MiB / 23.32GiB   0.01%
cliente39    0.00%     2.848MiB / 23.32GiB   0.01%
cliente38    0.00%     2.84MiB / 23.32GiB    0.01%
cliente37    0.00%     2.848MiB / 23.32GiB   0.01%
cliente36    0.00%     2.844MiB / 23.32GiB   0.01%
cliente35    0.00%     2.855MiB / 23.32GiB   0.01%
cliente34    0.00%     2.844MiB / 23.32GiB   0.01%
cliente33    0.00%     2.844MiB / 23.32GiB   0.01%
cliente32    0.00%     2.852MiB / 23.32GiB   0.01%
cliente31    0.00%     2.844MiB / 23.32GiB   0.01%
cliente30    0.00%     2.844MiB / 23.32GiB   0.01%
cliente29    0.00%     2.852MiB / 23.32GiB   0.01%
cliente28    0.00%     2.852MiB / 23.32GiB   0.01%
cliente27    0.00%     2.84MiB / 23.32GiB    0.01%
cliente26    0.00%     2.84MiB / 23.32GiB    0.01%
cliente25    0.00%     2.844MiB / 23.32GiB   0.01%
cliente24    0.00%     2.836MiB / 23.32GiB   0.01%
cliente23    0.00%     2.844MiB / 23.32GiB   0.01%
cliente22    0.00%     2.84MiB / 23.32GiB    0.01%
cliente21    0.00%     2.844MiB / 23.32GiB   0.01%
cliente20    0.00%     2.84MiB / 23.32GiB    0.01%
cliente19    0.00%     2.848MiB / 23.32GiB   0.01%
cliente18    0.00%     2.848MiB / 23.32GiB   0.01%
cliente17    0.00%     2.852MiB / 23.32GiB   0.01%
cliente16    0.00%     2.844MiB / 23.32GiB   0.01%
cliente15    0.00%     2.852MiB / 23.32GiB   0.01%
cliente14    0.00%     2.844MiB / 23.32GiB   0.01%
cliente13    0.00%     2.848MiB / 23.32GiB   0.01%
cliente12    0.00%     2.852MiB / 23.32GiB   0.01%
cliente11    0.00%     2.848MiB / 23.32GiB   0.01%
--- 2026-06-03_18:19:02 ---
NAME         CPU %     MEM USAGE / LIMIT     MEM %
cliente100   0.00%     2.855MiB / 23.32GiB   0.01%
cliente99    0.00%     2.848MiB / 23.32GiB   0.01%
cliente98    0.00%     2.84MiB / 23.32GiB    0.01%
cliente97    0.00%     2.844MiB / 23.32GiB   0.01%
cliente96    0.00%     2.848MiB / 23.32GiB   0.01%
cliente94    0.00%     2.836MiB / 23.32GiB   0.01%
cliente93    0.00%     2.852MiB / 23.32GiB   0.01%
cliente92    0.00%     2.855MiB / 23.32GiB   0.01%
cliente91    0.00%     2.852MiB / 23.32GiB   0.01%
cliente90    0.00%     2.844MiB / 23.32GiB   0.01%
cliente89    0.00%     2.848MiB / 23.32GiB   0.01%
cliente88    0.00%     2.848MiB / 23.32GiB   0.01%
cliente87    0.00%     2.852MiB / 23.32GiB   0.01%
cliente86    0.00%     2.852MiB / 23.32GiB   0.01%
cliente85    0.00%     2.844MiB / 23.32GiB   0.01%
cliente84    0.00%     2.844MiB / 23.32GiB   0.01%
cliente83    0.00%     2.852MiB / 23.32GiB   0.01%
cliente82    0.00%     2.852MiB / 23.32GiB   0.01%
cliente81    0.00%     2.852MiB / 23.32GiB   0.01%
cliente80    0.00%     2.844MiB / 23.32GiB   0.01%
cliente79    0.00%     2.84MiB / 23.32GiB    0.01%
cliente78    0.00%     2.844MiB / 23.32GiB   0.01%
cliente77    0.00%     2.855MiB / 23.32GiB   0.01%
cliente76    0.00%     2.84MiB / 23.32GiB    0.01%
cliente75    0.00%     2.848MiB / 23.32GiB   0.01%
cliente74    0.00%     2.852MiB / 23.32GiB   0.01%
cliente73    0.00%     2.84MiB / 23.32GiB    0.01%
cliente72    0.00%     2.848MiB / 23.32GiB   0.01%
cliente71    0.00%     2.848MiB / 23.32GiB   0.01%
cliente70    0.00%     2.848MiB / 23.32GiB   0.01%
cliente69    0.00%     2.844MiB / 23.32GiB   0.01%
cliente68    0.00%     2.852MiB / 23.32GiB   0.01%
cliente67    0.00%     2.855MiB / 23.32GiB   0.01%
cliente66    0.00%     2.844MiB / 23.32GiB   0.01%
cliente65    0.00%     2.863MiB / 23.32GiB   0.01%
cliente64    0.00%     2.855MiB / 23.32GiB   0.01%
cliente63    0.00%     2.844MiB / 23.32GiB   0.01%
cliente62    0.00%     2.844MiB / 23.32GiB   0.01%
cliente61    0.00%     2.938MiB / 23.32GiB   0.01%
cliente60    0.00%     2.832MiB / 23.32GiB   0.01%
cliente59    0.00%     2.855MiB / 23.32GiB   0.01%
cliente58    0.00%     2.844MiB / 23.32GiB   0.01%
cliente57    0.00%     2.848MiB / 23.32GiB   0.01%
cliente56    0.00%     2.855MiB / 23.32GiB   0.01%
cliente55    0.00%     2.848MiB / 23.32GiB   0.01%
cliente54    0.00%     2.84MiB / 23.32GiB    0.01%
cliente53    0.00%     2.844MiB / 23.32GiB   0.01%
cliente52    0.00%     2.852MiB / 23.32GiB   0.01%
cliente51    0.00%     2.852MiB / 23.32GiB   0.01%
cliente50    0.00%     2.844MiB / 23.32GiB   0.01%
cliente49    0.00%     2.852MiB / 23.32GiB   0.01%
cliente48    0.00%     2.852MiB / 23.32GiB   0.01%
cliente47    0.00%     2.848MiB / 23.32GiB   0.01%
cliente46    0.00%     2.844MiB / 23.32GiB   0.01%
cliente45    0.00%     2.84MiB / 23.32GiB    0.01%
cliente44    0.00%     2.844MiB / 23.32GiB   0.01%
cliente43    0.00%     2.848MiB / 23.32GiB   0.01%
cliente42    0.00%     2.844MiB / 23.32GiB   0.01%
cliente41    0.00%     2.848MiB / 23.32GiB   0.01%
cliente40    0.00%     2.848MiB / 23.32GiB   0.01%
cliente39    0.00%     2.848MiB / 23.32GiB   0.01%
cliente38    0.00%     2.84MiB / 23.32GiB    0.01%
cliente37    0.00%     2.848MiB / 23.32GiB   0.01%
cliente36    0.00%     2.844MiB / 23.32GiB   0.01%
cliente35    0.00%     2.855MiB / 23.32GiB   0.01%
cliente34    0.00%     2.844MiB / 23.32GiB   0.01%
cliente33    0.00%     2.844MiB / 23.32GiB   0.01%
cliente32    0.00%     2.852MiB / 23.32GiB   0.01%
cliente31    0.00%     2.844MiB / 23.32GiB   0.01%
cliente30    0.00%     2.844MiB / 23.32GiB   0.01%
cliente29    0.00%     2.852MiB / 23.32GiB   0.01%
cliente28    0.00%     2.852MiB / 23.32GiB   0.01%
cliente27    0.00%     2.84MiB / 23.32GiB    0.01%
cliente26    0.00%     2.84MiB / 23.32GiB    0.01%
cliente25    0.00%     2.844MiB / 23.32GiB   0.01%
cliente24    0.00%     2.836MiB / 23.32GiB   0.01%
cliente23    0.00%     2.844MiB / 23.32GiB   0.01%
cliente22    0.00%     2.84MiB / 23.32GiB    0.01%
cliente21    0.00%     2.844MiB / 23.32GiB   0.01%
cliente20    0.00%     2.84MiB / 23.32GiB    0.01%
cliente19    0.00%     2.848MiB / 23.32GiB   0.01%
cliente18    0.00%     2.848MiB / 23.32GiB   0.01%
cliente17    0.00%     2.852MiB / 23.32GiB   0.01%
cliente16    0.00%     2.844MiB / 23.32GiB   0.01%
cliente15    0.00%     2.852MiB / 23.32GiB   0.01%
cliente14    0.00%     2.844MiB / 23.32GiB   0.01%
cliente13    0.00%     2.848MiB / 23.32GiB   0.01%
cliente12    0.00%     2.852MiB / 23.32GiB   0.01%
cliente11    0.00%     2.848MiB / 23.32GiB   0.01%
