Linux 6.17.0-19-generic (tolokoum-HP-ProBook-640-G4) 	03/06/2026 	_x86_64_	(8 CPU)

22:56:30     CPU    %usr   %nice    %sys %iowait    %irq   %soft  %steal  %guest  %gnice   %idle
22:56:31     all    3,79    0,00    2,90   14,02    0,00    0,00    0,00    0,00    0,00   79,29
22:56:32     all    8,86    0,13    4,05   10,76    0,00    0,00    0,00    0,00    0,00   76,20
22:56:33     all    6,43    0,00    4,79   11,73    0,00    0,13    0,00    0,00    0,00   76,92
22:56:34     all    5,55    0,00    5,30    6,05    0,00    0,00    0,00    0,00    0,00   83,10
22:56:35     all    4,82    0,13    4,44   11,91    0,00    0,00    0,00    0,00    0,00   78,71
22:56:36     all    7,22    0,00    5,19    9,87    0,00    0,00    0,00    0,00    0,00   77,72
22:56:37     all    2,38    0,00    2,51    4,14    0,00    0,00    0,00    0,00    0,00   90,97
22:56:38     all    0,75    0,00    1,01    1,01    0,00    0,00    0,00    0,00    0,00   97,23
22:56:39     all    1,38    0,00    1,50    0,63    0,00    0,13    0,00    0,00    0,00   96,37
22:56:40     all    1,00    0,00    1,75    0,00    0,00    0,00    0,00    0,00    0,00   97,24
22:56:41     all    0,75    0,00    0,88    2,01    0,00    0,00    0,00    0,00    0,00   96,37
22:56:42     all    1,39    0,00    1,64    0,00    0,00    0,00    0,00    0,00    0,00   96,97
22:56:43     all    1,00    0,00    1,25    0,00    0,00    0,00    0,00    0,00    0,00   97,76
22:56:44     all    2,90    0,13    2,40    9,09    0,00    0,00    0,00    0,00    0,00   85,48
22:56:45     all    3,03    0,00    2,14   13,11    0,00    0,00    0,00    0,00    0,00   81,72
22:56:46     all    8,86    0,13    5,44    8,99    0,00    0,00    0,00    0,00    0,00   76,58
22:56:47     all   12,44    0,00    2,39   15,58    0,00    0,00    0,00    0,00    0,00   69,60
22:56:48     all   14,99    0,00    3,53    9,70    0,00    0,00    0,00    0,00    0,00   71,79
22:56:49     all   18,34    0,00    3,39   15,58    0,00    0,13    0,00    0,00    0,00   62,56
22:56:50     all   20,00    0,00    4,30    9,87    0,00    0,00    0,00    0,00    0,00   65,82
22:56:51     all   19,12    0,00    3,65   14,84    0,00    0,00    0,00    0,00    0,00   62,39
22:56:52     all   19,25    0,13    3,65   10,69    0,00    0,13    0,00    0,00    0,00   66,16
22:56:53     all   20,78    0,00    4,28   10,45    0,00    0,13    0,00    0,00    0,00   64,36
22:56:54     all   18,26    0,00    3,53   14,61    0,00    0,00    0,00    0,00    0,00   63,60
22:56:55     all   20,08    0,13    4,52    9,16    0,00    0,13    0,00    0,00    0,00   66,00
22:56:56     all   18,41    0,00    3,03   12,74    0,00    0,00    0,00    0,00    0,00   65,83
22:56:57     all   21,58    0,25    5,02    9,41    0,00    0,00    0,00    0,00    0,00   63,74
22:56:58     all   18,71    0,00    3,16   12,64    0,00    0,25    0,00    0,00    0,00   65,23
22:56:59     all   20,43    0,13    4,89    9,40    0,00    0,13    0,00    0,00    0,00   65,04
22:57:00     all   19,22    0,13    3,54   13,15    0,00    0,00    0,00    0,00    0,00   63,97
22:57:01     all   19,75    0,00    4,03   10,94    0,00    0,00    0,00    0,00    0,00   65,28
22:57:02     all   20,93    0,00    4,39   13,03    0,00    0,25    0,00    0,00    0,00   61,40
22:57:03     all   19,12    0,00    4,78   11,70    0,00    0,00    0,00    0,00    0,00   64,40
22:57:04     all   21,83    0,00    4,57   10,28    0,00    0,00    0,00    0,00    0,00   63,32
22:57:05     all   19,45    0,00    4,02   14,43    0,00    0,13    0,00    0,00    0,00   61,98
22:57:06     all   24,09    0,00    4,79   11,48    0,00    0,00    0,00    0,00    0,00   59,65
22:57:07     all   21,61    0,00    4,52   22,61    0,00    0,25    0,00    0,00    0,00   51,01
22:57:08     all   19,50    0,00    3,27   21,64    0,00    0,00    0,00    0,00    0,00   55,60
22:57:09     all   20,10    0,00    3,77   25,88    0,00    0,13    0,00    0,00    0,00   50,13
22:57:10     all   22,00    0,00    5,56   16,06    0,00    0,13    0,00    0,00    0,00   56,26
22:57:11     all   18,77    0,13    3,38   19,15    0,00    0,00    0,00    0,00    0,00   58,57
22:57:12     all   20,76    0,13    4,94   10,76    0,00    0,00    0,00    0,00    0,00   63,42
22:57:13     all   18,11    0,13    3,27   18,62    0,00    0,00    0,00    0,00    0,00   59,87
22:57:14     all   22,29    0,00    5,16    9,57    0,00    0,00    0,00    0,00    0,00   62,97
22:57:15     all   19,10    0,00    4,52   13,32    0,00    0,00    0,00    0,00    0,00   63,07
22:57:16     all   20,55    0,00    5,26   10,40    0,00    0,00    0,00    0,00    0,00   63,78
22:57:17     all   19,70    0,00    4,04   14,14    0,00    0,13    0,00    0,00    0,00   61,99
22:57:18     all   20,99    0,00    4,05    9,48    0,00    0,00    0,00    0,00    0,00   65,49
22:57:19     all   21,19    0,00    5,42   10,84    0,00    0,00    0,00    0,00    0,00   62,55
22:57:20     all   19,72    0,00    4,02   10,18    0,00    0,00    0,00    0,00    0,00   66,08
22:57:21     all   20,91    0,25    4,82   10,14    0,00    0,00    0,00    0,00    0,00   63,88
22:57:22     all   20,85    0,13    4,27   10,55    0,00    0,00    0,00    0,00    0,00   64,20
22:57:23     all   21,03    0,00    4,91   10,96    0,00    0,13    0,00    0,00    0,00   62,97
22:57:24     all   18,72    0,00    4,40   10,93    0,00    0,13    0,00    0,00    0,00   65,83
22:57:25     all   22,07    0,13    5,30   10,09    0,00    0,00    0,00    0,00    0,00   62,42
22:57:26     all   18,35    0,00    3,29    9,75    0,00    0,00    0,00    0,00    0,00   68,61
22:57:27     all   22,77    0,00    5,16    9,06    0,00    0,38    0,00    0,00    0,00   62,64
22:57:28     all   19,70    0,00    3,76   22,71    0,00    0,13    0,00    0,00    0,00   53,70
22:57:29     all   21,82    0,00    5,67    9,33    0,00    0,00    0,00    0,00    0,00   63,18
22:57:30     all   19,10    0,00    4,15   15,83    0,00    0,00    0,00    0,00    0,00   60,93
22:57:31     all   21,31    0,13    4,16   10,72    0,00    0,00    0,00    0,00    0,00   63,68
22:57:32     all   21,44    0,00    5,30   11,22    0,00    0,13    0,00    0,00    0,00   61,92
22:57:33     all   18,74    0,00    3,65   21,64    0,00    0,13    0,00    0,00    0,00   55,85
22:57:34     all   21,72    0,00    4,55    8,84    0,00    0,00    0,00    0,00    0,00   64,90
22:57:35     all   18,88    0,12    3,62   13,50    0,00    0,12    0,00    0,00    0,00   63,75
22:57:36     all   24,27    0,00    6,35    9,66    0,00    0,00    0,00    0,00    0,00   59,72
22:57:37     all   19,90    0,25    4,03   10,08    0,00    0,00    0,00    0,00    0,00   65,74
22:57:38     all   19,32    0,00    4,64   10,79    0,00    0,00    0,00    0,00    0,00   65,24
22:57:39     all   21,39    0,13    5,19   11,14    0,00    0,25    0,00    0,00    0,00   61,90
22:57:40     all   20,30    0,00    3,76   29,70    0,00    0,00    0,00    0,00    0,00   46,24
22:57:41     all   19,87    0,00    3,90   11,57    0,00    0,00    0,00    0,00    0,00   64,65
22:57:42     all   21,19    0,13    5,67   11,48    0,00    0,00    0,00    0,00    0,00   61,54
22:57:43     all   18,01    0,00    3,02   22,04    0,00    0,13    0,00    0,00    0,00   56,80
22:57:44     all   22,66    0,00    5,32   11,14    0,00    0,13    0,00    0,00    0,00   60,76
22:57:45     all   19,50    0,13    4,65   13,84    0,00    0,13    0,00    0,00    0,00   61,76
22:57:46     all   18,97    0,00    4,02   14,82    0,00    0,13    0,00    0,00    0,00   62,06
22:57:47     all   20,00    0,00    5,16   10,06    0,00    0,13    0,00    0,00    0,00   64,65
22:57:48     all   22,11    0,13    4,65   19,97    0,00    0,00    0,00    0,00    0,00   53,14
22:57:49     all   18,97    0,00    4,27   14,32    0,00    0,13    0,00    0,00    0,00   62,31
22:57:50     all   21,19    0,00    5,58    8,50    0,00    0,00    0,00    0,00    0,00   64,72
22:57:51     all   18,67    0,13    3,88   17,17    0,00    0,13    0,00    0,00    0,00   60,03
22:57:52     all   18,11    0,00    4,03   15,72    0,00    0,00    0,00    0,00    0,00   62,14
22:57:53     all   20,93    0,13    4,79    9,21    0,00    0,13    0,00    0,00    0,00   64,82
22:57:54     all   21,46    0,13    4,55   10,98    0,00    0,00    0,00    0,00    0,00   62,88
22:57:55     all   20,20    0,13    5,02    9,79    0,00    0,13    0,00    0,00    0,00   64,74
22:57:56     all   21,09    0,00    5,05   14,52    0,00    0,13    0,00    0,00    0,00   59,22
22:57:57     all   19,00    0,12    4,12   11,75    0,00    0,00    0,00    0,00    0,00   65,00
22:57:58     all   20,61    0,00    5,06    8,34    0,00    0,00    0,00    0,00    0,00   65,99
22:57:59     all   18,77    0,00    3,65   15,24    0,00    0,13    0,00    0,00    0,00   62,22
22:58:00     all   23,93    0,00    6,30    9,19    0,00    0,13    0,00    0,00    0,00   60,45
22:58:01     all   19,57    0,13    4,55   18,69    0,00    0,00    0,00    0,00    0,00   57,07
22:58:02     all   19,15    0,00    4,13   11,76    0,00    0,00    0,00    0,00    0,00   64,96
22:58:03     all   20,79    0,00    4,94    7,98    0,00    0,13    0,00    0,00    0,00   66,16
22:58:04     all   18,77    0,00    3,65   19,27    0,00    0,00    0,00    0,00    0,00   58,31
22:58:05     all   22,29    0,00    5,42   12,22    0,00    0,13    0,00    0,00    0,00   59,95
22:58:06     all   21,80    0,00    5,45    9,89    0,00    0,13    0,00    0,00    0,00   62,74
22:58:07     all   18,52    0,00    3,88   15,02    0,00    0,00    0,00    0,00    0,00   62,58
22:58:08     all   23,00    0,25    5,62   11,62    0,00    0,25    0,00    0,00    0,00   59,25
22:58:09     all   19,29    0,00    4,70   19,92    0,00    0,00    0,00    0,00    0,00   56,09
22:58:10     all   21,59    0,00    4,42   15,53    0,00    0,00    0,00    0,00    0,00   58,46
22:58:11     all   21,83    0,00    5,46    9,64    0,00    0,00    0,00    0,00    0,00   63,07
22:58:12     all   19,20    0,13    4,27   18,19    0,00    0,00    0,00    0,00    0,00   58,22
22:58:13     all   19,22    0,00    4,40   10,68    0,00    0,13    0,00    0,00    0,00   65,58
22:58:14     all   20,96    0,13    5,68    8,71    0,00    0,13    0,00    0,00    0,00   64,39
22:58:15     all   21,77    0,00    4,30   10,63    0,00    0,00    0,00    0,00    0,00   63,29
22:58:16     all   21,19    0,13    5,67    8,95    0,00    0,00    0,00    0,00    0,00   64,06
22:58:17     all   19,85    0,25    4,40   15,58    0,00    0,00    0,00    0,00    0,00   59,92
22:58:18     all   18,34    0,13    4,02   11,18    0,00    0,00    0,00    0,00    0,00   66,33
22:58:19     all   22,25    0,13    6,32    8,98    0,00    0,13    0,00    0,00    0,00   62,20
22:58:20     all   21,01    0,00    3,54   19,62    0,00    0,00    0,00    0,00    0,00   55,82
22:58:21     all   21,97    0,00    6,19   10,73    0,00    0,13    0,00    0,00    0,00   60,98
22:58:22     all   20,10    0,00    4,40   12,06    0,00    0,00    0,00    0,00    0,00   63,44
22:58:23     all   18,70    0,13    4,14   11,42    0,00    0,13    0,00    0,00    0,00   65,50
22:58:24     all   20,99    0,13    5,18    8,34    0,00    0,13    0,00    0,00    0,00   65,23
22:58:25     all   18,62    0,12    4,38   13,38    0,00    0,12    0,00    0,00    0,00   63,38
22:58:26     all   24,05    0,00    5,60    7,76    0,00    0,13    0,00    0,00    0,00   62,47
22:58:27     all   21,64    0,00    5,66   11,70    0,00    0,00    0,00    0,00    0,00   61,01
22:58:28     all   19,62    0,00    4,43   12,28    0,00    0,00    0,00    0,00    0,00   63,67
22:58:29     all   20,58    0,00    5,27   10,04    0,00    0,13    0,00    0,00    0,00   63,99
22:58:30     all   18,99    0,13    4,40   17,23    0,00    0,00    0,00    0,00    0,00   59,25
22:58:31     all   23,70    0,13    5,96    7,98    0,00    0,13    0,00    0,00    0,00   62,10
22:58:32     all   21,48    0,25    6,16   11,93    0,00    0,00    0,00    0,00    0,00   60,18
22:58:33     all   19,62    0,00    4,40   13,58    0,00    0,00    0,00    0,00    0,00   62,39
22:58:34     all   21,42    0,00    5,58    8,49    0,00    0,00    0,00    0,00    0,00   64,51
22:58:35     all   18,62    0,12    4,12   22,62    0,00    0,25    0,00    0,00    0,00   54,25
22:58:36     all   24,11    0,13    5,46    9,90    0,00    0,00    0,00    0,00    0,00   60,41
22:58:37     all   21,41    0,00    5,79    8,44    0,00    0,00    0,00    0,00    0,00   64,36
22:58:38     all   20,50    0,00    5,16   13,96    0,00    0,00    0,00    0,00    0,00   60,38
22:58:39     all   18,79    0,00    3,91   12,36    0,00    0,00    0,00    0,00    0,00   64,94
22:58:40     all   21,11    0,13    5,53    8,67    0,00    0,13    0,00    0,00    0,00   64,45
22:58:41     all   23,34    0,25    5,77   26,85    0,00    0,00    0,00    0,00    0,00   43,79
22:58:42     all   19,95    0,00    4,80   14,02    0,00    0,13    0,00    0,00    0,00   61,11
22:58:43     all   22,54    0,00    7,18   13,10    0,00    0,13    0,00    0,00    0,00   57,05
22:58:44     all   18,66    0,00    4,04   15,01    0,00    0,13    0,00    0,00    0,00   62,17
22:58:45     all   20,91    0,00    4,82    9,38    0,00    0,00    0,00    0,00    0,00   64,89
22:58:46     all   21,39    0,00    4,94   22,78    0,00    0,00    0,00    0,00    0,00   50,89
22:58:47     all   21,72    0,25    4,87   11,86    0,00    0,00    0,00    0,00    0,00   61,30
22:58:48     all   20,96    0,00    5,81    8,84    0,00    0,13    0,00    0,00    0,00   64,27
22:58:49     all   19,19    0,00    3,91    7,20    0,00    0,00    0,00    0,00    0,00   69,70
22:58:50     all   17,63    0,00    2,90    1,76    0,00    0,13    0,00    0,00    0,00   77,58
22:58:51     all   21,59    0,00    4,29    0,00    0,00    0,00    0,00    0,00    0,00   74,12
22:58:52     all   17,96    0,00    3,52    0,00    0,00    0,00    0,00    0,00    0,00   78,52
22:58:53     all   18,18    0,00    3,54    0,00    0,00    0,00    0,00    0,00    0,00   78,28
22:58:54     all   17,67    0,00    2,76    1,50    0,00    0,13    0,00    0,00    0,00   77,94
22:58:55     all   21,94    0,00    4,16    0,00    0,00    0,00    0,00    0,00    0,00   73,90
22:58:56     all   17,96    0,00    3,52    0,00    0,00    0,13    0,00    0,00    0,00   78,39
22:58:57     all   18,47    0,00    3,64    0,00    0,00    0,00    0,00    0,00    0,00   77,89
22:58:58     all   17,69    0,00    3,14    0,38    0,00    0,00    0,00    0,00    0,00   78,80
22:58:59     all   21,51    0,00    4,15    2,01    0,00    0,00    0,00    0,00    0,00   72,33
22:59:00     all   18,42    0,00    3,13    0,00    0,00    0,13    0,00    0,00    0,00   78,32
22:59:01     all   18,18    0,00    3,41    0,00    0,00    0,00    0,00    0,00    0,00   78,41
22:59:02     all   17,23    0,00    2,77    0,00    0,00    0,00    0,00    0,00    0,00   80,00
22:59:03     all   20,20    0,00    4,27    0,00    0,00    0,00    0,00    0,00    0,00   75,53
22:59:04     all   20,99    0,00    3,41    1,90    0,00    0,13    0,00    0,00    0,00   73,58
22:59:05     all   18,12    0,00    3,50    0,25    0,00    0,00    0,00    0,00    0,00   78,12
22:59:06     all   18,28    0,00    3,78    0,00    0,00    0,00    0,00    0,00    0,00   77,93
22:59:07     all   17,25    0,00    2,75    0,00    0,00    0,00    0,00    0,00    0,00   80,00
22:59:08     all   21,74    0,00    4,30    0,00    0,00    0,25    0,00    0,00    0,00   73,70
22:59:09     all   18,11    0,00    3,40    1,38    0,00    0,00    0,00    0,00    0,00   77,11
22:59:10     all   18,19    0,00    3,76    0,63    0,00    0,00    0,00    0,00    0,00   77,42
22:59:11     all   16,98    0,00    3,02    1,38    0,00    0,00    0,00    0,00    0,00   78,62
22:59:12     all   21,82    0,00    4,04    2,27    0,00    0,00    0,00    0,00    0,00   71,88
22:59:13     all   17,92    0,00    3,63    0,00    0,00    0,13    0,00    0,00    0,00   78,32
22:59:14     all   18,64    0,00    3,53    2,77    0,00    0,13    0,00    0,00    0,00   74,94
22:59:15     all   17,27    0,00    3,13    0,00    0,00    0,13    0,00    0,00    0,00   79,47
22:59:16     all   21,94    0,00    4,16    0,00    0,00    0,00    0,00    0,00    0,00   73,90
22:59:17     all   18,64    0,00    3,53    0,00    0,00    0,00    0,00    0,00    0,00   77,83
22:59:18     all   21,03    0,00    4,03    1,13    0,00    0,00    0,00    0,00    0,00   73,80
22:59:19     all   18,16    0,00    3,03    4,79    0,00    0,13    0,00    0,00    0,00   73,90
22:59:20     all   18,96    0,00    3,41    0,00    0,00    0,00    0,00    0,00    0,00   77,62
22:59:21     all   21,26    0,00    3,65    0,00    0,00    0,00    0,00    0,00    0,00   75,09
22:59:22     all   17,96    0,00    3,52    0,00    0,00    0,00    0,00    0,00    0,00   78,52
22:59:23     all   18,46    0,00    3,54    0,00    0,00    0,13    0,00    0,00    0,00   77,88
22:59:24     all   17,28    0,00    2,77    0,13    0,00    0,13    0,00    0,00    0,00   79,70
22:59:25     all   21,84    0,00    4,29    1,01    0,00    0,13    0,00    0,00    0,00   72,73
22:59:26     all   18,22    0,00    3,52    0,00    0,00    0,00    0,00    0,00    0,00   78,27
22:59:27     all   18,08    0,00    3,67    0,00    0,00    0,00    0,00    0,00    0,00   78,26
22:59:28     all   17,77    0,00    3,13    0,00    0,00    0,00    0,00    0,00    0,00   79,10
22:59:29     all   22,19    0,00    3,91    0,00    0,00    0,00    0,00    0,00    0,00   73,90
22:59:30     all   18,47    0,00    3,27    1,88    0,00    0,00    0,00    0,00    0,00   76,38
22:59:31     all   18,46    0,00    3,54    0,00    0,00    0,00    0,00    0,00    0,00   78,00
22:59:32     all   17,23    0,00    2,89    0,00    0,00    0,00    0,00    0,00    0,00   79,87
22:59:33     all   21,64    0,00    4,28    0,00    0,00    0,00    0,00    0,00    0,00   74,09
22:59:34     all   19,47    0,00    3,77    2,14    0,00    0,13    0,00    0,00    0,00   74,50
22:59:35     all   17,94    0,00    4,02    0,00    0,00    0,00    0,00    0,00    0,00   78,04
22:59:36     all   18,22    0,00    3,77    0,00    0,00    0,00    0,00    0,00    0,00   78,02
22:59:37     all   18,70    0,00    3,39    0,00    0,00    0,13    0,00    0,00    0,00   77,79
22:59:38     all   21,03    0,00    3,90    0,00    0,00    0,00    0,00    0,00    0,00   75,06
22:59:39     all   18,32    0,00    3,64    2,51    0,00    0,00    0,00    0,00    0,00   75,53
22:59:40     all   18,28    0,00    3,53    0,00    0,00    0,00    0,00    0,00    0,00   78,18
22:59:41     all   17,46    0,00    3,02    0,00    0,00    0,00    0,00    0,00    0,00   79,52
22:59:42     all   21,97    0,00    3,54    1,77    0,00    0,00    0,00    0,00    0,00   72,73
22:59:43     all   18,26    0,00    3,53    1,51    0,00    0,00    0,00    0,00    0,00   76,70
22:59:44     all   18,09    0,00    3,64    2,64    0,00    0,00    0,00    0,00    0,00   75,63
22:59:45     all   17,00    0,00    2,90    0,00    0,00    0,13    0,00    0,00    0,00   79,97
22:59:46     all   21,93    0,00    4,01    0,00    0,00    0,25    0,00    0,00    0,00   73,81
22:59:47     all   19,22    0,00    3,52    0,00    0,00    0,00    0,00    0,00    0,00   77,26
22:59:48     all   18,62    0,00    3,27    0,00    0,00    0,00    0,00    0,00    0,00   78,11
22:59:49     all   17,17    0,00    3,16    1,14    0,00    0,00    0,00    0,00    0,00   78,54
22:59:50     all   22,03    0,00    3,88    0,25    0,00    0,00    0,00    0,00    0,00   73,84
22:59:51     all   17,62    0,00    3,42    1,65    0,00    0,00    0,00    0,00    0,00   77,31
22:59:52     all   18,20    0,00    3,99    1,25    0,00    0,12    0,00    0,00    0,00   76,43
22:59:53     all   17,42    0,00    3,13    0,00    0,00    0,00    0,00    0,00    0,00   79,45
22:59:54     all   18,28    0,00    3,28    1,77    0,00    0,13    0,00    0,00    0,00   76,54
22:59:55     all   20,95    0,00    4,02    0,00    0,00    0,00    0,00    0,00    0,00   75,03
22:59:56     all   17,70    0,00    3,54    0,00    0,00    0,00    0,00    0,00    0,00   78,76
22:59:57     all   18,47    0,00    3,39    0,00    0,00    0,00    0,00    0,00    0,00   78,14
22:59:58     all   17,60    0,00    3,12    0,00    0,00    0,00    0,00    0,00    0,00   79,28
22:59:59     all   21,95    0,00    3,81    2,54    0,00    0,00    0,00    0,00    0,00   71,70
23:00:00     all   18,14    0,00    3,65    0,00    0,00    0,13    0,00    0,00    0,00   78,09
23:00:01     all   18,07    0,00    3,89    0,00    0,00    0,00    0,00    0,00    0,00   78,04
23:00:02     all   17,40    0,00    3,25    0,00    0,00    0,00    0,00    0,00    0,00   79,35
23:00:03     all   21,93    0,00    4,51    0,00    0,00    0,13    0,00    0,00    0,00   73,43
23:00:04     all   17,55    0,00    3,66    2,15    0,00    0,00    0,00    0,00    0,00   76,64
23:00:05     all   18,07    0,00    4,02    0,50    0,00    0,00    0,00    0,00    0,00   77,42
23:00:06     all   17,46    0,00    3,52    0,00    0,00    0,00    0,00    0,00    0,00   79,02
23:00:07     all   21,73    0,00    3,81    0,00    0,00    0,00    0,00    0,00    0,00   74,46
23:00:08     all   18,19    0,00    3,51    0,00    0,00    0,00    0,00    0,00    0,00   78,29
23:00:09     all   18,39    0,00    3,40    1,01    0,00    0,00    0,00    0,00    0,00   77,20
23:00:10     all   17,59    0,00    2,76    0,75    0,00    0,00    0,00    0,00    0,00   78,89
23:00:11     all   18,47    0,00    3,02    0,00    0,00    0,00    0,00    0,00    0,00   78,52
23:00:12     all   20,89    0,00    3,54    2,28    0,00    0,00    0,00    0,00    0,00   73,29
23:00:13     all   18,05    0,00    3,51    1,63    0,00    0,00    0,00    0,00    0,00   76,82
23:00:14     all   18,41    0,00    3,40    1,89    0,00    0,00    0,00    0,00    0,00   76,29
23:00:15     all   17,15    0,00    2,88    0,00    0,00    0,13    0,00    0,00    0,00   79,85
23:00:16     all   21,87    0,00    3,79    0,00    0,00    0,00    0,00    0,00    0,00   74,34
23:00:17     all   18,17    0,00    3,76    1,88    0,00    0,00    0,00    0,00    0,00   76,19
23:00:18     all   18,47    0,00    3,39    3,89    0,00    0,00    0,00    0,00    0,00   74,25
23:00:19     all   17,21    0,00    2,89    0,00    0,00    0,00    0,00    0,00    0,00   79,90
23:00:20     all   21,69    0,00    3,53    0,00    0,00    0,25    0,00    0,00    0,00   74,53
23:00:21     all   18,32    0,00    3,26    0,00    0,00    0,00    0,00    0,00    0,00   78,42
23:00:22     all   18,34    0,00    3,52    0,00    0,00    0,00    0,00    0,00    0,00   78,14
23:00:23     all   17,25    0,00    2,77    0,76    0,00    0,00    0,00    0,00    0,00   79,22
23:00:24     all   21,46    0,00    3,66    0,00    0,00    0,00    0,00    0,00    0,00   74,87
23:00:25     all   18,54    0,00    3,53    0,38    0,00    0,00    0,00    0,00    0,00   77,55
23:00:26     all   18,42    0,00    3,13    0,00    0,00    0,13    0,00    0,00    0,00   78,32
23:00:27     all   17,11    0,00    3,14    0,00    0,00    0,00    0,00    0,00    0,00   79,75
23:00:28     all   18,74    0,00    3,27    0,88    0,00    0,00    0,00    0,00    0,00   77,11
23:00:29     all   20,58    0,00    3,64    0,00    0,00    0,00    0,00    0,00    0,00   75,78
23:00:30     all   18,03    0,00    3,15    0,00    0,00    0,00    0,00    0,00    0,00   78,81
23:00:31     all   18,59    0,00    3,39    0,00    0,00    0,00    0,00    0,00    0,00   78,02
23:00:32     all   17,15    0,00    3,00    0,00    0,00    0,00    0,00    0,00    0,00   79,85
23:00:33     all   22,26    0,00    3,65    1,26    0,00    0,13    0,00    0,00    0,00   72,70
23:00:34     all   18,36    0,00    3,40    0,00    0,00    0,00    0,00    0,00    0,00   78,24
23:00:35     all   17,78    0,00    3,53    0,00    0,00    0,13    0,00    0,00    0,00   78,56
23:00:36     all   18,01    0,00    3,90    0,00    0,00    0,13    0,00    0,00    0,00   77,96
23:00:37     all   21,97    0,00    3,54    0,00    0,00    0,00    0,00    0,00    0,00   74,49
23:00:38     all   18,32    0,00    3,39    0,38    0,00    0,00    0,00    0,00    0,00   77,92
23:00:39     all   18,62    0,00    3,52    0,00    0,00    0,00    0,00    0,00    0,00   77,86
23:00:40     all   16,98    0,00    3,62    0,00    0,00    0,12    0,00    0,00    0,00   79,28
23:00:41     all   22,01    0,00    4,40    0,13    0,00    0,13    0,00    0,00    0,00   73,33
23:00:42     all   17,83    0,00    3,41    0,76    0,00    0,00    0,00    0,00    0,00   78,00
23:00:43     all   18,34    0,00    3,77    0,38    0,00    0,00    0,00    0,00    0,00   77,51
23:00:44     all   17,31    0,00    2,89    1,13    0,00    0,00    0,00    0,00    0,00   78,67
23:00:45     all   19,67    0,00    3,51    0,00    0,00    0,13    0,00    0,00    0,00   76,69
23:00:46     all   19,42    0,00    3,78    0,00    0,00    0,00    0,00    0,00    0,00   76,80
23:00:47     all   18,26    0,00    3,15    0,00    0,00    0,00    0,00    0,00    0,00   78,59
23:00:48     all   17,86    0,00    3,77    0,00    0,00    0,00    0,00    0,00    0,00   78,36
23:00:49     all   17,34    0,00    2,89    0,25    0,00    0,00    0,00    0,00    0,00   79,52
23:00:50     all   21,98    0,00    4,02    0,00    0,00    0,00    0,00    0,00    0,00   73,99
23:00:51     all   17,51    0,00    3,53    0,00    0,00    0,00    0,00    0,00    0,00   78,97
23:00:52     all   20,08    0,00    4,04    0,00    0,00    0,00    0,00    0,00    0,00   75,88
23:00:53     all   17,52    0,00    2,88    0,00    0,00    0,00    0,00    0,00    0,00   79,60
23:00:54     all   21,79    0,00    3,65    0,13    0,00    0,13    0,00    0,00    0,00   74,31
23:00:55     all   17,65    0,00    3,53    0,00    0,00    0,00    0,00    0,00    0,00   78,81
23:00:56     all   18,26    0,00    3,53    0,00    0,00    0,00    0,00    0,00    0,00   78,21
23:00:57     all   17,54    0,00    3,26    0,00    0,00    0,00    0,00    0,00    0,00   79,20
23:00:58     all   21,84    0,00    3,66    0,00    0,00    0,00    0,00    0,00    0,00   74,49
23:00:59     all   18,42    0,00    3,38    0,50    0,00    0,00    0,00    0,00    0,00   77,69
23:01:00     all   18,09    0,00    3,77    0,00    0,00    0,13    0,00    0,00    0,00   78,02
23:01:01     all   17,48    0,00    2,52    0,00    0,00    0,13    0,00    0,00    0,00   79,87
23:01:02     all   19,50    0,00    3,40    0,38    0,00    0,00    0,00    0,00    0,00   76,73
23:01:03     all   19,67    0,00    3,66    0,00    0,00    0,00    0,00    0,00    0,00   76,67
23:01:04     all   17,74    0,00    3,52    0,00    0,00    0,00    0,00    0,00    0,00   78,74
23:01:05     all   18,11    0,00    3,65    0,00    0,00    0,00    0,00    0,00    0,00   78,24
23:01:06     all   17,09    0,00    3,02    0,00    0,00    0,00    0,00    0,00    0,00   79,90
23:01:07     all   21,77    0,00    4,05    0,13    0,00    0,13    0,00    0,00    0,00   73,92
23:01:08     all   17,94    0,00    3,26    0,00    0,00    0,13    0,00    0,00    0,00   78,67
23:01:09     all   18,06    0,00    3,79    0,00    0,00    0,00    0,00    0,00    0,00   78,16
23:01:10     all   17,74    0,00    2,52    0,00    0,00    0,00    0,00    0,00    0,00   79,75
23:01:11     all   21,46    0,00    4,14    0,00    0,00    0,13    0,00    0,00    0,00   74,28
23:01:12     all   18,18    0,00    3,54    0,38    0,00    0,00    0,00    0,00    0,00   77,90
23:01:13     all   18,22    0,00    3,39    0,50    0,00    0,00    0,00    0,00    0,00   77,89
23:01:14     all   17,19    0,00    3,29    0,00    0,00    0,00    0,00    0,00    0,00   79,52
23:01:15     all   21,88    0,00    4,00    2,38    0,00    0,00    0,00    0,00    0,00   71,75
23:01:16     all   18,39    0,00    3,40    0,00    0,00    0,00    0,00    0,00    0,00   78,21
23:01:17     all   18,74    0,00    3,77    0,00    0,00    0,00    0,00    0,00    0,00   77,48
23:01:18     all   17,54    0,00    3,01    0,00    0,00    0,00    0,00    0,00    0,00   79,45
23:01:19     all   19,80    0,00    3,66    0,00    0,00    0,00    0,00    0,00    0,00   76,54
23:01:20     all   18,92    0,00    3,66    0,13    0,00    0,00    0,00    0,00    0,00   77,30
23:01:21     all   18,27    0,00    3,50    0,00    0,00    0,00    0,00    0,00    0,00   78,22
23:01:22     all   19,65    0,00    3,65    1,13    0,00    0,13    0,00    0,00    0,00   75,44
23:01:23     all   18,67    0,00    3,51    0,38    0,00    0,13    0,00    0,00    0,00   77,32
23:01:24     all   45,82    0,00    4,68    0,63    0,00    0,00    0,00    0,00    0,00   48,86
23:01:25     all   19,07    0,00    3,89    0,88    0,00    0,13    0,00    0,00    0,00   76,04
23:01:26     all   19,55    0,00    4,16    0,63    0,00    0,25    0,00    0,00    0,00   75,41
23:01:27     all   18,55    0,00    4,26    1,13    0,00    0,13    0,00    0,00    0,00   75,94
23:01:28     all   24,27    0,00    5,56    0,38    0,00    0,13    0,00    0,00    0,00   69,66
23:01:29     all   21,03    0,00    5,79    0,38    0,00    0,00    0,00    0,00    0,00   72,80
23:01:30     all   23,21    0,00    6,65    0,25    0,00    0,00    0,00    0,00    0,00   69,89
23:01:31     all   22,54    0,00    6,55    0,13    0,00    0,00    0,00    0,00    0,00   70,78
23:01:32     all   28,46    0,00    8,44    0,50    0,00    0,00    0,00    0,00    0,00   62,59
23:01:33     all   26,04    0,00    6,45    2,65    0,00    0,00    0,00    0,00    0,00   64,85
23:01:34     all   18,59    0,00    3,89    0,00    0,00    0,00    0,00    0,00    0,00   77,51
23:01:35     all   17,54    0,00    3,01    0,00    0,00    0,00    0,00    0,00    0,00   79,45
23:01:36     all   19,37    0,00    3,90    0,00    0,00    0,00    0,00    0,00    0,00   76,73
23:01:37     all   21,01    0,00    4,03    0,00    0,00    0,00    0,00    0,00    0,00   74,97
23:01:38     all   18,11    0,00    3,27    0,25    0,00    0,00    0,00    0,00    0,00   78,36
23:01:39     all   18,40    0,00    3,75    0,00    0,00    0,00    0,00    0,00    0,00   77,85
23:01:40     all   16,96    0,00    3,14    0,00    0,00    0,13    0,00    0,00    0,00   79,77
23:01:41     all   21,72    0,00    3,66    0,00    0,00    0,13    0,00    0,00    0,00   74,49
23:01:42     all   17,67    0,00    3,88    0,00    0,00    0,00    0,00    0,00    0,00   78,45
23:01:43     all   18,39    0,00    3,40    0,76    0,00    0,00    0,00    0,00    0,00   77,46
23:01:44     all   17,62    0,00    2,88    0,00    0,00    0,00    0,00    0,00    0,00   79,50
23:01:45     all   22,01    0,00    3,65    0,38    0,00    0,00    0,00    0,00    0,00   73,96
23:01:46     all   17,88    0,00    3,27    1,39    0,00    0,00    0,00    0,00    0,00   77,46
23:01:47     all   18,90    0,00    3,75    0,00    0,00    0,00    0,00    0,00    0,00   77,35
23:01:48     all   17,00    0,00    2,77    0,00    0,00    0,00    0,00    0,00    0,00   80,23
23:01:49     all   21,43    0,00    4,01    0,00    0,00    0,25    0,00    0,00    0,00   74,31
23:01:50     all   18,01    0,00    3,40    0,00    0,00    0,00    0,00    0,00    0,00   78,59
23:01:51     all   17,88    0,00    3,90    0,25    0,00    0,00    0,00    0,00    0,00   77,96
23:01:52     all   17,29    0,00    2,88    0,00    0,00    0,00    0,00    0,00    0,00   79,82
23:01:53     all   19,14    0,00    3,27    0,00    0,00    0,13    0,00    0,00    0,00   77,46
23:01:54     all   20,25    0,00    3,65    0,00    0,00    0,00    0,00    0,00    0,00   76,10
23:01:55     all   18,07    0,00    3,14    0,00    0,00    0,13    0,00    0,00    0,00   78,67
23:01:56     all   17,84    0,00    4,27    0,38    0,00    0,00    0,00    0,00    0,00   77,51
23:01:57     all   17,59    0,00    2,76    0,00    0,00    0,00    0,00    0,00    0,00   79,65
23:01:58     all   22,10    0,00    3,41    0,00    0,00    0,00    0,00    0,00    0,00   74,49
23:01:59     all   18,17    0,00    3,38    0,00    0,00    0,00    0,00    0,00    0,00   78,45
23:02:00     all   18,28    0,00    3,40    0,00    0,00    0,00    0,00    0,00    0,00   78,31
23:02:01     all   17,59    0,00    2,39    0,25    0,00    0,00    0,00    0,00    0,00   79,77
23:02:02     all   21,62    0,00    3,92    0,00    0,00    0,00    0,00    0,00    0,00   74,46
23:02:03     all   19,67    0,00    4,14    0,00    0,00    0,00    0,00    0,00    0,00   76,19
23:02:04     all   19,37    0,00    3,67    0,38    0,00    0,00    0,00    0,00    0,00   76,58
23:02:05     all   17,92    0,00    2,38    0,00    0,00    0,13    0,00    0,00    0,00   79,57
23:02:06     all   21,11    0,00    4,27    0,38    0,00    0,00    0,00    0,00    0,00   74,25
23:02:07     all   18,36    0,00    3,52    0,00    0,00    0,00    0,00    0,00    0,00   78,11
23:02:08     all   18,28    0,00    3,53    0,00    0,00    0,00    0,00    0,00    0,00   78,18
23:02:09     all   17,19    0,00    3,39    0,00    0,00    0,00    0,00    0,00    0,00   79,42
23:02:10     all   19,10    0,00    3,39    0,00    0,00    0,13    0,00    0,00    0,00   77,39
23:02:11     all   20,23    0,00    3,39    0,38    0,00    0,25    0,00    0,00    0,00   75,75
23:02:12     all   18,05    0,00    3,51    0,00    0,00    0,13    0,00    0,00    0,00   78,32
23:02:13     all   18,70    0,00    3,76    0,63    0,00    0,00    0,00    0,00    0,00   76,91
23:02:14     all   17,54    0,00    2,63    0,00    0,00    0,00    0,00    0,00    0,00   79,82
23:02:15     all   21,34    0,00    4,04    0,63    0,00    0,00    0,00    0,00    0,00   73,99
23:02:16     all   18,03    0,00    3,28    0,00    0,00    0,00    0,00    0,00    0,00   78,69
23:02:17     all   18,26    0,00    3,65    1,13    0,00    0,13    0,00    0,00    0,00   76,83
23:02:18     all   17,29    0,00    2,88    0,00    0,00    0,00    0,00    0,00    0,00   79,82
23:02:19     all   21,67    0,00    3,55    0,00    0,00    0,00    0,00    0,00    0,00   74,78
23:02:20     all   18,27    0,00    3,25    0,00    0,00    0,00    0,00    0,00    0,00   78,47
23:02:21     all   18,16    0,00    3,53    0,00    0,00    0,00    0,00    0,00    0,00   78,31
23:02:22     all   17,31    0,00    2,76    0,00    0,00    0,13    0,00    0,00    0,00   79,80
23:02:23     all   22,03    0,00    4,05    0,00    0,00    0,00    0,00    0,00    0,00   73,92
23:02:24     all   18,14    0,00    3,27    0,00    0,00    0,00    0,00    0,00    0,00   78,59
23:02:25     all   18,34    0,00    3,77    0,00    0,00    0,13    0,00    0,00    0,00   77,76
23:02:26     all   17,21    0,00    2,76    0,00    0,00    0,00    0,00    0,00    0,00   80,03
23:02:27     all   19,27    0,00    3,53    0,00    0,00    0,00    0,00    0,00    0,00   77,20
23:02:28     all   19,35    0,00    3,89    0,00    0,00    0,00    0,00    0,00    0,00   76,76
23:02:29     all   18,09    0,00    3,39    0,00    0,00    0,00    0,00    0,00    0,00   78,52
23:02:30     all   18,16    0,00    3,40    0,00    0,00    0,00    0,00    0,00    0,00   78,44
23:02:31     all   17,04    0,00    3,13    0,00    0,00    0,00    0,00    0,00    0,00   79,82
23:02:32     all   21,96    0,00    4,02    0,63    0,00    0,00    0,00    0,00    0,00   73,40
23:02:33     all   17,86    0,00    3,27    0,00    0,00    0,00    0,00    0,00    0,00   78,87
23:02:34     all   18,92    0,00    3,76    0,00    0,00    0,13    0,00    0,00    0,00   77,19
23:02:35     all   17,32    0,00    2,53    0,00    0,00    0,00    0,00    0,00    0,00   80,15
23:02:36     all   22,64    0,00    5,03    0,00    0,00    0,25    0,00    0,00    0,00   72,08
23:02:37     all   18,34    0,00    3,52    0,38    0,00    0,13    0,00    0,00    0,00   77,64
23:02:38     all   18,42    0,00    3,76    0,00    0,00    0,00    0,00    0,00    0,00   77,82
23:02:39     all   17,36    0,00    2,89    0,00    0,00    0,00    0,00    0,00    0,00   79,75
23:02:40     all   21,71    0,00    4,02    0,00    0,00    0,00    0,00    0,00    0,00   74,28
23:02:41     all   18,36    0,00    3,27    0,00    0,00    0,13    0,00    0,00    0,00   78,24
23:02:42     all   18,11    0,00    3,77    0,38    0,00    0,00    0,00    0,00    0,00   77,74
23:02:43     all   17,17    0,00    3,26    0,00    0,00    0,00    0,00    0,00    0,00   79,57
23:02:44     all   19,80    0,00    3,78    0,50    0,00    0,00    0,00    0,00    0,00   75,91
23:02:45     all   19,47    0,00    3,14    0,00    0,00    0,00    0,00    0,00    0,00   77,39
23:02:46     all   17,96    0,00    3,39    0,75    0,00    0,00    0,00    0,00    0,00   77,89
23:02:47     all   18,43    0,00    3,41    0,00    0,00    0,13    0,00    0,00    0,00   78,03
23:02:48     all   17,54    0,00    2,88    1,63    0,00    0,13    0,00    0,00    0,00   77,82
23:02:49     all   22,26    0,00    3,90    0,00    0,00    0,00    0,00    0,00    0,00   73,84
23:02:50     all   18,36    0,00    3,14    0,00    0,00    0,00    0,00    0,00    0,00   78,49
23:02:51     all   18,11    0,00    3,77    0,00    0,00    0,00    0,00    0,00    0,00   78,11
23:02:52     all   17,09    0,00    3,27    0,00    0,00    0,00    0,00    0,00    0,00   79,65
23:02:53     all   21,64    0,00    3,77    2,14    0,00    0,00    0,00    0,00    0,00   72,45
23:02:54     all   18,07    0,00    3,64    0,00    0,00    0,00    0,00    0,00    0,00   78,29
23:02:55     all   20,38    0,00    4,03    0,00    0,00    0,00    0,00    0,00    0,00   75,60
23:02:56     all   17,21    0,00    2,76    0,00    0,00    0,13    0,00    0,00    0,00   79,90
23:02:57     all   21,65    0,00    3,92    0,00    0,00    0,00    0,00    0,00    0,00   74,43
23:02:58     all   18,01    0,00    2,90    0,25    0,00    0,00    0,00    0,00    0,00   78,84
23:02:59     all   18,34    0,00    3,39    0,00    0,00    0,00    0,00    0,00    0,00   78,27
23:03:00     all   17,19    0,00    3,14    0,00    0,00    0,00    0,00    0,00    0,00   79,67
23:03:01     all   20,81    0,00    3,40    0,00    0,00    0,00    0,00    0,00    0,00   75,79
23:03:02     all   18,40    0,00    3,75    0,13    0,00    0,00    0,00    0,00    0,00   77,72
23:03:03     all   18,14    0,00    3,27    0,25    0,00    0,00    0,00    0,00    0,00   78,34
23:03:04     all   18,22    0,00    3,77    0,00    0,00    0,00    0,00    0,00    0,00   78,02
23:03:05     all   17,31    0,00    2,89    0,00    0,00    0,00    0,00    0,00    0,00   79,80
23:03:06     all   22,76    0,00    4,05    0,00    0,00    0,00    0,00    0,00    0,00   73,20
23:03:07     all   26,89    0,00    4,80    6,57    0,00    0,13    0,00    0,00    0,00   61,62
23:03:08     all   20,03    0,00    4,28    4,53    0,00    0,13    0,00    0,00    0,00   71,03
23:03:09     all   17,79    0,00    3,26    0,00    0,00    0,00    0,00    0,00    0,00   78,95
23:03:10     all   21,93    0,00    3,93    0,00    0,00    0,13    0,00    0,00    0,00   74,02
23:03:11     all   18,30    0,00    3,38    0,00    0,00    0,00    0,00    0,00    0,00   78,32
23:03:12     all   18,73    0,00    3,29    0,00    0,00    0,13    0,00    0,00    0,00   77,85
23:03:13     all   17,50    0,00    3,25    0,25    0,00    0,12    0,00    0,00    0,00   78,88
23:03:14     all   21,91    0,00    4,03    0,76    0,00    0,25    0,00    0,00    0,00   73,05
23:03:15     all   18,12    0,00    3,88    0,00    0,00    0,12    0,00    0,00    0,00   77,88
23:03:16     all   18,89    0,00    3,40    0,63    0,00    0,00    0,00    0,00    0,00   77,08
23:03:17     all   17,74    0,00    3,02    0,00    0,00    0,00    0,00    0,00    0,00   79,25
23:03:18     all   20,53    0,00    3,65    0,00    0,00    0,00    0,00    0,00    0,00   75,82
23:03:19     all   18,97    0,00    3,52    0,75    0,00    0,00    0,00    0,00    0,00   76,76
23:03:20     all   17,91    0,00    3,66    0,00    0,00    0,00    0,00    0,00    0,00   78,44
23:03:21     all   18,46    0,00    3,29    0,00    0,00    0,00    0,00    0,00    0,00   78,26
23:03:22     all   17,25    0,00    3,25    0,00    0,00    0,12    0,00    0,00    0,00   79,38
23:03:23     all   21,74    0,00    3,92    0,00    0,00    0,00    0,00    0,00    0,00   74,34
23:03:24     all   20,15    0,00    3,15    0,50    0,00    0,00    0,00    0,00    0,00   76,20
23:03:25     all   19,50    0,00    3,65    0,00    0,00    0,00    0,00    0,00    0,00   76,86
23:03:26     all   17,11    0,00    2,77    0,00    0,00    0,13    0,00    0,00    0,00   80,00
23:03:27     all   22,10    0,00    3,54    0,00    0,00    0,00    0,00    0,00    0,00   74,37
23:03:28     all   18,03    0,00    3,15    0,00    0,00    0,00    0,00    0,00    0,00   78,81
23:03:29     all   19,17    0,00    3,38    0,38    0,00    0,00    0,00    0,00    0,00   77,07
23:03:30     all   17,06    0,00    3,14    0,00    0,00    0,00    0,00    0,00    0,00   79,80
23:03:31     all   21,66    0,00    3,90    0,00    0,00    0,00    0,00    0,00    0,00   74,43
23:03:32     all   18,39    0,00    3,15    0,00    0,00    0,00    0,00    0,00    0,00   78,46
23:03:33     all   18,26    0,00    3,78    0,00    0,00    0,13    0,00    0,00    0,00   77,83
23:03:34     all   17,52    0,00    3,00    0,13    0,00    0,00    0,00    0,00    0,00   79,35
23:03:35     all   20,43    0,00    3,91    0,00    0,00    0,13    0,00    0,00    0,00   75,54
23:03:36     all   19,70    0,00    3,64    0,00    0,00    0,13    0,00    0,00    0,00   76,54
23:03:37     all   17,51    0,00    3,65    0,50    0,00    0,00    0,00    0,00    0,00   78,34
23:03:38     all   18,59    0,00    3,39    0,00    0,00    0,13    0,00    0,00    0,00   77,89
23:03:39     all   17,04    0,00    3,13    0,38    0,00    0,00    0,00    0,00    0,00   79,45
23:03:40     all   21,38    0,00    3,77    0,00    0,00    0,00    0,00    0,00    0,00   74,84
23:03:41     all   18,24    0,00    3,14    0,00    0,00    0,13    0,00    0,00    0,00   78,49
23:03:42     all   18,19    0,00    3,39    0,13    0,00    0,00    0,00    0,00    0,00   78,29
23:03:43     all   17,09    0,00    2,89    0,00    0,00    0,13    0,00    0,00    0,00   79,90
23:03:44     all   22,05    0,00    3,93    0,13    0,00    0,00    0,00    0,00    0,00   73,89
23:03:45     all   17,77    0,00    3,88    0,63    0,00    0,00    0,00    0,00    0,00   77,72
23:03:46     all   18,34    0,00    3,39    0,00    0,00    0,00    0,00    0,00    0,00   78,27
23:03:47     all   17,48    0,00    2,77    0,63    0,00    0,00    0,00    0,00    0,00   79,12
23:03:48     all   21,46    0,00    3,66    0,00    0,00    0,13    0,00    0,00    0,00   74,75
23:03:49     all   17,86    0,00    3,52    0,00    0,00    0,00    0,00    0,00    0,00   78,62
23:03:50     all   18,43    0,00    3,03    1,01    0,00    0,00    0,00    0,00    0,00   77,53
23:03:51     all   16,81    0,00    3,01    0,00    0,00    0,00    0,00    0,00    0,00   80,18
23:03:52     all   21,72    0,00    3,66    0,00    0,00    0,00    0,00    0,00    0,00   74,62
23:03:53     all   16,98    0,00    3,27    0,00    0,00    0,13    0,00    0,00    0,00   79,62
23:03:54     all   18,42    0,00    3,26    0,00    0,00    0,00    0,00    0,00    0,00   78,32
23:03:55     all   18,44    0,00    3,01    0,00    0,00    0,00    0,00    0,00    0,00   78,54
23:03:56     all   16,86    0,00    3,02    0,00    0,00    0,00    0,00    0,00    0,00   80,13
23:03:57     all   21,49    0,00    4,17    0,00    0,00    0,00    0,00    0,00    0,00   74,34
23:03:58     all   17,94    0,00    3,14    0,00    0,00    0,00    0,00    0,00    0,00   78,92
23:03:59     all   18,14    0,00    3,90    0,00    0,00    0,13    0,00    0,00    0,00   77,83
23:04:00     all   17,25    0,00    3,38    0,50    0,00    0,12    0,00    0,00    0,00   78,75
23:04:01     all   21,59    0,00    3,91    0,00    0,00    0,00    0,00    0,00    0,00   74,49
23:04:02     all   18,24    0,00    3,14    0,00    0,00    0,00    0,00    0,00    0,00   78,62
23:04:03     all   18,19    0,00    3,39    0,00    0,00    0,00    0,00    0,00    0,00   78,42
23:04:04     all   17,23    0,00    2,64    0,00    0,00    0,13    0,00    0,00    0,00   80,00
23:04:05     all   21,76    0,00    4,15    0,50    0,00    0,13    0,00    0,00    0,00   73,46
23:04:06     all   18,18    0,00    3,16    0,00    0,00    0,00    0,00    0,00    0,00   78,66
23:04:07     all   18,67    0,00    3,26    0,00    0,00    0,00    0,00    0,00    0,00   78,07
23:04:08     all   17,21    0,00    2,89    0,00    0,00    0,00    0,00    0,00    0,00   79,90
23:04:09     all   21,77    0,00    3,67    0,00    0,00    0,13    0,00    0,00    0,00   74,43
23:04:10     all   17,69    0,00    3,51    0,63    0,00    0,13    0,00    0,00    0,00   78,04
23:04:11     all   17,90    0,00    3,38    0,00    0,00    0,00    0,00    0,00    0,00   78,72
23:04:12     all   20,30    0,00    3,28    0,00    0,00    0,00    0,00    0,00    0,00   76,42
23:04:13     all   16,67    0,00    3,38    0,00    0,00    0,00    0,00    0,00    0,00   79,95
23:04:14     all   21,97    0,00    3,54    0,00    0,00    0,00    0,00    0,00    0,00   74,49
23:04:15     all   18,15    0,00    3,63    1,00    0,00    0,00    0,00    0,00    0,00   77,22
23:04:16     all   18,28    0,00    3,53    0,00    0,00    0,00    0,00    0,00    0,00   78,18
23:04:17     all   17,28    0,00    2,90    0,76    0,00    0,00    0,00    0,00    0,00   79,07
23:04:18     all   21,78    0,00    4,13    0,00    0,00    0,00    0,00    0,00    0,00   74,09
23:04:19     all   18,03    0,00    3,15    0,00    0,00    0,00    0,00    0,00    0,00   78,81
23:04:20     all   18,25    0,00    3,88    0,00    0,00    0,00    0,00    0,00    0,00   77,88
23:04:21     all   17,21    0,00    2,64    1,38    0,00    0,00    0,00    0,00    0,00   78,77
23:04:22     all   21,91    0,00    3,15    0,00    0,00    0,13    0,00    0,00    0,00   74,81
23:04:23     all   17,95    0,00    3,41    0,00    0,00    0,00    0,00    0,00    0,00   78,63
23:04:24     all   18,44    0,00    3,39    0,00    0,00    0,00    0,00    0,00    0,00   78,17
23:04:25     all   17,75    0,00    3,25    0,00    0,00    0,00    0,00    0,00    0,00   79,00
23:04:26     all   21,84    0,00    3,79    0,13    0,00    0,13    0,00    0,00    0,00   74,12
23:04:27     all   17,51    0,00    2,90    0,00    0,00    0,00    0,00    0,00    0,00   79,60
23:04:28     all   17,67    0,00    3,76    0,00    0,00    0,00    0,00    0,00    0,00   78,57
23:04:29     all   18,39    0,00    3,27    0,00    0,00    0,13    0,00    0,00    0,00   78,21
23:04:30     all   16,96    0,00    2,76    0,00    0,00    0,13    0,00    0,00    0,00   80,15
23:04:31     all   21,98    0,00    4,02    0,25    0,00    0,00    0,00    0,00    0,00   73,74
23:04:32     all   18,02    0,00    3,63    0,00    0,00    0,00    0,00    0,00    0,00   78,35
23:04:33     all   18,16    0,00    3,15    0,00    0,00    0,00    0,00    0,00    0,00   78,69
23:04:34     all   17,15    0,00    3,13    0,00    0,00    0,13    0,00    0,00    0,00   79,60
23:04:35     all   43,81    0,00    3,54    0,00    0,00    0,00    0,00    0,00    0,00   52,65
23:04:36     all   19,20    0,00    4,27    0,25    0,00    0,00    0,00    0,00    0,00   76,29
23:04:37     all   18,24    0,00    3,52    0,00    0,00    0,00    0,00    0,00    0,00   78,24
23:04:38     all   17,17    0,00    3,13    0,00    0,00    0,00    0,00    0,00    0,00   79,70
23:04:39     all   21,19    0,00    3,55    0,00    0,00    0,00    0,00    0,00    0,00   75,25
23:04:40     all   17,86    0,00    3,40    0,00    0,00    0,00    0,00    0,00    0,00   78,74
23:04:41     all   18,52    0,00    3,50    0,13    0,00    0,00    0,00    0,00    0,00   77,85
23:04:42     all   17,36    0,00    2,52    0,00    0,00    0,13    0,00    0,00    0,00   80,00
23:04:43     all   22,04    0,00    4,16    0,00    0,00    0,13    0,00    0,00    0,00   73,68
23:04:44     all   17,61    0,00    3,02    0,00    0,00    0,00    0,00    0,00    0,00   79,37
23:04:45     all   18,07    0,00    3,14    1,00    0,00    0,00    0,00    0,00    0,00   77,79
23:04:46     all   18,42    0,00    4,14    0,00    0,00    0,00    0,00    0,00    0,00   77,44
23:04:47     all   17,31    0,00    3,14    1,00    0,00    0,00    0,00    0,00    0,00   78,54
23:04:48     all   21,34    0,00    4,17    0,00    0,00    0,13    0,00    0,00    0,00   74,37
23:04:49     all   18,14    0,00    3,15    0,00    0,00    0,00    0,00    0,00    0,00   78,72
23:04:50     all   18,32    0,00    3,76    0,00    0,00    0,00    0,00    0,00    0,00   77,92
23:04:51     all   16,94    0,00    3,01    0,00    0,00    0,00    0,00    0,00    0,00   80,05
23:04:52     all   21,83    0,00    3,68    1,27    0,00    0,13    0,00    0,00    0,00   73,10
23:04:53     all   17,90    0,00    4,01    0,00    0,00    0,13    0,00    0,00    0,00   77,97
23:04:54     all   18,64    0,00    3,27    0,00    0,00    0,00    0,00    0,00    0,00   78,09
23:04:55     all   16,94    0,00    3,26    0,00    0,00    0,00    0,00    0,00    0,00   79,80
23:04:56     all   21,73    0,00    3,77    0,00    0,00    0,13    0,00    0,00    0,00   74,37
23:04:57     all   17,88    0,00    3,53    0,13    0,00    0,00    0,00    0,00    0,00   78,46
23:04:58     all   17,88    0,00    3,65    0,00    0,00    0,00    0,00    0,00    0,00   78,46
23:04:59     all   17,36    0,00    2,89    0,00    0,00    0,00    0,00    0,00    0,00   79,75
23:05:00     all   22,22    0,00    3,66    0,00    0,00    0,00    0,00    0,00    0,00   74,12
23:05:01     all   17,72    0,00    2,91    0,00    0,00    0,00    0,00    0,00    0,00   79,37
23:05:02     all   17,59    0,00    3,14    0,25    0,00    0,13    0,00    0,00    0,00   78,89
23:05:03     all   19,67    0,00    4,14    0,00    0,00    0,00    0,00    0,00    0,00   76,19
23:05:04     all   17,38    0,00    2,90    0,00    0,00    0,00    0,00    0,00    0,00   79,72
23:05:05     all   21,91    0,00    3,78    0,00    0,00    0,00    0,00    0,00    0,00   74,31
23:05:06     all   18,18    0,00    2,90    0,00    0,00    0,00    0,00    0,00    0,00   78,91
23:05:07     all   18,67    0,00    3,63    0,75    0,00    0,00    0,00    0,00    0,00   76,94
23:05:08     all   17,17    0,00    3,13    0,00    0,00    0,13    0,00    0,00    0,00   79,57
23:05:09     all   22,03    0,00    3,67    0,00    0,00    0,00    0,00    0,00    0,00   74,30
23:05:10     all   18,22    0,00    3,27    0,00    0,00    0,13    0,00    0,00    0,00   78,39
23:05:11     all   18,55    0,00    3,88    0,00    0,00    0,00    0,00    0,00    0,00   77,57
23:05:12     all   17,15    0,00    2,77    0,13    0,00    0,00    0,00    0,00    0,00   79,95
23:05:13     all   21,41    0,00    4,28    0,00    0,00    0,00    0,00    0,00    0,00   74,31
23:05:14     all   17,99    0,00    3,27    0,00    0,00    0,13    0,00    0,00    0,00   78,62
23:05:15     all   18,24    0,00    3,40    0,00    0,00    0,00    0,00    0,00    0,00   78,36
23:05:16     all   17,11    0,00    3,14    0,50    0,00    0,00    0,00    0,00    0,00   79,25
23:05:17     all   21,76    0,00    4,03    0,00    0,00    0,13    0,00    0,00    0,00   74,09
23:05:18     all   17,86    0,00    3,52    0,63    0,00    0,00    0,00    0,00    0,00   77,99
23:05:19     all   17,84    0,00    3,14    0,00    0,00    0,00    0,00    0,00    0,00   79,02
23:05:20     all   17,88    0,00    3,53    0,00    0,00    0,00    0,00    0,00    0,00   78,59
23:05:21     all   17,15    0,00    3,00    0,00    0,00    0,13    0,00    0,00    0,00   79,72
23:05:22     all   22,17    0,00    3,53    0,00    0,00    0,00    0,00    0,00    0,00   74,31
23:05:23     all   18,14    0,00    4,16    1,13    0,00    0,00    0,00    0,00    0,00   76,57
23:05:24     all   18,30    0,00    3,38    0,00    0,00    0,00    0,00    0,00    0,00   78,32
23:05:25     all   17,44    0,00    2,89    0,00    0,00    0,13    0,00    0,00    0,00   79,55
23:05:26     all   21,72    0,00    3,91    0,13    0,00    0,13    0,00    0,00    0,00   74,12
23:05:27     all   17,76    0,00    3,40    0,00    0,00    0,00    0,00    0,00    0,00   78,84
23:05:28     all   18,50    0,00    3,38    0,62    0,00    0,00    0,00    0,00    0,00   77,50
23:05:29     all   17,13    0,00    3,02    0,00    0,00    0,00    0,00    0,00    0,00   79,85
23:05:30     all   21,44    0,00    3,66    0,00    0,00    0,00    0,00    0,00    0,00   74,91
23:05:31     all   17,76    0,00    3,53    0,00    0,00    0,00    0,00    0,00    0,00   78,72
23:05:32     all   18,14    0,00    3,40    0,00    0,00    0,00    0,00    0,00    0,00   78,46
23:05:33     all   17,23    0,00    2,64    0,00    0,00    0,13    0,00    0,00    0,00   80,00
23:05:34     all   22,35    0,00    3,91    0,00    0,00    0,13    0,00    0,00    0,00   73,61
23:05:35     all   18,09    0,00    3,27    0,00    0,00    0,00    0,00    0,00    0,00   78,64
23:05:36     all   18,70    0,00    4,39    0,00    0,00    0,13    0,00    0,00    0,00   76,79
23:05:37     all   17,74    0,00    2,89    0,00    0,00    0,00    0,00    0,00    0,00   79,37
23:05:38     all   20,05    0,13    4,41    0,25    0,00    0,00    0,00    0,00    0,00   75,16
23:05:39     all   22,17    0,00    4,16    0,50    0,00    0,00    0,00    0,00    0,00   73,17
23:05:40     all   18,49    0,00    3,90    0,00    0,00    0,13    0,00    0,00    0,00   77,48
23:05:41     all   18,24    0,00    3,27    0,00    0,00    0,13    0,00    0,00    0,00   78,36
23:05:42     all   17,23    0,00    3,14    0,00    0,00    0,00    0,00    0,00    0,00   79,62
23:05:43     all   22,26    0,00    4,53    0,00    0,00    0,00    0,00    0,00    0,00   73,21
23:05:44     all   18,36    0,00    3,40    0,25    0,00    0,00    0,00    0,00    0,00   77,99
23:05:45     all   18,26    0,00    3,65    0,00    0,00    0,00    0,00    0,00    0,00   78,09
23:05:46     all   17,54    0,00    3,13    0,63    0,00    0,00    0,00    0,00    0,00   78,70
23:05:47     all   21,91    0,00    4,03    0,00    0,00    0,13    0,00    0,00    0,00   73,93
23:05:48     all   18,95    0,00    3,51    0,75    0,00    0,13    0,00    0,00    0,00   76,66
23:05:49     all   18,70    0,00    3,51    0,00    0,00    0,13    0,00    0,00    0,00   77,67
23:05:50     all   18,24    0,00    3,14    0,00    0,00    0,00    0,00    0,00    0,00   78,62
23:05:51     all   21,65    0,00    3,92    0,00    0,00    0,00    0,00    0,00    0,00   74,43
23:05:52     all   19,22    0,00    3,77    1,88    0,00    0,00    0,00    0,00    0,00   75,13
23:05:53     all   18,14    0,00    3,40    0,38    0,00    0,00    0,00    0,00    0,00   78,09
23:05:54     all   17,86    0,00    3,40    0,63    0,00    0,00    0,00    0,00    0,00   78,11
23:05:55     all   17,09    0,00    3,02    0,00    0,00    0,00    0,00    0,00    0,00   79,90
23:05:56     all   21,46    0,00    3,76    0,00    0,00    0,25    0,00    0,00    0,00   74,53
23:05:57     all   18,09    0,00    3,52    0,00    0,00    0,13    0,00    0,00    0,00   78,27
23:05:58     all   18,28    0,00    3,53    0,00    0,00    0,00    0,00    0,00    0,00   78,18
23:05:59     all   17,69    0,00    3,01    0,25    0,00    0,00    0,00    0,00    0,00   79,05
23:06:00     all   21,97    0,00    3,79    0,00    0,00    0,00    0,00    0,00    0,00   74,24
23:06:01     all   18,09    0,00    3,64    0,00    0,00    0,00    0,00    0,00    0,00   78,27
23:06:02     all   18,54    0,00    3,15    0,00    0,00    0,00    0,00    0,00    0,00   78,31
23:06:03     all   17,27    0,00    3,13    0,00    0,00    0,25    0,00    0,00    0,00   79,35
23:06:04     all   21,94    0,00    4,16    0,76    0,00    0,00    0,00    0,00    0,00   73,14
23:06:05     all   17,86    0,00    3,52    0,00    0,00    0,00    0,00    0,00    0,00   78,62
23:06:06     all   18,30    0,00    4,01    0,00    0,00    0,00    0,00    0,00    0,00   77,69
23:06:07     all   17,31    0,00    2,89    0,00    0,00    0,00    0,00    0,00    0,00   79,80
23:06:08     all   21,52    0,00    3,80    0,00    0,00    0,00    0,00    0,00    0,00   74,68
23:06:09     all   18,27    0,00    3,63    0,88    0,00    0,00    0,00    0,00    0,00   77,22
23:06:10     all   18,22    0,00    3,52    1,26    0,00    0,13    0,00    0,00    0,00   76,88
23:06:11     all   17,54    0,00    2,63    0,00    0,00    0,00    0,00    0,00    0,00   79,82
23:06:12     all   17,11    0,00    2,64    0,00    0,00    0,13    0,00    0,00    0,00   80,13
23:06:13     all   21,41    0,00    4,41    0,00    0,00    0,00    0,00    0,00    0,00   74,18
23:06:14     all   18,34    0,00    3,39    0,25    0,00    0,00    0,00    0,00    0,00   78,02
23:06:15     all   18,19    0,00    3,76    0,00    0,00    0,13    0,00    0,00    0,00   77,92
23:06:16     all   17,46    0,00    3,14    1,38    0,00    0,13    0,00    0,00    0,00   77,89
23:06:17     all   22,29    0,00    4,28    0,00    0,00    0,00    0,00    0,00    0,00   73,43
23:06:18     all   17,95    0,00    3,16    0,88    0,00    0,00    0,00    0,00    0,00   78,00
23:06:19     all   18,49    0,00    3,40    0,00    0,00    0,00    0,00    0,00    0,00   78,11
23:06:20     all   17,46    0,00    3,14    0,00    0,00    0,00    0,00    0,00    0,00   79,40
23:06:21     all   21,54    0,00    3,78    0,00    0,00    0,13    0,00    0,00    0,00   74,56
23:06:22     all   18,19    0,00    3,51    0,00    0,00    0,00    0,00    0,00    0,00   78,29
23:06:23     all   18,36    0,00    3,90    0,25    0,00    0,13    0,00    0,00    0,00   77,36
23:06:24     all   16,94    0,00    3,26    0,00    0,00    0,00    0,00    0,00    0,00   79,80
23:06:25     all   21,49    0,00    3,67    1,52    0,00    0,00    0,00    0,00    0,00   73,32
23:06:26     all   18,01    0,00    3,40    0,00    0,00    0,00    0,00    0,00    0,00   78,59
23:06:27     all   18,60    0,00    3,25    0,00    0,00    0,12    0,00    0,00    0,00   78,03
23:06:28     all   17,15    0,00    2,77    0,00    0,00    0,00    0,00    0,00    0,00   80,08
23:06:29     all   17,46    0,00    2,76    0,00    0,00    0,00    0,00    0,00    0,00   79,77
23:06:30     all   21,69    0,00    4,04    0,00    0,00    0,13    0,00    0,00    0,00   74,15
23:06:31     all   18,11    0,00    3,52    0,00    0,00    0,00    0,00    0,00    0,00   78,36
23:06:32     all   18,03    0,00    3,40    0,00    0,00    0,00    0,00    0,00    0,00   78,56
23:06:33     all   16,96    0,00    2,76    2,89    0,00    0,13    0,00    0,00    0,00   77,26
23:06:34     all   21,73    0,00    3,89    0,00    0,00    0,13    0,00    0,00    0,00   74,25
23:06:35     all   17,80    0,00    3,28    0,00    0,00    0,00    0,00    0,00    0,00   78,91
23:06:36     all   18,77    0,00    4,53    0,00    0,00    0,00    0,00    0,00    0,00   76,70
23:06:37     all   17,79    0,00    2,76    0,00    0,00    0,00    0,00    0,00    0,00   79,45
23:06:38     all   21,16    0,00    4,03    0,13    0,00    0,00    0,00    0,00    0,00   74,69
23:06:39     all   19,40    0,00    4,53   10,33    0,00    0,13    0,00    0,00    0,00   65,62
23:06:40     all   18,24    0,00    3,90    9,06    0,00    0,00    0,00    0,00    0,00   68,81
23:06:41     all   18,44    0,00    3,39    0,75    0,00    0,00    0,00    0,00    0,00   77,42
23:06:42     all   17,42    0,00    2,88    0,00    0,00    0,00    0,00    0,00    0,00   79,70
23:06:43     all   21,46    0,00    4,04    0,00    0,00    0,00    0,00    0,00    0,00   74,49
23:06:44     all   17,71    0,00    3,39    0,00    0,00    0,13    0,00    0,00    0,00   78,77
23:06:45     all   18,62    0,00    3,52    0,13    0,00    0,00    0,00    0,00    0,00   77,74
23:06:46     all   17,46    0,00    2,76    0,63    0,00    0,00    0,00    0,00    0,00   79,15
23:06:47     all   18,93    0,00    3,49    0,00    0,00    0,00    0,00    0,00    0,00   77,58
23:06:48     all   20,23    0,00    3,16    1,39    0,00    0,13    0,00    0,00    0,00   75,09
23:06:49     all   18,14    0,00    3,40    0,00    0,00    0,00    0,00    0,00    0,00   78,46
23:06:50     all   18,14    0,00    3,40    0,00    0,00    0,00    0,00    0,00    0,00   78,46
23:06:51     all   17,40    0,00    2,88    0,00    0,00    0,13    0,00    0,00    0,00   79,60
23:06:52     all   21,72    0,00    3,91    0,00    0,00    0,00    0,00    0,00    0,00   74,37
23:06:53     all   18,24    0,00    3,40    0,13    0,00    0,00    0,00    0,00    0,00   78,24
23:06:54     all   18,42    0,00    3,63    0,00    0,00    0,00    0,00    0,00    0,00   77,94
23:06:55     all   17,00    0,00    2,90    0,00    0,00    0,00    0,00    0,00    0,00   80,10
23:06:56     all   21,71    0,00    4,27    0,75    0,00    0,00    0,00    0,00    0,00   73,27
23:06:57     all   17,74    0,00    3,40    0,00    0,00    0,13    0,00    0,00    0,00   78,74
23:06:58     all   18,22    0,00    3,39    0,00    0,00    0,00    0,00    0,00    0,00   78,39
23:06:59     all   17,42    0,00    3,38    0,00    0,00    0,00    0,00    0,00    0,00   79,20
23:07:00     all   21,79    0,00    3,65    0,00    0,00    0,13    0,00    0,00    0,00   74,43
23:07:01     all   17,68    0,00    3,41    0,25    0,00    0,00    0,00    0,00    0,00   78,66
23:07:02     all   19,47    0,00    3,39    0,75    0,00    0,00    0,00    0,00    0,00   76,38
23:07:03     all   17,27    0,00    3,00    0,00    0,00    0,25    0,00    0,00    0,00   79,47
23:07:04     all   20,20    0,00    3,54    0,00    0,00    0,00    0,00    0,00    0,00   76,26
23:07:05     all   18,80    0,00    3,38    0,00    0,00    0,00    0,00    0,00    0,00   77,82
23:07:06     all   17,72    0,00    3,16    0,00    0,00    0,13    0,00    0,00    0,00   78,99
23:07:07     all   18,50    0,00    3,62    0,12    0,00    0,12    0,00    0,00    0,00   77,62
23:07:08     all   17,04    0,00    3,01    0,00    0,00    0,13    0,00    0,00    0,00   79,82
23:07:09     all   21,49    0,00    4,05    0,00    0,00    0,00    0,00    0,00    0,00   74,46
23:07:10     all   18,39    0,00    3,15    0,00    0,00    0,13    0,00    0,00    0,00   78,34
23:07:11     all   18,44    0,00    3,64    0,13    0,00    0,00    0,00    0,00    0,00   77,79
23:07:12     all   17,06    0,00    3,01    0,25    0,00    0,13    0,00    0,00    0,00   79,55
23:07:13     all   22,04    0,00    3,78    0,63    0,00    0,00    0,00    0,00    0,00   73,55
23:07:14     all   18,19    0,00    3,51    0,00    0,00    0,00    0,00    0,00    0,00   78,29
23:07:15     all   17,80    0,00    3,41    0,00    0,00    0,00    0,00    0,00    0,00   78,79
23:07:16     all   17,25    0,00    3,50    0,12    0,00    0,00    0,00    0,00    0,00   79,12
23:07:17     all   21,66    0,00    3,78    0,63    0,00    0,25    0,00    0,00    0,00   73,68
23:07:18     all   39,80    0,00    3,27    0,00    0,00    0,00    0,00    0,00    0,00   56,93
23:07:19     all   22,52    0,00    4,15    4,03    0,00    0,00    0,00    0,00    0,00   69,31
23:07:20     all   17,11    0,00    3,14    0,25    0,00    0,00    0,00    0,00    0,00   79,50
23:07:21     all   21,29    0,00    3,55    0,00    0,00    0,00    0,00    0,00    0,00   75,16
23:07:22     all   17,25    0,00    3,02    0,00    0,00    0,00    0,00    0,00    0,00   79,72
23:07:23     all   18,09    0,00    3,14    0,00    0,00    0,00    0,00    0,00    0,00   78,77
23:07:24     all   18,14    0,00    3,65    0,00    0,00    0,00    0,00    0,00    0,00   78,21
23:07:25     all   17,40    0,00    2,88    0,25    0,00    0,00    0,00    0,00    0,00   79,47
23:07:26     all   21,94    0,00    4,04    0,00    0,00    0,00    0,00    0,00    0,00   74,02
23:07:27     all   17,36    0,00    3,77    0,75    0,00    0,00    0,00    0,00    0,00   78,11
23:07:28     all   18,66    0,00    3,28    0,00    0,00    0,00    0,00    0,00    0,00   78,06
23:07:29     all   17,31    0,00    3,26    0,00    0,00    0,00    0,00    0,00    0,00   79,42
23:07:30     all   21,36    0,00    3,64    0,00    0,00    0,25    0,00    0,00    0,00   74,75
23:07:31     all   17,91    0,00    3,53    0,00    0,00    0,00    0,00    0,00    0,00   78,56
23:07:32     all   18,01    0,00    3,53    1,76    0,00    0,00    0,00    0,00    0,00   76,70
23:07:33     all   17,60    0,00    3,12    0,00    0,00    0,00    0,00    0,00    0,00   79,28
23:07:34     all   21,49    0,00    4,17    0,00    0,00    0,00    0,00    0,00    0,00   74,34
23:07:35     all   17,74    0,00    3,52    0,00    0,00    0,00    0,00    0,00    0,00   78,74
23:07:36     all   19,92    0,00    4,04    0,00    0,00    0,00    0,00    0,00    0,00   76,04
23:07:37     all   17,40    0,00    3,13    0,25    0,00    0,00    0,00    0,00    0,00   79,22
23:07:38     all   21,16    0,00    3,90    0,00    0,00    0,00    0,00    0,00    0,00   74,94
23:07:39     all   18,24    0,00    3,65    0,00    0,00    0,00    0,00    0,00    0,00   78,11
23:07:40     all   17,42    0,00    3,01    0,00    0,00    0,00    0,00    0,00    0,00   79,57
23:07:41     all   18,59    0,00    3,52    0,00    0,00    0,25    0,00    0,00    0,00   77,64
23:07:42     all   16,88    0,00    3,27    0,38    0,00    0,00    0,00    0,00    0,00   79,47
23:07:43     all   21,66    0,00    4,28    0,38    0,00    0,00    0,00    0,00    0,00   73,68
23:07:44     all   18,11    0,00    3,27    0,00    0,00    0,00    0,00    0,00    0,00   78,62
23:07:45     all   18,36    0,00    3,77    0,00    0,00    0,13    0,00    0,00    0,00   77,74
23:07:46     all   17,40    0,00    2,88    0,00    0,00    0,00    0,00    0,00    0,00   79,72
23:07:47     all   21,28    0,00    4,16    0,63    0,00    0,13    0,00    0,00    0,00   73,80
23:07:48     all   19,17    0,00    3,63    0,00    0,00    0,00    0,00    0,00    0,00   77,19
23:07:49     all   17,88    0,00    3,65    0,25    0,00    0,25    0,00    0,00    0,00   77,96
23:07:50     all   18,00    0,00    3,00    0,38    0,00    0,00    0,00    0,00    0,00   78,62
23:07:51     all   21,77    0,00    3,92    0,00    0,00    0,00    0,00    0,00    0,00   74,30
23:07:52     all   17,92    0,00    3,51    0,00    0,00    0,00    0,00    0,00    0,00   78,57
23:07:53     all   18,36    0,00    3,77    1,01    0,00    0,00    0,00    0,00    0,00   76,86
23:07:54     all   17,31    0,00    2,63    1,13    0,00    0,13    0,00    0,00    0,00   78,80
23:07:55     all   23,48    0,00    5,43   14,52    0,00    0,00    0,00    0,00    0,00   56,57
23:07:56     all   18,55    0,00    3,38    3,76    0,00    0,25    0,00    0,00    0,00   74,06
23:07:57     all   17,74    0,00    2,66    0,00    0,00    0,00    0,00    0,00    0,00   79,59
23:07:58     all   17,79    0,00    3,26    0,88    0,00    0,13    0,00    0,00    0,00   77,94
23:07:59     all   17,02    0,00    3,13    0,00    0,00    0,00    0,00    0,00    0,00   79,85
23:08:00     all   21,11    0,00    3,92    0,00    0,00    0,00    0,00    0,00    0,00   74,97
23:08:01     all   17,68    0,00    3,54    0,00    0,00    0,00    0,00    0,00    0,00   78,79
23:08:02     all   18,72    0,00    3,52    0,00    0,00    0,00    0,00    0,00    0,00   77,76
23:08:03     all   17,31    0,00    3,14    0,13    0,00    0,00    0,00    0,00    0,00   79,42
23:08:04     all   21,24    0,00    4,05    0,00    0,00    0,00    0,00    0,00    0,00   74,72
23:08:05     all   18,44    0,00    3,51    0,00    0,00    0,00    0,00    0,00    0,00   78,04
23:08:06     all   18,36    0,00    3,52    0,00    0,00    0,00    0,00    0,00    0,00   78,11
23:08:07     all   17,15    0,00    3,00    0,00    0,00    0,13    0,00    0,00    0,00   79,72
23:08:08     all   22,00    0,00    3,41    0,13    0,00    0,00    0,00    0,00    0,00   74,46
23:08:09     all   17,76    0,00    3,78    0,00    0,00    0,00    0,00    0,00    0,00   78,46
23:08:10     all   18,34    0,00    3,52    2,01    0,00    0,00    0,00    0,00    0,00   76,13
23:08:11     all   17,27    0,00    2,75    0,00    0,00    0,25    0,00    0,00    0,00   79,72
23:08:12     all   21,23    0,00    4,27    0,00    0,00    0,00    0,00    0,00    0,00   74,50
23:08:13     all   17,86    0,00    3,40    0,00    0,00    0,00    0,00    0,00    0,00   78,74
23:08:14     all   18,19    0,00    3,64    0,00    0,00    0,00    0,00    0,00    0,00   78,17
23:08:15     all   17,02    0,00    2,77    0,25    0,00    0,13    0,00    0,00    0,00   79,82
23:08:16     all   19,15    0,00    3,38    0,00    0,00    0,00    0,00    0,00    0,00   77,47
23:08:17     all   20,40    0,00    3,78    0,50    0,00    0,13    0,00    0,00    0,00   75,19
23:08:18     all   17,65    0,00    3,15    0,00    0,00    0,13    0,00    0,00    0,00   79,07
23:08:19     all   18,36    0,00    3,52    0,50    0,00    0,00    0,00    0,00    0,00   77,61
23:08:20     all   17,29    0,00    2,88    0,00    0,00    0,00    0,00    0,00    0,00   79,82
23:08:21     all   21,62    0,00    3,54    0,00    0,00    0,00    0,00    0,00    0,00   74,84
23:08:22     all   17,92    0,00    3,51    0,00    0,00    0,00    0,00    0,00    0,00   78,57
23:08:23     all   17,93    0,00    4,04    0,00    0,00    0,00    0,00    0,00    0,00   78,03
23:08:24     all   17,19    0,00    2,89    0,50    0,00    0,00    0,00    0,00    0,00   79,42
23:08:25     all   21,54    0,00    3,90    0,00    0,00    0,13    0,00    0,00    0,00   74,43
23:08:26     all   18,11    0,00    3,65    0,00    0,00    0,00    0,00    0,00    0,00   78,24
23:08:27     all   18,39    0,00    3,65    0,13    0,00    0,00    0,00    0,00    0,00   77,83
23:08:28     all   17,27    0,00    3,25    1,00    0,00    0,00    0,00    0,00    0,00   78,47
23:08:29     all   21,21    0,00    3,79    0,00    0,00    0,00    0,00    0,00    0,00   75,00
23:08:30     all   17,91    0,00    3,40    0,00    0,00    0,00    0,00    0,00    0,00   78,69
23:08:31     all   18,40    0,00    3,50    0,00    0,00    0,00    0,00    0,00    0,00   78,10
23:08:32     all   17,40    0,00    3,03    0,00    0,00    0,00    0,00    0,00    0,00   79,57
23:08:33     all   21,03    0,00    4,38    0,00    0,00    0,00    0,00    0,00    0,00   74,59
23:08:34     all   17,74    0,00    2,77    0,25    0,00    0,00    0,00    0,00    0,00   79,25
23:08:35     all   18,26    0,00    3,40    0,00    0,00    0,00    0,00    0,00    0,00   78,34
23:08:36     all   19,22    0,00    4,15    0,00    0,00    0,00    0,00    0,00    0,00   76,63
23:08:37     all   17,06    0,00    3,26    0,00    0,00    0,00    0,00    0,00    0,00   79,67
23:08:38     all   21,69    0,00    3,78    0,00    0,00    0,13    0,00    0,00    0,00   74,40
23:08:39     all   17,69    0,00    3,51    0,13    0,00    0,25    0,00    0,00    0,00   78,42
23:08:40     all   18,51    0,00    3,27    0,00    0,00    0,00    0,00    0,00    0,00   78,21
23:08:41     all   16,92    0,00    3,01    0,00    0,00    0,00    0,00    0,00    0,00   80,08
23:08:42     all   21,64    0,00    4,03    0,50    0,00    0,00    0,00    0,00    0,00   73,84
23:08:43     all   18,22    0,00    3,14    0,00    0,00    0,00    0,00    0,00    0,00   78,64
23:08:44     all   18,03    0,00    3,66    0,00    0,00    0,13    0,00    0,00    0,00   78,18
23:08:45     all   17,15    0,00    3,13    0,00    0,00    0,00    0,00    0,00    0,00   79,72
23:08:46     all   22,32    0,00    3,66    0,00    0,00    0,00    0,00    0,00    0,00   74,02
23:08:47     all   21,23    0,00    4,27    0,63    0,00    0,00    0,00    0,00    0,00   73,87
23:08:48     all   18,17    0,00    3,88    0,50    0,00    0,00    0,00    0,00    0,00   77,44
23:08:49     all   17,09    0,00    2,76    0,50    0,00    0,13    0,00    0,00    0,00   79,52
23:08:50     all   22,41    0,00    4,18    0,63    0,00    0,00    0,00    0,00    0,00   72,78
23:08:51     all   22,31    0,13    5,39   19,55    0,00    0,13    0,00    0,00    0,00   52,51
23:08:52     all   19,70    0,00    3,64   18,70    0,00    0,00    0,00    0,00    0,00   57,97
23:08:53     all   18,01    0,00    3,65    0,38    0,00    0,00    0,00    0,00    0,00   77,96
23:08:54     all   17,36    0,00    3,14    0,00    0,00    0,00    0,00    0,00    0,00   79,50
23:08:55     all   21,51    0,00    4,15    0,00    0,00    0,00    0,00    0,00    0,00   74,34
23:08:56     all   18,26    0,00    3,02    0,00    0,00    0,25    0,00    0,00    0,00   78,46
23:08:57     all   17,99    0,00    3,77    0,13    0,00    0,00    0,00    0,00    0,00   78,11
23:08:58     all   17,44    0,00    2,89    0,13    0,00    0,00    0,00    0,00    0,00   79,55
23:08:59     all   21,44    0,00    3,53    0,76    0,00    0,00    0,00    0,00    0,00   74,27
23:09:00     all   17,87    0,00    3,42    0,00    0,00    0,00    0,00    0,00    0,00   78,71
23:09:01     all   18,17    0,00    3,76    0,00    0,00    0,00    0,00    0,00    0,00   78,07
23:09:02     all   17,06    0,00    3,01    0,00    0,00    0,00    0,00    0,00    0,00   79,92
23:09:03     all   21,59    0,00    3,66    0,00    0,00    0,00    0,00    0,00    0,00   74,75
23:09:04     all   18,09    0,00    3,02    0,13    0,00    0,25    0,00    0,00    0,00   78,52
23:09:05     all   18,11    0,00    3,52    0,00    0,00    0,00    0,00    0,00    0,00   78,36
23:09:06     all   17,31    0,00    2,63    0,00    0,00    0,00    0,00    0,00    0,00   80,05
23:09:07     all   21,59    0,00    3,66    0,00    0,00    0,00    0,00    0,00    0,00   74,75
23:09:08     all   17,86    0,00    3,27    0,00    0,00    0,00    0,00    0,00    0,00   78,87
23:09:09     all   18,15    0,00    3,63    0,00    0,00    0,13    0,00    0,00    0,00   78,10
23:09:10     all   17,94    0,00    2,89    0,00    0,00    0,00    0,00    0,00    0,00   79,17
23:09:11     all   17,19    0,00    2,63    0,00    0,00    0,00    0,00    0,00    0,00   80,18
23:09:12     all   21,31    0,00    4,16    0,00    0,00    0,13    0,00    0,00    0,00   74,40
23:09:13     all   17,99    0,00    3,27    0,00    0,00    0,00    0,00    0,00    0,00   78,74
23:09:14     all   17,88    0,00    3,65    0,13    0,00    0,00    0,00    0,00    0,00   78,34
23:09:15     all   17,04    0,00    3,13    0,00    0,00    0,00    0,00    0,00    0,00   79,82
23:09:16     all   21,59    0,00    3,79    0,00    0,00    0,00    0,00    0,00    0,00   74,62
23:09:17     all   18,66    0,00    3,40    0,00    0,00    0,00    0,00    0,00    0,00   77,93
23:09:18     all   19,02    0,00    3,88    0,63    0,00    0,00    0,00    0,00    0,00   76,47
23:09:19     all   16,96    0,00    3,02    0,00    0,00    0,00    0,00    0,00    0,00   80,03
23:09:20     all   20,81    0,00    3,68    0,63    0,00    0,00    0,00    0,00    0,00   74,87
23:09:21     all   18,52    0,00    3,50    0,00    0,00    0,00    0,00    0,00    0,00   77,97
23:09:22     all   17,92    0,00    3,63    0,00    0,00    0,13    0,00    0,00    0,00   78,32
23:09:23     all   17,15    0,00    3,15    0,00    0,00    0,13    0,00    0,00    0,00   79,57
23:09:24     all   22,11    0,00    3,77    0,13    0,00    0,00    0,00    0,00    0,00   73,99
23:09:25     all   18,09    0,00    3,39    0,50    0,00    0,00    0,00    0,00    0,00   78,02
23:09:26     all   18,51    0,00    3,40    0,00    0,00    0,00    0,00    0,00    0,00   78,09
23:09:27     all   19,50    0,13    4,40    3,90    0,00    0,13    0,00    0,00    0,00   71,95
23:09:28     all   20,03    0,00    3,75   11,89    0,00    0,00    0,00    0,00    0,00   64,33
23:09:29     all   18,94    0,00    3,28    0,00    0,00    0,00    0,00    0,00    0,00   77,78
23:09:30     all   18,19    0,00    3,51    1,25    0,00    0,00    0,00    0,00    0,00   77,04
23:09:31     all   18,22    0,00    3,52    0,00    0,00    0,00    0,00    0,00    0,00   78,27
23:09:32     all   17,06    0,00    3,39    0,00    0,00    0,00    0,00    0,00    0,00   79,55
23:09:33     all   21,44    0,00    3,91    0,00    0,00    0,00    0,00    0,00    0,00   74,65
23:09:34     all   18,19    0,00    3,51    0,00    0,00    0,00    0,00    0,00    0,00   78,29
23:09:35     all   18,16    0,00    3,40    0,25    0,00    0,00    0,00    0,00    0,00   78,18
23:09:36     all   18,65    0,00    3,75    0,00    0,00    0,00    0,00    0,00    0,00   77,60
23:09:37     all   21,41    0,00    4,03    0,00    0,00    0,00    0,00    0,00    0,00   74,56
23:09:38     all   18,22    0,00    3,14    0,00    0,00    0,13    0,00    0,00    0,00   78,52
23:09:39     all   18,01    0,00    3,53    0,00    0,00    0,00    0,00    0,00    0,00   78,46
23:09:40     all   17,09    0,00    3,14    0,00    0,00    0,00    0,00    0,00    0,00   79,77
23:09:41     all   21,46    0,00    4,27    0,00    0,00    0,13    0,00    0,00    0,00   74,15
23:09:42     all   18,19    0,00    3,51    0,00    0,00    0,00    0,00    0,00    0,00   78,29
23:09:43     all   18,39    0,00    3,27    0,00    0,00    0,00    0,00    0,00    0,00   78,34
23:09:44     all   17,06    0,00    3,14    0,00    0,00    0,13    0,00    0,00    0,00   79,67
23:09:45     all   21,82    0,00    3,53    0,25    0,00    0,00    0,00    0,00    0,00   74,40
23:09:46     all   17,93    0,00    3,66    0,00    0,00    0,00    0,00    0,00    0,00   78,41
23:09:47     all   17,42    0,00    3,26    0,00    0,00    0,00    0,00    0,00    0,00   79,32
23:09:48     all   18,54    0,00    3,40    0,76    0,00    0,13    0,00    0,00    0,00   77,18
23:09:49     all   16,96    0,00    2,89    0,00    0,00    0,00    0,00    0,00    0,00   80,15
23:09:50     all   21,78    0,00    3,75    0,63    0,00    0,13    0,00    0,00    0,00   73,72
23:09:51     all   17,95    0,00    3,41    0,00    0,00    0,00    0,00    0,00    0,00   78,63
23:09:52     all   18,19    0,00    3,76    0,00    0,00    0,00    0,00    0,00    0,00   78,04
23:09:53     all   19,19    0,00    4,67    5,56    0,00    0,13    0,00    0,00    0,00   70,45
23:09:54     all   21,06    0,00    4,41    8,45    0,00    0,00    0,00    0,00    0,00   66,08
23:09:55     all   18,65    0,00    3,25    0,00    0,00    0,00    0,00    0,00    0,00   78,10
23:09:56     all   18,14    0,00    3,40    0,00    0,00    0,00    0,00    0,00    0,00   78,46
23:09:57     all   17,42    0,00    3,01    0,00    0,00    0,00    0,00    0,00    0,00   79,57
23:09:58     all   20,76    0,00    4,05    0,00    0,00    0,00    0,00    0,00    0,00   75,19
23:09:59     all   17,91    0,00    3,03    0,13    0,00    0,00    0,00    0,00    0,00   78,94
23:10:00     all   18,05    0,00    3,76    0,00    0,00    0,13    0,00    0,00    0,00   78,07
23:10:01     all   17,42    0,00    2,88    0,88    0,00    0,13    0,00    0,00    0,00   78,70
23:10:02     all   21,11    0,00    4,27    0,00    0,00    0,00    0,00    0,00    0,00   74,62
23:10:03     all   19,44    0,00    4,17    0,00    0,00    0,00    0,00    0,00    0,00   76,39
23:10:04     all   18,82    0,00    3,76    0,00    0,00    0,00    0,00    0,00    0,00   77,42
23:10:05     all   17,46    0,00    3,02    0,00    0,00    0,00    0,00    0,00    0,00   79,52
23:10:06     all   17,31    0,00    2,89    0,25    0,00    0,13    0,00    0,00    0,00   79,42
23:10:07     all   21,46    0,00    3,66    0,00    0,00    0,00    0,00    0,00    0,00   74,87
23:10:08     all   18,27    0,00    3,75    0,00    0,00    0,00    0,00    0,00    0,00   77,97
23:10:09     all   18,18    0,00    3,41    0,00    0,00    0,00    0,00    0,00    0,00   78,41
23:10:10     all   16,98    0,00    2,77    0,00    0,00    0,13    0,00    0,00    0,00   80,13
23:10:11     all   21,56    0,00    3,66    0,25    0,00    0,00    0,00    0,00    0,00   74,53
23:10:12     all   20,38    0,13    5,16    6,04    0,00    0,13    0,00    0,00    0,00   68,18
23:10:13     all   18,87    0,00    3,52    5,16    0,00    0,00    0,00    0,00    0,00   72,45
23:10:14     all   17,11    0,00    2,77    1,13    0,00    0,00    0,00    0,00    0,00   78,99
23:10:15     all   23,81    0,00    4,76    5,76    0,00    0,13    0,00    0,00    0,00   65,54
23:10:16     all   18,07    0,00    3,26    0,00    0,00    0,13    0,00    0,00    0,00   78,54
23:10:17     all   17,97    0,00    3,54    0,00    0,00    0,00    0,00    0,00    0,00   78,48
23:10:18     all   17,92    0,00    3,01    1,00    0,00    0,00    0,00    0,00    0,00   78,07
23:10:19     all   21,26    0,00    4,15    0,00    0,00    0,00    0,00    0,00    0,00   74,59
23:10:20     all   17,88    0,00    3,02    0,38    0,00    0,00    0,00    0,00    0,00   78,72
23:10:21     all   18,36    0,00    3,27    0,00    0,00    0,00    0,00    0,00    0,00   78,36
23:10:22     all   17,34    0,00    3,14    0,00    0,00    0,00    0,00    0,00    0,00   79,52
23:10:23     all   17,69    0,00    3,26    0,00    0,00    0,13    0,00    0,00    0,00   78,92
23:10:24     all   20,28    0,00    3,55    0,00    0,00    0,00    0,00    0,00    0,00   76,17
23:10:25     all   18,32    0,00    3,39    0,13    0,00    0,00    0,00    0,00    0,00   78,17
23:10:26     all   18,42    0,00    3,76    0,00    0,00    0,00    0,00    0,00    0,00   77,82
23:10:27     all   18,08    0,00    3,03    1,26    0,00    0,00    0,00    0,00    0,00   77,62
23:10:28     all   22,33    0,00    4,52    2,01    0,00    0,13    0,00    0,00    0,00   71,02
23:10:29     all   18,47    0,00    4,52   23,12    0,00    0,00    0,00    0,00    0,00   53,89
23:10:30     all   17,74    0,00    3,27    0,13    0,00    0,25    0,00    0,00    0,00   78,62
23:10:31     all   18,28    0,00    3,03    0,00    0,00    0,00    0,00    0,00    0,00   78,69
23:10:32     all   17,15    0,00    3,50    0,75    0,00    0,00    0,00    0,00    0,00   78,60
23:10:33     all   21,03    0,00    4,03    0,00    0,00    0,00    0,00    0,00    0,00   74,94
23:10:34     all   18,69    0,00    3,41    1,52    0,00    0,00    0,00    0,00    0,00   76,39
23:10:35     all   18,24    0,00    3,77    0,00    0,00    0,00    0,00    0,00    0,00   77,99
23:10:36     all   18,12    0,00    3,50    0,00    0,00    0,00    0,00    0,00    0,00   78,38
23:10:37     all   23,10    0,00    3,68    0,76    0,00    0,13    0,00    0,00    0,00   72,34
23:10:38     all   18,15    0,00    3,25    0,00    0,00    0,13    0,00    0,00    0,00   78,47
23:10:39     all   18,24    0,00    3,77    0,00    0,00    0,00    0,00    0,00    0,00   77,99
23:10:40     all   17,23    0,00    3,25    0,00    0,00    0,12    0,00    0,00    0,00   79,40
23:10:41     all   21,56    0,00    4,16    0,00    0,00    0,00    0,00    0,00    0,00   74,27
23:10:42     all   20,03    0,00    4,79    8,94    0,00    0,00    0,00    0,00    0,00   66,25
23:10:43     all   17,76    0,00    3,02    1,01    0,00    0,00    0,00    0,00    0,00   78,21
23:10:44     all   17,91    0,00    3,40    0,63    0,00    0,13    0,00    0,00    0,00   77,93
23:10:45     all   17,25    0,00    3,00    0,00    0,00    0,00    0,00    0,00    0,00   79,75
23:10:46     all   20,76    0,00    4,05    0,00    0,00    0,00    0,00    0,00    0,00   75,19
23:10:47     all   18,07    0,00    3,14    0,00    0,00    0,00    0,00    0,00    0,00   78,80
23:10:48     all   18,19    0,00    3,76    0,00    0,00    0,00    0,00    0,00    0,00   78,04
23:10:49     all   17,51    0,00    2,90    0,63    0,00    0,13    0,00    0,00    0,00   78,84
23:10:50     all   20,65    0,00    4,03    0,00    0,00    0,00    0,00    0,00    0,00   75,31
23:10:51     all   17,79    0,00    3,38    1,00    0,00    0,25    0,00    0,00    0,00   77,57
23:10:52     all   18,42    0,00    3,76    0,00    0,00    0,00    0,00    0,00    0,00   77,82
23:10:53     all   16,96    0,00    3,02    0,00    0,00    0,00    0,00    0,00    0,00   80,03
23:10:54     all   23,74    0,00    5,30   10,10    0,00    0,13    0,00    0,00    0,00   60,73
23:10:55     all   18,17    0,00    3,51    0,25    0,00    0,00    0,00    0,00    0,00   78,07
23:10:56     all   18,11    0,00    3,65    0,00    0,00    0,00    0,00    0,00    0,00   78,24
23:10:57     all   17,19    0,00    2,89    0,00    0,00    0,13    0,00    0,00    0,00   79,80
23:10:58     all   21,26    0,00    3,90    0,00    0,00    0,13    0,00    0,00    0,00   74,72
23:10:59     all   17,88    0,00    3,27    0,00    0,00    0,00    0,00    0,00    0,00   78,84
23:11:00     all   17,69    0,00    3,76    0,25    0,00    0,00    0,00    0,00    0,00   78,29
23:11:01     all   18,58    0,00    3,24    0,00    0,00    0,00    0,00    0,00    0,00   78,18
23:11:02     all   17,93    0,00    3,16    0,76    0,00    0,00    0,00    0,00    0,00   78,16
23:11:03     all   21,06    0,00    3,78    0,00    0,00    0,00    0,00    0,00    0,00   75,16
23:11:04     all   18,25    0,00    3,38    0,00    0,00    0,00    0,00    0,00    0,00   78,38
23:11:05     all   20,03    0,13    4,66   11,71    0,00    0,00    0,00    0,00    0,00   63,48
23:11:06     all   18,30    0,00    3,01    2,76    0,00    0,00    0,00    0,00    0,00   75,94
23:11:07     all   20,43    0,00    3,81    0,00    0,00    0,00    0,00    0,00    0,00   75,76
23:11:08     all   17,67    0,00    3,63    0,00    0,00    0,13    0,00    0,00    0,00   78,57
23:11:09     all   18,39    0,00    3,53    0,00    0,00    0,00    0,00    0,00    0,00   78,09
23:11:10     all   17,38    0,00    3,00    0,00    0,00    0,00    0,00    0,00    0,00   79,62
23:11:11     all   21,31    0,00    3,28    0,13    0,00    0,13    0,00    0,00    0,00   75,16
23:11:12     all   17,90    0,00    4,01    0,00    0,00    0,00    0,00    0,00    0,00   78,10
23:11:13     all   17,94    0,00    3,01    0,00    0,00    0,13    0,00    0,00    0,00   78,92
23:11:14     all   17,11    0,00    3,27    0,00    0,00    0,13    0,00    0,00    0,00   79,50
23:11:15     all   21,26    0,00    3,65    0,00    0,00    0,00    0,00    0,00    0,00   75,09
23:11:16     all   17,82    0,00    3,26    0,25    0,00    0,13    0,00    0,00    0,00   78,54
23:11:17     all   18,14    0,00    3,27    0,00    0,00    0,00    0,00    0,00    0,00   78,59
23:11:18     all   19,19    0,00    4,29   10,35    0,00    0,00    0,00    0,00    0,00   66,16
23:11:19     all   21,46    0,00    3,79    3,54    0,00    0,00    0,00    0,00    0,00   71,21
23:11:20     all   17,94    0,00    3,26    0,88    0,00    0,00    0,00    0,00    0,00   77,92
23:11:21     all   17,57    0,00    3,39    1,00    0,00    0,00    0,00    0,00    0,00   78,04
23:11:22     all   17,57    0,00    3,26    0,00    0,00    0,00    0,00    0,00    0,00   79,17
23:11:23     all   16,96    0,00    3,39    0,00    0,00    0,13    0,00    0,00    0,00   79,52
23:11:24     all   20,93    0,00    3,88    0,00    0,00    0,13    0,00    0,00    0,00   75,06
23:11:25     all   17,84    0,00    3,39    0,00    0,00    0,00    0,00    0,00    0,00   78,77
23:11:26     all   18,87    0,00    3,90    1,51    0,00    0,00    0,00    0,00    0,00   75,72
23:11:27     all   18,77    0,13    4,16   10,96    0,00    0,13    0,00    0,00    0,00   65,87
23:11:28     all   20,73    0,00    3,92    0,00    0,00    0,13    0,00    0,00    0,00   75,22
23:11:29     all   17,71    0,00    3,39    0,00    0,00    0,00    0,00    0,00    0,00   78,89
23:11:30     all   18,22    0,00    3,27    0,00    0,00    0,00    0,00    0,00    0,00   78,52
23:11:31     all   17,40    0,00    2,65    0,00    0,00    0,00    0,00    0,00    0,00   79,95
23:11:32     all   20,10    0,00    4,17    0,51    0,00    0,00    0,00    0,00    0,00   75,22
23:11:33     all   18,55    0,00    3,26    1,63    0,00    0,00    0,00    0,00    0,00   76,57
23:11:34     all   19,87    0,13    4,78   18,24    0,00    0,13    0,00    0,00    0,00   56,86
23:11:35     all   18,24    0,00    3,40    1,01    0,00    0,00    0,00    0,00    0,00   77,36
23:11:36     all   17,46    0,00    3,14    0,00    0,00    0,00    0,00    0,00    0,00   79,40
23:11:37     all   22,85    0,00    4,80    1,52    0,00    0,00    0,00    0,00    0,00   70,83
23:11:38     all   19,57    0,00    4,02    1,00    0,00    0,00    0,00    0,00    0,00   75,41
23:11:39     all   18,99    0,00    4,40    4,40    0,00    0,00    0,00    0,00    0,00   72,20
23:11:40     all   18,54    0,00    3,28   11,85    0,00    0,13    0,00    0,00    0,00   66,20
23:11:41     all   20,40    0,00    4,03    0,00    0,00    0,00    0,00    0,00    0,00   75,57
23:11:42     all   18,05    0,00    3,26    0,38    0,00    0,00    0,00    0,00    0,00   78,32
23:11:43     all   17,99    0,00    3,52    0,63    0,00    0,13    0,00    0,00    0,00   77,74
23:11:44     all   17,46    0,00    2,76    0,00    0,00    0,13    0,00    0,00    0,00   79,65
23:11:45     all   22,31    0,00    5,39    8,90    0,00    0,25    0,00    0,00    0,00   63,16
23:11:46     all   18,14    0,00    3,90    7,56    0,00    0,00    0,00    0,00    0,00   70,40
23:11:47     all   17,88    0,00    3,65    0,00    0,00    0,00    0,00    0,00    0,00   78,46
23:11:48     all   17,17    0,00    3,01    0,00    0,00    0,00    0,00    0,00    0,00   79,82
23:11:49     all   21,24    0,00    3,92    1,52    0,00    0,00    0,00    0,00    0,00   73,32
23:11:50     all   19,37    0,00    4,91   13,71    0,00    0,00    0,00    0,00    0,00   62,01
23:11:51     all   18,30    0,00    3,51    0,63    0,00    0,00    0,00    0,00    0,00   77,57
23:11:52     all   17,63    0,00    2,27    0,00    0,00    0,00    0,00    0,00    0,00   80,10
23:11:53     all   20,38    0,00    3,65    0,38    0,00    0,00    0,00    0,00    0,00   75,60
23:11:54     all   19,55    0,13    4,54   10,34    0,00    0,00    0,00    0,00    0,00   65,45
23:11:55     all   17,42    0,00    3,88    0,13    0,00    0,13    0,00    0,00    0,00   78,45
23:11:56     all   18,11    0,00    3,14    0,00    0,00    0,00    0,00    0,00    0,00   78,74
23:11:57     all   17,09    0,00    3,02    0,13    0,00    0,13    0,00    0,00    0,00   79,65
23:11:58     all   22,84    0,00    4,77   10,66    0,00    0,13    0,00    0,00    0,00   61,61
23:11:59     all   17,57    0,00    3,14    0,13    0,00    0,13    0,00    0,00    0,00   79,05
23:12:00     all   18,31    0,00    3,16    0,25    0,00    0,00    0,00    0,00    0,00   78,28
23:12:01     all   17,48    0,00    3,02    0,75    0,00    0,00    0,00    0,00    0,00   78,74
23:12:02     all   21,56    0,00    5,04    8,32    0,00    0,00    0,00    0,00    0,00   65,07
23:12:03     all   17,79    0,00    3,13    0,00    0,00    0,13    0,00    0,00    0,00   78,95
23:12:04     all   18,05    0,00    3,26    1,00    0,00    0,00    0,00    0,00    0,00   77,69
23:12:05     all   17,54    0,00    3,26    0,75    0,00    0,00    0,00    0,00    0,00   78,45
23:12:06     all   22,35    0,00    4,42    9,60    0,00    0,13    0,00    0,00    0,00   63,51
23:12:07     all   17,77    0,00    3,38    0,00    0,00    0,00    0,00    0,00    0,00   78,85
23:12:08     all   18,11    0,00    3,40    0,00    0,00    0,00    0,00    0,00    0,00   78,49
23:12:09     all   18,34    0,13    3,64    2,64    0,00    0,00    0,00    0,00    0,00   75,25
23:12:10     all   20,94    0,00    4,57    7,61    0,00    0,13    0,00    0,00    0,00   66,75
23:12:11     all   17,92    0,00    3,26    0,25    0,00    0,00    0,00    0,00    0,00   78,57
23:12:12     all   17,71    0,00    3,27    0,00    0,00    0,00    0,00    0,00    0,00   79,02
23:12:13     all   19,17    0,13    4,39    9,40    0,00    0,00    0,00    0,00    0,00   66,92
23:12:14     all   19,67    0,00    3,66    0,00    0,00    0,13    0,00    0,00    0,00   76,54
23:12:15     all   17,90    0,00    3,25    2,25    0,00    0,13    0,00    0,00    0,00   76,47
23:12:16     all   19,09    0,00    3,92    8,98    0,00    0,13    0,00    0,00    0,00   67,89
23:12:17     all   17,94    0,00    3,39    0,00    0,00    0,13    0,00    0,00    0,00   78,54
23:12:18     all   18,32    0,13    3,76    4,27    0,00    0,13    0,00    0,00    0,00   73,40
23:12:19     all   21,30    0,00    4,14   10,53    0,00    0,00    0,00    0,00    0,00   64,04
23:12:20     all   17,31    0,00    3,51    0,00    0,00    0,13    0,00    0,00    0,00   79,05
23:12:21     all   18,25    0,00    2,92    2,53    0,00    0,00    0,00    0,00    0,00   76,30
23:12:22     all   19,35    0,00    4,15   14,70    0,00    0,00    0,00    0,00    0,00   61,81
23:12:23     all   17,27    0,00    3,38    0,00    0,00    0,00    0,00    0,00    0,00   79,35
23:12:24     all   21,27    0,00    4,56    4,94    0,00    0,13    0,00    0,00    0,00   69,11
23:12:25     all   17,99    0,00    3,27    5,03    0,00    0,00    0,00    0,00    0,00   73,71
23:12:26     all   17,82    0,00    3,26    0,75    0,00    0,00    0,00    0,00    0,00   78,17
23:12:27     all   19,17    0,25    4,26    8,15    0,00    0,00    0,00    0,00    0,00   68,17
23:12:28     all   18,08    0,00    3,03    1,52    0,00    0,00    0,00    0,00    0,00   77,37
23:12:29     all   20,43    0,00    4,89    9,15    0,00    0,00    0,00    0,00    0,00   65,54
23:12:30     all   17,61    0,00    2,89    2,52    0,00    0,13    0,00    0,00    0,00   76,86
23:12:31     all   18,31    0,00    3,66    2,15    0,00    0,00    0,00    0,00    0,00   75,88
23:12:32     all   18,19    0,00    4,02    7,28    0,00    0,00    0,00    0,00    0,00   70,51
23:12:33     all   20,89    0,00    4,56    6,84    0,00    0,13    0,00    0,00    0,00   67,59
23:12:34     all   18,07    0,00    3,51    3,89    0,00    0,00    0,00    0,00    0,00   74,53
23:12:35     all   18,97    0,13    3,89   13,94    0,00    0,13    0,00    0,00    0,00   62,94
23:12:36     all   19,17    0,00    4,29    4,04    0,00    0,00    0,00    0,00    0,00   72,51
23:12:37     all   18,47    0,00    4,02   10,05    0,00    0,00    0,00    0,00    0,00   67,46
23:12:38     all   21,03    0,00    4,41    9,45    0,00    0,13    0,00    0,00    0,00   64,99
23:12:39     all   19,09    0,00    4,05    4,80    0,00    0,00    0,00    0,00    0,00   72,06
23:12:40     all   17,88    0,00    3,75    7,25    0,00    0,12    0,00    0,00    0,00   71,00
23:12:41     all   18,66    0,25    4,29    9,08    0,00    0,00    0,00    0,00    0,00   67,72
23:12:42     all   20,68    0,00    4,04    8,07    0,00    0,00    0,00    0,00    0,00   67,21
23:12:43     all   19,20    0,00    3,89   11,29    0,00    0,00    0,00    0,00    0,00   65,62
23:12:44     all   19,37    0,00    4,15   16,86    0,00    0,25    0,00    0,00    0,00   59,37
23:12:45     all   19,32    0,00    4,14   14,55    0,00    0,00    0,00    0,00    0,00   61,98
23:12:46     all   20,18    0,13    4,29   29,89    0,00    0,13    0,00    0,00    0,00   45,40
23:12:47     all   19,50    0,00    4,40   35,72    0,00    0,25    0,00    0,00    0,00   40,13
23:12:48     all   20,35    0,00    4,80   37,42    0,00    0,00    0,00    0,00    0,00   37,42
23:12:49     all    8,89    0,25    5,46   22,36    0,00    0,00    0,00    0,00    0,00   63,02
23:12:50     all    3,92    0,00    3,03   34,26    0,00    0,13    0,00    0,00    0,00   58,66
23:12:51     all    5,16    0,00    4,03   28,84    0,00    0,00    0,00    0,00    0,00   61,96
23:12:52     all    7,32    0,25    4,80   33,21    0,00    0,13    0,00    0,00    0,00   54,29
23:12:53     all    4,68    0,13    4,17   33,00    0,00    0,00    0,00    0,00    0,00   58,03
23:12:54     all    2,90    0,13    2,90   43,51    0,00    0,00    0,00    0,00    0,00   50,57
23:12:55     all    4,16    0,00    4,41   19,52    0,00    0,13    0,00    0,00    0,00   71,79
23:12:56     all    6,34    0,00    6,08    4,56    0,00    0,00    0,00    0,00    0,00   83,02
23:12:57     all    2,26    0,00    2,89   10,43    0,00    0,00    0,00    0,00    0,00   84,42
23:12:58     all    2,40    0,00    2,65   10,24    0,00    0,00    0,00    0,00    0,00   84,70
23:12:59     all    2,66    0,00    3,04   10,00    0,00    0,00    0,00    0,00    0,00   84,30
23:13:00     all    2,14    0,00    2,65   10,84    0,00    0,00    0,00    0,00    0,00   84,36
23:13:01     all    2,26    0,00    2,88   10,40    0,00    0,13    0,00    0,00    0,00   84,34
23:13:02     all    2,28    0,00    2,92   10,27    0,00    0,00    0,00    0,00    0,00   84,54
23:13:03     all    3,27    0,00    3,02   10,33    0,00    0,00    0,00    0,00    0,00   83,38
23:13:04     all    3,42    0,00    2,53   10,38    0,00    0,00    0,00    0,00    0,00   83,67
23:13:05     all    1,64    0,00    2,27   12,37    0,00    0,00    0,00    0,00    0,00   83,71
23:13:06     all    4,28    0,00    3,15   11,59    0,00    0,00    0,00    0,00    0,00   80,98
23:13:07     all    2,40    0,00    3,28   10,48    0,00    0,00    0,00    0,00    0,00   83,84
23:13:08     all    2,78    0,00    2,65    9,85    0,00    0,00    0,00    0,00    0,00   84,72
23:13:09     all    2,52    0,00    3,15   10,21    0,00    0,00    0,00    0,00    0,00   84,11
23:13:10     all    2,52    0,00    2,52   10,34    0,00    0,00    0,00    0,00    0,00   84,62
23:13:11     all    2,53    0,00    2,90   10,48    0,00    0,13    0,00    0,00    0,00   83,96
23:13:12     all    1,89    0,00    2,27   10,34    0,00    0,00    0,00    0,00    0,00   85,50
23:13:13     all    6,08    0,13    4,94    9,37    0,00    0,00    0,00    0,00    0,00   79,49
