procs ----------mémoire---------- -échange- -----io---- -système- ------cpu--------
 r  b   swpd  libre tampon  cache   si   so    bi    bo   in   cs us sy id wa st gu
 6  0      0 16922884 118672 5011676    0    0   694   331 5125    7 14  3 81  3  0  0
 0  1      0 16933732 118700 5011704    0    0     0  1428 3825 7823  4  2 80 14  0  0
 0  1      0 16920144 118760 5011836    0    0     0   944 5411 14830  9  4 76 11  0  0
 0  0      0 16916112 118796 5011856    0    0     0  1592 5444 7690  6  5 77 12  0  0
 1  0      0 16888836 118816 5011836    0    0     0   332 10220 15035  5  5 83  6  0  0
 0  1      0 16902472 118848 5011348    0    0     0   764 8576 14846  5  4 79 12  0  0
 0  1      0 16900956 118904 5011440    0    0     0   832 5158 8428  7  5 77 10  0  0
 0  0      0 16915852 118928 5011464    0    0     0   268 3332 4267  2  2 92  4  0  0
 0  0      0 16922172 118936 5009404    0    0     0    92  855 1253  1  1 97  1  0  0
 0  0      0 16923768 118948 5009428    0    0     0    52 2016 4094  1  2 96  1  0  0
 1  0      0 16942300 118948 5009436    0    0     0     0 1496 1676  1  2 97  0  0  0
 0  0      0 16951184 118964 5009428    0    0     0   184  846 1041  1  1 96  2  0  0
 0  0      0 16952556 118964 5011480    0    0     0     0 2091 4126  2  2 97  0  0  0
 0  0      0 16964204 118964 5011484    0    0     0     0  988 1328  1  1 98  0  0  0
 0  2      0 16965832 118984 5011496    0    0     0  1168 3407 7499  3  2 85  9  0  0
 0  1      0 16964068 119024 5011524    0    0     0   884 3216 6341  3  2 82 13  0  0
 1  2      0 16941844 119064 5011620    0    0     0  1428 7214 13166  9  5 76  9  0  0
 1  1      0 16937988 119104 5009588    0    0     0   892 5380 4421 12  2 70 15  0  0
 1  1      0 16924848 119144 5011760    0    0     0   584 8203 13198 15  4 72  9  0  0
 1  1      0 16925232 119180 5011752    0    0     0  1244 7094 9695 18  4 62 16  0  0
 2  0      0 16927284 119228 5011864    0    0     0   808 8099 10262 20  4 66 10  0  0
procs ----------mémoire---------- -échange- -----io---- -système- ------cpu--------
 r  b   swpd  libre tampon  cache   si   so    bi    bo   in   cs us sy id wa st gu
 1  2      0 16912788 119272 5011956    0    0     0  1416 7668 10348 19  4 62 15  0  0
 1  1      0 16888536 119328 5011984    0    0     0  1080 7239 9853 19  4 66 11  0  0
 2  2      0 16885636 119364 5012016    0    0     0  1608 9690 15907 21  5 64 10  0  0
 2  1      0 16882288 119396 5009980    0    0     0   888 6373 6534 18  3 64 15  0  0
 2  1      0 16887400 119428 5012160    0    0     0   612 9638 16260 20  5 66  9  0  0
 1  1      0 16874980 119456 5012164    0    0     0  1444 6401 5343 18  3 66 13  0  0
 2  1      0 16868692 119516 5012284    0    0     0   904 9625 16556 22  5 64  9  0  0
 2  1      0 16870648 119548 5012328    0    0     0  1440 7580 10827 19  4 65 13  0  0
 2  1      0 16868428 119584 5012508    0    0     0   848 8405 11401 21  5 65  9  0  0
 2  1      0 16869668 119620 5010456    0    0     0  1404 7744 10412 19  4 64 13  0  0
 2  0      0 16851136 119668 5012548    0    0     0   936 8697 13938 20  4 65 11  0  0
 1  2      0 16833892 119700 5012680    0    0     0  1544 8653 14123 21  5 62 13  0  0
 2  1      0 16816280 119744 5012964    0    0     0   880 6983 8042 20  5 64 11  0  0
 1  2      0 16802236 119788 5013228    0    0     0  1656 9887 15500 21  5 63 11  0  0
 2  2      0 16786976 119808 5013256    0    0     0   724 8034 12079 19  4 62 15  0  0
 2  2      0 16763076 119864 5018344    0    0     0  5100 9339 15153 24  5 60 11  0  0
 1  7      0 16756408 119936 5027628    0    0     0 10296 8394 13119 22  5 51 23  0  0
 1  5      0 16761852 119984 5032236    0    0     0  7432 6749 6419 19  3 56 21  0  0
 5  0      0 16790004 120052 5014260    0    0     0  3204 6838 7011 20  4 50 26  0  0
 2  5      0 16785520 120096 5014356    0    0     0  1696 11076 22028 22  6 55 17  0  0
 2  2      0 16788660 120128 5012356    0    0     0  1108 7059 8078 19  4 59 19  0  0
procs ----------mémoire---------- -échange- -----io---- -système- ------cpu--------
 r  b   swpd  libre tampon  cache   si   so    bi    bo   in   cs us sy id wa st gu
 3  1      0 16776500 120176 5014556    0    0     0   700 9840 18136 21  5 64 11  0  0
 2  1      0 16770120 120208 5014576    0    0     0  1384 6369 5861 18  3 60 18  0  0
 2  1      0 16771552 120244 5014700    0    0     0   868 9603 17399 22  5 63  9  0  0
 2  1      0 16754440 120288 5014752    0    0     0  1600 8722 14094 19  4 63 13  0  0
 1  1      0 16754200 120320 5014892    0    0     0   920 8920 13804 21  6 64 10  0  0
 1  1      0 16761184 120356 5014968    0    0     0  1468 7951 11303 19  4 62 14  0  0
 1  1      0 16746724 120396 5015040    0    0     0  1156 8714 14986 21  4 65 10  0  0
 1  1      0 16748144 120444 5015184    0    0     0  1556 9868 17420 21  5 63 11  0  0
 2  1      0 16758396 120492 5015256    0    0     0  1008 7619 9568 20  4 66 10  0  0
 2  2      0 16747844 120532 5015384    0    0     0  1596 9310 14627 21  5 64 10  0  0
 1  1      0 16735300 120572 5015460    0    0     0  1012 8591 14506 21  4 64 10  0  0
 1  2      0 16729164 120604 5015608    0    0     0  1580 10223 17861 21  5 63 11  0  0
 4  1      0 16736800 120652 5015656    0    0     0   976 7168 7173 19  4 66 11  0  0
 2  1      0 16735596 120696 5015800    0    0     0  1576 10208 17328 22  5 63 10  0  0
 1  1      0 16719672 120728 5013780    0    0     0   988 6180 5063 18  4 68 10  0  0
 2  1      0 16702744 120752 5016092    0    0     0   712 11415 24176 23  5 63  9  0  0
 2  1      0 16705424 120780 5016128    0    0     0  1428 7286 8898 20  4 54 23  0  0
 1  1      0 16712872 120828 5016188    0    0     0   956 8819 13994 22  6 63  9  0  0
 1  1      0 16717668 120876 5016244    0    0     0  1564 7790 10564 19  4 61 16  0  0
 2  1      0 16706920 120928 5016304    0    0     0  1036 8881 16047 21  4 64 11  0  0
 2  5      0 16699772 120976 5016472    0    0     0  1572 10027 18531 22  5 61 12  0  0
procs ----------mémoire---------- -échange- -----io---- -système- ------cpu--------
 r  b   swpd  libre tampon  cache   si   so    bi    bo   in   cs us sy id wa st gu
 2  2      0 16691728 120992 5014464    0    0     0   780 6761 9216 19  4 57 21  0  0
 2  1      0 16703496 121040 5016700    0    0     0   844 9353 11470 22  5 65  9  0  0
 1  1      0 16707012 121064 5016736    0    0     0  1396 7211 9862 19  4 64 13  0  0
 3  1      0 16691616 121100 5016880    0    0     0   948 10622 18873 24  6 60 10  0  0
 2  1      0 16681168 121148 5017008    0    0     0  1540 8436 14609 20  4 65 10  0  0
 1  1      0 16688376 121200 5017152    0    0     0  1152 7515 10874 19  5 66 10  0  0
 2  2      0 16688200 121256 5017344    0    0     0  2132 9432 15085 21  5 62 12  0  0
 1  1      0 16685508 121264 5015292    0    0     0   668 8793 16135 21  4 46 29  0  0
 2  1      0 16680068 121304 5017404    0    0     0  1084 7483 10545 20  4 65 11  0  0
 1  5      0 16687804 121336 5017636    0    0     0  1584 9675 18186 21  6 61 12  0  0
 5  3      0 16681760 121356 5017672    0    0     0   920 6169 4815 18  3 56 22  0  0
 3  1      0 16677280 121392 5017708    0    0     0   544 10295 19629 23  5 61 11  0  0
 4  2      0 16667784 121432 5017976    0    0     0  1520 8698 15450 19  5 62 14  0  0
 4  1      0 16673360 121448 5015892    0    0     0  1052 7240 10470 19  4 62 14  0  0
 3  1      0 16646416 121472 5018156    0    0     0   640 7940 10394 20  5 65 10  0  0
 4  2      0 16649692 121508 5018204    0    0     0  1628 10660 21800 22  5 53 20  0  0
 4  1      0 16650172 121536 5016248    0    0     0  1172 7251 10270 19  4 63 14  0  0
 5  1      0 16632688 121576 5018604    0    0     0   688 10498 21535 21  6 65  8  0  0
 5  1      0 16627272 121608 5018568    0    0     0  1460 6404 5561 19  4 60 17  0  0
 6  1      0 16638028 121644 5016568    0    0     0  1500 6668 5926 18  4 62 16  0  0
 6  1      0 16653432 121688 5018780    0    0     0   880 9942 16278 21  5 64  9  0  0
procs ----------mémoire---------- -échange- -----io---- -système- ------cpu--------
 r  b   swpd  libre tampon  cache   si   so    bi    bo   in   cs us sy id wa st gu
 6  1      0 16638968 121704 5018816    0    0     0  1364 9114 16786 21  4 63 11  0  0
17  1      0 16635328 121748 5018968    0    0     0  1020 8759 13762 22  6 64  9  0  0
 9  2      0 16625900 121792 5019328    0    0     0  1536 8316 11927 20  5 60 15  0  0
 7  1      0 16623320 121816 5017328    0    0     0   872 7304 10264 19  4 66 11  0  0
 4  1      0 16607864 121848 5019720    0    0     0   656 9582 15475 21  5 66  8  0  0
 6  1      0 16608092 121884 5019760    0    0     0  1528 6827 5787 19  4 62 15  0  0
 4  1      0 16589192 121924 5020128    0    0     0   872 11270 21378 24  6 60  9  0  0
 4  2      0 16589608 121972 5020264    0    0     0  1588 8856 16107 20  5 57 19  0  0
 5  1      0 16587596 122012 5018292    0    0     0  1076 7431 11284 19  4 66 11  0  0
 4  1      0 16595480 122048 5020724    0    0     0   644 9766 16385 21  5 66  8  0  0
 4  1      0 16600328 122080 5020772    0    0     0  1988 6475 5573 19  4 58 19  0  0
 4  1      0 16599384 122124 5020848    0    0     0  1184 9715 17014 22  5 60 12  0  0
 5  1      0 16586588 122156 5021236    0    0     0  1052 10427 20650 22  6 62 10  0  0
 5  1      0 16582520 122172 5021268    0    0     0  1224 7351 11189 19  4 63 14  0  0
 4  1      0 16575792 122236 5021496    0    0     0   764 8327 11173 23  5 60 12  0  0
 4  5      0 16574412 122280 5021700    0    0     0  1684 8057 11676 19  5 55 21  0  0
 4  1      0 16571056 122308 5019668    0    0     0   900 9576 17574 21  4 59 15  0  0
 5  1      0 16549208 122372 5022196    0    0     0   868 10613 21663 22  6 63 10  0  0
 5  1      0 16559376 122396 5022256    0    0     0  1452 7189 11890 19  4 58 18  0  0
 6  1      0 16558688 122432 5022316    0    0     0  1096 6925 6705 19  4 66 11  0  0
 4  3      0 16557624 122476 5022744    0    0     0  1568 9678 15249 21  6 64  9  0  0
procs ----------mémoire---------- -échange- -----io---- -système- ------cpu--------
 r  b   swpd  libre tampon  cache   si   so    bi    bo   in   cs us sy id wa st gu
 3  1      0 16559164 122496 5020768    0    0     0   944 9503 16855 22  5 64 10  0  0
10  0      0 16555832 122556 5023260    0    0     0   872 9247 16255 22  5 64  9  0  0
 2  1      0 16550084 122588 5023368    0    0     0  1304 8480 17182 20  5 60 16  0  0
 4  1      0 16565188 122620 5023440    0    0     0  1120 7068 6661 19  4 66 11  0  0
 2  6      0 16557276 122660 5023856    0    0     0  1564 9739 15165 22  6 63 10  0  0
 3  1      0 16541776 122664 5023884    0    0     0   580 9313 17282 21  4 56 19  0  0
 2  1      0 16532176 122716 5024324    0    0     0  1056 9251 16525 22  6 61 11  0  0
 4  1      0 16534612 122760 5024596    0    0     0  1492 8910 17930 20  5 63 12  0  0
 2  1      0 16540876 122800 5022604    0    0     0  1108 6837 5762 19  4 66 12  0  0
 2  1      0 16541528 122836 5024984    0    0     0   712 9607 16052 21  5 65  9  0  0
13  1      0 16533128 122864 5025032    0    0     0  1444 6936 6697 20  4 63 13  0  0
 4  1      0 16527768 122908 5025444    0    0     0  1004 10458 20369 24  6 62  8  0  0
 2  2      0 16512880 122952 5025768    0    0     0  1600 9042 17698 21  5 62 12  0  0
 2  1      0 16510264 122980 5023760    0    0     0  1088 8023 13433 20  5 64 12  0  0
 4  1      0 16521064 123032 5026196    0    0     0   728 9581 14745 21  6 64 10  0  0
 3  1      0 16527944 123052 5026240    0    0     0  1436 6494 5720 19  4 60 17  0  0
 3  1      0 16529240 123092 5026548    0    0     0   956 11773 22898 25  7 61  8  0  0
 1  2      0 16502284 123136 5026796    0    0     0  1644 9521 18592 21  6 62 12  0  0
 4  1      0 16489368 123156 5026896    0    0     0  1064 7818 13461 20  5 62 13  0  0
 3  1      0 16488956 123192 5027256    0    0     0   684 9825 16332 21  5 64  9  0  0
 4  2      0 16480660 123212 5027448    0    0     0  1196 6622 5268 19  4 54 23  0  0
procs ----------mémoire---------- -échange- -----io---- -système- ------cpu--------
 r  b   swpd  libre tampon  cache   si   so    bi    bo   in   cs us sy id wa st gu
 4  1      0 16479588 123228 5025380    0    0     0   888 10132 18554 24  5 61  9  0  0
 3  1      0 16470888 123268 5027768    0    0     0   608 9266 16866 21  6 64  8  0  0
 4  1      0 16470812 123312 5027912    0    0     0  1540 9450 19607 21  5 60 14  0  0
 1  1      0 16460924 123332 5025928    0    0     0  1108 6719 5849 19  4 65 12  0  0
 3  1      0 16461232 123360 5028360    0    0     0   716 9590 15943 21  6 64  9  0  0
 1  2      0 16462864 123396 5028508    0    0     0  1496 10959 20801 23  5 44 27  0  0
 4  1      0 16469836 123452 5028576    0    0     0  1248 8499 14611 20  5 61 13  0  0
 5  2      0 16452856 123496 5029036    0    0     0  1720 11015 23836 23  7 57 14  0  0
 4  1      0 16465300 123516 5029068    0    0     0   792 6561 5662 19  4 62 15  0  0
 3  1      0 16446260 123552 5029496    0    0     0   788 8473 10822 21  5 64  9  0  0
 6  5      0 16449724 123568 5029516    0    0     0  1572 10143 20098 23  5 49 23  0  0
 3  1      0 16453448 123572 5027632    0    0     0   776 8010 11107 20  4 64 12  0  0
 2  1      0 16455644 123604 5029584    0    0     0   528 9283 16861 21  6 65  9  0  0
 2  0      0 16465500 123620 5029668    0    0     0   388 8260 15146 19  4 70  7  0  0
 1  0      0 16473460 123620 5029692    0    0     0     4 5575 3938 18  3 78  2  0  0
 2  0      0 16473584 123620 5027628    0    0     0     0 10169 20848 21  4 74  0  0  0
 2  0      0 16473088 123620 5027624    0    0     0     0 7071 11799 18  3 79  0  0  0
 2  0      0 16485744 123620 5027628    0    0     0     0 7544 13281 19  4 78  0  0  0
 1  0      0 16483528 123624 5027660    0    0     0    64 5589 3483 17  3 78  1  0  0
 1  0      0 16479820 123624 5027692    0    0     0     0 9431 18860 22  4 74  0  0  0
 1  0      0 16481976 123624 5027708    0    0     0     0 6600 11588 18  4 78  0  0  0
procs ----------mémoire---------- -échange- -----io---- -système- ------cpu--------
 r  b   swpd  libre tampon  cache   si   so    bi    bo   in   cs us sy id wa st gu
 2  0      0 16490212 123624 5027732    0    0     0     0 6922 12675 18  4 78  0  0  0
 1  0      0 16482188 123624 5027748    0    0     0   152 5498 3562 18  3 79  1  0  0
 2  0      0 16480880 123632 5027744    0    0     0    24 9105 19124 22  4 72  2  0  0
 2  0      0 16467844 123632 5027624    0    0     0     0 6690 11611 18  3 79  0  0  0
 2  0      0 16459964 123632 5027616    0    0     0     0 6971 12876 18  4 78  0  0  0
 1  0      0 16468084 123632 5027632    0    0     0     0 5344 3429 17  3 80  0  0  0
15  0      0 16420156 123632 5027924    0    0     0     0 9858 19593 23  5 72  0  0  0
 2  0      0 16406584 123640 5028084    0    0     0    52 5687 4366 18  3 77  2  0  0
 2  0      0 16400584 123640 5028084    0    0     0     0 6459 11438 18  3 79  0  0  0
 2  0      0 16398300 123640 5028112    0    0     0     0 6961 12912 18  4 78  0  0  0
 1  0      0 16412428 123640 5028124    0    0     0     0 5289 3330 17  3 79  0  0  0
 2  0      0 16416220 123640 5028168    0    0     0     0 9735 20781 22  4 74  0  0  0
 2  0      0 16431328 123648 5028188    0    0     0    24 6788 11675 18  4 76  2  0  0
 1  0      0 16428332 123648 5028196    0    0     0     0 6902 12782 18  4 78  0  0  0
 1  1      0 16427948 123656 5028208    0    0     0    40 5550 3612 17  3 78  2  0  0
 1  0      0 16436792 123680 5028216    0    0     0   116 9919 20482 22  4 73  1  0  0
 1  0      0 16422772 123680 5028284    0    0     0     0 6713 11328 18  4 79  0  0  0
 1  0      0 16415188 123696 5028296    0    0     0    80 7299 13168 19  4 75  3  0  0
 2  0      0 16415392 123696 5028304    0    0     0     0 5606 3715 17  3 79  0  0  0
 4  0      0 16417700 123696 5028328    0    0     0     0 9794 20192 22  4 74  0  0  0
 2  0      0 16427528 123696 5028340    0    0     0     0 6442 11716 19  4 78  0  0  0
procs ----------mémoire---------- -échange- -----io---- -système- ------cpu--------
 r  b   swpd  libre tampon  cache   si   so    bi    bo   in   cs us sy id wa st gu
 2  0      0 16413856 123696 5028644    0    0     0   520 8288 16339 21  4 74  1  0  0
 2  0      0 16413764 123724 5031000    0    0     0  1284 6494 7397 18  3 74  5  0  0
 5  0      0 16400772 123724 5029356    0    0     0    52 9443 19751 22  4 74  0  0  0
 2  0      0 16398160 123724 5029360    0    0     0     0 6214 5297 18  3 79  0  0  0
 2  0      0 16395852 123724 5029372    0    0     0     0 6966 12683 18  4 78  0  0  0
 2  0      0 16413828 123724 5029408    0    0     0     0 7582 14111 18  4 78  0  0  0
 1  0      0 16421548 123728 5029428    0    0     0   116 5735 4494 17  3 78  1  0  0
 2  0      0 16419536 123728 5029432    0    0     0     0 9670 19414 22  4 74  0  0  0
 2  0      0 16416376 123728 5029500    0    0     0     0 7192 12626 18  4 78  0  0  0
 2  0      0 16436796 123728 5029488    0    0     0     0 7180 13860 18  4 78  0  0  0
 1  0      0 16433316 123728 5029524    0    0     0     0 5700 4346 18  3 79  0  0  0
 2  1      0 16436600 123732 5029548    0    0     0    24 9410 19034 22  4 73  1  0  0
 2  0      0 16418132 123732 5029536    0    0     0   196 6908 12647 18  4 77  1  0  0
 2  0      0 16418844 123732 5029592    0    0     0     0 7392 13611 19  4 78  0  0  0
 1  0      0 16417988 123732 5029616    0    0     0     0 5694 3652 17  3 80  0  0  0
 3  0      0 16418608 123732 5029652    0    0     0     0 10172 20479 22  5 73  0  0  0
 1  0      0 16426796 123740 5029648    0    0     0    84 7353 12144 19  4 75  2  0  0
 2  0      0 16438164 123740 5029692    0    0     0     0 7123 13293 18  4 78  0  0  0
 1  0      0 16441672 123740 5029680    0    0     0     0 5779 4103 18  4 78  0  0  0
 5  0      0 16440868 123740 5029704    0    0     0     0 9516 18143 22  4 74  0  0  0
 1  0      0 16441420 123740 5029692    0    0     0     0 6112 4491 18  3 79  0  0  0
procs ----------mémoire---------- -échange- -----io---- -système- ------cpu--------
 r  b   swpd  libre tampon  cache   si   so    bi    bo   in   cs us sy id wa st gu
 1  0      0 16434684 123748 5029712    0    0     0    68 6564 11247 18  4 76  3  0  0
 2  0      0 16442616 123748 5029716    0    0     0   160 6847 13052 18  4 78  0  0  0
 1  0      0 16428464 123748 5029628    0    0     0     0 5689 3943 18  3 80  0  0  0
 2  0      0 16427532 123756 5029648    0    0     0   132 9507 20604 22  4 72  2  0  0
 2  0      0 16431476 123764 5029700    0    0     0    60 6831 11831 18  4 77  2  0  0
 1  0      0 16447612 123772 5029712    0    0     0    80 7216 13024 18  4 76  3  0  0
 1  0      0 16449536 123772 5029708    0    0     0     0 5504 3795 17  3 80  0  0  0
 2  0      0 16429168 123772 5029724    0    0     0     0 9170 18846 22  4 74  0  0  0
 2  0      0 16418820 123772 5029744    0    0     0     0 6941 12709 19  3 77  0  0  0
 2  0      0 16426032 123772 5029756    0    0     0     0 7215 13335 18  4 78  0  0  0
 1  0      0 16426004 123780 5029768    0    0     0    60 5270 3466 17  3 78  1  0  0
 2  0      0 16413848 123780 5029784    0    0     0   808 9522 19792 22  4 74  0  0  0
 1  0      0 16422740 123780 5029804    0    0     0    84 6536 11542 18  4 77  2  0  0
 1  0      0 16444388 123780 5029836    0    0     0    72 6902 12826 18  4 77  1  0  0
 1  0      0 16440188 123780 5029860    0    0     0     0 5301 3465 18  3 79  0  0  0
 2  0      0 16435228 123792 5029892    0    0     0   660 8696 16437 22  4 73  2  0  0
 2  0      0 16428056 123792 5029900    0    0     0     8 5847 4195 17  3 79  0  0  0
 3  0      0 16424284 123792 5029928    0    0     0     0 6461 11608 18  4 79  0  0  0
 1  0      0 16425176 123792 5029944    0    0     0     0 6882 12797 19  3 78  0  0  0
 3  0      0 16436424 123792 5029944    0    0     0     0 5350 3725 18  3 79  0  0  0
 2  0      0 16427052 123800 5029960    0    0     0   100 9665 20827 22  4 72  3  0  0
procs ----------mémoire---------- -échange- -----io---- -système- ------cpu--------
 r  b   swpd  libre tampon  cache   si   so    bi    bo   in   cs us sy id wa st gu
 3  0      0 16431080 123800 5029856    0    0     0     0 6803 12021 18  4 78  0  0  0
 1  0      0 16439992 123800 5029908    0    0     0     0 7053 12729 18  4 78  0  0  0
 2  0      0 16439032 123800 5029896    0    0     0     0 5060 3383 17  3 79  0  0  0
 2  0      0 16439588 123800 5029908    0    0     0     0 10116 19353 22  4 74  0  0  0
 2  0      0 16433368 123808 5029944    0    0     0    36 6762 11903 18  4 76  2  0  0
 2  0      0 16443524 123808 5029968    0    0     0   184 6994 12837 18  4 78  0  0  0
 2  0      0 16443824 123808 5030056    0    0     0     0 5482 3821 17  3 79  0  0  0
 4  0      0 16446640 123808 5030072    0    0     0     0 9755 19988 22  4 74  0  0  0
 2  0      0 16440044 123808 5030068    0    0     0     0 6581 11747 18  3 78  0  0  0
 1  0      0 16442012 123816 5030144    0    0     0    40 7042 13101 18  4 76  2  0  0
 1  0      0 16442560 123816 5030140    0    0     0     0 5305 3477 18  3 80  0  0  0
 2  0      0 16444800 123816 5030148    0    0     0     0 8996 18431 22  4 74  0  0  0
 3  0      0 16444112 123828 5030180    0    0     0    64 5608 4081 18  3 77  2  0  0
 1  0      0 16421232 123844 5030176    0    0     0   104 6812 11220 18  3 76  2  0  0
 1  0      0 16425456 123860 5030204    0    0     0    76 6851 13075 18  4 77  1  0  0
 2  0      0 16425648 123860 5030240    0    0     0    12 5405 3416 17  3 80  0  0  0
 1  0      0 16429564 123860 5030252    0    0     0     0 9127 18968 22  4 74  0  0  0
 1  2      0 16424856 123868 5030268    0    0     0   252 6892 11905 18  4 75  3  0  0
 1  0      0 16440344 123876 5030264    0    0     0    32 7105 13056 18  4 76  2  0  0
 2  0      0 16450020 123876 5030276    0    0     0     8 5219 3514 17  3 80  0  0  0
 1  0      0 16448280 123876 5030292    0    0     0    36 8880 17943 22  4 74  0  0  0
procs ----------mémoire---------- -échange- -----io---- -système- ------cpu--------
 r  b   swpd  libre tampon  cache   si   so    bi    bo   in   cs us sy id wa st gu
 1  0      0 16430372 123876 5030320    0    0     0    24 6707 11744 18  3 79  0  0  0
 1  0      0 16440452 123876 5030328    0    0     0    28 7019 12906 18  4 78  0  0  0
 2  0      0 16445940 123884 5030336    0    0     0    48 5254 3380 18  3 79  1  0  0
 1  0      0 16431828 123884 5030392    0    0     0    64 7913 16423 21  4 75  0  0  0
 1  0      0 16431512 123884 5030404    0    0     0   572 7015 11885 19  4 78  0  0  0
 1  0      0 16438636 123884 5030412    0    0     0     0 6834 12372 18  3 78  0  0  0
 2  0      0 16427592 123884 5030424    0    0     0     0 5158 3418 17  3 80  0  0  0
 2  0      0 16420832 123892 5030460    0    0     0    80 9583 18956 22  4 73  1  0  0
 5  0      0 16433276 123892 5030464    0    0     0     0 5925 5956 18  3 79  0  0  0
 1  0      0 16425364 123892 5030504    0    0     0     0 6464 9279 18  3 79  0  0  0
 1  0      0 16421692 123892 5030516    0    0     0     0 7225 12979 18  4 78  0  0  0
 3  0      0 16417820 123892 5030524    0    0     0     0 5291 3398 17  3 80  0  0  0
 1  0      0 16424784 123900 5030536    0    0     0    24 9508 18970 22  4 73  1  0  0
 1  0      0 16418736 123900 5030576    0    0     0     0 6629 11709 18  4 78  0  0  0
 1  0      0 16432440 123900 5030592    0    0     0    32 6861 12923 18  4 78  0  0  0
 1  0      0 16430584 123900 5030608    0    0     0    20 5682 3889 18  4 78  0  0  0
 2  0      0 16426676 123900 5030592    0    0     0     0 8964 17910 22  4 74  0  0  0
 1  0      0 16415820 123904 5030612    0    0     0    56 6927 12163 18  3 78  0  0  0
 1  0      0 16429696 123904 5030612    0    0     0     0 7176 12963 18  4 78  0  0  0
 2  0      0 16426024 123904 5030628    0    0     0   120 5446 3368 17  4 79  0  0  0
 1  0      0 16419396 123904 5030660    0    0     0     0 9738 19755 22  4 74  0  0  0
procs ----------mémoire---------- -échange- -----io---- -système- ------cpu--------
 r  b   swpd  libre tampon  cache   si   so    bi    bo   in   cs us sy id wa st gu
 1  0      0 16429384 123916 5030696    0    0     0    64 6526 11524 18  4 78  1  0  0
 1  0      0 16431680 123924 5030700    0    0     0    76 6748 12636 18  4 78  0  0  0
 3  0      0 16429008 123932 5030708    0    0     0   116 5477 3709 18  3 78  1  0  0
 1  0      0 16430820 123932 5030744    0    0     0     0 9896 19279 22  4 74  0  0  0
 2  0      0 16430408 123932 5030752    0    0     0     0 6341 8208 17  3 79  0  0  0
 2  0      0 16421256 123932 5030784    0    0     0     0 5763 7055 18  3 79  0  0  0
 1  0      0 16423856 123932 5030816    0    0     0     0 6911 12575 18  4 78  0  0  0
 1  0      0 16438460 123940 5030436    0    0     0    44 5437 3742 18  3 79  0  0  0
 2  0      0 16456208 123940 5030448    0    0     0     0 9802 18823 22  4 74  0  0  0
 2  0      0 16459492 123940 5030460    0    0     0     4 6570 11452 18  3 79  0  0  0
 1  0      0 16403128 123940 5030868    0    0     0    12 7302 14516 20  4 76  0  0  0
 1  0      0 16415468 123940 5030876    0    0     0    20 5301 3296 17  3 80  0  0  0
 2  0      0 16413920 123948 5030892    0    0     0    72 9032 18607 22  4 74  0  0  0
 2  0      0 16409884 123948 5030948    0    0     0    36 6699 11671 18  4 78  0  0  0
 1  0      0 16413212 123948 5030972    0    0     0   592 7082 12886 18  4 78  0  0  0
 2  0      0 16411944 123948 5030976    0    0     0    48 5316 3610 17  3 80  0  0  0
 1  0      0 16407412 123948 5030996    0    0     0     0 9808 19919 22  4 74  0  0  0
 1  0      0 16408316 123956 5031020    0    0     0   100 7136 12078 18  3 78  1  0  0
 2  0      0 16409036 123956 5031048    0    0     0     4 6982 13010 18  4 78  0  0  0
 1  0      0 16414744 123956 5031044    0    0     0     0 5575 3557 17  3 80  0  0  0
 2  0      0 16418684 123964 5031060    0    0     0    68 9477 19160 22  4 74  0  0  0
procs ----------mémoire---------- -échange- -----io---- -système- ------cpu--------
 r  b   swpd  libre tampon  cache   si   so    bi    bo   in   cs us sy id wa st gu
 5  0      0 16422160 123964 5031072    0    0     0     0 6333 8672 18  3 79  0  0  0
 1  0      0 16421976 123964 5031116    0    0     0     0 5991 6364 17  4 79  0  0  0
 4  0      0 16428132 123964 5031128    0    0     0     0 6621 12528 18  4 78  0  0  0
 2  0      0 16428768 123964 5031144    0    0     0     0 5644 3768 17  3 80  0  0  0
 3  0      0 16417860 123968 5031160    0    0     0    56 10131 20745 22  4 74  0  0  0
 3  0      0 16419824 123968 5031188    0    0     0     0 6795 11648 18  4 78  0  0  0
 2  0      0 16415596 123968 5031180    0    0     0   168 7108 12952 18  4 78  0  0  0
 1  0      0 16419400 123968 5031184    0    0     0     0 5540 3475 17  3 80  0  0  0
 2  0      0 16413504 123968 5031224    0    0     0    24 8836 18170 22  4 74  0  0  0
 1  0      0 16414496 123984 5031248    0    0     0    88 6765 12007 18  4 77  1  0  0
 1  0      0 16422052 123984 5031260    0    0     0   156 6960 12816 18  4 78  0  0  0
 2  1      0 16426428 123992 5031264    0    0     0    44 5661 3551 17  3 79  1  0  0
 1  0      0 16423144 124004 5031260    0    0     0   136 8718 17363 22  4 72  2  0  0
 2  0      0 16404648 124004 5031312    0    0     0     0 6830 11843 18  3 78  0  0  0
 2  0      0 16415000 124004 5031340    0    0     0    12 6922 12595 19  4 78  0  0  0
 2  0      0 16411904 124004 5031356    0    0     0     0 5329 3706 18  3 79  0  0  0
 2  0      0 16412752 124004 5031372    0    0     0     0 9555 18943 22  4 74  0  0  0
 6  0      0 16408448 124012 5031388    0    0     0    40 6493 11062 18  4 78  0  0  0
 2  0      0 16406884 124012 5031400    0    0     0     4 5107 3742 17  3 80  0  0  0
 1  0      0 16426176 124032 5031840    0    0     0   496 7461 13422 20  4 75  1  0  0
 3  0      0 16437576 124032 5032208    0    0     0     4 6411 4584 19  3 77  1  0  0
procs ----------mémoire---------- -échange- -----io---- -système- ------cpu--------
 r  b   swpd  libre tampon  cache   si   so    bi    bo   in   cs us sy id wa st gu
 2  0      0 16445280 124032 5031760    0    0     0     4 15452 23024 46  5 49  1  0  0
 1  0      0 16454728 124032 5031816    0    0     0    12 9264 12646 19  4 76  1  0  0
 3  0      0 16451596 124032 5031852    0    0     0   576 16602 13559 20  4 75  1  0  0
 1  0      0 16454692 124040 5031864    0    0     0   112 17915 4271 19  4 76  1  0  0
 3  0      0 16448384 124040 5031812    0    0     0    20 29250 19564 24  6 70  0  0  0
 5  0      0 16445388 124040 5031900    0    0     0    40 36676 12415 22  6 72  0  0  0
 3  0      0 16457612 124040 5031848    0    0     0    36 47738 13071 23  7 70  0  0  0
 2  0      0 16455544 124040 5031872    0    0     0     0 56912 3620 23  7 70  0  0  0
 4  0      0 16450876 124048 5031888    0    0     0    44 71153 18132 29  9 62  0  0  0
 2  0      0 16448476 124084 5038444    0    0     0   320 22718 14627 26  6 66  3  0  0
 3  0      0 16457024 124084 5038440    0    0     0     0 7133 13196 18  4 78  0  0  0
 1  0      0 16462184 124084 5038500    0    0     0     0 5468 3460 17  3 80  0  0  0
 1  0      0 16453068 124084 5038496    0    0     0     0 9886 19680 23  5 72  0  0  0
 3  0      0 16451184 124084 5038516    0    0     0     0 6142 6210 18  3 79  0  0  0
 2  0      0 16451268 124092 5038560    0    0     0    40 6272 9037 18  4 79  0  0  0
 2  0      0 16455676 124092 5038584    0    0     0     0 7014 12776 18  4 78  0  0  0
 1  0      0 16460528 124092 5038580    0    0     0     0 5427 3406 17  3 80  0  0  0
 2  0      0 16457992 124092 5038572    0    0     0     0 9514 19995 22  4 74  0  0  0
 1  0      0 16455164 124092 5038612    0    0     0     0 6548 11679 18  4 79  0  0  0
 1  0      0 16453652 124104 5038644    0    0     0    52 6994 12878 18  3 78  1  0  0
 2  0      0 16455052 124104 5038656    0    0     0     0 5343 3566 18  3 80  0  0  0
procs ----------mémoire---------- -échange- -----io---- -système- ------cpu--------
 r  b   swpd  libre tampon  cache   si   so    bi    bo   in   cs us sy id wa st gu
 1  0      0 16438104 124116 5038660    0    0     0   192 8965 17738 22  4 74  1  0  0
 1  0      0 16441120 124124 5038692    0    0     0    72 6706 11944 18  4 77  1  0  0
 1  0      0 16455028 124124 5038720    0    0     0    28 7135 13173 19  4 78  0  0  0
 2  0      0 16469864 124124 5038728    0    0     0     0 5220 3516 17  3 80  0  0  0
 2  0      0 16464776 124124 5038720    0    0     0     0 8691 18338 21  4 75  0  0  0
 2  0      0 16463076 124124 5038748    0    0     0     0 6535 11719 18  4 78  0  0  0
 2  0      0 16468200 124132 5038768    0    0     0    48 7115 13111 18  4 78  0  0  0
 1  0      0 16477272 124132 5038396    0    0     0     0 5431 3714 17  3 80  0  0  0
 2  0      0 16476064 124132 5038400    0    0     0     0 9647 19230 22  4 74  0  0  0
 3  0      0 16487572 124132 5038396    0    0     0     4 6275 8726 18  3 79  0  0  0
 2  0      0 16486076 124132 5038412    0    0     0     4 5911 6289 17  3 80  0  0  0
 2  0      0 16492908 124140 5038436    0    0     0    48 7431 13660 18  4 78  0  0  0
 1  0      0 16488360 124140 5038456    0    0     0     8 5514 3572 17  3 80  0  0  0
 1  0      0 16492312 124140 5038468    0    0     0    32 10396 20389 22  4 74  0  0  0
 1  0      0 16490624 124140 5038484    0    0     0    44 6922 11741 18  3 79  0  0  0
 2  0      0 16509296 124140 5024968    0    0     0    40 7243 13027 18  3 78  0  0  0
 3  0      0 16516528 124148 5024988    0    0     0    56 5381 3594 18  3 79  0  0  0
 1  0      0 16509220 124148 5024996    0    0     0   604 9566 20260 22  4 75  0  0  0
 1  0      0 16452812 124148 5025404    0    0     0     8 7429 12879 20  4 76  0  0  0
 2  0      0 16450404 124148 5025976    0    0     0   284 7480 13852 20  4 76  0  0  0
 2  0      0 16432268 124148 5025992    0    0     0     0 5289 3263 17  3 80  0  0  0
procs ----------mémoire---------- -échange- -----io---- -système- ------cpu--------
 r  b   swpd  libre tampon  cache   si   so    bi    bo   in   cs us sy id wa st gu
 2  0      0 16442580 124152 5026012    0    0     0   112 9260 19077 22  4 74  0  0  0
 1  0      0 16446364 124152 5026044    0    0     0     4 6738 11862 18  3 78  0  0  0
 1  0      0 16455784 124152 5026044    0    0     0     0 7112 12761 18  4 78  0  0  0
 2  0      0 16466724 124152 5026048    0    0     0     0 5428 3512 18  3 79  0  0  0
 3  0      0 16463560 124152 5026076    0    0     0     0 9507 19850 22  4 74  0  0  0
 7  0      0 16457480 124160 5026096    0    0     0    24 6409 9067 18  3 78  0  0  0
 1  0      0 16449952 124160 5026116    0    0     0     0 5675 5675 17  3 79  0  0  0
 2  0      0 16456824 124176 5026144    0    0     0    52 6859 12673 19  4 77  1  0  0
 1  0      0 16458160 124176 5026148    0    0     0     8 5535 3463 17  3 80  0  0  0
 2  0      0 16454460 124192 5026168    0    0     0    56 9451 20344 21  4 74  1  0  0
 2  0      0 16461004 124192 5026180    0    0     0     0 6482 11460 18  3 79  0  0  0
 1  0      0 16466232 124208 5026228    0    0     0   248 7057 13180 18  4 77  1  0  0
 1  0      0 16465076 124208 5026252    0    0     0    36 5639 3572 17  3 80  0  0  0
 1  0      0 16462512 124208 5026256    0    0     0   520 8969 17537 22  4 75  0  0  0
 1  0      0 16462796 124208 5026272    0    0     0     0 6701 11797 18  3 78  0  0  0
 1  0      0 16467972 124208 5026280    0    0     0     0 7004 12748 18  4 78  0  0  0
 1  0      0 16465672 124216 5026276    0    0     0    48 5280 3435 17  3 80  0  0  0
 2  0      0 16448388 124216 5026292    0    0     0     0 11132 21796 22  4 74  0  0  0
 2  0      0 16447624 124216 5026308    0    0     0     0 6875 11799 18  3 78  0  0  0
 1  0      0 16452704 124216 5026336    0    0     0     4 7306 13418 18  4 78  0  0  0
 2  0      0 16447308 124216 5026344    0    0     0     4 5214 3299 17  3 80  0  0  0
procs ----------mémoire---------- -échange- -----io---- -système- ------cpu--------
 r  b   swpd  libre tampon  cache   si   so    bi    bo   in   cs us sy id wa st gu
 2  0      0 16441740 124224 5026356    0    0     0    40 9351 19278 21  4 74  0  0  0
 4  0      0 16450176 124224 5026388    0    0     0     4 6433 11317 18  4 79  0  0  0
 1  0      0 16458320 124224 5026444    0    0     0     0 5334 3846 17  3 80  0  0  0
 1  0      0 16466696 124224 5026456    0    0     0    32 6897 12745 18  4 78  0  0  0
 2  0      0 16467452 124224 5026492    0    0     0    48 5302 3702 17  3 80  0  0  0
 1  0      0 16465912 124236 5026500    0    0     0   120 9594 20352 22  4 74  1  0  0
 3  0      0 16471764 124236 5026528    0    0     0   540 6987 11743 18  4 78  0  0  0
 2  0      0 16468608 124236 5026552    0    0     0    24 7107 13094 19  3 78  0  0  0
 1  0      0 16470688 124236 5026564    0    0     0    28 5386 3375 17  3 80  0  0  0
 1  0      0 16463484 124236 5026564    0    0     0     8 10531 20508 23  5 72  0  0  0
 1  0      0 16469540 124244 5026568    0    0     0   116 7069 11635 18  4 78  0  0  0
 3  0      0 16497740 124244 5026180    0    0     0     8 7255 13207 19  4 78  0  0  0
 2  0      0 16484984 124244 5026200    0    0     0   668 5448 3457 17  3 80  0  0  0
 2  0      0 16486564 124244 5026204    0    0     0     0 8915 17654 22  4 74  0  0  0
 2  0      0 16486604 124244 5026216    0    0     0     0 7043 11925 18  4 78  0  0  0
 2  0      0 16498492 124252 5026228    0    0     0    68 6828 12707 18  4 78  0  0  0
 1  0      0 16478320 124252 5026272    0    0     0     0 5561 3563 17  3 80  0  0  0
 2  0      0 16485356 124264 5026288    0    0     0    52 8957 16710 22  4 74  1  0  0
 3  0      0 16483384 124264 5026308    0    0     0     0 6406 11568 18  3 79  0  0  0
11  0      0 16487476 124276 5026304    0    0     0    68 6354 7205 18  3 78  1  0  0
 2  0      0 16486948 124276 5026328    0    0     0     0 6909 10509 18  4 78  0  0  0
procs ----------mémoire---------- -échange- -----io---- -système- ------cpu--------
 r  b   swpd  libre tampon  cache   si   so    bi    bo   in   cs us sy id wa st gu
 6  0      0 16492996 124292 5026380    0    0     0   144 5471 4286 18  3 78  2  0  0
 1  0      0 16495372 124292 5026400    0    0     0     0 9970 20547 22  4 74  0  0  0
 1  0      0 16481740 124292 5026408    0    0     0     0 6839 11866 18  4 78  0  0  0
 1  0      0 16482716 124292 5026444    0    0     0     0 6918 12674 18  4 78  0  0  0
 1  0      0 16488348 124292 5026396    0    0     0   120 5521 3464 17  3 80  0  0  0
 2  0      0 16490908 124328 5026420    0    0     0   276 9474 18620 22  4 72  2  0  0
 1  0      0 16493600 124328 5026440    0    0     0     0 6884 12082 18  4 78  0  0  0
 2  0      0 16443380 124328 5026964    0    0     0   232 7798 14501 20  4 76  0  0  0
 1  0      0 16441556 124328 5026980    0    0     0     0 5574 3500 17  3 80  0  0  0
 2  0      0 16446128 124328 5026992    0    0     0     0 8867 19177 22  4 74  0  0  0
 1  0      0 16443140 124332 5027000    0    0     0   108 6714 11277 18  3 79  0  0  0
 1  0      0 16458064 124332 5027024    0    0     0     4 6651 12567 18  3 78  0  0  0
 2  0      0 16465672 124332 5018072    0    0     0     4 5687 4097 17  3 80  0  0  0
 2  0      0 16445896 124332 5018092    0    0     0     4 9682 20592 22  4 74  0  0  0
 2  0      0 16451416 124332 5018104    0    0     0   144 6723 11526 18  4 78  0  0  0
 2  0      0 16449104 124336 5018124    0    0     0    84 6070 8184 18  3 79  0  0  0
 2  0      0 16455860 124336 5018144    0    0     0   564 6440 8311 18  3 79  0  0  0
 2  0      0 16465864 124336 5018172    0    0     0    28 5440 3472 17  3 80  0  0  0
 2  1      0 16453220 124340 5020960    0    0     0  2320 9989 22005 26  5 69  1  0  0
 2  1      0 16435552 124392 5036032    0    0     0 13604 7821 14811 25  5 63  7  0  0
 3  0      0 16457708 124440 5018820    0    0     0  5748 7356 13864 20  4 73  4  0  0
procs ----------mémoire---------- -échange- -----io---- -système- ------cpu--------
 r  b   swpd  libre tampon  cache   si   so    bi    bo   in   cs us sy id wa st gu
 1  0      0 16455088 124440 5018832    0    0     0    36 5541 4308 17  3 79  0  0  0
 2  0      0 16443800 124440 5018860    0    0     0     0 9538 20310 22  4 74  0  0  0
 1  0      0 16442704 124440 5018876    0    0     0     0 7019 12785 19  3 78  0  0  0
 1  0      0 16443904 124440 5018900    0    0     0     0 7249 13647 18  3 78  0  0  0
 3  0      0 16448980 124444 5018912    0    0     0   164 5539 4332 17  3 79  0  0  0
 1  0      0 16448404 124456 5018936    0    0     0    64 9894 21653 22  4 73  1  0  0
 1  0      0 16450164 124456 5018952    0    0     0     0 7086 12757 18  4 78  0  0  0
 1  0      0 16464740 124472 5018984    0    0     0    68 7503 13517 19  3 77  1  0  0
 1  0      0 16462132 124472 5019020    0    0     0     0 5512 4340 18  3 79  0  0  0
 2  0      0 16466036 124472 5019112    0    0     0     0 9814 20201 22  4 74  0  0  0
 1  0      0 16471884 124480 5019072    0    0     0    68 6901 12281 18  4 78  1  0  0
 2  0      0 16456496 124480 5019100    0    0     0    56 6333 8649 18  3 79  0  0  0
 1  0      0 16466732 124480 5019120    0    0     0     0 6633 8147 18  3 79  0  0  0
 2  0      0 16468640 124480 5019136    0    0     0     0 5531 3992 17  3 80  0  0  0
 2  0      0 16453884 124480 5019172    0    0     0     0 10162 21454 23  4 73  0  0  0
 2  0      0 16438912 124488 5019260    0    0     0   392 6786 11687 19  3 78  0  0  0
 2  0      0 16444512 124488 5019276    0    0     0   396 7269 12487 19  4 77  0  0  0
 1  0      0 16453140 124488 5019292    0    0     0   148 5431 3599 17  3 80  0  0  0
 2  0      0 16453048 124488 5019304    0    0     0     0 8910 18387 22  4 74  0  0  0
 2  0      0 16441232 124488 5019332    0    0     0     4 6756 12043 18  3 78  0  0  0
 2  0      0 16452020 124496 5019244    0    0     0    96 7343 13206 18  4 78  0  0  0
procs ----------mémoire---------- -échange- -----io---- -système- ------cpu--------
 r  b   swpd  libre tampon  cache   si   so    bi    bo   in   cs us sy id wa st gu
 1  0      0 16450504 124496 5019260    0    0     0     0 5481 3570 17  3 80  0  0  0
 1  0      0 16455852 124496 5019276    0    0     0     4 9596 20114 22  4 74  0  0  0
 2  0      0 16457784 124496 5019280    0    0     0     4 6878 11646 18  3 78  0  0  0
 3  0      0 16459380 124496 5019300    0    0     0     8 7090 12721 18  4 78  0  0  0
 2  0      0 16464352 124504 5019316    0    0     0   580 5516 3667 17  3 80  0  0  0
 2  0      0 16470852 124504 5019332    0    0     0    24 8417 17623 22  4 74  0  0  0
 2  1      0 16470928 124504 5019348    0    0     0   168 7095 12104 19  4 76  0  0  0
 3  0      0 16461900 124504 5019384    0    0     0   164 6871 12552 18  4 78  0  0  0
 1  0      0 16468168 124504 5019400    0    0     0    28 5697 4099 17  3 80  0  0  0
 2  0      0 16466196 124512 5019416    0    0     0   108 5365 3569 17  3 79  0  0  0
 1  0      0 16454748 124512 5019428    0    0     0    32 8646 17633 22  4 75  0  0  0
 1  0      0 16436572 124512 5019432    0    0     0     8 6629 11380 18  3 79  0  0  0
 1  0      0 16448604 124512 5019452    0    0     0   176 7150 12843 18  3 78  0  0  0
 1  0      0 16452156 124512 5019472    0    0     0     0 5502 3514 17  3 80  0  0  0
 2  0      0 16445348 124520 5019484    0    0     0    44 10218 20518 22  5 74  0  0  0
 2  0      0 16448732 124536 5019508    0    0     0    52 6901 11836 18  4 78  1  0  0
 2  0      0 16466540 124536 5019532    0    0     0     8 6958 12956 18  3 78  0  0  0
 1  0      0 16465888 124548 5019540    0    0     0    60 5582 3640 18  3 79  1  0  0
 1  0      0 16462276 124548 5019552    0    0     0     0 9411 19977 21  4 75  0  0  0
 1  1      0 16459812 124556 5019560    0    0     0    64 6711 11709 18  3 79  0  0  0
 3  0      0 16454768 124564 5019596    0    0     0    52 6894 12540 18  4 78  1  0  0
procs ----------mémoire---------- -échange- -----io---- -système- ------cpu--------
 r  b   swpd  libre tampon  cache   si   so    bi    bo   in   cs us sy id wa st gu
 2  0      0 16461976 124564 5019604    0    0     0     0 5368 3434 17  3 80  0  0  0
 2  0      0 16460248 124564 5019616    0    0     0     0 8966 18101 22  4 74  0  0  0
 1  0      0 16457200 124564 5019636    0    0     0     0 7040 11625 18  3 78  0  0  0
 1  0      0 16462316 124564 5019652    0    0     0     0 6934 12722 18  3 79  0  0  0
 2  0      0 16470400 124572 5019672    0    0     0    28 5433 3489 17  3 80  0  0  0
 7  0      0 16464988 124572 5019680    0    0     0     0 6303 5705 18  3 79  0  0  0
 2  0      0 16463280 124572 5019700    0    0     0     0 8747 16878 21  4 76  0  0  0
 3  0      0 16461888 124572 5019724    0    0     0     0 6507 11366 18  4 78  0  0  0
 1  0      0 16471896 124572 5019740    0    0     0     4 6886 12555 18  4 78  0  0  0
 1  0      0 16470596 124580 5019736    0    0     0   164 5647 3939 17  3 79  1  0  0
 1  0      0 16467732 124580 5019760    0    0     0    12 9826 20657 22  4 74  0  0  0
 1  0      0 16465584 124580 5019776    0    0     0     4 6743 11585 18  3 79  0  0  0
 1  0      0 16473616 124580 5019792    0    0     0     0 6867 12783 18  3 79  0  0  0
 2  0      0 16468596 124580 5019804    0    0     0     8 5323 3658 17  3 80  0  0  0
 3  0      0 16463640 124588 5019828    0    0     0    72 9618 20154 22  4 74  1  0  0
 2  0      0 16463072 124588 5019840    0    0     0    12 7077 11849 18  3 78  0  0  0
 2  0      0 16463036 124588 5019860    0    0     0    20 6909 12930 18  3 78  0  0  0
 1  0      0 16472500 124588 5019872    0    0     0    40 5313 3445 17  3 80  0  0  0
 1  0      0 16457432 124588 5019892    0    0     0    48 10072 20647 22  4 74  0  0  0
 1  0      0 16453756 124596 5019904    0    0     0   652 6505 11618 18  4 78  1  0  0
 1  0      0 16452380 124596 5019940    0    0     0    24 7215 13700 20  4 76  0  0  0
procs ----------mémoire---------- -échange- -----io---- -système- ------cpu--------
 r  b   swpd  libre tampon  cache   si   so    bi    bo   in   cs us sy id wa st gu
 2  0      0 16439492 124596 5019964    0    0     0     8 5375 3558 17  3 80  0  0  0
10  0      0 16449360 124596 5019980    0    0     0     0 5888 5733 18  3 79  0  0  0
 2  0      0 16449424 124596 5019992    0    0     0     0 9227 19214 21  4 76  0  0  0
 2  0      0 16459664 124620 5020020    0    0     0   104 6533 11509 18  4 77  1  0  0
 2  0      0 16463488 124620 5020048    0    0     0     0 7242 13313 18  3 78  0  0  0
 1  0      0 16463028 124632 5020052    0    0     0    68 5254 3489 17  3 79  1  0  0
 2  0      0 16454216 124632 5020064    0    0     0     0 9455 19686 22  4 75  0  0  0
 1  0      0 16446784 124632 5020084    0    0     0     0 6662 11480 18  4 79  0  0  0
 1  1      0 16464336 124640 5020100    0    0     0    64 6894 12900 19  3 78  0  0  0
 2  0      0 16456428 124644 5020100    0    0     0    48 5279 3446 17  3 79  1  0  0
 1  0      0 16457944 124644 5020128    0    0     0     0 9070 18139 22  3 75  0  0  0
 2  0      0 16456928 124644 5020152    0    0     0     0 7259 12214 18  3 78  0  0  0
 2  0      0 16465336 124644 5020176    0    0     0     0 6988 13255 19  3 78  0  0  0
 1  0      0 16472944 124644 5020184    0    0     0     0 5485 3519 18  3 79  0  0  0
 2  0      0 16470212 124652 5020200    0    0     0    28 9434 18182 22  4 74  0  0  0
 1  0      0 16452780 124652 5020224    0    0     0     0 6676 11488 18  4 78  0  0  0
 2  0      0 16472508 124652 5020240    0    0     0     0 6931 13067 18  3 78  0  0  0
 1  0      0 16463520 124652 5020256    0    0     0     0 5324 3619 17  3 80  0  0  0
 6  0      0 16455100 124652 5020268    0    0     0     4 6316 6973 19  3 78  0  0  0
 2  0      0 16468216 124660 5020284    0    0     0   116 8018 13293 21  4 76  0  0  0
 2  0      0 16459004 124660 5020292    0    0     0     4 6276 10875 18  4 79  0  0  0
procs ----------mémoire---------- -échange- -----io---- -système- ------cpu--------
 r  b   swpd  libre tampon  cache   si   so    bi    bo   in   cs us sy id wa st gu
 1  0      0 16462064 124660 5020320    0    0     0     0 6654 12725 18  3 78  0  0  0
 1  0      0 16464524 124660 5020332    0    0     0     4 5227 3550 17  3 80  0  0  0
 1  0      0 16466648 124660 5020348    0    0     0     4 12988 21609 44  4 52  0  0  0
 1  0      0 16463548 124668 5020368    0    0     0    48 6927 11735 19  4 76  0  0  0
 1  0      0 16478284 124668 5020392    0    0     0    12 6922 13178 18  4 78  0  0  0
 2  0      0 16484308 124668 5020404    0    0     0    12 5621 3528 17  3 80  0  0  0
 2  0      0 16485480 124668 5020420    0    0     0    12 9199 19049 21  4 75  0  0  0
 3  0      0 16472736 124668 5020436    0    0     0    36 6609 11461 18  3 79  0  0  0
 2  0      0 16487128 124676 5020464    0    0     0   632 7188 12985 19  3 78  0  0  0
 1  0      0 16486512 124676 5020476    0    0     0    12 5430 3568 17  3 80  0  0  0
 1  0      0 16517624 124676 5020108    0    0     0    24 9330 18686 22  4 74  0  0  0
 2  0      0 16519708 124676 5020108    0    0     0    20 6664 11826 18  4 78  0  0  0
 3  0      0 16530392 124692 5020132    0    0     0   128 7316 13189 19  4 77  1  0  0
 1  0      0 16529800 124692 5020156    0    0     0     8 6096 4508 17  3 79  0  0  0
14  0      0 16522244 124704 5020152    0    0     0    80 6975 9669 19  4 77  1  0  0
 1  0      0 16515704 124704 5020172    0    0     0     0 8264 13951 20  4 76  0  0  0
 1  0      0 16511476 124704 5020188    0    0     0     0 6879 11427 18  4 78  0  0  0
 2  0      0 16512712 124704 5020212    0    0     0     0 6977 13087 18  4 78  0  0  0
 4  1      0 16511224 124712 5020224    0    0     0    68 5423 3474 17  3 80  0  0  0
 2  0      0 16500488 124720 5020236    0    0     0    52 10369 20452 22  4 73  1  0  0
 2  0      0 16500420 124720 5020252    0    0     0     0 6626 11253 18  4 78  0  0  0
procs ----------mémoire---------- -échange- -----io---- -système- ------cpu--------
 r  b   swpd  libre tampon  cache   si   so    bi    bo   in   cs us sy id wa st gu
 2  0      0 16509612 124720 5020276    0    0     0     0 6593 11933 18  4 78  0  0  0
 1  0      0 16497800 124720 5020292    0    0     0     0 5508 3489 17  3 80  0  0  0
 3  0      0 16502564 124720 5020312    0    0     0     0 9109 19547 22  4 75  0  0  0
 1  0      0 16499252 124728 5020328    0    0     0    40 6609 11562 18  4 78  0  0  0
 1  0      0 16507672 124728 5020348    0    0     0     0 6998 12709 18  4 78  0  0  0
 2  0      0 16502832 124728 5020356    0    0     0     0 5815 3743 17  3 80  0  0  0
 1  0      0 16503180 124728 5020380    0    0     0     0 9778 20376 22  4 74  0  0  0
 1  0      0 16496772 124728 5020388    0    0     0     0 6897 12092 18  3 79  0  0  0
 2  0      0 16501924 124736 5020420    0    0     0    48 7030 12679 18  4 78  0  0  0
 2  0      0 16463180 124736 5020836    0    0     0     0 5529 4600 19  4 78  0  0  0
 4  0      0 16458972 124736 5020852    0    0     0     0 8217 11840 20  3 77  0  0  0
 1  0      0 16457752 124736 5020860    0    0     0     4 7661 12131 19  3 77  0  0  0
 1  0      0 16456184 124736 5020884    0    0     0     0 6664 11503 18  3 79  0  0  0
 1  0      0 16465796 124744 5021236    0    0     0   176 7094 13141 19  3 77  1  0  0
 2  0      0 16464300 124744 5021248    0    0     0    12 5485 3634 17  3 79  0  0  0
 2  0      0 16451760 124744 5021268    0    0     0    12 8963 17856 22  4 74  0  0  0
 2  0      0 16451984 124744 5021284    0    0     0     4 6585 11536 18  4 78  0  0  0
 1  0      0 16467720 124744 5021304    0    0     0     8 6833 12529 18  4 78  0  0  0
 2  0      0 16466936 124748 5021316    0    0     0   608 5307 3357 17  3 80  0  0  0
 2  0      0 16471756 124748 5021336    0    0     0    40 9097 19429 21  4 75  0  0  0
 1  0      0 16463144 124748 5021352    0    0     0    28 6813 11853 18  3 79  0  0  0
procs ----------mémoire---------- -échange- -----io---- -système- ------cpu--------
 r  b   swpd  libre tampon  cache   si   so    bi    bo   in   cs us sy id wa st gu
 1  0      0 16469964 124764 5021376    0    0     0   136 7205 12962 18  4 77  1  0  0
 1  0      0 16459756 124764 5021388    0    0     0   196 5398 3744 17  3 80  0  0  0
 1  0      0 16463064 124780 5021396    0    0     0    92 9000 18034 22  4 73  1  0  0
 2  0      0 16470576 124780 5021408    0    0     0     0 6694 11581 18  3 79  0  0  0
 3  0      0 16473760 124780 5021432    0    0     0     0 7030 12257 19  3 78  0  0  0
 1  0      0 16466544 124780 5021456    0    0     0     0 5479 3752 17  3 80  0  0  0
 7  0      0 16473740 124780 5021472    0    0     0     4 8978 18239 21  4 75  0  0  0
 1  1      0 16466788 124796 5021480    0    0     0    92 6506 6276 18  3 79  1  0  0
 1  0      0 16455556 124804 5021504    0    0     0    68 7170 12486 18  4 77  1  0  0
 1  0      0 16466192 124804 5021524    0    0     0     0 7024 12618 18  3 78  0  0  0
 2  0      0 16470092 124804 5021540    0    0     0     0 5675 3527 17  3 80  0  0  0
 1  0      0 16457248 124804 5021548    0    0     0   216 10030 20122 22  4 74  0  0  0
 1  0      0 16448984 124804 5021572    0    0     0     0 7065 11791 18  4 79  0  0  0
 2  0      0 16460752 124812 5021588    0    0     0    60 7023 12909 18  3 78  1  0  0
 2  0      0 16465632 124812 5021604    0    0     0     0 5274 3454 17  3 80  0  0  0
 2  0      0 16461756 124812 5021612    0    0     0     0 8715 18363 21  4 75  0  0  0
 2  0      0 16468980 124812 5021636    0    0     0     0 6927 11933 18  3 78  0  0  0
 1  0      0 16468116 124812 5021660    0    0     0     0 6992 12832 18  4 78  0  0  0
 3  0      0 16474480 124820 5021672    0    0     0    24 5622 3654 18  3 79  0  0  0
 1  0      0 16470316 124820 5021688    0    0     0   336 9660 19904 22  4 74  0  0  0
 1  0      0 16467044 124820 5021704    0    0     0     4 6677 11576 18  3 79  0  0  0
procs ----------mémoire---------- -échange- -----io---- -système- ------cpu--------
 r  b   swpd  libre tampon  cache   si   so    bi    bo   in   cs us sy id wa st gu
 2  0      0 16478048 124820 5021728    0    0     0     4 7278 13015 19  4 76  0  0  0
 1  0      0 16485384 124820 5021744    0    0     0     4 5165 3324 17  3 80  0  0  0
 1  0      0 16466020 124824 5023980    0    0     0   196 10863 23697 25  6 69  0  0  0
 3  0      0 16458384 124840 5024064    0    0     0   148 6478 6357 18  3 79  1  0  0
 2  0      0 16450140 124840 5022584    0    0     0    32 7154 12167 18  4 78  0  0  0
 2  0      0 16458148 124840 5022612    0    0     0     0 7199 13972 18  4 78  0  0  0
 1  0      0 16460420 124840 5022624    0    0     0   532 5701 4344 18  3 79  0  0  0
 2  0      0 16471096 124840 5022644    0    0     0     8 10290 21517 22  4 73  0  0  0
 2  0      0 16465396 124848 5022672    0    0     0   140 7088 12878 18  4 78  0  0  0
 3  0      0 16475084 124848 5022696    0    0     0    44 7265 13710 18  4 78  0  0  0
 1  0      0 16478048 124860 5022724    0    0     0    56 5731 4615 18  3 79  1  0  0
 2  0      0 16484484 124860 5022736    0    0     0    20 9419 20058 22  4 74  0  0  0
 2  0      0 16479880 124872 5022752    0    0     0   144 7046 12702 19  3 77  1  0  0
 2  0      0 16473608 124872 5022836    0    0     0    20 7105 13863 19  4 77  0  0  0
 1  0      0 16479668 124872 5022948    0    0     0     4 5531 4442 17  3 79  0  0  0
 2  1      0 16472848 124872 5022968    0    0     0     0 9289 19224 22  4 73  1  0  0
 2  0      0 16474816 124872 5022988    0    0     0     0 6888 11973 19  4 77  1  0  0
 3  1      0 16487116 124876 5023000    0    0     0    76 7210 13723 18  4 77  1  0  0
 2  0      0 16480932 124884 5023020    0    0     0    52 5373 3665 17  3 79  0  0  0
 2  0      0 16483684 124884 5023048    0    0     0     0 9707 19915 22  4 75  0  0  0
 2  0      0 16461464 124884 5023044    0    0     0     0 5786 6123 18  3 79  0  0  0
procs ----------mémoire---------- -échange- -----io---- -système- ------cpu--------
 r  b   swpd  libre tampon  cache   si   so    bi    bo   in   cs us sy id wa st gu
 2  0      0 16460868 124884 5023068    0    0     0     0 6358 9424 18  3 79  0  0  0
 2  0      0 16471980 124884 5023084    0    0     0     0 6946 13114 18  4 78  0  0  0
 4  0      0 16475988 124892 5023096    0    0     0    40 5422 3833 17  3 79  0  0  0
 1  0      0 16471980 124892 5022980    0    0     0   160 9225 19286 22  4 74  0  0  0
 2  0      0 16470176 124892 5022972    0    0     0     0 6807 12027 18  4 78  0  0  0
 3  0      0 16474672 124892 5023000    0    0     0     0 6811 12770 18  4 78  0  0  0
 2  0      0 16480000 124892 5023016    0    0     0     0 5509 3636 17  3 79  0  0  0
 2  0      0 16478188 124916 5023036    0    0     0   208 9547 19698 22  4 73  1  0  0
 1  0      0 16481284 124916 5023048    0    0     0     0 6686 11589 18  4 78  0  0  0
 1  0      0 16483556 124916 5023076    0    0     0     0 7232 13408 18  4 78  0  0  0
 2  0      0 16483988 124916 5023088    0    0     0     0 5156 3699 17  3 80  0  0  0
 2  0      0 16477212 124916 5023108    0    0     0     8 9112 18898 22  4 75  0  0  0
 1  0      0 16470868 124924 5023124    0    0     0   700 6746 11839 18  4 77  1  0  0
 1  0      0 16474732 124924 5023140    0    0     0   728 6904 12924 18  3 77  1  0  0
 1  0      0 16472768 124924 5023160    0    0     0    16 5501 3515 17  3 80  0  0  0
 1  0      0 16468316 124924 5023188    0    0     0     0 8852 17886 22  4 74  0  0  0
 2  0      0 16460468 124924 5023192    0    0     0    20 6369 8852 18  4 79  0  0  0
 2  0      0 16459572 124932 5023224    0    0     0    96 6151 7134 18  3 79  0  0  0
 1  0      0 16465816 124932 5023240    0    0     0   352 7038 13028 18  4 78  0  0  0
 2  0      0 16483484 124948 5023256    0    0     0   128 5638 3691 17  3 78  2  0  0
 1  0      0 16476096 124948 5023280    0    0     0    28 9603 18606 22  4 73  0  0  0
procs ----------mémoire---------- -échange- -----io---- -système- ------cpu--------
 r  b   swpd  libre tampon  cache   si   so    bi    bo   in   cs us sy id wa st gu
 2  0      0 16467896 124964 5023292    0    0     0   696 6852 11793 18  3 78  1  0  0
 1  0      0 16468908 124964 5023312    0    0     0    20 6802 12695 18  4 78  0  0  0
 2  0      0 16473108 124964 5023332    0    0     0    20 5680 3544 17  3 80  0  0  0
 1  0      0 16460008 124964 5023352    0    0     0     8 9595 19930 21  4 75  0  0  0
 2  0      0 16459688 124964 5023368    0    0     0   748 7074 12042 18  4 78  0  0  0
 3  0      0 16467748 124972 5023392    0    0     0   120 7608 14144 18  4 77  0  0  0
 1  1      0 16471280 124980 5023408    0    0     0    64 5421 3657 17  3 79  1  0  0
 2  0      0 16467924 124988 5023424    0    0     0    48 9634 18990 22  4 74  1  0  0
 2  0      0 16461544 124988 5023436    0    0     0     0 6656 11421 18  3 79  0  0  0
 1  0      0 16470520 124988 5023468    0    0     0     0 6857 12540 19  3 78  0  0  0
 2  0      0 16471956 124988 5023484    0    0     0     0 5442 3361 17  3 80  0  0  0
 1  0      0 16463812 124988 5023496    0    0     0     0 9665 19599 22  4 74  0  0  0
 5  0      0 16471028 124996 5023512    0    0     0    28 6728 10446 18  3 78  0  0  0
 1  0      0 16474120 124996 5023532    0    0     0     0 5758 4860 17  3 80  0  0  0
 1  0      0 16471640 124996 5023556    0    0     0     0 6782 12888 18  3 79  0  0  0
 1  0      0 16466520 125012 5023568    0    0     0   204 5521 3687 17  3 77  3  0  0
 1  0      0 16465704 125012 5023584    0    0     0     0 9170 18641 22  4 75  0  0  0
 1  0      0 16466180 125012 5023604    0    0     0     0 6991 11930 18  4 79  0  0  0
 2  0      0 16468212 125012 5023620    0    0     0     0 7423 13023 19  4 76  0  0  0
 2  0      0 16482340 125012 5023644    0    0     0     0 5192 3509 17  3 80  0  0  0
 1  0      0 16476204 125020 5023656    0    0     0    24 9380 20041 22  4 74  0  0  0
procs ----------mémoire---------- -échange- -----io---- -système- ------cpu--------
 r  b   swpd  libre tampon  cache   si   so    bi    bo   in   cs us sy id wa st gu
 1  2      0 16486896 125040 5023580    0    0     0  1700 7505 8537 19  5 62 14  0  0
 1  0      0 16485388 125060 5023600    0    0     0   324 7032 11691 18  4 73  5  0  0
 1  0      0 16476524 125060 5023636    0    0     0     4 7282 13185 18  3 78  1  0  0
 2  0      0 16472040 125060 5023656    0    0     0     0 5393 3677 17  3 80  0  0  0
 1  0      0 16468760 125060 5023660    0    0     0     0 9393 17431 22  4 75  0  0  0
 2  0      0 16468268 125060 5023688    0    0     0    24 6680 11314 18  4 79  0  0  0
 2  0      0 16485492 125068 5023712    0    0     0    64 7442 13361 18  4 78  0  0  0
 1  0      0 16475240 125084 5023736    0    0     0    52 5523 3843 17  3 79  1  0  0
 2  0      0 16482440 125084 5023752    0    0     0     0 9243 18034 22  4 74  0  0  0
 1  0      0 16465820 125096 5023756    0    0     0    68 7100 11807 18  3 77  1  0  0
 4  0      0 16473480 125096 5023776    0    0     0     0 6437 9976 18  3 79  0  0  0
 2  0      0 16474196 125096 5023800    0    0     0     0 5888 6188 18  3 79  0  0  0
 1  0      0 16464180 125096 5023812    0    0     0     0 5349 3334 17  3 80  0  0  0
 1  0      0 16464040 125096 5023828    0    0     0     0 9472 19084 22  4 74  0  0  0
 2  0      0 16461868 125104 5023848    0    0     0    44 6394 11299 18  3 78  0  0  0
 2  0      0 16477400 125104 5023868    0    0     0     0 6949 12684 18  4 78  0  0  0
 2  1      0 16481988 125108 5023888    0    0     0    56 5527 3342 17  3 79  1  0  0
 1  0      0 16484552 125108 5023900    0    0     0     0 9228 18663 22  4 74  0  0  0
 1  0      0 16473184 125108 5023916    0    0     0     0 6640 11368 18  3 79  0  0  0
 3  0      0 16470048 125108 5023940    0    0     0     0 6859 12645 18  4 78  0  0  0
 1  0      0 16467824 125108 5023956    0    0     0     0 5530 3383 17  3 80  0  0  0
procs ----------mémoire---------- -échange- -----io---- -système- ------cpu--------
 r  b   swpd  libre tampon  cache   si   so    bi    bo   in   cs us sy id wa st gu
 3  0      0 16477628 125108 5023968    0    0     0    24 9831 19461 22  4 74  0  0  0
 2  0      0 16466532 125112 5024008    0    0     0     4 6754 11638 18  3 78  0  0  0
 2  0      0 16481572 125124 5022104    0    0     0  1148 6832 12693 19  4 77  1  0  0
 1  0      0 16479112 125124 5022056    0    0     0     0 5502 3632 17  3 80  0  0  0
 1  0      0 16465744 125124 5022052    0    0     0     0 9102 17644 22  4 74  0  0  0
 1  0      0 16457116 125124 5022076    0    0     0     0 6515 11455 18  4 79  0  0  0
 2  0      0 16476512 125124 5022092    0    0     0     0 7002 12903 18  4 78  0  0  0
 1  0      0 16478028 125132 5022112    0    0     0    60 5257 3626 17  3 80  0  0  0
 6  0      0 16468600 125132 5022128    0    0     0     0 5704 5143 18  3 79  0  0  0
 2  0      0 16472472 125132 5022140    0    0     0     0 8458 16634 21  4 75  0  0  0
 1  0      0 16469536 125132 5022168    0    0     0   600 6645 11382 18  3 78  0  0  0
 1  0      0 16477804 125132 5022188    0    0     0   132 6970 12803 18  4 78  0  0  0
 2  0      0 16481296 125136 5022204    0    0     0   104 5512 3448 17  3 79  0  0  0
 2  0      0 16471540 125140 5022216    0    0     0    56 9019 18004 22  4 74  0  0  0
 2  0      0 16478296 125140 5022236    0    0     0     0 6529 11200 18  4 78  0  0  0
 2  0      0 16472660 125140 5022260    0    0     0    32 6929 12631 18  4 78  0  0  0
 1  1      0 16484148 125156 5022268    0    0     0   224 5182 3392 17  3 79  1  0  0
 1  0      0 16478668 125156 5022300    0    0     0     8 9096 17875 22  4 74  0  0  0
 2  0      0 16489324 125156 5022316    0    0     0     0 9455 12088 40  4 57  0  0  0
 2  0      0 16470624 125212 5013184    0    0    12   908 7671 14374 22  4 69  4  0  0
 1  0      0 16458240 125216 5013208    0    0     0    92 5347 3529 17  3 79  0  0  0
procs ----------mémoire---------- -échange- -----io---- -système- ------cpu--------
 r  b   swpd  libre tampon  cache   si   so    bi    bo   in   cs us sy id wa st gu
 2  0      0 16448356 125216 5013224    0    0     0     0 9046 18164 21  4 75  0  0  0
 2  0      0 16465124 125216 5013224    0    0     0     0 6589 11402 18  4 78  0  0  0
 1  0      0 16480732 125216 5013248    0    0     0     0 6878 12649 18  3 78  0  0  0
 2  0      0 16479280 125216 5013276    0    0     0     0 5419 3903 17  3 80  0  0  0
 8  0      0 16481284 125224 5013304    0    0     0    64 7705 12674 20  4 76  0  0  0
 2  1      0 16487244 125232 5013304    0    0     0    60 7074 10250 19  4 77  0  0  0
 1  0      0 16482240 125236 5013340    0    0     0    36 6486 11165 18  4 78  1  0  0
 1  0      0 16495272 125236 5013348    0    0     0     0 6418 12124 18  4 78  0  0  0
 2  0      0 16496272 125236 5013360    0    0     0     0 5213 3663 17  3 80  0  0  0
 3  0      0 16483148 125236 5013368    0    0     0     0 8306 16898 21  4 75  0  0  0
 2  0      0 16480260 125236 5013396    0    0     0     0 6358 11464 18  4 78  0  0  0
 2  0      0 16485364 125264 5013416    0    0     0   128 6899 12603 18  4 76  2  0  0
 1  0      0 16491708 125264 5013424    0    0     0     0 5478 3409 17  3 80  0  0  0
 1  0      0 16488820 125264 5013444    0    0     0     0 9598 19350 22  4 74  0  0  0
 2  0      0 16482184 125264 5013464    0    0     0     0 6632 11598 18  3 79  0  0  0
 1  0      0 16493140 125264 5013488    0    0     0     0 7005 11509 20  4 76  0  0  0
 2  0      0 16493812 125268 5013496    0    0     0    92 5161 3424 17  3 79  0  0  0
 1  0      0 16492600 125268 5013520    0    0     0     0 9407 19260 21  4 75  0  0  0
 1  0      0 16486320 125268 5013536    0    0     0   148 7192 12630 18  4 78  0  0  0
 2  0      0 16499036 125268 5013560    0    0     0     0 7189 12138 18  4 78  0  0  0
 1  0      0 16490396 125268 5013572    0    0     0   524 5386 3547 18  3 79  0  0  0
procs ----------mémoire---------- -échange- -----io---- -système- ------cpu--------
 r  b   swpd  libre tampon  cache   si   so    bi    bo   in   cs us sy id wa st gu
 3  0      0 16492032 125276 5013592    0    0     0   196 8791 16846 21  4 74  1  0  0
 1  0      0 16486004 125276 5013604    0    0     0   116 6204 4257 18  3 79  0  0  0
 1  0      0 16481476 125276 5013628    0    0     0    28 6690 11279 18  3 79  0  0  0
 2  0      0 16494568 125276 5013652    0    0     0     0 7030 12262 18  4 78  0  0  0
 2  0      0 16500624 125276 5013664    0    0     0     0 5435 3706 17  3 80  0  0  0
 2  0      0 16493344 125284 5013688    0    0     0   284 9372 19142 21  4 74  1  0  0
 1  0      0 16470544 125284 5013768    0    0     0     0 7323 12994 19  4 77  0  0  0
 1  0      0 16477432 125300 5013780    0    0     0   140 6986 13083 18  4 77  1  0  0
 2  0      0 16464012 125300 5013796    0    0     0     0 5450 3979 18  3 80  0  0  0
 1  0      0 16449120 125300 5013832    0    0     0    24 9655 18771 22  4 74  0  0  0
 2  0      0 16464220 125300 5013852    0    0     0     0 6741 11708 18  4 79  0  0  0
 2  0      0 16470252 125328 5013816    0    0     0   224 7059 12717 18  4 76  2  0  0
 2  0      0 16476064 125328 5013816    0    0     0    20 5711 5008 17  3 80  0  0  0
 3  1      0 16483084 125356 5013772    0    0     0  2484 10786 21065 24  5 54 17  0  0
 2  0      0 16476720 125364 5013776    0    0     0    76 6943 12048 18  3 77  2  0  0
 2  0      0 16482072 125372 5013792    0    0     0    88 7013 12611 19  3 77  1  0  0
 1  0      0 16486820 125372 5013820    0    0     0     0 5432 3554 17  3 80  0  0  0
 2  0      0 16494176 125372 5013832    0    0     0     0 8868 17766 21  4 75  0  0  0
 2  0      0 16490772 125372 5013852    0    0     0     0 6696 10634 18  4 79  0  0  0
 2  0      0 16495072 125372 5013864    0    0     0     0 5413 4478 17  3 79  0  0  0
 1  0      0 16497424 125372 5013892    0    0     0     0 6731 12016 18  4 78  0  0  0
procs ----------mémoire---------- -échange- -----io---- -système- ------cpu--------
 r  b   swpd  libre tampon  cache   si   so    bi    bo   in   cs us sy id wa st gu
 1  0      0 16498940 125380 5013908    0    0     0    28 5289 3731 17  3 80  0  0  0
 1  0      0 16500224 125380 5013924    0    0     0     0 9065 16572 22  4 74  0  0  0
 1  0      0 16495252 125380 5013940    0    0     0     0 6593 12230 19  4 78  0  0  0
 1  0      0 16497876 125380 5013968    0    0     0     0 6885 12799 18  3 79  0  0  0
 2  0      0 16497248 125380 5013980    0    0     0     0 5325 3521 17  3 80  0  0  0
 2  0      0 16502508 125384 5013988    0    0     0    40 9642 19360 22  4 74  0  0  0
 3  1      0 16500068 125408 5014016    0    0     0   132 6345 10968 18  4 77  1  0  0
 3  0      0 16495436 125408 5014036    0    0     0     0 7178 12663 18  3 78  1  0  0
 2  0      0 16503068 125408 5014048    0    0     0     0 5322 3529 17  3 80  0  0  0
 2  0      0 16490840 125408 5014064    0    0     0     0 8207 16300 21  4 75  0  0  0
 1  0      0 16484844 125408 5014084    0    0     0     0 6704 11134 18  4 79  0  0  0
 2  0      0 16485912 125408 5014112    0    0     0     0 6621 11675 18  4 78  0  0  0
 2  0      0 16487340 125416 5014120    0    0     0    60 5529 3461 17  3 80  0  0  0
 2  0      0 16497404 125416 5014136    0    0     0     0 9966 18178 22  4 74  0  0  0
 1  0      0 16487776 125432 5014164    0    0     0    60 6672 11215 18  4 78  1  0  0
 2  0      0 16486256 125432 5014184    0    0     0     0 6916 12409 18  3 78  0  0  0
 2  0      0 16490052 125440 5014192    0    0     0    68 5320 3421 17  3 79  1  0  0
 1  0      0 16486588 125440 5014212    0    0     0     0 5195 3509 17  3 80  0  0  0
 1  0      0 16474980 125440 5014228    0    0     0   116 9361 17730 22  4 75  0  0  0
 1  0      0 16478012 125440 5014248    0    0     0     0 6804 11188 18  3 79  0  0  0
 2  0      0 16481816 125440 5014268    0    0     0     0 7483 13585 18  4 78  0  0  0
procs ----------mémoire---------- -échange- -----io---- -système- ------cpu--------
 r  b   swpd  libre tampon  cache   si   so    bi    bo   in   cs us sy id wa st gu
 2  0      0 16490392 125448 5014276    0    0     0    40 5424 3581 17  3 79  1  0  0
 2  0      0 16488280 125448 5014296    0    0     0     0 9142 18016 22  4 74  0  0  0
 1  0      0 16479964 125448 5014316    0    0     0   624 6635 11160 18  4 78  0  0  0
 1  0      0 16491900 125448 5014328    0    0     0   132 6986 12287 18  4 78  0  0  0
 2  0      0 16490448 125464 5014348    0    0     0   168 5357 3325 17  3 79  1  0  0
 2  0      0 16497020 125464 5014368    0    0     0     0 9407 19361 21  4 75  0  0  0
 2  0      0 16499052 125464 5014384    0    0     0     0 6238 10612 18  3 79  0  0  0
 2  0      0 16494988 125464 5014408    0    0     0    12 7066 12622 18  4 78  0  0  0
 1  0      0 16489740 125464 5014412    0    0     0     0 5360 3443 17  3 79  0  0  0
 1  0      0 16487984 125468 5014436    0    0     0    36 8933 16755 22  4 74  0  0  0
 1  0      0 16484660 125468 5014452    0    0     0     0 6900 11212 18  3 78  0  0  0
 2  0      0 16488684 125468 5014464    0    0     0   680 6876 12605 18  4 78  0  0  0
 1  0      0 16492196 125468 5014488    0    0     0     0 5454 3658 18  4 78  0  0  0
 7  0      0 16489936 125468 5014504    0    0     0     0 7487 10893 20  3 77  0  0  0
 2  0      0 16518696 125472 5014136    0    0     0    44 7325 11495 19  3 77  0  0  0
 1  0      0 16515268 125472 5014148    0    0     0     0 6486 11190 18  4 78  0  0  0
 1  0      0 16513040 125472 5014172    0    0     0     0 6978 12542 18  3 78  0  0  0
 3  0      0 16518068 125472 5014188    0    0     0     0 5056 3469 17  3 80  0  0  0
 1  0      0 16526172 125480 5014200    0    0     0    60 9351 17927 22  4 74  1  0  0
 2  0      0 16502444 125480 5014216    0    0     0     0 6477 11425 18  3 78  0  0  0
 2  0      0 16502208 125480 5014240    0    0     0     0 6964 12753 18  4 78  0  0  0
procs ----------mémoire---------- -échange- -----io---- -système- ------cpu--------
 r  b   swpd  libre tampon  cache   si   so    bi    bo   in   cs us sy id wa st gu
 1  0      0 16501900 125480 5014248    0    0     0     0 5384 3298 18  3 79  0  0  0
 1  0      0 16502032 125480 5014268    0    0     0     0 9587 19650 22  4 74  0  0  0
 1  0      0 16462536 125500 5014696    0    0     0   136 7330 13820 21  4 73  1  0  0
 1  0      0 16460808 125500 5014716    0    0     0     0 7126 12797 18  4 78  0  0  0
 1  0      0 16454808 125516 5014720    0    0     0    68 5621 3475 17  3 79  1  0  0
 3  2      0 16457004 125536 5019120    0    0     0  4608 10296 19748 24  4 69  4  0  0
 1  3      0 16450340 125568 5028104    0    0     0 10628 7994 13176 22  5 48 24  0  0
 1  0      0 16474468 125640 5014668    0    0     0  7864 7670 13847 19  4 65 11  0  0
 1  0      0 16482116 125640 5014688    0    0     0     4 5490 3648 18  3 79  0  0  0
 4  0      0 16489628 125640 5014696    0    0     0     0 8912 18457 21  4 75  0  0  0
 1  0      0 16488000 125640 5014712    0    0     0     0 6028 4409 18  3 79  0  0  0
 1  0      0 16480468 125640 5014728    0    0     0    72 6508 11082 18  3 79  0  0  0
 2  0      0 16493420 125644 5014756    0    0     0   184 7153 12478 18  4 78  0  0  0
 1  0      0 16504152 125652 5014748    0    0     0    68 5215 3405 17  3 79  1  0  0
 2  0      0 16496512 125652 5014776    0    0     0     0 9149 18234 21  4 75  0  0  0
 2  0      0 16488952 125652 5014796    0    0     0     0 6820 11419 18  3 79  0  0  0
 2  0      0 16484984 125652 5014816    0    0     0     0 7228 12739 18  4 78  0  0  0
 1  0      0 16488160 125652 5014824    0    0     0     0 5440 3248 17  3 80  0  0  0
 1  0      0 16465100 125660 5014832    0    0     0    32 9045 17915 22  4 75  0  0  0
 1  0      0 16465204 125660 5014860    0    0     0     0 6618 11134 18  3 79  0  0  0
 1  0      0 16473052 125660 5014880    0    0     0     0 6915 12596 18  3 78  0  0  0
procs ----------mémoire---------- -échange- -----io---- -système- ------cpu--------
 r  b   swpd  libre tampon  cache   si   so    bi    bo   in   cs us sy id wa st gu
 2  0      0 16476268 125660 5014896    0    0     0     0 5503 3522 17  3 80  0  0  0
 1  0      0 16479784 125660 5014908    0    0     0     0 9363 18447 21  4 75  0  0  0
 1  0      0 16480776 125660 5014928    0    0     0     0 6674 11189 18  3 79  0  0  0
 2  0      0 16495628 125664 5014952    0    0     0    24 6493 11888 19  4 77  0  0  0
 1  0      0 16505544 125664 5014968    0    0     0     0 5335 3493 17  3 80  0  0  0
 1  0      0 16495328 125664 5014980    0    0     0     0 8586 17555 21  4 75  0  0  0
 1  0      0 16495944 125664 5014992    0    0     0     0 6588 10884 18  3 79  0  0  0
 2  0      0 16485924 125664 5015012    0    0     0     0 5828 8629 17  3 79  0  0  0
 2  0      0 16481124 125672 5015032    0    0     0    24 6113 7318 18  3 79  0  0  0
 1  0      0 16476728 125672 5015040    0    0     0     0 5260 3457 17  3 80  0  0  0
 2  0      0 16491656 125672 5015056    0    0     0     0 9540 19341 22  4 75  0  0  0
11  1      0 16493188 125688 5015080    0    0     0    52 7048 11861 19  4 77  1  0  0
 2  0      0 16503012 125688 5015108    0    0     0     0 7032 11661 18  4 78  0  0  0
 1  0      0 16500144 125688 5015124    0    0     0     0 5215 3334 17  3 80  0  0  0
 1  0      0 16504980 125700 5015128    0    0     0    68 9474 18822 21  4 74  1  0  0
 1  0      0 16498672 125700 5015152    0    0     0     0 6629 11332 18  3 79  0  0  0
 1  0      0 16493032 125700 5015172    0    0     0   548 7165 12598 18  4 78  0  0  0
 2  0      0 16500200 125700 5015184    0    0     0   120 5883 4259 17  3 79  0  0  0
 2  0      0 16500044 125700 5015196    0    0     0    68 9473 18532 21  4 75  0  0  0
 3  0      0 16498708 125704 5015216    0    0     0   104 6674 11087 18  3 78  1  0  0
 2  0      0 16520888 125704 5015236    0    0     0     0 7226 12195 19  3 78  0  0  0
procs ----------mémoire---------- -échange- -----io---- -système- ------cpu--------
 r  b   swpd  libre tampon  cache   si   so    bi    bo   in   cs us sy id wa st gu
 2  2      0 16528960 125708 5015172    0    0     0  1312 7290 7421 20  5 68  8  0  0
 1  0      0 16529868 125732 5015184    0    0     0   328 9345 18048 22  4 66  8  0  0
 2  0      0 16528132 125740 5015200    0    0     0    80 6525 11280 18  4 77  1  0  0
 1  0      0 16513948 125740 5015208    0    0     0     0 6888 12011 18  4 78  0  0  0
 2  0      0 16507648 125740 5015236    0    0     0     0 5383 3659 17  3 79  0  0  0
 5  0      0 16501888 125740 5015252    0    0     0     0 6594 8156 19  4 78  0  0  0
 2  0      0 16495912 125740 5015272    0    0     0    60 7750 12139 20  4 76  0  0  0
 2  1      0 16498024 125748 5015288    0    0     0    28 6666 10914 18  3 79  0  0  0
 4  0      0 16514736 125748 5015304    0    0     0     0 7079 12378 18  4 78  0  0  0
 2  0      0 16516776 125748 5015316    0    0     0     0 5591 3585 19  4 78  0  0  0
 2  0      0 16518696 125748 5015332    0    0     0     0 9034 18320 21  4 75  0  0  0
 2  0      0 16524068 125748 5015352    0    0     0     0 6599 11010 18  4 78  0  0  0
 2  0      0 16529044 125748 5015376    0    0     0     0 6954 12007 18  4 78  0  0  0
 1  0      0 16514532 125756 5015384    0    0     0    24 5519 3422 17  3 80  0  0  0
 1  0      0 16508588 125756 5015400    0    0     0     0 8898 18019 22  4 74  0  0  0
 1  0      0 16507388 125756 5015412    0    0     0     0 6599 10954 18  3 79  0  0  0
 1  0      0 16527944 125756 5015440    0    0     0     0 7085 12322 18  3 78  0  0  0
 2  0      0 16526564 125756 5015452    0    0     0     0 5316 3582 17  3 80  0  0  0
 4  0      0 16513560 125764 5015464    0    0     0    24 9438 18790 21  4 74  0  0  0
 2  0      0 16521560 125764 5015480    0    0     0     0 7465 11751 18  4 78  0  0  0
 1  0      0 16515892 125764 5015500    0    0     0     0 7229 12143 18  4 78  0  0  0
procs ----------mémoire---------- -échange- -----io---- -système- ------cpu--------
 r  b   swpd  libre tampon  cache   si   so    bi    bo   in   cs us sy id wa st gu
 3  0      0 16524872 125776 5015144    0    0     0    56 5850 3897 17  3 79  1  0  0
 1  0      0 16534312 125776 5015152    0    0     0     0 9457 18602 21  4 75  0  0  0
 4  0      0 16537204 125784 5015160    0    0     0    88 5975 6916 18  3 79  1  0  0
 1  0      0 16531212 125784 5015184    0    0     0     0 6445 8099 18  3 79  0  0  0
 2  0      0 16541656 125784 5015204    0    0     0     0 6801 11904 18  4 78  0  0  0
 2  1      0 16550240 125796 5015120    0    0     0  1528 7307 7683 19  5 66 10  0  0
 1  0      0 16528540 125824 5015124    0    0     0   316 9909 18624 21  4 70  4  0  0
 2  0      0 16534852 125824 5015148    0    0     0     0 6635 10783 18  3 78  0  0  0
 2  0      0 16542188 125824 5015172    0    0     0     0 6816 11837 18  3 79  0  0  0
 1  0      0 16543516 125824 5015180    0    0     0     0 5405 3501 17  3 80  0  0  0
 1  0      0 16538040 125824 5015192    0    0     0     0 9338 18005 21  4 75  0  0  0
 1  0      0 16543148 125832 5015216    0    0     0    60 6637 11109 18  4 79  0  0  0
 2  0      0 16547824 125836 5015092    0    0     0    60 7127 12079 18  3 77  1  0  0
 2  0      0 16545304 125836 5015120    0    0     0     0 5662 3986 17  3 79  0  0  0
 1  0      0 16527540 125836 5015136    0    0     0     0 9210 18613 21  4 75  0  0  0
 1  0      0 16484312 125836 5015644    0    0     0     0 7149 11395 20  4 76  0  0  0
 1  0      0 16472896 125836 5015584    0    0     0     0 6954 12169 19  4 77  0  0  0
 1  0      0 16475368 125836 5015592    0    0     0   104 5323 3374 17  3 79  0  0  0
 2  0      0 16487000 125836 5015608    0    0     0     0 8973 17116 21  4 75  0  0  0
 2  0      0 16488940 125836 5015616    0    0     0     0 6617 10739 18  3 79  0  0  0
 5  0      0 16496212 125836 5015632    0    0     0     0 6909 11296 18  3 79  0  0  0
procs ----------mémoire---------- -échange- -----io---- -système- ------cpu--------
 r  b   swpd  libre tampon  cache   si   so    bi    bo   in   cs us sy id wa st gu
 2  0      0 16511212 125836 5015660    0    0     0   108 5647 4948 18  3 79  0  0  0
 1  0      0 16510956 125836 5015668    0    0     0     0 5209 3393 17  3 80  0  0  0
 1  0      0 16505656 125840 5015688    0    0     0    56 9393 18875 22  4 74  0  0  0
 2  1      0 16510384 125848 5015640    0    0     0  1744 8309 14793 20  5 66  9  0  0
 1  0      0 16516504 125868 5015656    0    0     0   336 7331 12737 19  4 75  3  0  0
 1  1      0 16517644 125880 5018244    0    0     0  2392 5777 3841 18  3 77  2  0  0
 2  0      0 16522520 125916 5015956    0    0     0  9044 9316 17525 23  4 68  5  0  0
 2  0      0 16516628 125916 5015968    0    0     0     0 6444 10646 18  4 79  0  0  0
 1  0      0 16524992 125916 5015996    0    0     0     0 6433 11535 19  3 78  0  0  0
 2  0      0 16531940 125932 5016004    0    0     0   144 5491 3621 17  3 79  1  0  0
 3  0      0 16522628 125932 5016028    0    0     0     0 9118 16406 21  4 75  0  0  0
 2  0      0 16519840 125948 5016028    0    0     0    64 6493 10804 18  3 78  1  0  0
 2  0      0 16520948 125948 5016060    0    0     0     0 7129 11518 18  4 78  0  0  0
 1  0      0 16511720 125948 5016068    0    0     0     0 5312 3497 17  3 80  0  0  0
 1  0      0 16518064 125948 5016084    0    0     0     0 8905 15898 21  4 75  0  0  0
 1  0      0 16522368 125948 5016100    0    0     0   148 6825 10826 18  3 79  0  0  0
 3  0      0 16522100 125956 5016120    0    0     0    72 6689 11510 19  3 78  0  0  0
 2  0      0 16518160 125956 5016140    0    0     0     0 5365 3648 17  3 80  0  0  0
 5  0      0 16497884 125976 5017060    0    0     0  1408 5966 5204 18  4 77  1  0  0
 1  4      0 16501456 125988 5016944    0    0     0  2252 10814 20726 23  5 66  6  0  0
 1  0      0 16521148 126012 5016956    0    0     0   392 7159 11614 18  4 59 19  0  0
procs ----------mémoire---------- -échange- -----io---- -système- ------cpu--------
 r  b   swpd  libre tampon  cache   si   so    bi    bo   in   cs us sy id wa st gu
 3  0      0 16512320 126012 5016976    0    0     0     0 6892 12005 18  3 78  0  0  0
 2  0      0 16517380 126020 5016996    0    0     0    96 5440 3617 17  3 79  1  0  0
 3  0      0 16505936 126020 5016996    0    0     0     0 8885 17491 21  4 75  0  0  0
 4  0      0 16520136 126040 5017012    0    0     0   108 6105 6219 18  3 78  1  0  0
 1  0      0 16521592 126040 5017032    0    0     0     0 5906 7567 18  4 78  0  0  0
 2  0      0 16546620 126040 5017048    0    0     0     0 7113 11805 18  4 78  0  0  0
 1  0      0 16546464 126040 5017064    0    0     0     0 5527 3685 19  4 78  0  0  0
 3  0      0 16522372 126048 5018444    0    0     0  1400 8998 17642 23  4 73  1  0  0
 1  0      0 16519040 126048 5018464    0    0     0     0 6456 10571 18  3 79  0  0  0
 2  0      0 16539228 126048 5018484    0    0     0     0 6792 11702 18  4 78  0  0  0
 4  0      0 16542676 126048 5018496    0    0     0     0 5296 3327 17  3 79  0  0  0
 2  1      0 16540008 126048 5018844    0    0     0   100 9986 19674 22  4 72  2  0  0
 2  0      0 16536272 126084 5018824    0    0     0  2132 7873 12704 20  5 67  8  0  0
 2  0      0 16545136 126084 5018844    0    0     0     0 7146 11526 18  3 78  0  0  0
 2  0      0 16540884 126084 5018868    0    0     0     4 5562 3730 17  3 79  1  0  0
 6  0      0 16532664 126084 5018876    0    0     0     0 6356 8853 19  3 78  0  0  0
 2  0      0 16541144 126084 5018896    0    0     0     0 8054 11762 19  4 77  0  0  0
 1  0      0 16543036 126088 5018912    0    0     0    88 6324 10264 18  3 78  0  0  0
 3  0      0 16546216 126100 5018940    0    0     0    52 6905 11239 18  4 78  1  0  0
 1  0      0 16544780 126100 5018952    0    0     0     0 5211 3396 17  3 80  0  0  0
 1  1      0 16536696 126108 5018972    0    0     0    68 8829 17091 21  4 74  1  0  0
procs ----------mémoire---------- -échange- -----io---- -système- ------cpu--------
 r  b   swpd  libre tampon  cache   si   so    bi    bo   in   cs us sy id wa st gu
 1  0      0 16533992 126108 5018984    0    0     0     0 6468 10317 18  3 79  0  0  0
 2  0      0 16536992 126108 5019004    0    0     0     0 6713 11541 18  4 78  0  0  0
 2  1      0 16549796 126108 5018940    0    0     0   100 6388 5688 18  3 78  1  0  0
 1  0      0 16532992 126140 5018904    0    0     0  1448 10979 20522 24  5 62  9  0  0
 2  0      0 16533900 126140 5018888    0    0     0     0 6751 10251 18  4 78  0  0  0
 2  0      0 16526828 126140 5018904    0    0     0     0 6642 11266 18  4 78  0  0  0
 1  0      0 16529020 126140 5018916    0    0     0     0 5184 3420 17  3 80  0  0  0
 1  0      0 16535068 126140 5018928    0    0     0     0 8755 16843 21  4 75  0  0  0
 2  0      0 16537104 126148 5018948    0    0     0    60 6608 10539 18  3 79  0  0  0
 2  0      0 16539472 126148 5018964    0    0     0     0 7037 11533 18  4 78  0  0  0
 1  0      0 16517164 126148 5019004    0    0     0     0 5808 4678 19  3 77  0  0  0
 2  0      0 16506704 126156 5019016    0    0     0    60 8571 16218 21  4 74  1  0  0
 1  0      0 16499460 126156 5019028    0    0     0     0 6418 10033 18  3 79  0  0  0
 2  0      0 16519880 126156 5019048    0    0     0     0 6890 12115 18  4 78  0  0  0
 1  1      0 16539492 126184 5018980    0    0     0  1604 7056 6489 20  4 62 14  0  0
 2  0      0 16535864 126184 5019000    0    0     0     0 5594 4201 18  3 79  0  0  0
 1  0      0 16543428 126184 5019016    0    0     0     0 8917 16628 21  4 76  0  0  0
 2  0      0 16551212 126184 5019028    0    0     0     0 6566 9978 18  4 78  0  0  0
 1  0      0 16560564 126184 5019052    0    0     0     0 6787 11080 18  4 78  0  0  0
 2  0      0 16560956 126184 5019072    0    0     0     0 5268 3359 17  3 80  0  0  0
 1  0      0 16559152 126192 5019088    0    0     0    60 8955 17535 21  4 75  0  0  0
procs ----------mémoire---------- -échange- -----io---- -système- ------cpu--------
 r  b   swpd  libre tampon  cache   si   so    bi    bo   in   cs us sy id wa st gu
 3  0      0 16564296 126192 5019104    0    0     0     0 6413 10234 18  3 79  0  0  0
 2  0      0 16553636 126192 5019120    0    0     0     0 6567 10896 18  3 78  0  0  0
 1  0      0 16569932 126192 5019132    0    0     0     0 5083 3276 17  3 80  0  0  0
 2  0      0 16554892 126192 5019152    0    0     0     0 8573 15881 21  4 75  0  0  0
 1  0      0 16548668 126200 5019164    0    0     0    24 6220 10051 18  3 79  0  0  0
 1  0      0 16552364 126200 5019188    0    0     0     0 6522 10361 18  3 79  0  0  0
 2  1      0 16555484 126232 5019132    0    0     0  1500 7637 8562 19  5 63 13  0  0
 1  0      0 16556532 126256 5019148    0    0     0   140 9121 16370 22  4 74  1  0  0
 2  0      0 16554208 126256 5019164    0    0     0     4 6404 9988 18  3 78  1  0  0
 2  0      0 16553760 126272 5019164    0    0     0    72 6856 10568 18  4 77  1  0  0
 1  0      0 16550912 126272 5019184    0    0     0     0 5354 3494 17  3 80  0  0  0
 1  0      0 16554952 126272 5019204    0    0     0    52 9068 16560 21  4 75  0  0  0
 1  0      0 16554248 126272 5019212    0    0     0     0 6178 9628 18  3 79  0  0  0
 2  0      0 16566860 126272 5019232    0    0     0     0 6881 10450 18  4 78  0  0  0
 1  1      0 16567884 126292 5019116    0    0     0  1180 7244 7456 19  5 71  5  0  0
 8  0      0 16579552 126320 5019140    0    0     0   312 6302 5592 17  4 71  8  0  0
 1  0      0 16569768 126320 5019160    0    0     0     0 8383 14563 21  4 76  0  0  0
 2  0      0 16575124 126320 5019176    0    0     0     0 6324 9610 18  3 79  0  0  0
 1  0      0 16586664 126320 5019200    0    0     0     0 6508 10590 18  3 79  0  0  0
 1  0      0 16585008 126320 5019208    0    0     0     0 5556 3503 17  3 80  0  0  0
 1  0      0 16572876 126332 5019212    0    0     0   112 7791 14032 20  4 74  1  0  0
procs ----------mémoire---------- -échange- -----io---- -système- ------cpu--------
 r  b   swpd  libre tampon  cache   si   so    bi    bo   in   cs us sy id wa st gu
 3 26      0 16577888 126332 5019168    0    0     0   516 8146 13588 20  5 73  3  0  0
 2  0      0 16577424 126380 5016988    0    0     0  2104 7496 12261 20  4 59 17  0  0
 1  0      0 16576076 126380 5017008    0    0     0     0 5557 3780 17  3 80  0  0  0
 3  0      0 16580008 126380 5017020    0    0     0     0 8781 15988 22  5 73  0  0  0
 3  0      0 16572284 126400 5018376    0    0     0  1480 6000 7413 19  4 76  2  0  0
 1  0      0 16563256 126408 5019736    0    0     0  1444 5793 6220 19  3 76  1  0  0
 2  2      0 16571604 126432 5019648    0    0     0  1476 8482 14572 20  5 67  9  0  0
 1  0      0 16567472 126460 5019668    0    0     0   340 6025 4577 17  3 72  8  0  0
 2  0      0 16560752 126460 5019676    0    0     0     0 7906 14835 20  4 76  0  0  0
 2  0      0 16558188 126460 5019696    0    0     0     4 6368 9446 18  3 78  0  0  0
 2  0      0 16570472 126468 5019712    0    0     0    88 6486 10365 18  3 78  1  0  0
 2  0      0 16571852 126468 5019728    0    0     0     0 4975 3316 17  3 80  0  0  0
 2  1      0 16583096 126496 5019612    0    0     0  1348 10518 18388 23  6 57 15  0  0
 1  0      0 16579848 126504 5019624    0    0     0    68 6941 10257 18  4 76  2  0  0
 1  0      0 16594316 126504 5019644    0    0     0     0 6598 10140 18  4 79  0  0  0
 2  0      0 16594856 126504 5019660    0    0     0     0 5207 3391 17  3 80  0  0  0
 2  1      0 16592332 126520 5019612    0    0     0   608 10617 19565 23  5 68  4  0  0
 2  0      0 16595952 126560 5019580    0    0     0   868 6868 10278 18  4 67 11  0  0
 2  0      0 16601516 126568 5019600    0    0     0    64 6934 10125 18  3 78  1  0  0
 2  0      0 16598916 126568 5019604    0    0     0     0 5240 3296 18  3 80  0  0  0
 2  1      0 16606196 126568 5019552    0    0     0   104 9480 17376 21  4 73  2  0  0
procs ----------mémoire---------- -échange- -----io---- -système- ------cpu--------
 r  b   swpd  libre tampon  cache   si   so    bi    bo   in   cs us sy id wa st gu
 2  0      0 16610988 126604 5019504    0    0     0  1260 7532 10989 19  5 67  9  0  0
 3  0      0 16600024 126604 5019520    0    0     0     0 6835 9936 18  4 78  0  0  0
 1  0      0 16598412 126604 5019540    0    0     0     4 5664 3613 17  3 80  0  0  0
 1  1      0 16606408 126604 5019472    0    0     0   100 8487 15841 21  4 74  1  0  0
 1  0      0 16603848 126644 5019452    0    0     0  1288 7243 10742 19  4 67 10  0  0
 4  0      0 16604020 126644 5019464    0    0     0     0 6313 7492 18  3 79  0  0  0
 1  0      0 16613924 126644 5019616    0    0     0     4 5885 6076 18  3 79  0  0  0
 1  1      0 16616888 126644 5019488    0    0     0   780 6907 7369 19  4 73  3  0  0
 1  0      0 16614200 126684 5019508    0    0     0   580 8632 15417 20  4 70  6  0  0
 2  0      0 16619280 126692 5019512    0    0     0    84 6166 8520 18  3 78  1  0  0
 2  0      0 16620652 126692 5019536    0    0     0     4 6145 9013 18  3 79  0  0  0
10  0      0 16635716 126692 5019488    0    0     0   124 6519 6801 18  4 75  3  0  0
 2  0      0 16622172 126732 5019496    0    0     0  1240 10070 15190 22  4 66  7  0  0
 1  0      0 16619176 126732 5019516    0    0     0     4 6302 8204 18  3 79  0  0  0
 1  0      0 16624872 126732 5019528    0    0     0     0 6849 8906 18  3 79  0  0  0
 2  1      0 16632668 126744 5019444    0    0     0  1064 7116 6948 19  5 70  6  0  0
 1  0      0 16626160 126772 5019472    0    0     0   304 8771 15394 20  4 72  4  0  0
 2  0      0 16627776 126772 5019488    0    0     0     4 5998 8517 18  3 79  0  0  0
 3  0      0 16645944 126772 5019432    0    0     0   100 6963 11309 18  4 76  2  0  0
 2  0      0 16646844 126812 5019404    0    0     0  1256 6601 5636 19  4 70  7  0  0
 3  0      0 16647728 126812 5019424    0    0     0     0 8090 13478 20  4 76  0  0  0
procs ----------mémoire---------- -échange- -----io---- -système- ------cpu--------
 r  b   swpd  libre tampon  cache   si   so    bi    bo   in   cs us sy id wa st gu
 4  1      0 16644256 126824 5019292    0    0     0  1020 7524 10079 19  4 72  5  0  0
 2  0      0 16647904 126844 5019316    0    0     0   300 6329 6243 18  3 72  6  0  0
 1  0      0 16648160 126844 5019336    0    0     0     0 6414 8386 18  3 79  0  0  0
 3  2      0 16656392 126856 5019252    0    0     0  1040 7230 7680 19  4 67  9  0  0
 1  0      0 16661484 126880 5019244    0    0     0   428 8888 13647 20  4 70  6  0  0
 3  0      0 16652440 126880 5019272    0    0     0     0 5797 7278 18  3 79  0  0  0
 1  2      0 16652968 126904 5019112    0    0     0  1128 7210 7620 19  4 69  7  0  0
 1  0      0 16669068 126932 5019116    0    0     0   260 7159 9957 18  3 68 10  0  0
 2  0      0 16671760 126932 5019124    0    0     0     0 5903 4825 17  3 79  0  0  0
 2  1      0 16681748 126952 5019036    0    0     0  1496 9421 16518 21  5 66  7  0  0
 2  1      0 16673616 126956 5019056    0    0     0    72 6430 7877 18  3 76  3  0  0
 2  1      0 16664364 126956 5019044    0    0     0    20 6404 9336 18  3 78  0  0  0
 2  0      0 16659576 126992 5018964    0    0     0  1244 6874 6183 19  4 68  9  0  0
 7  0      0 16660168 126992 5018976    0    0     0     0 7404 11142 20  4 77  0  0  0
 2  0      0 16666136 127024 5018896    0    0     0  1276 7987 11052 19  4 65 12  0  0
 2  0      0 16680012 127024 5018908    0    0     0     0 5932 7500 18  3 79  0  0  0
 2  1      0 16679196 127036 5018720    0    0     0   996 7178 7071 19  4 71  5  0  0
 2  0      0 16675200 127064 5018732    0    0     0   292 5605 4110 17  4 75  4  0  0
 2  1      0 16695032 127084 5018632    0    0     0  1152 9683 16096 21  5 64 10  0  0
 2  1      0 16713996 127112 5018120    0    0     0   300 7258 9893 18  4 74  4  0  0
 2  0      0 16734116 127148 5018104    0    0     0  1168 7535 9587 19  4 66 11  0  0
procs ----------mémoire---------- -échange- -----io---- -système- ------cpu--------
 r  b   swpd  libre tampon  cache   si   so    bi    bo   in   cs us sy id wa st gu
 1  3      0 16748356 127160 5017956    0    0     0   972 7451 7996 19  4 68  9  0  0
 5  0      0 16748976 127172 5017816    0    0     0   356 7930 11965 20  5 69  6  0  0
 1  0      0 16747580 127204 5017752    0    0     0  1200 7484 8834 19  4 68  9  0  0
 1  1      0 16753228 127216 5017572    0    0     0   912 7299 9655 19  4 69  7  0  0
 1  1      0 16763760 127240 5017488    0    0     0   404 7291 8384 18  4 71  7  0  0
 9  0      0 16777328 127276 5017240    0    0     0  1288 7795 8362 19  4 68  8  0  0
 1  1      0 16771748 127308 5017060    0    0     0  1100 8966 12704 20  4 69  7  0  0
 2  1      0 16791204 127336 5016956    0    0     0  1264 7865 10445 19  4 62 15  0  0
 2  1      0 16799980 127372 5016748    0    0     0  1260 8194 10048 20  4 61 14  0  0
 2  2      0 16818324 127404 5016388    0    0     0  2112 8287 11516 20  5 59 16  0  0
 2  1      0 16821820 127440 5016180    0    0     0  1492 8380 10337 20  4 46 30  0  0
 2  5      0 16824428 127456 5015676    0    0     0  2052 9822 16400 20  5 38 37  0  0
 0  3      0 16866156 127500 5014900    0    0     0  1364 9473 15003 16  4 41 39  0  0
 1  4      0 16872076 127528 5014896    0    0     0  1008 6266 8965  9  6 60 26  0  0
 0  3      0 16872188 127548 5018984    0    0     0  1396 2866 3286  3  3 62 32  0  0
 0  2      0 16886224 127596 5018928    0    0     0   804 5207 7409  7  5 63 25  0  0
 0  2      0 16887316 127612 5018700    0    0     0  1244 3514 4829  5  3 54 38  0  0
 0  5      0 16895188 127660 5018376    0    0     0  1236 4330 5127  6  5 56 33  0  0
 0  1      0 16909644 127700 5018228    0    0     0  1016 2557 2942  3  3 51 44  0  0
 2  0      0 16845356 127744 5020240    0    0     0   404 12759 18035  6  6 79  9  0  0
 0  1      0 16841432 127796 5022264    0    0     0   972 8459 12019  4  5 83  8  0  0
procs ----------mémoire---------- -échange- -----io---- -système- ------cpu--------
 r  b   swpd  libre tampon  cache   si   so    bi    bo   in   cs us sy id wa st gu
 0  1      0 16868340 127844 5022144    0    0     0   896 4037 5772  2  2 86 11  0  0
 0  1      0 16867120 127892 5022072    0    0     0   816 5061 7984  3  3 83 10  0  0
 0  1      0 16883056 127960 5021988    0    0     0   952 4707 6443  2  3 84 10  0  0
 0  1      0 16903348 128020 5021776    0    0     0   940 4605 6518  2  3 85 10  0  0
 0  1      0 16907672 128072 5021668    0    0     0   868 4537 7535  2  3 84 11  0  0
 0  1      0 16925448 128124 5021564    0    0     0   836 4590 6379  2  2 85 10  0  0
 0  1      0 16842820 128184 5021824    0    0     0   920 4767 7156  4  3 82 10  0  0
 1  0      0 16843900 128224 5021728    0    0     0   772 4563 7582  3  3 84 10  0  0
 0  1      0 16858080 128272 5021676    0    0     0  1328 3844 5016  2  3 80 15  0  0
 1  0      0 16872596 128316 5022012    0    0     0   780 4537 5970  4  3 83 10  0  0
 0  1      0 16862772 128372 5021816    0    0     0  1032 5079 8539  2  3 85 10  0  0
 0  1      0 16855932 128428 5021680    0    0     0   920 5021 6162  3  3 84 10  0  0
 0  1      0 16853784 128480 5021536    0    0     0   976 4365 6059  2  3 85 10  0  0
 1  0      0 16869440 128528 5021368    0    0     0   924 5355 8287  3  3 84 10  0  0
 0  1      0 16876912 128584 5021188    0    0     0   988 4320 6392  2  2 85 11  0  0
 0  1      0 16872624 128636 5021048    0    0     0   916 3991 5737  2  2 86 10  0  0
 0  1      0 16866880 128668 5020712    0    0     0  1924 5760 9230  6  5 79  9  0  0
