procs ----------mémoire---------- -échange- -----io---- -système- ------cpu--------
 r  b   swpd  libre tampon  cache   si   so    bi    bo   in   cs us sy id wa st gu
 6  0      0 17060956  95540 4949024    0    0  1447   424 5904    6 12  3 81  4  0  0
 0  1      0 17053096  95572 4949048    0    0     0  1696 3710 7751  3  2 78 17  0  0
 0  1      0 17051612  95632 4947084    0    0     0   780 4941 8404  6  4 81 10  0  0
 0  2      0 17040100  95676 4949148    0    0     0  1368 5921 8149  6  5 76 13  0  0
 0  1      0 17034276  95720 4949132    0    0     0   512 7300 12567  5  4 82  9  0  0
 0  1      0 17042416  95780 4949212    0    0     0  1220 3253 4054  3  3 79 15  0  0
 1  0      0 17050236  95824 4949316    0    0     0   516 6040 9559  7  5 81  8  0  0
 1  0      0 17053536  95824 4947220    0    0     0     4 2388 3638 13  1 85  1  0  0
 1  0      0 17063124  95824 4947228    0    0     0     0 2222 1616 13  1 86  0  0  0
 1  0      0 17067616  95824 4947228    0    0     0     0 1835 1189 13  1 86  0  0  0
 1  0      0 17064968  95824 4947232    0    0     0     0 2680 3509 15  2 84  0  0  0
 1  1      0 17061196  95832 4949268    0    0     0    60 2173 1682 13  1 86  0  0  0
 1  0      0 17061160  95832 4949292    0    0     0     0 1526  937 13  1 86  0  0  0
 1  1      0 17055244  95832 4949300    0    0     0    44 3301 7569 14  1 85  1  0  0
 1  1      0 17060236  95868 4949300    0    0     0  1440 3027 3321 14  1 70 16  0  0
 5  0      0 17047944  95936 4949324    0    0     0   920 5930 9498 17  3 70 10  0  0
 3  1      0 17032076  95972 4949448    0    0     0  1380 8039 13364 25  3 60 12  0  0
 2  1      0 17020088  96024 4949560    0    0     0   944 9007 12064 27  4 57 12  0  0
 3  2      0 17027572  96076 4947532    0    0     0  1376 9382 13188 37  4 49 11  0  0
 4  1      0 17021508  96128 4949672    0    0     0   928 10009 13668 38  5 47 10  0  0
 4  1      0 17002580  96176 4949768    0    0     0  1376 10271 14995 45  5 41  9  0  0
procs ----------mémoire---------- -échange- -----io---- -système- ------cpu--------
 r  b   swpd  libre tampon  cache   si   so    bi    bo   in   cs us sy id wa st gu
 4  1      0 16984088  96228 4949796    0    0     0   984 10006 13512 48  6 39  8  0  0
 5  2      0 16980332  96276 4949912    0    0     0  1432 11686 18158 55  7 32  6  0  0
 6  1      0 16979208  96308 4947944    0    0     0   828 9201 11044 53  6 30 11  0  0
 7  1      0 16977752  96352 4950172    0    0     0   652 12289 19837 62  8 25  5  0  0
 6  1      0 16959184  96396 4948148    0    0     0  1576 10504 12541 69  8 19  4  0  0
 7  1      0 16947256  96444 4950252    0    0     0   700 12872 20595 70  9 19  3  0  0
 8  1      0 16955800  96484 4948260    0    0     0  1568 11807 15891 78  9 12  2  0  0
 8  1      0 16960100  96536 4950368    0    0     0   892 12156 16136 79  9 11  1  0  0
 9  1      0 16967228  96596 4950464    0    0     0  1368 12570 16034 83  9  6  1  0  0
11  0      0 16951060  96656 4950452    0    0     0  1020 15069 19214 86 10  4  1  0  0
 9  1      0 16945660  96704 4950604    0    0     0  1512 15990 19377 87 10  2  1  0  0
 7  1      0 16940188  96744 4948644    0    0     0   936 14404 14032 90  9  1  0  0  0
11  1      0 16918900  96788 4950864    0    0     0   628 15557 18772 87 10  3  0  0  0
10  1      0 16925440  96820 4948972    0    0     0  1284 15368 17183 89  9  2  0  0  0
11  1      0 16915360  96864 4951036    0    0     0   792 15756 17737 88 11  1  0  0  0
10  0      0 16912728  96888 4951332    0    0     0   264 14271 14350 91  9  1  0  0  0
11  0      0 16900492  96888 4949332    0    0     0     0 12176 12090 89 10  1  0  0  0
13  0      0 16903248  96888 4949356    0    0     0     0 10993 10231 90  9  1  0  0  0
14  0      0 16912120  96888 4949364    0    0     0     0 11918 13712 90  9  1  0  0  0
 9  0      0 16920024  96888 4949360    0    0     0     0 11178 10822 92  8  0  0  0  0
13  0      0 16914744  96896 4949372    0    0     0    72 11162 11572 89  9  1  1  0  0
procs ----------mémoire---------- -échange- -----io---- -système- ------cpu--------
 r  b   swpd  libre tampon  cache   si   so    bi    bo   in   cs us sy id wa st gu
12  0      0 16909840  96896 4949384    0    0     0     0 10357 9069 87  9  4  0  0  0
19  0      0 16922356  96896 4949408    0    0     0   936 11022 10650 89  9  2  0  0  0
10  0      0 16919128  96896 4949424    0    0     0     0 11366 13191 91  9  0  0  0  0
10  0      0 16915400  96896 4949432    0    0     0     0 11047 10908 90  9  1  0  0  0
13  0      0 16912388  96904 4949448    0    0     0    84 11060 10760 91  8  1  0  0  0
13  0      0 16912036  96904 4949452    0    0     0     0 10735 10119 90  9  1  0  0  0
14  0      0 16916728  96904 4949464    0    0     0     0 11990 14016 91  9  1  0  0  0
13  0      0 16913564  96920 4949456    0    0     0    92 11217 11311 91  9  1  0  0  0
10  0      0 16921164  96920 4949480    0    0     0     0 11123 10745 91  9  1  0  0  0
13  0      0 16921740  96920 4949500    0    0     0     0 10933 9896 91  8  1  0  0  0
10  0      0 16900448  96920 4949520    0    0     0     0 11999 14590 90 10  1  0  0  0
14  0      0 16898176  96920 4949532    0    0     0     0 11328 11942 90  9  1  0  0  0
11  0      0 16914212  96928 4949648    0    0     0   492 12798 12762 92  8  0  0  0  0
14  1      0 16913040  96992 4966376    0    0     0 17224 11191 11270 90  9  1  0  0  0
11  0      0 16934068  97024 4949860    0    0     0  4372 11909 14525 90 10  1  0  0  0
12  0      0 16918404  97024 4949548    0    0     0     0 11352 11935 90  9  1  0  0  0
10  0      0 16932900  97024 4949576    0    0     0     0 11105 11613 90  9  1  0  0  0
11  0      0 16915112  97024 4949604    0    0     0     0 10767 10373 91  8  0  0  0  0
16  1      0 16922380  97032 4949608    0    0     0   380 11442 12398 90  9  1  0  0  0
10  0      0 16908556  97040 4949640    0    0     0    16 11445 11520 91  9  1  0  0  0
13  0      0 16901532  97040 4949676    0    0     0     0 11211 11863 90  9  1  0  0  0
procs ----------mémoire---------- -échange- -----io---- -système- ------cpu--------
 r  b   swpd  libre tampon  cache   si   so    bi    bo   in   cs us sy id wa st gu
17  0      0 16897672  97056 4949696    0    0     0    68 11212 12380 90  9  0  0  0  0
12  0      0 16903676  97056 4949732    0    0     0     0 10930 10321 91  9  0  0  0  0
12  0      0 16906460  97056 4949760    0    0     0     0 12121 14966 90  9  1  0  0  0
13  0      0 16898404  97056 4949816    0    0     0   588 11177 11558 90  9  1  0  0  0
12  0      0 16930860  97056 4949840    0    0     0   344 11093 11721 91  9  0  0  0  0
16  0      0 16928316  97072 4949848    0    0     0   500 10779 9846 91  9  1  0  0  0
12  0      0 16923300  97072 4949868    0    0     0     0 11463 12951 91  9  0  0  0  0
13  0      0 16914376  97072 4949872    0    0     0     0 10996 10208 90  9  1  0  0  0
10  0      0 16914956  97072 4949884    0    0     0     4 11105 10642 90  9  1  0  0  0
12  0      0 16910172  97072 4949896    0    0     0     8 10785 9924 91  9  1  0  0  0
11  0      0 16927380  97080 4949900    0    0     0   252 12031 14353 90 10  0  0  0  0
13  0      0 16927880  97080 4949920    0    0     0     0 10826 10259 90  9  1  0  0  0
12  0      0 16933424  97080 4949932    0    0     0     0 11290 11478 90  9  1  0  0  0
16  0      0 16934036  97080 4949940    0    0     0     0 10732 9637 90  9  2  0  0  0
12  0      0 16924352  97080 4949936    0    0     0     0 12190 14984 90  9  1  0  0  0
15  0      0 16921320  97088 4949936    0    0     0    16 10982 10567 90  9  1  0  0  0
19  0      0 16910488  97088 4949952    0    0     0     0 11256 11140 90  9  1  0  0  0
 9  0      0 16928352  97096 4949952    0    0     0    52 10863 10758 91  9  1  0  0  0
13  0      0 16936248  97096 4949972    0    0     0     0 10929 9895 91  9  0  0  0  0
13  0      0 16932184  97096 4949988    0    0     0     0 12372 14718 90  9  1  0  0  0
13  0      0 16924656  97096 4950004    0    0     0     0 11241 10963 91  9  1  0  0  0
procs ----------mémoire---------- -échange- -----io---- -système- ------cpu--------
 r  b   swpd  libre tampon  cache   si   so    bi    bo   in   cs us sy id wa st gu
14  0      0 16913736  97096 4950020    0    0     0     0 10919 10695 90  9  1  0  0  0
20  0      0 16924816  97104 4950024    0    0     0    20 10850 10251 91  9  1  0  0  0
19  0      0 16927692  97104 4950040    0    0     0     4 12116 14627 90  9  1  0  0  0
16  0      0 16917448  97104 4950064    0    0     0     0 11262 11345 91  9  1  0  0  0
17  0      0 16923416  97128 4950072    0    0     0   104 11493 11537 90  9  1  0  0  0
15  0      0 16927312  97128 4950080    0    0     0     0 10854 10042 91  9  0  0  0  0
17  0      0 16930744  97136 4950112    0    0     0   116 11897 14483 90  9  0  0  0  0
12  1      0 16924484  97152 4950112    0    0     0    84 11066 10881 90  9  1  0  0  0
15  0      0 16931396  97152 4950140    0    0     0   244 11322 11604 90  9  1  0  0  0
14  0      0 16929788  97152 4950152    0    0     0     8 10798 10061 90  9  1  0  0  0
17  0      0 16906976  97168 4950152    0    0     0    56 12427 14572 90  9  1  0  0  0
15  0      0 16902264  97168 4950164    0    0     0     0 11218 10995 91  9  0  0  0  0
15  0      0 16895476  97168 4950172    0    0     0    44 11083 11034 89  9  1  0  0  0
17  0      0 16904468  97168 4950188    0    0     0    28 10813 9750 91  8  1  0  0  0
17  0      0 16906068  97168 4950192    0    0     0     0 12156 12995 91  9  0  0  0  0
11  0      0 16904932  97176 4950208    0    0     0    56 11106 11094 90  9  1  0  0  0
13  0      0 16905312  97176 4950212    0    0     0     0 11204 11341 91  9  0  0  0  0
13  0      0 16902652  97176 4950232    0    0     0     0 11394 11816 91  9  0  0  0  0
12  0      0 16924444  97176 4950272    0    0     0   392 11438 11682 90  9  1  0  0  0
12  1      0 16934820  97216 4950216    0    0     0  2300 12548 15739 89 10  1  0  0  0
10  0      0 16924296  97216 4950244    0    0     0     0 11299 11426 91  9  1  0  0  0
procs ----------mémoire---------- -échange- -----io---- -système- ------cpu--------
 r  b   swpd  libre tampon  cache   si   so    bi    bo   in   cs us sy id wa st gu
10  0      0 16929928  97216 4950252    0    0     0     4 11180 10870 90  9  2  0  0  0
 9  1      0 16931072  97216 4950268    0    0     0    80 11511 11567 90  9  1  0  0  0
11  0      0 16916928  97256 4950156    0    0     0  1664 12835 15586 88 10  2  0  0  0
12  0      0 16926340  97256 4950184    0    0     0     0 10965 10517 90  9  1  0  0  0
 9  1      0 16945668  97256 4950192    0    0     0    20 11343 11449 90  9  1  0  0  0
 9  0      0 16944560  97296 4950088    0    0     0  1096 11381 11561 84 10  6  1  0  0
 7  0      0 16935492  97304 4950112    0    0     0    72 11477 13611 86  8  5  0  0  0
 8  0      0 16932692  97304 4950124    0    0     0     4 10814 10656 88  8  4  0  0  0
 5  0      0 16947972  97304 4950152    0    0     0     0 10445 9683 88  8  4  0  0  0
 8  0      0 16942724  97304 4950284    0    0     0     0 10260 9136 86  8  6  0  0  0
17  0      0 16917692  97304 4950292    0    0     0    20 12152 14518 86  9  5  0  0  0
 7  0      0 16922296  97344 4950188    0    0     0  1164 11168 12433 81  9  9  2  0  0
 7  0      0 16927924  97344 4950184    0    0     0     0 9750 10313 78  8 14  0  0  0
 7  0      0 16940516  97344 4950132    0    0     0    88 10425 11355 77  7 14  1  0  0
16  0      0 16951472  97384 4950112    0    0     0  1016 10556 12354 70  8 18  3  0  0
 5  2      0 16956292  97396 4949996    0    0     0   804 10659 13714 64  8 25  3  0  0
 4  0      0 16961016  97424 4950032    0    0     0   308 9190 10747 58  6 32  4  0  0
 5  0      0 16965280  97432 4950052    0    0     0    76 8548 9336 57  5 37  0  0  0
 4  1      0 16967864  97472 4949928    0    0     0  1128 10132 12406 49  6 37  8  0  0
 3  2      0 16976764  97492 4949848    0    0     0   824 9925 14393 42  5 45  8  0  0
 3  0      0 16976616  97520 4949840    0    0     0   248 8351 9712 35  4 57  3  0  0
procs ----------mémoire---------- -échange- -----io---- -système- ------cpu--------
 r  b   swpd  libre tampon  cache   si   so    bi    bo   in   cs us sy id wa st gu
 3  0      0 16991020  97560 4949724    0    0     0  1040 7899 8079 26  3 61 10  0  0
 1  1      0 16996272  97560 4949648    0    0     0   104 6368 7288 22  2 73  4  0  0
 1  1      0 16986860  97628 4951424    0    0     0  1432 7201 10984 16  3 70 12  0  0
 2  1      0 17002824  97696 4951736    0    0     0  1000 4784 5944 13  1 74 12  0  0
 2  0      0 17022644  97756 4949604    0    0     0   984 5264 6206 13  2 74 12  0  0
 0  1      0 17031224  97816 4951516    0    0     0   852 6169 10145 12  3 75 11  0  0
