Linux 6.17.0-19-generic (tolokoum-HP-ProBook-640-G4) 	03/06/2026 	_x86_64_	(8 CPU)

22:25:47     CPU    %usr   %nice    %sys %iowait    %irq   %soft  %steal  %guest  %gnice   %idle
22:25:48     all    3,27    0,00    1,89   12,33    0,00    0,13    0,00    0,00    0,00   82,39
22:25:49     all    5,32    0,00    3,68    9,25    0,00    0,00    0,00    0,00    0,00   81,75
22:25:50     all    7,57    0,13    5,30   12,61    0,00    0,00    0,00    0,00    0,00   74,40
22:25:51     all    2,39    0,00    1,51   16,60    0,00    0,00    0,00    0,00    0,00   79,50
22:25:52     all   11,68    0,00    8,38    2,54    0,00    0,00    0,00    0,00    0,00   77,41
22:25:53     all    3,66    0,13    2,14   11,85    0,00    0,13    0,00    0,00    0,00   82,09
22:25:54     all    4,43    0,00    4,68    6,20    0,00    0,00    0,00    0,00    0,00   84,68
22:25:55     all    1,26    0,00    1,01    0,63    0,00    0,00    0,00    0,00    0,00   97,11
22:25:56     all    3,26    0,00    2,38    0,00    0,00    0,00    0,00    0,00    0,00   94,36
22:25:57     all    0,50    0,00    1,13    0,00    0,00    0,00    0,00    0,00    0,00   98,36
22:25:58     all    0,75    0,00    1,25    0,00    0,00    0,00    0,00    0,00    0,00   98,00
22:25:59     all    1,25    0,00    1,51    0,25    0,00    0,00    0,00    0,00    0,00   96,99
22:26:00     all    0,75    0,00    1,76    0,50    0,00    0,00    0,00    0,00    0,00   96,99
22:26:01     all    1,64    0,00    1,64    2,89    0,00    0,00    0,00    0,00    0,00   93,84
22:26:02     all    3,03    0,13    2,65   16,79    0,00    0,00    0,00    0,00    0,00   77,40
22:26:03     all    4,70    0,00    4,19    9,26    0,00    0,00    0,00    0,00    0,00   81,85
22:26:04     all   12,92    0,13    3,64   18,44    0,00    0,00    0,00    0,00    0,00   64,87
22:26:05     all   14,63    0,13    3,53   10,21    0,00    0,00    0,00    0,00    0,00   71,50
22:26:06     all   17,06    0,13    3,89   13,17    0,00    0,25    0,00    0,00    0,00   65,50
22:26:07     all   18,55    0,00    3,38   13,66    0,00    0,13    0,00    0,00    0,00   64,29
22:26:08     all   20,40    0,13    4,66   10,96    0,00    0,00    0,00    0,00    0,00   63,85
22:26:09     all   18,77    0,00    3,53   11,84    0,00    0,25    0,00    0,00    0,00   65,62
22:26:10     all   20,45    0,00    4,92    9,97    0,00    0,13    0,00    0,00    0,00   64,52
22:26:11     all   18,09    0,00    3,27   13,44    0,00    0,00    0,00    0,00    0,00   65,20
22:26:12     all   19,97    0,00    4,55    9,10    0,00    0,00    0,00    0,00    0,00   66,37
22:26:13     all   19,57    0,13    3,51   13,80    0,00    0,00    0,00    0,00    0,00   62,99
22:26:14     all   21,28    0,00    5,04    9,19    0,00    0,00    0,00    0,00    0,00   64,48
22:26:15     all   18,17    0,00    3,51   17,04    0,00    0,25    0,00    0,00    0,00   61,03
22:26:16     all   20,43    0,13    4,79   10,21    0,00    0,00    0,00    0,00    0,00   64,44
22:26:17     all   18,66    0,00    4,16   12,86    0,00    0,00    0,00    0,00    0,00   64,31
22:26:18     all   19,40    0,00    3,78   13,35    0,00    0,00    0,00    0,00    0,00   63,48
22:26:19     all   21,36    0,00    4,40   17,46    0,00    0,00    0,00    0,00    0,00   56,78
22:26:20     all   19,92    0,00    3,91   21,69    0,00    0,00    0,00    0,00    0,00   54,48
22:26:21     all   17,13    0,00    3,02   27,71    0,00    0,00    0,00    0,00    0,00   52,14
22:26:22     all   19,77    0,00    3,88    9,39    0,00    0,13    0,00    0,00    0,00   66,83
22:26:23     all   21,74    0,00    5,56   12,77    0,00    0,00    0,00    0,00    0,00   59,92
22:26:24     all   18,84    0,00    3,39   10,55    0,00    0,13    0,00    0,00    0,00   67,09
22:26:25     all   20,89    0,00    4,68   11,01    0,00    0,13    0,00    0,00    0,00   63,29
22:26:26     all   19,05    0,00    4,14   13,78    0,00    0,00    0,00    0,00    0,00   63,03
22:26:27     all   20,96    0,13    5,05    8,84    0,00    0,13    0,00    0,00    0,00   64,90
22:26:28     all   19,60    0,00    4,02   14,20    0,00    0,00    0,00    0,00    0,00   62,19
22:26:29     all   20,23    0,13    5,18    8,47    0,00    0,13    0,00    0,00    0,00   65,87
22:26:30     all   19,02    0,00    3,75   11,26    0,00    0,13    0,00    0,00    0,00   65,83
22:26:31     all   21,06    0,13    4,79    8,45    0,00    0,00    0,00    0,00    0,00   65,57
22:26:32     all   18,99    0,00    3,52   16,10    0,00    0,25    0,00    0,00    0,00   61,13
22:26:33     all   21,79    0,13    5,54    8,69    0,00    0,00    0,00    0,00    0,00   63,85
22:26:34     all   18,89    0,00    3,65   13,98    0,00    0,25    0,00    0,00    0,00   63,22
22:26:35     all   21,06    0,00    5,04    9,33    0,00    0,00    0,00    0,00    0,00   64,56
22:26:36     all   18,51    0,25    4,03   13,10    0,00    0,00    0,00    0,00    0,00   64,11
22:26:37     all   21,09    0,00    5,43    9,47    0,00    0,00    0,00    0,00    0,00   64,02
22:26:38     all   20,15    0,00    3,90   12,22    0,00    0,00    0,00    0,00    0,00   63,73
22:26:39     all   21,64    0,00    5,28    8,68    0,00    0,13    0,00    0,00    0,00   64,28
22:26:40     all   18,74    0,00    3,90   14,21    0,00    0,00    0,00    0,00    0,00   63,14
22:26:41     all   21,34    0,13    5,68    9,34    0,00    0,00    0,00    0,00    0,00   63,51
22:26:42     all   18,30    0,00    3,51   20,55    0,00    0,00    0,00    0,00    0,00   57,64
22:26:43     all   21,87    0,00    5,31    9,36    0,00    0,00    0,00    0,00    0,00   63,46
22:26:44     all   19,25    0,12    4,25   22,12    0,00    0,12    0,00    0,00    0,00   54,12
22:26:45     all   19,50    0,00    4,28   10,19    0,00    0,00    0,00    0,00    0,00   66,04
22:26:46     all   20,13    0,00    5,32   10,38    0,00    0,13    0,00    0,00    0,00   64,05
22:26:47     all   19,80    0,00    3,78   22,07    0,00    0,00    0,00    0,00    0,00   54,35
22:26:48     all   19,27    0,13    3,78   11,59    0,00    0,13    0,00    0,00    0,00   65,11
22:26:49     all   21,54    0,00    5,67   11,46    0,00    0,13    0,00    0,00    0,00   61,21
22:26:50     all   17,84    0,00    3,52   11,56    0,00    0,13    0,00    0,00    0,00   66,96
22:26:51     all   23,14    0,13    5,66    9,06    0,00    0,38    0,00    0,00    0,00   61,64
22:26:52     all   18,27    0,13    4,38   20,53    0,00    0,00    0,00    0,00    0,00   56,70
22:26:53     all   20,99    0,00    5,18    8,60    0,00    0,13    0,00    0,00    0,00   65,11
22:26:54     all   19,67    0,00    4,39   13,66    0,00    0,00    0,00    0,00    0,00   62,28
22:26:55     all   20,68    0,00    4,54   12,74    0,00    0,13    0,00    0,00    0,00   61,92
22:26:56     all   21,28    0,25    4,91   10,08    0,00    0,00    0,00    0,00    0,00   63,48
22:26:57     all   18,84    0,00    3,67   14,66    0,00    0,00    0,00    0,00    0,00   62,83
22:26:58     all   21,58    0,13    5,27    8,66    0,00    0,00    0,00    0,00    0,00   64,37
22:26:59     all   19,52    0,00    3,80   14,32    0,00    0,00    0,00    0,00    0,00   62,36
22:27:00     all   21,83    0,00    4,77    9,79    0,00    0,13    0,00    0,00    0,00   63,49
22:27:01     all   21,06    0,13    5,55   10,47    0,00    0,00    0,00    0,00    0,00   62,80
22:27:02     all   18,43    0,00    3,03   10,61    0,00    0,00    0,00    0,00    0,00   67,93
22:27:03     all   32,62    0,00    6,02    8,91    0,00    0,00    0,00    0,00    0,00   52,45
22:27:04     all   19,07    0,00    4,27   10,54    0,00    0,00    0,00    0,00    0,00   66,12
22:27:05     all   21,55    0,00    4,82    9,89    0,00    0,13    0,00    0,00    0,00   63,62
22:27:06     all   22,04    0,13    5,79    9,70    0,00    0,00    0,00    0,00    0,00   62,34
22:27:07     all   19,02    0,00    4,16   11,96    0,00    0,00    0,00    0,00    0,00   64,86
22:27:08     all   20,73    0,13    4,90    8,54    0,00    0,00    0,00    0,00    0,00   65,70
22:27:09     all   21,66    0,00    4,66   16,62    0,00    0,00    0,00    0,00    0,00   57,05
22:27:10     all   19,80    0,00    4,41   10,72    0,00    0,00    0,00    0,00    0,00   65,07
22:27:11     all   21,69    0,13    5,93   13,37    0,00    0,00    0,00    0,00    0,00   58,89
22:27:12     all   18,36    0,13    3,77   14,59    0,00    0,00    0,00    0,00    0,00   63,14
22:27:13     all   21,16    0,00    5,42    9,19    0,00    0,13    0,00    0,00    0,00   64,11
22:27:14     all   18,59    0,00    3,64   15,33    0,00    0,00    0,00    0,00    0,00   62,44
22:27:15     all   23,80    0,13    5,79    8,82    0,00    0,25    0,00    0,00    0,00   61,21
22:27:16     all   20,43    0,13    4,76   12,53    0,00    0,13    0,00    0,00    0,00   62,03
22:27:17     all   18,92    0,00    4,51   12,53    0,00    0,00    0,00    0,00    0,00   64,04
22:27:18     all   20,20    0,00    4,57   13,21    0,00    0,00    0,00    0,00    0,00   62,01
22:27:19     all   19,30    0,00    4,51   13,16    0,00    0,00    0,00    0,00    0,00   63,03
22:27:20     all   24,75    0,13    6,57   10,61    0,00    0,00    0,00    0,00    0,00   57,95
22:27:21     all   20,05    0,13    4,79   17,15    0,00    0,13    0,00    0,00    0,00   57,76
22:27:22     all   19,87    0,00    4,65   12,08    0,00    0,13    0,00    0,00    0,00   63,27
22:27:23     all   22,12    0,13    5,94   10,24    0,00    0,00    0,00    0,00    0,00   61,57
22:27:24     all   21,14    0,00    4,43   10,00    0,00    0,00    0,00    0,00    0,00   64,43
22:27:25     all   22,57    0,00    6,81   10,09    0,00    0,00    0,00    0,00    0,00   60,53
22:27:26     all   20,30    0,00    5,42   15,38    0,00    0,13    0,00    0,00    0,00   58,76
22:27:27     all   20,73    0,13    4,52   10,30    0,00    0,00    0,00    0,00    0,00   64,32
22:27:28     all   19,10    0,00    4,40   11,43    0,00    0,25    0,00    0,00    0,00   64,82
22:27:29     all   22,38    0,00    5,06   10,24    0,00    0,00    0,00    0,00    0,00   62,33
22:27:30     all   21,59    0,25    5,93   16,41    0,00    0,25    0,00    0,00    0,00   55,56
22:27:31     all   19,57    0,00    4,89   15,81    0,00    0,00    0,00    0,00    0,00   59,72
22:27:32     all   20,53    0,13    5,04    8,44    0,00    0,00    0,00    0,00    0,00   65,87
22:27:33     all   22,98    0,13    4,80   13,76    0,00    0,13    0,00    0,00    0,00   58,21
22:27:34     all   20,28    0,13    4,91    9,82    0,00    0,00    0,00    0,00    0,00   64,86
22:27:35     all   21,97    0,13    5,81   11,11    0,00    0,00    0,00    0,00    0,00   60,98
22:27:36     all   18,54    0,13    4,04   12,23    0,00    0,00    0,00    0,00    0,00   65,07
22:27:37     all   21,91    0,00    5,42   12,34    0,00    0,25    0,00    0,00    0,00   60,08
22:27:38     all   21,54    0,00    5,04   18,01    0,00    0,00    0,00    0,00    0,00   55,42
22:27:39     all   20,50    0,00    4,65   15,60    0,00    0,00    0,00    0,00    0,00   59,25
22:27:40     all   21,80    0,00    5,45    9,51    0,00    0,00    0,00    0,00    0,00   63,24
22:27:41     all   20,99    0,13    4,93   11,38    0,00    0,25    0,00    0,00    0,00   62,33
22:27:42     all   21,01    0,00    5,70    8,99    0,00    0,00    0,00    0,00    0,00   64,30
22:27:43     all   18,99    0,00    4,28   17,99    0,00    0,13    0,00    0,00    0,00   58,62
22:27:44     all   27,53    0,13    7,20    8,71    0,00    0,13    0,00    0,00    0,00   56,31
22:27:45     all   20,83    0,00    4,39   25,60    0,00    0,00    0,00    0,00    0,00   49,18
22:27:46     all   20,91    0,25    4,91   13,22    0,00    0,00    0,00    0,00    0,00   60,71
22:27:47     all   21,34    0,25    5,81   11,62    0,00    0,25    0,00    0,00    0,00   60,73
22:27:48     all   21,82    0,00    4,04   25,09    0,00    0,13    0,00    0,00    0,00   48,93
22:27:49     all   20,65    0,00    5,01   10,39    0,00    0,13    0,00    0,00    0,00   63,83
22:27:50     all   21,84    0,13    6,19   18,43    0,00    0,13    0,00    0,00    0,00   53,28
22:27:51     all   18,79    0,00    4,29   22,82    0,00    0,00    0,00    0,00    0,00   54,10
22:27:52     all   20,61    0,00    4,80    9,10    0,00    0,00    0,00    0,00    0,00   65,49
22:27:53     all   23,37    0,00    5,78   11,93    0,00    0,13    0,00    0,00    0,00   58,79
22:27:54     all   19,27    0,00    4,79   11,84    0,00    0,13    0,00    0,00    0,00   63,98
22:27:55     all   22,42    0,13    5,92   10,08    0,00    0,00    0,00    0,00    0,00   61,46
22:27:56     all   19,14    0,25    3,90   11,08    0,00    0,00    0,00    0,00    0,00   65,62
22:27:57     all   21,71    0,25    6,40    9,03    0,00    0,13    0,00    0,00    0,00   62,48
22:27:58     all   19,97    0,00    4,52   35,80    0,00    0,25    0,00    0,00    0,00   39,45
22:27:59     all   22,88    0,00    4,55   18,20    0,00    0,00    0,00    0,00    0,00   54,36
22:28:00     all   21,26    0,13    5,53    9,06    0,00    0,00    0,00    0,00    0,00   64,03
22:28:01     all   18,26    0,00    3,78    0,00    0,00    0,00    0,00    0,00    0,00   77,96
22:28:02     all   18,66    0,00    3,53    4,16    0,00    0,00    0,00    0,00    0,00   73,64
22:28:03     all   17,59    0,00    3,27    0,00    0,00    0,13    0,00    0,00    0,00   79,02
22:28:04     all   22,47    0,00    4,29    0,00    0,00    0,00    0,00    0,00    0,00   73,23
22:28:05     all   17,93    0,00    3,54    0,00    0,00    0,00    0,00    0,00    0,00   78,54
22:28:06     all   18,19    0,00    3,76    0,00    0,00    0,00    0,00    0,00    0,00   78,04
22:28:07     all   17,42    0,00    2,63    2,76    0,00    0,00    0,00    0,00    0,00   77,19
22:28:08     all   21,61    0,00    4,02    0,00    0,00    0,13    0,00    0,00    0,00   74,25
22:28:09     all   18,51    0,00    3,40    0,00    0,00    0,00    0,00    0,00    0,00   78,09
22:28:10     all   18,49    0,00    3,65    0,00    0,00    0,00    0,00    0,00    0,00   77,86
22:28:11     all   17,52    0,00    2,88    0,00    0,00    0,13    0,00    0,00    0,00   79,47
22:28:12     all   21,37    0,00    3,82    1,65    0,00    0,13    0,00    0,00    0,00   73,03
22:28:13     all   17,94    0,00    3,64    0,00    0,00    0,00    0,00    0,00    0,00   78,42
22:28:14     all   18,20    0,00    3,41    0,00    0,00    0,00    0,00    0,00    0,00   78,38
22:28:15     all   17,76    0,00    3,15    0,00    0,00    0,00    0,00    0,00    0,00   79,09
22:28:16     all   22,22    0,00    4,17    2,15    0,00    0,13    0,00    0,00    0,00   71,34
22:28:17     all   17,42    0,00    3,38    1,25    0,00    0,00    0,00    0,00    0,00   77,94
22:28:18     all   17,84    0,00    3,64    0,50    0,00    0,00    0,00    0,00    0,00   78,02
22:28:19     all   18,89    0,00    3,15    2,90    0,00    0,00    0,00    0,00    0,00   75,06
22:28:20     all   17,40    0,00    3,38    0,00    0,00    0,13    0,00    0,00    0,00   79,10
22:28:21     all   21,80    0,00    3,80    0,00    0,00    0,00    0,00    0,00    0,00   74,40
22:28:22     all   18,44    0,00    3,26    0,00    0,00    0,13    0,00    0,00    0,00   78,17
22:28:23     all   18,44    0,00    3,76    0,00    0,00    0,00    0,00    0,00    0,00   77,79
22:28:24     all   17,21    0,00    2,76    2,14    0,00    0,13    0,00    0,00    0,00   77,76
22:28:25     all   23,12    0,00    4,15    0,00    0,00    0,00    0,00    0,00    0,00   72,74
22:28:26     all   19,20    0,00    4,02    0,00    0,00    0,13    0,00    0,00    0,00   76,66
22:28:27     all   18,28    0,00    3,40    0,00    0,00    0,00    0,00    0,00    0,00   78,31
22:28:28     all   16,81    0,00    3,26    0,00    0,00    0,00    0,00    0,00    0,00   79,92
22:28:29     all   21,72    0,00    3,79    0,76    0,00    0,13    0,00    0,00    0,00   73,61
22:28:30     all   18,16    0,00    3,03    5,04    0,00    0,00    0,00    0,00    0,00   73,77
22:28:31     all   18,16    0,00    3,53    3,91    0,00    0,00    0,00    0,00    0,00   74,40
22:28:32     all   17,23    0,00    3,02    0,00    0,00    0,00    0,00    0,00    0,00   79,75
22:28:33     all   21,69    0,00    3,66    0,00    0,00    0,00    0,00    0,00    0,00   74,65
22:28:34     all   17,44    0,00    3,39    1,00    0,00    0,00    0,00    0,00    0,00   78,17
22:28:35     all   17,55    0,00    3,03    0,00    0,00    0,00    0,00    0,00    0,00   79,42
22:28:36     all   18,65    0,00    3,75    0,00    0,00    0,00    0,00    0,00    0,00   77,60
22:28:37     all   17,23    0,00    3,40    0,00    0,00    0,00    0,00    0,00    0,00   79,37
22:28:38     all   21,71    0,00    3,76    0,00    0,00    0,00    0,00    0,00    0,00   74,53
22:28:39     all   18,01    0,00    3,65    0,63    0,00    0,00    0,00    0,00    0,00   77,71
22:28:40     all   18,34    0,00    3,52    0,00    0,00    0,00    0,00    0,00    0,00   78,14
22:28:41     all   17,17    0,00    3,01    0,00    0,00    0,25    0,00    0,00    0,00   79,57
22:28:42     all   22,18    0,00    4,01    0,00    0,00    0,00    0,00    0,00    0,00   73,81
22:28:43     all   18,32    0,00    3,39    0,00    0,00    0,00    0,00    0,00    0,00   78,29
22:28:44     all   18,49    0,00    3,27    1,26    0,00    0,00    0,00    0,00    0,00   76,98
22:28:45     all   17,86    0,00    2,64    0,00    0,00    0,13    0,00    0,00    0,00   79,37
22:28:46     all   21,72    0,00    4,04    0,00    0,00    0,00    0,00    0,00    0,00   74,24
22:28:47     all   17,88    0,00    3,78    0,76    0,00    0,00    0,00    0,00    0,00   77,58
22:28:48     all   18,47    0,00    3,77    0,00    0,00    0,00    0,00    0,00    0,00   77,76
22:28:49     all   17,17    0,00    3,01    2,76    0,00    0,00    0,00    0,00    0,00   77,07
22:28:50     all   22,11    0,00    4,27    0,00    0,00    0,13    0,00    0,00    0,00   73,49
22:28:51     all   18,03    0,00    3,28    0,00    0,00    0,13    0,00    0,00    0,00   78,56
22:28:52     all   17,15    0,00    3,25    0,00    0,00    0,13    0,00    0,00    0,00   79,47
22:28:53     all   18,64    0,00    3,65    0,00    0,00    0,00    0,00    0,00    0,00   77,71
22:28:54     all   17,65    0,00    2,63    0,50    0,00    0,00    0,00    0,00    0,00   79,22
22:28:55     all   21,84    0,00    3,91    0,00    0,00    0,00    0,00    0,00    0,00   74,24
22:28:56     all   18,01    0,00    3,15    0,00    0,00    0,00    0,00    0,00    0,00   78,84
22:28:57     all   18,36    0,00    3,77    0,00    0,00    0,00    0,00    0,00    0,00   77,86
22:28:58     all   16,92    0,00    3,26    0,00    0,00    0,00    0,00    0,00    0,00   79,82
22:28:59     all   22,01    0,00    4,03    0,50    0,00    0,13    0,00    0,00    0,00   73,33
22:29:00     all   18,03    0,00    3,28    0,13    0,00    0,13    0,00    0,00    0,00   78,44
22:29:01     all   18,57    0,00    3,39    0,00    0,00    0,00    0,00    0,00    0,00   78,04
22:29:02     all   16,94    0,00    3,26    2,51    0,00    0,00    0,00    0,00    0,00   77,29
22:29:03     all   21,87    0,00    3,67    0,00    0,00    0,00    0,00    0,00    0,00   74,46
22:29:04     all   18,52    0,00    3,25    0,00    0,00    0,13    0,00    0,00    0,00   78,10
22:29:05     all   18,74    0,00    3,40    0,25    0,00    0,00    0,00    0,00    0,00   77,61
22:29:06     all   16,96    0,00    3,27    0,00    0,00    0,00    0,00    0,00    0,00   79,77
22:29:07     all   22,32    0,00    4,04    1,13    0,00    0,00    0,00    0,00    0,00   72,51
22:29:08     all   17,63    0,00    3,27    0,00    0,00    0,00    0,00    0,00    0,00   79,09
22:29:09     all   17,46    0,00    3,27    0,00    0,00    0,00    0,00    0,00    0,00   79,27
22:29:10     all   18,57    0,00    3,51    0,00    0,00    0,00    0,00    0,00    0,00   77,92
22:29:11     all   17,17    0,00    3,13    0,00    0,00    0,13    0,00    0,00    0,00   79,57
22:29:12     all   21,55    0,00    3,80    0,63    0,00    0,00    0,00    0,00    0,00   74,02
22:29:13     all   18,30    0,00    3,38    0,00    0,00    0,13    0,00    0,00    0,00   78,20
22:29:14     all   18,59    0,00    3,27    0,00    0,00    0,00    0,00    0,00    0,00   78,14
22:29:15     all   16,90    0,00    3,13    0,00    0,00    0,25    0,00    0,00    0,00   79,72
22:29:16     all   22,00    0,00    3,67    0,00    0,00    0,00    0,00    0,00    0,00   74,34
22:29:17     all   18,14    0,00    3,40    1,01    0,00    0,00    0,00    0,00    0,00   77,46
22:29:18     all   18,47    0,00    3,52    0,00    0,00    0,00    0,00    0,00    0,00   78,02
22:29:19     all   17,46    0,00    2,76    1,26    0,00    0,00    0,00    0,00    0,00   78,52
22:29:20     all   21,58    0,00    4,27    1,51    0,00    0,00    0,00    0,00    0,00   72,65
22:29:21     all   18,07    0,00    3,26    2,01    0,00    0,13    0,00    0,00    0,00   76,54
22:29:22     all   18,47    0,00    3,77    0,00    0,00    0,00    0,00    0,00    0,00   77,76
22:29:23     all   17,15    0,00    3,25    0,50    0,00    0,13    0,00    0,00    0,00   78,97
22:29:24     all   21,84    0,00    4,29    0,00    0,00    0,00    0,00    0,00    0,00   73,86
22:29:25     all   17,65    0,00    3,40    0,00    0,00    0,00    0,00    0,00    0,00   78,94
22:29:26     all   18,36    0,00    3,65    0,00    0,00    0,00    0,00    0,00    0,00   77,99
22:29:27     all   18,67    0,00    3,76    0,00    0,00    0,00    0,00    0,00    0,00   77,57
22:29:28     all   17,63    0,00    2,90    0,25    0,00    0,00    0,00    0,00    0,00   79,22
22:29:29     all   22,07    0,00    4,16    0,00    0,00    0,00    0,00    0,00    0,00   73,77
22:29:30     all   18,17    0,00    3,38    0,00    0,00    0,13    0,00    0,00    0,00   78,32
22:29:31     all   18,22    0,00    3,89    0,00    0,00    0,00    0,00    0,00    0,00   77,89
22:29:32     all   17,34    0,00    3,02    0,00    0,00    0,00    0,00    0,00    0,00   79,65
22:29:33     all   21,72    0,00    3,91    0,00    0,00    0,25    0,00    0,00    0,00   74,12
22:29:34     all   18,01    0,00    3,53    0,00    0,00    0,00    0,00    0,00    0,00   78,46
22:29:35     all   18,47    0,00    3,89    0,00    0,00    0,00    0,00    0,00    0,00   77,64
22:29:36     all   17,99    0,00    3,02    0,00    0,00    0,00    0,00    0,00    0,00   78,99
22:29:37     all   22,73    0,00    4,04    0,00    0,00    0,00    0,00    0,00    0,00   73,23
22:29:38     all   18,24    0,00    3,40    0,38    0,00    0,00    0,00    0,00    0,00   77,99
22:29:39     all   18,28    0,00    3,53    0,00    0,00    0,00    0,00    0,00    0,00   78,18
22:29:40     all   17,54    0,00    3,11    0,00    0,00    0,12    0,00    0,00    0,00   79,23
22:29:41     all   21,95    0,00    3,93    0,00    0,00    0,00    0,00    0,00    0,00   74,11
22:29:42     all   18,07    0,00    3,76    0,00    0,00    0,00    0,00    0,00    0,00   78,17
22:29:43     all   17,71    0,00    3,14    0,25    0,00    0,13    0,00    0,00    0,00   78,77
22:29:44     all   18,24    0,00    3,40    0,00    0,00    0,00    0,00    0,00    0,00   78,36
22:29:45     all   17,31    0,00    3,14    0,00    0,00    0,00    0,00    0,00    0,00   79,55
22:29:46     all   22,11    0,00    3,89    0,00    0,00    0,00    0,00    0,00    0,00   73,99
22:29:47     all   18,18    0,00    3,54    0,76    0,00    0,00    0,00    0,00    0,00   77,53
22:29:48     all   18,87    0,00    3,27    0,00    0,00    0,00    0,00    0,00    0,00   77,86
22:29:49     all   17,23    0,00    2,89    0,63    0,00    0,00    0,00    0,00    0,00   79,25
22:29:50     all   22,26    0,00    3,65    0,00    0,00    0,00    0,00    0,00    0,00   74,09
22:29:51     all   17,99    0,00    3,65    1,01    0,00    0,13    0,00    0,00    0,00   77,23
22:29:52     all   18,67    0,00    3,63    0,00    0,00    0,00    0,00    0,00    0,00   77,69
22:29:53     all   17,11    0,00    3,14    0,00    0,00    0,00    0,00    0,00    0,00   79,75
22:29:54     all   22,17    0,00    4,03    0,00    0,00    0,00    0,00    0,00    0,00   73,80
22:29:55     all   18,42    0,00    3,38    0,00    0,00    0,13    0,00    0,00    0,00   78,07
22:29:56     all   18,07    0,00    3,89    0,13    0,00    0,13    0,00    0,00    0,00   77,79
22:29:57     all   17,21    0,00    3,27    0,00    0,00    0,00    0,00    0,00    0,00   79,52
22:29:58     all   21,72    0,00    4,17    0,00    0,00    0,13    0,00    0,00    0,00   73,99
22:29:59     all   18,16    0,00    3,03    0,00    0,00    0,00    0,00    0,00    0,00   78,81
22:30:00     all   17,21    0,00    3,02    0,00    0,00    0,00    0,00    0,00    0,00   79,77
22:30:01     all   18,77    0,00    3,50    0,25    0,00    0,00    0,00    0,00    0,00   77,47
22:30:02     all   17,99    0,00    3,02    0,00    0,00    0,00    0,00    0,00    0,00   78,99
22:30:03     all   21,98    0,00    3,81    0,00    0,00    0,00    0,00    0,00    0,00   74,21
22:30:04     all   17,96    0,00    3,27    0,00    0,00    0,00    0,00    0,00    0,00   78,77
22:30:05     all   18,11    0,00    4,03    0,00    0,00    0,00    0,00    0,00    0,00   77,86
22:30:06     all   17,46    0,00    2,64    0,13    0,00    0,13    0,00    0,00    0,00   79,65
22:30:07     all   21,76    0,00    3,77    0,00    0,00    0,00    0,00    0,00    0,00   74,47
22:30:08     all   18,26    0,00    3,40    0,00    0,00    0,00    0,00    0,00    0,00   78,34
22:30:09     all   17,99    0,00    3,65    0,00    0,00    0,13    0,00    0,00    0,00   78,24
22:30:10     all   17,19    0,00    3,01    0,00    0,00    0,25    0,00    0,00    0,00   79,55
22:30:11     all   22,52    0,00    3,52    0,13    0,00    0,00    0,00    0,00    0,00   73,84
22:30:12     all   18,17    0,00    3,38    0,00    0,00    0,13    0,00    0,00    0,00   78,32
22:30:13     all   18,39    0,00    3,27    0,00    0,00    0,13    0,00    0,00    0,00   78,21
22:30:14     all   17,38    0,00    3,25    0,00    0,00    0,00    0,00    0,00    0,00   79,38
22:30:15     all   21,42    0,00    3,93    0,00    0,00    0,00    0,00    0,00    0,00   74,65
22:30:16     all   18,82    0,00    3,39    0,25    0,00    0,00    0,00    0,00    0,00   77,54
22:30:17     all   17,71    0,00    3,64    0,00    0,00    0,00    0,00    0,00    0,00   78,64
22:30:18     all   18,07    0,00    3,26    0,88    0,00    0,13    0,00    0,00    0,00   77,67
22:30:19     all   17,11    0,00    3,14    0,00    0,00    0,00    0,00    0,00    0,00   79,75
22:30:20     all   21,65    0,00    4,05    1,14    0,00    0,00    0,00    0,00    0,00   73,16
22:30:21     all   17,99    0,00    3,52    0,00    0,00    0,00    0,00    0,00    0,00   78,49
22:30:22     all   19,05    0,00    3,26    1,25    0,00    0,00    0,00    0,00    0,00   76,44
22:30:23     all   17,21    0,00    3,27    0,00    0,00    0,00    0,00    0,00    0,00   79,52
22:30:24     all   21,72    0,00    3,66    0,00    0,00    0,13    0,00    0,00    0,00   74,49
22:30:25     all   18,22    0,00    3,64    0,00    0,00    0,00    0,00    0,00    0,00   78,14
22:30:26     all   19,04    0,00    4,16    0,00    0,00    0,00    0,00    0,00    0,00   76,80
22:30:27     all   17,34    0,00    3,02    0,00    0,00    0,13    0,00    0,00    0,00   79,52
22:30:28     all   22,22    0,00    3,79    0,00    0,00    0,00    0,00    0,00    0,00   73,99
22:30:29     all   18,32    0,00    3,51    0,00    0,00    0,00    0,00    0,00    0,00   78,17
22:30:30     all   18,58    0,00    3,16    0,00    0,00    0,00    0,00    0,00    0,00   78,26
22:30:31     all   18,15    0,00    3,25    1,50    0,00    0,00    0,00    0,00    0,00   77,10
22:30:32     all   21,56    0,00    3,78    0,25    0,00    0,13    0,00    0,00    0,00   74,27
22:30:33     all   18,49    0,00    3,02    0,00    0,00    0,13    0,00    0,00    0,00   78,36
22:30:34     all   17,86    0,00    3,14    0,00    0,00    0,00    0,00    0,00    0,00   78,99
22:30:35     all   17,84    0,00    3,52    0,00    0,00    0,00    0,00    0,00    0,00   78,64
22:30:36     all   18,02    0,00    3,13    1,75    0,00    0,00    0,00    0,00    0,00   77,10
22:30:37     all   22,03    0,00    4,05    0,00    0,00    0,00    0,00    0,00    0,00   73,92
22:30:38     all   17,88    0,00    3,27    0,00    0,00    0,00    0,00    0,00    0,00   78,84
22:30:39     all   18,24    0,00    3,40    0,00    0,00    0,00    0,00    0,00    0,00   78,36
22:30:40     all   17,46    0,00    2,76    0,00    0,00    0,00    0,00    0,00    0,00   79,77
22:30:41     all   23,43    0,00    3,90    0,38    0,00    0,13    0,00    0,00    0,00   72,17
22:30:42     all   18,03    0,00    3,15    0,13    0,00    0,00    0,00    0,00    0,00   78,69
22:30:43     all   17,99    0,00    3,65    0,00    0,00    0,13    0,00    0,00    0,00   78,24
22:30:44     all   17,11    0,00    2,89    0,00    0,00    0,00    0,00    0,00    0,00   80,00
22:30:45     all   22,46    0,00    4,02    0,00    0,00    0,13    0,00    0,00    0,00   73,40
22:30:46     all   17,53    0,00    3,53    0,76    0,00    0,00    0,00    0,00    0,00   78,18
22:30:47     all   18,99    0,00    3,65    0,00    0,00    0,13    0,00    0,00    0,00   77,23
22:30:48     all   17,34    0,00    3,02    0,63    0,00    0,00    0,00    0,00    0,00   79,02
22:30:49     all   22,29    0,00    3,90    0,00    0,00    0,00    0,00    0,00    0,00   73,80
22:30:50     all   18,66    0,00    3,78    0,88    0,00    0,00    0,00    0,00    0,00   76,67
22:30:51     all   18,82    0,00    3,39    0,00    0,00    0,00    0,00    0,00    0,00   77,79
22:30:52     all   17,86    0,00    3,27    0,00    0,00    0,00    0,00    0,00    0,00   78,87
22:30:53     all   17,31    0,00    3,26    1,25    0,00    0,00    0,00    0,00    0,00   78,17
22:30:54     all   22,14    0,00    4,28    0,00    0,00    0,00    0,00    0,00    0,00   73,58
22:30:55     all   17,59    0,00    4,02    0,00    0,00    0,00    0,00    0,00    0,00   78,39
22:30:56     all   18,74    0,00    3,52    0,00    0,00    0,00    0,00    0,00    0,00   77,74
22:30:57     all   17,52    0,00    3,50    0,00    0,00    0,00    0,00    0,00    0,00   78,97
22:30:58     all   21,83    0,00    3,55    0,25    0,00    0,00    0,00    0,00    0,00   74,37
22:30:59     all   18,02    0,00    3,88    0,00    0,00    0,13    0,00    0,00    0,00   77,97
22:31:00     all   18,19    0,00    3,76    0,00    0,00    0,00    0,00    0,00    0,00   78,04
22:31:01     all   17,22    0,00    2,53    0,00    0,00    0,00    0,00    0,00    0,00   80,25
22:31:02     all   22,11    0,00    4,02    0,00    0,00    0,00    0,00    0,00    0,00   73,87
22:31:03     all   18,17    0,00    4,01    0,13    0,00    0,00    0,00    0,00    0,00   77,69
22:31:04     all   18,58    0,00    3,16    0,00    0,00    0,13    0,00    0,00    0,00   78,13
22:31:05     all   17,25    0,00    3,25    0,00    0,00    0,12    0,00    0,00    0,00   79,38
22:31:06     all   21,76    0,00    4,15    0,00    0,00    0,13    0,00    0,00    0,00   73,96
22:31:07     all   18,41    0,00    3,40    0,00    0,00    0,00    0,00    0,00    0,00   78,18
22:31:08     all   18,44    0,00    3,26    0,38    0,00    0,00    0,00    0,00    0,00   77,92
22:31:09     all   17,44    0,00    3,39    0,00    0,00    0,25    0,00    0,00    0,00   78,92
22:31:10     all   17,65    0,00    3,00    0,00    0,00    0,00    0,00    0,00    0,00   79,35
22:31:11     all   21,67    0,00    3,80    0,00    0,00    0,00    0,00    0,00    0,00   74,52
22:31:12     all   17,86    0,00    3,40    0,00    0,00    0,00    0,00    0,00    0,00   78,74
22:31:13     all   18,41    0,00    3,28    0,00    0,00    0,00    0,00    0,00    0,00   78,31
22:31:14     all   17,52    0,00    3,13    0,13    0,00    0,00    0,00    0,00    0,00   79,22
22:31:15     all   21,72    0,00    4,17    0,13    0,00    0,00    0,00    0,00    0,00   73,99
22:31:16     all   18,14    0,00    3,27    0,00    0,00    0,13    0,00    0,00    0,00   78,46
22:31:17     all   18,30    0,00    3,76    0,00    0,00    0,00    0,00    0,00    0,00   77,94
22:31:18     all   17,17    0,00    2,88    0,00    0,00    0,13    0,00    0,00    0,00   79,82
22:31:19     all   21,74    0,00    3,67    1,01    0,00    0,00    0,00    0,00    0,00   73,58
22:31:20     all   18,22    0,00    3,39    0,00    0,00    0,00    0,00    0,00    0,00   78,39
22:31:21     all   18,28    0,00    3,28    0,50    0,00    0,00    0,00    0,00    0,00   77,93
22:31:22     all   17,46    0,00    3,14    0,00    0,00    0,00    0,00    0,00    0,00   79,40
22:31:23     all   21,86    0,00    4,27    0,00    0,00    0,00    0,00    0,00    0,00   73,87
22:31:24     all   18,11    0,00    3,65    1,01    0,00    0,00    0,00    0,00    0,00   77,23
22:31:25     all   18,18    0,00    3,54    0,00    0,00    0,00    0,00    0,00    0,00   78,28
22:31:26     all   17,51    0,00    2,90    0,00    0,00    0,00    0,00    0,00    0,00   79,60
22:31:27     all   18,77    0,00    4,01    0,00    0,00    0,00    0,00    0,00    0,00   77,22
22:31:28     all   21,41    0,00    4,28    0,00    0,00    0,00    0,00    0,00    0,00   74,31
22:31:29     all   18,24    0,00    2,77    0,25    0,00    0,38    0,00    0,00    0,00   78,36
22:31:30     all   17,96    0,00    3,89    0,00    0,00    0,00    0,00    0,00    0,00   78,14
22:31:31     all   17,40    0,00    3,38    0,00    0,00    0,00    0,00    0,00    0,00   79,22
22:31:32     all   21,87    0,00    3,67    0,00    0,00    0,00    0,00    0,00    0,00   74,46
22:31:33     all   18,16    0,00    3,28    0,00    0,00    0,00    0,00    0,00    0,00   78,56
22:31:34     all   18,60    0,00    3,62    0,25    0,00    0,12    0,00    0,00    0,00   77,40
22:31:35     all   17,15    0,00    2,52    0,00    0,00    0,00    0,00    0,00    0,00   80,33
22:31:36     all   21,54    0,00    3,78    0,00    0,00    0,00    0,00    0,00    0,00   74,69
22:31:37     all   18,01    0,00    3,27    0,00    0,00    0,13    0,00    0,00    0,00   78,59
22:31:38     all   18,28    0,00    3,40    0,00    0,00    0,00    0,00    0,00    0,00   78,31
22:31:39     all   17,46    0,00    2,89    0,13    0,00    0,00    0,00    0,00    0,00   79,52
22:31:40     all   21,76    0,00    3,90    0,00    0,00    0,00    0,00    0,00    0,00   74,34
22:31:41     all   17,72    0,00    3,67    0,00    0,00    0,00    0,00    0,00    0,00   78,61
22:31:42     all   18,22    0,00    3,52    0,00    0,00    0,00    0,00    0,00    0,00   78,27
22:31:43     all   17,34    0,00    2,89    0,00    0,00    0,00    0,00    0,00    0,00   79,77
22:31:44     all   17,57    0,00    3,01    0,13    0,00    0,00    0,00    0,00    0,00   79,30
22:31:45     all   21,08    0,00    4,14    0,00    0,00    0,00    0,00    0,00    0,00   74,78
22:31:46     all   17,94    0,00    3,76    0,00    0,00    0,13    0,00    0,00    0,00   78,17
22:31:47     all   18,84    0,00    3,52    0,25    0,00    0,00    0,00    0,00    0,00   77,39
22:31:48     all   17,13    0,00    2,77    0,00    0,00    0,00    0,00    0,00    0,00   80,10
22:31:49     all   21,98    0,00    4,40    0,88    0,00    0,00    0,00    0,00    0,00   72,74
22:31:50     all   18,62    0,00    3,40    0,00    0,00    0,00    0,00    0,00    0,00   77,99
22:31:51     all   18,33    0,00    3,41    0,88    0,00    0,13    0,00    0,00    0,00   77,24
22:31:52     all   17,40    0,00    2,88    0,00    0,00    0,13    0,00    0,00    0,00   79,60
22:31:53     all   21,74    0,00    3,79    0,00    0,00    0,00    0,00    0,00    0,00   74,46
22:31:54     all   17,57    0,00    3,89    0,00    0,00    0,00    0,00    0,00    0,00   78,54
22:31:55     all   18,26    0,00    3,53    1,13    0,00    0,00    0,00    0,00    0,00   77,08
22:31:56     all   16,98    0,00    3,27    0,00    0,00    0,00    0,00    0,00    0,00   79,75
22:31:57     all   21,62    0,00    4,05    0,00    0,00    0,00    0,00    0,00    0,00   74,34
22:31:58     all   18,65    0,00    3,63    0,00    0,00    0,00    0,00    0,00    0,00   77,72
22:31:59     all   18,11    0,00    3,52    0,00    0,00    0,25    0,00    0,00    0,00   78,11
22:32:00     all   17,44    0,00    3,26    0,13    0,00    0,00    0,00    0,00    0,00   79,17
22:32:01     all   17,79    0,00    3,01    0,00    0,00    0,00    0,00    0,00    0,00   79,20
22:32:02     all   21,19    0,00    3,91    0,00    0,00    0,00    0,00    0,00    0,00   74,91
22:32:03     all   20,48    0,00    3,89    1,13    0,00    0,13    0,00    0,00    0,00   74,37
22:32:04     all   21,79    0,00    4,16    5,79    0,00    0,13    0,00    0,00    0,00   68,14
22:32:05     all   17,06    0,00    3,26    0,00    0,00    0,00    0,00    0,00    0,00   79,67
22:32:06     all   21,74    0,00    3,79    0,00    0,00    0,00    0,00    0,00    0,00   74,46
22:32:07     all   17,65    0,00    3,40    0,00    0,00    0,00    0,00    0,00    0,00   78,94
22:32:08     all   18,47    0,00    3,39    0,00    0,00    0,00    0,00    0,00    0,00   78,14
22:32:09     all   17,11    0,00    3,14    0,00    0,00    0,00    0,00    0,00    0,00   79,75
22:32:10     all   21,73    0,00    4,02    0,38    0,00    0,00    0,00    0,00    0,00   73,87
22:32:11     all   17,96    0,00    3,52    0,00    0,00    0,25    0,00    0,00    0,00   78,27
22:32:12     all   18,33    0,00    3,29    0,00    0,00    0,00    0,00    0,00    0,00   78,38
22:32:13     all   17,52    0,00    3,00    0,00    0,00    0,00    0,00    0,00    0,00   79,47
22:32:14     all   21,93    0,00    3,80    0,00    0,00    0,00    0,00    0,00    0,00   74,27
22:32:15     all   18,30    0,00    3,63    0,50    0,00    0,00    0,00    0,00    0,00   77,57
22:32:16     all   18,39    0,00    3,78    0,00    0,00    0,00    0,00    0,00    0,00   77,83
22:32:17     all   17,31    0,00    2,76    0,00    0,00    0,00    0,00    0,00    0,00   79,92
22:32:18     all   17,69    0,00    2,89    0,00    0,00    0,13    0,00    0,00    0,00   79,30
22:32:19     all   21,46    0,00    4,04    0,76    0,00    0,00    0,00    0,00    0,00   73,74
22:32:20     all   18,26    0,00    3,53    0,00    0,00    0,00    0,00    0,00    0,00   78,21
22:32:21     all   18,38    0,00    4,12    1,12    0,00    0,00    0,00    0,00    0,00   76,38
22:32:22     all   17,44    0,00    3,14    0,00    0,00    0,25    0,00    0,00    0,00   79,17
22:32:23     all   21,91    0,00    4,03    0,00    0,00    0,00    0,00    0,00    0,00   74,06
22:32:24     all   18,07    0,00    3,64    0,00    0,00    0,13    0,00    0,00    0,00   78,17
22:32:25     all   18,41    0,00    3,40    0,00    0,00    0,13    0,00    0,00    0,00   78,06
22:32:26     all   17,31    0,00    3,11    1,37    0,00    0,12    0,00    0,00    0,00   78,08
22:32:27     all   23,03    0,00    4,58    0,00    0,00    0,00    0,00    0,00    0,00   72,39
22:32:28     all   17,79    0,00    3,38    0,00    0,00    0,00    0,00    0,00    0,00   78,82
22:32:29     all   18,51    0,00    3,02    0,00    0,00    0,00    0,00    0,00    0,00   78,46
22:32:30     all   17,11    0,00    2,89    0,00    0,00    0,00    0,00    0,00    0,00   80,00
22:32:31     all   22,26    0,00    3,52    0,38    0,00    0,00    0,00    0,00    0,00   73,84
22:32:32     all   18,03    0,00    3,53    0,00    0,00    0,00    0,00    0,00    0,00   78,44
22:32:33     all   18,47    0,00    3,77    0,00    0,00    0,13    0,00    0,00    0,00   77,64
22:32:34     all   17,84    0,00    2,64    0,00    0,00    0,00    0,00    0,00    0,00   79,52
22:32:35     all   18,55    0,00    3,01    0,00    0,00    0,13    0,00    0,00    0,00   78,32
22:32:36     all   21,14    0,00    3,92    0,00    0,00    0,00    0,00    0,00    0,00   74,94
22:32:37     all   19,07    0,00    3,64    0,00    0,00    0,00    0,00    0,00    0,00   77,29
22:32:38     all   18,09    0,00    3,77    0,00    0,00    0,00    0,00    0,00    0,00   78,14
22:32:39     all   16,98    0,00    3,02    0,00    0,00    0,00    0,00    0,00    0,00   80,00
22:32:40     all   22,29    0,00    3,78    0,00    0,00    0,00    0,00    0,00    0,00   73,93
22:32:41     all   17,99    0,00    3,14    0,13    0,00    0,25    0,00    0,00    0,00   78,49
22:32:42     all   18,79    0,00    3,66    0,00    0,00    0,00    0,00    0,00    0,00   77,55
22:32:43     all   17,94    0,00    2,89    0,00    0,00    0,00    0,00    0,00    0,00   79,17
22:32:44     all   21,55    0,00    3,80    0,00    0,00    0,00    0,00    0,00    0,00   74,65
22:32:45     all   17,82    0,00    3,51    0,00    0,00    0,00    0,00    0,00    0,00   78,67
22:32:46     all   18,27    0,00    3,68    0,00    0,00    0,00    0,00    0,00    0,00   78,05
22:32:47     all   17,27    0,00    3,25    0,25    0,00    0,00    0,00    0,00    0,00   79,22
22:32:48     all   21,59    0,00    3,54    2,65    0,00    0,00    0,00    0,00    0,00   72,22
22:32:49     all   18,44    0,00    3,64    0,00    0,00    0,00    0,00    0,00    0,00   77,92
22:32:50     all   18,74    0,00    3,27    0,75    0,00    0,00    0,00    0,00    0,00   77,23
22:32:51     all   17,15    0,00    3,15    0,00    0,00    0,00    0,00    0,00    0,00   79,70
22:32:52     all   18,17    0,00    3,26    0,50    0,00    0,00    0,00    0,00    0,00   78,07
22:32:53     all   21,48    0,00    4,15    0,00    0,00    0,00    0,00    0,00    0,00   74,37
22:32:54     all   17,84    0,00    3,64    0,00    0,00    0,13    0,00    0,00    0,00   78,39
22:32:55     all   18,54    0,00    3,28    0,00    0,00    0,00    0,00    0,00    0,00   78,18
22:32:56     all   17,29    0,00    2,88    0,00    0,00    0,13    0,00    0,00    0,00   79,70
22:32:57     all   21,57    0,00    3,93    1,90    0,00    0,00    0,00    0,00    0,00   72,59
22:32:58     all   18,19    0,00    3,39    0,00    0,00    0,13    0,00    0,00    0,00   78,29
22:32:59     all   17,94    0,00    3,89    0,00    0,00    0,00    0,00    0,00    0,00   78,17
22:33:00     all   17,34    0,00    3,02    0,00    0,00    0,00    0,00    0,00    0,00   79,65
22:33:01     all   21,98    0,00    4,15    0,00    0,00    0,13    0,00    0,00    0,00   73,74
22:33:02     all   18,16    0,00    3,40    0,25    0,00    0,00    0,00    0,00    0,00   78,18
22:33:03     all   18,32    0,00    3,89    0,00    0,00    0,00    0,00    0,00    0,00   77,79
22:33:04     all   17,25    0,00    2,52    0,00    0,00    0,13    0,00    0,00    0,00   80,10
22:33:05     all   21,83    0,00    4,02    0,00    0,00    0,00    0,00    0,00    0,00   74,15
22:33:06     all   17,94    0,00    3,64    0,00    0,00    0,00    0,00    0,00    0,00   78,42
22:33:07     all   18,28    0,00    3,28    0,63    0,00    0,00    0,00    0,00    0,00   77,81
22:33:08     all   17,27    0,00    2,88    0,00    0,00    0,13    0,00    0,00    0,00   79,72
22:33:09     all   17,71    0,00    3,52    0,00    0,00    0,00    0,00    0,00    0,00   78,77
22:33:10     all   21,16    0,00    3,78    0,00    0,00    0,00    0,00    0,00    0,00   75,06
22:33:11     all   18,24    0,00    3,14    0,00    0,00    0,13    0,00    0,00    0,00   78,49
22:33:12     all   18,11    0,00    4,03    0,25    0,00    0,00    0,00    0,00    0,00   77,61
22:33:13     all   17,48    0,00    2,77    0,00    0,00    0,13    0,00    0,00    0,00   79,62
22:33:14     all   21,93    0,00    4,39    0,00    0,00    0,00    0,00    0,00    0,00   73,68
22:33:15     all   17,93    0,00    3,41    0,00    0,00    0,00    0,00    0,00    0,00   78,66
22:33:16     all   18,47    0,00    3,89    0,00    0,00    0,00    0,00    0,00    0,00   77,64
22:33:17     all   17,59    0,00    2,76    0,00    0,00    0,00    0,00    0,00    0,00   79,65
22:33:18     all   21,62    0,00    4,05    0,38    0,00    0,00    0,00    0,00    0,00   73,96
22:33:19     all   18,01    0,00    3,27    0,00    0,00    0,00    0,00    0,00    0,00   78,72
22:33:20     all   18,74    0,00    3,40    0,63    0,00    0,00    0,00    0,00    0,00   77,23
22:33:21     all   17,23    0,00    3,25    0,00    0,00    0,00    0,00    0,00    0,00   79,53
22:33:22     all   21,77    0,00    3,80    0,76    0,00    0,00    0,00    0,00    0,00   73,67
22:33:23     all   18,35    0,00    3,42    0,00    0,00    0,00    0,00    0,00    0,00   78,23
22:33:24     all   18,34    0,00    3,64    0,00    0,00    0,00    0,00    0,00    0,00   78,02
22:33:25     all   16,98    0,00    3,50    0,00    0,00    0,12    0,00    0,00    0,00   79,40
22:33:26     all   18,03    0,00    3,03    0,00    0,00    0,13    0,00    0,00    0,00   78,81
22:33:27     all   21,19    0,00    3,53    0,00    0,00    0,13    0,00    0,00    0,00   75,16
22:33:28     all   18,05    0,00    3,76    0,88    0,00    0,00    0,00    0,00    0,00   77,32
22:33:29     all   19,57    0,00    3,91    0,00    0,00    0,00    0,00    0,00    0,00   76,52
22:33:30     all   17,31    0,00    2,63    0,00    0,00    0,00    0,00    0,00    0,00   80,05
22:33:31     all   22,31    0,00    4,69    0,00    0,00    0,13    0,00    0,00    0,00   72,88
22:33:32     all   18,19    0,00    3,64    0,00    0,00    0,00    0,00    0,00    0,00   78,17
22:33:33     all   18,34    0,00    3,64    0,25    0,00    0,00    0,00    0,00    0,00   77,76
22:33:34     all   17,44    0,00    2,89    0,00    0,00    0,00    0,00    0,00    0,00   79,67
22:33:35     all   21,39    0,00    4,05    0,00    0,00    0,13    0,00    0,00    0,00   74,43
22:33:36     all   17,99    0,00    3,52    0,00    0,00    0,13    0,00    0,00    0,00   78,36
22:33:37     all   17,85    0,00    3,42    0,00    0,00    0,00    0,00    0,00    0,00   78,73
22:33:38     all   17,25    0,00    2,88    0,25    0,00    0,00    0,00    0,00    0,00   79,62
22:33:39     all   21,56    0,00    4,41    0,00    0,00    0,00    0,00    0,00    0,00   74,02
22:33:40     all   17,78    0,00    3,28    0,00    0,00    0,00    0,00    0,00    0,00   78,94
22:33:41     all   18,38    0,00    3,50    0,00    0,00    0,00    0,00    0,00    0,00   78,12
22:33:42     all   17,42    0,00    3,01    0,00    0,00    0,00    0,00    0,00    0,00   79,57
22:33:43     all   17,42    0,00    3,16    0,38    0,00    0,00    0,00    0,00    0,00   79,04
22:33:44     all   21,46    0,00    4,27    0,00    0,00    0,00    0,00    0,00    0,00   74,28
22:33:45     all   17,76    0,00    3,53    0,00    0,00    0,00    0,00    0,00    0,00   78,72
22:33:46     all   18,58    0,00    3,29    0,00    0,00    0,00    0,00    0,00    0,00   78,13
22:33:47     all   17,54    0,00    2,76    0,00    0,00    0,00    0,00    0,00    0,00   79,70
22:33:48     all   21,46    0,00    4,39    0,00    0,00    0,00    0,00    0,00    0,00   74,15
22:33:49     all   18,18    0,00    3,16    0,13    0,00    0,25    0,00    0,00    0,00   78,28
22:33:50     all   18,57    0,00    3,39    0,38    0,00    0,13    0,00    0,00    0,00   77,54
22:33:51     all   17,42    0,00    3,13    0,00    0,00    0,00    0,00    0,00    0,00   79,45
22:33:52     all   21,44    0,00    3,78    0,88    0,00    0,13    0,00    0,00    0,00   73,77
22:33:53     all   18,34    0,00    3,27    0,00    0,00    0,00    0,00    0,00    0,00   78,39
22:33:54     all   18,47    0,00    3,77    0,00    0,00    0,13    0,00    0,00    0,00   77,64
22:33:55     all   16,90    0,00    3,15    0,50    0,00    0,13    0,00    0,00    0,00   79,32
22:33:56     all   21,49    0,00    4,05    0,00    0,00    0,00    0,00    0,00    0,00   74,46
22:33:57     all   18,01    0,00    2,90    0,00    0,00    0,00    0,00    0,00    0,00   79,09
22:33:58     all   18,24    0,00    3,52    0,00    0,00    0,00    0,00    0,00    0,00   78,24
22:33:59     all   17,17    0,00    3,13    1,13    0,00    0,00    0,00    0,00    0,00   78,57
22:34:00     all   17,71    0,00    3,02    0,00    0,00    0,00    0,00    0,00    0,00   79,27
22:34:01     all   21,66    0,00    3,90    0,00    0,00    0,00    0,00    0,00    0,00   74,43
22:34:02     all   17,59    0,00    3,39    0,00    0,00    0,13    0,00    0,00    0,00   78,89
22:34:03     all   20,61    0,00    3,67    0,00    0,00    0,00    0,00    0,00    0,00   75,73
22:34:04     all   17,31    0,00    3,01    0,25    0,00    0,00    0,00    0,00    0,00   79,42
22:34:05     all   22,04    0,00    3,65    0,00    0,00    0,00    0,00    0,00    0,00   74,31
22:34:06     all   18,34    0,00    3,39    0,00    0,00    0,00    0,00    0,00    0,00   78,27
22:34:07     all   17,97    0,00    3,29    0,00    0,00    0,00    0,00    0,00    0,00   78,73
22:34:08     all   17,27    0,00    3,13    0,00    0,00    0,00    0,00    0,00    0,00   79,60
22:34:09     all   21,77    0,00    3,80    0,25    0,00    0,00    0,00    0,00    0,00   74,18
22:34:10     all   18,01    0,00    3,53    0,00    0,00    0,00    0,00    0,00    0,00   78,46
22:34:11     all   18,57    0,00    3,39    0,00    0,00    0,25    0,00    0,00    0,00   77,79
22:34:12     all   17,54    0,00    3,01    0,00    0,00    0,00    0,00    0,00    0,00   79,45
22:34:13     all   21,82    0,00    3,91    0,00    0,00    0,00    0,00    0,00    0,00   74,27
22:34:14     all   18,16    0,00    3,15    0,38    0,00    0,00    0,00    0,00    0,00   78,31
22:34:15     all   18,11    0,00    3,52    0,00    0,00    0,00    0,00    0,00    0,00   78,36
22:34:16     all   17,42    0,00    2,90    0,00    0,00    0,00    0,00    0,00    0,00   79,67
22:34:17     all   17,67    0,00    3,26    0,00    0,00    0,00    0,00    0,00    0,00   79,07
22:34:18     all   21,66    0,00    3,65    0,00    0,00    0,25    0,00    0,00    0,00   74,43
22:34:19     all   18,32    0,00    3,26    0,00    0,00    0,00    0,00    0,00    0,00   78,42
22:34:20     all   18,55    0,00    3,38    0,88    0,00    0,13    0,00    0,00    0,00   77,07
22:34:21     all   17,40    0,00    2,65    0,00    0,00    0,00    0,00    0,00    0,00   79,95
22:34:22     all   22,49    0,00    4,15    0,00    0,00    0,00    0,00    0,00    0,00   73,37
22:34:23     all   17,92    0,00    3,63    0,50    0,00    0,00    0,00    0,00    0,00   77,94
22:34:24     all   18,49    0,00    3,52    0,00    0,00    0,13    0,00    0,00    0,00   77,86
22:34:25     all   17,65    0,00    3,00    0,00    0,00    0,13    0,00    0,00    0,00   79,22
22:34:26     all   21,09    0,00    4,17    0,00    0,00    0,13    0,00    0,00    0,00   74,62
22:34:27     all   18,11    0,00    3,27    0,00    0,00    0,13    0,00    0,00    0,00   78,49
22:34:28     all   17,83    0,00    3,67    0,38    0,00    0,00    0,00    0,00    0,00   78,13
22:34:29     all   17,60    0,00    3,00    0,00    0,00    0,00    0,00    0,00    0,00   79,40
22:34:30     all   21,73    0,00    4,02    0,13    0,00    0,00    0,00    0,00    0,00   74,12
22:34:31     all   17,80    0,00    3,66    0,00    0,00    0,00    0,00    0,00    0,00   78,54
22:34:32     all   19,55    0,00    4,14    0,00    0,00    0,00    0,00    0,00    0,00   76,32
22:34:33     all   17,76    0,00    2,64    0,00    0,00    0,00    0,00    0,00    0,00   79,60
22:34:34     all   19,20    0,00    3,51    0,00    0,00    0,00    0,00    0,00    0,00   77,29
22:34:35     all   20,73    0,00    3,64    0,38    0,00    0,00    0,00    0,00    0,00   75,25
22:34:36     all   17,94    0,00    3,26    0,00    0,00    0,13    0,00    0,00    0,00   78,67
22:34:37     all   18,19    0,00    3,89    0,00    0,00    0,13    0,00    0,00    0,00   77,79
22:34:38     all   17,46    0,00    2,89    0,00    0,00    0,00    0,00    0,00    0,00   79,65
22:34:39     all   22,17    0,00    4,28    0,00    0,00    0,00    0,00    0,00    0,00   73,55
22:34:40     all   17,93    0,00    3,54    0,25    0,00    0,00    0,00    0,00    0,00   78,28
22:34:41     all   18,84    0,00    3,39    0,00    0,00    0,00    0,00    0,00    0,00   77,76
22:34:42     all   17,05    0,00    2,78    0,00    0,00    0,00    0,00    0,00    0,00   80,18
22:34:43     all   21,51    0,00    4,40    0,00    0,00    0,00    0,00    0,00    0,00   74,09
22:34:44     all   18,09    0,00    3,52    0,00    0,00    0,00    0,00    0,00    0,00   78,39
22:34:45     all   18,22    0,00    3,64    0,25    0,00    0,00    0,00    0,00    0,00   77,89
22:34:46     all   17,11    0,00    2,64    0,00    0,00    0,00    0,00    0,00    0,00   80,25
22:34:47     all   21,97    0,00    3,66    0,00    0,00    0,00    0,00    0,00    0,00   74,37
22:34:48     all   18,09    0,00    3,39    0,00    0,00    0,13    0,00    0,00    0,00   78,39
22:34:49     all   18,39    0,00    3,40    0,00    0,00    0,00    0,00    0,00    0,00   78,21
22:34:50     all   17,40    0,00    3,38    0,38    0,00    0,00    0,00    0,00    0,00   78,85
22:34:51     all   18,77    0,00    3,02    1,01    0,00    0,00    0,00    0,00    0,00   77,20
22:34:52     all   20,63    0,00    3,90    0,00    0,00    0,00    0,00    0,00    0,00   75,47
22:34:53     all   17,94    0,00    3,89    1,13    0,00    0,00    0,00    0,00    0,00   77,04
22:34:54     all   20,45    0,00    4,29    0,13    0,00    0,00    0,00    0,00    0,00   75,13
22:34:55     all   18,88    0,00    3,50    5,50    0,00    0,12    0,00    0,00    0,00   72,00
22:34:56     all   21,21    0,00    4,17    0,00    0,00    0,25    0,00    0,00    0,00   74,37
22:34:57     all   18,26    0,00    3,53    0,00    0,00    0,00    0,00    0,00    0,00   78,21
22:34:58     all   18,06    0,00    3,28    0,00    0,00    0,00    0,00    0,00    0,00   78,66
22:34:59     all   17,09    0,00    3,14    0,00    0,00    0,00    0,00    0,00    0,00   79,77
22:35:00     all   23,37    0,00    4,02    0,25    0,00    0,00    0,00    0,00    0,00   72,36
22:35:01     all   17,71    0,00    3,52    1,13    0,00    0,13    0,00    0,00    0,00   77,51
22:35:02     all   18,30    0,00    3,51    0,00    0,00    0,00    0,00    0,00    0,00   78,20
22:35:03     all   17,00    0,00    2,77    0,00    0,00    0,13    0,00    0,00    0,00   80,10
22:35:04     all   21,54    0,00    3,90    0,00    0,00    0,00    0,00    0,00    0,00   74,56
22:35:05     all   18,64    0,00    3,15    0,00    0,00    0,13    0,00    0,00    0,00   78,09
22:35:06     all   18,17    0,00    3,88    0,25    0,00    0,00    0,00    0,00    0,00   77,69
22:35:07     all   17,25    0,00    3,02    0,00    0,00    0,00    0,00    0,00    0,00   79,72
22:35:08     all   18,05    0,00    3,38    0,00    0,00    0,00    0,00    0,00    0,00   78,57
22:35:09     all   21,73    0,00    4,15    0,00    0,00    0,00    0,00    0,00    0,00   74,12
22:35:10     all   17,94    0,00    3,39    0,00    0,00    0,00    0,00    0,00    0,00   78,67
22:35:11     all   18,26    0,00    3,40    1,76    0,00    0,13    0,00    0,00    0,00   76,45
22:35:12     all   17,51    0,00    3,27    0,00    0,00    0,00    0,00    0,00    0,00   79,22
22:35:13     all   21,77    0,00    3,80    0,00    0,00    0,00    0,00    0,00    0,00   74,43
22:35:14     all   18,22    0,00    3,52    0,00    0,00    0,00    0,00    0,00    0,00   78,27
22:35:15     all   18,06    0,00    3,54    0,00    0,00    0,00    0,00    0,00    0,00   78,41
22:35:16     all   17,17    0,00    3,01    0,38    0,00    0,13    0,00    0,00    0,00   79,32
22:35:17     all   21,79    0,00    3,78    0,00    0,00    0,13    0,00    0,00    0,00   74,31
22:35:18     all   17,84    0,00    3,89    0,00    0,00    0,13    0,00    0,00    0,00   78,14
22:35:19     all   18,66    0,00    3,40    0,00    0,00    0,00    0,00    0,00    0,00   77,93
22:35:20     all   17,23    0,00    2,89    0,00    0,00    0,00    0,00    0,00    0,00   79,87
22:35:21     all   22,18    0,00    3,88    0,63    0,00    0,00    0,00    0,00    0,00   73,31
22:35:22     all   18,22    0,00    3,64    0,00    0,00    0,00    0,00    0,00    0,00   78,14
22:35:23     all   18,43    0,00    3,41    0,51    0,00    0,00    0,00    0,00    0,00   77,65
22:35:24     all   17,19    0,00    3,26    0,00    0,00    0,00    0,00    0,00    0,00   79,55
22:35:25     all   19,02    0,00    3,02    0,00    0,00    0,00    0,00    0,00    0,00   77,96
22:35:26     all   21,33    0,00    3,76    0,00    0,00    0,25    0,00    0,00    0,00   74,65
22:35:27     all   18,49    0,00    3,27    0,00    0,00    0,00    0,00    0,00    0,00   78,24
22:35:28     all   17,96    0,00    3,52    0,25    0,00    0,00    0,00    0,00    0,00   78,27
22:35:29     all   16,69    0,00    2,91    0,00    0,00    0,00    0,00    0,00    0,00   80,40
22:35:30     all   21,75    0,00    4,00    0,00    0,00    0,25    0,00    0,00    0,00   74,00
22:35:31     all   17,88    0,00    3,40    0,00    0,00    0,00    0,00    0,00    0,00   78,72
22:35:32     all   18,82    0,00    4,02    2,89    0,00    0,00    0,00    0,00    0,00   74,28
22:35:33     all   17,96    0,00    3,14    0,00    0,00    0,00    0,00    0,00    0,00   78,89
22:35:34     all   21,24    0,00    3,92    0,00    0,00    0,00    0,00    0,00    0,00   74,84
22:35:35     all   18,44    0,00    3,26    0,50    0,00    0,00    0,00    0,00    0,00   77,79
22:35:36     all   18,51    0,00    3,27    0,00    0,00    0,13    0,00    0,00    0,00   78,09
22:35:37     all   16,98    0,00    3,02    0,00    0,00    0,00    0,00    0,00    0,00   80,00
22:35:38     all   21,09    0,00    4,17    0,00    0,00    0,00    0,00    0,00    0,00   74,75
22:35:39     all   18,07    0,00    3,26    0,00    0,00    0,00    0,00    0,00    0,00   78,67
22:35:40     all   18,32    0,00    3,89    0,25    0,00    0,13    0,00    0,00    0,00   77,42
22:35:41     all   17,57    0,00    2,89    0,00    0,00    0,00    0,00    0,00    0,00   79,55
22:35:42     all   18,81    0,00    3,03    0,00    0,00    0,00    0,00    0,00    0,00   78,16
22:35:43     all   19,85    0,00    4,02    0,00    0,00    0,00    0,00    0,00    0,00   76,13
22:35:44     all   18,16    0,00    3,15    0,00    0,00    0,00    0,00    0,00    0,00   78,69
22:35:45     all   18,03    0,00    3,78    0,25    0,00    0,00    0,00    0,00    0,00   77,93
22:35:46     all   17,57    0,00    3,01    0,00    0,00    0,00    0,00    0,00    0,00   79,42
22:35:47     all   21,73    0,00    3,39    0,00    0,00    0,13    0,00    0,00    0,00   74,75
22:35:48     all   18,01    0,00    3,65    0,00    0,00    0,00    0,00    0,00    0,00   78,34
22:35:49     all   17,99    0,00    3,90    0,00    0,00    0,13    0,00    0,00    0,00   77,99
22:35:50     all   17,31    0,00    3,01    0,13    0,00    0,00    0,00    0,00    0,00   79,55
22:35:51     all   22,32    0,00    4,29    4,67    0,00    0,13    0,00    0,00    0,00   68,60
22:35:52     all   18,42    0,00    3,76    0,00    0,00    0,13    0,00    0,00    0,00   77,69
22:35:53     all   18,00    0,00    3,42    0,13    0,00    0,00    0,00    0,00    0,00   78,45
22:35:54     all   17,40    0,00    2,88    0,50    0,00    0,00    0,00    0,00    0,00   79,22
22:35:55     all   21,84    0,00    4,29    0,00    0,00    0,00    0,00    0,00    0,00   73,86
22:35:56     all   19,77    0,00    4,03    0,00    0,00    0,13    0,00    0,00    0,00   76,07
22:35:57     all   18,47    0,00    4,02    0,00    0,00    0,00    0,00    0,00    0,00   77,51
22:35:58     all   17,29    0,00    3,01    0,00    0,00    0,00    0,00    0,00    0,00   79,70
22:35:59     all   19,14    0,00    3,53    0,38    0,00    0,00    0,00    0,00    0,00   76,95
22:36:00     all   20,00    0,00    3,52    0,00    0,00    0,00    0,00    0,00    0,00   76,48
22:36:01     all   17,86    0,00    3,77    0,00    0,00    0,00    0,00    0,00    0,00   78,36
22:36:02     all   18,22    0,00    3,64    0,00    0,00    0,13    0,00    0,00    0,00   78,02
22:36:03     all   17,23    0,00    3,14    1,01    0,00    0,00    0,00    0,00    0,00   78,62
22:36:04     all   22,01    0,00    3,90    0,00    0,00    0,00    0,00    0,00    0,00   74,09
22:36:05     all   18,07    0,00    3,64    0,75    0,00    0,00    0,00    0,00    0,00   77,54
22:36:06     all   18,69    0,00    3,91    1,39    0,00    0,00    0,00    0,00    0,00   76,01
22:36:07     all   19,30    0,00    4,26   18,92    0,00    0,13    0,00    0,00    0,00   57,39
22:36:08     all   22,07    0,00    3,53    0,13    0,00    0,25    0,00    0,00    0,00   74,02
22:36:09     all   17,99    0,00    3,65    0,00    0,00    0,00    0,00    0,00    0,00   78,36
22:36:10     all   18,59    0,00    3,89    0,00    0,00    0,13    0,00    0,00    0,00   77,39
22:36:11     all   17,21    0,00    3,02    0,00    0,00    0,13    0,00    0,00    0,00   79,65
22:36:12     all   21,43    0,00    4,26    0,00    0,00    0,13    0,00    0,00    0,00   74,19
22:36:13     all   18,25    0,00    3,30    0,38    0,00    0,00    0,00    0,00    0,00   78,07
22:36:14     all   18,07    0,00    3,76    0,00    0,00    0,00    0,00    0,00    0,00   78,17
22:36:15     all   17,36    0,00    3,02    0,00    0,00    0,00    0,00    0,00    0,00   79,62
22:36:16     all   19,65    0,00    3,90    0,00    0,00    0,00    0,00    0,00    0,00   76,45
22:36:17     all   19,42    0,00    3,38    0,00    0,00    0,00    0,00    0,00    0,00   77,19
22:36:18     all   18,24    0,00    3,27    0,25    0,00    0,13    0,00    0,00    0,00   78,11
22:36:19     all   18,14    0,00    3,78    0,00    0,00    0,00    0,00    0,00    0,00   78,09
22:36:20     all   17,15    0,00    2,88    0,00    0,00    0,00    0,00    0,00    0,00   79,97
22:36:21     all   21,24    0,00    4,17    0,00    0,00    0,00    0,00    0,00    0,00   74,59
22:36:22     all   29,86    0,00    3,76    0,00    0,00    0,00    0,00    0,00    0,00   66,37
22:36:23     all   18,34    0,00    3,64    0,00    0,00    0,00    0,00    0,00    0,00   78,02
22:36:24     all   17,53    0,00    3,28    1,01    0,00    0,00    0,00    0,00    0,00   78,18
22:36:25     all   23,77    0,00    5,16    0,13    0,00    0,00    0,00    0,00    0,00   70,94
22:36:26     all   17,96    0,00    3,39    0,00    0,00    0,00    0,00    0,00    0,00   78,64
22:36:27     all   19,47    0,00    3,54    0,00    0,00    0,00    0,00    0,00    0,00   76,99
22:36:28     all   16,79    0,00    3,26    0,00    0,00    0,00    0,00    0,00    0,00   79,95
22:36:29     all   22,11    0,00    3,77    0,00    0,00    0,00    0,00    0,00    0,00   74,12
22:36:30     all   18,14    0,00    3,40    0,38    0,00    0,00    0,00    0,00    0,00   78,09
22:36:31     all   18,19    0,00    3,76    0,00    0,00    0,00    0,00    0,00    0,00   78,04
22:36:32     all   17,34    0,00    2,89    0,00    0,00    0,00    0,00    0,00    0,00   79,77
22:36:33     all   22,33    0,00    4,39    0,00    0,00    0,00    0,00    0,00    0,00   73,27
22:36:34     all   17,88    0,00    3,40    0,76    0,00    0,13    0,00    0,00    0,00   77,83
22:36:35     all   18,47    0,00    3,52    0,00    0,00    0,00    0,00    0,00    0,00   78,02
22:36:36     all   17,78    0,00    3,40    0,00    0,00    0,13    0,00    0,00    0,00   78,69
22:36:37     all   17,44    0,00    3,01    0,00    0,00    0,00    0,00    0,00    0,00   79,55
22:36:38     all   21,14    0,00    4,30    0,51    0,00    0,00    0,00    0,00    0,00   74,05
22:36:39     all   18,27    0,00    3,50    0,75    0,00    0,13    0,00    0,00    0,00   77,35
22:36:40     all   18,41    0,00    3,15    0,00    0,00    0,13    0,00    0,00    0,00   78,31
22:36:41     all   16,90    0,00    3,38    0,00    0,00    0,00    0,00    0,00    0,00   79,72
22:36:42     all   22,01    0,00    3,90    0,00    0,00    0,00    0,00    0,00    0,00   74,09
22:36:43     all   17,78    0,00    3,15    0,00    0,00    0,00    0,00    0,00    0,00   79,07
22:36:44     all   18,43    0,00    3,16    0,38    0,00    0,00    0,00    0,00    0,00   78,03
22:36:45     all   17,27    0,00    3,13    0,00    0,00    0,00    0,00    0,00    0,00   79,60
22:36:46     all   21,89    0,00    3,90    0,00    0,00    0,00    0,00    0,00    0,00   74,21
22:36:47     all   17,95    0,00    3,41    0,00    0,00    0,13    0,00    0,00    0,00   78,51
22:36:48     all   18,15    0,00    4,01    0,00    0,00    0,00    0,00    0,00    0,00   77,85
22:36:49     all   17,53    0,00    2,52    0,25    0,00    0,13    0,00    0,00    0,00   79,57
22:36:50     all   21,48    0,00    4,40    0,00    0,00    0,25    0,00    0,00    0,00   73,87
22:36:51     all   17,21    0,00    3,27    0,00    0,00    0,00    0,00    0,00    0,00   79,52
22:36:52     all   18,17    0,00    3,51    0,38    0,00    0,00    0,00    0,00    0,00   77,94
22:36:53     all   18,16    0,00    3,53    0,00    0,00    0,00    0,00    0,00    0,00   78,31
22:36:54     all   16,86    0,00    3,14    0,38    0,00    0,00    0,00    0,00    0,00   79,62
22:36:55     all   21,13    0,00    4,28    0,00    0,00    0,13    0,00    0,00    0,00   74,47
22:36:56     all   18,11    0,00    3,52    0,00    0,00    0,00    0,00    0,00    0,00   78,36
22:36:57     all   17,84    0,00    4,15    0,00    0,00    0,00    0,00    0,00    0,00   78,02
22:36:58     all   17,09    0,00    2,76    0,00    0,00    0,00    0,00    0,00    0,00   80,15
22:36:59     all   21,72    0,00    3,91    0,13    0,00    0,00    0,00    0,00    0,00   74,24
22:37:00     all   18,19    0,00    3,26    0,00    0,00    0,13    0,00    0,00    0,00   78,42
22:37:01     all   18,36    0,00    3,90    0,00    0,00    0,00    0,00    0,00    0,00   77,74
22:37:02     all   17,21    0,00    2,89    0,00    0,00    0,00    0,00    0,00    0,00   79,90
22:37:03     all   21,55    0,00    3,93    0,00    0,00    0,13    0,00    0,00    0,00   74,40
22:37:04     all   18,17    0,00    3,26    0,00    0,00    0,00    0,00    0,00    0,00   78,57
22:37:05     all   18,11    0,00    3,52    0,88    0,00    0,00    0,00    0,00    0,00   77,48
22:37:06     all   17,57    0,00    3,01    0,00    0,00    0,00    0,00    0,00    0,00   79,42
22:37:07     all   21,94    0,00    3,66    1,39    0,00    0,13    0,00    0,00    0,00   72,89
22:37:08     all   17,99    0,00    3,52    0,00    0,00    0,00    0,00    0,00    0,00   78,49
22:37:09     all   17,46    0,00    3,14    0,00    0,00    0,00    0,00    0,00    0,00   79,40
22:37:10     all   18,77    0,00    3,53    0,00    0,00    0,00    0,00    0,00    0,00   77,71
22:37:11     all   17,02    0,00    3,13    0,50    0,00    0,13    0,00    0,00    0,00   79,22
22:37:12     all   21,54    0,00    3,53    0,38    0,00    0,00    0,00    0,00    0,00   74,56
22:37:13     all   18,39    0,00    3,40    0,00    0,00    0,00    0,00    0,00    0,00   78,21
22:37:14     all   18,34    0,00    3,27    0,00    0,00    0,00    0,00    0,00    0,00   78,39
22:37:15     all   16,98    0,00    3,14    0,00    0,00    0,00    0,00    0,00    0,00   79,87
22:37:16     all   21,89    0,00    4,03    0,00    0,00    0,13    0,00    0,00    0,00   73,96
22:37:17     all   17,96    0,00    3,52    0,13    0,00    0,00    0,00    0,00    0,00   78,39
22:37:18     all   18,36    0,00    3,65    0,00    0,00    0,00    0,00    0,00    0,00   77,99
22:37:19     all   17,54    0,00    3,13    0,00    0,00    0,00    0,00    0,00    0,00   79,32
22:37:20     all   22,38    0,00    3,79    0,00    0,00    0,00    0,00    0,00    0,00   73,83
22:37:21     all   18,05    0,00    3,88    0,50    0,00    0,00    0,00    0,00    0,00   77,57
22:37:22     all   19,72    0,00    4,68   12,26    0,00    0,13    0,00    0,00    0,00   63,21
22:37:23     all   18,09    0,00    3,52    1,13    0,00    0,25    0,00    0,00    0,00   77,01
22:37:24     all   17,36    0,00    3,14    1,38    0,00    0,13    0,00    0,00    0,00   77,99
22:37:25     all   21,49    0,00    4,05    0,00    0,00    0,00    0,00    0,00    0,00   74,46
22:37:26     all   18,09    0,00    3,52    0,00    0,00    0,00    0,00    0,00    0,00   78,39
22:37:27     all   17,99    0,00    3,40    0,00    0,00    0,25    0,00    0,00    0,00   78,36
22:37:28     all   17,13    0,00    3,02    0,00    0,00    0,00    0,00    0,00    0,00   79,85
22:37:29     all   21,13    0,00    4,28    0,13    0,00    0,00    0,00    0,00    0,00   74,47
22:37:30     all   18,09    0,00    3,89    0,00    0,00    0,00    0,00    0,00    0,00   78,02
22:37:31     all   18,06    0,00    3,28    0,00    0,00    0,00    0,00    0,00    0,00   78,66
22:37:32     all   17,23    0,00    3,12    0,00    0,00    0,00    0,00    0,00    0,00   79,65
22:37:33     all   22,62    0,00    4,70    0,64    0,00    0,00    0,00    0,00    0,00   72,05
22:37:34     all   17,82    0,00    3,51    0,00    0,00    0,00    0,00    0,00    0,00   78,67
22:37:35     all   18,54    0,00    3,66    0,00    0,00    0,13    0,00    0,00    0,00   77,68
22:37:36     all   17,19    0,00    2,63    0,63    0,00    0,13    0,00    0,00    0,00   79,42
22:37:37     all   21,44    0,00    3,91    0,00    0,00    0,13    0,00    0,00    0,00   74,53
22:37:38     all   17,84    0,00    3,52    0,00    0,00    0,00    0,00    0,00    0,00   78,64
22:37:39     all   18,22    0,00    3,27    0,00    0,00    0,00    0,00    0,00    0,00   78,52
22:37:40     all   17,71    0,00    3,02    0,00    0,00    0,00    0,00    0,00    0,00   79,27
22:37:41     all   17,82    0,00    2,76    0,13    0,00    0,00    0,00    0,00    0,00   79,30
22:37:42     all   21,69    0,00    3,91    0,00    0,00    0,00    0,00    0,00    0,00   74,40
22:37:43     all   18,64    0,00    3,65    0,00    0,00    0,00    0,00    0,00    0,00   77,71
22:37:44     all   17,92    0,00    3,88    0,00    0,00    0,00    0,00    0,00    0,00   78,20
22:37:45     all   17,44    0,00    2,89    0,00    0,00    0,00    0,00    0,00    0,00   79,67
22:37:46     all   21,52    0,00    3,67    0,00    0,00    0,00    0,00    0,00    0,00   74,81
22:37:47     all   18,26    0,00    3,40    0,00    0,00    0,00    0,00    0,00    0,00   78,34
22:37:48     all   18,47    0,00    3,64    0,00    0,00    0,13    0,00    0,00    0,00   77,76
22:37:49     all   17,02    0,00    3,13    2,25    0,00    0,13    0,00    0,00    0,00   77,47
22:37:50     all   21,51    0,00    4,40    0,00    0,00    0,00    0,00    0,00    0,00   74,09
22:37:51     all   17,87    0,00    3,17    0,00    0,00    0,00    0,00    0,00    0,00   78,96
22:37:52     all   18,55    0,00    3,88    0,00    0,00    0,00    0,00    0,00    0,00   77,57
22:37:53     all   17,50    0,00    3,25    0,50    0,00    0,12    0,00    0,00    0,00   78,62
22:37:54     all   21,52    0,00    3,54    3,16    0,00    0,13    0,00    0,00    0,00   71,65
22:37:55     all   18,16    0,00    3,40    0,00    0,00    0,00    0,00    0,00    0,00   78,44
22:37:56     all   18,47    0,00    3,27    0,88    0,00    0,00    0,00    0,00    0,00   77,39
22:37:57     all   17,17    0,00    2,88    0,00    0,00    0,13    0,00    0,00    0,00   79,82
22:37:58     all   17,67    0,00    3,51    0,00    0,00    0,13    0,00    0,00    0,00   78,70
22:37:59     all   21,73    0,00    4,15    0,00    0,00    0,13    0,00    0,00    0,00   73,99
22:38:00     all   18,26    0,00    3,40    0,00    0,00    0,00    0,00    0,00    0,00   78,34
22:38:01     all   18,64    0,00    3,65    0,50    0,00    0,00    0,00    0,00    0,00   77,20
22:38:02     all   18,92    0,00    4,39    0,00    0,00    0,00    0,00    0,00    0,00   76,69
22:38:03     all   22,76    0,00    4,55    0,00    0,00    0,00    0,00    0,00    0,00   72,69
22:38:04     all   17,84    0,00    3,39    1,38    0,00    0,13    0,00    0,00    0,00   77,26
22:38:05     all   18,32    0,00    3,51    0,00    0,00    0,00    0,00    0,00    0,00   78,17
22:38:06     all   17,54    0,00    3,63    2,51    0,00    0,00    0,00    0,00    0,00   76,32
22:38:07     all   22,63    0,00    4,30    8,85    0,00    0,00    0,00    0,00    0,00   64,22
22:38:08     all   18,11    0,00    3,40    0,00    0,00    0,00    0,00    0,00    0,00   78,49
22:38:09     all   18,24    0,00    3,77    0,00    0,00    0,00    0,00    0,00    0,00   77,99
22:38:10     all   17,50    0,00    3,00    0,00    0,00    0,00    0,00    0,00    0,00   79,50
22:38:11     all   21,32    0,00    4,06    0,00    0,00    0,00    0,00    0,00    0,00   74,62
22:38:12     all   18,07    0,00    3,64    0,38    0,00    0,13    0,00    0,00    0,00   77,79
22:38:13     all   18,62    0,00    3,14    0,00    0,00    0,00    0,00    0,00    0,00   78,24
22:38:14     all   17,27    0,00    2,88    0,00    0,00    0,00    0,00    0,00    0,00   79,85
22:38:15     all   22,46    0,13    5,20    5,08    0,00    0,00    0,00    0,00    0,00   67,13
22:38:16     all   19,47    0,00    3,64   10,55    0,00    0,13    0,00    0,00    0,00   66,21
22:38:17     all   18,19    0,00    3,39    0,63    0,00    0,13    0,00    0,00    0,00   77,67
22:38:18     all   18,19    0,00    3,64    0,00    0,00    0,13    0,00    0,00    0,00   78,04
22:38:19     all   17,11    0,00    3,02    0,00    0,00    0,00    0,00    0,00    0,00   79,87
22:38:20     all   21,82    0,00    3,91    0,00    0,00    0,00    0,00    0,00    0,00   74,27
22:38:21     all   17,88    0,00    3,15    0,25    0,00    0,00    0,00    0,00    0,00   78,72
22:38:22     all   18,11    0,00    3,40    0,00    0,00    0,00    0,00    0,00    0,00   78,49
22:38:23     all   17,51    0,00    3,27    0,00    0,00    0,00    0,00    0,00    0,00   79,22
22:38:24     all   21,48    0,00    4,15    0,38    0,00    0,00    0,00    0,00    0,00   73,99
22:38:25     all   18,18    0,00    3,41    0,00    0,00    0,13    0,00    0,00    0,00   78,28
22:38:26     all   18,07    0,00    3,51    1,00    0,00    0,00    0,00    0,00    0,00   77,42
22:38:27     all   17,06    0,00    3,01    0,00    0,00    0,00    0,00    0,00    0,00   79,92
22:38:28     all   21,62    0,00    3,54    0,00    0,00    0,13    0,00    0,00    0,00   74,72
22:38:29     all   18,01    0,00    3,15    0,00    0,00    0,00    0,00    0,00    0,00   78,84
22:38:30     all   18,07    0,00    3,51    0,00    0,00    0,00    0,00    0,00    0,00   78,42
22:38:31     all   17,48    0,00    2,77    0,25    0,00    0,00    0,00    0,00    0,00   79,50
22:38:32     all   21,44    0,00    3,91    0,00    0,00    0,00    0,00    0,00    0,00   74,65
22:38:33     all   18,73    0,00    4,24    0,00    0,00    0,12    0,00    0,00    0,00   76,90
22:38:34     all   17,86    0,00    2,89    0,00    0,00    0,00    0,00    0,00    0,00   79,25
22:38:35     all   18,62    0,00    3,27    0,00    0,00    0,13    0,00    0,00    0,00   77,99
22:38:36     all   17,13    0,00    3,15    0,25    0,00    0,00    0,00    0,00    0,00   79,47
22:38:37     all   21,72    0,00    3,66    0,00    0,00    0,00    0,00    0,00    0,00   74,62
22:38:38     all   17,77    0,00    3,88    0,75    0,00    0,00    0,00    0,00    0,00   77,60
22:38:39     all   18,51    0,00    3,40    0,00    0,00    0,00    0,00    0,00    0,00   78,09
22:38:40     all   17,46    0,00    2,64    0,00    0,00    0,00    0,00    0,00    0,00   79,90
22:38:41     all   21,01    0,00    4,03    0,00    0,00    0,13    0,00    0,00    0,00   74,84
22:38:42     all   18,14    0,00    3,15    0,00    0,00    0,00    0,00    0,00    0,00   78,72
22:38:43     all   18,03    0,00    3,78    0,25    0,00    0,00    0,00    0,00    0,00   77,93
22:38:44     all   17,69    0,00    2,51    0,00    0,00    0,00    0,00    0,00    0,00   79,80
22:38:45     all   21,28    0,00    4,28    0,00    0,00    0,00    0,00    0,00    0,00   74,43
22:38:46     all   18,11    0,00    3,65    0,75    0,00    0,13    0,00    0,00    0,00   77,36
22:38:47     all   20,30    0,00    4,79   14,25    0,00    0,00    0,00    0,00    0,00   60,66
22:38:48     all   19,45    0,00    4,14    0,00    0,00    0,13    0,00    0,00    0,00   76,29
22:38:49     all   18,32    0,00    3,01    0,00    0,00    0,00    0,00    0,00    0,00   78,67
22:38:50     all   20,93    0,00    3,88    1,00    0,00    0,25    0,00    0,00    0,00   73,93
22:38:51     all   17,91    0,00    3,53    0,00    0,00    0,00    0,00    0,00    0,00   78,56
22:38:52     all   18,15    0,00    3,88    0,38    0,00    0,00    0,00    0,00    0,00   77,60
22:38:53     all   17,21    0,00    3,02    0,00    0,00    0,00    0,00    0,00    0,00   79,77
22:38:54     all   21,59    0,00    3,79    0,38    0,00    0,00    0,00    0,00    0,00   74,24
22:38:55     all   17,84    0,00    3,52    0,38    0,00    0,25    0,00    0,00    0,00   78,02
22:38:56     all   18,59    0,00    3,27    0,75    0,00    0,00    0,00    0,00    0,00   77,39
22:38:57     all   17,46    0,00    3,14    0,00    0,00    0,00    0,00    0,00    0,00   79,40
22:38:58     all   21,17    0,00    3,68    0,00    0,00    0,00    0,00    0,00    0,00   75,16
22:38:59     all   18,14    0,00    3,40    0,00    0,00    0,00    0,00    0,00    0,00   78,46
22:39:00     all   18,34    0,00    3,27    0,00    0,00    0,00    0,00    0,00    0,00   78,39
22:39:01     all   16,98    0,00    2,77    0,13    0,00    0,13    0,00    0,00    0,00   80,00
22:39:02     all   21,73    0,00    3,89    0,13    0,00    0,13    0,00    0,00    0,00   74,12
22:39:03     all   18,01    0,00    3,27    0,00    0,00    0,00    0,00    0,00    0,00   78,72
22:39:04     all   18,24    0,00    3,77    0,00    0,00    0,00    0,00    0,00    0,00   77,99
22:39:05     all   17,85    0,00    3,50    0,00    0,00    0,00    0,00    0,00    0,00   78,65
22:39:06     all   20,81    0,00    3,66    0,38    0,00    0,13    0,00    0,00    0,00   75,03
22:39:07     all   17,63    0,00    2,90    0,00    0,00    0,00    0,00    0,00    0,00   79,47
22:39:08     all   18,49    0,00    3,02    0,00    0,00    0,00    0,00    0,00    0,00   78,49
22:39:09     all   18,19    0,00    4,02    0,75    0,00    0,00    0,00    0,00    0,00   77,04
22:39:10     all   17,46    0,00    2,64    0,00    0,00    0,00    0,00    0,00    0,00   79,90
22:39:11     all   23,83    0,00    5,96   11,28    0,00    0,00    0,00    0,00    0,00   58,94
22:39:12     all   18,43    0,00    3,16    1,26    0,00    0,00    0,00    0,00    0,00   77,15
22:39:13     all   18,22    0,00    3,64    0,00    0,00    0,00    0,00    0,00    0,00   78,14
22:39:14     all   17,23    0,00    3,37    0,00    0,00    0,00    0,00    0,00    0,00   79,40
22:39:15     all   21,17    0,00    3,68    0,00    0,00    0,13    0,00    0,00    0,00   75,03
22:39:16     all   18,39    0,00    3,78    0,00    0,00    0,00    0,00    0,00    0,00   77,83
22:39:17     all   18,07    0,00    3,39    0,50    0,00    0,00    0,00    0,00    0,00   78,04
22:39:18     all   17,46    0,00    3,14    0,00    0,00    0,00    0,00    0,00    0,00   79,40
22:39:19     all   22,57    0,00    4,04    0,00    0,00    0,00    0,00    0,00    0,00   73,39
22:39:20     all   17,79    0,00    3,63    0,00    0,00    0,00    0,00    0,00    0,00   78,57
22:39:21     all   18,26    0,00    3,40    0,00    0,00    0,00    0,00    0,00    0,00   78,34
22:39:22     all   17,21    0,00    3,27    0,25    0,00    0,00    0,00    0,00    0,00   79,27
22:39:23     all   20,93    0,00    4,04    0,00    0,00    0,13    0,00    0,00    0,00   74,91
22:39:24     all   18,39    0,00    3,15    0,25    0,00    0,00    0,00    0,00    0,00   78,21
22:39:25     all   17,61    0,00    3,27    0,38    0,00    0,13    0,00    0,00    0,00   78,62
22:39:26     all   17,65    0,00    3,28    0,00    0,00    0,00    0,00    0,00    0,00   79,07
22:39:27     all   17,46    0,00    3,12    0,62    0,00    0,00    0,00    0,00    0,00   78,80
22:39:28     all   21,49    0,00    3,41    0,00    0,00    0,00    0,00    0,00    0,00   75,09
22:39:29     all   18,24    0,00    3,14    0,00    0,00    0,13    0,00    0,00    0,00   78,49
22:39:30     all   18,97    0,00    4,15    2,26    0,00    0,13    0,00    0,00    0,00   74,50
22:39:31     all   18,72    0,13    4,40    7,41    0,00    0,13    0,00    0,00    0,00   69,22
22:39:32     all   21,26    0,00    4,28    0,00    0,00    0,00    0,00    0,00    0,00   74,47
22:39:33     all   18,18    0,00    3,16    0,38    0,00    0,13    0,00    0,00    0,00   78,16
22:39:34     all   19,32    0,00    4,02    0,00    0,00    0,00    0,00    0,00    0,00   76,66
22:39:35     all   17,28    0,00    2,65    0,00    0,00    0,13    0,00    0,00    0,00   79,95
22:39:36     all   21,40    0,00    4,01    0,38    0,00    0,00    0,00    0,00    0,00   74,22
22:39:37     all   18,24    0,00    3,02    0,00    0,00    0,13    0,00    0,00    0,00   78,62
22:39:38     all   17,67    0,00    3,88    0,00    0,00    0,00    0,00    0,00    0,00   78,45
22:39:39     all   17,40    0,00    2,52    0,63    0,00    0,00    0,00    0,00    0,00   79,45
22:39:40     all   21,29    0,00    3,93    0,00    0,00    0,00    0,00    0,00    0,00   74,78
22:39:41     all   18,00    0,00    3,62    0,00    0,00    0,00    0,00    0,00    0,00   78,38
22:39:42     all   18,14    0,00    3,40    0,00    0,00    0,13    0,00    0,00    0,00   78,34
22:39:43     all   17,21    0,00    3,02    0,00    0,00    0,00    0,00    0,00    0,00   79,77
22:39:44     all   20,05    0,00    3,78    0,25    0,00    0,00    0,00    0,00    0,00   75,91
22:39:45     all   18,59    0,00    3,27    0,00    0,00    0,00    0,00    0,00    0,00   78,14
22:39:46     all   17,82    0,00    3,76    0,00    0,00    0,13    0,00    0,00    0,00   78,29
22:39:47     all   18,54    0,00    3,40    0,00    0,00    0,00    0,00    0,00    0,00   78,06
22:39:48     all   19,62    0,13    4,40    6,04    0,00    0,00    0,00    0,00    0,00   69,81
22:39:49     all   21,66    0,00    3,90    3,90    0,00    0,00    0,00    0,00    0,00   70,53
22:39:50     all   18,22    0,00    3,52    0,00    0,00    0,00    0,00    0,00    0,00   78,27
22:39:51     all   18,41    0,00    3,40    0,25    0,00    0,00    0,00    0,00    0,00   77,93
22:39:52     all   17,27    0,00    3,25    0,00    0,00    0,00    0,00    0,00    0,00   79,47
22:39:53     all   21,31    0,00    4,04    0,00    0,00    0,00    0,00    0,00    0,00   74,65
22:39:54     all   18,11    0,00    3,14    0,13    0,00    0,00    0,00    0,00    0,00   78,62
22:39:55     all   18,36    0,00    3,52    0,75    0,00    0,00    0,00    0,00    0,00   77,36
22:39:56     all   17,23    0,00    3,02    0,00    0,00    0,00    0,00    0,00    0,00   79,75
22:39:57     all   20,98    0,00    4,15    0,50    0,00    0,13    0,00    0,00    0,00   74,25
22:39:58     all   18,28    0,00    3,28    0,00    0,00    0,00    0,00    0,00    0,00   78,44
22:39:59     all   17,90    0,00    3,50    0,00    0,00    0,13    0,00    0,00    0,00   78,47
22:40:00     all   17,00    0,00    3,02    0,00    0,00    0,00    0,00    0,00    0,00   79,97
22:40:01     all   21,36    0,00    3,64    0,00    0,00    0,13    0,00    0,00    0,00   74,87
22:40:02     all   17,69    0,00    3,64    0,13    0,00    0,00    0,00    0,00    0,00   78,54
22:40:03     all   18,03    0,00    3,15    0,00    0,00    0,00    0,00    0,00    0,00   78,81
22:40:04     all   17,52    0,00    3,63    0,88    0,00    0,00    0,00    0,00    0,00   77,97
22:40:05     all   19,85    0,00    4,42   13,27    0,00    0,00    0,00    0,00    0,00   62,45
22:40:06     all   21,37    0,00    3,92    0,13    0,00    0,13    0,00    0,00    0,00   74,46
22:40:07     all   17,94    0,00    3,39    0,00    0,00    0,00    0,00    0,00    0,00   78,67
22:40:08     all   17,69    0,00    3,51    0,00    0,00    0,13    0,00    0,00    0,00   78,67
22:40:09     all   17,13    0,00    3,15    0,00    0,00    0,00    0,00    0,00    0,00   79,72
22:40:10     all   21,11    0,00    3,64    0,75    0,00    0,00    0,00    0,00    0,00   74,50
22:40:11     all   18,22    0,00    3,27    0,00    0,00    0,00    0,00    0,00    0,00   78,52
22:40:12     all   18,40    0,00    3,50    0,00    0,00    0,13    0,00    0,00    0,00   77,97
22:40:13     all   17,69    0,00    3,26    0,25    0,00    0,25    0,00    0,00    0,00   78,54
22:40:14     all   21,91    0,00    3,82    0,76    0,00    0,00    0,00    0,00    0,00   73,50
22:40:15     all   19,50    0,00    3,88    0,88    0,00    0,12    0,00    0,00    0,00   75,62
22:40:16     all   19,52    0,00    4,79    0,63    0,00    0,00    0,00    0,00    0,00   75,06
22:40:17     all   18,99    0,00    3,77    0,75    0,00    0,00    0,00    0,00    0,00   76,48
22:40:18     all   23,17    0,00    5,04    0,63    0,00    0,00    0,00    0,00    0,00   71,16
22:40:19     all   21,31    0,00    5,80    0,25    0,00    0,13    0,00    0,00    0,00   72,51
22:40:20     all   22,53    0,00    6,38    0,50    0,00    0,00    0,00    0,00    0,00   70,59
22:40:21     all   22,75    0,00    6,75    0,25    0,00    0,00    0,00    0,00    0,00   70,25
22:40:22     all   29,71    0,00    9,61    5,82    0,00    0,13    0,00    0,00    0,00   54,74
22:40:23     all   24,56    0,00    5,92    6,05    0,00    0,00    0,00    0,00    0,00   63,48
22:40:24     all   21,01    0,00    4,28    0,63    0,00    0,00    0,00    0,00    0,00   74,09
22:40:25     all   18,18    0,00    3,03    0,76    0,00    0,13    0,00    0,00    0,00   77,90
22:40:26     all   17,17    0,00    3,01    0,00    0,00    0,00    0,00    0,00    0,00   79,82
22:40:27     all   20,71    0,00    3,79    0,38    0,00    0,13    0,00    0,00    0,00   75,00
22:40:28     all   18,19    0,00    3,14    0,00    0,00    0,00    0,00    0,00    0,00   78,67
22:40:29     all   18,09    0,00    3,64    0,00    0,00    0,00    0,00    0,00    0,00   78,27
22:40:30     all   16,98    0,00    2,77    0,00    0,00    0,00    0,00    0,00    0,00   80,25
22:40:31     all   21,21    0,00    3,66    0,00    0,00    0,00    0,00    0,00    0,00   75,13
22:40:32     all   19,40    0,25    4,66   13,35    0,00    0,00    0,00    0,00    0,00   62,34
22:40:33     all   18,07    0,00    3,14    1,76    0,00    0,00    0,00    0,00    0,00   77,04
22:40:34     all   18,79    0,00    4,16    0,00    0,00    0,00    0,00    0,00    0,00   77,05
22:40:35     all   17,31    0,00    2,89    0,13    0,00    0,00    0,00    0,00    0,00   79,67
22:40:36     all   21,39    0,00    3,29    0,00    0,00    0,00    0,00    0,00    0,00   75,32
22:40:37     all   17,54    0,00    3,38    0,00    0,00    0,00    0,00    0,00    0,00   79,07
22:40:38     all   17,71    0,00    3,64    0,38    0,00    0,00    0,00    0,00    0,00   78,27
22:40:39     all   17,19    0,00    3,14    0,00    0,00    0,00    0,00    0,00    0,00   79,67
22:40:40     all   20,88    0,00    4,28    0,75    0,00    0,00    0,00    0,00    0,00   74,09
22:40:41     all   20,15    0,00    4,28   11,46    0,00    0,00    0,00    0,00    0,00   64,11
22:40:42     all   18,39    0,00    3,53    0,13    0,00    0,00    0,00    0,00    0,00   77,96
22:40:43     all   17,00    0,00    3,00    0,00    0,00    0,12    0,00    0,00    0,00   79,88
22:40:44     all   18,03    0,00    2,77    0,00    0,00    0,00    0,00    0,00    0,00   79,19
22:40:45     all   19,95    0,00    3,64    0,00    0,00    0,13    0,00    0,00    0,00   76,29
22:40:46     all   17,48    0,00    3,52    0,38    0,00    0,00    0,00    0,00    0,00   78,62
22:40:47     all   18,36    0,00    3,65    0,50    0,00    0,00    0,00    0,00    0,00   77,48
22:40:48     all   19,07    0,00    4,39    9,79    0,00    0,00    0,00    0,00    0,00   66,75
22:40:49     all   20,89    0,00    4,05    0,51    0,00    0,13    0,00    0,00    0,00   74,43
22:40:50     all   17,94    0,00    2,89    0,00    0,00    0,13    0,00    0,00    0,00   79,05
22:40:51     all   18,20    0,00    3,29    0,00    0,00    0,13    0,00    0,00    0,00   78,38
22:40:52     all   17,23    0,00    3,12    0,00    0,00    0,12    0,00    0,00    0,00   79,53
22:40:53     all   20,85    0,00    3,77    0,00    0,00    0,00    0,00    0,00    0,00   75,38
22:40:54     all   19,37    0,00    4,43    6,46    0,00    0,00    0,00    0,00    0,00   69,75
22:40:55     all   18,14    0,00    3,27    5,54    0,00    0,00    0,00    0,00    0,00   73,05
22:40:56     all   17,92    0,00    3,26    0,63    0,00    0,13    0,00    0,00    0,00   78,07
22:40:57     all   17,11    0,00    2,77    0,13    0,00    0,00    0,00    0,00    0,00   80,00
22:40:58     all   21,20    0,00    3,51    1,00    0,00    0,00    0,00    0,00    0,00   74,28
22:40:59     all   17,69    0,00    3,14    2,51    0,00    0,00    0,00    0,00    0,00   76,66
22:41:00     all   19,75    0,13    4,53    6,04    0,00    0,13    0,00    0,00    0,00   69,43
22:41:01     all   18,19    0,00    3,26    5,02    0,00    0,00    0,00    0,00    0,00   73,53
22:41:02     all   17,15    0,00    3,13    0,00    0,00    0,13    0,00    0,00    0,00   79,60
22:41:03     all   20,88    0,00    3,52    0,25    0,00    0,00    0,00    0,00    0,00   75,35
22:41:04     all   18,01    0,00    2,90    0,00    0,00    0,00    0,00    0,00    0,00   79,09
22:41:05     all   20,13    0,13    4,78    7,92    0,00    0,13    0,00    0,00    0,00   66,92
22:41:06     all   16,92    0,00    3,38    0,00    0,00    0,00    0,00    0,00    0,00   79,70
22:41:07     all   18,77    0,00    3,15    0,50    0,00    0,00    0,00    0,00    0,00   77,58
22:41:08     all   19,27    0,00    3,15    0,00    0,00    0,00    0,00    0,00    0,00   77,58
22:41:09     all   18,87    0,00    4,15    3,02    0,00    0,00    0,00    0,00    0,00   73,96
22:41:10     all   19,02    0,00    4,03   10,08    0,00    0,13    0,00    0,00    0,00   66,75
22:41:11     all   17,19    0,00    2,76    0,00    0,00    0,00    0,00    0,00    0,00   80,05
22:41:12     all   20,70    0,00    3,26    0,25    0,00    0,13    0,00    0,00    0,00   75,66
22:41:13     all   17,63    0,00    3,53    0,50    0,00    0,00    0,00    0,00    0,00   78,34
22:41:14     all   19,55    0,13    4,26   16,29    0,00    0,13    0,00    0,00    0,00   59,65
22:41:15     all   17,86    0,00    3,52    0,38    0,00    0,00    0,00    0,00    0,00   78,24
22:41:16     all   17,42    0,00    3,13    0,00    0,00    0,00    0,00    0,00    0,00   79,45
22:41:17     all   20,99    0,00    4,05    3,16    0,00    0,00    0,00    0,00    0,00   71,81
22:41:18     all   19,47    0,00    4,15    9,92    0,00    0,00    0,00    0,00    0,00   66,46
22:41:19     all   18,07    0,00    3,26    0,00    0,00    0,00    0,00    0,00    0,00   78,67
22:41:20     all   16,98    0,00    3,02    0,00    0,00    0,00    0,00    0,00    0,00   80,00
22:41:21     all   21,37    0,00    4,55    2,53    0,00    0,13    0,00    0,00    0,00   71,43
22:41:22     all   18,64    0,00    3,78   13,60    0,00    0,00    0,00    0,00    0,00   63,98
22:41:23     all   17,96    0,00    4,02    0,00    0,00    0,00    0,00    0,00    0,00   78,02
22:41:24     all   17,29    0,00    3,01    0,00    0,00    0,00    0,00    0,00    0,00   79,70
22:41:25     all   20,38    0,00    3,65    0,00    0,00    0,13    0,00    0,00    0,00   75,85
22:41:26     all   19,47    0,00    4,40    8,79    0,00    0,13    0,00    0,00    0,00   67,21
22:41:27     all   17,91    0,00    3,28    1,39    0,00    0,00    0,00    0,00    0,00   77,43
22:41:28     all   18,14    0,00    2,90    1,01    0,00    0,00    0,00    0,00    0,00   77,96
22:41:29     all   17,29    0,00    3,13    0,25    0,00    0,00    0,00    0,00    0,00   79,32
22:41:30     all   21,90    0,00    4,68    6,96    0,00    0,13    0,00    0,00    0,00   66,33
22:41:31     all   17,67    0,00    3,51    5,64    0,00    0,13    0,00    0,00    0,00   73,06
22:41:32     all   17,74    0,00    3,52    0,00    0,00    0,00    0,00    0,00    0,00   78,74
22:41:33     all   18,22    0,00    3,52    1,63    0,00    0,00    0,00    0,00    0,00   76,63
22:41:34     all   22,38    0,13    4,80    7,71    0,00    0,00    0,00    0,00    0,00   64,98
22:41:35     all   17,42    0,00    3,13    0,00    0,00    0,13    0,00    0,00    0,00   79,32
22:41:36     all   18,24    0,00    3,40    0,63    0,00    0,13    0,00    0,00    0,00   77,61
22:41:37     all   19,12    0,12    4,38    9,38    0,00    0,12    0,00    0,00    0,00   66,88
22:41:38     all   19,97    0,00    3,41    0,00    0,00    0,00    0,00    0,00    0,00   76,61
22:41:39     all   18,95    0,00    4,14    3,26    0,00    0,00    0,00    0,00    0,00   73,65
22:41:40     all   18,01    0,00    3,27   10,33    0,00    0,13    0,00    0,00    0,00   68,26
22:41:41     all   17,55    0,00    3,28    0,00    0,00    0,00    0,00    0,00    0,00   79,17
22:41:42     all   18,95    0,00    4,27    7,65    0,00    0,00    0,00    0,00    0,00   69,13
22:41:43     all   20,30    0,00    3,91    5,67    0,00    0,00    0,00    0,00    0,00   70,11
22:41:44     all   18,52    0,00    4,51    3,00    0,00    0,00    0,00    0,00    0,00   73,97
22:41:45     all   18,14    0,00    3,02    7,05    0,00    0,00    0,00    0,00    0,00   71,79
22:41:46     all   17,63    0,00    3,65    0,00    0,00    0,00    0,00    0,00    0,00   78,72
22:41:47     all   19,62    0,12    3,88   12,00    0,00    0,12    0,00    0,00    0,00   64,25
22:41:48     all   19,60    0,00    3,54    0,38    0,00    0,00    0,00    0,00    0,00   76,49
22:41:49     all   19,32    0,00    4,14   10,16    0,00    0,13    0,00    0,00    0,00   66,25
22:41:50     all   17,93    0,00    3,41    2,65    0,00    0,00    0,00    0,00    0,00   76,01
22:41:51     all   18,41    0,12    4,48    7,71    0,00    0,00    0,00    0,00    0,00   69,28
22:41:52     all   18,56    0,00    3,91    3,66    0,00    0,00    0,00    0,00    0,00   73,86
22:41:53     all   20,20    0,00    3,54    5,93    0,00    0,00    0,00    0,00    0,00   70,33
22:41:54     all   18,70    0,13    4,39    6,40    0,00    0,13    0,00    0,00    0,00   70,26
22:41:55     all   17,94    0,00    3,26    6,27    0,00    0,13    0,00    0,00    0,00   72,40
22:41:56     all   19,57    0,00    3,79    8,71    0,00    0,00    0,00    0,00    0,00   67,93
22:41:57     all   19,02    0,00    4,16    7,05    0,00    0,00    0,00    0,00    0,00   69,77
22:41:58     all   20,43    0,00    4,04    8,70    0,00    0,00    0,00    0,00    0,00   66,83
22:41:59     all   19,85    0,00    4,55   13,65    0,00    0,00    0,00    0,00    0,00   61,95
22:42:00     all   19,00    0,00    4,25   11,25    0,00    0,12    0,00    0,00    0,00   65,38
22:42:01     all   18,38    0,00    4,18   10,27    0,00    0,00    0,00    0,00    0,00   67,17
22:42:02     all   19,14    0,00    4,16   11,46    0,00    0,13    0,00    0,00    0,00   65,11
22:42:03     all   20,98    0,13    4,52   13,69    0,00    0,13    0,00    0,00    0,00   60,55
22:42:04     all   18,59    0,00    4,40   19,97    0,00    0,25    0,00    0,00    0,00   56,78
22:42:05     all   19,75    0,13    4,78   22,89    0,00    0,00    0,00    0,00    0,00   52,45
22:42:06     all   18,33    0,00    3,92   36,16    0,00    0,00    0,00    0,00    0,00   41,59
22:42:07     all   10,49    0,00    4,93   27,05    0,00    0,00    0,00    0,00    0,00   57,52
22:42:08     all    4,79    0,00    4,29   27,87    0,00    0,25    0,00    0,00    0,00   62,80
22:42:09     all    7,23    0,25    4,82   20,56    0,00    0,00    0,00    0,00    0,00   67,13
22:42:10     all    5,53    0,13    4,27   29,02    0,00    0,13    0,00    0,00    0,00   60,93
22:42:11     all    5,69    0,13    4,80   32,24    0,00    0,00    0,00    0,00    0,00   57,14
22:42:12     all    7,44    0,13    5,42   19,67    0,00    0,13    0,00    0,00    0,00   67,21
22:42:13     all    8,27    0,00    7,76    1,78    0,00    0,00    0,00    0,00    0,00   82,19
22:42:14     all    2,40    0,00    2,78   12,12    0,00    0,00    0,00    0,00    0,00   82,70
22:42:15     all    2,01    0,00    2,51   10,18    0,00    0,00    0,00    0,00    0,00   85,30
22:42:16     all    3,16    0,00    3,42   10,00    0,00    0,00    0,00    0,00    0,00   83,42
22:42:17     all    2,27    0,00    2,77   10,47    0,00    0,00    0,00    0,00    0,00   84,49
22:42:18     all    1,89    0,00    2,26   10,69    0,00    0,13    0,00    0,00    0,00   85,03
22:42:19     all    3,05    0,00    2,92   10,15    0,00    0,00    0,00    0,00    0,00   83,88
22:42:20     all    2,02    0,00    2,64   10,71    0,00    0,00    0,00    0,00    0,00   84,63
22:42:21     all    2,14    0,00    2,64   10,57    0,00    0,00    0,00    0,00    0,00   84,65
22:42:22     all    3,16    0,00    2,53   10,48    0,00    0,00    0,00    0,00    0,00   83,84
22:42:23     all    3,27    0,00    3,40   10,31    0,00    0,13    0,00    0,00    0,00   82,89
22:42:24     all    2,41    0,00    2,92   10,01    0,00    0,00    0,00    0,00    0,00   84,66
22:42:25     all    2,15    0,00    1,90   10,62    0,00    0,00    0,00    0,00    0,00   85,34
22:42:26     all    3,16    0,00    3,03    9,86    0,00    0,00    0,00    0,00    0,00   83,94
22:42:27     all    1,26    0,00    2,39   10,93    0,00    0,00    0,00    0,00    0,00   85,43
22:42:28     all    2,15    0,00    2,53   11,50    0,00    0,00    0,00    0,00    0,00   83,82
22:42:29     all    3,54    0,00    3,28   10,35    0,00    0,13    0,00    0,00    0,00   82,70
22:42:30     all    4,44    0,00    4,56    9,38    0,00    0,00    0,00    0,00    0,00   81,62
22:42:31     all    3,14    0,13    2,52   16,60    0,00    0,00    0,00    0,00    0,00   77,61
