procs ----------mémoire---------- -échange- -----io---- -système- ------cpu--------
 r  b   swpd  libre tampon  cache   si   so    bi    bo   in   cs us sy id wa st gu
 8  0      0 17062616 101900 4962200    0    0  1114   384 5586    6 15  3 78  4  0  0
 0  1      0 17065588 101932 4962224    0    0     0  1628 3527 7557  3  2 83 12  0  0
 0  1      0 17062532 101984 4960276    0    0     0   712 4697 8247  6  4 81  9  0  0
 1  2      0 17055968 102028 4962360    0    0     0  2084 6351 8621  8  5 75 12  0  0
 1  0      0 17061040 102072 4962376    0    0     0   488 2402 3606  2  1 80 17  0  0
 3  1      0 17000980 102100 4962756    0    0     0   572 17191 27999 12  9 77  3  0  0
 9  1      0 17000980 102164 4962784    0    0     0   964 2678 4332  4  2 82 12  0  0
 1  1      0 16995188 102188 4962880    0    0     0   388 5799 8964  5  5 85  6  0  0
 0  0      0 16998964 102188 4960844    0    0     0     4 1039 1290  1  1 97  1  0  0
 0  0      0 16993672 102188 4960860    0    0     0     0 2734 5055  3  2 95  0  0  0
 2  0      0 17012868 102188 4960860    0    0     0     0 1488 1688  1  2 98  0  0  0
 2  0      0 17019468 102188 4960872    0    0     0     0  857 1162  1  1 98  0  0  0
 0  1      0 17025240 102196 4962832    0    0     0   544 1831 3858  1  2 97  0  0  0
 0  0      0 17035724 102196 4962936    0    0     0     0 1088 1288  1  2 97  0  0  0
 0  1      0 17033312 102212 4962924    0    0     0   316 2344 6241  2  2 94  3  0  0
 0  1      0 17032800 102252 4962924    0    0     0  1664 3369 5784  3  3 77 17  0  0
 0  1      0 17031192 102280 4963000    0    0     0   460 5264 9115  5  4 82  9  0  0
 1  1      0 17010480 102332 4963016    0    0     0  1380 6565 9293 13  4 65 18  0  0
 2  1      0 16998060 102388 4963048    0    0     0   852 7606 12709 15  4 71 10  0  0
 1  2      0 16996084 102436 4963220    0    0     0  1424 7409 10990 17  4 66 13  0  0
 1  1      0 16997016 102496 4963260    0    0     0  1068 6486 6205 18  4 65 14  0  0
procs ----------mémoire---------- -échange- -----io---- -système- ------cpu--------
 r  b   swpd  libre tampon  cache   si   so    bi    bo   in   cs us sy id wa st gu
 2  2      0 16987256 102544 4963392    0    0     0  1452 9545 15012 21  5 64 11  0  0
 2  1      0 16967016 102604 4963452    0    0     0   896 7419 10049 19  4 66 12  0  0
 1  2      0 16961992 102652 4963576    0    0     0  1452 9630 15865 21  5 64 10  0  0
 2  1      0 16962044 102692 4961548    0    0     0   996 6374 5672 18  3 65 13  0  0
13  0      0 16957924 102740 4963736    0    0     0   832 9442 15680 20  5 66  9  0  0
 3  1      0 16959012 102780 4963764    0    0     0  1380 6550 5787 20  4 63 14  0  0
 1  1      0 16955604 102836 4963908    0    0     0   764 9904 18198 21  5 65  9  0  0
 2  2      0 16950848 102896 4963896    0    0     0  1484 6851 6784 18  3 61 17  0  0
 2  1      0 16946276 102944 4964056    0    0     0   800 8360 11061 21  5 64 10  0  0
 2  2      0 16944032 102992 4964108    0    0     0  1484 7576 10850 19  4 64 13  0  0
 2  1      0 16937356 103052 4964152    0    0     0  1072 7391 11206 19  4 63 13  0  0
 2  1      0 16924784 103100 4975004    0    0     0 11104 8845 12200 21  5 57 17  0  0
 1  4      0 16910904 103172 4983824    0    0     0 11720 7347 11166 20  4 54 22  0  0
 2  1      0 16950768 103204 4962368    0    0     0  1072 5852 4634 17  3 52 27  0  0
10  0      0 16948024 103256 4964512    0    0     0   868 8235 9373 20  4 66  9  0  0
 1  1      0 16933368 103308 4964600    0    0     0  1424 9776 18264 21  5 60 13  0  0
 2  1      0 16929916 103360 4964644    0    0     0   992 7042 8304 19  4 67 10  0  0
 3  2      0 16919576 103440 4964844    0    0     0  1520 9425 15690 21  5 63 11  0  0
 1  1      0 16928372 103508 4964892    0    0     0   844 6534 5455 19  4 63 14  0  0
 2  1      0 16930108 103608 4965408    0    0     0  1116 9750 15821 21  5 65  9  0  0
 1  1      0 16919508 103676 4963436    0    0     0  1292 7740 11924 19  4 62 14  0  0
procs ----------mémoire---------- -échange- -----io---- -système- ------cpu--------
 r  b   swpd  libre tampon  cache   si   so    bi    bo   in   cs us sy id wa st gu
 2  1      0 16913340 103764 4965932    0    0     0   844 9581 17382 21  5 65  9  0  0
 1  1      0 16894220 103852 4963980    0    0     0  1660 6682 7467 19  4 66 11  0  0
 2  1      0 16898008 103952 4966536    0    0     0   880 9606 16023 21  5 66  8  0  0
 1  1      0 16888444 104016 4966584    0    0     0  1576 6885 5785 19  4 61 16  0  0
 1  1      0 16879344 104088 4966920    0    0     0   800 11332 23627 22  5 64  9  0  0
 2  1      0 16884456 104204 4965032    0    0     0  1760 7105 8126 19  4 63 14  0  0
 1  1      0 16864136 104304 4967584    0    0     0   876 10120 18334 21  5 65  9  0  0
 2  1      0 16879516 104380 4965628    0    0     0  1660 6540 5751 18  4 64 13  0  0
 1  4      0 16873052 104492 4968156    0    0     0  1616 9807 15722 21  6 64  9  0  0
 4  1      0 16869744 104564 4968264    0    0     0  1116 7866 12682 20  4 64 12  0  0
 6  1      0 16862840 104672 4968852    0    0     0  1160 10495 19115 22  6 63  9  0  0
 6  1      0 16859800 104740 4966916    0    0     0  1320 6561 8191 19  4 64 14  0  0
 4  3      0 16850000 104856 4969376    0    0     0  1772 9788 16332 21  6 63  9  0  0
13  1      0 16843028 104916 4967440    0    0     0   836 6704 6123 18  4 58 20  0  0
 7  0      0 16839208 104984 4969940    0    0     0   660 10351 18006 22  5 63  9  0  0
 5  1      0 16832624 105048 4968016    0    0     0  1264 7382 11276 19  4 54 22  0  0
 4  1      0 16825872 105128 4970140    0    0     0  1048 7261 9773 19  5 66 10  0  0
 6  4      0 16817556 105232 4970660    0    0     0  1152 9462 15379 21  5 63 11  0  0
 4  1      0 16810688 105264 4968772    0    0     0  1008 7774 13741 19  4 55 22  0  0
 6  1      0 16804296 105348 4970904    0    0     0  1168 7246 9570 19  4 65 12  0  0
 6  2      0 16826692 105440 4971372    0    0     0  1512 9963 17939 21  6 61 12  0  0
procs ----------mémoire---------- -échange- -----io---- -système- ------cpu--------
 r  b   swpd  libre tampon  cache   si   so    bi    bo   in   cs us sy id wa st gu
 4  1      0 16821440 105508 4971420    0    0     0  1100 6266 4773 18  4 67 12  0  0
 5  1      0 16806472 105580 4971772    0    0     0  1184 11611 23960 23  6 63  9  0  0
 5  1      0 16789380 105644 4971944    0    0     0  1552 7110 8913 19  4 57 20  0  0
 5  0      0 16794204 105728 4972208    0    0     0   976 9006 13972 21  5 65  9  0  0
 5  1      0 16800120 105808 4972452    0    0     0  1444 7911 11144 20  4 62 14  0  0
 7  1      0 16790836 105876 4972560    0    0     0   932 9126 14581 21  5 62 12  0  0
 9  1      0 16785084 105964 4973008    0    0     0   960 10597 20234 21  5 63 10  0  0
 5  1      0 16781728 106012 4971172    0    0     0  1304 6869 9482 19  4 63 15  0  0
 4  1      0 16777100 106096 4973508    0    0     0   992 8348 10534 22  5 65  9  0  0
 4  1      0 16761908 106180 4973708    0    0     0  1476 7821 10556 20  4 62 14  0  0
 5  1      0 16751392 106264 4973768    0    0     0  1056 9178 16533 22  5 64 10  0  0
 5  1      0 16748376 106348 4974224    0    0     0  1268 9924 19025 22  6 62 10  0  0
 4  1      0 16749288 106376 4974332    0    0     0   756 7227 9838 18  3 68 11  0  0
 5  1      0 16759728 106452 4974672    0    0     0   832 11631 11679 33  6 53  9  0  0
 5  1      0 16774004 106540 4972856    0    0     0  1756 7886 10341 19  4 67 10  0  0
 4  1      0 16751672 106624 4974976    0    0     0   888 9822 18409 22  5 62 11  0  0
 4  2      0 16732268 106716 4975500    0    0     0  1624 10112 19232 22  6 62 10  0  0
 4  1      0 16741772 106776 4973544    0    0     0   828 7510 10274 19  4 66 11  0  0
 5  1      0 16736368 106836 4976044    0    0     0   588 9156 15010 21  5 66  9  0  0
 4  1      0 16736456 106900 4974116    0    0     0  1548 9757 18409 22  5 57 17  0  0
 6  0      0 16725172 106996 4976324    0    0     0  1048 8269 13159 20  5 65 10  0  0
procs ----------mémoire---------- -échange- -----io---- -système- ------cpu--------
 r  b   swpd  libre tampon  cache   si   so    bi    bo   in   cs us sy id wa st gu
 5  3      0 16715504 107076 4976860    0    0     0  1520 9736 18617 21  6 59 14  0  0
 5  1      0 16720604 107144 4974928    0    0     0   952 6376 5424 19  4 63 14  0  0
 5  1      0 16721404 107216 4977360    0    0     0   664 9627 16052 21  6 64  9  0  0
13  1      0 16712572 107268 4977452    0    0     0  1444 6674 6190 19  4 62 15  0  0
 5  1      0 16708212 107368 4977640    0    0     4  1080 9954 17723 24  6 62  9  0  0
 3  1      0 16708836 107468 4977992    0    0     0  1616 8834 16281 20  5 62 12  0  0
 3  2      0 16716416 107524 4978148    0    0     0   880 7147 10830 19  4 64 13  0  0
 5  0      0 16709432 107616 4978484    0    0     0   868 8755 11380 20  5 62 13  0  0
 4  1      0 16700792 107688 4976616    0    0     0  1528 7358 9787 19  4 63 13  0  0
 3  1      0 16690448 107780 4979044    0    0     0  1512 11267 20719 25  7 58 11  0  0
 2  3      0 16681876 107864 4979200    0    0     0  2728 9045 16971 20  5 57 18  0  0
 8  1      0 16683152 107952 4979308    0    0     0  1120 7977 12915 20  5 64 11  0  0
 4  1      0 16685128 108048 4979796    0    0     0  1764 10081 16325 22  6 62 10  0  0
 4  1      0 16675056 108112 4977812    0    0     0   856 8727 15334 21  5 64 10  0  0
 7  3      0 16659236 108232 4980400    0    0     0  1836 11011 22079 23  7 59 10  0  0
 3  1      0 16651684 108284 4980532    0    0     0   800 7328 11853 20  5 60 15  0  0
 5  0      0 16656668 108340 4980852    0    0     0   684 8580 10732 21  5 64 10  0  0
 4  1      0 16653828 108424 4980992    0    0     0  1576 7330 10108 19  5 65 11  0  0
 3  1      0 16652680 108512 4981144    0    0     0  1112 9600 17520 22  5 62 10  0  0
 4  6      0 16653692 108608 4981668    0    0     0  1600 10325 20556 22  6 54 17  0  0
 3  0      0 16645584 108668 4981696    0    0     0  1136 7508 12082 20  5 61 15  0  0
procs ----------mémoire---------- -échange- -----io---- -système- ------cpu--------
 r  b   swpd  libre tampon  cache   si   so    bi    bo   in   cs us sy id wa st gu
 8  0      0 16639164 108740 4982044    0    0     0   656 8748 11542 21  5 66  8  0  0
 3  1      0 16634136 108808 4980144    0    0     0  1508 10437 21676 23  5 58 14  0  0
27  0      0 16622892 108900 4982336    0    0     0   892 8916 15383 21  5 64  9  0  0
 2  2      0 16604360 108984 4982788    0    0     0  1680 9551 19349 21  5 62 12  0  0
 2  1      0 16611924 109036 4980828    0    0     0   928 6556 5916 18  4 65 12  0  0
 4  2      0 16606044 109116 4990440    0    0     0  7488 8284 10869 23  5 60 12  0  0
 6  8      0 16613000 109248 4983464    0    0     0  6976 10647 20644 23  6 54 18  0  0
 1  1      0 16601940 109308 4983596    0    0     0  1176 7107 7748 19  4 61 16  0  0
13  0      0 16600652 109400 4984100    0    0     0   844 11138 23431 22  6 63  9  0  0
 5  1      0 16592860 109492 4984304    0    0     0  1848 8222 14284 21  5 62 11  0  0
 4  1      0 16597960 109580 4984708    0    0     0   976 9924 16336 21  6 64  9  0  0
 1  1      0 16590748 109648 4982768    0    0     0  1572 6993 6215 19  4 59 18  0  0
 5  1      0 16575476 109752 4985248    0    0     0  1176 12829 25257 28  7 56  9  0  0
 1  1      0 16560052 109820 4983380    0    0     0  1684 8755 17183 21  5 49 25  0  0
 2  1      0 16559240 109912 4985472    0    0     0  1116 8652 15141 21  5 60 13  0  0
 2  1      0 16551236 110036 4985996    0    0     0  1536 9777 15342 22  6 61 12  0  0
 1  1      0 16571596 110072 4984000    0    0     0   948 10398 20922 22  4 49 25  0  0
 4  0      0 16559212 110160 4986208    0    0     0  1064 8803 15620 21  6 64 10  0  0
 3  7      0 16541688 110252 4986644    0    0     0  1856 10234 22117 22  6 52 20  0  0
 3  2      0 16552948 110300 4986692    0    0     0   928 6837 6210 19  4 55 22  0  0
 3  1      0 16547588 110360 4986860    0    0     0   636 8268 10242 20  5 65  9  0  0
procs ----------mémoire---------- -échange- -----io---- -système- ------cpu--------
 r  b   swpd  libre tampon  cache   si   so    bi    bo   in   cs us sy id wa st gu
 1  2      0 16548656 110444 4987296    0    0     0  1512 11773 25572 24  6 59 12  0  0
 3  2      0 16542416 110512 4985348    0    0     0   960 7762 13108 19  5 64 12  0  0
 4  1      0 16528172 110588 4987804    0    0     0   768 10876 22846 22  6 62  9  0  0
 3  1      0 16531232 110656 4985904    0    0     0  1492 6700 5700 19  4 65 11  0  0
 9  0      0 16527064 110744 4988220    0    0     0  1108 9383 12826 22  7 63  9  0  0
 3  3      0 16534384 110828 4986348    0    0     0  2240 7724 10348 20  4 39 37  0  0
 1  1      0 16534320 110896 4986488    0    0     0  1244 10532 20939 23  5 55 17  0  0
 4  0      0 16516104 110960 4988996    0    0     0   592 9198 14249 21  6 64  9  0  0
 5  0      0 16507112 110960 4989072    0    0     0     0 6378 8611 18  4 79  0  0  0
 4  0      0 16515124 110992 4987080    0    0     0   160 7423 13541 19  4 73  4  0  0
 3  0      0 16505788 110992 4987080    0    0     0     0 5758 3825 18  3 79  0  0  0
 3  0      0 16505060 110992 4987072    0    0     0   148 9883 20673 22  4 73  0  0  0
 1  0      0 16502860 110992 4987080    0    0     0     0 6915 11749 18  4 79  0  0  0
 1  0      0 16500784 110992 4987088    0    0     0     0 6912 12447 18  4 78  0  0  0
 1  0      0 16514820 111000 4987116    0    0     0    92 5629 4123 18  3 77  3  0  0
 1  0      0 16527584 111000 4987116    0    0     0     0 8733 18076 22  4 75  0  0  0
 3  0      0 16521316 111000 4987136    0    0     0     0 6997 11611 19  4 78  0  0  0
 3  0      0 16521996 111000 4987148    0    0     0     0 7173 12960 18  4 78  0  0  0
 2  0      0 16521564 111000 4987184    0    0     0     0 5375 3490 17  3 80  0  0  0
 1  0      0 16517624 111008 4987184    0    0     0    28 9774 20049 22  4 73  2  0  0
 3  0      0 16520356 111008 4987192    0    0     0     0 6795 11417 18  4 78  0  0  0
procs ----------mémoire---------- -échange- -----io---- -système- ------cpu--------
 r  b   swpd  libre tampon  cache   si   so    bi    bo   in   cs us sy id wa st gu
 4  0      0 16519780 111008 4987224    0    0     0     0 7147 13044 18  4 78  0  0  0
 2  0      0 16517356 111008 4987480    0    0     0     0 11386 4639 18  3 79  0  0  0
 2  0      0 16518968 111024 4987488    0    0     0    64 10406 19829 22  4 72  2  0  0
 8  0      0 16515032 111032 4987500    0    0     0    60 6989 10945 18  4 77  1  0  0
 1  1      0 16512792 111040 4987512    0    0     0    72 5750 4344 17  3 79  1  0  0
 1  0      0 16517392 111056 4987532    0    0     0   104 7220 13155 19  4 75  3  0  0
 1  0      0 16514020 111056 4987560    0    0     0     0 5371 3814 17  3 80  0  0  0
 2  0      0 16511200 111056 4987572    0    0     0     0 10040 20665 22  4 74  0  0  0
 2  0      0 16502124 111056 4987580    0    0     0     0 6679 11597 19  3 78  0  0  0
 1  0      0 16518636 111056 4987612    0    0     0     0 7004 13023 18  4 78  0  0  0
 1  0      0 16525264 111064 4987624    0    0     0    32 5213 3299 17  3 78  2  0  0
 2  0      0 16509308 111064 4987664    0    0     0     0 9582 20071 24  5 71  0  0  0
 2  0      0 16501928 111064 4987676    0    0     0     0 6558 11440 18  4 78  0  0  0
 1  0      0 16512308 111064 4987716    0    0     0     0 7147 13300 18  4 78  0  0  0
 1  0      0 16513652 111064 4987720    0    0     0     0 5453 3494 17  3 80  0  0  0
 1  0      0 16525732 111072 4987744    0    0     0    28 9822 19813 21  4 74  1  0  0
 1  0      0 16525480 111072 4987760    0    0     0  1312 7079 11850 18  3 74  5  0  0
 2  0      0 16523368 111072 4987784    0    0     0   120 7214 13284 18  4 75  4  0  0
 1  0      0 16520176 111072 4987788    0    0     0    20 5554 3506 17  3 80  0  0  0
 3  0      0 16515596 111072 4987816    0    0     0     0 8472 17320 22  4 75  0  0  0
 2  0      0 16513924 111080 4987824    0    0     0   144 6727 12014 18  3 77  1  0  0
procs ----------mémoire---------- -échange- -----io---- -système- ------cpu--------
 r  b   swpd  libre tampon  cache   si   so    bi    bo   in   cs us sy id wa st gu
 3  0      0 16508320 111080 4987844    0    0     0     8 6128 6478 17  3 79  0  0  0
 2  0      0 16518852 111080 4987868    0    0     0     0 7020 10417 18  4 78  0  0  0
 1  0      0 16522004 111080 4987896    0    0     0     0 5636 3585 17  3 79  0  0  0
 2  0      0 16519768 111080 4987912    0    0     0     0 8758 18243 22  4 74  0  0  0
 1  0      0 16506328 111088 4987928    0    0     0    48 6923 11727 18  4 78  1  0  0
 1  0      0 16520588 111088 4987932    0    0     0     0 6878 12835 18  4 78  0  0  0
 2  0      0 16515108 111088 4987964    0    0     0     0 5298 3312 17  3 80  0  0  0
 2  0      0 16504928 111088 4987972    0    0     0     0 9681 20576 22  4 74  0  0  0
 2  0      0 16497536 111088 4987984    0    0     0     4 6924 11649 18  3 78  0  0  0
 2  0      0 16513092 111096 4988000    0    0     0    24 7068 12976 18  3 77  1  0  0
 2  0      0 16513080 111096 4988452    0    0     0     0 5477 3573 18  3 79  0  0  0
 1  1      0 16511892 111104 4988464    0    0     0    44 9665 19060 22  4 74  0  0  0
 2  0      0 16517928 111112 4988484    0    0     0    16 6663 11696 18  4 78  0  0  0
 1  0      0 16516696 111112 4988512    0    0     0     8 7114 13009 18  4 78  0  0  0
 2  0      0 16517644 111144 4988512    0    0     0   208 5400 3605 17  3 77  3  0  0
 1  0      0 16508860 111144 4988528    0    0     0     0 10534 20221 22  4 74  0  0  0
 1  0      0 16515432 111144 4988624    0    0     0     0 6925 11720 18  4 78  0  0  0
 4  0      0 16507668 111144 4988572    0    0     0     0 6316 8821 18  3 79  0  0  0
 2  0      0 16516272 111144 4988592    0    0     0     0 6174 7217 18  3 79  0  0  0
 1  0      0 16518464 111152 4988600    0    0     0    28 5734 3540 17  3 79  1  0  0
 2  0      0 16512288 111152 4988620    0    0     0     0 10055 19578 22  4 74  0  0  0
procs ----------mémoire---------- -échange- -----io---- -système- ------cpu--------
 r  b   swpd  libre tampon  cache   si   so    bi    bo   in   cs us sy id wa st gu
 1  0      0 16519748 111152 4988640    0    0     0     0 6602 11343 18  3 79  0  0  0
 1  0      0 16518960 111152 4988664    0    0     0     0 7087 12905 18  4 78  0  0  0
 1  0      0 16521872 111152 4988672    0    0     0     0 5215 3373 17  3 80  0  0  0
 3  0      0 16521316 111160 4988676    0    0     0    24 10478 20357 22  4 73  1  0  0
 1  0      0 16517836 111160 4988580    0    0     0     0 6793 11639 18  3 79  0  0  0
 1  0      0 16517528 111160 4988608    0    0     0    28 7328 13431 19  4 78  0  0  0
 2  0      0 16522580 111176 4988620    0    0     0   744 5272 3350 17  3 77  3  0  0
 1  0      0 16515580 111176 4988632    0    0     0    52 9891 20768 22  4 74  0  0  0
 1  0      0 16508536 111176 4988636    0    0     0    64 6901 11828 19  3 78  0  0  0
 1  0      0 16502196 111176 4988656    0    0     0   152 7487 13321 19  4 78  0  0  0
 2  0      0 16497164 111176 4988688    0    0     0     0 5247 3472 17  3 80  0  0  0
 1  0      0 16502616 111184 4988696    0    0     0    68 9919 20148 22  4 73  1  0  0
 1  0      0 16505736 111184 4988712    0    0     0     0 6626 11625 18  4 79  0  0  0
 4  0      0 16508452 111184 4988740    0    0     0     0 6418 8783 18  4 78  0  0  0
 2  0      0 16517100 111184 4988764    0    0     0     0 6001 6969 18  3 79  0  0  0
 1  0      0 16526096 111184 4988776    0    0     0     0 5382 3524 17  3 80  0  0  0
 2  0      0 16509020 111192 4988792    0    0     0    24 9920 19748 22  4 74  1  0  0
 2  0      0 16518128 111192 4988808    0    0     0     0 6658 11468 18  3 78  0  0  0
 1  0      0 16502612 111192 4988824    0    0     0     0 6918 12677 18  3 78  0  0  0
 1  0      0 16498576 111192 4988848    0    0     0   412 5373 3497 17  3 80  0  0  0
 2  0      0 16499308 111192 4988880    0    0     0     0 9333 19750 22  4 74  0  0  0
procs ----------mémoire---------- -échange- -----io---- -système- ------cpu--------
 r  b   swpd  libre tampon  cache   si   so    bi    bo   in   cs us sy id wa st gu
 2  0      0 16499656 111216 4988912    0    0     0    76 6824 11944 18  4 77  1  0  0
 1  0      0 16512340 111216 4988924    0    0     0     0 7078 12833 19  3 78  0  0  0
 1  0      0 16514132 111232 4988936    0    0     0   248 5363 3553 17  3 79  1  0  0
 2  0      0 16521480 111248 4988940    0    0     0   128 9251 19311 22  4 73  2  0  0
 2  0      0 16504548 111272 4988960    0    0     0   100 6718 11741 18  3 77  2  0  0
 2  0      0 16491824 111272 4988996    0    0     0     0 7264 13182 19  4 78  0  0  0
 2  0      0 16493728 111280 4989008    0    0     0    64 5476 3620 17  3 79  1  0  0
 1  0      0 16496328 111280 4989016    0    0     0     0 10135 20379 22  4 74  0  0  0
 1  0      0 16497688 111280 4989040    0    0     0     0 6793 11582 18  4 79  0  0  0
 3  0      0 16491948 111280 4989056    0    0     0   936 6967 12496 19  5 76  0  0  0
 1  0      0 16499052 111280 4989092    0    0     0     0 5437 4212 18  3 79  0  0  0
 2  0      0 16500032 111288 4989104    0    0     0    96 5087 3306 17  3 79  0  0  0
 1  0      0 16500208 111288 4989116    0    0     0     0 9483 18485 22  4 74  0  0  0
 2  0      0 16502012 111288 4989120    0    0     0     0 6452 11483 18  4 78  0  0  0
 2  0      0 16511380 111288 4989180    0    0     0     8 6994 12606 18  4 78  0  0  0
 1  0      0 16514300 111288 4989188    0    0     0     4 5216 3496 17  3 80  0  0  0
 2  0      0 16517596 111296 4989200    0    0     0   596 10426 20704 22  4 74  0  0  0
 2  0      0 16497224 111296 4989216    0    0     0    28 6924 12114 18  4 78  0  0  0
 2  0      0 16496636 111296 4989248    0    0     0   724 7255 13004 18  4 78  0  0  0
 1  0      0 16477968 111296 4989264    0    0     0    68 5271 3645 18  3 79  0  0  0
 2  0      0 16473708 111296 4989936    0    0     0   124 9764 19633 23  4 73  0  0  0
procs ----------mémoire---------- -échange- -----io---- -système- ------cpu--------
 r  b   swpd  libre tampon  cache   si   so    bi    bo   in   cs us sy id wa st gu
 1  0      0 16468652 111304 4989968    0    0     0    92 6759 11738 18  4 78  0  0  0
 1  0      0 16475264 111304 4989984    0    0     0     4 6759 12510 18  3 78  0  0  0
 1  0      0 16480796 111304 4989992    0    0     0     0 5411 3501 17  3 80  0  0  0
 1  0      0 16478924 111304 4990016    0    0     0     0 8698 18038 22  4 74  0  0  0
 1  0      0 16475336 111304 4990040    0    0     0     0 6890 11608 18  4 78  0  0  0
 2  0      0 16478948 111312 4990048    0    0     0    24 7138 12801 18  4 78  0  0  0
 1  0      0 16484188 111312 4990076    0    0     0     0 5404 3680 17  3 80  0  0  0
 3  0      0 16502444 111312 4990080    0    0     0     0 5569 3882 17  3 79  0  0  0
 3  0      0 16501180 111312 4990120    0    0     0     0 10198 20842 22  4 74  0  0  0
 1  0      0 16505440 111328 4990140    0    0     0    52 6677 11617 18  3 77  1  0  0
 2  0      0 16510500 111328 4990168    0    0     0     0 7540 13214 18  3 78  0  0  0
 1  0      0 16504456 111344 4990172    0    0     0    68 5235 3557 17  3 79  1  0  0
 2  0      0 16494400 111344 4990184    0    0     0     0 9703 20239 22  4 74  0  0  0
 2  0      0 16487900 111360 4990184    0    0     0   144 6576 11638 18  4 77  1  0  0
 2  0      0 16496980 111360 4990228    0    0     0     0 7084 12766 19  4 78  0  0  0
 2  0      0 16508772 111360 4990244    0    0     0     0 5199 3385 17  3 79  0  0  0
 2  0      0 16508532 111360 4990244    0    0     0     0 9127 19245 22  4 74  0  0  0
 2  0      0 16519972 111360 4990268    0    0     0     0 7082 12021 18  4 78  0  0  0
 1  0      0 16516076 111368 4990300    0    0     0    28 6786 12738 18  4 78  0  0  0
 2  0      0 16517740 111368 4990312    0    0     0     0 5587 3525 17  3 80  0  0  0
 1  0      0 16513216 111368 4990328    0    0     0     0 9330 20470 22  4 74  0  0  0
procs ----------mémoire---------- -échange- -----io---- -système- ------cpu--------
 r  b   swpd  libre tampon  cache   si   so    bi    bo   in   cs us sy id wa st gu
 2  0      0 16500364 111368 4990344    0    0     0     0 7005 12032 18  3 78  0  0  0
 1  0      0 16510116 111368 4990616    0    0     0     0 6871 12704 18  4 78  0  0  0
 3  0      0 16506084 111376 4990376    0    0     0   720 5493 3630 17  3 80  0  0  0
 3  0      0 16492944 111376 4990412    0    0     0    12 5607 4343 18  3 78  0  0  0
 2  0      0 16488284 111376 4990432    0    0     0     4 10044 20247 22  4 74  0  0  0
 1  0      0 16484192 111376 4990516    0    0     0     8 6574 11617 18  4 79  0  0  0
 1  0      0 16489792 111376 4990544    0    0     0   564 6861 12378 18  4 78  0  0  0
 2  0      0 16500564 111384 4990568    0    0     0   124 5534 3343 17  3 80  0  0  0
 1  0      0 16502880 111384 4990580    0    0     0    52 9459 19266 22  4 74  0  0  0
 1  0      0 16488376 111384 4990604    0    0     0    40 6744 11841 18  3 79  0  0  0
 1  0      0 16492836 111384 4990620    0    0     0   192 6969 12765 18  4 78  0  0  0
 2  0      0 16497872 111384 4990644    0    0     0    40 5177 3509 17  3 80  0  0  0
 1  0      0 16503160 111392 4990652    0    0     0    40 9870 18910 22  4 73  0  0  0
 2  0      0 16496540 111392 4990672    0    0     0     4 6922 11837 18  3 79  0  0  0
 2  0      0 16505584 111392 4990692    0    0     0     0 7018 12829 18  4 78  0  0  0
 1  0      0 16507996 111392 4990712    0    0     0     0 5305 3330 17  3 80  0  0  0
 1  0      0 16520668 111392 4990716    0    0     0     0 8990 18114 21  4 74  0  0  0
 1  0      0 16503624 111400 4990740    0    0     0    24 6916 11773 19  4 77  0  0  0
 1  0      0 16511384 111400 4990752    0    0     0     0 6829 11976 18  4 78  0  0  0
 1  0      0 16496840 111416 4990780    0    0     0    52 5538 3607 17  3 79  1  0  0
 8  0      0 16489144 111416 4990792    0    0     0     0 5845 5544 18  3 79  0  0  0
procs ----------mémoire---------- -échange- -----io---- -système- ------cpu--------
 r  b   swpd  libre tampon  cache   si   so    bi    bo   in   cs us sy id wa st gu
 1  0      0 16490788 111432 4990804    0    0     0    68 8720 17351 21  4 74  1  0  0
 5  0      0 16494144 111432 4990828    0    0     0   180 6689 11672 18  3 79  0  0  0
 1  0      0 16495236 111448 4990840    0    0     0   120 7066 12789 19  3 77  1  0  0
 1  0      0 16506740 111448 4990864    0    0     0     0 5736 3686 17  3 79  0  0  0
 1  0      0 16516336 111448 4990880    0    0     0     0 9619 19995 22  4 74  0  0  0
 1  0      0 16502332 111448 4990900    0    0     0     0 6773 11632 18  3 79  0  0  0
 3  0      0 16517536 111448 4990924    0    0     0     0 7021 13094 19  5 76  0  0  0
 1  0      0 16513640 111456 4990932    0    0     0    48 5489 3622 17  3 79  0  0  0
 3  0      0 16509560 111456 4990948    0    0     0     0 9856 20299 22  4 74  0  0  0
 1  0      0 16505440 111456 4990960    0    0     0     0 6842 11685 18  4 78  0  0  0
 1  0      0 16508732 111456 4990984    0    0     0     0 7035 12694 19  3 78  0  0  0
 1  0      0 16525064 111480 4988704    0    0     0  1380 5504 4102 18  3 78  1  0  0
 2  0      0 16533260 111480 4988712    0    0     0   336 9415 19518 22  4 74  0  0  0
 1  0      0 16515440 111480 4988736    0    0     0     4 7080 12012 19  3 78  0  0  0
 1  0      0 16518340 111480 4988760    0    0     0     8 6621 11868 18  4 78  0  0  0
 1  0      0 16512964 111480 4988780    0    0     0    36 5393 3700 17  3 80  0  0  0
 5  0      0 16498044 111512 4988092    0    0     0   584 6498 7536 19  3 76  2  0  0
 1  0      0 16514092 111512 4988108    0    0     0    20 9325 16946 21  4 75  0  0  0
 1  0      0 16507224 111512 4988124    0    0     0    20 6666 11419 18  3 79  0  0  0
 1  0      0 16511176 111512 4988152    0    0     0    44 7193 12874 18  3 78  0  0  0
 1  0      0 16508140 111512 4988160    0    0     0   624 5549 3714 17  3 80  0  0  0
procs ----------mémoire---------- -échange- -----io---- -système- ------cpu--------
 r  b   swpd  libre tampon  cache   si   so    bi    bo   in   cs us sy id wa st gu
 2  0      0 16512884 111520 4988184    0    0     0   124 10214 20898 24  4 72  0  0  0
 2  0      0 16527956 111520 4988200    0    0     0   212 6850 11331 18  4 78  0  0  0
 2  0      0 16522932 111520 4988220    0    0     0     0 7210 13145 18  4 78  0  0  0
 1  0      0 16527136 111520 4988236    0    0     0     0 5230 3388 17  3 80  0  0  0
 1  0      0 16519488 111520 4988252    0    0     0    28 9801 19265 22  4 74  0  0  0
 2  0      0 16523780 111528 4988264    0    0     0    52 6798 11879 18  4 78  1  0  0
 2  0      0 16530908 111528 4988300    0    0     0     0 7250 13667 19  4 78  0  0  0
 1  0      0 16540084 111536 4988336    0    0     0    44 5378 3596 18  3 79  1  0  0
 1  0      0 16532100 111536 4988360    0    0     0     0 11067 19308 22  4 73  0  0  0
 1  0      0 16532444 111552 4988368    0    0     0   100 9328 12709 19  4 77  1  0  0
 1  0      0 16540404 111552 4988392    0    0     0     0 6675 12728 19  3 77  0  0  0
 2  0      0 16535948 111552 4988416    0    0     0     0 5335 3585 17  3 79  0  0  0
 6  0      0 16541660 111568 4988420    0    0     0   116 6508 8760 19  4 76  1  0  0
 1  0      0 16538232 111568 4988456    0    0     0     0 8305 15073 20  4 76  0  0  0
 2  0      0 16534476 111568 4988472    0    0     0     0 6614 11524 18  4 78  0  0  0
 2  0      0 16525120 111568 4988492    0    0     0     0 7083 12884 19  4 78  0  0  0
 1  0      0 16522884 111568 4988516    0    0     0     0 5342 3980 18  3 79  0  0  0
 2  0      0 16519812 111576 4988532    0    0     0    32 9772 20259 22  4 74  0  0  0
 2  0      0 16523180 111576 4988548    0    0     0     0 6829 11833 18  4 78  0  0  0
 2  0      0 16531604 111576 4988572    0    0     0     0 6956 13012 18  4 78  0  0  0
 1  0      0 16535080 111576 4988584    0    0     0     0 5499 3561 17  3 80  0  0  0
procs ----------mémoire---------- -échange- -----io---- -système- ------cpu--------
 r  b   swpd  libre tampon  cache   si   so    bi    bo   in   cs us sy id wa st gu
 3  0      0 16538056 111576 4988596    0    0     0     0 9401 18830 22  4 74  0  0  0
 2  0      0 16514124 111584 4988632    0    0     0    92 7183 12382 19  4 78  0  0  0
 1  0      0 16506832 111584 4988648    0    0     0     0 7013 12419 18  4 78  0  0  0
 1  0      0 16513472 111584 4988664    0    0     0     4 5496 3543 17  3 80  0  0  0
 2  0      0 16527024 111584 4988680    0    0     0     8 9232 19681 22  4 74  0  0  0
 1  0      0 16526524 111584 4988700    0    0     0    16 6723 11639 19  3 78  0  0  0
 1  0      0 16528464 111592 4988720    0    0     0    44 6725 12187 18  4 78  0  0  0
 2  0      0 16528400 111592 4988732    0    0     0    12 5349 3688 17  3 79  0  0  0
10  0      0 16531316 111592 4988744    0    0     0    24 7044 10646 20  4 77  0  0  0
 1  0      0 16534452 111592 4988764    0    0     0   548 7577 12546 20  3 77  0  0  0
 2  0      0 16524364 111592 4988784    0    0     0    36 6371 11338 18  4 78  0  0  0
 2  0      0 16539788 111600 4988800    0    0     0   104 7081 12733 19  3 78  0  0  0
 2  0      0 16532028 111600 4988816    0    0     0    16 5025 3456 17  3 80  0  0  0
 2  0      0 16527248 111600 4988828    0    0     0    84 9565 19867 22  4 74  0  0  0
 1  0      0 16517248 111600 4988844    0    0     0   936 6709 11730 18  4 78  0  0  0
 1  0      0 16519828 111600 4988868    0    0     0   120 6513 12474 18  4 78  0  0  0
 2  0      0 16519072 111608 4988880    0    0     0    68 5487 3444 17  3 80  0  0  0
 1  0      0 16531012 111624 4988896    0    0     0    60 9132 17453 22  4 74  1  0  0
 1  0      0 16525404 111624 4988920    0    0     0     0 6757 11594 18  4 78  0  0  0
 2  0      0 16539504 111640 4988936    0    0     0    92 6938 12967 18  4 77  1  0  0
 2  0      0 16541304 111640 4988948    0    0     0     0 5270 3403 17  3 79  0  0  0
procs ----------mémoire---------- -échange- -----io---- -système- ------cpu--------
 r  b   swpd  libre tampon  cache   si   so    bi    bo   in   cs us sy id wa st gu
 1  0      0 16539972 111640 4988956    0    0     0    12 8997 18223 22  4 74  0  0  0
 1  0      0 16531336 111656 4988976    0    0     0   296 6605 11557 18  4 77  1  0  0
 2  0      0 16543332 111656 4989008    0    0     0     0 7276 13076 18  4 78  0  0  0
 4  0      0 16531020 111656 4989020    0    0     0     0 5756 3721 18  4 78  0  0  0
 7  0      0 16529840 111656 4989028    0    0     0     0 7882 13237 21  4 76  0  0  0
 2  0      0 16524140 111656 4989048    0    0     0     0 6768 8645 19  3 78  0  0  0
 1  0      0 16515320 111664 4989076    0    0     0    28 6339 11139 18  3 78  0  0  0
 2  0      0 16515428 111664 4989096    0    0     0     0 6830 12707 18  4 78  0  0  0
 1  0      0 16518604 111664 4989108    0    0     0     0 5191 3344 17  3 80  0  0  0
 1  0      0 16519972 111664 4989124    0    0     0     0 9708 20314 22  4 74  0  0  0
 1  0      0 16517204 111664 4989136    0    0     0     0 6758 11865 18  3 78  0  0  0
 1  0      0 16512428 111672 4989164    0    0     0    52 6746 12606 18  3 78  0  0  0
 1  0      0 16513440 111672 4989176    0    0     0     0 5398 3645 17  3 80  0  0  0
 1  0      0 16523664 111672 4989188    0    0     0     4 9386 18911 21  4 75  0  0  0
 1  0      0 16530032 111672 4989212    0    0     0     8 6898 11678 18  3 79  0  0  0
 1  0      0 16570120 111672 4988840    0    0     0     8 7106 13442 19  3 78  0  0  0
 1  0      0 16561148 111680 4988860    0    0     0    60 5135 3417 17  3 80  0  0  0
 2  0      0 16567932 111680 4988868    0    0     0    24 9762 20932 22  4 74  0  0  0
 2  0      0 16565908 111680 4988880    0    0     0    20 6888 11840 18  4 78  0  0  0
 1  0      0 16568728 111680 4988900    0    0     0   552 7077 12565 18  4 78  0  0  0
 2  0      0 16565436 111680 4988924    0    0     0    20 5242 3585 17  3 80  0  0  0
procs ----------mémoire---------- -échange- -----io---- -système- ------cpu--------
 r  b   swpd  libre tampon  cache   si   so    bi    bo   in   cs us sy id wa st gu
 9  0      0 16561440 111688 4988936    0    0     0   100 7659 14961 21  4 75  0  0  0
 1  0      0 16570276 111688 4988948    0    0     0    44 6046 5116 18  3 79  0  0  0
 1  0      0 16572716 111688 4988972    0    0     0     4 6531 11290 18  3 78  0  0  0
 1  0      0 16568996 111696 4988996    0    0     0    48 7022 13114 19  4 77  0  0  0
 2  0      0 16570716 111696 4989004    0    0     0     4 5304 3613 17  3 80  0  0  0
 2  0      0 16567408 111712 4989032    0    0     0   212 10973 20573 22  4 73  1  0  0
 2  0      0 16561364 111712 4989052    0    0     0   468 7293 12086 19  3 78  0  0  0
 1  0      0 16566500 111728 4989060    0    0     0   140 6969 12545 18  4 77  1  0  0
 1  0      0 16560932 111728 4989076    0    0     0     0 5572 3518 17  3 80  0  0  0
 1  0      0 16556876 111728 4989088    0    0     0     0 8874 17787 22  4 74  0  0  0
 1  0      0 16553880 111728 4989108    0    0     0     0 6846 11373 18  4 79  0  0  0
 1  0      0 16567136 111744 4989120    0    0     0   168 7453 13108 18  4 77  1  0  0
 1  0      0 16576568 111744 4989136    0    0     0     0 5375 3547 17  3 80  0  0  0
 1  0      0 16570308 111744 4989156    0    0     0    24 9985 20282 22  4 74  0  0  0
 1  0      0 16556016 111744 4989172    0    0     0     0 6615 11544 18  4 78  0  0  0
 1  0      0 16560544 111744 4989200    0    0     0    12 7444 13135 18  4 78  0  0  0
 1  0      0 16550240 111752 4989208    0    0     0    80 5501 3499 17  3 80  0  0  0
 4  0      0 16557084 111752 4989224    0    0     0     0 8747 17099 21  4 75  0  0  0
 1  0      0 16553584 111752 4989232    0    0     0     0 6195 6071 18  3 79  0  0  0
 1  1      0 16502844 111768 4994112    0    0     0  4476 7219 12889 21  4 73  1  0  0
 1  0      0 16518152 111824 4989528    0    0     0 13232 7182 12981 21  4 69  6  0  0
procs ----------mémoire---------- -échange- -----io---- -système- ------cpu--------
 r  b   swpd  libre tampon  cache   si   so    bi    bo   in   cs us sy id wa st gu
 1  0      0 16504668 111824 4989540    0    0     0     4 5515 3698 17  3 80  0  0  0
 1  0      0 16506192 111824 4989556    0    0     0     4 9808 20556 22  4 74  0  0  0
 1  0      0 16509952 111824 4989580    0    0     0     4 6822 12087 18  4 79  0  0  0
 1  0      0 16514032 111824 4989600    0    0     0     4 6985 12800 18  3 78  0  0  0
 2  0      0 16519788 111832 4989604    0    0     0   136 5443 3581 17  3 79  0  0  0
 1  0      0 16508784 111832 4989624    0    0     0    16 10020 19772 22  4 74  0  0  0
 2  0      0 16506420 111832 4989648    0    0     0    16 6838 11553 18  4 78  0  0  0
 2  0      0 16511304 111832 4989676    0    0     0   540 7067 13027 18  4 78  0  0  0
 2  0      0 16496284 111832 4989684    0    0     0    32 5472 3735 17  3 80  0  0  0
 2  0      0 16506728 111840 4989700    0    0     0    84 10010 19982 22  4 73  1  0  0
 2  0      0 16515420 111840 4989724    0    0     0    20 6710 11373 18  3 78  0  0  0
 2  0      0 16515120 111840 4989744    0    0     0    20 7186 13111 19  4 78  0  0  0
 2  0      0 16514164 111840 4989756    0    0     0    16 5025 3360 17  3 80  0  0  0
 5  0      0 16518696 111840 4989768    0    0     0    24 8533 16576 21  4 75  0  0  0
 2  0      0 16511160 111856 4989788    0    0     0    72 5773 5336 18  3 78  1  0  0
 1  0      0 16508380 111856 4989804    0    0     0   676 6740 11403 19  4 78  0  0  0
 1  0      0 16518296 111872 4989816    0    0     0   140 7337 13321 18  4 77  1  0  0
 3  0      0 16518472 111872 4989832    0    0     0   260 5452 3520 17  4 79  0  0  0
 1  0      0 16520528 111872 4989844    0    0     0     0 8872 16651 22  4 74  0  0  0
 2  0      0 16512952 111872 4989860    0    0     0     0 6745 11918 18  4 78  0  0  0
 2  0      0 16526068 111872 4989872    0    0     0   368 7335 13344 18  4 78  0  0  0
procs ----------mémoire---------- -échange- -----io---- -système- ------cpu--------
 r  b   swpd  libre tampon  cache   si   so    bi    bo   in   cs us sy id wa st gu
 1  0      0 16535436 111888 4989884    0    0     0   124 5428 3367 17  3 78  1  0  0
 2  0      0 16513424 111888 4989900    0    0     0     0 9636 20263 23  5 72  0  0  0
 2  0      0 16512472 111888 4989924    0    0     0    24 6420 11324 18  3 79  0  0  0
 2  0      0 16525764 111888 4989944    0    0     0     0 6846 12726 18  3 78  0  0  0
 1  0      0 16523056 111888 4989964    0    0     0     0 5224 3496 17  3 80  0  0  0
 1  0      0 16524096 111896 4989964    0    0     0    40 9938 20311 22  4 74  0  0  0
 1  0      0 16517344 111896 4989996    0    0     0     0 6912 11404 18  3 79  0  0  0
 1  0      0 16540684 111896 4990016    0    0     0     0 7280 13293 19  4 78  0  0  0
 2  0      0 16525084 111896 4990028    0    0     0    28 5494 3593 18  3 79  0  0  0
 2  0      0 16527024 111896 4990032    0    0     0     0 9661 18754 22  4 74  0  0  0
 1  0      0 16522508 111904 4990064    0    0     0    60 5960 4798 18  3 79  0  0  0
 1  0      0 16522288 111904 4990080    0    0     0     0 6855 11375 18  4 78  0  0  0
 1  0      0 16538864 111904 4990104    0    0     0     4 6755 12099 18  4 78  0  0  0
 2  0      0 16545840 111904 4990112    0    0     0     8 5490 3504 17  3 80  0  0  0
 1  0      0 16524516 111904 4990124    0    0     0     8 9424 18938 22  4 74  0  0  0
 1  0      0 16524304 111912 4990140    0    0     0    72 6701 11803 18  3 78  0  0  0
 1  0      0 16521376 111912 4990208    0    0     0    12 7383 13646 19  4 78  0  0  0
 1  0      0 16527848 111912 4990244    0    0     0    16 5578 3789 18  3 79  0  0  0
 2  0      0 16523632 111912 4990264    0    0     0    24 9724 19257 22  4 74  0  0  0
 1  0      0 16516836 111912 4990276    0    0     0    16 6856 11598 18  4 79  0  0  0
 1  0      0 16522248 111920 4990240    0    0     0   128 7403 13001 18  4 78  0  0  0
procs ----------mémoire---------- -échange- -----io---- -système- ------cpu--------
 r  b   swpd  libre tampon  cache   si   so    bi    bo   in   cs us sy id wa st gu
 2  0      0 16528212 111920 4990256    0    0     0    12 5441 3293 17  3 80  0  0  0
 2  0      0 16521116 111952 4990692    0    0     0   752 8851 17468 22  4 72  3  0  0
 2  0      0 16507856 111952 4990728    0    0     0     8 6821 11857 18  3 78  0  0  0
 1  0      0 16506932 111968 4990752    0    0     0   132 7215 13053 18  4 77  1  0  0
 2  0      0 16511952 111968 4990772    0    0     0    16 5433 3584 17  3 80  0  0  0
13  0      0 16515312 111984 4990768    0    0     0    88 9044 18190 22  4 74  1  0  0
 1  0      0 16517660 111984 4990796    0    0     0    12 5857 4218 18  3 79  0  0  0
 1  0      0 16517456 111984 4990808    0    0     0     0 6737 11503 18  4 79  0  0  0
 1  0      0 16520872 111984 4990828    0    0     0     0 7179 13202 18  4 78  0  0  0
 1  0      0 16518896 111984 4990844    0    0     0     0 5326 3269 17  3 80  0  0  0
 2  0      0 16519924 112000 4990852    0    0     0   300 9677 20148 22  4 73  2  0  0
 3  0      0 16511384 112000 4990880    0    0     0     0 6711 11377 18  4 78  0  0  0
 1  0      0 16514892 112000 4990904    0    0     0     0 7018 13180 18  4 78  0  0  0
 1  0      0 16510460 112000 4990916    0    0     0     0 5328 3398 17  3 80  0  0  0
 1  0      0 16515916 112000 4990936    0    0     0     0 9725 19847 22  4 74  0  0  0
 2  0      0 16521800 112008 4990956    0    0     0    28 6640 11513 18  4 78  0  0  0
 1  0      0 16511688 112008 4990960    0    0     0     0 7103 13442 18  3 78  0  0  0
 2  0      0 16518416 112008 4990988    0    0     0    28 5450 3519 17  3 80  0  0  0
 1  0      0 16519580 112008 4990996    0    0     0    12 9006 18117 22  4 74  0  0  0
 2  0      0 16522424 112008 4991024    0    0     0     0 6641 11431 18  4 79  0  0  0
 3  0      0 16529524 112016 4991040    0    0     0    52 7136 13256 18  4 77  1  0  0
procs ----------mémoire---------- -échange- -----io---- -système- ------cpu--------
 r  b   swpd  libre tampon  cache   si   so    bi    bo   in   cs us sy id wa st gu
 1  0      0 16542472 112016 4991064    0    0     0     4 5486 3557 17  3 80  0  0  0
 2  0      0 16538336 112016 4991080    0    0     0     0 9121 17726 22  4 74  0  0  0
 2  0      0 16531592 112016 4991092    0    0     0   448 5691 4599 17  3 79  0  0  0
 1  0      0 16535244 112016 4991108    0    0     0   556 6553 10528 18  4 79  0  0  0
 2  0      0 16533348 112024 4991136    0    0     0    44 6786 12754 18  4 78  0  0  0
 1  0      0 16538876 112024 4991144    0    0     0    16 5469 3608 17  3 80  0  0  0
 3  0      0 16535896 112024 4991160    0    0     0    24 9208 19887 22  4 74  0  0  0
 1  0      0 16526440 112024 4991180    0    0     0    24 6792 12055 18  4 78  0  0  0
 1  0      0 16530560 112024 4991200    0    0     0    72 6973 11636 19  4 78  0  0  0
 2  0      0 16523576 112032 4991212    0    0     0    64 5476 3378 17  3 79  0  0  0
 1  0      0 16519860 112032 4991228    0    0     0    12 9871 20920 22  4 75  0  0  0
 3  0      0 16527092 112032 4991248    0    0     0   536 6941 12088 18  4 78  0  0  0
 2  0      0 16519820 112048 4991280    0    0     0   120 7112 12908 19  4 77  1  0  0
 1  0      0 16518992 112048 4991296    0    0     0    12 5248 3311 17  3 80  0  0  0
 1  0      0 16531848 112064 4991300    0    0     0   268 9553 20157 22  4 73  1  0  0
 1  0      0 16529820 112064 4991328    0    0     0     8 10579 11930 18  4 78  0  0  0
 2  0      0 16525924 112064 4991344    0    0     0     4 6642 12970 18  4 78  0  0  0
 2  0      0 16528024 112064 4991360    0    0     0     4 5406 3489 17  3 80  0  0  0
 2  0      0 16530028 112064 4991372    0    0     0     0 9511 18501 22  4 74  0  0  0
 5  0      0 16533740 112072 4991388    0    0     0    48 5867 4448 18  3 79  0  0  0
 1  0      0 16535076 112088 4991400    0    0     0   220 6533 10615 18  3 78  1  0  0
procs ----------mémoire---------- -échange- -----io---- -système- ------cpu--------
 r  b   swpd  libre tampon  cache   si   so    bi    bo   in   cs us sy id wa st gu
 2  0      0 16533828 112088 4991424    0    0     0     0 6978 12907 20  4 76  0  0  0
 1  0      0 16522264 112088 4991452    0    0     0    12 6134 3578 17  3 80  0  0  0
 1  0      0 16526612 112088 4991468    0    0     0     0 15299 22063 23  4 73  0  0  0
 2  0      0 16525788 112088 4991480    0    0     0     0 6605 11278 18  4 78  0  0  0
 2  0      0 16527052 112096 4991496    0    0     0    36 7173 13281 18  4 78  0  0  0
 1  0      0 16534356 112096 4991516    0    0     0     0 5457 3456 17  3 80  0  0  0
 3  0      0 16526936 112096 4991532    0    0     0     0 9609 20549 22  4 74  0  0  0
 1  0      0 16525344 112096 4991556    0    0     0     0 6641 11505 18  4 79  0  0  0
 1  0      0 16534112 112096 4991580    0    0     0   196 6680 12792 18  3 79  0  0  0
 2  0      0 16523788 112104 4991588    0    0     0    24 5421 3309 17  3 80  0  0  0
 1  0      0 16522116 112104 4991604    0    0     0    28 9560 19093 21  4 74  0  0  0
 3  0      0 16522696 112104 4991616    0    0     0     0 6787 11666 18  4 78  0  0  0
 2  0      0 16526636 112104 4991648    0    0     0     4 6942 12867 18  4 78  0  0  0
 1  0      0 16528724 112104 4991660    0    0     0     0 5481 3491 17  3 80  0  0  0
10  0      0 16543992 112112 4991676    0    0     0    40 10096 20307 22  4 74  0  0  0
 4  0      0 16533940 112112 4991684    0    0     0     8 5670 3928 17  3 80  0  0  0
 3  0      0 16526944 112112 4991708    0    0     0    24 6552 10969 18  4 79  0  0  0
 1  0      0 16530440 112112 4991732    0    0     0    16 6825 12262 19  3 78  0  0  0
 1  0      0 16528488 112112 4991744    0    0     0    16 5244 3363 17  3 80  0  0  0
 2  0      0 16527636 112120 4991380    0    0     0    72 9358 19716 22  4 74  0  0  0
 1  0      0 16533096 112120 4991400    0    0     0    20 6817 11804 18  4 78  0  0  0
procs ----------mémoire---------- -échange- -----io---- -système- ------cpu--------
 r  b   swpd  libre tampon  cache   si   so    bi    bo   in   cs us sy id wa st gu
 2  0      0 16549252 112136 4991432    0    0     0   676 6925 12993 19  4 78  0  0  0
 2  0      0 16552548 112136 4991444    0    0     0    16 5459 3913 17  3 80  0  0  0
 1  0      0 16552308 112152 4991460    0    0     0    96 9564 18790 22  4 74  1  0  0
 2  0      0 16554684 112152 4991476    0    0     0    12 6845 12201 18  4 78  0  0  0
 2  0      0 16540208 112152 4991492    0    0     0     4 7661 14004 18  4 78  0  0  0
 1  0      0 16546100 112160 4991516    0    0     0    92 5466 3791 17  3 79  1  0  0
 2  0      0 16550980 112160 4991528    0    0     0     8 9437 20157 21  4 75  0  0  0
 2  0      0 16546160 112160 4991532    0    0     0     0 6809 11586 18  3 79  0  0  0
 1  0      0 16556956 112160 4991568    0    0     0     4 7078 12487 18  4 78  0  0  0
 2  0      0 16545704 112176 4991564    0    0     0   120 5236 3710 17  3 79  1  0  0
 1  0      0 16553180 112176 4991652    0    0     0     0 9734 19625 22  4 74  0  0  0
 2  0      0 16553784 112176 4991668    0    0     0     0 5599 5567 17  3 80  0  0  0
 2  0      0 16554868 112176 4991688    0    0     0     0 6305 9585 18  3 79  0  0  0
 1  0      0 16510868 112176 4992184    0    0     0     0 8071 14491 21  4 75  0  0  0
 2  0      0 16497340 112184 4992124    0    0     0   176 5357 3424 17  3 80  0  0  0
 1  0      0 16491520 112184 4992140    0    0     0     0 9782 20617 22  4 74  0  0  0
 2  0      0 16493628 112184 4992160    0    0     0     0 6479 11130 18  3 79  0  0  0
 3  0      0 16496508 112184 4992180    0    0     0     0 7167 13186 18  3 79  0  0  0
 1  0      0 16499376 112184 4992192    0    0     0     0 5422 3548 17  3 80  0  0  0
 2  0      0 16492092 112192 4992212    0    0     0    28 9471 18319 22  4 74  0  0  0
 2  0      0 16493924 112192 4992228    0    0     0     0 6800 11657 18  3 79  0  0  0
procs ----------mémoire---------- -échange- -----io---- -système- ------cpu--------
 r  b   swpd  libre tampon  cache   si   so    bi    bo   in   cs us sy id wa st gu
 2  0      0 16502780 112192 4992236    0    0     0     0 7101 13067 19  4 78  0  0  0
 1  0      0 16509300 112192 4992260    0    0     0     0 5533 3551 17  3 80  0  0  0
 2  0      0 16498720 112192 4992280    0    0     0     4 9754 20113 22  4 74  0  0  0
 1  0      0 16503240 112200 4992288    0    0     0    24 6599 11136 18  3 78  0  0  0
 1  0      0 16509132 112200 4992316    0    0     0    28 7060 12939 18  3 78  0  0  0
 1  0      0 16508352 112200 4992332    0    0     0     8 5457 3951 18  3 79  0  0  0
 2  0      0 16515792 112200 4992336    0    0     0    12 9560 19463 22  4 74  0  0  0
 3  0      0 16511424 112200 4992364    0    0     0    20 5856 5093 17  3 79  0  0  0
 1  0      0 16500896 112208 4992384    0    0     0    52 6640 10082 18  3 78  0  0  0
 1  0      0 16525232 112224 4992416    0    0     0   784 6864 12834 19  3 77  1  0  0
 2  0      0 16522672 112224 4992428    0    0     0    32 5150 3268 17  3 80  0  0  0
 2  0      0 16512724 112240 4992432    0    0     0   160 9390 18722 22  4 73  1  0  0
 2  0      0 16515844 112240 4992460    0    0     0     8 6921 12017 18  3 79  0  0  0
 2  0      0 16507028 112240 4992508    0    0     0   948 7265 12875 19  4 77  0  0  0
 2  0      0 16489216 112240 4992520    0    0     0    24 5486 3532 17  3 80  0  0  0
 2  0      0 16503112 112240 4992532    0    0     0   400 9833 19943 21  4 75  0  0  0
 2  0      0 16500312 112248 4992552    0    0     0   104 7031 11694 18  4 78  0  0  0
 1  0      0 16523404 112248 4992576    0    0     0     4 6767 12350 18  4 78  0  0  0
 1  0      0 16524464 112248 4992588    0    0     0     4 5305 3369 17  3 80  0  0  0
 2  0      0 16518072 112256 4992584    0    0     0    60 9715 20381 22  4 74  0  0  0
 3  0      0 16523516 112256 4992604    0    0     0   472 6868 11659 19  4 77  0  0  0
procs ----------mémoire---------- -échange- -----io---- -système- ------cpu--------
 r  b   swpd  libre tampon  cache   si   so    bi    bo   in   cs us sy id wa st gu
 2  0      0 16527312 112256 4992640    0    0     0     0 7052 12810 18  4 78  0  0  0
 1  0      0 16525516 112256 4992656    0    0     0     0 5935 3863 18  3 79  0  0  0
 2  0      0 16522648 112256 4992672    0    0     0     0 9544 19933 22  4 74  0  0  0
 2  0      0 16533008 112264 4992728    0    0     0   268 6241 8716 18  3 79  0  0  0
 2  0      0 16528496 112264 4992748    0    0     0     0 5794 6435 18  3 79  0  0  0
 2  0      0 16531416 112264 4992768    0    0     0     8 6767 12956 18  4 78  0  0  0
 2  0      0 16534616 112264 4992780    0    0     0     0 5396 3479 17  3 80  0  0  0
 1  0      0 16531820 112264 4992796    0    0     0     0 9439 19161 22  4 74  0  0  0
 1  0      0 16518516 112276 4992816    0    0     0    60 6793 11754 18  3 78  0  0  0
 1  0      0 16527664 112276 4992836    0    0     0     0 7295 13264 19  4 78  0  0  0
 2  0      0 16533664 112276 4992852    0    0     0     0 5239 3602 17  3 80  0  0  0
 1  0      0 16552028 112276 4992484    0    0     0     0 9915 20566 22  4 74  0  0  0
 1  0      0 16547860 112276 4992504    0    0     0     4 6828 11502 18  3 79  0  0  0
 1  0      0 16550956 112284 4992512    0    0     0    44 7240 12982 18  4 78  0  0  0
 3  0      0 16549896 112284 4992544    0    0     0    32 5764 3869 17  3 80  0  0  0
 2  0      0 16532624 112284 4992560    0    0     0    12 9148 18942 22  3 75  0  0  0
 1  0      0 16539232 112284 4992576    0    0     0     4 7105 11895 18  3 78  0  0  0
 3  0      0 16550088 112284 4992600    0    0     0    12 7173 12995 18  4 78  0  0  0
 1  0      0 16542036 112292 4992608    0    0     0    92 5497 3585 17  3 79  0  0  0
 2  0      0 16541148 112308 4992632    0    0     0    72 9770 18830 22  4 73  1  0  0
 4  0      0 16541740 112308 4992656    0    0     0    16 6321 9160 18  3 79  0  0  0
procs ----------mémoire---------- -échange- -----io---- -système- ------cpu--------
 r  b   swpd  libre tampon  cache   si   so    bi    bo   in   cs us sy id wa st gu
 1  0      0 16530372 112324 4992664    0    0     0    92 5731 6511 18  3 78  1  0  0
 1  1      0 16502156 112340 4997856    0    0     0  4560 7401 14013 21  5 73  1  0  0
 1  0      0 16500568 112388 4993268    0    0     0  6640 5687 4339 18  3 74  4  0  0
 1  0      0 16495736 112388 4993280    0    0     0   604 9769 20365 21  4 74  0  0  0
 1  0      0 16491440 112388 4993300    0    0     0    20 6745 11788 18  4 78  0  0  0
 1  0      0 16489812 112388 4993324    0    0     0    12 7123 12724 18  3 79  0  0  0
 2  0      0 16490100 112388 4993336    0    0     0     0 5363 3722 17  3 80  0  0  0
 2  0      0 16498176 112396 4993356    0    0     0   140 9264 18156 23  4 72  0  0  0
 2  0      0 16489440 112412 4993376    0    0     0   116 6848 11860 18  3 78  1  0  0
 2  0      0 16502536 112412 4993392    0    0     0    12 6821 13022 18  4 78  0  0  0
 1  0      0 16513084 112412 4993412    0    0     0     8 5361 3487 17  3 80  0  0  0
 1  0      0 16511840 112412 4993424    0    0     0     0 9527 16883 22  4 74  0  0  0
 1  0      0 16514772 112412 4993444    0    0     0     0 7282 11758 18  3 78  0  0  0
 2  0      0 16510660 112420 4993444    0    0     0    76 6707 12143 18  4 78  0  0  0
 1  0      0 16512932 112420 4993476    0    0     0   748 5627 3591 17  3 80  0  0  0
 2  0      0 16504640 112420 4993492    0    0     0   280 9243 19073 22  5 73  0  0  0
 6  0      0 16503368 112420 4993516    0    0     0     0 5903 6524 18  3 79  0  0  0
 1  0      0 16495480 112420 4993532    0    0     0     0 5970 8597 18  3 79  0  0  0
 1  0      0 16496152 112428 4993560    0    0     0   292 9138 13585 19  4 76  2  0  0
 1  0      0 16509228 112428 4993580    0    0     0     0 8115 4101 17  3 79  0  0  0
 2  0      0 16505624 112428 4995384    0    0     0     0 9664 20083 21  4 74  0  0  0
procs ----------mémoire---------- -échange- -----io---- -système- ------cpu--------
 r  b   swpd  libre tampon  cache   si   so    bi    bo   in   cs us sy id wa st gu
 1  0      0 16494332 112428 4995464    0    0     0     0 6744 11741 18  3 79  0  0  0
 1  0      0 16506300 112428 4993452    0    0     0     4 7122 12915 18  4 78  0  0  0
 1  0      0 16499696 112436 4993464    0    0     0    40 5372 3552 17  3 80  0  0  0
 3  0      0 16504468 112436 4993532    0    0     0     4 9765 20665 22  4 74  0  0  0
 1  0      0 16491028 112436 4993500    0    0     0     4 7091 11655 18  4 78  0  0  0
 1  0      0 16501108 112436 4993520    0    0     0    12 7229 13223 19  4 78  0  0  0
 2  0      0 16506640 112436 4993536    0    0     0    12 5291 3452 17  3 80  0  0  0
 1  0      0 16497164 112452 4993552    0    0     0    80 9322 20107 22  4 73  1  0  0
 2  0      0 16489600 112452 4993568    0    0     0   212 6739 11563 18  4 78  0  0  0
 1  0      0 16499928 112468 4993592    0    0     0   112 7234 13113 19  3 78  1  0  0
 1  0      0 16520672 112468 4993604    0    0     0    20 5688 3815 18  3 79  0  0  0
 2  0      0 16524960 112468 4993624    0    0     0    20 9528 18788 22  4 73  0  0  0
 2  0      0 16516752 112468 4993636    0    0     0    20 6027 7722 18  3 79  0  0  0
 1  0      0 16525724 112468 4993656    0    0     0   528 5913 7370 18  3 79  0  0  0
 1  0      0 16525268 112476 4993676    0    0     0    88 6794 12536 18  4 78  0  0  0
 2  0      0 16520428 112476 4993692    0    0     0    16 5268 3498 17  3 80  0  0  0
 1  0      0 16519780 112476 4993700    0    0     0     8 9468 19719 22  4 74  0  0  0
 2  0      0 16513520 112476 4993728    0    0     0     4 6946 11642 18  4 78  0  0  0
 2  0      0 16524812 112484 4993736    0    0     0   248 6966 12709 20  4 74  3  0  0
 1  0      0 16511240 112484 4993760    0    0     0     4 5364 3676 17  3 80  0  0  0
 2  0      0 16510204 112484 4993776    0    0     0     8 8991 18849 21  4 75  0  0  0
procs ----------mémoire---------- -échange- -----io---- -système- ------cpu--------
 r  b   swpd  libre tampon  cache   si   so    bi    bo   in   cs us sy id wa st gu
 2  0      0 16498772 112492 4993792    0    0     0    80 6700 11834 19  3 78  0  0  0
 2  0      0 16517048 112492 4993816    0    0     0     0 6963 12937 18  4 78  0  0  0
 1  0      0 16518748 112492 4993836    0    0     0     0 5470 3550 17  3 80  0  0  0
 3  0      0 16514184 112492 4993852    0    0     0     0 8803 18088 21  4 74  0  0  0
 1  0      0 16497120 112492 4993868    0    0     0     0 6718 11514 18  3 79  0  0  0
 1  0      0 16506832 112500 4993896    0    0     0    60 7188 13085 18  4 78  0  0  0
 3  0      0 16511728 112500 4993904    0    0     0     0 5379 3536 18  3 80  0  0  0
 1  0      0 16510828 112500 4993924    0    0     0   152 9652 19724 21  4 75  0  0  0
 1  0      0 16512956 112500 4993936    0    0     0    20 6756 11289 18  3 78  0  0  0
 4  0      0 16511748 112500 4993964    0    0     0     0 5325 3681 17  3 80  0  0  0
 1  0      0 16525012 112508 4993984    0    0     0    44 7066 12671 18  4 77  0  0  0
 1  0      0 16516988 112508 4993996    0    0     0     0 5290 3499 17  3 80  0  0  0
 1  0      0 16510132 112508 4994012    0    0     0     4 9509 19183 22  4 74  0  0  0
 2  0      0 16508940 112508 4994028    0    0     0     8 6507 11293 18  3 79  0  0  0
 2  0      0 16537192 112508 4993672    0    0     0     0 7129 13266 18  4 78  0  0  0
 1  0      0 16541896 112516 4993680    0    0     0    68 5460 3213 17  3 79  0  0  0
 1  0      0 16542056 112532 4993700    0    0     0    96 9658 20368 23  5 68  5  0  0
 1  0      0 16539580 112532 4993720    0    0     0    16 6785 11633 18  3 79  0  0  0
 1  0      0 16545492 112548 4993724    0    0     0    76 7284 13068 18  4 78  1  0  0
 2  0      0 16541644 112548 4993748    0    0     0    20 5461 3616 17  3 80  0  0  0
 1  0      0 16528404 112548 4993764    0    0     0    12 10224 19660 22  4 74  0  0  0
procs ----------mémoire---------- -échange- -----io---- -système- ------cpu--------
 r  b   swpd  libre tampon  cache   si   so    bi    bo   in   cs us sy id wa st gu
 1  0      0 16486024 112548 4994196    0    0     0    12 7143 12926 20  4 76  0  0  0
 1  0      0 16488016 112548 4994216    0    0     0    16 6822 13077 18  4 78  0  0  0
 1  0      0 16481016 112556 4994228    0    0     0   692 5699 3420 17  3 79  0  0  0
 1  0      0 16481612 112556 4994248    0    0     0    20 9582 17791 22  4 74  0  0  0
 2  0      0 16472768 112556 4994132    0    0     0    16 7247 11814 18  4 78  0  0  0
 3  0      0 16482536 112556 4994156    0    0     0     4 5571 5105 17  3 79  0  0  0
 1  0      0 16490872 112556 4994180    0    0     0     4 7188 11619 18  3 79  0  0  0
 2  0      0 16489768 112572 4994176    0    0     0   136 5702 3991 17  3 78  1  0  0
 1  0      0 16471556 112588 4994208    0    0     0   120 9854 19280 22  4 73  1  0  0
 1  0      0 16475524 112588 4994248    0    0     0     4 7261 11985 18  4 78  0  0  0
 2 28      0 16488080 112588 4994200    0    0     0   884 8808 17382 20  5 72  3  0  0
 1  0      0 16507692 112628 4994216    0    0     0  1188 6496 5084 18  3 62 17  0  0
 2  0      0 16494964 112628 4994224    0    0     0     0 9981 18234 22  4 74  0  0  0
 2  0      0 16494840 112628 4994240    0    0     0     0 6813 11482 18  4 78  0  0  0
 4  0      0 16498280 112628 4994276    0    0     0     0 7215 12438 19  4 77  0  0  0
 1  0      0 16488264 112628 4994292    0    0     0     0 5310 3382 17  3 80  0  0  0
 2  0      0 16497668 112636 4994304    0    0     0    56 8964 17844 21  4 74  0  0  0
 2  0      0 16502956 112636 4994320    0    0     0     0 6591 11388 18  4 78  0  0  0
 4  0      0 16518888 112636 4994344    0    0     0     0 7029 12920 18  4 78  0  0  0
 1  0      0 16505612 112636 4994356    0    0     0     0 5625 3819 17  3 80  0  0  0
 2  0      0 16510100 112636 4994356    0    0     0     0 9439 18584 22  4 74  0  0  0
procs ----------mémoire---------- -échange- -----io---- -système- ------cpu--------
 r  b   swpd  libre tampon  cache   si   so    bi    bo   in   cs us sy id wa st gu
 2  0      0 16497084 112644 4994380    0    0     0    84 6857 11337 18  3 78  0  0  0
 4  0      0 16495516 112644 4994404    0    0     0     0 6329 8548 18  3 79  0  0  0
 1  0      0 16496940 112644 4994436    0    0     0     0 6087 7694 18  3 79  0  0  0
 2  0      0 16513540 112644 4994444    0    0     0     0 5419 3471 17  3 80  0  0  0
 4  0      0 16507084 112652 4994672    0    0     0    44 10194 19471 31  4 65  0  0  0
 1  0      0 16513900 112652 4994692    0    0     0     0 9569 11526 20  4 76  0  0  0
 1  0      0 16517472 112652 4994716    0    0     0     0 7278 12967 18  4 78  0  0  0
 1  0      0 16517972 112668 4994732    0    0     0    72 5328 3802 18  3 78  1  0  0
 1  0      0 16498412 112676 4994736    0    0     0   128 9428 18947 23  5 71  0  0  0
 1  0      0 16505352 112676 4994760    0    0     0     0 7017 11875 19  4 78  0  0  0
 1  0      0 16516376 112676 4994792    0    0     0     0 7010 12710 19  4 78  0  0  0
 1  0      0 16515920 112676 4994804    0    0     0     0 5332 3365 17  3 80  0  0  0
 3  0      0 16507548 112676 4994820    0    0     0     0 9581 19736 22  4 74  0  0  0
 2  0      0 16509640 112684 4994832    0    0     0    64 6814 11407 18  4 78  0  0  0
 2  0      0 16525184 112684 4994864    0    0     0     0 6911 12706 18  4 78  0  0  0
 1  0      0 16529704 112684 4994880    0    0     0     0 5180 3259 18  3 80  0  0  0
 2  0      0 16520392 112684 4994888    0    0     0     0 9650 19773 23  5 72  0  0  0
 2  0      0 16520396 112692 4994896    0    0     0    56 6757 11887 18  4 78  1  0  0
 2  0      0 16514132 112692 4994924    0    0     0     0 6939 11522 18  4 78  0  0  0
 2  0      0 16509644 112692 4994952    0    0     0     0 5451 3404 17  3 79  0  0  0
 3  0      0 16505708 112692 4994964    0    0     0     0 5409 3718 17  3 80  0  0  0
procs ----------mémoire---------- -échange- -----io---- -système- ------cpu--------
 r  b   swpd  libre tampon  cache   si   so    bi    bo   in   cs us sy id wa st gu
 1  0      0 16509024 112692 4994984    0    0     0   816 9904 19749 21  4 74  1  0  0
 2  0      0 16509952 112700 4995020    0    0     0   676 6517 11539 18  3 78  1  0  0
 1  0      0 16510764 112700 4995036    0    0     0     0 6951 12897 18  4 78  0  0  0
 1  0      0 16513244 112700 4995048    0    0     0     0 5596 3548 17  3 80  0  0  0
 3  0      0 16511292 112700 4995064    0    0     0     0 9395 19704 22  4 74  0  0  0
 2  0      0 16506748 112700 4995088    0    0     0     0 6645 11599 18  3 79  0  0  0
 1  0      0 16510136 112708 4995104    0    0     0    68 7180 12751 18  4 78  0  0  0
 3  0      0 16511860 112708 4995128    0    0     0     4 5211 3309 17  3 80  0  0  0
 1  0      0 16516920 112708 4995144    0    0     0     0 9690 19179 22  4 74  0  0  0
 1  0      0 16514600 112708 4995164    0    0     0     0 6664 11279 18  4 78  0  0  0
 2  0      0 16524720 112708 4995184    0    0     0   172 6807 12600 18  4 78  0  0  0
 1  0      0 16523988 112716 4995208    0    0     0    24 5374 3590 17  3 79  0  0  0
 2  0      0 16521516 112716 4995216    0    0     0     0 9686 18604 21  4 74  0  0  0
 3  0      0 16511072 112716 4995236    0    0     0     0 6894 11227 18  4 78  0  0  0
 1  0      0 16521624 112732 4995264    0    0     0   300 6808 12593 18  4 78  0  0  0
 1  0      0 16517072 112732 4995284    0    0     0     0 5396 3537 17  3 80  0  0  0
 9  0      0 16509512 112748 4995288    0    0     0    76 6486 7886 18  3 78  0  0  0
 2  0      0 16505772 112748 4995304    0    0     0    44 8568 14718 20  4 76  0  0  0
 1  0      0 16519580 112748 4995332    0    0     0     0 6704 11218 18  4 79  0  0  0
 1  0      0 16514936 112748 4995352    0    0     0     0 6866 12649 18  4 78  0  0  0
 2  0      0 16520224 112748 4995360    0    0     0    16 5241 3226 17  3 80  0  0  0
procs ----------mémoire---------- -échange- -----io---- -système- ------cpu--------
 r  b   swpd  libre tampon  cache   si   so    bi    bo   in   cs us sy id wa st gu
 1  0      0 16518804 112756 4995380    0    0     0    76 8896 17225 22  4 74  0  0  0
 2  0      0 16518332 112756 4995404    0    0     0     0 6551 11285 18  4 78  0  0  0
 2  0      0 16532608 112756 4995416    0    0     0     0 7217 13048 19  4 78  0  0  0
 1  0      0 16516928 112756 4995448    0    0     0     0 5304 3230 17  3 80  0  0  0
 2  0      0 16512592 112756 4995456    0    0     0     0 9615 19090 21  4 75  0  0  0
 2  0      0 16513676 112764 4995480    0    0     0    24 6631 11304 18  3 79  0  0  0
 2  0      0 16508924 112780 4995488    0    0     0    92 6996 12686 18  4 77  1  0  0
 1  0      0 16523824 112780 4995524    0    0     0     0 5519 4009 18  3 79  0  0  0
 2  0      0 16515828 112804 4995540    0    0     0   216 9960 19710 22  4 73  1  0  0
 2  0      0 16526260 112804 4995568    0    0     0    12 6686 11424 18  4 78  0  0  0
 2  0      0 16519648 112804 4995576    0    0     0   528 7320 12799 19  4 78  0  0  0
 1  0      0 16513716 112804 4995596    0    0     0   120 5377 3616 17  3 80  0  0  0
 8  0      0 16522032 112804 4995616    0    0     0   116 7727 13422 20  4 76  0  0  0
 1  0      0 16520308 112812 4995644    0    0     0   132 6783 8679 19  3 78  0  0  0
 2  0      0 16525632 112812 4995664    0    0     0     0 6571 11355 18  3 78  0  0  0
 2  0      0 16532424 112812 4995688    0    0     0    28 7130 12662 18  3 78  0  0  0
 2  0      0 16530208 112812 4995708    0    0     0     0 5482 3344 17  3 80  0  0  0
 1  0      0 16516908 112812 4995720    0    0     0     0 9662 19904 22  4 74  0  0  0
 2  0      0 16508688 112820 4995740    0    0     0    36 6657 11607 18  4 78  0  0  0
 2  0      0 16509140 112820 4995760    0    0     0     0 7230 12748 18  4 78  0  0  0
 1  0      0 16513824 112820 4995784    0    0     0     0 5513 3558 17  3 80  0  0  0
procs ----------mémoire---------- -échange- -----io---- -système- ------cpu--------
 r  b   swpd  libre tampon  cache   si   so    bi    bo   in   cs us sy id wa st gu
 2  0      0 16514588 112820 4995800    0    0     0   656 9704 18493 22  4 74  0  0  0
 2  1      0 16508764 112820 4995740    0    0     0   100 7782 13697 18  4 76  2  0  0
 1  0      0 16526468 112860 4995724    0    0     0  1840 8410 14961 20  5 63 11  0  0
 2  0      0 16526304 112860 4995756    0    0     0     4 5774 4118 17  3 79  1  0  0
11  0      0 16524152 112876 4995760    0    0     0   104 8257 12929 20  4 75  1  0  0
 4  0      0 16514072 112876 4995780    0    0     0     0 7287 10713 19  4 78  0  0  0
 2  0      0 16517156 112876 4995796    0    0     0     0 6553 11255 18  3 79  0  0  0
 2  0      0 16526928 112876 4995824    0    0     0     0 6984 11981 18  4 78  0  0  0
 1  0      0 16509272 112876 4995832    0    0     0     0 5282 3290 17  3 80  0  0  0
 2  0      0 16503432 112884 4995852    0    0     0    48 8793 16525 21  4 74  0  0  0
 1  0      0 16513940 112884 4995872    0    0     0     0 6564 11076 18  4 78  0  0  0
 2  0      0 16505596 112884 4995896    0    0     0     0 7137 12468 18  4 78  0  0  0
 1  0      0 16516376 112884 4995912    0    0     0     0 5400 3316 17  3 80  0  0  0
 1  0      0 16501240 112892 4995928    0    0     0    84 10036 17976 23  5 72  1  0  0
 1  0      0 16503956 112892 4995952    0    0     0     0 6643 11225 18  4 79  0  0  0
 1  0      0 16511236 112892 4995976    0    0     0     0 7305 13224 19  3 78  0  0  0
 2  0      0 16509796 112900 4995980    0    0     0   104 5584 3813 17  3 79  1  0  0
 1  0      0 16507568 112900 4996000    0    0     0     0 9009 18303 21  4 75  0  0  0
 2  0      0 16514408 112900 4996024    0    0     0     0 6392 11333 18  4 79  0  0  0
 1  0      0 16541260 112900 4996044    0    0     0     0 7052 12664 19  3 78  0  0  0
 1  0      0 16531528 112900 4996064    0    0     0     0 5327 3515 17  3 80  0  0  0
procs ----------mémoire---------- -échange- -----io---- -système- ------cpu--------
 r  b   swpd  libre tampon  cache   si   so    bi    bo   in   cs us sy id wa st gu
 2  0      0 16516876 112908 4996084    0    0     0    44 9336 18917 22  4 74  0  0  0
 5  0      0 16524772 112908 4996100    0    0     0     0 6028 7871 18  3 79  0  0  0
 2  0      0 16526452 112908 4996180    0    0     0     0 6483 8179 18  4 78  0  0  0
 2  0      0 16537116 112908 4996208    0    0     0     0 6702 12539 18  4 78  0  0  0
 1  0      0 16536368 112908 4996220    0    0     0     0 5124 3487 17  3 80  0  0  0
 3  0      0 16535916 112916 4996232    0    0     0    92 9412 18962 22  4 74  0  0  0
 1  0      0 16529100 112916 4996200    0    0     0     0 6856 11391 18  3 78  0  0  0
 1  0      0 16531096 112916 4996224    0    0     0     0 7063 12925 18  4 78  0  0  0
 2  0      0 16524232 112948 4996240    0    0     0   196 5449 3581 17  3 78  2  0  0
 2  0      0 16527460 112948 4996252    0    0     0     0 9807 19009 21  4 74  0  0  0
 2  0      0 16520468 112948 4996272    0    0     0     0 6763 11578 18  4 78  0  0  0
 1  0      0 16542728 112948 4996296    0    0     0     0 7231 12802 19  4 78  0  0  0
 1  1      0 16542436 112956 4996324    0    0     0   960 5839 4101 17  3 78  2  0  0
 2  0      0 16525152 112964 4996344    0    0     0   176 9425 19440 21  4 73  2  0  0
 2  0      0 16529944 112964 4996364    0    0     0     0 7002 11382 18  3 78  0  0  0
 1  0      0 16541532 112980 4996376    0    0     0    80 6763 12304 18  4 77  1  0  0
 2  0      0 16542664 112980 4996392    0    0     0     0 5300 3546 17  3 80  0  0  0
 1  0      0 16531484 112980 4996404    0    0     0     0 8970 17501 22  4 74  0  0  0
 2  0      0 16509892 112980 4996424    0    0     0     0 6884 11944 19  4 77  0  0  0
 3  0      0 16494460 112980 4996436    0    0     0     0 5695 6590 18  3 79  0  0  0
 1  0      0 16499464 112988 4996472    0    0     0    52 6770 9557 19  4 77  1  0  0
procs ----------mémoire---------- -échange- -----io---- -système- ------cpu--------
 r  b   swpd  libre tampon  cache   si   so    bi    bo   in   cs us sy id wa st gu
 2  0      0 16498212 112988 4996484    0    0     0     0 5721 3373 20  5 75  0  0  0
 1  0      0 16513548 112988 4996432    0    0     0     0 9711 17892 22  4 75  0  0  0
 1  0      0 16508316 113020 4996448    0    0     0   156 6501 11198 18  4 77  1  0  0
 1  0      0 16517368 113020 4996468    0    0     0     0 7072 12875 18  4 78  0  0  0
 1  1      0 16501096 113052 5005060    0    0     0  8684 5484 3988 18  3 74  5  0  0
 2  0      0 16521444 113116 4996524    0    0     0 13084 10056 19435 23  5 66  7  0  0
 1  0      0 16509096 113116 4996556    0    0     0   740 6378 11035 18  3 79  0  0  0
 1  0      0 16520808 113116 4996576    0    0     0     0 7118 12449 18  4 78  0  0  0
 1  0      0 16509076 113116 4996596    0    0     0     0 5461 3570 17  3 79  0  0  0
 2  0      0 16513916 113116 4996604    0    0     0     0 9058 17269 21  4 75  0  0  0
 1  0      0 16504764 113124 4996624    0    0     0   132 6703 11321 18  3 78  0  0  0
 1  0      0 16515688 113124 4996636    0    0     0    56 6937 12749 18  3 78  0  0  0
 2  0      0 16520752 113124 4996656    0    0     0     0 5051 3567 17  3 80  0  0  0
 1  2      0 16527704 113136 4996584    0    0     0  1792 11179 22437 24  5 62  9  0  0
 1  0      0 16513888 113164 4996560    0    0     0   484 7366 12557 19  4 70  7  0  0
 1  0      0 16521532 113164 4996576    0    0     0     4 6927 12454 18  4 78  1  0  0
 2  0      0 16513496 113164 4996600    0    0     0     0 5397 3654 17  3 79  0  0  0
 6  0      0 16511140 113164 4996612    0    0     0     0 5664 4031 17  3 79  0  0  0
 2  0      0 16506728 113164 4996628    0    0     0     0 8693 16262 21  4 75  0  0  0
 2  0      0 16493252 113172 4996640    0    0     0    60 6182 10633 18  3 78  0  0  0
 1  0      0 16506940 113172 4996664    0    0     0     0 7291 12289 18  4 78  0  0  0
procs ----------mémoire---------- -échange- -----io---- -système- ------cpu--------
 r  b   swpd  libre tampon  cache   si   so    bi    bo   in   cs us sy id wa st gu
 1  0      0 16512380 113172 4996676    0    0     0     0 5434 3401 17  3 79  0  0  0
 1  0      0 16523492 113188 4996704    0    0     0    52 9554 17595 22  4 74  0  0  0
 1  0      0 16520652 113188 4996716    0    0     0     0 6777 11395 18  3 79  0  0  0
 1  0      0 16537196 113204 4996736    0    0     0   112 6869 11741 18  4 77  1  0  0
 2  0      0 16540904 113204 4996752    0    0     0     0 5294 3488 17  3 80  0  0  0
 1  0      0 16532904 113204 4996764    0    0     0     0 8999 17897 22  4 75  0  0  0
 1  0      0 16535012 113204 4996776    0    0     0     0 6729 11136 18  3 79  0  0  0
 1  0      0 16539672 113204 4996804    0    0     0     0 6967 12146 18  4 78  0  0  0
 2  0      0 16540268 113212 4996820    0    0     0    48 5469 3529 17  3 80  0  0  0
 1  0      0 16538356 113212 4996828    0    0     0   468 9443 18662 22  4 75  0  0  0
 1  0      0 16530276 113212 4996840    0    0     0     0 6900 11470 19  4 77  0  0  0
 2  0      0 16535024 113212 4996864    0    0     0     0 6943 12267 18  3 78  0  0  0
 2  0      0 16516376 113212 4996884    0    0     0     0 5641 3791 18  3 79  0  0  0
 5  0      0 16526152 113220 4996896    0    0     0    64 7588 13419 20  4 76  0  0  0
 1  0      0 16513052 113220 4996912    0    0     0     0 7407 8629 19  3 78  0  0  0
 1  0      0 16514816 113228 4996916    0    0     0    56 6568 10854 18  3 78  1  0  0
 1  0      0 16539268 113228 4996556    0    0     0     0 7037 12448 18  3 78  0  0  0
 2  0      0 16554648 113228 4996564    0    0     0     0 5111 3309 18  3 80  0  0  0
 1  0      0 16543556 113228 4996580    0    0     0     0 8887 17520 21  4 75  0  0  0
 2  0      0 16540564 113228 4996592    0    0     0     0 6765 10990 18  4 78  0  0  0
 2  0      0 16549436 113236 4996624    0    0     0    44 6869 12447 18  3 78  0  0  0
procs ----------mémoire---------- -échange- -----io---- -système- ------cpu--------
 r  b   swpd  libre tampon  cache   si   so    bi    bo   in   cs us sy id wa st gu
 2  0      0 16551580 113236 4996632    0    0     0     0 5357 3841 17  3 80  0  0  0
 2  0      0 16546568 113236 4996640    0    0     0     0 9487 19170 21  4 75  0  0  0
 2 35      0 16552872 113236 4996580    0    0     0   904 8066 14457 19  5 74  2  0  0
 2  0      0 16567572 113276 4996616    0    0     0  1168 7758 13382 19  4 64 13  0  0
 1  0      0 16520300 113276 4997032    0    0     0     0 5852 5530 20  4 76  0  0  0
 3  0      0 16519028 113276 4997044    0    0     0     0 9257 17139 22  4 74  0  0  0
 2  0      0 16528528 113276 4997060    0    0     0     4 6719 10930 18  4 77  1  0  0
 4  0      0 16514232 113276 4997080    0    0     0     0 6150 6862 18  3 79  0  0  0
 1  0      0 16523604 113284 4997092    0    0     0   100 6496 8845 18  3 78  1  0  0
 1  0      0 16524440 113284 4997116    0    0     0     0 5616 3635 17  3 80  0  0  0
 2  0      0 16523204 113300 4997136    0    0     0    56 8838 17134 21  4 74  0  0  0
 1  0      0 16521308 113308 4997156    0    0     0    36 6886 11323 18  4 78  0  0  0
 1  0      0 16531504 113324 4997172    0    0     0    68 7125 12206 19  3 77  1  0  0
 2  0      0 16519836 113324 4997184    0    0     0     0 5526 3535 17  3 79  0  0  0
 2  0      0 16518340 113324 4997204    0    0     0     0 9030 18071 21  4 75  0  0  0
 2  0      0 16522376 113324 4997208    0    0     0     0 6609 10961 18  3 79  0  0  0
 2  0      0 16529304 113324 4997492    0    0     0     0 6663 12118 18  4 78  0  0  0
 1  0      0 16520376 113332 4997252    0    0     0    40 5532 3357 17  3 80  0  0  0
 2  0      0 16526436 113332 4997272    0    0     0   112 9015 17856 22  4 75  0  0  0
 2  0      0 16527576 113332 4997292    0    0     0     0 6836 11333 18  4 78  0  0  0
 1  0      0 16531672 113332 4997312    0    0     0     0 6793 11739 18  4 78  0  0  0
procs ----------mémoire---------- -échange- -----io---- -système- ------cpu--------
 r  b   swpd  libre tampon  cache   si   so    bi    bo   in   cs us sy id wa st gu
 1  0      0 16529564 113332 4997772    0    0     0     0 5448 3861 18  3 79  0  0  0
 1  0      0 16515472 113340 4997792    0    0     0    28 9250 17280 21  4 75  0  0  0
 1  0      0 16508368 113340 4997800    0    0     0     0 6762 10678 18  3 79  0  0  0
 2  0      0 16519300 113340 4997816    0    0     0     0 7004 12327 19  4 78  0  0  0
 2  0      0 16519368 113348 4997840    0    0     0    60 5519 3543 17  3 79  1  0  0
 5  1      0 16534100 113356 4997800    0    0     0    88 7191 10293 19  4 76  1  0  0
 1  0      0 16528844 113396 4997820    0    0     0  2372 9302 15250 22  5 62 11  0  0
 2  0      0 16519976 113396 4997832    0    0     0     0 6532 10583 18  4 79  0  0  0
 1  0      0 16515880 113396 4997852    0    0     0     0 6968 11910 19  4 78  0  0  0
 1  0      0 16519476 113396 4997864    0    0     0     0 5292 3425 17  3 80  0  0  0
 1  0      0 16531116 113396 4997884    0    0     0     0 9454 18618 21  4 75  0  0  0
 1  0      0 16539488 113404 4997896    0    0     0    60 6411 10834 18  4 78  1  0  0
 1  0      0 16543924 113404 4997920    0    0     0     0 6671 11720 18  4 79  0  0  0
 2  0      0 16544956 113404 4997936    0    0     0     0 5798 4019 18  3 78  0  0  0
 3  0      0 16532152 113404 4997956    0    0     0     0 9577 19045 22  4 74  0  0  0
 3  0      0 16527264 113404 4997972    0    0     0     0 6604 10517 18  4 79  0  0  0
 1  0      0 16531752 113412 4997988    0    0     0    32 7101 11678 18  4 78  0  0  0
 2  0      0 16534144 113412 4998000    0    0     0     0 5209 3451 17  3 80  0  0  0
 1  0      0 16540496 113412 4998020    0    0     0     0 9441 17736 21  4 75  0  0  0
 2  0      0 16541592 113428 4998028    0    0     0    56 6342 10905 18  3 78  1  0  0
 2  0      0 16546924 113428 4998068    0    0     0     0 6799 11756 18  4 78  0  0  0
procs ----------mémoire---------- -échange- -----io---- -système- ------cpu--------
 r  b   swpd  libre tampon  cache   si   so    bi    bo   in   cs us sy id wa st gu
 1  0      0 16551060 113444 4998068    0    0     0    72 5341 3559 17  3 79  1  0  0
 4  0      0 16542372 113444 4998084    0    0     0     0 8832 18121 22  4 75  0  0  0
 2  0      0 16542180 113444 4998100    0    0     0     0 6205 7594 18  3 79  0  0  0
 2  0      0 16539064 113444 4998116    0    0     0     0 6031 6657 18  3 79  0  0  0
 1  1      0 16554316 113456 4998000    0    0     0  1596 8828 16373 21  5 69  5  0  0
 1  0      0 16553556 113484 4998032    0    0     0   328 6258 4775 17  4 74  5  0  0
 2  0      0 16544768 113484 4998044    0    0     0     0 9177 16798 21  4 75  0  0  0
 1  0      0 16544076 113484 4998064    0    0     0     4 6857 10859 19  4 76  1  0  0
 2  0      0 16544572 113484 4998080    0    0     0     0 6993 11716 18  3 78  0  0  0
 2  0      0 16552404 113484 4998092    0    0     0     0 5406 3411 17  3 80  0  0  0
 2  0      0 16543044 113492 4998112    0    0     0    68 8593 17681 21  4 75  0  0  0
 3  0      0 16545308 113492 4998124    0    0     0     0 6403 10586 18  4 78  0  0  0
 3  0      0 16558444 113492 4998152    0    0     0     0 6678 11549 18  3 79  0  0  0
 1  0      0 16565844 113500 4998160    0    0     0    56 5300 3435 17  3 79  1  0  0
 2  0      0 16561640 113500 4998184    0    0     0     0 8932 17373 21  4 75  0  0  0
 2  0      0 16555932 113500 4998208    0    0     0    68 6544 10686 18  4 78  0  0  0
 2  0      0 16551264 113500 4998224    0    0     0     0 6725 11593 18  3 78  0  0  0
 1  0      0 16553284 113500 4998244    0    0     0     0 5499 3464 17  3 80  0  0  0
 1  0      0 16551656 113508 4998256    0    0     0    28 10247 17826 21  4 74  0  0  0
 1  0      0 16538600 113508 4998276    0    0     0     0 6579 10947 18  3 79  0  0  0
 1  0      0 16551288 113508 4998292    0    0     0     0 6880 11837 18  4 78  0  0  0
procs ----------mémoire---------- -échange- -----io---- -système- ------cpu--------
 r  b   swpd  libre tampon  cache   si   so    bi    bo   in   cs us sy id wa st gu
 2  0      0 16539756 113508 4998308    0    0     0     0 5234 3363 17  3 80  0  0  0
 5  1      0 16546684 113540 4998232    0    0     0  1596 8750 12906 21  5 66  7  0  0
 1  0      0 16543796 113548 4998252    0    0     0    80 8232 12468 20  4 74  2  0  0
 1  0      0 16543580 113548 4998276    0    0     0     0 6537 10367 18  4 78  0  0  0
 2  0      0 16556800 113548 4998300    0    0     0     4 7037 11799 18  4 78  0  0  0
 1  0      0 16555136 113548 4998312    0    0     0     0 5390 3404 17  3 80  0  0  0
 2  0      0 16557084 113548 4998328    0    0     0     0 9016 17512 21  4 75  0  0  0
 3  0      0 16553892 113556 4998348    0    0     0    64 6389 10254 18  3 78  0  0  0
 2  0      0 16559368 113572 4998376    0    0     0    56 6858 11728 18  4 77  1  0  0
 1  0      0 16560676 113572 4998384    0    0     0     0 5261 3266 17  3 80  0  0  0
 1  0      0 16552868 113588 4998388    0    0     0    72 8991 18185 21  4 74  1  0  0
 3  0      0 16557672 113588 4998412    0    0     0     0 6897 10327 18  3 79  0  0  0
 2  0      0 16561068 113588 4998436    0    0     0     0 6817 11545 18  4 79  0  0  0
 1  0      0 16566472 113588 4998444    0    0     0     0 5313 3330 17  3 80  0  0  0
 1  0      0 16561356 113588 4998464    0    0     0     0 8743 16712 21  4 75  0  0  0
 2  0      0 16555476 113596 4998484    0    0     0    48 6474 10259 18  4 79  0  0  0
 2  0      0 16565572 113596 4998508    0    0     0     0 6892 11404 18  4 78  0  0  0
 3  1      0 16566396 113596 4998456    0    0     0   148 6739 7089 19  5 75  2  0  0
 1  0      0 16573220 113636 4998412    0    0     0  1644 10031 18872 23  5 61 12  0  0
 2  0      0 16561308 113636 4998428    0    0     0     4 6527 10598 18  3 79  0  0  0
 3  0      0 16558024 113636 4998448    0    0     0     0 5901 5220 17  3 79  0  0  0
procs ----------mémoire---------- -échange- -----io---- -système- ------cpu--------
 r  b   swpd  libre tampon  cache   si   so    bi    bo   in   cs us sy id wa st gu
 3  0      0 16555840 113636 4998464    0    0     0     0 6177 8263 18  4 79  0  0  0
 1  0      0 16561488 113636 4998476    0    0     0     0 5488 3395 17  3 80  0  0  0
 2  0      0 16564516 113644 4998472    0    0     0    92 9080 17378 21  4 74  1  0  0
 1  0      0 16553592 113644 4998512    0    0     0     0 6702 10129 18  3 78  0  0  0
 1  0      0 16564972 113644 4998532    0    0     0     0 6648 11200 18  4 78  0  0  0
 3  1      0 16555792 113644 4999328    0    0     0     0 6046 4355 18  3 78  0  0  0
 4  0      0 16556608 113644 4999344    0    0     0     0 11367 17539 22  4 73  1  0  0
 1  0      0 16552704 113652 4999204    0    0     0   116 11314 11356 19  4 76  1  0  0
 1  0      0 16569568 113652 4999208    0    0     0     0 16413 12320 19  5 75  1  0  0
 1  0      0 16568324 113652 4999224    0    0     0     0 16209 4173 19  4 77  1  0  0
 2  0      0 16560912 113652 4999296    0    0     0     0 26271 17701 24  5 70  1  0  0
 3  0      0 16551976 113652 4999316    0    0     0     0 37344 10854 21  6 72  0  0  0
 3  0      0 16552396 113660 4999276    0    0     0    24 47626 11897 23  6 70  0  0  0
 2  0      0 16553452 113660 4999296    0    0     0     0 58545 3632 23  7 70  0  0  0
 2  1      0 16560984 113692 4999248    0    0     0  1488 71020 19810 30 10 52  8  0  0
 2  1      0 16525592 113748 5024936    0    0     0   392 21431 13898 27  6 63  4  0  0
 1  0      0 16521784 113748 5024952    0    0     0     4 6519 11068 18  3 78  1  0  0
 2  0      0 16532924 113764 5024980    0    0     0    72 5553 3865 17  3 79  1  0  0
 9  0      0 16539560 113764 5024988    0    0     0     0 7159 10905 19  4 77  0  0  0
 1  0      0 16539768 113780 5025000    0    0     0    68 6767 8783 19  3 78  0  0  0
 2  0      0 16539416 113780 5025016    0    0     0     0 6353 9977 18  3 79  0  0  0
procs ----------mémoire---------- -échange- -----io---- -système- ------cpu--------
 r  b   swpd  libre tampon  cache   si   so    bi    bo   in   cs us sy id wa st gu
 1  0      0 16570596 113780 5005400    0    0     0     0 6725 11363 18  4 78  0  0  0
 1  0      0 16583808 113780 5005412    0    0     0     0 5182 3273 17  3 80  0  0  0
 4  1      0 16587756 113780 5005352    0    0     0    96 10074 19849 22  4 73  2  0  0
 3  0      0 16585524 113820 5005364    0    0     0  1684 7338 9527 19  4 63 14  0  0
 1  0      0 16587204 113820 5005384    0    0     0     0 5910 6922 18  3 79  0  0  0
 1  0      0 16584932 113820 5005404    0    0     0     4 6801 11285 19  4 77  0  0  0
 1  0      0 16583180 113820 5005420    0    0     0     0 5327 3353 17  3 80  0  0  0
 1  0      0 16587932 113820 5005428    0    0     0     0 8829 15833 21  4 75  0  0  0
 1  1      0 16579008 113828 5005448    0    0     0    60 6549 10034 18  3 79  0  0  0
 2  0      0 16575128 113828 5005464    0    0     0     0 6582 10862 18  4 79  0  0  0
 2  0      0 16577116 113828 5005476    0    0     0     0 5331 3381 17  3 80  0  0  0
 4  1      0 16582592 113828 5005404    0    0     0   148 10211 20562 22  5 71  2  0  0
 1  0      0 16586852 113876 5005384    0    0     0  1376 7307 11427 19  4 67 10  0  0
 3  0      0 16599260 113876 5005424    0    0     0     0 6647 10624 18  3 79  0  0  0
 1  0      0 16596788 113876 5005436    0    0     0     0 5484 3464 17  3 80  0  0  0
 2  0      0 16589500 113876 5005444    0    0     0     0 8031 14575 21  4 76  0  0  0
 1  0      0 16586600 113876 5005464    0    0     0     0 6560 10400 18  4 79  0  0  0
 1  0      0 16611832 113884 5005488    0    0     0    64 6613 10404 18  3 78  0  0  0
 6  1      0 16615452 113884 5005424    0    0     0   144 6855 6903 18  4 76  2  0  0
 9  0      0 16609944 113924 5005408    0    0     0  1332 7319 7906 19  4 68  8  0  0
 1  0      0 16592440 113924 5005420    0    0     0     4 8549 14031 20  4 75  1  0  0
procs ----------mémoire---------- -échange- -----io---- -système- ------cpu--------
 r  b   swpd  libre tampon  cache   si   so    bi    bo   in   cs us sy id wa st gu
 1  0      0 16583152 113924 5005440    0    0     0     0 6407 9223 18  3 79  0  0  0
 3  0      0 16593596 113924 5005456    0    0     0     0 6722 10456 18  3 78  0  0  0
 2  0      0 16601116 113924 5005472    0    0     0     0 5429 3495 17  3 80  0  0  0
 1  0      0 16596992 113932 5005484    0    0     0    84 9696 15145 21  4 75  0  0  0
 1  1      0 16613712 113964 5005252    0    0     0  1484 7829 10019 20  5 67  9  0  0
 1  0      0 16613264 113988 5005308    0    0     0   156 6432 8005 18  3 76  3  0  0
 1  0      0 16599708 113988 5005328    0    0     0     4 6712 10324 18  3 78  1  0  0
 2  0      0 16603344 114004 5005328    0    0     0    76 5441 3461 17  3 79  1  0  0
 2  0      0 16605532 114004 5005344    0    0     0     0 8661 15179 21  4 75  0  0  0
 3  0      0 16609316 114052 5005360    0    0     0   492 6246 9510 18  4 76  3  0  0
 1  1      0 16615272 114064 5005448    0    0     0  1116 7922 9932 20  4 68  8  0  0
 2  0      0 16613080 114092 5005464    0    0     0   296 6815 8810 18  4 76  3  0  0
 3  0      0 16623260 114092 5005472    0    0     0     0 5333 3333 17  3 80  0  0  0
 2  0      0 16623856 114092 5005484    0    0     0     4 8512 15619 21  3 75  0  0  0
 2  1      0 16629352 114092 5005384    0    0     0   100 6937 11302 18  4 77  1  0  0
 2  0      0 16640316 114132 5005352    0    0     0  1308 7802 12341 20  5 69  7  0  0
 2  1      0 16649020 114132 5005360    0    0     0     4 5269 3637 17  3 80  0  0  0
 2  0      0 16637272 114132 5005368    0    0     0     0 8358 15003 21  4 75  0  0  0
 1  0      0 16629608 114132 5005392    0    0     0     0 6057 9104 18  3 79  0  0  0
 2  2      0 16621864 114144 5005272    0    0     0  1100 8107 13042 20  4 69  7  0  0
 1  0      0 16623624 114172 5005284    0    0     0   344 6157 5434 18  3 73  6  0  0
procs ----------mémoire---------- -échange- -----io---- -système- ------cpu--------
 r  b   swpd  libre tampon  cache   si   so    bi    bo   in   cs us sy id wa st gu
 1  0      0 16622644 114172 5005292    0    0     0     0 5239 3462 17  3 80  0  0  0
 1  0      0 16642036 114180 5005288    0    0     0    88 8458 14161 20  3 76  0  0  0
 2  1      0 16643024 114180 5005192    0    0     0   128 7498 11927 19  4 75  2  0  0
 3  0      0 16648828 114220 5005180    0    0     0  1240 7493 11138 19  5 61 15  0  0
 1  0      0 16648180 114220 5005184    0    0     0     0 5676 3596 17  3 80  0  0  0
 2  0      0 16645716 114220 5005196    0    0     0     0 7788 13690 21  4 76  0  0  0
 2  2      0 16636300 114232 5005008    0    0     0  1060 7763 10596 20  5 69  7  0  0
 2  0      0 16639396 114260 5005032    0    0     0   316 6197 6667 18  3 73  6  0  0
 1  0      0 16654184 114260 5005052    0    0     0     0 6557 9518 18  3 79  0  0  0
 2  0      0 16654332 114260 5005048    0    0     0     0 5310 3227 17  3 80  0  0  0
 1  2      0 16666128 114260 5004944    0    0     0   652 9796 17998 22  5 67  6  0  0
 1  0      0 16666176 114300 5004960    0    0     0   816 7076 10075 18  4 68 10  0  0
 1  0      0 16678316 114300 5004980    0    0     0     0 6979 10321 18  4 78  0  0  0
 2  0      0 16676480 114300 5004992    0    0     0     0 5200 3312 17  3 80  0  0  0
 3  0      0 16667512 114316 5005016    0    0     0    80 9026 15020 20  4 75  1  0  0
 3  0      0 16665668 114356 5004780    0    0     0  1352 8147 12608 20  5 66  9  0  0
 2  1      0 16671272 114364 5004780    0    0     0   564 6467 9247 18  3 78  0  0  0
 1  0      0 16664284 114364 5004796    0    0     0     0 5402 3499 17  3 79  1  0  0
 3  0      0 16663100 114364 5004816    0    0     0     4 5408 3425 17  3 79  0  0  0
 1  1      0 16676420 114384 5004648    0    0     0  1348 9820 17927 22  5 64  9  0  0
 2  0      0 16666656 114404 5004668    0    0     0   304 6632 9121 18  4 76  3  0  0
procs ----------mémoire---------- -échange- -----io---- -système- ------cpu--------
 r  b   swpd  libre tampon  cache   si   so    bi    bo   in   cs us sy id wa st gu
 1  0      0 16678424 114404 5004688    0    0     0     0 6851 8856 18  3 79  0  0  0
 2  1      0 16688160 114416 5004564    0    0     0  1024 7249 7734 19  4 72  5  0  0
 3  0      0 16684308 114444 5004568    0    0     0   308 8437 13281 21  4 70  5  0  0
 2  0      0 16689068 114444 5004572    0    0     0     0 5836 7631 18  3 79  0  0  0
 2  1      0 16706008 114444 5004484    0    0     0   124 8032 12666 19  4 75  2  0  0
 1  0      0 16711764 114484 5004400    0    0     0  1180 6288 4387 19  4 70  8  0  0
 1  0      0 16687352 114484 5004404    0    0     0     0 7827 13591 20  4 77  0  0  0
 2  2      0 16685680 114496 5004212    0    0     0  1032 7613 9620 19  4 69  8  0  0
 1  0      0 16688052 114524 5004232    0    0     0   356 6312 6928 18  3 73  6  0  0
 1  0      0 16691096 114524 5004252    0    0     0     0 6020 8261 18  3 79  0  0  0
 1  1      0 16708540 114556 5003996    0    0     0  1208 7554 7933 19  4 67 10  0  0
 1  0      0 16717760 114580 5003620    0    0     0   200 8789 13492 20  4 73  3  0  0
 1  1      0 16734916 114592 5003380    0    0     0  1032 7849 11351 19  5 71  6  0  0
 1  0      0 16723420 114620 5003396    0    0     0   328 5981 4749 18  3 75  4  0  0
 1  1      0 16735960 114620 5003292    0    0     0    48 7783 11007 18  3 77  2  0  0
 1  0      0 16754088 114660 5003288    0    0     0  1188 6898 6172 19  4 66 11  0  0
 2  0      0 16740108 114660 5003212    0    0     0    96 9047 15422 20  4 74  2  0  0
 2  0      0 16744652 114700 5003148    0    0     0  1140 7271 8744 19  4 69  8  0  0
 2  1      0 16759452 114712 5003004    0    0     0   956 7469 8675 19  4 71  5  0  0
 1  0      0 16767760 114740 5002992    0    0     0   300 6468 6940 18  3 74  5  0  0
 2  1      0 16786304 114752 5002780    0    0     0   960 6953 7095 19  4 71  6  0  0
procs ----------mémoire---------- -échange- -----io---- -système- ------cpu--------
 r  b   swpd  libre tampon  cache   si   so    bi    bo   in   cs us sy id wa st gu
 2  0      0 16777660 114780 5002792    0    0     0   316 7896 11902 20  3 73  4  0  0
 2  1      0 16774352 114812 5002596    0    0     0  1128 8244 11068 19  4 67  9  0  0
 2  1      0 16777516 114820 5002416    0    0     0   220 7204 7928 19  4 72  6  0  0
 2  0      0 16796784 114860 5002408    0    0     0  1148 6535 7727 18  4 72  7  0  0
 2  1      0 16817400 114892 5002256    0    0     0  1256 7699 8399 19  4 66 11  0  0
 1  2      0 16803088 114912 5002056    0    0     0  1028 8789 13656 21  4 65  9  0  0
 1  2      0 16812660 114952 5001804    0    0     0  1184 7750 10437 19  4 64 13  0  0
 1  1      0 16815876 115000 5001528    0    0     0  1216 7976 8919 19  4 67 10  0  0
 2  1      0 16833572 115048 5001432    0    0     0  1348 7651 8293 19  5 67 10  0  0
 2  2      0 16849128 115100 5001184    0    0     0  1300 8559 10679 19  4 63 13  0  0
 1  2      0 16794736 115144 5001244    0    0     0  1308 7649 8832 21  5 59 15  0  0
 2  3      0 16791992 115172 5001180    0    0     0  1128 8025 10125 19  4 57 20  0  0
 2  6      0 16798736 115192 5000764    0    0     0  1428 9019 12232 20  5 49 27  0  0
 2  4      0 16834620 115212 5000136    0    0     0  1136 8581 12483 18  4 43 34  0  0
 0  4      0 16879800 115256 4999620    0    0     0  1028 7575 11739  8  5 61 25  0  0
 0  2      0 16880788 115272 4999548    0    0     0  1180 3702 5293  4  4 64 28  0  0
 0  3      0 16887752 115308 4999388    0    0     0  1140 5167 6964  8  5 65 22  0  0
 0  7      0 16896904 115356 4999188    0    0     0  1096 3749 3604  5  4 59 32  0  0
 0  3      0 16933076 115400 4998824    0    0     0   988 5528 7527  9  7 56 28  0  0
 1  0      0 16890392 115444 5000708    0    0     0   936 6283 8764  5  4 76 15  0  0
 0  1      0 16869996 115472 5002764    0    0     0   596 14204 22754  7  7 82  4  0  0
procs ----------mémoire---------- -échange- -----io---- -système- ------cpu--------
 r  b   swpd  libre tampon  cache   si   so    bi    bo   in   cs us sy id wa st gu
 0  1      0 16877312 115532 5002576    0    0     0   976 4480 6069  2  2 84 12  0  0
 1  0      0 16891540 115576 5002528    0    0     0   792 4001 5493  2  3 85 10  0  0
 1  0      0 16896740 115632 5002444    0    0     0   912 4759 8165  3  3 83 11  0  0
 0  1      0 16909052 115676 5002344    0    0     0   912 4523 6151  2  3 85 10  0  0
 0  1      0 16909912 115732 5002188    0    0     0   844 3875 5354  2  2 86 10  0  0
 0  1      0 16924440 115784 5002064    0    0     0   880 5636 8481  3  3 83 10  0  0
 0  1      0 16939320 115844 5001932    0    0     0   948 4539 6351  2  3 84 11  0  0
 0  1      0 16940484 115888 5001744    0    0     0   900 3914 5567  2  2 85 11  0  0
 0  1      0 16939112 115948 5001564    0    0     0   880 5347 8922  3  3 83 10  0  0
 0  1      0 16949304 116004 5001376    0    0     0   900 4827 6870  3  4 83 10  0  0
 0  1      0 16956196 116064 5001188    0    0     0   936 4126 5730  2  2 85 10  0  0
 0  1      0 16942180 116124 5000996    0    0     0   888 5040 8207  3  3 84 10  0  0
 0  1      0 16933784 116184 5000860    0    0     0   936 4612 6430  2  2 85 10  0  0
 1  1      0 16947864 116256 5000652    0    0     0  1072 4474 6362  2  3 85 11  0  0
 0  1      0 16946192 116320 5000500    0    0     0  1028 5260 8862  4  4 81 12  0  0
 0  1      0 16953436 116380 5000280    0    0     0   932 4715 6417  2  2 85 10  0  0
 0  2      0 16946840 116424 5002016    0    0     0  1756 5274 7632  6  5 76 13  0  0
