Linux 6.17.0-19-generic (tolokoum-HP-ProBook-640-G4) 	04/06/2026 	_x86_64_	(8 CPU)

08:16:29     CPU    %usr   %nice    %sys %iowait    %irq   %soft  %steal  %guest  %gnice   %idle
08:16:30     all    5,15    0,25    4,02   17,71    0,00    0,25    0,00    0,00    0,00   72,61
08:16:31     all    4,29    0,13    2,90   10,34    0,00    0,00    0,00    0,00    0,00   82,35
08:16:32     all    6,61    0,13    4,45   10,29    0,00    0,00    0,00    0,00    0,00   78,53
08:16:33     all    4,42    0,00    3,03    9,34    0,00    0,00    0,00    0,00    0,00   83,21
08:16:34     all    9,54    0,00    9,29    0,00    0,00    0,00    0,00    0,00    0,00   81,17
08:16:35     all    5,05    0,00    4,42   13,64    0,00    0,13    0,00    0,00    0,00   76,77
08:16:36     all    4,02    0,00    2,51   11,67    0,00    0,00    0,00    0,00    0,00   81,81
08:16:37     all    9,72    0,00    4,04    6,31    0,00    0,00    0,00    0,00    0,00   79,92
08:16:38     all   13,07    0,00    0,88    0,63    0,00    0,00    0,00    0,00    0,00   85,43
08:16:39     all   13,30    0,00    0,63    0,00    0,00    0,00    0,00    0,00    0,00   86,07
08:16:40     all   12,77    0,00    0,75    0,00    0,00    0,00    0,00    0,00    0,00   86,48
08:16:41     all   12,86    0,00    1,12    0,00    0,00    0,00    0,00    0,00    0,00   86,02
08:16:42     all   13,16    0,00    0,63    0,00    0,00    0,00    0,00    0,00    0,00   86,22
08:16:43     all   13,09    0,00    0,87    0,50    0,00    0,00    0,00    0,00    0,00   85,54
08:16:44     all   14,23    0,00    1,26    4,16    0,00    0,00    0,00    0,00    0,00   80,35
08:16:45     all   13,27    0,00    0,63   18,77    0,00    0,00    0,00    0,00    0,00   67,33
08:16:46     all   17,35    0,00    2,87   10,24    0,00    0,00    0,00    0,00    0,00   69,54
08:16:47     all   25,31    0,00    2,77   15,74    0,00    0,00    0,00    0,00    0,00   56,17
08:16:48     all   26,63    0,13    3,14   10,55    0,00    0,00    0,00    0,00    0,00   59,55
08:16:49     all   34,72    0,00    4,15   11,70    0,00    0,00    0,00    0,00    0,00   49,43
08:16:50     all   36,27    0,00    3,78   10,96    0,00    0,13    0,00    0,00    0,00   48,87
08:16:51     all   40,68    0,00    5,67    7,18    0,00    0,00    0,00    0,00    0,00   46,47
08:16:52     all   47,68    0,00    4,64    9,66    0,00    0,13    0,00    0,00    0,00   37,89
08:16:53     all   48,55    0,00    6,68    6,31    0,00    0,13    0,00    0,00    0,00   38,34
08:16:54     all   55,71    0,13    5,90    8,53    0,00    0,00    0,00    0,00    0,00   29,74
08:16:55     all   59,57    0,13    6,93    5,54    0,00    0,00    0,00    0,00    0,00   27,83
08:16:56     all   63,38    0,00    7,83    2,40    0,00    0,13    0,00    0,00    0,00   26,26
08:16:57     all   68,93    0,00    7,04    3,77    0,00    0,00    0,00    0,00    0,00   20,25
08:16:58     all   69,51    0,13    8,66    3,64    0,00    0,13    0,00    0,00    0,00   17,94
08:16:59     all   78,52    0,13    8,17    2,64    0,00    0,25    0,00    0,00    0,00   10,30
08:17:00     all   79,87    0,00    8,55    2,64    0,00    0,00    0,00    0,00    0,00    8,93
08:17:01     all   81,78    0,00    9,80    1,26    0,00    0,00    0,00    0,00    0,00    7,16
08:17:02     all   87,11    0,00    8,39    1,13    0,00    0,13    0,00    0,00    0,00    3,25
08:17:03     all   85,34    0,00    9,15    0,88    0,00    0,13    0,00    0,00    0,00    4,51
08:17:04     all   88,22    0,00    8,90    0,38    0,00    0,13    0,00    0,00    0,00    2,38
08:17:05     all   88,32    0,00    8,67    0,50    0,00    0,38    0,00    0,00    0,00    2,14
08:17:06     all   88,00    0,00   10,50    0,25    0,00    0,12    0,00    0,00    0,00    1,12
08:17:07     all   90,43    0,00    8,94    0,00    0,00    0,00    0,00    0,00    0,00    0,63
08:17:08     all   88,50    0,00   10,12    0,25    0,00    0,00    0,00    0,00    0,00    1,12
08:17:09     all   89,65    0,12    8,98    0,25    0,00    0,25    0,00    0,00    0,00    0,75
08:17:10     all   88,83    0,00    9,16    0,13    0,00    0,25    0,00    0,00    0,00    1,63
08:17:11     all   88,72    0,00   10,15    0,13    0,00    0,00    0,00    0,00    0,00    1,00
08:17:12     all   90,38    0,00    9,38    0,12    0,00    0,00    0,00    0,00    0,00    0,12
08:17:13     all   89,86    0,00    9,51    0,00    0,00    0,13    0,00    0,00    0,00    0,50
08:17:14     all   88,42    0,12   10,83    0,25    0,00    0,12    0,00    0,00    0,00    0,25
08:17:15     all   89,84    0,00    9,91    0,00    0,00    0,00    0,00    0,00    0,00    0,25
08:17:16     all   88,89    0,12   10,24    0,12    0,00    0,25    0,00    0,00    0,00    0,37
08:17:17     all   88,53    0,12   10,97    0,12    0,00    0,12    0,00    0,00    0,00    0,12
08:17:18     all   90,50    0,00    8,75    0,00    0,00    0,38    0,00    0,00    0,00    0,38
08:17:19     all   88,64    0,12   10,74    0,00    0,00    0,00    0,00    0,00    0,00    0,50
08:17:20     all   88,38    0,12   11,00    0,00    0,00    0,38    0,00    0,00    0,00    0,12
08:17:21     all   89,71    0,00    9,79    0,00    0,00    0,00    0,00    0,00    0,00    0,50
08:17:22     all   88,40    0,12   11,10    0,00    0,00    0,12    0,00    0,00    0,00    0,25
08:17:23     all   89,35    0,00   10,40    0,13    0,00    0,00    0,00    0,00    0,00    0,13
08:17:24     all   89,72    0,00   10,15    0,00    0,00    0,13    0,00    0,00    0,00    0,00
08:17:25     all   88,49    0,00   11,26    0,25    0,00    0,00    0,00    0,00    0,00    0,00
08:17:26     all   90,38    0,00    9,12    0,00    0,00    0,25    0,00    0,00    0,00    0,25
08:17:27     all   90,36    0,00    9,51    0,00    0,00    0,00    0,00    0,00    0,00    0,13
08:17:28     all   88,39    0,12   11,36    0,00    0,00    0,12    0,00    0,00    0,00    0,00
08:17:29     all   89,91    0,12    9,46    0,00    0,00    0,37    0,00    0,00    0,00    0,12
08:17:30     all   87,34    0,00   12,41    0,00    0,00    0,13    0,00    0,00    0,00    0,13
08:17:31     all   89,26    0,00   10,36    0,00    0,00    0,00    0,00    0,00    0,00    0,37
08:17:32     all   90,24    0,00    9,76    0,00    0,00    0,00    0,00    0,00    0,00    0,00
08:17:33     all   87,47    0,00   12,03    0,13    0,00    0,13    0,00    0,00    0,00    0,25
08:17:34     all   90,88    0,00    9,00    0,00    0,00    0,12    0,00    0,00    0,00    0,00
08:17:35     all   88,78    0,00   10,97    0,00    0,00    0,25    0,00    0,00    0,00    0,00
08:17:36     all   88,85    0,00   10,90    0,00    0,00    0,25    0,00    0,00    0,00    0,00
08:17:37     all   89,46    0,13   10,29    0,00    0,00    0,00    0,00    0,00    0,00    0,13
08:17:38     all   87,89    0,00   11,61    0,00    0,00    0,12    0,00    0,00    0,00    0,37
08:17:39     all   89,78    0,00    9,85    0,00    0,00    0,25    0,00    0,00    0,00    0,12
08:17:40     all   89,74    0,13   10,01    0,00    0,00    0,13    0,00    0,00    0,00    0,00
08:17:41     all   88,50    0,00   11,38    0,00    0,00    0,00    0,00    0,00    0,00    0,12
08:17:42     all   89,36    0,00   10,51    0,00    0,00    0,13    0,00    0,00    0,00    0,00
08:17:43     all   90,60    0,00    9,27    0,00    0,00    0,13    0,00    0,00    0,00    0,00
08:17:44     all   87,84    0,00   12,16    0,00    0,00    0,00    0,00    0,00    0,00    0,00
08:17:45     all   90,29    0,12    9,34    0,00    0,00    0,25    0,00    0,00    0,00    0,00
08:17:46     all   89,97    0,00    9,77    0,00    0,00    0,13    0,00    0,00    0,00    0,13
08:17:47     all   88,26    0,12   11,24    0,12    0,00    0,12    0,00    0,00    0,00    0,12
08:17:48     all   89,11    0,00   10,51    0,13    0,00    0,13    0,00    0,00    0,00    0,13
08:17:49     all   90,04    0,12    9,59    0,00    0,00    0,25    0,00    0,00    0,00    0,00
08:17:50     all   88,89    0,00   10,61    0,00    0,00    0,25    0,00    0,00    0,00    0,25
08:17:51     all   89,75    0,00   10,25    0,00    0,00    0,00    0,00    0,00    0,00    0,00
08:17:52     all   90,10    0,00    9,27    0,13    0,00    0,13    0,00    0,00    0,00    0,38
08:17:53     all   88,17    0,12   11,33    0,00    0,00    0,12    0,00    0,00    0,00    0,25
08:17:54     all   86,23    0,00   13,39    0,13    0,00    0,00    0,00    0,00    0,00    0,25
08:17:55     all   89,00    0,25   10,25    0,00    0,00    0,12    0,00    0,00    0,00    0,38
08:17:56     all   86,61    0,13   10,01    1,88    0,00    0,25    0,00    0,00    0,00    1,13
08:17:57     all   89,40    0,00   10,35    0,00    0,00    0,25    0,00    0,00    0,00    0,00
08:17:58     all   90,10    0,00    9,65    0,25    0,00    0,00    0,00    0,00    0,00    0,00
08:17:59     all   89,62    0,00    9,88    0,12    0,00    0,38    0,00    0,00    0,00    0,00
08:18:00     all   90,35    0,00    9,52    0,00    0,00    0,13    0,00    0,00    0,00    0,00
08:18:01     all   88,54    0,12   11,21    0,00    0,00    0,12    0,00    0,00    0,00    0,00
08:18:02     all   89,70    0,00    9,55    0,75    0,00    0,00    0,00    0,00    0,00    0,00
08:18:03     all   88,86    0,13   10,64    0,00    0,00    0,25    0,00    0,00    0,00    0,13
08:18:04     all   88,51    0,00   11,24    0,00    0,00    0,12    0,00    0,00    0,00    0,12
08:18:05     all   91,36    0,00    8,51    0,00    0,00    0,00    0,00    0,00    0,00    0,13
08:18:06     all   90,12    0,00    9,88    0,00    0,00    0,00    0,00    0,00    0,00    0,00
08:18:07     all   88,24    0,00   11,26    0,00    0,00    0,25    0,00    0,00    0,00    0,25
08:18:08     all   88,71    0,00   11,04    0,00    0,00    0,25    0,00    0,00    0,00    0,00
08:18:09     all   90,16    0,12    9,59    0,00    0,00    0,00    0,00    0,00    0,00    0,12
08:18:10     all   88,26    0,12   11,36    0,00    0,00    0,25    0,00    0,00    0,00    0,00
08:18:11     all   89,75    0,00   10,00    0,00    0,00    0,12    0,00    0,00    0,00    0,12
08:18:12     all   89,47    0,00   10,53    0,00    0,00    0,00    0,00    0,00    0,00    0,00
08:18:13     all   89,14    0,00   10,74    0,00    0,00    0,12    0,00    0,00    0,00    0,00
08:18:14     all   89,59    0,00   10,29    0,00    0,00    0,00    0,00    0,00    0,00    0,13
08:18:15     all   89,91    0,00    9,84    0,12    0,00    0,12    0,00    0,00    0,00    0,00
08:18:16     all   89,21    0,13   10,54    0,00    0,00    0,13    0,00    0,00    0,00    0,00
08:18:17     all   87,64    0,00   11,86    0,00    0,00    0,37    0,00    0,00    0,00    0,12
08:18:18     all   88,61    0,00   11,39    0,00    0,00    0,00    0,00    0,00    0,00    0,00
08:18:19     all   88,88    0,12   10,62    0,12    0,00    0,25    0,00    0,00    0,00    0,00
08:18:20     all   89,99    0,00    9,89    0,00    0,00    0,13    0,00    0,00    0,00    0,00
08:18:21     all   89,39    0,12   10,49    0,00    0,00    0,00    0,00    0,00    0,00    0,00
08:18:22     all   87,50    0,12   11,88    0,00    0,00    0,12    0,00    0,00    0,00    0,38
08:18:23     all   90,36    0,00    9,14    0,00    0,00    0,25    0,00    0,00    0,00    0,25
08:18:24     all   89,85    0,00   10,15    0,00    0,00    0,00    0,00    0,00    0,00    0,00
08:18:25     all   89,26    0,12   10,24    0,00    0,00    0,12    0,00    0,00    0,00    0,25
08:18:26     all   88,69    0,00   11,18    0,00    0,00    0,00    0,00    0,00    0,00    0,13
08:18:27     all   89,32    0,00   10,06    0,00    0,00    0,37    0,00    0,00    0,00    0,25
08:18:28     all   89,64    0,12    9,86    0,00    0,00    0,12    0,00    0,00    0,00    0,25
08:18:29     all   89,22    0,00   10,53    0,00    0,00    0,25    0,00    0,00    0,00    0,00
08:18:30     all   88,76    0,12   10,99    0,00    0,00    0,12    0,00    0,00    0,00    0,00
08:18:31     all   88,76    0,00   11,11    0,00    0,00    0,12    0,00    0,00    0,00    0,00
08:18:32     all   88,61    0,00   10,89    0,00    0,00    0,00    0,00    0,00    0,00    0,50
08:18:33     all   89,24    0,00   10,64    0,00    0,00    0,13    0,00    0,00    0,00    0,00
08:18:34     all   89,46    0,13   10,29    0,00    0,00    0,13    0,00    0,00    0,00    0,00
08:18:35     all   91,04    0,00    8,83    0,00    0,00    0,12    0,00    0,00    0,00    0,00
08:18:36     all   88,22    0,13   11,03    0,00    0,00    0,25    0,00    0,00    0,00    0,38
08:18:37     all   88,26    0,00   11,61    0,00    0,00    0,12    0,00    0,00    0,00    0,00
08:18:38     all   86,47    0,13    9,02    4,39    0,00    0,00    0,00    0,00    0,00    0,00
08:18:39     all   89,88    0,00    9,75    0,00    0,00    0,25    0,00    0,00    0,00    0,12
08:18:40     all   88,35    0,00   11,65    0,00    0,00    0,00    0,00    0,00    0,00    0,00
08:18:41     all   88,76    0,00   10,74    0,00    0,00    0,25    0,00    0,00    0,00    0,25
08:18:42     all   88,51    0,00   11,11    0,00    0,00    0,25    0,00    0,00    0,00    0,12
08:18:43     all   89,49    0,13   10,26    0,00    0,00    0,00    0,00    0,00    0,00    0,13
08:18:44     all   88,40    0,00   10,97    0,00    0,00    0,37    0,00    0,00    0,00    0,25
08:18:45     all   89,75    0,12    9,75    0,00    0,00    0,25    0,00    0,00    0,00    0,12
08:18:46     all   89,22    0,00   10,65    0,00    0,00    0,00    0,00    0,00    0,00    0,13
08:18:47     all   87,86    0,00   12,02    0,00    0,00    0,13    0,00    0,00    0,00    0,00
08:18:48     all   90,25    0,12    9,25    0,00    0,00    0,12    0,00    0,00    0,00    0,25
08:18:49     all   87,75    0,12   11,88    0,12    0,00    0,12    0,00    0,00    0,00    0,00
08:18:50     all   87,97    0,00   11,90    0,13    0,00    0,00    0,00    0,00    0,00    0,00
08:18:51     all   86,38    0,00   10,38    3,00    0,00    0,25    0,00    0,00    0,00    0,00
08:18:52     all   88,75    0,00   11,12    0,00    0,00    0,00    0,00    0,00    0,00    0,12
08:18:53     all   89,75    0,00    9,75    0,25    0,00    0,25    0,00    0,00    0,00    0,00
08:18:54     all   89,26    0,12    9,86    0,50    0,00    0,25    0,00    0,00    0,00    0,00
08:18:55     all   88,68    0,00   10,82    0,00    0,00    0,25    0,00    0,00    0,00    0,25
08:18:56     all   81,03    0,00   11,81    6,66    0,00    0,00    0,00    0,00    0,00    0,50
08:18:57     all   89,59    0,13    8,66    1,38    0,00    0,13    0,00    0,00    0,00    0,13
08:18:58     all   89,76    0,00    9,74    0,12    0,00    0,25    0,00    0,00    0,00    0,12
08:18:59     all   87,73    0,13   11,76    0,00    0,00    0,13    0,00    0,00    0,00    0,25
08:19:00     all   89,49    0,00   10,26    0,00    0,00    0,13    0,00    0,00    0,00    0,13
08:19:01     all   90,11    0,00    9,89    0,00    0,00    0,00    0,00    0,00    0,00    0,00
08:19:02     all   87,97    0,13   11,40    0,25    0,00    0,13    0,00    0,00    0,00    0,13
08:19:03     all   82,25    0,00   11,75    4,88    0,00    0,00    0,00    0,00    0,00    1,12
08:19:04     all   89,66    0,12    9,59    0,00    0,00    0,25    0,00    0,00    0,00    0,37
08:19:05     all   89,75    0,00   10,12    0,00    0,00    0,12    0,00    0,00    0,00    0,00
08:19:06     all   88,61    0,00   11,26    0,13    0,00    0,00    0,00    0,00    0,00    0,00
08:19:07     all   89,53    0,12    9,85    0,00    0,00    0,37    0,00    0,00    0,00    0,12
08:19:08     all   90,10    0,00    9,77    0,13    0,00    0,00    0,00    0,00    0,00    0,00
08:19:09     all   87,44    0,00   12,19    0,00    0,00    0,12    0,00    0,00    0,00    0,25
08:19:10     all   89,59    0,13    9,91    0,00    0,00    0,25    0,00    0,00    0,00    0,13
08:19:11     all   88,74    0,00   11,01    0,00    0,00    0,13    0,00    0,00    0,00    0,13
08:19:12     all   89,17    0,12   10,46    0,00    0,00    0,12    0,00    0,00    0,00    0,12
08:19:13     all   88,47    0,13   11,28    0,00    0,00    0,13    0,00    0,00    0,00    0,00
08:19:14     all   90,51    0,00    9,24    0,00    0,00    0,12    0,00    0,00    0,00    0,12
08:19:15     all   88,97    0,13   10,78    0,00    0,00    0,13    0,00    0,00    0,00    0,00
08:19:16     all   88,22    0,00   11,65    0,00    0,00    0,00    0,00    0,00    0,00    0,13
08:19:17     all   90,62    0,00    9,25    0,00    0,00    0,00    0,00    0,00    0,00    0,12
08:19:18     all   89,51    0,12   10,11    0,00    0,00    0,25    0,00    0,00    0,00    0,00
08:19:19     all   87,88    0,00   11,75    0,00    0,00    0,38    0,00    0,00    0,00    0,00
08:19:20     all   89,14    0,12   10,74    0,00    0,00    0,00    0,00    0,00    0,00    0,00
08:19:21     all   89,53    0,00   10,22    0,00    0,00    0,25    0,00    0,00    0,00    0,00
08:19:22     all   90,30    0,13    9,57    0,00    0,00    0,00    0,00    0,00    0,00    0,00
08:19:23     all   88,04    0,00   11,71    0,00    0,00    0,12    0,00    0,00    0,00    0,12
08:19:24     all   90,24    0,00    9,76    0,00    0,00    0,00    0,00    0,00    0,00    0,00
08:19:25     all   89,50    0,12   10,00    0,00    0,00    0,12    0,00    0,00    0,00    0,25
08:19:26     all   88,56    0,00   10,82    0,00    0,00    0,25    0,00    0,00    0,00    0,37
08:19:27     all   89,21    0,00   10,66    0,00    0,00    0,00    0,00    0,00    0,00    0,13
08:19:28     all   88,50    0,00   11,25    0,00    0,00    0,25    0,00    0,00    0,00    0,00
08:19:29     all   89,90    0,00    9,60    0,00    0,00    0,37    0,00    0,00    0,00    0,12
08:19:30     all   89,72    0,13   10,15    0,00    0,00    0,00    0,00    0,00    0,00    0,00
08:19:31     all   88,24    0,00   11,76    0,00    0,00    0,00    0,00    0,00    0,00    0,00
08:19:32     all   90,12    0,00    9,75    0,00    0,00    0,00    0,00    0,00    0,00    0,12
08:19:33     all   87,77    0,12   11,99    0,00    0,00    0,12    0,00    0,00    0,00    0,00
08:19:34     all   89,50    0,00   10,25    0,00    0,00    0,25    0,00    0,00    0,00    0,00
08:19:35     all   89,50    0,12   10,38    0,00    0,00    0,00    0,00    0,00    0,00    0,00
08:19:36     all   90,99    0,00    8,64    0,13    0,00    0,13    0,00    0,00    0,00    0,13
08:19:37     all   89,00    0,00   10,88    0,00    0,00    0,12    0,00    0,00    0,00    0,00
08:19:38     all   88,36    0,13   11,51    0,00    0,00    0,00    0,00    0,00    0,00    0,00
08:19:39     all   89,84    0,00    9,91    0,00    0,00    0,13    0,00    0,00    0,00    0,13
08:19:40     all   89,53    0,00   10,10    0,00    0,00    0,25    0,00    0,00    0,00    0,12
08:19:41     all   89,12    0,12   10,62    0,00    0,00    0,12    0,00    0,00    0,00    0,00
08:19:42     all   88,24    0,12   11,64    0,00    0,00    0,00    0,00    0,00    0,00    0,00
08:19:43     all   87,03    0,13   12,72    0,00    0,00    0,00    0,00    0,00    0,00    0,13
08:19:44     all   89,83    0,00    9,68    0,00    0,00    0,50    0,00    0,00    0,00    0,00
08:19:45     all   82,94    0,00    8,41    7,40    0,00    0,00    0,00    0,00    0,00    1,25
08:19:46     all   90,50    0,00    9,25    0,00    0,00    0,12    0,00    0,00    0,00    0,12
08:19:47     all   88,88    0,00   10,88    0,12    0,00    0,00    0,00    0,00    0,00    0,12
08:19:48     all   89,39    0,12   10,24    0,00    0,00    0,12    0,00    0,00    0,00    0,12
08:19:49     all   88,61    0,00   10,76    0,13    0,00    0,38    0,00    0,00    0,00    0,13
08:19:50     all   90,09    0,00    9,66    0,25    0,00    0,00    0,00    0,00    0,00    0,00
08:19:51     all   86,78    0,12   12,97    0,00    0,00    0,12    0,00    0,00    0,00    0,00
08:19:52     all   88,65    0,00    8,35    2,49    0,00    0,25    0,00    0,00    0,00    0,25
08:19:53     all   88,72    0,13   11,15    0,00    0,00    0,00    0,00    0,00    0,00    0,00
08:19:54     all   90,98    0,00    8,90    0,00    0,00    0,00    0,00    0,00    0,00    0,13
08:19:55     all   88,75    0,00   10,12    0,00    0,00    0,38    0,00    0,00    0,00    0,75
08:19:56     all   82,10    0,00   10,26    7,38    0,00    0,25    0,00    0,00    0,00    0,00
08:19:57     all   90,98    0,00    8,65    0,13    0,00    0,13    0,00    0,00    0,00    0,13
08:19:58     all   90,26    0,12    9,49    0,00    0,00    0,00    0,00    0,00    0,00    0,12
08:19:59     all   88,96    0,00   11,04    0,00    0,00    0,00    0,00    0,00    0,00    0,00
08:20:00     all   89,40    0,00   10,22    0,00    0,00    0,12    0,00    0,00    0,00    0,25
08:20:01     all   89,51    0,12   10,11    0,00    0,00    0,12    0,00    0,00    0,00    0,12
08:20:02     all   88,61    0,00   11,01    0,00    0,00    0,25    0,00    0,00    0,00    0,13
08:20:03     all   87,25    0,12   12,50    0,00    0,00    0,12    0,00    0,00    0,00    0,00
08:20:04     all   89,90    0,00    9,73    0,12    0,00    0,12    0,00    0,00    0,00    0,12
08:20:05     all   89,46    0,13   10,41    0,00    0,00    0,00    0,00    0,00    0,00    0,00
08:20:06     all   89,17    0,00   10,59    0,00    0,00    0,12    0,00    0,00    0,00    0,12
08:20:07     all   90,24    0,00    9,26    0,00    0,00    0,38    0,00    0,00    0,00    0,13
08:20:08     all   89,25    0,12   10,62    0,00    0,00    0,00    0,00    0,00    0,00    0,00
08:20:09     all   89,14    0,00   10,49    0,00    0,00    0,25    0,00    0,00    0,00    0,12
08:20:10     all   89,39    0,00   10,61    0,00    0,00    0,00    0,00    0,00    0,00    0,00
08:20:11     all   89,96    0,00    9,91    0,00    0,00    0,13    0,00    0,00    0,00    0,00
08:20:12     all   90,72    0,00    9,28    0,00    0,00    0,00    0,00    0,00    0,00    0,00
08:20:13     all   89,29    0,12   10,21    0,00    0,00    0,12    0,00    0,00    0,00    0,25
08:20:14     all   88,75    0,00   11,00    0,00    0,00    0,25    0,00    0,00    0,00    0,00
08:20:15     all   90,16    0,00    9,71    0,00    0,00    0,12    0,00    0,00    0,00    0,00
08:20:16     all   88,86    0,13   10,64    0,00    0,00    0,25    0,00    0,00    0,00    0,13
08:20:17     all   89,62    0,00   10,25    0,00    0,00    0,12    0,00    0,00    0,00    0,00
08:20:18     all   89,26    0,00   10,36    0,00    0,00    0,00    0,00    0,00    0,00    0,37
08:20:19     all   88,24    0,00   11,64    0,00    0,00    0,13    0,00    0,00    0,00    0,00
08:20:20     all   89,89    0,12    9,86    0,00    0,00    0,00    0,00    0,00    0,00    0,12
08:20:21     all   89,96    0,00    9,91    0,00    0,00    0,13    0,00    0,00    0,00    0,00
08:20:22     all   88,79    0,00   10,83    0,12    0,00    0,12    0,00    0,00    0,00    0,12
08:20:23     all   90,24    0,00    9,64    0,00    0,00    0,13    0,00    0,00    0,00    0,00
08:20:24     all   87,55    0,12   11,58    0,12    0,00    0,50    0,00    0,00    0,00    0,12
08:20:25     all   88,86    0,13   10,89    0,00    0,00    0,13    0,00    0,00    0,00    0,00
08:20:26     all   89,99    0,00   10,01    0,00    0,00    0,00    0,00    0,00    0,00    0,00
08:20:27     all   89,28    0,00   10,60    0,00    0,00    0,12    0,00    0,00    0,00    0,00
08:20:28     all   90,10    0,00    9,90    0,00    0,00    0,00    0,00    0,00    0,00    0,00
08:20:29     all   88,25    0,00   11,38    0,00    0,00    0,25    0,00    0,00    0,00    0,12
08:20:30     all   88,74    0,13   10,89    0,00    0,00    0,13    0,00    0,00    0,00    0,13
08:20:31     all   87,89    0,00   11,86    0,00    0,00    0,25    0,00    0,00    0,00    0,00
08:20:32     all   89,41    0,12   10,21    0,12    0,00    0,00    0,00    0,00    0,00    0,12
08:20:33     all   89,97    0,13    9,77    0,00    0,00    0,13    0,00    0,00    0,00    0,00
08:20:34     all   90,12    0,00    9,75    0,00    0,00    0,12    0,00    0,00    0,00    0,00
08:20:35     all   89,35    0,00   10,40    0,00    0,00    0,13    0,00    0,00    0,00    0,13
08:20:36     all   89,64    0,00   10,24    0,00    0,00    0,12    0,00    0,00    0,00    0,00
08:20:37     all   88,17    0,12   11,21    0,00    0,00    0,25    0,00    0,00    0,00    0,25
08:20:38     all   88,86    0,00   11,14    0,00    0,00    0,00    0,00    0,00    0,00    0,00
08:20:39     all   89,25    0,00   10,38    0,00    0,00    0,25    0,00    0,00    0,00    0,12
08:20:40     all   86,86    0,25   12,52    0,00    0,00    0,00    0,00    0,00    0,00    0,38
08:20:41     all   89,85    0,00   10,03    0,00    0,00    0,13    0,00    0,00    0,00    0,00
08:20:42     all   90,55    0,00    9,08    0,00    0,00    0,37    0,00    0,00    0,00    0,00
08:20:43     all   89,86    0,00   10,14    0,00    0,00    0,00    0,00    0,00    0,00    0,00
08:20:44     all   90,95    0,00    9,05    0,00    0,00    0,00    0,00    0,00    0,00    0,00
08:20:45     all   89,66    0,00    9,96    0,00    0,00    0,25    0,00    0,00    0,00    0,12
08:20:46     all   89,21    0,00   10,79    0,00    0,00    0,00    0,00    0,00    0,00    0,00
08:20:47     all   89,65    0,12    9,60    0,12    0,00    0,37    0,00    0,00    0,00    0,12
08:20:48     all   90,38    0,00    9,25    0,00    0,00    0,25    0,00    0,00    0,00    0,12
08:20:49     all   88,61    0,00   11,26    0,00    0,00    0,00    0,00    0,00    0,00    0,13
08:20:50     all   88,89    0,12   10,74    0,00    0,00    0,12    0,00    0,00    0,00    0,12
08:20:51     all   89,75    0,00   10,12    0,00    0,00    0,12    0,00    0,00    0,00    0,00
08:20:52     all   88,18    0,00   11,70    0,00    0,00    0,13    0,00    0,00    0,00    0,00
08:20:53     all   88,31    0,00   10,95    0,50    0,00    0,12    0,00    0,00    0,00    0,12
08:20:54     all   89,97    0,13    9,65    0,00    0,00    0,13    0,00    0,00    0,00    0,13
08:20:55     all   90,14    0,00    9,49    0,00    0,00    0,25    0,00    0,00    0,00    0,12
08:20:56     all   88,99    0,00   11,01    0,00    0,00    0,00    0,00    0,00    0,00    0,00
08:20:57     all   89,01    0,12   10,36    0,12    0,00    0,37    0,00    0,00    0,00    0,00
08:20:58     all   89,79    0,00    9,84    0,00    0,00    0,25    0,00    0,00    0,00    0,12
08:20:59     all   90,84    0,00    9,03    0,00    0,00    0,00    0,00    0,00    0,00    0,13
08:21:00     all   89,39    0,12   10,24    0,00    0,00    0,12    0,00    0,00    0,00    0,12
08:21:01     all   88,97    0,13   10,78    0,00    0,00    0,13    0,00    0,00    0,00    0,00
08:21:02     all   90,26    0,00    9,61    0,00    0,00    0,12    0,00    0,00    0,00    0,00
08:21:03     all   88,85    0,00   11,03    0,00    0,00    0,13    0,00    0,00    0,00    0,00
08:21:04     all   89,01    0,12   10,74    0,00    0,00    0,12    0,00    0,00    0,00    0,00
08:21:05     all   87,75    0,00   11,88    0,00    0,00    0,12    0,00    0,00    0,00    0,25
08:21:06     all   89,39    0,00   10,11    0,12    0,00    0,25    0,00    0,00    0,00    0,12
08:21:07     all   90,50    0,00    9,25    0,00    0,00    0,12    0,00    0,00    0,00    0,12
08:21:08     all   88,39    0,12   10,99    0,12    0,00    0,25    0,00    0,00    0,00    0,12
08:21:09     all   70,80    0,00    6,39   19,92    0,00    0,00    0,00    0,00    0,00    2,88
08:21:10     all   88,44    0,13   11,31    0,00    0,00    0,13    0,00    0,00    0,00    0,00
08:21:11     all   89,03    0,12   10,85    0,00    0,00    0,00    0,00    0,00    0,00    0,00
08:21:12     all   90,89    0,00    8,86    0,12    0,00    0,00    0,00    0,00    0,00    0,12
08:21:13     all   89,49    0,00   10,39    0,00    0,00    0,13    0,00    0,00    0,00    0,00
08:21:14     all   89,26    0,00    9,99    0,12    0,00    0,12    0,00    0,00    0,00    0,50
08:21:15     all   89,22    0,13   10,53    0,13    0,00    0,00    0,00    0,00    0,00    0,00
08:21:16     all   88,00    0,12   11,75    0,00    0,00    0,12    0,00    0,00    0,00    0,00
08:21:17     all   89,64    0,00   10,11    0,00    0,00    0,25    0,00    0,00    0,00    0,00
08:21:18     all   87,89    0,00   11,86    0,00    0,00    0,25    0,00    0,00    0,00    0,00
08:21:19     all   89,84    0,00   10,04    0,00    0,00    0,13    0,00    0,00    0,00    0,00
08:21:20     all   89,11    0,00   10,76    0,00    0,00    0,00    0,00    0,00    0,00    0,13
08:21:21     all   88,64    0,00    9,86    0,87    0,00    0,25    0,00    0,00    0,00    0,37
08:21:22     all   90,17    0,00    9,08    0,25    0,00    0,25    0,00    0,00    0,00    0,25
08:21:23     all   88,75    0,12   10,12    0,50    0,00    0,25    0,00    0,00    0,00    0,25
08:21:24     all   83,60    0,13    8,89    7,26    0,00    0,00    0,00    0,00    0,00    0,13
08:21:25     all   88,64    0,00   11,24    0,00    0,00    0,12    0,00    0,00    0,00    0,00
08:21:26     all   89,88    0,00   10,12    0,00    0,00    0,00    0,00    0,00    0,00    0,00
08:21:27     all   89,60    0,13   10,28    0,00    0,00    0,00    0,00    0,00    0,00    0,00
08:21:28     all   88,24    0,13   11,14    0,00    0,00    0,13    0,00    0,00    0,00    0,38
08:21:29     all   89,14    0,00   10,36    0,00    0,00    0,37    0,00    0,00    0,00    0,12
08:21:30     all   89,10    0,00   10,78    0,00    0,00    0,00    0,00    0,00    0,00    0,13
08:21:31     all   88,83    0,00   11,04    0,00    0,00    0,00    0,00    0,00    0,00    0,13
08:21:32     all   88,93    0,12   10,45    0,12    0,00    0,25    0,00    0,00    0,00    0,12
08:21:33     all   87,28    0,00   12,34    0,00    0,00    0,25    0,00    0,00    0,00    0,12
08:21:34     all   88,85    0,13   10,65    0,25    0,00    0,00    0,00    0,00    0,00    0,13
08:21:35     all   89,80    0,00    9,58    0,12    0,00    0,25    0,00    0,00    0,00    0,25
08:21:36     all   90,31    0,00    9,56    0,00    0,00    0,00    0,00    0,00    0,00    0,13
08:21:37     all   88,82    0,12   10,68    0,00    0,00    0,37    0,00    0,00    0,00    0,00
08:21:38     all   89,10    0,00   10,65    0,00    0,00    0,13    0,00    0,00    0,00    0,13
08:21:39     all   90,98    0,00    8,77    0,00    0,00    0,13    0,00    0,00    0,00    0,13
08:21:40     all   89,14    0,25   10,61    0,00    0,00    0,00    0,00    0,00    0,00    0,00
08:21:41     all   88,54    0,00   11,08    0,00    0,00    0,37    0,00    0,00    0,00    0,00
08:21:42     all   89,95    0,00   10,05    0,00    0,00    0,00    0,00    0,00    0,00    0,00
08:21:43     all   90,24    0,00    9,64    0,00    0,00    0,13    0,00    0,00    0,00    0,00
08:21:44     all   89,49    0,00   10,39    0,00    0,00    0,13    0,00    0,00    0,00    0,00
08:21:45     all   88,67    0,00   10,96    0,00    0,00    0,25    0,00    0,00    0,00    0,12
08:21:46     all   88,88    0,12   10,75    0,00    0,00    0,12    0,00    0,00    0,00    0,12
08:21:47     all   89,60    0,00   10,28    0,00    0,00    0,13    0,00    0,00    0,00    0,00
08:21:48     all   90,12    0,00    9,75    0,00    0,00    0,12    0,00    0,00    0,00    0,00
08:21:49     all   88,60    0,13   10,90    0,00    0,00    0,13    0,00    0,00    0,00    0,25
08:21:50     all   90,11    0,00    9,64    0,00    0,00    0,00    0,00    0,00    0,00    0,25
08:21:51     all   88,78    0,12   10,22    0,00    0,00    0,37    0,00    0,00    0,00    0,50
08:21:52     all   87,98    0,00   12,02    0,00    0,00    0,00    0,00    0,00    0,00    0,00
08:21:53     all   89,75    0,00   10,12    0,00    0,00    0,00    0,00    0,00    0,00    0,12
08:21:54     all   87,64    0,12   12,11    0,00    0,00    0,12    0,00    0,00    0,00    0,00
08:21:55     all   88,86    0,00   10,76    0,00    0,00    0,38    0,00    0,00    0,00    0,00
08:21:56     all   89,26    0,00   10,36    0,00    0,00    0,25    0,00    0,00    0,00    0,12
08:21:57     all   90,01    0,12    9,74    0,00    0,00    0,00    0,00    0,00    0,00    0,12
08:21:58     all   90,51    0,00    9,36    0,00    0,00    0,12    0,00    0,00    0,00    0,00
08:21:59     all   89,34    0,00   10,54    0,00    0,00    0,13    0,00    0,00    0,00    0,00
08:22:00     all   88,78    0,12   11,10    0,00    0,00    0,00    0,00    0,00    0,00    0,00
08:22:01     all   88,99    0,00   10,89    0,00    0,00    0,13    0,00    0,00    0,00    0,00
08:22:02     all   88,35    0,00   11,53    0,00    0,00    0,13    0,00    0,00    0,00    0,00
08:22:03     all   89,10    0,00   10,78    0,00    0,00    0,13    0,00    0,00    0,00    0,00
08:22:04     all   84,92    0,00    9,30    5,40    0,00    0,38    0,00    0,00    0,00    0,00
08:22:05     all   88,54    0,00   11,33    0,00    0,00    0,00    0,00    0,00    0,00    0,12
08:22:06     all   86,97    0,00   11,90    0,88    0,00    0,25    0,00    0,00    0,00    0,00
08:22:07     all   91,50    0,00    8,25    0,00    0,00    0,00    0,00    0,00    0,00    0,25
08:22:08     all   90,00    0,12    9,50    0,12    0,00    0,00    0,00    0,00    0,00    0,25
08:22:09     all   88,00    0,12   11,88    0,00    0,00    0,00    0,00    0,00    0,00    0,00
08:22:10     all   89,29    0,00   10,34    0,00    0,00    0,25    0,00    0,00    0,00    0,12
08:22:11     all   89,39    0,12   10,11    0,00    0,00    0,25    0,00    0,00    0,00    0,12
08:22:12     all   89,14    0,00   10,74    0,00    0,00    0,12    0,00    0,00    0,00    0,00
08:22:13     all   88,22    0,13   11,65    0,00    0,00    0,00    0,00    0,00    0,00    0,00
08:22:14     all   90,27    0,00    9,48    0,00    0,00    0,25    0,00    0,00    0,00    0,00
08:22:15     all   88,60    0,25   11,03    0,00    0,00    0,13    0,00    0,00    0,00    0,00
08:22:16     all   89,26    0,00   10,74    0,00    0,00    0,00    0,00    0,00    0,00    0,00
08:22:17     all   89,17    0,00   10,45    0,25    0,00    0,13    0,00    0,00    0,00    0,00
08:22:18     all   88,43    0,00   11,19    0,00    0,00    0,37    0,00    0,00    0,00    0,00
08:22:19     all   90,34    0,00    9,16    0,38    0,00    0,00    0,00    0,00    0,00    0,13
08:22:20     all   88,38    0,12   11,38    0,00    0,00    0,12    0,00    0,00    0,00    0,00
08:22:21     all   89,30    0,00    9,95    0,00    0,00    0,25    0,00    0,00    0,00    0,50
08:22:22     all   87,27    0,12   12,36    0,00    0,00    0,12    0,00    0,00    0,00    0,12
08:22:23     all   89,62    0,00    9,75    0,00    0,00    0,00    0,00    0,00    0,00    0,62
08:22:24     all   87,98    0,00   11,64    0,25    0,00    0,13    0,00    0,00    0,00    0,00
08:22:25     all   87,16    0,25   12,34    0,00    0,00    0,25    0,00    0,00    0,00    0,00
08:22:26     all   84,38    0,00   10,00    5,25    0,00    0,25    0,00    0,00    0,00    0,12
08:22:27     all   91,09    0,00    8,78    0,13    0,00    0,00    0,00    0,00    0,00    0,00
08:22:28     all   89,10    0,13   10,65    0,00    0,00    0,13    0,00    0,00    0,00    0,00
08:22:29     all   90,39    0,00    9,49    0,00    0,00    0,00    0,00    0,00    0,00    0,12
08:22:30     all   89,15    0,12   10,47    0,00    0,00    0,25    0,00    0,00    0,00    0,00
08:22:31     all   89,75    0,00   10,00    0,00    0,00    0,25    0,00    0,00    0,00    0,00
08:22:32     all   90,59    0,00    9,28    0,00    0,00    0,00    0,00    0,00    0,00    0,13
08:22:33     all   88,47    0,00   11,28    0,00    0,00    0,25    0,00    0,00    0,00    0,00
08:22:34     all   90,38    0,00    9,50    0,00    0,00    0,00    0,00    0,00    0,00    0,12
08:22:35     all   89,68    0,12   10,07    0,00    0,00    0,12    0,00    0,00    0,00    0,00
08:22:36     all   89,72    0,00   10,03    0,00    0,00    0,25    0,00    0,00    0,00    0,00
08:22:37     all   89,25    0,00   10,38    0,00    0,00    0,12    0,00    0,00    0,00    0,25
08:22:38     all   89,21    0,00   10,41    0,00    0,00    0,13    0,00    0,00    0,00    0,25
08:22:39     all   89,65    0,00   10,10    0,00    0,00    0,12    0,00    0,00    0,00    0,12
08:22:40     all   88,26    0,00   11,49    0,00    0,00    0,25    0,00    0,00    0,00    0,00
08:22:41     all   91,49    0,00    8,14    0,00    0,00    0,13    0,00    0,00    0,00    0,25
08:22:42     all   90,61    0,00    9,39    0,00    0,00    0,00    0,00    0,00    0,00    0,00
08:22:43     all   89,51    0,12   10,11    0,00    0,00    0,12    0,00    0,00    0,00    0,12
08:22:44     all   89,24    0,00   10,64    0,00    0,00    0,00    0,00    0,00    0,00    0,13
08:22:45     all   88,75    0,12   10,62    0,00    0,00    0,50    0,00    0,00    0,00    0,00
08:22:46     all   89,12    0,00   10,88    0,00    0,00    0,00    0,00    0,00    0,00    0,00
08:22:47     all   89,89    0,00    9,61    0,12    0,00    0,25    0,00    0,00    0,00    0,12
08:22:48     all   87,89    0,00   11,49    0,37    0,00    0,12    0,00    0,00    0,00    0,12
08:22:49     all   88,75    0,25    9,00    1,75    0,00    0,12    0,00    0,00    0,00    0,12
08:22:50     all   89,75    0,12   10,00    0,00    0,00    0,12    0,00    0,00    0,00    0,00
08:22:51     all   89,15    0,00   10,85    0,00    0,00    0,00    0,00    0,00    0,00    0,00
08:22:52     all   88,69    0,00   11,06    0,00    0,00    0,13    0,00    0,00    0,00    0,13
08:22:53     all   89,90    0,12    9,85    0,00    0,00    0,12    0,00    0,00    0,00    0,00
08:22:54     all   89,06    0,00   10,94    0,00    0,00    0,00    0,00    0,00    0,00    0,00
08:22:55     all   88,62    0,00   11,00    0,12    0,00    0,25    0,00    0,00    0,00    0,00
08:22:56     all   91,15    0,00    8,85    0,00    0,00    0,00    0,00    0,00    0,00    0,00
08:22:57     all   90,10    0,00    9,77    0,00    0,00    0,13    0,00    0,00    0,00    0,00
08:22:58     all   89,75    0,12    9,88    0,00    0,00    0,25    0,00    0,00    0,00    0,00
08:22:59     all   88,51    0,00   11,11    0,00    0,00    0,25    0,00    0,00    0,00    0,12
08:23:00     all   89,39    0,00   10,36    0,12    0,00    0,12    0,00    0,00    0,00    0,00
08:23:01     all   89,22    0,13   10,53    0,00    0,00    0,13    0,00    0,00    0,00    0,00
08:23:02     all   87,98    0,00   11,76    0,00    0,00    0,13    0,00    0,00    0,00    0,13
08:23:03     all   88,43    0,12   11,07    0,00    0,00    0,25    0,00    0,00    0,00    0,12
08:23:04     all   90,49    0,00    9,51    0,00    0,00    0,00    0,00    0,00    0,00    0,00
08:23:05     all   87,98    0,13   11,76    0,13    0,00    0,00    0,00    0,00    0,00    0,00
08:23:06     all   87,78    0,00   12,09    0,00    0,00    0,00    0,00    0,00    0,00    0,12
08:23:07     all   88,43    0,00   11,45    0,00    0,00    0,13    0,00    0,00    0,00    0,00
08:23:08     all   89,66    0,12    9,96    0,00    0,00    0,12    0,00    0,00    0,00    0,12
08:23:09     all   90,40    0,00    9,35    0,00    0,00    0,00    0,00    0,00    0,00    0,25
08:23:10     all   90,00    0,00    9,62    0,00    0,00    0,38    0,00    0,00    0,00    0,00
08:23:11     all   89,10    0,00   10,65    0,00    0,00    0,25    0,00    0,00    0,00    0,00
08:23:12     all   88,89    0,12   10,99    0,00    0,00    0,00    0,00    0,00    0,00    0,00
08:23:13     all   89,01    0,00   10,61    0,00    0,00    0,25    0,00    0,00    0,00    0,12
08:23:14     all   90,24    0,00    9,64    0,00    0,00    0,13    0,00    0,00    0,00    0,00
08:23:15     all   89,36    0,00   10,64    0,00    0,00    0,00    0,00    0,00    0,00    0,00
08:23:16     all   87,39    0,12   11,86    0,12    0,00    0,37    0,00    0,00    0,00    0,12
08:23:17     all   89,51    0,00   10,49    0,00    0,00    0,00    0,00    0,00    0,00    0,00
08:23:18     all   88,60    0,13   11,28    0,00    0,00    0,00    0,00    0,00    0,00    0,00
08:23:19     all   89,93    0,12    9,83    0,00    0,00    0,12    0,00    0,00    0,00    0,00
08:23:20     all   90,20    0,00    9,55    0,00    0,00    0,25    0,00    0,00    0,00    0,00
08:23:21     all   90,27    0,00    9,35    0,00    0,00    0,25    0,00    0,00    0,00    0,12
08:23:22     all   66,54    0,00    6,39   27,07    0,00    0,00    0,00    0,00    0,00    0,00
08:23:23     all   90,36    0,13    9,14    0,25    0,00    0,00    0,00    0,00    0,00    0,13
08:23:24     all   89,75    0,00   10,12    0,00    0,00    0,12    0,00    0,00    0,00    0,00
08:23:25     all   89,24    0,00   10,26    0,00    0,00    0,13    0,00    0,00    0,00    0,38
08:23:26     all   88,00    0,12   11,75    0,00    0,00    0,12    0,00    0,00    0,00    0,00
08:23:27     all   90,39    0,00    9,36    0,00    0,00    0,25    0,00    0,00    0,00    0,00
08:23:28     all   88,88    0,00   10,88    0,00    0,00    0,25    0,00    0,00    0,00    0,00
08:23:29     all   88,69    0,00   11,31    0,00    0,00    0,00    0,00    0,00    0,00    0,00
08:23:30     all   91,40    0,00    8,60    0,00    0,00    0,00    0,00    0,00    0,00    0,00
08:23:31     all   89,25    0,00   10,12    0,12    0,00    0,25    0,00    0,00    0,00    0,25
08:23:32     all   87,64    0,12   11,86    0,00    0,00    0,25    0,00    0,00    0,00    0,12
08:23:33     all   89,38    0,00   10,25    0,12    0,00    0,25    0,00    0,00    0,00    0,00
08:23:34     all   90,10    0,00    9,77    0,00    0,00    0,13    0,00    0,00    0,00    0,00
08:23:35     all   90,00    0,12    9,62    0,12    0,00    0,00    0,00    0,00    0,00    0,12
08:23:36     all   88,75    0,00   11,12    0,00    0,00    0,00    0,00    0,00    0,00    0,12
08:23:37     all   89,01    0,12   10,86    0,00    0,00    0,00    0,00    0,00    0,00    0,00
08:23:38     all   90,09    0,00    9,91    0,00    0,00    0,00    0,00    0,00    0,00    0,00
08:23:39     all   89,64    0,12    9,86    0,00    0,00    0,12    0,00    0,00    0,00    0,25
08:23:40     all   89,41    0,00   10,34    0,00    0,00    0,25    0,00    0,00    0,00    0,00
08:23:41     all   89,08    0,00   10,92    0,00    0,00    0,00    0,00    0,00    0,00    0,00
08:23:42     all   87,53    0,00   12,09    0,00    0,00    0,25    0,00    0,00    0,00    0,12
08:23:43     all   85,34    0,00   14,54    0,00    0,00    0,00    0,00    0,00    0,00    0,13
08:23:44     all   89,01    0,00   10,86    0,00    0,00    0,12    0,00    0,00    0,00    0,00
08:23:45     all   90,76    0,00    8,74    0,00    0,00    0,25    0,00    0,00    0,00    0,25
08:23:46     all   90,73    0,00    9,27    0,00    0,00    0,00    0,00    0,00    0,00    0,00
08:23:47     all   91,39    0,00    8,49    0,00    0,00    0,12    0,00    0,00    0,00    0,00
08:23:48     all   90,27    0,00    9,60    0,00    0,00    0,12    0,00    0,00    0,00    0,00
08:23:49     all   90,35    0,00    9,40    0,00    0,00    0,13    0,00    0,00    0,00    0,13
08:23:50     all   90,60    0,00    9,40    0,00    0,00    0,00    0,00    0,00    0,00    0,00
08:23:51     all   89,59    0,00   10,29    0,00    0,00    0,00    0,00    0,00    0,00    0,13
08:23:52     all   90,40    0,00    9,35    0,00    0,00    0,12    0,00    0,00    0,00    0,12
08:23:53     all   89,76    0,00    9,86    0,00    0,00    0,12    0,00    0,00    0,00    0,25
08:23:54     all   87,86    0,13   12,02    0,00    0,00    0,00    0,00    0,00    0,00    0,00
08:23:55     all   89,64    0,00    9,74    0,00    0,00    0,37    0,00    0,00    0,00    0,25
08:23:56     all   87,66    0,00   11,85    0,00    0,00    0,25    0,00    0,00    0,00    0,25
08:23:57     all   89,64    0,12    9,99    0,00    0,00    0,25    0,00    0,00    0,00    0,00
08:23:58     all   90,60    0,00    9,27    0,00    0,00    0,00    0,00    0,00    0,00    0,13
08:23:59     all   88,62    0,00   11,12    0,25    0,00    0,00    0,00    0,00    0,00    0,00
08:24:00     all   91,49    0,00    8,26    0,13    0,00    0,13    0,00    0,00    0,00    0,00
08:24:01     all   90,14    0,00    9,74    0,00    0,00    0,12    0,00    0,00    0,00    0,00
08:24:02     all   90,61    0,00    9,14    0,00    0,00    0,00    0,00    0,00    0,00    0,25
08:24:03     all   91,38    0,00    8,62    0,00    0,00    0,00    0,00    0,00    0,00    0,00
08:24:04     all   89,75    0,00   10,12    0,00    0,00    0,12    0,00    0,00    0,00    0,00
08:24:05     all   91,04    0,00    8,21    0,00    0,00    0,37    0,00    0,00    0,00    0,37
08:24:06     all   90,11    0,00    9,76    0,00    0,00    0,13    0,00    0,00    0,00    0,00
08:24:07     all   91,01    0,00    8,74    0,00    0,00    0,25    0,00    0,00    0,00    0,00
08:24:08     all   90,99    0,00    8,89    0,00    0,00    0,00    0,00    0,00    0,00    0,13
08:24:09     all   90,48    0,00    9,52    0,00    0,00    0,00    0,00    0,00    0,00    0,00
08:24:10     all   89,86    0,00    9,89    0,00    0,00    0,13    0,00    0,00    0,00    0,13
08:24:11     all   90,01    0,00    9,86    0,00    0,00    0,12    0,00    0,00    0,00    0,00
08:24:12     all   90,36    0,00    9,64    0,00    0,00    0,00    0,00    0,00    0,00    0,00
08:24:13     all   90,75    0,00    9,12    0,00    0,00    0,12    0,00    0,00    0,00    0,00
08:24:14     all   90,01    0,00    9,86    0,00    0,00    0,12    0,00    0,00    0,00    0,00
08:24:15     all   90,86    0,00    8,64    0,00    0,00    0,13    0,00    0,00    0,00    0,38
08:24:16     all   90,35    0,00    9,27    0,00    0,00    0,13    0,00    0,00    0,00    0,25
08:24:17     all   90,11    0,00    9,76    0,00    0,00    0,00    0,00    0,00    0,00    0,13
08:24:18     all   90,64    0,00    8,74    0,00    0,00    0,25    0,00    0,00    0,00    0,37
08:24:19     all   90,23    0,00    9,77    0,00    0,00    0,00    0,00    0,00    0,00    0,00
08:24:20     all   90,29    0,00    9,34    0,00    0,00    0,37    0,00    0,00    0,00    0,00
08:24:21     all   90,11    0,00    9,64    0,13    0,00    0,00    0,00    0,00    0,00    0,13
08:24:22     all   90,00    0,00    9,62    0,00    0,00    0,12    0,00    0,00    0,00    0,25
08:24:23     all   90,85    0,00    9,02    0,00    0,00    0,00    0,00    0,00    0,00    0,13
08:24:24     all   90,12    0,00    9,50    0,00    0,00    0,25    0,00    0,00    0,00    0,12
08:24:25     all   91,11    0,00    8,76    0,00    0,00    0,00    0,00    0,00    0,00    0,13
08:24:26     all   90,76    0,00    9,11    0,00    0,00    0,12    0,00    0,00    0,00    0,00
08:24:27     all   90,76    0,00    8,86    0,00    0,00    0,25    0,00    0,00    0,00    0,12
08:24:28     all   89,90    0,00    9,35    0,00    0,00    0,12    0,00    0,00    0,00    0,62
08:24:29     all   91,10    0,00    8,65    0,00    0,00    0,13    0,00    0,00    0,00    0,13
08:24:30     all   90,50    0,00    9,50    0,00    0,00    0,00    0,00    0,00    0,00    0,00
08:24:31     all   91,52    0,00    8,35    0,00    0,00    0,00    0,00    0,00    0,00    0,12
08:24:32     all   90,45    0,00    9,42    0,00    0,00    0,00    0,00    0,00    0,00    0,13
08:24:33     all   92,47    0,00    7,40    0,00    0,00    0,13    0,00    0,00    0,00    0,00
08:24:34     all   89,55    0,00   10,07    0,00    0,00    0,12    0,00    0,00    0,00    0,25
08:24:35     all   90,88    0,00    9,12    0,00    0,00    0,00    0,00    0,00    0,00    0,00
08:24:36     all   89,62    0,00   10,12    0,00    0,00    0,25    0,00    0,00    0,00    0,00
08:24:37     all   90,35    0,00    9,52    0,00    0,00    0,13    0,00    0,00    0,00    0,00
08:24:38     all   90,92    0,00    8,71    0,00    0,00    0,00    0,00    0,00    0,00    0,37
08:24:39     all   90,72    0,00    9,16    0,00    0,00    0,13    0,00    0,00    0,00    0,00
08:24:40     all   90,89    0,00    8,86    0,00    0,00    0,25    0,00    0,00    0,00    0,00
08:24:41     all   91,35    0,00    8,52    0,00    0,00    0,13    0,00    0,00    0,00    0,00
08:24:42     all   90,52    0,00    9,10    0,00    0,00    0,25    0,00    0,00    0,00    0,12
08:24:43     all   90,62    0,00    9,00    0,00    0,00    0,25    0,00    0,00    0,00    0,12
08:24:44     all   90,36    0,00    9,51    0,00    0,00    0,00    0,00    0,00    0,00    0,13
08:24:45     all   90,76    0,00    9,11    0,00    0,00    0,12    0,00    0,00    0,00    0,00
08:24:46     all   91,62    0,00    8,25    0,00    0,00    0,12    0,00    0,00    0,00    0,00
08:24:47     all   90,61    0,00    9,26    0,00    0,00    0,13    0,00    0,00    0,00    0,00
08:24:48     all   90,52    0,00    9,23    0,00    0,00    0,00    0,00    0,00    0,00    0,25
08:24:49     all   90,99    0,00    8,51    0,00    0,00    0,25    0,00    0,00    0,00    0,25
08:24:50     all   91,14    0,00    8,61    0,00    0,00    0,00    0,00    0,00    0,00    0,25
08:24:51     all   88,85    0,13   10,90    0,00    0,00    0,00    0,00    0,00    0,00    0,13
08:24:52     all   90,50    0,00    8,88    0,00    0,00    0,12    0,00    0,00    0,00    0,50
08:24:53     all   90,00    0,00    9,62    0,00    0,00    0,25    0,00    0,00    0,00    0,12
08:24:54     all   91,64    0,00    8,24    0,00    0,00    0,12    0,00    0,00    0,00    0,00
08:24:55     all   90,38    0,00    9,38    0,00    0,00    0,25    0,00    0,00    0,00    0,00
08:24:56     all   90,75    0,00    9,12    0,00    0,00    0,00    0,00    0,00    0,00    0,12
08:24:57     all   89,36    0,00   10,14    0,00    0,00    0,13    0,00    0,00    0,00    0,38
08:24:58     all   89,88    0,00    9,75    0,12    0,00    0,25    0,00    0,00    0,00    0,00
08:24:59     all   91,36    0,00    8,51    0,00    0,00    0,00    0,00    0,00    0,00    0,13
08:25:00     all   90,85    0,00    8,90    0,00    0,00    0,00    0,00    0,00    0,00    0,25
08:25:01     all   90,54    0,00    9,09    0,00    0,00    0,25    0,00    0,00    0,00    0,12
08:25:02     all   90,90    0,00    8,85    0,00    0,00    0,12    0,00    0,00    0,00    0,12
08:25:03     all   90,45    0,00    9,30    0,00    0,00    0,00    0,00    0,00    0,00    0,25
08:25:04     all   89,99    0,00    9,76    0,00    0,00    0,13    0,00    0,00    0,00    0,13
08:25:05     all   90,77    0,00    8,85    0,00    0,00    0,00    0,00    0,00    0,00    0,37
08:25:06     all   90,12    0,00    9,25    0,00    0,00    0,25    0,00    0,00    0,00    0,38
08:25:07     all   89,82    0,00    9,80    0,13    0,00    0,13    0,00    0,00    0,00    0,13
08:25:08     all   90,52    0,00    9,23    0,00    0,00    0,25    0,00    0,00    0,00    0,00
08:25:09     all   91,01    0,00    8,61    0,00    0,00    0,00    0,00    0,00    0,00    0,37
08:25:10     all   90,83    0,00    9,17    0,00    0,00    0,00    0,00    0,00    0,00    0,00
08:25:11     all   89,50    0,12   10,25    0,00    0,00    0,12    0,00    0,00    0,00    0,00
08:25:12     all   90,88    0,00    8,75    0,00    0,00    0,25    0,00    0,00    0,00    0,12
08:25:13     all   90,73    0,00    8,65    0,00    0,00    0,13    0,00    0,00    0,00    0,50
08:25:14     all   91,16    0,00    8,72    0,00    0,00    0,12    0,00    0,00    0,00    0,00
08:25:15     all   90,09    0,00    9,54    0,00    0,00    0,13    0,00    0,00    0,00    0,25
08:25:16     all   90,78    0,00    8,72    0,00    0,00    0,25    0,00    0,00    0,00    0,25
08:25:17     all   88,88    0,00   10,62    0,00    0,00    0,12    0,00    0,00    0,00    0,38
08:25:18     all   91,10    0,00    8,77    0,00    0,00    0,00    0,00    0,00    0,00    0,13
08:25:19     all   91,48    0,00    8,40    0,00    0,00    0,00    0,00    0,00    0,00    0,13
08:25:20     all   90,64    0,00    9,24    0,00    0,00    0,00    0,00    0,00    0,00    0,12
08:25:21     all   90,61    0,00    9,14    0,00    0,00    0,25    0,00    0,00    0,00    0,00
08:25:22     all   91,73    0,00    8,15    0,00    0,00    0,00    0,00    0,00    0,00    0,13
08:25:23     all   90,88    0,00    8,88    0,00    0,00    0,12    0,00    0,00    0,00    0,12
08:25:24     all   90,31    0,00    9,32    0,00    0,00    0,25    0,00    0,00    0,00    0,12
08:25:25     all   91,00    0,00    8,62    0,00    0,00    0,25    0,00    0,00    0,00    0,12
08:25:26     all   90,58    0,00    8,79    0,00    0,00    0,00    0,00    0,00    0,00    0,63
08:25:27     all   91,26    0,00    8,24    0,00    0,00    0,12    0,00    0,00    0,00    0,37
08:25:28     all   90,74    0,00    9,14    0,00    0,00    0,00    0,00    0,00    0,00    0,13
08:25:29     all   90,62    0,00    8,88    0,00    0,00    0,12    0,00    0,00    0,00    0,38
08:25:30     all   89,99    0,00    9,51    0,00    0,00    0,00    0,00    0,00    0,00    0,50
08:25:31     all   89,72    0,00    9,77    0,13    0,00    0,13    0,00    0,00    0,00    0,25
08:25:32     all   89,51    0,00    9,86    0,00    0,00    0,50    0,00    0,00    0,00    0,12
08:25:33     all   91,61    0,00    8,26    0,00    0,00    0,00    0,00    0,00    0,00    0,13
08:25:34     all   90,86    0,00    8,76    0,00    0,00    0,13    0,00    0,00    0,00    0,25
08:25:35     all   90,25    0,00    9,25    0,12    0,00    0,12    0,00    0,00    0,00    0,25
08:25:36     all   89,62    0,00    9,88    0,00    0,00    0,25    0,00    0,00    0,00    0,25
08:25:37     all   90,15    0,00    8,85    0,00    0,00    0,12    0,00    0,00    0,00    0,87
08:25:38     all   91,31    0,00    8,56    0,00    0,00    0,00    0,00    0,00    0,00    0,13
08:25:39     all   89,89    0,00    9,61    0,00    0,00    0,00    0,00    0,00    0,00    0,50
08:25:40     all   88,76    0,12    9,74    0,12    0,00    0,25    0,00    0,00    0,00    1,00
08:25:41     all   89,99    0,00    9,14    0,00    0,00    0,13    0,00    0,00    0,00    0,75
08:25:42     all   90,89    0,00    8,36    0,00    0,00    0,12    0,00    0,00    0,00    0,62
08:25:43     all   89,86    0,00    8,89    0,00    0,00    0,13    0,00    0,00    0,00    1,13
08:25:44     all   90,61    0,00    8,64    0,00    0,00    0,13    0,00    0,00    0,00    0,63
08:25:45     all   91,22    0,00    8,53    0,00    0,00    0,00    0,00    0,00    0,00    0,25
08:25:46     all   90,27    0,00    8,48    0,00    0,00    0,12    0,00    0,00    0,00    1,12
08:25:47     all   90,44    0,00    9,06    0,00    0,00    0,00    0,00    0,00    0,00    0,50
08:25:48     all   90,77    0,00    8,10    0,00    0,00    0,12    0,00    0,00    0,00    1,00
08:25:49     all   90,62    0,00    8,62    0,00    0,00    0,38    0,00    0,00    0,00    0,38
08:25:50     all   90,88    0,00    8,62    0,00    0,00    0,00    0,00    0,00    0,00    0,50
08:25:51     all   90,48    0,00    8,65    0,00    0,00    0,00    0,00    0,00    0,00    0,88
08:25:52     all   90,36    0,00    8,76    0,00    0,00    0,25    0,00    0,00    0,00    0,63
08:25:53     all   91,38    0,00    8,25    0,00    0,00    0,00    0,00    0,00    0,00    0,38
08:25:54     all   87,22    0,13   10,15    0,75    0,00    0,00    0,00    0,00    0,00    1,75
08:25:55     all   87,69    0,00    9,80    0,50    0,00    0,13    0,00    0,00    0,00    1,88
08:25:56     all   83,31    0,00    9,41    2,01    0,00    0,13    0,00    0,00    0,00    5,14
08:25:57     all   80,45    0,00    8,52    2,26    0,00    0,13    0,00    0,00    0,00    8,65
08:25:58     all   78,74    0,00    8,55    0,38    0,00    0,13    0,00    0,00    0,00   12,20
08:25:59     all   80,25    0,00    7,30    0,13    0,00    0,00    0,00    0,00    0,00   12,33
08:26:00     all   80,30    0,00    7,90    0,00    0,00    0,00    0,00    0,00    0,00   11,79
08:26:01     all   76,10    0,00    7,80    1,64    0,00    0,25    0,00    0,00    0,00   14,21
08:26:02     all   64,40    0,13    7,67    5,91    0,00    0,13    0,00    0,00    0,00   21,76
08:26:03     all   60,25    0,00    8,30    4,53    0,00    0,00    0,00    0,00    0,00   26,92
08:26:04     all   47,93    0,00    6,02   10,41    0,00    0,25    0,00    0,00    0,00   35,38
08:26:05     all   44,26    0,00    5,67    3,53    0,00    0,13    0,00    0,00    0,00   46,41
08:26:06     all   20,48    0,00    2,51   27,26    0,00    0,00    0,00    0,00    0,00   49,75
08:26:07     all   14,39    0,13    1,63   26,28    0,00    0,00    0,00    0,00    0,00   57,57
08:26:08     all   17,25    0,00    4,28   11,71    0,00    0,00    0,00    0,00    0,00   66,75
08:26:09     all   22,21    0,00    8,63    0,00    0,00    0,00    0,00    0,00    0,00   69,16
08:26:10     all   13,77    0,00    1,38   11,14    0,00    0,00    0,00    0,00    0,00   73,72
08:26:11     all   13,64    0,00    1,25   11,51    0,00    0,00    0,00    0,00    0,00   73,59
08:26:12     all   13,37    0,00    0,88   11,48    0,00    0,00    0,00    0,00    0,00   74,27
08:26:13     all   13,38    0,00    1,25   11,62    0,00    0,00    0,00    0,00    0,00   73,75
08:26:14     all   14,02    0,00    1,38   11,51    0,00    0,00    0,00    0,00    0,00   73,09
08:26:15     all   13,78    0,00    1,13   12,16    0,00    0,00    0,00    0,00    0,00   72,93
08:26:16     all   13,32    0,00    1,26   13,57    0,00    0,00    0,00    0,00    0,00   71,86
08:26:17     all   13,66    0,00    1,25   11,40    0,00    0,00    0,00    0,00    0,00   73,68
08:26:18     all   13,41    0,00    0,75   13,28    0,00    0,00    0,00    0,00    0,00   72,56
08:26:19     all   13,28    0,00    1,38   11,65    0,00    0,00    0,00    0,00    0,00   73,68
08:26:20     all   13,89    0,00    1,25   11,26    0,00    0,00    0,00    0,00    0,00   73,59
08:26:21     all   13,30    0,00    1,25   11,79    0,00    0,00    0,00    0,00    0,00   73,65
08:26:22     all   13,44    0,00    0,75   12,94    0,00    0,00    0,00    0,00    0,00   72,86
08:26:23     all   13,28    0,00    1,25   15,16    0,00    0,00    0,00    0,00    0,00   70,30
08:26:24     all   13,93    0,00    1,00   11,67    0,00    0,00    0,00    0,00    0,00   73,40
08:26:25     all   13,52    0,00    1,25   11,39    0,00    0,00    0,00    0,00    0,00   73,84
08:26:26     all   13,25    0,00    1,38   11,50    0,00    0,12    0,00    0,00    0,00   73,75
08:26:27     all   13,50    0,00    1,12   11,75    0,00    0,00    0,00    0,00    0,00   73,62
08:26:28     all   13,16    0,00    1,00   11,65    0,00    0,00    0,00    0,00    0,00   74,19
08:26:29     all   13,48    0,00    1,13   11,46    0,00    0,00    0,00    0,00    0,00   73,93
08:26:30     all   13,00    0,00    1,12   11,88    0,00    0,00    0,00    0,00    0,00   74,00
08:26:31     all   13,61    0,00    1,37   11,49    0,00    0,00    0,00    0,00    0,00   73,53
08:26:32     all   13,62    0,00    0,76   11,73    0,00    0,00    0,00    0,00    0,00   73,90
08:26:33     all   14,27    0,00    1,13   11,64    0,00    0,00    0,00    0,00    0,00   72,97
08:26:34     all   13,08    0,00    1,01   11,45    0,00    0,00    0,00    0,00    0,00   74,47
08:26:35     all   13,89    0,00    1,13   11,51    0,00    0,00    0,00    0,00    0,00   73,47
08:26:36     all   14,45    0,00    1,88   11,93    0,00    0,00    0,00    0,00    0,00   71,73
08:26:37     all   13,39    0,00    1,00   11,76    0,00    0,00    0,00    0,00    0,00   73,84
08:26:38     all   14,00    0,00    1,25   11,62    0,00    0,00    0,00    0,00    0,00   73,12
08:26:39     all   13,00    0,00    1,00   11,88    0,00    0,00    0,00    0,00    0,00   74,12
08:26:40     all   13,27    0,00    1,00   11,89    0,00    0,00    0,00    0,00    0,00   73,84
08:26:41     all   13,23    0,00    1,25   11,61    0,00    0,00    0,00    0,00    0,00   73,91
08:26:42     all   13,35    0,00    0,88   11,71    0,00    0,00    0,00    0,00    0,00   74,06
08:26:43     all   13,58    0,00    1,26   11,45    0,00    0,00    0,00    0,00    0,00   73,71
08:26:44     all   12,36    0,00    1,77   11,22    0,00    0,00    0,00    0,00    0,00   74,65
08:26:45     all    2,38    0,13    2,26   16,92    0,00    0,00    0,00    0,00    0,00   78,32
