procs ----------mémoire---------- -échange- -----io---- -système- ------cpu--------
 r  b   swpd  libre tampon  cache   si   so    bi    bo   in   cs us sy id wa st gu
 6  0      0 15697788 253608 5665572    0    0    95   190 4007    6 11  2 86  1  0  0
 0  1      0 15687348 253628 5665588    0    0     0  2004 4223 7904  5  4 73 18  0  0
 0  1      0 15689452 253660 5663652    0    0     0   756 4452 8012  4  3 83 10  0  0
 1  1      0 15685332 253680 5665720    0    0     0  2060 5829 8347  7  5 78 10  0  0
 2  0      0 15692608 253704 5665700    0    0     0   492 5453 7212  4  3 83  9  0  0
 1  0      0 15663824 253704 5665708    0    0     0     0 19419 27775 10  9 81  0  0  0
 1  1      0 15656732 253712 5665700    0    0     0  1000 8990 15498  5  4 77 14  0  0
 2  0      0 15666492 253740 5665744    0    0     0   868 3470 5304  4  3 82 12  0  0
 1  0      0 15671980 253752 5665836    0    0     0   408 5004 6962 10  4 80  6  0  0
 1  0      0 15670624 253752 5665848    0    0     0     4 2446 3706 13  1 85  1  0  0
 1  0      0 15676252 253752 5665852    0    0     0     0 2374 2042 13  1 86  0  0  0
 1  0      0 15690980 253752 5665856    0    0     0     0 1817 1147 13  1 86  0  0  0
 1  0      0 15696652 253752 5665860    0    0     0     0 2012 3122 13  1 86  0  0  0
 1  1      0 15702628 253760 5665736    0    0     0    52 2203 1627 13  1 86  0  0  0
 1  0      0 15706924 253760 5665748    0    0     0     0 1648 1080 13  1 86  1  0  0
 1  1      0 15710068 253760 5665752    0    0     0  1644 3916 8282 14  1 80  4  0  0
 2  1      0 15721904 253780 5665760    0    0     0  1048 2419 2534 13  1 67 19  0  0
 2  1      0 15699692 253796 5665968    0    0     0   752 6450 12986 17  3 70 10  0  0
 2  1      0 15684932 253816 5665884    0    0     0  1768 7067 8777 25  3 56 16  0  0
 4  1      0 15678824 253840 5665976    0    0     0  1152 8068 10889 27  3 59 10  0  0
 3  2      0 15673716 253868 5666020    0    0     0  1884 8657 12657 35  4 49 12  0  0
procs ----------mémoire---------- -échange- -----io---- -système- ------cpu--------
 r  b   swpd  libre tampon  cache   si   so    bi    bo   in   cs us sy id wa st gu
 3  1      0 15675024 253880 5665944    0    0     0  1508 8303 8528 36  4 49 11  0  0
 4  1      0 15656824 253908 5666068    0    0     0   596 11734 20598 41  6 46  7  0  0
 4  1      0 15642188 253924 5666088    0    0     0  1824 9005 10761 48  5 38  9  0  0
 4  1      0 15651016 253952 5666216    0    0     0   780 10374 15051 49  6 38  6  0  0
 5  2      0 15636276 253956 5666256    0    0     0  2136 10447 14765 56  6 30  9  0  0
 6  1      0 15641924 253996 5666284    0    0     0   884 11097 16403 60  7 28  6  0  0
 6  2      0 15614232 254028 5666400    0    0     0  2116 12237 19315 64  8 26  2  0  0
 6  1      0 15616072 254040 5666424    0    0     0   648 10085 12731 69  7 20  4  0  0
10  1      0 15608496 254064 5666552    0    0     0   680 11555 16607 70  9 18  4  0  0
10  1      0 15614244 254088 5666584    0    0     0  2136 11696 15829 79  8 10  3  0  0
10  1      0 15587624 254116 5666612    0    0     0  1232 12152 17366 80  9  9  3  0  0
 8  4      0 15583544 254128 5666728    0    0     0  2120 14175 20567 82 10  7  1  0  0
 9  1      0 15602332 254136 5666756    0    0     0   720 11595 13314 87  8  3  1  0  0
10  1      0 15602884 254156 5666832    0    0     0   588 14650 20305 85 10  5  1  0  0
11  1      0 15604712 254168 5666948    0    0     0  2204 12601 12814 89  9  2  0  0  0
13  1      0 15604836 254196 5666980    0    0     0  1584 14019 17642 88  9  2  1  0  0
13  0      0 15575428 254216 5666992    0    0     0  1084 15387 20622 88 10  1  0  0  0
19  2      0 15555484 254220 5667164    0    0     0  2424 13530 14567 90  9  1  0  0  0
10  1      0 15557768 254244 5667184    0    0     0   504 13892 16705 89 10  1  0  0  0
12  1      0 15562272 254280 5667360    0    0     0  1972 14120 16277 90  9  1  0  0  0
15  1      0 15547816 254308 5667364    0    0     0  1472 14713 18745 89 10  2  0  0  0
procs ----------mémoire---------- -échange- -----io---- -système- ------cpu--------
 r  b   swpd  libre tampon  cache   si   so    bi    bo   in   cs us sy id wa st gu
12  1      0 15544784 254344 5667444    0    0     0   592 15696 21475 89 10  1  0  0  0
13  1      0 15547004 254360 5667584    0    0     0  1948 13575 14661 90 10  0  0  0  0
14  1      0 15550620 254372 5667600    0    0     0  1220 12252 13009 90 10  1  0  0  0
13 15      0 15551608 254380 5667716    0    0     0   784 13770 17954 88 11  0  0  0  0
11  1      0 15550848 254392 5667796    0    0     0  2120 12505 16611 90 10  0  0  0  0
17  0      0 15552008 254404 5667820    0    0     0  1228 12848 15384 89 10  0  0  0  0
14 10      0 15549088 254416 5667948    0    0     0   852 14176 19015 88 11  0  0  0  0
15  1      0 15560892 254420 5668044    0    0     0  1736 11864 13169 91  9  0  0  0  0
22  1      0 15548480 254448 5668040    0    0     0  1388 12593 15037 89 11  0  0  0  0
11  2      0 15528776 254464 5668176    0    0     0  1980 12697 15741 89 11  0  0  0  0
22  1      0 15507852 254476 5668252    0    0     0  1300 13758 18360 89 10  1  0  0  0
14  1      0 15497756 254500 5668268    0    0     0   728 13988 18150 89 11  0  0  0  0
10  1      0 15505128 254520 5668424    0    0     0  2144 12340 15326 89 11  0  0  0  0
14  0      0 15522808 254540 5668460    0    0     0  1280 12318 14039 90 11  0  0  0  0
11  1      0 15516476 254576 5668568    0    0     0  1872 13326 17632 89 11  0  0  0  0
24  0      0 15498256 254576 5668708    0    0     0   924 12966 17484 90 10  0  0  0  0
14  0      0 15487144 254604 5668708    0    0     0  1164 12678 15054 90 10  0  0  0  0
12  1      0 15500924 254608 5668864    0    0     0  1404 13181 18038 89 11  0  0  0  0
13  1      0 15499804 254612 5668964    0    0     0  1536 11259 11678 90  9  0  0  0  0
12  1      0 15485716 254636 5668960    0    0     0   640 12701 15530 87 13  0  0  0  0
13  2      0 15498904 254648 5669112    0    0     0  2036 12478 15113 89 10  0  0  0  0
procs ----------mémoire---------- -échange- -----io---- -système- ------cpu--------
 r  b   swpd  libre tampon  cache   si   so    bi    bo   in   cs us sy id wa st gu
14  0      0 15469740 254672 5669140    0    0     0  1068 12691 16780 90 10  0  0  0  0
28  1      0 15470744 254684 5669264    0    0     0  1128 14513 21111 88 12  0  0  0  0
21  1      0 15460520 254684 5669380    0    0     0  1668 11757 13083 91  9  0  0  0  0
19  0      0 15463604 254712 5669380    0    0     0  1144 13851 18732 89 11  0  0  0  0
18  2      0 15461040 254740 5669524    0    0     0  2060 12546 15622 89 11  0  0  0  0
15  1      0 15462468 254752 5669568    0    0     0   928 13006 17704 90 10  0  0  0  0
14  1      0 15454648 254756 5669672    0    0     0   604 14539 21426 88 12  0  0  0  0
22  1      0 15450896 254772 5669800    0    0     0  2036 12263 14908 90 10  0  0  0  0
12  1      0 15457436 254784 5669820    0    0     0  1280 11459 11816 90 10  0  0  0  0
22  0      0 15469276 254800 5669876    0    0     0   532 13515 18222 88 12  0  0  0  0
13  1      0 15477360 254808 5669772    0    0     0  1776 13599 19499 90 10  0  0  0  0
16  1      0 15472964 254812 5669680    0    0     0  1316 11589 13453 90 10  0  0  0  0
20  0      0 15460612 254820 5669748    0    0     0   444 13931 19551 88 12  0  0  0  0
14  5      0 15466452 254840 5669892    0    0     0  1952 11976 14069 91  9  0  0  0  0
15  2      0 15475524 254844 5669912    0    0     0  1384 12701 15562 90 10  0  0  0  0
14  1      0 15461996 254860 5669920    0    0     0   508 13857 20700 89 11  0  0  0  0
16  7      0 15453948 254868 5670096    0    0     0  2076 13240 18156 89 10  0  0  0  0
12  2      0 15428780 254876 5670184    0    0     0  1348 12201 14774 90 10  0  0  0  0
14  1      0 15431412 254888 5670228    0    0     0   508 12938 15906 89 11  0  0  0  0
17  2      0 15434560 254896 5670372    0    0     0   896 12197 14577 90 11  0  0  0  0
13  1      0 15434068 254900 5670420    0    0     0  1588 13038 18682 91  9  0  0  0  0
procs ----------mémoire---------- -échange- -----io---- -système- ------cpu--------
 r  b   swpd  libre tampon  cache   si   so    bi    bo   in   cs us sy id wa st gu
10  1      0 15428052 254920 5670420    0    0     0  1596 12452 15822 88 12  0  0  0  0
21  2      0 15428820 254920 5670500    0    0     0   364 15603 23949 86 14  0  0  0  0
15  3      0 15441440 254932 5670296    0    0     0  2612 12083 14327 89 11  0  0  0  0
14  4      0 15474088 254948 5670280    0    0     0  1428 12133 14747 87 10  1  2  0  0
15  5      0 15465832 254972 5674512    0    0     0  1580 11892 15442 90 10  0  0  0  0
16  3      0 15486444 254972 5674556    0    0     0  1568 11271 12343 90 10  0  0  0  0
20  2      0 15477296 254984 5674568    0    0     0  1236 12315 15031 90 10  0  0  0  0
14  2      0 15467128 254996 5672168    0    0     0  1868 11048 11267 90 10  0  0  0  0
18  2      0 15483716 255012 5672168    0    0     0  1272 12021 13127 89 11  0  0  0  0
26  3      0 15484732 255036 5672120    0    0     0  1544 11275 12388 89 10  0  1  0  0
25  0      0 15430252 255056 5674224    0    0     0   688 12607 16410 89 11  0  0  0  0
17  1      0 15411720 255064 5674836    0    0     0  1572 12562 15855 89 11  0  0  0  0
15  1      0 15401340 255068 5674876    0    0     0   904 10844 10837 91  8  0  0  0  0
23  1      0 15390168 255068 5674896    0    0     0  1496 11612 12593 90 10  0  0  0  0
20  1      0 15413172 255088 5674916    0    0     0   560 12920 16223 88 12  0  0  0  0
15  2      0 15407488 255104 5675028    0    0     0  1956 13848 21174 89 11  0  0  0  0
19  1      0 15407980 255124 5675044    0    0     0  1268 12032 14035 90 10  0  0  0  0
18  0      0 15411824 255140 5675076    0    0     0   444 13618 19043 88 12  0  0  0  0
24  5      0 15397716 255152 5675288    0    0     0  1868 11921 13834 90 10  0  0  0  0
19  1      0 15407452 255156 5675304    0    0     0  1052 11925 13713 90 10  0  0  0  0
21  0      0 15377828 255172 5675332    0    0     0   540 14484 21334 89 11  0  0  0  0
procs ----------mémoire---------- -échange- -----io---- -système- ------cpu--------
 r  b   swpd  libre tampon  cache   si   so    bi    bo   in   cs us sy id wa st gu
14  2      0 15375520 255180 5675256    0    0     0  2328 13108 17033 89 11  0  0  0  0
23  2      0 15373048 255196 5675328    0    0     0  1148 12355 15722 90 10  0  0  0  0
22  0      0 15383508 255204 5675376    0    0     0   952 11770 13561 89 11  0  0  0  0
26  1      0 15382720 255216 5675612    0    0     0   556 14284 20519 87 13  0  0  0  0
16 10      0 15408536 255220 5675532    0    0     0  2136 13470 19795 89 11  0  0  0  0
19  3      0 15399564 255220 5675580    0    0     0  1248 12143 14287 89 11  0  0  0  0
13 17      0 15403400 255232 5675580    0    0     0  1440 12143 15051 90 10  0  0  0  0
16  1      0 15392560 255264 5675620    0    0     0  1008 12670 14686 89 11  0  0  0  0
12  2      0 15404372 255272 5675764    0    0     0  2028 12439 15421 88 12  0  0  0  0
12  1      0 15379892 255280 5675756    0    0     0   448 12532 16490 91  9  0  0  0  0
26  2      0 15402940 255300 5675792    0    0     0  1564 12187 14848 89 11  0  0  0  0
15  3      0 15398356 255316 5675748    0    0     0  1932 11474 12811 90 10  0  0  0  0
16  1      0 15395844 255348 5675716    0    0     0   680 13220 18967 89 12  0  0  0  0
13  1      0 15379348 255356 5675844    0    0     0  1828 12165 14789 90 10  0  0  0  0
17  1      0 15404088 255372 5675840    0    0     0  1300 11891 13184 90 10  0  0  0  0
17  1      0 15390680 255380 5675904    0    0     0   492 12815 16205 89 11  0  0  0  0
16  1      0 15398632 255388 5676092    0    0     0  1896 14351 20581 89 11  0  0  0  0
15  1      0 15391936 255408 5676092    0    0     0  1728 11983 15171 89 11  0  0  0  0
18  1      0 15373832 255416 5676204    0    0     0   316 13441 18063 89 11  0  0  0  0
26  3      0 15410020 255432 5676296    0    0     0   952 13453 19848 88 12  0  0  0  0
15  3      0 15409256 255448 5676280    0    0     0  2724 10988 10716 91  9  0  0  0  0
procs ----------mémoire---------- -échange- -----io---- -système- ------cpu--------
 r  b   swpd  libre tampon  cache   si   so    bi    bo   in   cs us sy id wa st gu
28  0      0 15389844 255452 5676312    0    0     0   692 13012 18913 91 10  0  0  0  0
13  1      0 15380864 255464 5676392    0    0     0   776 13066 17554 88 11  0  0  0  0
15 19      0 15370040 255476 5676536    0    0     0   832 13894 18874 89 11  0  0  0  0
15  3      0 15401404 255480 5676600    0    0     0  1424 10818 11899 86  9  0  4  0  0
17  1      0 15385092 255496 5676592    0    0     0  1500 11701 12326 90 10  0  0  0  0
14  1      0 15377572 255500 5676636    0    0     0   280 14114 21506 88 12  0  0  0  0
22  8      0 15376236 255516 5676768    0    0     0  2096 13128 17509 89 11  0  0  0  0
15  2      0 15372372 255528 5676756    0    0     0  1356 11431 13014 89 11  0  0  0  0
17  0      0 15385320 255564 5676524    0    0     0   528 13729 18805 89 11  0  0  0  0
25  0      0 15385628 255572 5676520    0    0     0   684 13451 17498 89 11  0  0  0  0
16  1      0 15374912 255576 5676624    0    0     0  1804 13853 19226 90  9  0  0  0  0
24  1      0 15381752 255592 5676728    0    0     0  1236 12653 16377 88 12  0  0  0  0
17  1      0 15376528 255596 5676724    0    0     0   468 14588 21968 89 11  0  0  0  0
21  1      0 15399148 255604 5676860    0    0     0  1976 11383 11659 90 10  0  0  0  0
15  1      0 15404196 255612 5676856    0    0     0  1532 15222 22888 88 11  0  0  0  0
16  3      0 15388172 255616 5676852    0    0     0  1588 13649 18872 88 12  0  0  0  0
19  2      0 15412168 255624 5676820    0    0     0  1408 11907 15068 87 10  0  3  0  0
15 17      0 15401072 255624 5676840    0    0     0  1860 12074 14157 88 12  0  0  0  0
15  3      0 15406044 255632 5676856    0    0     0  1120 11995 13602 90 10  0  0  0  0
12  3      0 15404508 255656 5676860    0    0     0  1568 11390 12987 89 10  0  0  0  0
14  2      0 15410912 255676 5676744    0    0     0   840 12668 16191 89 11  0  0  0  0
procs ----------mémoire---------- -échange- -----io---- -système- ------cpu--------
 r  b   swpd  libre tampon  cache   si   so    bi    bo   in   cs us sy id wa st gu
19  3      0 15431196 255680 5676744    0    0     0  1228 12460 17128 81 11  0  7  0  0
14  1      0 15422672 255688 5676764    0    0     0  2132 10680 10767 90  9  0  2  0  0
13  1      0 15425772 255700 5677048    0    0     0   888 16289 13213 89 11  0  0  0  0
16  1      0 15406412 255712 5677132    0    0     0   528 16117 17776 89 11  0  0  0  0
18  2      0 15393248 255732 5677172    0    0     0  1484 12643 15606 89 11  0  0  0  0
12  2      0 15413684 255736 5677112    0    0     0  1416 11762 13016 90 10  0  0  0  0
20  2      0 15416268 255736 5686320    0    0     0   660 13200 17862 88 12  0  0  0  0
13  3      0 15397032 255748 5677400    0    0     0  2460 12976 19645 83 11  1  5  0  0
12  3      0 15381196 255776 5677420    0    0     0   868 12385 15524 89 11  0  0  0  0
17  0      0 15378832 255796 5677444    0    0     0  1376 11988 14175 90 10  0  0  0  0
14  2      0 15380528 255824 5677548    0    0     0   932 14005 19272 88 12  0  0  0  0
14  1      0 15390084 255824 5677560    0    0     0  1560 11180 11352 90 10  0  0  0  0
14  1      0 15389100 255848 5677596    0    0     0  1564 12789 17595 89 11  0  0  0  0
20  0      0 15373180 255872 5677724    0    0     0   544 13436 18401 88 12  0  0  0  0
15  2      0 15368360 255888 5677724    0    0     0  1896 13107 16841 90 10  0  0  0  0
12  1      0 15368388 255896 5677760    0    0     0  1580 11435 12209 89 11  0  0  0  0
27  1      0 15383852 255916 5677884    0    0     0   608 13088 16601 88 12  0  0  0  0
12  2      0 15387480 255928 5677920    0    0     0  1788 13381 19582 90 10  0  0  0  0
16  1      0 15373536 255940 5677932    0    0     0  1628 12202 15135 90 10  0  0  0  0
21  1      0 15364648 255960 5678060    0    0     0   672 13100 16750 89 11  0  0  0  0
15  5      0 15372760 255972 5678120    0    0     0  2232 13608 18013 89 11  0  0  0  0
procs ----------mémoire---------- -échange- -----io---- -système- ------cpu--------
 r  b   swpd  libre tampon  cache   si   so    bi    bo   in   cs us sy id wa st gu
15  1      0 15366676 255976 5678140    0    0     0   372 10862 11713 91  9  0  0  0  0
16  1      0 15360860 256008 5678144    0    0     0  1612 13872 19989 89 11  0  0  0  0
16  1      0 15348568 256012 5678280    0    0     0   368 13417 18389 89 11  0  0  0  0
17  7      0 15337988 256028 5678312    0    0     0  1864 13355 18485 89 11  0  0  0  0
13  1      0 15356732 256032 5678336    0    0     0  1380 11365 12300 90 10  0  0  0  0
23  1      0 15351480 256044 5678464    0    0     0   532 12181 14675 90 10  0  0  0  0
20  8      0 15337404 256056 5678484    0    0     0  2400 15022 22712 88 12  0  0  0  0
17  1      0 15339420 256064 5678508    0    0     0    80 11240 12215 91  9  0  0  0  0
12  3      0 15347396 256068 5678532    0    0     0  1368 12355 15975 89 11  0  0  0  0
29  1      0 15332232 256076 5678648    0    0     0   552 14068 19216 88 12  0  0  0  0
16  1      0 15315928 256084 5678708    0    0     0   612 11947 14588 90  9  0  0  0  0
14  2      0 15317860 256092 5678592    0    0     0  1720 13699 20079 88 12  0  0  0  0
19  2      0 15328252 256092 5678636    0    0     0   368 11937 13464 91  9  0  0  0  0
27  2      0 15350408 256092 5678664    0    0     0   524 11772 13717 88 12  0  0  0  0
12  2      0 15344024 256096 5678688    0    0     0  2120 10605 10155 89 10  0  0  0  0
26  0      0 15350588 256112 5678708    0    0     0   948 12274 15483 89 11  0  0  0  0
11  3      0 15357716 256120 5678768    0    0     0  2328 13662 19610 88 12  0  0  0  0
28  1      0 15364424 256128 5678772    0    0     0   632 11092 12013 90 10  0  0  0  0
20 11      0 15386160 256144 5678816    0    0     0  1432 11888 14168 90 10  0  0  0  0
14  1      0 15381484 256144 5678824    0    0     0   344 11600 13129 91  9  0  0  0  0
23  2      0 15380236 256156 5678792    0    0     0  1324 13909 19713 89 11  0  0  0  0
procs ----------mémoire---------- -échange- -----io---- -système- ------cpu--------
 r  b   swpd  libre tampon  cache   si   so    bi    bo   in   cs us sy id wa st gu
21  2      0 15358284 256156 5678920    0    0     0  1904 13538 18824 89 11  0  0  0  0
16  1      0 15360800 256172 5678920    0    0     0   788 12588 15919 90 11  0  0  0  0
22  1      0 15360984 256184 5678956    0    0     0  1668 12473 15200 90 10  0  0  0  0
11  2      0 15399112 256196 5678508    0    0     0  1528 12772 16703 89 11  0  0  0  0
20  3      0 15418672 256196 5678472    0    0     0   952 13800 18767 88 12  0  0  0  0
10  4      0 15421720 256196 5678500    0    0     0  1968 13289 19184 88 11  0  0  0  0
13  6      0 15397132 256200 5678516    0    0     0  1292 11675 14097 90 10  0  0  0  0
16  2      0 15398068 256212 5678532    0    0     0   832 11111 13754 83  9  1  7  0  0
16  1      0 15383224 256220 5678560    0    0     0   920 12420 15542 90 10  0  0  0  0
13  1      0 15409140 256228 5678576    0    0     0  1548 10975 10984 90 10  0  0  0  0
17  5      0 15416756 256236 5678524    0    0     0  1772 14108 21081 89 11  0  0  0  0
21  3      0 15401760 256240 5678552    0    0     0   892 12355 15795 88 11  0  0  0  0
11  3      0 15420508 256248 5678504    0    0     0  1340 12012 13814 90 10  0  0  0  0
14 29      0 15395556 256252 5678524    0    0     0  2040 14079 19841 87 13  0  0  0  0
21  1      0 15422396 256264 5678560    0    0     0   880 13883 18219 88 10  0  2  0  0
25 21      0 15422068 256272 5678572    0    0     0  1812 11987 14003 90 10  0  0  0  0
11  5      0 15406128 256292 5678592    0    0     0  1000 11354 12114 90 10  0  0  0  0
19  2      0 15416816 256292 5678476    0    0     0   800 13358 17055 89 11  0  0  0  0
21 26      0 15431504 256296 5678488    0    0     0  1988 10643 11453 84  8  0  8  0  0
15  2      0 15442576 256300 5678476    0    0     0  1240 10957 11491 90 10  0  0  0  0
23  0      0 15428832 256312 5678516    0    0     0   588 12309 14152 90 10  0  0  0  0
procs ----------mémoire---------- -échange- -----io---- -système- ------cpu--------
 r  b   swpd  libre tampon  cache   si   so    bi    bo   in   cs us sy id wa st gu
17  1      0 15428956 256328 5676572    0    0     0  1684 13785 21033 87 13  0  0  0  0
12  1      0 15426712 256332 5676624    0    0     0   996 11634 13238 91  9  0  0  0  0
14  1      0 15435804 256356 5678700    0    0     0  1276 12982 16102 89 11  0  0  0  0
18  1      0 15378792 256360 5679116    0    0     0   516 19631 19393 88 12  0  0  0  0
14  1      0 15364192 256376 5679228    0    0     0  1900 14243 18727 89 11  0  0  0  0
22  0      0 15356712 256404 5679240    0    0     0  1452 12159 14729 89 10  0  0  0  0
22  1      0 15349592 256412 5679368    0    0     0   316 13090 16643 89 10  0  0  0  0
20  2      0 15380024 256428 5679404    0    0     0  2136 12629 16068 89 11  0  0  0  0
14  2      0 15390520 256436 5679408    0    0     0  1340 11465 11641 91  9  0  0  0  0
11  1      0 15362052 256448 5679448    0    0     0   408 13699 19046 89 11  0  0  0  0
23  1      0 15347932 256448 5679572    0    0     0   184 13811 18826 88 12  0  0  0  0
16  1      0 15358100 256464 5679588    0    0     0   504 12693 17148 90 10  0  0  0  0
18  8      0 15359424 256480 5679612    0    0     0  1700 10936 11297 90 10  0  0  0  0
31  0      0 15357080 256488 5679640    0    0     0   360 13566 18761 90 10  0  0  0  0
15  1      0 15352836 256516 5679668    0    0     0  1448 11893 13611 90 10  0  0  0  0
14  1      0 15346712 256516 5679784    0    0     0   168 13193 18189 89 11  0  0  0  0
12  1      0 15358024 256536 5679832    0    0     0   820 11685 12980 90 10  0  0  0  0
25  8      0 15358300 256536 5679844    0    0     0  2180 11662 14188 89 11  0  0  0  0
24  5      0 15345240 256540 5679872    0    0     0   520 12014 15411 90 10  0  0  0  0
15  2      0 15377220 256560 5679780    0    0     0   860 13331 17752 89 11  0  0  0  0
13  5      0 15365364 256572 5679840    0    0     0  2112 12792 16032 88 12  0  0  0  0
procs ----------mémoire---------- -échange- -----io---- -système- ------cpu--------
 r  b   swpd  libre tampon  cache   si   so    bi    bo   in   cs us sy id wa st gu
14  3      0 15361732 256580 5679876    0    0     0  1500 11359 12382 90 10  0  0  0  0
14  1      0 15355788 256592 5679848    0    0     0   836 13039 17858 90 10  0  0  0  0
15  1      0 15351428 256600 5679892    0    0     0  1472 11029 11003 90  9  0  0  0  0
15  1      0 15369164 256612 5679912    0    0     0  1432 12144 14767 89 11  0  0  0  0
18  1      0 15346760 256632 5680024    0    0     0   616 15301 22871 88 12  0  0  0  0
21  3      0 15351004 256656 5680072    0    0     0  1812 12881 16690 88 12  0  0  0  0
11  1      0 15363828 256660 5680096    0    0     0   248 11846 14447 91  9  0  0  0  0
18  2      0 15350892 256668 5680116    0    0     0  1180 11013 11480 90 10  0  0  0  0
17  1      0 15342408 256684 5680160    0    0     0   528 14695 22077 89 11  0  0  0  0
14  2      0 15331704 256708 5680272    0    0     0  2140 13346 18326 88 11  0  0  0  0
17  2      0 15344348 256712 5680176    0    0     0   324 12991 17334 90 10  0  0  0  0
32  4      0 15347068 256712 5680208    0    0     0  2136 12216 15169 87 13  0  0  0  0
16  3      0 15353020 256736 5680224    0    0     0  1160 10908 11244 91  9  0  0  0  0
14  4      0 15366492 256760 5680268    0    0     0  1480 11175 11805 90 11  0  0  0  0
23  0      0 15375096 256776 5680376    0    0     0   524 12465 15188 89 11  0  0  0  0
13  6      0 15367812 256796 5680412    0    0     0  2140 12022 13726 90 10  0  0  0  0
21  1      0 15363060 256800 5680432    0    0     0   352 12447 16923 90 10  0  0  0  0
11  2      0 15367088 256804 5680452    0    0     0  1368 12645 15784 89 11  0  0  0  0
15  2      0 15373968 256812 5680276    0    0     0   404 12742 16240 89 11  0  0  0  0
13  2      0 15376052 256812 5680360    0    0     0   660 12903 16858 87 13  0  0  0  0
14  5      0 15367472 256820 5680372    0    0     0  1912 11443 12794 90 10  0  0  0  0
procs ----------mémoire---------- -échange- -----io---- -système- ------cpu--------
 r  b   swpd  libre tampon  cache   si   so    bi    bo   in   cs us sy id wa st gu
14  4      0 15392172 256820 5680320    0    0     0  1460 11508 12939 90 10  0  0  0  0
11  7      0 15400852 256832 5680364    0    0     0   996 11290 12186 90 10  0  0  0  0
19  1      0 15409348 256848 5679976    0    0     0  1260 11544 13003 90 10  0  0  0  0
22  3      0 15409816 256860 5679996    0    0     0  1704 12506 15712 89 11  0  0  0  0
23  2      0 15405404 256860 5679940    0    0     0   756 12130 14973 90 10  0  0  0  0
 7  2      0 15421444 256860 5679952    0    0     0  2036 10954 10657 90 10  0  0  0  0
15  2      0 15407464 256880 5679972    0    0     0   728 11142 11872 91  9  0  0  0  0
13  1      0 15410108 256896 5679980    0    0     0   884 11845 13109 89 11  0  0  0  0
11  1      0 15404936 256908 5680112    0    0     0   456 13215 18435 88 12  0  0  0  0
14  1      0 15406692 256912 5680132    0    0     0  2060 11239 11238 90 10  0  0  0  0
14  1      0 15416340 256920 5680132    0    0     0  1412 11366 11798 90 10  0  0  0  0
11  2      0 15420784 256924 5680204    0    0     0   600 13589 19293 86 13  0  0  0  0
14  2      0 15419632 256936 5680204    0    0     0  2024 12901 17015 90 10  0  0  0  0
19  3      0 15414268 256952 5680240    0    0     0  1104 12580 16851 90 10  0  0  0  0
16  2      0 15406592 256960 5680268    0    0     0  1136 12259 15181 89 11  0  0  0  0
17  1      0 15395420 256980 5680384    0    0     0   592 12494 15487 89 11  0  0  0  0
26 13      0 15390784 256988 5680424    0    0     0  2232 14055 20780 88 12  0  0  0  0
10  1      0 15384780 256988 5680440    0    0     0    84 11652 13621 91  9  0  0  0  0
22  2      0 15404164 256988 5678408    0    0     0  1336 11773 13544 90 10  0  0  0  0
16  0      0 15409696 257016 5680504    0    0     0   496 12290 14425 90  9  0  0  0  0
17  1      0 15395584 257024 5680620    0    0     0   672 12522 15729 89 11  0  0  0  0
procs ----------mémoire---------- -échange- -----io---- -système- ------cpu--------
 r  b   swpd  libre tampon  cache   si   so    bi    bo   in   cs us sy id wa st gu
12  1      0 15348016 257028 5680936    0    0     0  1760 12401 16784 89 11  0  0  0  0
14  1      0 15324148 257032 5681056    0    0     0  1496 11750 14317 90 10  0  0  0  0
22  1      0 15329768 257056 5681176    0    0     0   480 13892 19455 88 12  0  0  0  0
18  3      0 15332548 257064 5681152    0    0     0  2572 13062 17250 88 12  0  0  0  0
24  7      0 15345648 257064 5681176    0    0     0   768 12984 18157 90 10  0  0  0  0
13  2      0 15359096 257072 5681188    0    0     0   504 11836 14198 91  9  0  0  0  0
 3 35      0 15364592 257080 5681072    0    0     0  1396 12294 15513 85 11  0  4  0  0
23  2      0 15361020 257092 5681064    0    0     0   700 12830 15141 77  8  2 13  0  0
29 26      0 15352264 257096 5681112    0    0     0  1652 12345 14761 88 12  0  0  0  0
12 23      0 15351008 257104 5681232    0    0     0  1312 11066 11651 90 10  0  0  0  0
11  2      0 15351452 257116 5681224    0    0     0   516 11056 11619 91  9  0  0  0  0
20  9      0 15341948 257140 5681244    0    0     0  1656 13218 18396 89 11  0  0  0  0
18  8      0 15353744 257152 5681400    0    0     0   976 11360 12984 90 10  0  0  0  0
17  3      0 15348908 257156 5681144    0    0     0  1608 14280 20297 89 11  0  0  0  0
17  1      0 15357584 257156 5681168    0    0     0  1752 11720 13858 89 11  0  0  0  0
21  1      0 15353840 257176 5681092    0    0     0   640 13560 19022 88 12  0  0  0  0
 9  2      0 15362220 257188 5681116    0    0     0  1068 13192 17118 90 10  0  0  0  0
15  2      0 15385944 257208 5681048    0    0     0  2116 13214 18176 89 11  0  0  0  0
12  5      0 15390548 257208 5681080    0    0     0  2284 11979 13906 90 10  0  0  0  0
20  4      0 15374424 257216 5681004    0    0     0  1728 13598 15468 89 10  0  1  0  0
31  3      0 15380448 257220 5681036    0    0     0  1436 11222 12283 89 10  0  1  0  0
procs ----------mémoire---------- -échange- -----io---- -système- ------cpu--------
 r  b   swpd  libre tampon  cache   si   so    bi    bo   in   cs us sy id wa st gu
13  2      0 15391680 257224 5681032    0    0     0  1524 10382 10764 84  8  0  7  0  0
12  1      0 15370324 257228 5681192    0    0     0   572 12749 16151 89 11  0  0  0  0
15  4      0 15375612 257244 5681296    0    0     0  2160 13119 17654 89 11  0  0  0  0
14  1      0 15389804 257244 5681324    0    0     0   704 11617 12481 90 10  0  0  0  0
19  0      0 15371184 257244 5681364    0    0     0   504 12485 15471 89 11  0  0  0  0
14  2      0 15384612 257260 5681456    0    0     0  2396 16487 19230 89 10  0  0  0  0
13  1      0 15399188 257268 5681484    0    0     0  1136 21227 15488 89 11  0  0  0  0
14  1      0 15379352 257276 5681540    0    0     0   700 16072 19165 89 11  0  0  0  0
 9  1      0 15369908 257288 5681792    0    0     0  1916 12448 14761 89 10  0  0  0  0
15  3      0 15379584 257296 5679752    0    0     0   804 11963 13758 88 12  0  0  0  0
31  1      0 15392624 257308 5679700    0    0     0  1892 13698 20245 89 11  0  0  0  0
17  8      0 15391872 257308 5681680    0    0     0  1952 11946 13573 89 11  0  0  0  0
20 22      0 15408532 257316 5679948    0    0     0  1524 10908 11519 90 10  0  0  0  0
15  1      0 15395704 257320 5679776    0    0     0   716 12673 16701 89 11  0  0  0  0
17  3      0 15392656 257320 5679848    0    0     0  2052 12971 16622 89 10  0  0  0  0
21  2      0 15394336 257328 5679784    0    0     0  1156 11528 12659 91  9  0  0  0  0
17  4      0 15416800 257332 5679808    0    0     0  1684 11517 12695 89 10  0  0  0  0
14  0      0 15408284 257348 5681940    0    0     0   716 12737 15588 90 10  0  0  0  0
19  1      0 15387440 257372 5682040    0    0     0   648 12822 16784 89 11  0  0  0  0
21  2      0 15398412 257380 5682020    0    0     0  1764 11103 11710 90 10  0  0  0  0
12  1      0 15392060 257380 5682036    0    0     0  1216 11093 10843 90 10  0  0  0  0
procs ----------mémoire---------- -échange- -----io---- -système- ------cpu--------
 r  b   swpd  libre tampon  cache   si   so    bi    bo   in   cs us sy id wa st gu
17  1      0 15373700 257392 5682072    0    0     0   300 14084 19747 89 11  0  0  0  0
14  9      0 15367384 257404 5682200    0    0     0  2156 13294 17279 89 11  0  0  0  0
20  1      0 15361520 257408 5680176    0    0     0   412 12460 15682 89 10  0  0  0  0
11  1      0 15375204 257424 5682224    0    0     0  1496 12176 14773 90 10  0  0  0  0
22  1      0 15366404 257428 5682380    0    0     0   520 13274 18395 88 11  0  0  0  0
15  1      0 15361228 257436 5680364    0    0     0  1940 13232 17235 90 10  0  0  0  0
18  1      0 15350480 257448 5682404    0    0     0  1492 12044 14714 89 11  0  0  0  0
11  1      0 15357412 257456 5682528    0    0     0   504 14195 20924 88 12  0  0  0  0
11  1      0 15364676 257464 5680572    0    0     0  1896 11240 11486 90 10  0  0  0  0
19  1      0 15361060 257480 5680592    0    0     0  1512 13877 19939 89 11  0  0  0  0
26  0      0 15345292 257488 5682680    0    0     0   316 13549 18935 87 13  0  0  0  0
13  1      0 15342044 257504 5682840    0    0     0  2140 12259 13993 90 10  0  0  0  0
23  1      0 15343112 257516 5682892    0    0     0  1324 12505 15905 90 10  0  0  0  0
14  1      0 15333752 257528 5682920    0    0     0   344 10775 10710 90 10  0  0  0  0
12  1      0 15334060 257528 5682848    0    0     0   220 12328 15001 90 10  0  0  0  0
12  9      0 15322796 257540 5681024    0    0     0  2172 14058 20313 89 11  0  0  0  0
24  1      0 15336736 257544 5681084    0    0     0   680 11863 14990 90 10  0  0  0  0
19  0      0 15334956 257564 5683132    0    0     0  1268 13319 18797 88 12  0  0  0  0
20 13      0 15340144 257568 5683220    0    0     0   724 12907 16526 88 12  0  0  0  0
13  2      0 15367048 257576 5681164    0    0     0  1984 15061 23959 85 10  0  5  0  0
25  4      0 15354404 257580 5681184    0    0     0  2284 12354 15165 89 11  0  0  0  0
procs ----------mémoire---------- -échange- -----io---- -système- ------cpu--------
 r  b   swpd  libre tampon  cache   si   so    bi    bo   in   cs us sy id wa st gu
14  3      0 15363624 257580 5681196    0    0     0  1120 11453 12451 90 10  0  0  0  0
16  3      0 15365028 257592 5681140    0    0     0  1452 12336 15487 90 10  0  1  0  0
15  2      0 15357244 257604 5681176    0    0     0  1892 11706 12712 90 10  0  0  0  0
16  1      0 15358732 257620 5683236    0    0     0   468 12670 16843 88 12  0  0  0  0
13  5      0 15341596 257652 5683340    0    0     0  2092 12150 14132 89 11  0  0  0  0
16  1      0 15348892 257652 5683392    0    0     0   888 12765 16751 90 10  0  0  0  0
14  1      0 15347296 257684 5683084    0    0     0  1032 12273 14862 90 10  0  0  0  0
16  1      0 15325084 257704 5683396    0    0     0   436 14097 21095 88 12  0  0  0  0
20  2      0 15315536 257712 5681532    0    0     0  1832 11286 12022 89 11  0  0  0  0
15  3      0 15317688 257720 5681544    0    0     0  1596 11824 13279 90 10  0  0  0  0
14  4      0 15327776 257748 5683780    0    0     0  1076 11860 13912 89 11  0  0  0  0
22  3      0 15344320 257752 5683628    0    0     0  1728 12646 16690 89 11  0  0  0  0
15  1      0 15344268 257772 5681680    0    0     0   808 12980 18045 90 10  0  0  0  0
24  2      0 15334768 257784 5681708    0    0     0  2176 12663 16793 88 11  0  0  0  0
17  2      0 15344124 257792 5681636    0    0     0  2204 12335 14898 89 11  0  0  0  0
14  1      0 15328288 257808 5683700    0    0     0   764 11787 14331 90 10  0  0  0  0
17  1      0 15308320 257812 5683832    0    0     0   440 13547 18196 89 12  0  0  0  0
20  1      0 15300960 257820 5681820    0    0     0  1964 11522 12981 90 10  0  0  0  0
 8 16      0 15329552 257828 5681836    0    0     0  1516 14504 20970 88 12  1  0  0  0
15  1      0 15320920 257828 5683628    0    0     0   604 13634 18505 89 11  0  0  0  0
10  6      0 15323268 257828 5681700    0    0     0  2352 11600 12271 89 11  0  0  0  0
procs ----------mémoire---------- -échange- -----io---- -système- ------cpu--------
 r  b   swpd  libre tampon  cache   si   so    bi    bo   in   cs us sy id wa st gu
16  2      0 15335764 257844 5681700    0    0     0  1040 13334 16140 85 10  0  5  0  0
15  6      0 15323520 257848 5681720    0    0     0  1632 11698 12944 89 11  0  0  0  0
13  2      0 15345616 257856 5681664    0    0     0  1656 11553 12702 90 10  0  0  0  0
15  2      0 15345348 257876 5681672    0    0     0  1016 12993 17242 89 11  0  0  0  0
24  1      0 15362764 257880 5681744    0    0     0  1488 11236 11651 90 10  0  0  0  0
14  1      0 15349872 257912 5681740    0    0     0  1504 11361 11572 90 10  0  0  0  0
21  1      0 15358692 257920 5683768    0    0     0   460 13294 17907 89 11  0  0  0  0
16  1      0 15353744 257920 5683900    0    0     0   360 12102 14897 90 10  0  0  0  0
11 10      0 15346416 257928 5681880    0    0     0  1820 11379 11570 90 10  0  0  0  0
22  2      0 15339340 257936 5681900    0    0     0   432 12902 17750 90 10  0  0  0  0
14  2      0 15359816 257936 5681932    0    0     0  1036 12629 15914 89 11  0  0  0  0
26  2      0 15369188 257956 5681840    0    0     0   460 12351 15490 89 10  0  0  0  0
17  2      0 15356992 257960 5683564    0    0     0   356 11850 13358 90 10  0  0  0  0
15  3      0 15359768 257960 5683600    0    0     0  2332 12086 14832 88 12  0  0  0  0
12  3      0 15364916 257964 5681852    0    0     0   292 11021 11378 91  8  0  0  0  0
17  1      0 15377228 257988 5681568    0    0     0   732 11980 14350 91  9  0  0  0  0
21  2      0 15398412 257988 5681636    0    0     0  1616 11649 13575 90 10  0  0  0  0
20  2      0 15384184 258000 5681636    0    0     0  1392 12150 14998 89 11  0  0  0  0
14  1      0 15361136 258020 5683700    0    0     0   608 13224 17961 88 12  0  0  0  0
13  9      0 15349108 258044 5683804    0    0     0  2236 12999 16794 89 11  0  0  0  0
12  1      0 15367992 258044 5681812    0    0     0   292 13067 16972 90 10  0  0  0  0
procs ----------mémoire---------- -échange- -----io---- -système- ------cpu--------
 r  b   swpd  libre tampon  cache   si   so    bi    bo   in   cs us sy id wa st gu
27  3      0 15412264 258044 5681708    0    0     0  2088 13380 18280 88 11  0  0  0  0
17  3      0 15423360 258048 5681724    0    0     0   932 10634 10754 89  9  0  2  0  0
13  2      0 15399532 258048 5683788    0    0     0  1304 12905 17723 90 10  0  0  0  0
11  1      0 15383976 258064 5683788    0    0     0   468 13602 18203 89 11  0  0  0  0
19  3      0 15373020 258068 5682148    0    0     0  1820 13381 17908 89 11  0  0  0  0
11  2      0 15383820 258068 5681884    0    0     0  1360 11236 12088 90 10  0  0  0  0
20  1      0 15373660 258084 5683936    0    0     0   528 12593 15329 89 11  0  0  0  0
21  2      0 15363960 258116 5684060    0    0     0  2108 13657 19310 89 11  0  0  0  0
10  1      0 15362576 258116 5682360    0    0     0   232 11324 12612 91  9  0  0  0  0
12  3      0 15363560 258136 5682012    0    0     0   988 12098 14986 90 10  0  0  0  0
18  1      0 15376208 258152 5682348    0    0     0  1504 12252 14646 90 10  0  0  0  0
10  1      0 15367868 258156 5684228    0    0     0   568 13486 18372 89 11  0  0  0  0
17  2      0 15345628 258168 5682288    0    0     0  1948 12585 16224 90 10  0  0  0  0
15  1      0 15342808 258176 5682296    0    0     0  1636 12100 15066 89 11  0  0  0  0
13  1      0 15352392 258184 5684360    0    0     0   260 13191 17956 88 12  0  0  0  0
26  2      0 15290408 258196 5684772    0    0     0  2228 12828 16795 89 11  0  0  0  0
16  1      0 15296240 258196 5682880    0    0     0   400 12148 14909 90 10  0  0  0  0
20  0      0 15276840 258212 5684928    0    0     0  1276 12610 16535 88 12  0  0  0  0
31  1      0 15298904 258232 5685028    0    0     0   584 15745 25630 88 12  0  0  0  0
27  3      0 15318204 258236 5682908    0    0     0  1756 12432 15913 88 12  0  0  0  0
15 25      0 15304496 258240 5682912    0    0     0  2140 11156 11829 90 10  0  0  0  0
procs ----------mémoire---------- -échange- -----io---- -système- ------cpu--------
 r  b   swpd  libre tampon  cache   si   so    bi    bo   in   cs us sy id wa st gu
19 31      0 15297996 258244 5682868    0    0     0  1020 11325 11579 90 10  0  0  0  0
 9  2      0 15281936 258256 5682884    0    0     0   952 10910 11174 90 10  0  0  0  0
14  1      0 15294832 258292 5682880    0    0     0  1464 12028 14328 89 11  0  0  0  0
11  1      0 15296700 258308 5684960    0    0     0   528 12101 14500 89 11  0  0  0  0
12  3      0 15302036 258340 5685068    0    0     0  2160 12102 14405 89 11  0  0  0  0
17 18      0 15310552 258344 5685128    0    0     0   532 13090 18212 90 10  0  0  0  0
18  0      0 15292080 258380 5684836    0    0     0  1120 12728 15927 89 11  0  0  0  0
19  2      0 15300100 258384 5685144    0    0     0   356 14689 22260 88 12  0  0  0  0
13  2      0 15325112 258388 5683028    0    0     0   528 12678 16353 89 11  0  0  0  0
13  4      0 15308736 258400 5683112    0    0     0   916 12045 14221 89 11  0  0  0  0
24  4      0 15316712 258400 5683172    0    0     0  1840 11675 12804 90 10  0  0  0  0
13  3      0 15315744 258400 5683188    0    0     0   844 10832 11315 90 10  0  0  0  0
13 11      0 15318948 258404 5683200    0    0     0  1080 10941 10503 91  9  0  0  0  0
 9  3      0 15336164 258416 5683156    0    0     0   780 8694 9715 66  7  0 27  0  0
15  3      0 15342596 258432 5683172    0    0     0  1504 11101 11761 91  9  0  0  0  0
15  2      0 15328148 258432 5683200    0    0     0  1364 11058 11801 90 10  0  0  0  0
16  0      0 15335808 258452 5685244    0    0     0   860 11883 13972 89 11  0  0  0  0
15  2      0 15326876 258468 5685380    0    0     0  2020 12493 15754 88 12  0  0  0  0
10  1      0 15324108 258472 5685444    0    0     0   432 11099 11634 90 10  0  0  0  0
25  0      0 15326732 258488 5685456    0    0     0   884 12475 14669 89 11  0  0  0  0
19  2      0 15323208 258508 5685480    0    0     0  2212 12683 16380 88 11  0  0  0  0
procs ----------mémoire---------- -échange- -----io---- -système- ------cpu--------
 r  b   swpd  libre tampon  cache   si   so    bi    bo   in   cs us sy id wa st gu
18  1      0 15327328 258516 5683612    0    0     0   428 12452 16173 91  9  0  0  0  0
16  1      0 15333424 258532 5683596    0    0     0  1644 12032 14475 89 10  0  0  0  0
14  3      0 15321972 258540 5685656    0    0     0  2080 13050 16497 88 12  0  0  0  0
17  1      0 15330092 258564 5683692    0    0     0   728 12392 15998 90 10  0  0  0  0
21  2      0 15311860 258588 5683720    0    0     0  1696 11940 14453 90 10  0  0  0  0
16  2      0 15326964 258588 5683804    0    0     0  1228 11396 12129 90 10  0  0  0  0
24  0      0 15344188 258596 5685864    0    0     0   492 11331 12203 89 11  0  0  0  0
12  2      0 15307572 258596 5685912    0    0     0   324 14037 19641 89 11  0  0  0  0
29  1      0 15304836 258596 5683968    0    0     0   528 12119 14068 90 10  0  0  0  0
14  2      0 15313084 258608 5683984    0    0     0  1876 12191 14600 90 10  0  0  0  0
13  1      0 15314396 258612 5684004    0    0     0   388 12303 15786 89 10  0  0  0  0
12  1      0 15318932 258632 5685796    0    0     0   848 12651 14964 89 11  0  0  0  0
16  0      0 15310352 258636 5686252    0    0     0   324 15886 23028 88 12  0  0  0  0
19  0      0 15288848 258636 5686280    0    0     0     4 17826 24458 85 15  0  0  0  0
12  0      0 15285760 258636 5684260    0    0     0     0 14068 17688 89 11  0  0  0  0
17  0      0 15303332 258636 5684272    0    0     0     0 10917 10855 91  9  0  0  0  0
22  0      0 15333548 258636 5684292    0    0     0     0 11738 13760 91  9  0  0  0  0
21  0      0 15328200 258648 5684304    0    0     0   124 10980 11453 91  9  0  0  0  0
19  0      0 15314664 258648 5684312    0    0     0     0 11371 13095 90 10  0  0  0  0
13  0      0 15307188 258648 5684348    0    0     0     0 11887 13887 90  9  0  0  0  0
13  0      0 15332052 258648 5684356    0    0     0     0 10667 10228 90 10  0  0  0  0
procs ----------mémoire---------- -échange- -----io---- -système- ------cpu--------
 r  b   swpd  libre tampon  cache   si   so    bi    bo   in   cs us sy id wa st gu
16  0      0 15338400 258648 5684376    0    0     0     0 12976 17470 89 11  0  0  0  0
12  0      0 15313652 258648 5684392    0    0     0    32 11891 13712 91  9  0  0  0  0
15  1      0 15319536 258648 5684404    0    0     0    16 12592 16007 90 10  0  0  0  0
13  2      0 15343288 258648 5684276    0    0     0  1976 13455 17505 88 12  0  0  0  0
18  2      0 15358712 258652 5684144    0    0     0  1620 12311 15048 90 10  0  0  0  0
21  4      0 15342756 258664 5684176    0    0     0  1700 13444 18589 88 12  0  0  0  0
11 22      0 15348028 258696 5684008    0    0     0  1976 11788 13393 90 10  0  0  0  0
25  2      0 15364352 258700 5684040    0    0     0  1036 10938 11066 90 10  0  0  0  0
15  2      0 15367592 258720 5684040    0    0     0  1392 12102 14170 89 11  0  0  0  0
14  2      0 15368804 258732 5683768    0    0     0  1316 10880 10796 92  9  0  0  0  0
13  0      0 15357788 258744 5683832    0    0     0   280 11214 12886 91  9  0  0  0  0
18  0      0 15374032 258744 5683856    0    0     0     0 11565 13603 90 10  0  0  0  0
11  0      0 15355104 258744 5683868    0    0     0     0 10482 9736 91  9  0  0  0  0
14  0      0 15343600 258744 5683884    0    0     0     0 12335 16453 90 10  0  0  0  0
15  0      0 15364412 258744 5683904    0    0     0     0 11033 11586 91  8  0  0  0  0
15  0      0 15361024 258744 5683916    0    0     0    88 11386 13003 90 10  0  0  0  0
18  0      0 15354384 258744 5683932    0    0     0     0 10874 10768 91  9  0  0  0  0
13  0      0 15335812 258744 5683944    0    0     0     0 12153 14875 91  9  0  0  0  0
12  0      0 15359156 258744 5683956    0    0     0     0 11475 13069 90 10  0  0  0  0
24  0      0 15350084 258744 5683976    0    0     0   128 16780 13899 90 10  0  0  0  0
17  1      0 15355700 258744 5683928    0    0     0  1884 14890 13648 90 10  0  0  0  0
procs ----------mémoire---------- -échange- -----io---- -système- ------cpu--------
 r  b   swpd  libre tampon  cache   si   so    bi    bo   in   cs us sy id wa st gu
15  0      0 15364228 258760 5683924    0    0     0   256 11741 12693 90 10  0  0  0  0
18  0      0 15380716 258760 5683972    0    0     0     4 10982 10951 91  9  0  0  0  0
10  0      0 15383372 258760 5683980    0    0     0     0 12113 15160 90 10  0  0  0  0
 9  1      0 15371576 258776 5683976    0    0     0   416 11187 12108 91  9  0  0  0  0
12  0      0 15375068 258780 5684252    0    0     0    20 11497 12792 90  9  0  0  0  0
18  0      0 15372580 258780 5684036    0    0     0     0 10685 10544 90 10  0  0  0  0
15  0      0 15377516 258780 5684040    0    0     0   196 12059 15005 91  9  0  0  0  0
20  0      0 15418100 258780 5684036    0    0     0     0 11554 13154 90 10  0  0  0  0
14  0      0 15413104 258780 5684056    0    0     0    40 11858 13931 91  9  0  0  0  0
15  1      0 15411036 258780 5683988    0    0     0  2052 12081 12873 90 10  0  0  0  0
16  1      0 15422308 258780 5683996    0    0     0    64 11896 12771 90  9  0  0  0  0
17  0      0 15413956 258780 5684016    0    0     0     0 10810 10632 91  9  0  0  0  0
22  0      0 15417120 258780 5684024    0    0     0     0 11981 14849 90 10  0  0  0  0
13  0      0 15409308 258780 5684036    0    0     0     0 11217 11947 91  9  0  0  0  0
10  0      0 15402392 258780 5684044    0    0     0     0 11295 12150 91  9  0  0  0  0
16  0      0 15423680 258784 5684056    0    0     0    64 10932 10935 91  9  0  0  0  0
16  0      0 15414012 258784 5684072    0    0     0     0 11581 13038 90  9  1  0  0  0
14  0      0 15412776 258784 5684088    0    0     0     0 11467 12393 91  9  0  0  0  0
13  0      0 15398900 258784 5684096    0    0     0     0 11279 12384 90 10  0  0  0  0
19  0      0 15403376 258784 5684128    0    0     0     0 10604 9719 92  8  0  0  0  0
27  0      0 15422056 258788 5684140    0    0     0    24 11824 14311 90 10  0  0  0  0
procs ----------mémoire---------- -échange- -----io---- -système- ------cpu--------
 r  b   swpd  libre tampon  cache   si   so    bi    bo   in   cs us sy id wa st gu
18  0      0 15433940 258788 5684152    0    0     0     0 10963 10489 92  8  0  0  0  0
18  0      0 15421376 258788 5684156    0    0     0     0 11459 12960 90 10  0  0  0  0
12  0      0 15425700 258788 5684164    0    0     0     0 11313 12285 91  9  0  0  0  0
17  0      0 15437128 258788 5684184    0    0     0     0 10675 10002 90 10  0  0  0  0
17  0      0 15418320 258788 5684192    0    0     0    24 12531 16135 90 10  0  0  0  0
14  0      0 15418036 258788 5684208    0    0     0     0 11131 11459 91  9  0  0  0  0
22  0      0 15424368 258788 5684212    0    0     0     0 11656 13211 90 10  0  0  0  0
16  0      0 15417128 258804 5684240    0    0     0   112 10741 10109 91  9  0  0  0  0
14  0      0 15415504 258804 5684244    0    0     0    64 12098 14817 91  9  0  0  0  0
22  0      0 15410384 258812 5684244    0    0     0   384 11448 13482 90 10  0  0  0  0
20  0      0 15439796 258812 5683920    0    0     0     0 11264 12470 91  9  0  0  0  0
22  1      0 15435376 258812 5683920    0    0     0    12 10878 10708 90 10  0  0  0  0
21  0      0 15441240 258824 5683924    0    0     0   128 11367 12539 91  9  0  0  0  0
14  0      0 15444432 258824 5683932    0    0     0     0 11128 11494 92  8  0  0  0  0
17  0      0 15432900 258824 5683948    0    0     0     0 11355 12562 90 10  0  0  0  0
15  0      0 15453456 258824 5683964    0    0     0     0 11340 12175 91  9  0  0  0  0
13  0      0 15447460 258824 5683972    0    0     0   124 10922 10290 91  9  0  0  0  0
16  0      0 15449368 258824 5683972    0    0     0     0 12655 15406 91  9  0  0  0  0
13  2      0 15460952 258824 5683936    0    0     0  2036 12508 15268 89 11  0  0  0  0
16  0      0 15457948 258828 5683920    0    0     0   336 11937 13120 90  9  0  0  0  0
16  0      0 15459108 258828 5683948    0    0     0     0 11483 12895 90 10  0  0  0  0
procs ----------mémoire---------- -échange- -----io---- -système- ------cpu--------
 r  b   swpd  libre tampon  cache   si   so    bi    bo   in   cs us sy id wa st gu
16  0      0 15472208 258828 5683956    0    0     0     0 10820 9938 91  9  0  0  0  0
21  0      0 15461988 258828 5683972    0    0     0     0 11870 14255 91  9  0  0  0  0
11  0      0 15464904 258828 5683984    0    0     0     0 11156 11659 90  9  0  0  0  0
24  1      0 15451552 258840 5683956    0    0     0  1808 11948 13602 90 10  0  0  0  0
19  0      0 15458668 258840 5683912    0    0     0   288 11757 13134 90 10  0  0  0  0
15  0      0 15455528 258840 5683920    0    0     0     0 10923 10775 91  9  0  0  0  0
16  0      0 15455932 258840 5683800    0    0     0     0 11812 13617 91  9  0  0  0  0
17  0      0 15455560 258852 5684068    0    0     0   408 11453 12904 91  9  0  0  0  0
17  0      0 15457156 258852 5684120    0    0     0     4 11613 12993 91  9  0  0  0  0
14  0      0 15406932 258860 5684404    0    0     0   172 10776 10851 90 10  0  0  0  0
22  0      0 15394964 258860 5684516    0    0     0     0 10962 11020 90 10  0  0  0  0
23  0      0 15399164 258860 5684520    0    0     0     0 11982 14015 91  9  0  0  0  0
19  0      0 15400340 258860 5684536    0    0     0     0 11026 11737 90  9  0  0  0  0
20  2      0 15400848 258860 5684472    0    0     0  1904 12564 15521 89 10  0  0  0  0
16  0      0 15412640 258864 5684476    0    0     0   304 11300 11668 91  9  0  0  0  0
13  0      0 15403204 258864 5684484    0    0     0     0 10812 10260 91  8  0  0  0  0
14  1      0 15405708 258864 5684428    0    0     0    56 12854 16154 90 10  0  0  0  0
15  0      0 15419992 258880 5684416    0    0     0  1876 13074 15899 90 10  0  0  0  0
20  0      0 15435104 258880 5684436    0    0     0     0 11047 11329 91  9  0  0  0  0
10  0      0 15450012 258880 5684464    0    0     0     0 11180 11508 91  9  0  0  0  0
12  0      0 15426120 258880 5684464    0    0     0     0 10807 10069 91  9  0  0  0  0
procs ----------mémoire---------- -échange- -----io---- -système- ------cpu--------
 r  b   swpd  libre tampon  cache   si   so    bi    bo   in   cs us sy id wa st gu
14  1      0 15417336 258892 5684724    0    0     0   424 12390 15493 90 10  0  0  0  0
22  1      0 15432052 258892 5684724    0    0     0   120 11849 12870 91  9  0  0  0  0
16  0      0 15449520 258900 5684444    0    0     0  1980 12540 14906 89 11  0  0  0  0
15  0      0 15447692 258900 5684452    0    0     0    68 11079 11105 91  9  0  0  0  0
22  0      0 15442320 258900 5684460    0    0     0     0 11147 11133 91  9  0  0  0  0
13  0      0 15428860 258908 5684452    0    0     0    64 11597 12910 91  9  0  0  0  0
12  0      0 15442568 258908 5684476    0    0     0     4 11263 12023 91  9  0  0  0  0
12  0      0 15455024 258908 5684476    0    0     0     0 11156 11173 92  8  0  0  0  0
13  0      0 15472736 258908 5684492    0    0     0     0 10894 10235 90  9  0  0  0  0
12  0      0 15454608 258908 5684516    0    0     0     0 11556 13026 91  9  0  0  0  0
13  0      0 15447200 258912 5684524    0    0     0    28 11583 12314 91  9  0  0  0  0
12  0      0 15447892 258912 5684540    0    0     0     0 11320 11801 91  9  1  0  0  0
13  0      0 15444340 258912 5684552    0    0     0     0 10788 9922 91  8  1  0  0  0
11  0      0 15436788 258912 5684552    0    0     0     0 11685 13677 91  9  0  0  0  0
13  0      0 15438876 258912 5684568    0    0     0     0 11469 12323 90  9  0  0  0  0
 8  0      0 15443492 258916 5684532    0    0     0    40 11781 12957 90  9  1  0  0  0
16  1      0 15448944 258932 5684464    0    0     0  2060 12494 14291 89 11  0  0  0  0
11  0      0 15435092 258940 5684472    0    0     0    64 12398 15019 90 10  0  0  0  0
13  0      0 15438208 258940 5684472    0    0     0     0 11347 11545 91  9  0  0  0  0
12  0      0 15473968 258940 5684440    0    0     0    16 11713 12468 91  9  0  0  0  0
10  1      0 15484912 258940 5684428    0    0     0  1852 12034 12767 90 10  0  0  0  0
procs ----------mémoire---------- -échange- -----io---- -système- ------cpu--------
 r  b   swpd  libre tampon  cache   si   so    bi    bo   in   cs us sy id wa st gu
16  0      0 15479836 258944 5684436    0    0     0    72 11536 11996 89 10  0  0  0  0
12  0      0 15487048 258944 5684452    0    0     0     0 11087 11386 91  9  1  0  0  0
11  0      0 15477168 258944 5684468    0    0     0     0 10994 10586 91  9  0  0  0  0
11  0      0 15475864 258944 5684472    0    0     0     0 11058 11078 90  9  1  0  0  0
14  1      0 15492940 258956 5684396    0    0     0  1892 12854 14836 89 10  1  0  0  0
12  0      0 15501620 258964 5684404    0    0     0   196 12002 13893 90  9  1  0  0  0
21  0      0 15493420 258964 5684408    0    0     0     0 10999 10597 91  9  1  0  0  0
14  0      0 15533388 258964 5684032    0    0     0     0 10914 10648 90  9  1  0  0  0
12  0      0 15514716 258964 5684040    0    0     0     0 10720 9551 91  8  1  0  0  0
14  0      0 15510876 258964 5684052    0    0     0     0 11551 12252 91  9  1  0  0  0
12  0      0 15511924 258968 5684060    0    0     0    40 11129 10882 91  9  1  0  0  0
12  0      0 15534904 258968 5684072    0    0     0     0 11310 11081 91  9  1  0  0  0
13  0      0 15535208 258968 5684080    0    0     0     0 10719 9655 91  8  1  0  0  0
11  0      0 15520488 258968 5684092    0    0     0     0 11398 12310 91  9  0  0  0  0
12  0      0 15508908 258968 5684096    0    0     0    72 11029 10477 90  9  1  0  0  0
13  0      0 15495548 258976 5684088    0    0     0    92 11311 11235 91  9  1  0  0  0
12  0      0 15506468 258976 5684116    0    0     0     0 10703 9675 90  9  1  0  0  0
10  0      0 15507868 258976 5684124    0    0     0     0 11972 13114 91  8  0  0  0  0
10  2      0 15510736 258976 5683920    0    0     0   596 13160 16647 87 11  2  1  0  0
13  1      0 15539012 258992 5683788    0    0     0  2204 12252 13835 87 10  3  1  0  0
 7  3      0 15521324 259012 5683648    0    0     0  1828 11616 12347 85  9  4  2  0  0
procs ----------mémoire---------- -échange- -----io---- -système- ------cpu--------
 r  b   swpd  libre tampon  cache   si   so    bi    bo   in   cs us sy id wa st gu
 8  1      0 15535200 259024 5683532    0    0     0  1792 11018 12355 80  9  8  2  0  0
 8  1      0 15557860 259036 5683472    0    0     0   116 10353 11361 79  8 13  0  0  0
 8  0      0 15559412 259036 5683492    0    0     0     0 9488 8974 79  8 12  0  0  0
 8  0      0 15552460 259036 5683492    0    0     0     0 10414 11309 81  8 12  0  0  0
 9  1      0 15558792 259036 5683388    0    0     0   160 10806 13096 75  8 15  2  0  0
11  1      0 15561328 259052 5683228    0    0     0  1880 10912 14266 64  8 22  6  0  0
 4  1      0 15522456 259056 5683492    0    0     0  1816 10481 13074 59  8 28  5  0  0
 5  0      0 15527908 259064 5683396    0    0     0  2020 9846 12257 48  6 36 10  0  0
 3  3      0 15526188 259064 5683280    0    0     0  1668 9532 11662 43  6 47  5  0  0
 1  1      0 15542608 259072 5683088    0    0     0   564 5877 8882 18  2 52 27  0  0
 1  2      0 15558944 259080 5682816    0    0     0  2680 4077 5049 15  2 56 27  0  0
 2  0      0 15540420 259092 5684808    0    0     0   236 10753 16474 17  5 69  9  0  0
 1  1      0 15515424 259096 5684972    0    0     0   460 19670 30312 22  8 69  1  0  0
 1  1      0 15524768 259104 5684888    0    0     0   916 4370 5519 13  1 74 12  0  0
 1  1      0 15532432 259128 5682760    0    0     0   968 4948 7340 14  1 74 11  0  0
 1  1      0 15566388 259148 5682680    0    0     0   900 4510 5460 13  1 74 12  0  0
 1  1      0 15594304 259160 5682604    0    0     0   852 4113 4909 13  1 74 12  0  0
 2  0      0 15588460 259180 5682548    0    0     0   760 4850 7339 14  1 73 12  0  0
 1  2      0 15590812 259212 5682704    0    0     0  1236 4537 5877 14  1 72 13  0  0
 1  1      0 15577336 259240 5682464    0    0     0   944 4241 5388 13  1 73 13  0  0
 1  1      0 15596896 259252 5682384    0    0     0   880 5027 7434 14  2 73 12  0  0
procs ----------mémoire---------- -échange- -----io---- -système- ------cpu--------
 r  b   swpd  libre tampon  cache   si   so    bi    bo   in   cs us sy id wa st gu
 1  1      0 15602392 259260 5682232    0    0     0   976 4379 5510 13  1 73 13  0  0
 3  1      0 15598144 259280 5682156    0    0     0   892 4545 5531 14  1 74 12  0  0
 1  1      0 15595412 259300 5682080    0    0     0   924 5114 7889 14  1 73 11  0  0
 1  1      0 15611184 259328 5681996    0    0     0   904 4572 5689 13  1 74 12  0  0
 1  1      0 15610504 259356 5681904    0    0     0   952 4393 5516 13  1 73 13  0  0
 1  1      0 15615972 259380 5681864    0    0     0  1564 4612 7116 13  1 70 15  0  0
 1  1      0 15628732 259416 5681764    0    0     0   944 4832 5777 14  1 73 12  0  0
 1  1      0 15624436 259444 5681680    0    0     0   904 4082 5019 13  1 74 11  0  0
 1  1      0 15625040 259452 5681596    0    0     0   928 5334 7877 14  1 73 12  0  0
 2  1      0 15610756 259484 5681544    0    0     0  1016 4502 5570 13  1 74 12  0  0
 2  1      0 15620104 259516 5681440    0    0     0   812 3791 4579 13  1 74 12  0  0
 2  1      0 15625784 259536 5681356    0    0     0   848 4753 7466 14  1 74 12  0  0
 2  1      0 15624064 259560 5681288    0    0     0   832 4226 5234 13  1 74 12  0  0
 2  1      0 15631580 259584 5681208    0    0     0   928 4100 4914 14  1 74 12  0  0
 2  1      0 15621220 259596 5681124    0    0     0   944 4603 7113 14  1 74 12  0  0
 2  1      0 15636216 259620 5681040    0    0     0   944 5006 5968 14  1 73 12  0  0
 5  0      0 15644048 259656 5680964    0    0     0   836 3932 4692 13  1 74 12  0  0
 2  1      0 15639844 259684 5680884    0    0     0   896 4484 7100 14  1 74 12  0  0
 3  0      0 15638852 259708 5680832    0    0     0   712 4171 4940 15  2 72 12  0  0
 2  1      0 15655104 259724 5680756    0    0     0   888 4206 5046 14  1 74 12  0  0
 2  1      0 15659852 259748 5680288    0    0     0  1100 4544 7186 14  1 74 12  0  0
procs ----------mémoire---------- -échange- -----io---- -système- ------cpu--------
 r  b   swpd  libre tampon  cache   si   so    bi    bo   in   cs us sy id wa st gu
 2  1      0 15663228 259768 5680232    0    0     0   644 3524 3765 13  1 74 12  0  0
 2  1      0 15672292 259780 5680180    0    0     0   608 3476 4143 13  1 74 12  0  0
 2  1      0 15674592 259792 5680104    0    0     0   844 4777 7419 13  1 74 12  0  0
 3  1      0 15687236 259828 5680032    0    0     0   828 4385 4973 13  1 74 12  0  0
 2  1      0 15678008 259844 5679940    0    0     0   856 8208 6442 13  1 74 12  0  0
 1  0      0 15695180 259852 5681676    0    0     0   720 5448 8866 11  2 75 11  0  0
 1  1      0 15688264 259872 5681884    0    0     0  2456 2476 3279  2  2 79 17  0  0
