Linux 6.17.0-19-generic (tolokoum-HP-ProBook-640-G4) 	03/06/2026 	_x86_64_	(8 CPU)

18:42:42     CPU    %usr   %nice    %sys %iowait    %irq   %soft  %steal  %guest  %gnice   %idle
18:42:43     all    4,16    0,00    3,03   25,98    0,00    0,25    0,00    0,00    0,00   66,58
18:42:44     all    2,63    0,13    2,26   11,90    0,00    0,13    0,00    0,00    0,00   82,96
18:42:45     all    6,35    0,00    4,44    9,01    0,00    0,00    0,00    0,00    0,00   80,20
18:42:46     all    5,97    0,00    4,70   17,28    0,00    0,00    0,00    0,00    0,00   72,05
18:42:47     all    4,31    0,00    4,94   15,08    0,00    0,13    0,00    0,00    0,00   75,54
18:42:48     all    9,14    0,00    9,52    0,00    0,00    0,00    0,00    0,00    0,00   81,35
18:42:49     all    5,96    0,00    5,07   12,55    0,00    0,00    0,00    0,00    0,00   76,43
18:42:50     all    2,64    0,13    2,64   16,21    0,00    0,00    0,00    0,00    0,00   78,39
18:42:51     all    5,96    0,13    5,70    8,49    0,00    0,00    0,00    0,00    0,00   79,72
18:42:52     all   12,92    0,00    1,63    2,89    0,00    0,00    0,00    0,00    0,00   82,56
18:42:53     all   13,33    0,00    1,01    0,00    0,00    0,00    0,00    0,00    0,00   85,66
18:42:54     all   13,47    0,00    1,25    0,00    0,00    0,12    0,00    0,00    0,00   85,16
18:42:55     all   13,14    0,00    0,75    0,00    0,00    0,00    0,00    0,00    0,00   86,11
18:42:56     all   13,28    0,00    0,75    0,00    0,00    0,00    0,00    0,00    0,00   85,96
18:42:57     all   14,61    0,00    1,39   17,88    0,00    0,00    0,00    0,00    0,00   66,12
18:42:58     all   17,88    0,00    1,12   11,62    0,00    0,00    0,00    0,00    0,00   69,38
18:42:59     all   16,39    0,00    2,65   16,27    0,00    0,00    0,00    0,00    0,00   64,69
18:43:00     all   23,53    0,13    5,63   19,52    0,00    0,13    0,00    0,00    0,00   51,06
18:43:01     all   23,61    0,00    5,68   10,35    0,00    0,00    0,00    0,00    0,00   60,35
18:43:02     all   30,97    0,13    7,71    7,71    0,00    0,00    0,00    0,00    0,00   53,48
18:43:03     all   33,67    0,00    9,42   12,19    0,00    0,00    0,00    0,00    0,00   44,72
18:43:04     all   32,16    0,00    9,42   12,69    0,00    0,00    0,00    0,00    0,00   45,73
18:43:05     all   36,84    0,00   11,27    8,10    0,00    0,13    0,00    0,00    0,00   43,67
18:43:06     all   42,84    0,00   12,67   12,29    0,00    0,25    0,00    0,00    0,00   31,94
18:43:07     all   43,99    0,00   13,53    6,32    0,00    0,00    0,00    0,00    0,00   36,16
18:43:08     all   48,74    0,00   15,11    6,68    0,00    0,13    0,00    0,00    0,00   29,35
18:43:09     all   51,83    0,00   14,79   10,11    0,00    0,00    0,00    0,00    0,00   23,26
18:43:10     all   53,86    0,00   15,04    6,19    0,00    0,13    0,00    0,00    0,00   24,78
18:43:11     all   56,58    0,00   17,59    3,04    0,00    0,13    0,00    0,00    0,00   22,66
18:43:12     all   61,09    0,13   17,87    3,80    0,00    0,13    0,00    0,00    0,00   16,98
18:43:13     all   61,42    0,00   18,65    2,66    0,00    0,25    0,00    0,00    0,00   17,01
18:43:14     all   66,16    0,00   20,20    2,27    0,00    0,00    0,00    0,00    0,00   11,36
18:43:15     all   69,91    0,00   19,09    0,88    0,00    0,13    0,00    0,00    0,00    9,99
18:43:16     all   51,89    0,00   15,28   12,63    0,00    0,25    0,00    0,00    0,00   19,95
18:43:17     all   61,62    0,00   18,06    5,18    0,00    0,13    0,00    0,00    0,00   15,03
18:43:18     all   65,44    0,00   18,86    3,54    0,00    0,13    0,00    0,00    0,00   12,03
18:43:19     all   68,26    0,13   19,70    1,76    0,00    0,13    0,00    0,00    0,00   10,04
18:43:20     all   67,51    0,13   20,23    1,52    0,00    0,51    0,00    0,00    0,00   10,11
18:43:21     all   62,69    0,13   19,29    3,43    0,00    0,00    0,00    0,00    0,00   14,47
18:43:22     all   65,20    0,00   18,28    3,40    0,00    0,13    0,00    0,00    0,00   12,99
18:43:23     all   69,24    0,00   20,25    2,03    0,00    0,13    0,00    0,00    0,00    8,35
18:43:24     all   68,94    0,00   20,58    2,02    0,00    0,13    0,00    0,00    0,00    8,33
18:43:25     all   63,92    0,00   18,86    5,44    0,00    0,13    0,00    0,00    0,00   11,65
18:43:26     all   63,89    0,13   20,33    2,65    0,00    0,25    0,00    0,00    0,00   12,75
18:43:27     all   57,79    0,00   16,98   10,52    0,00    0,00    0,00    0,00    0,00   14,70
18:43:28     all   69,19    0,13   20,33    1,77    0,00    0,25    0,00    0,00    0,00    8,33
18:43:29     all   65,37    0,00   19,82    5,65    0,00    0,38    0,00    0,00    0,00    8,78
18:43:30     all   68,69    0,13   22,98    1,77    0,00    0,25    0,00    0,00    0,00    6,19
18:43:31     all   62,61    0,00   18,76    3,68    0,00    0,00    0,00    0,00    0,00   14,96
18:43:32     all   65,03    0,00   19,95    4,42    0,00    0,13    0,00    0,00    0,00   10,48
18:43:33     all   68,60    0,00   21,06    1,39    0,00    0,13    0,00    0,00    0,00    8,83
18:43:34     all   69,62    0,00   20,25    2,15    0,00    0,25    0,00    0,00    0,00    7,72
18:43:35     all   64,44    0,00   21,19    2,65    0,00    0,25    0,00    0,00    0,00   11,48
18:43:36     all   69,87    0,00   21,01    1,77    0,00    0,00    0,00    0,00    0,00    7,34
18:43:37     all   67,63    0,00   20,95    2,38    0,00    0,25    0,00    0,00    0,00    8,78
18:43:38     all   70,16    0,13   20,86    1,01    0,00    0,25    0,00    0,00    0,00    7,59
18:43:39     all   63,99    0,00   19,97    3,05    0,00    0,00    0,00    0,00    0,00   12,98
18:43:40     all   67,51    0,00   19,60    4,05    0,00    0,25    0,00    0,00    0,00    8,60
18:43:41     all   69,13    0,00   22,08    1,63    0,00    0,13    0,00    0,00    0,00    7,03
18:43:42     all   69,41    0,00   21,37    1,77    0,00    0,25    0,00    0,00    0,00    7,21
18:43:43     all   70,71    0,13   21,72    1,01    0,00    0,13    0,00    0,00    0,00    6,31
18:43:44     all   70,39    0,00   21,73    2,67    0,00    0,13    0,00    0,00    0,00    5,08
18:43:45     all   69,23    0,00   20,18    4,16    0,00    0,13    0,00    0,00    0,00    6,31
18:43:46     all   71,14    0,13   21,08    4,77    0,00    0,38    0,00    0,00    0,00    2,51
18:43:47     all   55,35    0,00   16,23   20,88    0,00    0,00    0,00    0,00    0,00    7,55
18:43:48     all   68,39    0,13   20,28    2,64    0,00    0,13    0,00    0,00    0,00    8,44
18:43:49     all   69,61    0,00   21,06    1,39    0,00    0,13    0,00    0,00    0,00    7,82
18:43:50     all   70,76    0,00   21,65    1,39    0,00    0,25    0,00    0,00    0,00    5,95
18:43:51     all   68,68    0,00   20,63    3,90    0,00    0,25    0,00    0,00    0,00    6,54
18:43:52     all   68,02    0,00   19,97    3,67    0,00    0,13    0,00    0,00    0,00    8,22
18:43:53     all   75,28    0,00   22,21    0,38    0,00    0,13    0,00    0,00    0,00    2,01
18:43:54     all   73,37    0,25   22,61    0,75    0,00    0,13    0,00    0,00    0,00    2,89
18:43:55     all   74,06    0,00   21,68    0,75    0,00    0,38    0,00    0,00    0,00    3,13
18:43:56     all   71,93    0,13   22,50    1,26    0,00    0,38    0,00    0,00    0,00    3,79
18:43:57     all   66,96    0,13   20,23    6,66    0,00    0,13    0,00    0,00    0,00    5,90
18:43:58     all   46,79    0,00   12,70   26,67    0,00    0,13    0,00    0,00    0,00   13,71
18:43:59     all   74,43    0,00   22,28    0,76    0,00    0,00    0,00    0,00    0,00    2,53
18:44:00     all   63,61    0,00   18,82    7,90    0,00    0,13    0,00    0,00    0,00    9,54
18:44:01     all   73,24    0,00   23,49    0,50    0,00    0,13    0,00    0,00    0,00    2,64
18:44:02     all   74,27    0,00   20,51    1,15    0,00    0,13    0,00    0,00    0,00    3,95
18:44:03     all   64,36    0,00   19,27    8,44    0,00    0,25    0,00    0,00    0,00    7,68
18:44:04     all   73,68    0,00   21,80    1,38    0,00    0,38    0,00    0,00    0,00    2,76
18:44:05     all   73,67    0,00   21,90    0,63    0,00    0,25    0,00    0,00    0,00    3,54
18:44:06     all   63,93    0,00   19,92    8,32    0,00    0,00    0,00    0,00    0,00    7,82
18:44:07     all   74,34    0,00   20,73    0,63    0,00    0,13    0,00    0,00    0,00    4,17
18:44:08     all   74,56    0,13   22,18    0,38    0,00    0,13    0,00    0,00    0,00    2,63
18:44:09     all   74,37    0,00   22,61    0,38    0,00    0,25    0,00    0,00    0,00    2,39
18:44:10     all   74,49    0,13   22,08    0,76    0,00    0,13    0,00    0,00    0,00    2,41
18:44:11     all   73,53    0,00   21,60    1,12    0,00    0,25    0,00    0,00    0,00    3,50
18:44:12     all   73,64    0,00   22,31    1,27    0,00    0,13    0,00    0,00    0,00    2,66
18:44:13     all   73,68    0,00   22,06    0,88    0,00    0,38    0,00    0,00    0,00    3,01
18:44:14     all   73,83    0,13   23,01    0,13    0,00    0,00    0,00    0,00    0,00    2,91
18:44:15     all   71,45    0,00   22,52    2,39    0,00    0,13    0,00    0,00    0,00    3,52
18:44:16     all   76,38    0,00   22,25    0,00    0,00    0,12    0,00    0,00    0,00    1,25
18:44:17     all   75,06    0,00   21,91    1,13    0,00    0,25    0,00    0,00    0,00    1,64
18:44:18     all   74,40    0,00   21,71    1,51    0,00    0,13    0,00    0,00    0,00    2,26
18:44:19     all   74,68    0,00   21,27    1,14    0,00    0,13    0,00    0,00    0,00    2,78
18:44:20     all   73,58    0,13   22,26    1,01    0,00    0,13    0,00    0,00    0,00    2,89
18:44:21     all   70,68    0,00   22,31    1,63    0,00    0,25    0,00    0,00    0,00    5,14
18:44:22     all   59,26    0,00   17,89   19,04    0,00    0,13    0,00    0,00    0,00    3,68
18:44:23     all   67,42    0,00   19,32    4,92    0,00    0,25    0,00    0,00    0,00    8,08
18:44:24     all   70,76    0,00   22,15    1,27    0,00    0,00    0,00    0,00    0,00    5,82
18:44:25     all   72,86    0,00   22,61    0,63    0,00    0,25    0,00    0,00    0,00    3,64
18:44:26     all   74,97    0,13   22,64    0,63    0,00    0,13    0,00    0,00    0,00    1,51
18:44:27     all   69,86    0,00   20,43    2,14    0,00    0,25    0,00    0,00    0,00    7,31
18:44:28     all   69,52    0,00   21,41    1,39    0,00    0,25    0,00    0,00    0,00    7,43
18:44:29     all   72,17    0,13   22,17    0,76    0,00    0,13    0,00    0,00    0,00    4,66
18:44:30     all   69,47    0,00   21,73    3,14    0,00    0,25    0,00    0,00    0,00    5,40
18:44:31     all   71,19    0,00   22,89    1,38    0,00    0,13    0,00    0,00    0,00    4,40
18:44:32     all   69,52    0,00   21,28    1,89    0,00    0,00    0,00    0,00    0,00    7,30
18:44:33     all   66,83    0,00   21,19    3,53    0,00    0,25    0,00    0,00    0,00    8,20
18:44:34     all   68,73    0,13   20,81    3,40    0,00    0,13    0,00    0,00    0,00    6,81
18:44:35     all   71,96    0,00   22,53    1,88    0,00    0,25    0,00    0,00    0,00    3,38
18:44:36     all   72,83    0,00   22,26    1,13    0,00    0,13    0,00    0,00    0,00    3,65
18:44:37     all   68,81    0,00   21,21    1,89    0,00    0,00    0,00    0,00    0,00    8,08
18:44:38     all   69,71    0,00   21,67    1,77    0,00    0,00    0,00    0,00    0,00    6,84
18:44:39     all   68,93    0,13   20,88    3,52    0,00    0,50    0,00    0,00    0,00    6,04
18:44:40     all   66,58    0,00   19,95    4,57    0,00    0,13    0,00    0,00    0,00    8,77
18:44:41     all   62,36    0,00   20,58    6,52    0,00    0,38    0,00    0,00    0,00   10,16
18:44:42     all   63,36    0,00   18,83    4,58    0,00    0,00    0,00    0,00    0,00   13,23
18:44:43     all   46,42    0,00   13,46   21,89    0,00    0,00    0,00    0,00    0,00   18,24
18:44:44     all   68,94    0,00   20,71    1,77    0,00    0,13    0,00    0,00    0,00    8,46
18:44:45     all   63,26    0,13   20,45    4,17    0,00    0,25    0,00    0,00    0,00   11,74
18:44:46     all   57,61    0,00   16,73   12,20    0,00    0,13    0,00    0,00    0,00   13,33
18:44:47     all   60,63    0,13   17,22    7,59    0,00    0,25    0,00    0,00    0,00   14,18
18:44:48     all   61,29    0,00   18,16    6,43    0,00    0,00    0,00    0,00    0,00   14,12
18:44:49     all   62,12    0,00   19,82    3,03    0,00    0,25    0,00    0,00    0,00   14,77
18:44:50     all   69,65    0,00   21,16    2,02    0,00    0,25    0,00    0,00    0,00    6,93
18:44:51     all   70,25    0,00   21,01    1,65    0,00    0,13    0,00    0,00    0,00    6,96
18:44:52     all   67,59    0,00   21,94    1,26    0,00    0,00    0,00    0,00    0,00    9,21
18:44:53     all   64,77    0,13   18,94    4,92    0,00    0,25    0,00    0,00    0,00   10,98
18:44:54     all   69,11    0,00   20,89    2,28    0,00    0,13    0,00    0,00    0,00    7,59
18:44:55     all   68,73    0,00   21,39    2,03    0,00    0,13    0,00    0,00    0,00    7,72
18:44:56     all   69,39    0,13   21,20    1,13    0,00    0,25    0,00    0,00    0,00    7,90
18:44:57     all   62,47    0,13   20,53    4,41    0,00    0,00    0,00    0,00    0,00   12,47
18:44:58     all   69,10    0,00   20,05    2,40    0,00    0,13    0,00    0,00    0,00    8,32
18:44:59     all   63,85    0,00   18,26    9,45    0,00    0,13    0,00    0,00    0,00    8,31
18:45:00     all   67,64    0,13   20,86    2,28    0,00    0,25    0,00    0,00    0,00    8,85
18:45:01     all   53,96    0,13   16,35   12,08    0,00    0,00    0,00    0,00    0,00   17,48
18:45:02     all   63,08    0,13   18,58    3,67    0,00    0,38    0,00    0,00    0,00   14,16
18:45:03     all   61,29    0,00   18,27    3,43    0,00    0,00    0,00    0,00    0,00   17,01
18:45:04     all   68,82    0,00   21,42    1,65    0,00    0,00    0,00    0,00    0,00    8,11
18:45:05     all   67,55    0,00   19,57    3,91    0,00    0,38    0,00    0,00    0,00    8,59
18:45:06     all   60,75    0,00   18,99    4,53    0,00    0,25    0,00    0,00    0,00   15,47
18:45:07     all   63,32    0,00   18,15    3,55    0,00    0,00    0,00    0,00    0,00   14,97
18:45:08     all   68,60    0,00   18,54    2,40    0,00    0,00    0,00    0,00    0,00   10,47
18:45:09     all   66,54    0,00   21,34    1,77    0,00    0,38    0,00    0,00    0,00    9,97
18:45:10     all   62,25    0,00   19,19    4,17    0,00    0,13    0,00    0,00    0,00   14,27
18:45:11     all   62,53    0,00   19,11    4,81    0,00    0,13    0,00    0,00    0,00   13,42
18:45:12     all   65,99    0,00   17,70    1,77    0,00    0,00    0,00    0,00    0,00   14,54
18:45:13     all   62,90    0,00   18,68    2,29    0,00    0,13    0,00    0,00    0,00   16,01
18:45:14     all   64,20    0,00   19,60    2,26    0,00    0,25    0,00    0,00    0,00   13,69
18:45:15     all   69,91    0,00   20,48    3,16    0,00    0,13    0,00    0,00    0,00    6,32
18:45:16     all   70,11    0,00   20,05    2,40    0,00    0,25    0,00    0,00    0,00    7,19
18:45:17     all   53,28    0,00   15,03   12,37    0,00    0,25    0,00    0,00    0,00   19,07
18:45:18     all   54,18    0,00   15,19   12,78    0,00    0,00    0,00    0,00    0,00   17,85
18:45:19     all   62,03    0,00   18,48    4,30    0,00    0,00    0,00    0,00    0,00   15,19
18:45:20     all   54,55    0,13   16,16   14,02    0,00    0,25    0,00    0,00    0,00   14,90
18:45:21     all   59,18    0,00   17,60    8,29    0,00    0,13    0,00    0,00    0,00   14,80
18:45:22     all   59,52    0,00   17,79    6,14    0,00    0,25    0,00    0,00    0,00   16,29
18:45:23     all   59,87    0,13   17,61    5,66    0,00    0,25    0,00    0,00    0,00   16,48
18:45:24     all   51,58    0,00   15,80   11,50    0,00    0,00    0,00    0,00    0,00   21,11
18:45:25     all   54,64    0,13   16,77    6,73    0,00    0,00    0,00    0,00    0,00   21,73
18:45:26     all   39,24    0,00   10,51   25,57    0,00    0,00    0,00    0,00    0,00   24,68
18:45:27     all   56,05    0,00   17,13    5,04    0,00    0,13    0,00    0,00    0,00   21,66
18:45:28     all   72,45    0,00   20,13    1,89    0,00    0,25    0,00    0,00    0,00    5,28
18:45:29     all   58,89    0,13   18,66    5,17    0,00    0,25    0,00    0,00    0,00   16,90
18:45:30     all   59,37    0,00   18,86    7,34    0,00    0,13    0,00    0,00    0,00   14,30
18:45:31     all   72,84    0,00   20,90    1,88    0,00    0,38    0,00    0,00    0,00    4,01
18:45:32     all   50,82    0,00   14,70   12,42    0,00    0,00    0,00    0,00    0,00   22,05
18:45:33     all   71,48    0,00   20,66    1,90    0,00    0,13    0,00    0,00    0,00    5,83
18:45:34     all   63,10    0,00   19,14    5,42    0,00    0,13    0,00    0,00    0,00   12,22
18:45:35     all   54,33    0,00   16,79   10,18    0,00    0,13    0,00    0,00    0,00   18,58
18:45:36     all   53,54    0,00   16,92    5,68    0,00    0,13    0,00    0,00    0,00   23,74
18:45:37     all   52,09    0,00   15,93    9,23    0,00    0,13    0,00    0,00    0,00   22,63
18:45:38     all   54,24    0,00   16,56    9,86    0,00    0,25    0,00    0,00    0,00   19,09
18:45:39     all   55,67    0,13   16,88    8,94    0,00    0,25    0,00    0,00    0,00   18,14
18:45:40     all   62,50    0,13   19,07    3,16    0,00    0,00    0,00    0,00    0,00   15,15
18:45:41     all   74,09    0,00   20,38    1,26    0,00    0,25    0,00    0,00    0,00    4,03
18:45:42     all   53,75    0,00   15,12    5,97    0,00    0,00    0,00    0,00    0,00   25,16
18:45:43     all   52,09    0,00   15,80    7,21    0,00    0,13    0,00    0,00    0,00   24,78
18:45:44     all   56,06    0,00   17,42    4,80    0,00    0,13    0,00    0,00    0,00   21,59
18:45:45     all   54,11    0,00   16,56   11,38    0,00    0,00    0,00    0,00    0,00   17,95
18:45:46     all   54,43    0,13   16,33    7,72    0,00    0,13    0,00    0,00    0,00   21,27
18:45:47     all   51,45    0,00   15,55   12,01    0,00    0,13    0,00    0,00    0,00   20,86
18:45:48     all   54,66    0,00   17,25    4,53    0,00    0,13    0,00    0,00    0,00   23,43
18:45:49     all   60,25    0,00   17,97    4,56    0,00    0,13    0,00    0,00    0,00   17,09
18:45:50     all   63,97    0,13   19,34    2,40    0,00    0,25    0,00    0,00    0,00   13,91
18:45:51     all   63,74    0,00   19,59    2,67    0,00    0,00    0,00    0,00    0,00   13,99
18:45:52     all   65,12    0,25   20,08    3,14    0,00    0,38    0,00    0,00    0,00   11,04
18:45:53     all   57,29    0,00   17,36   10,27    0,00    0,13    0,00    0,00    0,00   14,96
18:45:54     all   62,93    0,00   19,80    3,66    0,00    0,13    0,00    0,00    0,00   13,49
18:45:55     all   64,05    0,00   18,61    3,67    0,00    0,13    0,00    0,00    0,00   13,54
18:45:56     all   65,48    0,00   21,57    2,16    0,00    0,00    0,00    0,00    0,00   10,79
18:45:57     all   69,69    0,13   20,63    2,39    0,00    0,13    0,00    0,00    0,00    7,04
18:45:58     all   66,58    0,13   20,00    2,66    0,00    0,00    0,00    0,00    0,00   10,63
18:45:59     all   63,47    0,12   19,58    4,24    0,00    0,00    0,00    0,00    0,00   12,59
18:46:00     all   68,43    0,00   22,10    3,54    0,00    0,38    0,00    0,00    0,00    5,56
18:46:01     all   74,91    0,00   22,58    0,25    0,00    0,38    0,00    0,00    0,00    1,88
18:46:02     all   72,43    0,00   23,68    0,75    0,00    0,13    0,00    0,00    0,00    3,01
18:46:03     all   69,84    0,00   20,79    2,53    0,00    0,00    0,00    0,00    0,00    6,84
18:46:04     all   68,91    0,00   20,30    1,40    0,00    0,13    0,00    0,00    0,00    9,26
18:46:05     all   70,25    0,00   22,03    1,14    0,00    0,00    0,00    0,00    0,00    6,58
18:46:06     all   71,82    0,13   22,77    0,75    0,00    0,38    0,00    0,00    0,00    4,15
18:46:07     all   65,32    0,00   19,80    7,06    0,00    0,13    0,00    0,00    0,00    7,69
18:46:08     all   70,44    0,13   21,51    1,38    0,00    0,13    0,00    0,00    0,00    6,42
18:46:09     all   74,25    0,13   22,24    0,25    0,00    0,38    0,00    0,00    0,00    2,76
18:46:10     all   73,08    0,00   23,14    0,38    0,00    0,25    0,00    0,00    0,00    3,14
18:46:11     all   76,54    0,00   22,33    0,38    0,00    0,13    0,00    0,00    0,00    0,63
18:46:12     all   76,43    0,12   22,32    0,12    0,00    0,25    0,00    0,00    0,00    0,75
18:46:13     all   77,16    0,00   20,45    0,38    0,00    0,38    0,00    0,00    0,00    1,63
18:46:14     all   74,75    0,00   23,61    0,38    0,00    0,13    0,00    0,00    0,00    1,14
18:46:15     all   73,64    0,13   22,57    0,76    0,00    0,13    0,00    0,00    0,00    2,77
18:46:16     all   74,81    0,12   22,94    0,87    0,00    0,25    0,00    0,00    0,00    1,00
18:46:17     all   76,79    0,00   21,71    0,25    0,00    0,25    0,00    0,00    0,00    1,00
18:46:18     all   74,06    0,00   23,43    0,25    0,00    0,25    0,00    0,00    0,00    2,01
18:46:19     all   71,66    0,00   22,67    3,78    0,00    0,13    0,00    0,00    0,00    1,76
18:46:20     all   75,91    0,13   22,96    0,25    0,00    0,13    0,00    0,00    0,00    0,63
18:46:21     all   74,84    0,00   23,40    0,63    0,00    0,13    0,00    0,00    0,00    1,00
18:46:22     all   73,27    0,00   24,59    0,25    0,00    0,25    0,00    0,00    0,00    1,63
18:46:23     all   66,46    0,00   19,67    7,19    0,00    0,00    0,00    0,00    0,00    6,68
18:46:24     all   75,59    0,13   22,78    0,25    0,00    0,13    0,00    0,00    0,00    1,13
18:46:25     all   74,75    0,00   22,99    0,50    0,00    0,25    0,00    0,00    0,00    1,51
18:46:26     all   74,06    0,00   23,80    0,13    0,00    0,25    0,00    0,00    0,00    1,76
18:46:27     all   75,44    0,13   22,56    0,50    0,00    0,25    0,00    0,00    0,00    1,13
18:46:28     all   67,38    0,00   20,95    9,03    0,00    0,13    0,00    0,00    0,00    2,51
18:46:29     all   75,25    0,12   22,88    0,38    0,00    0,12    0,00    0,00    0,00    1,25
18:46:30     all   76,70    0,00   22,17    0,00    0,00    0,13    0,00    0,00    0,00    1,01
18:46:31     all   75,22    0,00   23,90    0,13    0,00    0,13    0,00    0,00    0,00    0,63
18:46:32     all   75,41    0,00   23,71    0,38    0,00    0,00    0,00    0,00    0,00    0,50
18:46:33     all   75,25    0,00   22,22    0,51    0,00    0,13    0,00    0,00    0,00    1,89
18:46:34     all   75,34    0,13   22,28    0,63    0,00    0,25    0,00    0,00    0,00    1,38
18:46:35     all   75,09    0,00   22,90    0,50    0,00    0,50    0,00    0,00    0,00    1,00
18:46:36     all   76,45    0,00   22,17    0,25    0,00    0,13    0,00    0,00    0,00    1,01
18:46:37     all   75,35    0,00   23,27    0,00    0,00    0,00    0,00    0,00    0,00    1,38
18:46:38     all   75,22    0,13   22,28    1,00    0,00    0,25    0,00    0,00    0,00    1,13
18:46:39     all   72,99    0,00   22,99    1,76    0,00    0,00    0,00    0,00    0,00    2,26
18:46:40     all   75,91    0,00   21,94    0,25    0,00    0,38    0,00    0,00    0,00    1,51
18:46:41     all   74,69    0,00   23,17    0,25    0,00    0,13    0,00    0,00    0,00    1,76
18:46:42     all   76,02    0,12   22,73    0,25    0,00    0,12    0,00    0,00    0,00    0,75
18:46:43     all   75,31    0,00   23,68    0,13    0,00    0,38    0,00    0,00    0,00    0,50
18:46:44     all   75,16    0,00   23,33    0,50    0,00    0,13    0,00    0,00    0,00    0,88
18:46:45     all   75,72    0,00   22,77    0,13    0,00    0,25    0,00    0,00    0,00    1,13
18:46:46     all   73,50    0,12   23,25    1,88    0,00    0,12    0,00    0,00    0,00    1,12
18:46:47     all   76,00    0,00   22,75    0,12    0,00    0,00    0,00    0,00    0,00    1,12
18:46:48     all   75,85    0,00   23,65    0,25    0,00    0,13    0,00    0,00    0,00    0,13
18:46:49     all   69,64    0,00   21,20    4,52    0,00    0,50    0,00    0,00    0,00    4,14
18:46:50     all   75,00    0,00   22,76    0,50    0,00    0,25    0,00    0,00    0,00    1,49
18:46:51     all   75,66    0,13   23,59    0,13    0,00    0,00    0,00    0,00    0,00    0,50
18:46:52     all   60,71    0,00   18,14   17,25    0,00    0,25    0,00    0,00    0,00    3,65
18:46:53     all   75,03    0,00   22,70    0,50    0,00    0,25    0,00    0,00    0,00    1,51
18:46:54     all   75,97    0,00   22,03    0,38    0,00    0,38    0,00    0,00    0,00    1,25
18:46:55     all   74,43    0,00   24,18    0,00    0,00    0,00    0,00    0,00    0,00    1,39
18:46:56     all   71,77    0,13   22,08    4,02    0,00    0,00    0,00    0,00    0,00    2,01
18:46:57     all   72,58    0,00   22,14    3,65    0,00    0,13    0,00    0,00    0,00    1,51
18:46:58     all   75,25    0,00   23,00    0,25    0,00    0,38    0,00    0,00    0,00    1,12
18:46:59     all   76,07    0,13   22,81    0,13    0,00    0,13    0,00    0,00    0,00    0,75
18:47:00     all   75,47    0,00   23,51    0,25    0,00    0,00    0,00    0,00    0,00    0,76
18:47:01     all   75,91    0,00   22,85    0,00    0,00    0,62    0,00    0,00    0,00    0,62
18:47:02     all   74,69    0,00   23,43    0,88    0,00    0,13    0,00    0,00    0,00    0,88
18:47:03     all   74,75    0,00   22,74    0,88    0,00    0,13    0,00    0,00    0,00    1,51
18:47:04     all   71,32    0,00   21,01    3,90    0,00    0,13    0,00    0,00    0,00    3,65
18:47:05     all   72,43    0,00   21,80    3,26    0,00    0,00    0,00    0,00    0,00    2,51
18:47:06     all   71,34    0,00   22,22    4,04    0,00    0,00    0,00    0,00    0,00    2,40
18:47:07     all   72,98    0,00   22,42    2,86    0,00    0,50    0,00    0,00    0,00    1,25
18:47:08     all   75,94    0,00   22,31    0,50    0,00    0,50    0,00    0,00    0,00    0,75
18:47:09     all   75,06    0,00   22,67    1,01    0,00    0,13    0,00    0,00    0,00    1,13
18:47:10     all   74,94    0,13   23,81    0,25    0,00    0,00    0,00    0,00    0,00    0,88
18:47:11     all   74,09    0,00   23,14    1,13    0,00    0,00    0,00    0,00    0,00    1,64
18:47:12     all   75,57    0,00   21,66    0,25    0,00    0,00    0,00    0,00    0,00    2,52
18:47:13     all   73,75    0,00   22,38    0,88    0,00    0,62    0,00    0,00    0,00    2,38
18:47:14     all   73,77    0,00   23,33    0,38    0,00    0,00    0,00    0,00    0,00    2,52
18:47:15     all   74,22    0,13   23,53    0,25    0,00    0,50    0,00    0,00    0,00    1,38
18:47:16     all   75,03    0,00   22,32    0,63    0,00    0,00    0,00    0,00    0,00    2,02
18:47:17     all   74,15    0,13   21,96    0,50    0,00    0,25    0,00    0,00    0,00    3,01
18:47:18     all   77,11    0,00   21,01    0,13    0,00    0,00    0,00    0,00    0,00    1,76
18:47:19     all   71,77    0,00   22,15    1,27    0,00    0,00    0,00    0,00    0,00    4,81
18:47:20     all   73,33    0,13   22,89    0,88    0,00    0,50    0,00    0,00    0,00    2,26
18:47:21     all   74,84    0,00   22,01    0,50    0,00    0,00    0,00    0,00    0,00    2,64
18:47:22     all   73,78    0,00   22,96    0,38    0,00    0,38    0,00    0,00    0,00    2,51
18:47:23     all   76,29    0,00   21,69    0,13    0,00    0,00    0,00    0,00    0,00    1,89
18:47:24     all   72,58    0,13   22,89    1,26    0,00    0,13    0,00    0,00    0,00    3,02
18:47:25     all   70,23    0,00   21,23    5,03    0,00    0,25    0,00    0,00    0,00    3,27
18:47:26     all   73,99    0,00   23,12    0,75    0,00    0,25    0,00    0,00    0,00    1,88
18:47:27     all   74,12    0,13   22,36    0,63    0,00    0,13    0,00    0,00    0,00    2,64
18:47:28     all   70,83    0,13   22,10    1,77    0,00    0,25    0,00    0,00    0,00    4,92
18:47:29     all   67,38    0,00   21,24    3,79    0,00    0,25    0,00    0,00    0,00    7,33
18:47:30     all   72,42    0,00   21,41    1,51    0,00    0,00    0,00    0,00    0,00    4,66
18:47:31     all   74,37    0,00   23,61    0,25    0,00    0,00    0,00    0,00    0,00    1,77
18:47:32     all   72,06    0,00   21,74    1,39    0,00    0,13    0,00    0,00    0,00    4,68
18:47:33     all   69,57    0,00   21,34    2,90    0,00    0,38    0,00    0,00    0,00    5,81
18:47:34     all   71,32    0,00   20,88    1,26    0,00    0,25    0,00    0,00    0,00    6,29
18:47:35     all   67,60    0,00   20,46    3,18    0,00    0,13    0,00    0,00    0,00    8,64
18:47:36     all   59,87    0,00   18,11    8,30    0,00    0,25    0,00    0,00    0,00   13,46
18:47:37     all   61,90    0,00   18,61    5,32    0,00    0,00    0,00    0,00    0,00   14,18
18:47:38     all   62,96    0,00   18,96    5,56    0,00    0,13    0,00    0,00    0,00   12,39
18:47:39     all   56,26    0,00   17,45    8,85    0,00    0,13    0,00    0,00    0,00   17,32
18:47:40     all   66,75    0,13   20,10    2,91    0,00    0,13    0,00    0,00    0,00    9,99
18:47:41     all   58,09    0,00   18,07   13,55    0,00    0,00    0,00    0,00    0,00   10,29
18:47:42     all   73,55    0,00   22,54    0,76    0,00    0,38    0,00    0,00    0,00    2,77
18:47:43     all   63,80    0,00   17,47    7,59    0,00    0,00    0,00    0,00    0,00   11,14
18:47:44     all   70,48    0,00   21,36    1,76    0,00    0,25    0,00    0,00    0,00    6,16
18:47:45     all   61,92    0,13   17,40    1,39    0,00    0,38    0,00    0,00    0,00   18,79
18:47:46     all   57,86    0,00   18,74    3,90    0,00    0,00    0,00    0,00    0,00   19,50
18:47:47     all   51,97    0,00   15,29   10,70    0,00    0,00    0,00    0,00    0,00   22,04
18:47:48     all   52,64    0,00   14,86   12,22    0,00    0,38    0,00    0,00    0,00   19,90
18:47:49     all   62,42    0,13   18,54    5,30    0,00    0,00    0,00    0,00    0,00   13,62
18:47:50     all   54,47    0,00   17,74    7,17    0,00    0,25    0,00    0,00    0,00   20,38
18:47:51     all   34,73    0,00    9,76   29,02    0,00    0,00    0,00    0,00    0,00   26,49
18:47:52     all   52,82    0,00   15,18    9,79    0,00    0,25    0,00    0,00    0,00   21,96
18:47:53     all   49,11    0,00   15,69    5,48    0,00    0,26    0,00    0,00    0,00   29,46
18:47:54     all   48,55    0,00   15,35    9,69    0,00    0,25    0,00    0,00    0,00   26,16
18:47:55     all   50,38    0,00   15,18   17,86    0,00    0,00    0,00    0,00    0,00   16,58
18:47:56     all   43,95    0,00   12,59   22,80    0,00    0,13    0,00    0,00    0,00   20,53
18:47:57     all   49,30    0,13   15,21    5,32    0,00    0,00    0,00    0,00    0,00   30,04
18:47:58     all   42,28    0,00   13,67   11,27    0,00    0,00    0,00    0,00    0,00   32,78
18:47:59     all   50,38    0,13   15,58    8,17    0,00    0,13    0,00    0,00    0,00   25,63
18:48:00     all   51,77    0,00   16,20    7,47    0,00    0,13    0,00    0,00    0,00   24,43
18:48:01     all   45,52    0,00   14,25    7,19    0,00    0,25    0,00    0,00    0,00   32,79
18:48:02     all   52,09    0,00   15,93    9,23    0,00    0,25    0,00    0,00    0,00   22,50
18:48:03     all   47,34    0,00   14,30    9,37    0,00    0,00    0,00    0,00    0,00   28,99
18:48:04     all   41,06    0,00   13,22   12,59    0,00    0,00    0,00    0,00    0,00   33,12
18:48:05     all   49,11    0,00   14,09   11,04    0,00    0,00    0,00    0,00    0,00   25,76
18:48:06     all   41,94    0,00   12,97   12,97    0,00    0,13    0,00    0,00    0,00   31,99
18:48:07     all   49,11    0,00   15,57    6,20    0,00    0,13    0,00    0,00    0,00   28,99
18:48:08     all   53,33    0,00   14,97   11,07    0,00    0,38    0,00    0,00    0,00   20,25
18:48:09     all   53,80    0,00   16,08    5,06    0,00    0,00    0,00    0,00    0,00   25,06
18:48:10     all   48,99    0,00   15,28    5,43    0,00    0,25    0,00    0,00    0,00   30,05
18:48:11     all   52,78    0,00   15,32   11,65    0,00    0,13    0,00    0,00    0,00   20,13
18:48:12     all   46,28    0,00   14,12   13,75    0,00    0,00    0,00    0,00    0,00   25,85
18:48:13     all   53,66    0,13   16,29    6,57    0,00    0,25    0,00    0,00    0,00   23,11
18:48:14     all   52,96    0,00   15,22    7,80    0,00    0,13    0,00    0,00    0,00   23,90
18:48:15     all   47,53    0,00   16,56    8,85    0,00    0,13    0,00    0,00    0,00   26,93
18:48:16     all   40,51    0,00   11,39   24,68    0,00    0,13    0,00    0,00    0,00   23,29
18:48:17     all   49,75    0,00   15,15    7,20    0,00    0,00    0,00    0,00    0,00   27,90
18:48:18     all   51,96    0,00   15,21    8,75    0,00    0,25    0,00    0,00    0,00   23,83
18:48:19     all   54,66    0,25   16,88    3,90    0,00    0,13    0,00    0,00    0,00   24,18
18:48:20     all   58,68    0,00   18,50    5,45    0,00    0,25    0,00    0,00    0,00   17,11
18:48:21     all   62,71    0,00   18,96    4,55    0,00    0,13    0,00    0,00    0,00   13,65
18:48:22     all   58,87    0,13   17,99    6,04    0,00    0,25    0,00    0,00    0,00   16,73
18:48:23     all   64,59    0,13   18,27    3,81    0,00    0,13    0,00    0,00    0,00   13,07
18:48:24     all   59,67    0,00   18,09    8,29    0,00    0,13    0,00    0,00    0,00   13,82
18:48:25     all   54,81    0,00   15,70   11,01    0,00    0,00    0,00    0,00    0,00   18,48
18:48:26     all   61,27    0,13   18,23    6,08    0,00    0,38    0,00    0,00    0,00   13,92
18:48:27     all   63,44    0,00   18,97    3,89    0,00    0,00    0,00    0,00    0,00   13,69
18:48:28     all   68,91    0,13   19,54    1,78    0,00    0,13    0,00    0,00    0,00    9,52
18:48:29     all   68,52    0,00   21,37    1,77    0,00    0,13    0,00    0,00    0,00    8,22
18:48:30     all   68,46    0,00   20,28    2,75    0,00    0,38    0,00    0,00    0,00    8,14
18:48:31     all   66,25    0,00   20,61    1,90    0,00    0,25    0,00    0,00    0,00   11,00
18:48:32     all   61,99    0,00   16,84   16,58    0,00    0,00    0,00    0,00    0,00    4,59
18:48:33     all   62,56    0,13   18,72    6,28    0,00    0,13    0,00    0,00    0,00   12,19
18:48:34     all   60,05    0,00   18,71    8,22    0,00    0,00    0,00    0,00    0,00   13,02
18:48:35     all   68,95    0,00   21,04    2,28    0,00    0,25    0,00    0,00    0,00    7,48
18:48:36     all   61,46    0,00   19,14    8,94    0,00    0,38    0,00    0,00    0,00   10,08
18:48:37     all   61,52    0,00   18,48    6,33    0,00    0,13    0,00    0,00    0,00   13,54
18:48:38     all   62,63    0,00   19,95    2,90    0,00    0,00    0,00    0,00    0,00   14,52
18:48:39     all   67,17    0,00   20,45    1,14    0,00    0,38    0,00    0,00    0,00   10,86
18:48:40     all   69,95    0,00   20,96    2,15    0,00    0,00    0,00    0,00    0,00    6,94
18:48:41     all   70,74    0,00   20,93    1,89    0,00    0,13    0,00    0,00    0,00    6,31
18:48:42     all   70,10    0,00   22,86    1,76    0,00    0,25    0,00    0,00    0,00    5,03
18:48:43     all   73,45    0,00   21,49    0,51    0,00    0,38    0,00    0,00    0,00    4,17
18:48:44     all   75,69    0,00   22,43    0,50    0,00    0,13    0,00    0,00    0,00    1,25
18:48:45     all   77,75    0,12   21,62    0,00    0,00    0,00    0,00    0,00    0,00    0,50
18:48:46     all   71,45    0,13   22,89    1,13    0,00    0,13    0,00    0,00    0,00    4,28
18:48:47     all   69,07    0,00   21,04    3,17    0,00    0,25    0,00    0,00    0,00    6,46
18:48:48     all   71,52    0,00   21,71    1,38    0,00    0,25    0,00    0,00    0,00    5,14
18:48:49     all   73,70    0,00   22,76    1,01    0,00    0,13    0,00    0,00    0,00    2,40
18:48:50     all   69,64    0,13   22,33    1,38    0,00    0,13    0,00    0,00    0,00    6,40
18:48:51     all   70,87    0,00   22,95    1,51    0,00    0,25    0,00    0,00    0,00    4,41
18:48:52     all   70,58    0,00   21,59    1,77    0,00    0,00    0,00    0,00    0,00    6,06
18:48:53     all   73,26    0,00   23,32    0,38    0,00    0,25    0,00    0,00    0,00    2,79
18:48:54     all   75,53    0,12   22,97    0,25    0,00    0,25    0,00    0,00    0,00    0,87
18:48:55     all   74,65    0,13   22,82    0,25    0,00    0,13    0,00    0,00    0,00    2,02
18:48:56     all   75,44    0,00   23,43    0,13    0,00    0,13    0,00    0,00    0,00    0,88
18:48:57     all   74,31    0,00   22,17    1,26    0,00    0,25    0,00    0,00    0,00    2,02
18:48:58     all   75,28    0,00   21,46    0,75    0,00    0,13    0,00    0,00    0,00    2,38
18:48:59     all   73,75    0,00   23,12    0,62    0,00    0,25    0,00    0,00    0,00    2,25
18:49:00     all   74,18    0,13   22,17    1,39    0,00    0,00    0,00    0,00    0,00    2,14
18:49:01     all   69,33    0,00   21,29    1,90    0,00    0,00    0,00    0,00    0,00    7,48
18:49:02     all   69,28    0,00   21,37    2,78    0,00    0,13    0,00    0,00    0,00    6,45
18:49:03     all   68,93    0,00   21,13    2,77    0,00    0,38    0,00    0,00    0,00    6,79
18:49:04     all   68,05    0,00   19,87    5,28    0,00    0,25    0,00    0,00    0,00    6,54
18:49:05     all   74,91    0,13   22,33    0,25    0,00    0,13    0,00    0,00    0,00    2,26
18:49:06     all   74,97    0,00   22,39    0,25    0,00    0,13    0,00    0,00    0,00    2,26
18:49:07     all   72,98    0,00   21,84    1,14    0,00    0,00    0,00    0,00    0,00    4,04
18:49:08     all   67,30    0,13   20,88    4,28    0,00    0,25    0,00    0,00    0,00    7,17
18:49:09     all   69,84    0,00   20,91    3,93    0,00    0,25    0,00    0,00    0,00    5,07
18:49:10     all   72,45    0,00   22,26    0,75    0,00    0,25    0,00    0,00    0,00    4,28
18:49:11     all   74,15    0,00   22,70    0,50    0,00    0,13    0,00    0,00    0,00    2,52
18:49:12     all   70,44    0,13   21,26    2,77    0,00    0,13    0,00    0,00    0,00    5,28
18:49:13     all   64,45    0,13   19,47    5,90    0,00    0,25    0,00    0,00    0,00    9,80
18:49:14     all   70,42    0,13   20,61    1,77    0,00    0,25    0,00    0,00    0,00    6,83
18:49:15     all   69,03    0,00   20,86    3,16    0,00    0,00    0,00    0,00    0,00    6,95
18:49:16     all   61,71    0,00   19,02    4,79    0,00    0,13    0,00    0,00    0,00   14,36
18:49:17     all   62,69    0,13   18,78    3,43    0,00    0,13    0,00    0,00    0,00   14,85
18:49:18     all   67,22    0,00   20,89    5,57    0,00    0,51    0,00    0,00    0,00    5,82
18:49:19     all   59,42    0,00   16,71   14,32    0,00    0,13    0,00    0,00    0,00    9,42
18:49:20     all   65,19    0,00   19,87    3,42    0,00    0,00    0,00    0,00    0,00   11,52
18:49:21     all   61,27    0,00   18,23    8,86    0,00    0,13    0,00    0,00    0,00   11,52
18:49:22     all   61,44    0,00   18,84    5,82    0,00    0,25    0,00    0,00    0,00   13,65
18:49:23     all   61,27    0,00   17,47    4,68    0,00    0,13    0,00    0,00    0,00   16,46
18:49:24     all   50,82    0,00   15,42   10,11    0,00    0,00    0,00    0,00    0,00   23,64
18:49:25     all   54,75    0,00   16,48   14,45    0,00    0,13    0,00    0,00    0,00   14,20
18:49:26     all   41,99    0,00   12,74   17,91    0,00    0,00    0,00    0,00    0,00   27,36
18:49:27     all   45,02    0,00   14,75    9,21    0,00    0,25    0,00    0,00    0,00   30,77
18:49:28     all   64,36    0,13   19,77    6,30    0,00    0,13    0,00    0,00    0,00    9,32
18:49:29     all   67,47    0,00   18,92    3,40    0,00    0,00    0,00    0,00    0,00   10,21
18:49:30     all   60,51    0,00   17,09    7,85    0,00    0,13    0,00    0,00    0,00   14,43
18:49:31     all   52,08    0,00   16,14    6,81    0,00    0,38    0,00    0,00    0,00   24,59
18:49:32     all   46,79    0,00   14,59   17,74    0,00    0,00    0,00    0,00    0,00   20,88
18:49:33     all   52,92    0,00   14,97   12,94    0,00    0,25    0,00    0,00    0,00   18,91
18:49:34     all   41,74    0,00   12,74   14,63    0,00    0,13    0,00    0,00    0,00   30,77
18:49:35     all   51,52    0,00   15,82    8,23    0,00    0,00    0,00    0,00    0,00   24,43
18:49:36     all   45,91    0,00   13,71   11,70    0,00    0,25    0,00    0,00    0,00   28,43
18:49:37     all   43,56    0,13   13,38    7,45    0,00    0,00    0,00    0,00    0,00   35,48
18:49:38     all   42,48    0,00   12,90    6,32    0,00    0,00    0,00    0,00    0,00   38,31
18:49:39     all   49,62    0,00   15,86    6,47    0,00    0,13    0,00    0,00    0,00   27,92
18:49:40     all   56,55    0,13   18,51    6,55    0,00    0,13    0,00    0,00    0,00   18,14
18:49:41     all   60,25    0,00   17,86   13,71    0,00    0,25    0,00    0,00    0,00    7,92
18:49:42     all   34,13    0,00   10,37   25,92    0,00    0,13    0,00    0,00    0,00   29,46
18:49:43     all   36,78    0,13   11,08   19,40    0,00    0,00    0,00    0,00    0,00   32,62
18:49:44     all   43,67    0,00   13,42    7,22    0,00    0,00    0,00    0,00    0,00   35,70
18:49:45     all   48,86    0,00   14,97    5,20    0,00    0,25    0,00    0,00    0,00   30,71
18:49:46     all   52,54    0,00   16,12    7,99    0,00    0,00    0,00    0,00    0,00   23,35
18:49:47     all   53,43    0,00   16,37    4,06    0,00    0,00    0,00    0,00    0,00   26,14
18:49:48     all   58,21    0,00   17,93    2,90    0,00    0,25    0,00    0,00    0,00   20,71
18:49:49     all   59,32    0,00   16,98   10,90    0,00    0,25    0,00    0,00    0,00   12,55
18:49:50     all   58,08    0,13   17,80    5,68    0,00    0,13    0,00    0,00    0,00   18,18
18:49:51     all   50,50    0,00   14,86   13,35    0,00    0,13    0,00    0,00    0,00   21,16
18:49:52     all   51,58    0,00   15,72   15,46    0,00    0,00    0,00    0,00    0,00   17,24
18:49:53     all   53,27    0,00   16,88    6,42    0,00    0,38    0,00    0,00    0,00   23,05
18:49:54     all   62,13    0,00   18,55    6,10    0,00    0,13    0,00    0,00    0,00   13,09
18:49:55     all   63,84    0,13   18,08    3,79    0,00    0,13    0,00    0,00    0,00   14,03
18:49:56     all   61,16    0,00   18,66    2,65    0,00    0,13    0,00    0,00    0,00   17,40
18:49:57     all   60,08    0,00   19,01    4,56    0,00    0,25    0,00    0,00    0,00   16,10
18:49:58     all   53,22    0,00   15,68   10,37    0,00    0,00    0,00    0,00    0,00   20,73
18:49:59     all   59,09    0,13   17,30   10,10    0,00    0,00    0,00    0,00    0,00   13,38
18:50:00     all   61,12    0,00   18,04    7,88    0,00    0,00    0,00    0,00    0,00   12,96
18:50:01     all   61,92    0,00   19,04    4,29    0,00    0,25    0,00    0,00    0,00   14,50
18:50:02     all   62,58    0,00   18,58    2,91    0,00    0,13    0,00    0,00    0,00   15,80
18:50:03     all   67,09    0,13   21,82    1,13    0,00    0,25    0,00    0,00    0,00    9,58
18:50:04     all   48,10    0,00   13,71   21,07    0,00    0,13    0,00    0,00    0,00   17,01
18:50:05     all   60,73    0,13   17,68    6,06    0,00    0,25    0,00    0,00    0,00   15,15
18:50:06     all   62,31    0,00   18,02    4,82    0,00    0,13    0,00    0,00    0,00   14,72
18:50:07     all   66,83    0,00   21,36    1,76    0,00    0,13    0,00    0,00    0,00    9,92
18:50:08     all   68,14    0,00   20,86    2,02    0,00    0,13    0,00    0,00    0,00    8,85
18:50:09     all   69,36    0,13   21,06    1,26    0,00    0,13    0,00    0,00    0,00    8,07
18:50:10     all   71,07    0,00   22,14    1,26    0,00    0,25    0,00    0,00    0,00    5,28
18:50:11     all   71,14    0,00   22,28    1,65    0,00    0,13    0,00    0,00    0,00    4,81
18:50:12     all   68,84    0,13   21,15    2,00    0,00    0,38    0,00    0,00    0,00    7,51
18:50:13     all   68,65    0,00   20,30    2,92    0,00    0,13    0,00    0,00    0,00    7,99
18:50:14     all   72,42    0,00   23,93    0,50    0,00    0,00    0,00    0,00    0,00    3,15
18:50:15     all   70,35    0,00   21,48    2,01    0,00    0,00    0,00    0,00    0,00    6,16
18:50:16     all   72,20    0,00   23,40    1,01    0,00    0,25    0,00    0,00    0,00    3,14
18:50:17     all   65,83    0,00   19,80    5,80    0,00    0,25    0,00    0,00    0,00    8,32
18:50:18     all   69,72    0,13   21,61    1,51    0,00    0,13    0,00    0,00    0,00    6,91
18:50:19     all   72,17    0,13   22,80    0,76    0,00    0,13    0,00    0,00    0,00    4,03
18:50:20     all   75,54    0,00   21,82    0,38    0,00    0,13    0,00    0,00    0,00    2,14
18:50:21     all   74,21    0,00   22,77    0,50    0,00    0,25    0,00    0,00    0,00    2,26
18:50:22     all   71,77    0,00   23,59    0,75    0,00    0,13    0,00    0,00    0,00    3,76
18:50:23     all   72,51    0,00   21,69    2,65    0,00    0,38    0,00    0,00    0,00    2,77
18:50:24     all   64,52    0,13   19,70    7,83    0,00    0,13    0,00    0,00    0,00    7,70
18:50:25     all   74,72    0,00   22,77    0,63    0,00    0,00    0,00    0,00    0,00    1,89
18:50:26     all   73,99    0,13   22,86    0,25    0,00    0,38    0,00    0,00    0,00    2,39
18:50:27     all   73,84    0,00   23,77    0,50    0,00    0,25    0,00    0,00    0,00    1,64
18:50:28     all   61,23    0,00   18,19   13,93    0,00    0,25    0,00    0,00    0,00    6,40
18:50:29     all   68,86    0,13   20,63    6,33    0,00    0,13    0,00    0,00    0,00    3,92
18:50:30     all   74,50    0,00   21,73    0,88    0,00    0,00    0,00    0,00    0,00    2,89
18:50:31     all   73,64    0,00   22,95    0,63    0,00    0,13    0,00    0,00    0,00    2,65
18:50:32     all   72,93    0,00   24,06    0,25    0,00    0,13    0,00    0,00    0,00    2,63
18:50:33     all   75,75    0,00   22,49    0,00    0,00    0,38    0,00    0,00    0,00    1,38
18:50:34     all   72,76    0,00   20,05    5,55    0,00    0,00    0,00    0,00    0,00    1,64
18:50:35     all   74,15    0,13   23,09    0,50    0,00    0,25    0,00    0,00    0,00    1,88
18:50:36     all   73,74    0,00   23,24    0,88    0,00    0,25    0,00    0,00    0,00    1,88
18:50:37     all   73,68    0,00   23,43    0,88    0,00    0,13    0,00    0,00    0,00    1,88
18:50:38     all   75,69    0,00   22,29    0,63    0,00    0,00    0,00    0,00    0,00    1,39
18:50:39     all   77,64    0,13   21,48    0,13    0,00    0,13    0,00    0,00    0,00    0,50
18:50:40     all   74,44    0,00   23,56    0,38    0,00    0,25    0,00    0,00    0,00    1,38
18:50:41     all   73,43    0,25   23,43    0,75    0,00    0,38    0,00    0,00    0,00    1,75
18:50:42     all   71,70    0,00   22,39    3,65    0,00    0,00    0,00    0,00    0,00    2,26
18:50:43     all   74,59    0,00   23,15    0,25    0,00    0,25    0,00    0,00    0,00    1,75
18:50:44     all   71,41    0,00   22,17    3,78    0,00    0,00    0,00    0,00    0,00    2,64
18:50:45     all   44,50    0,00   11,12   36,25    0,00    0,12    0,00    0,00    0,00    8,00
18:50:46     all   75,63    0,13   23,12    0,25    0,00    0,25    0,00    0,00    0,00    0,63
18:50:47     all   74,84    0,00   24,28    0,00    0,00    0,13    0,00    0,00    0,00    0,75
18:50:48     all   58,82    0,00   17,27   10,14    0,00    0,13    0,00    0,00    0,00   13,64
18:50:49     all   73,02    0,00   22,71    1,25    0,00    0,13    0,00    0,00    0,00    2,89
18:50:50     all   75,50    0,00   22,74    0,38    0,00    0,25    0,00    0,00    0,00    1,13
18:50:51     all   75,09    0,00   23,14    0,13    0,00    0,00    0,00    0,00    0,00    1,64
18:50:52     all   74,15    0,00   22,07    0,76    0,00    0,38    0,00    0,00    0,00    2,65
18:50:53     all   74,34    0,00   21,89    0,75    0,00    0,25    0,00    0,00    0,00    2,77
18:50:54     all   64,83    0,00   20,03    8,76    0,00    0,13    0,00    0,00    0,00    6,26
18:50:55     all   75,16    0,00   22,07    0,13    0,00    0,13    0,00    0,00    0,00    2,52
18:50:56     all   75,00    0,00   23,62    0,38    0,00    0,25    0,00    0,00    0,00    0,75
18:50:57     all   75,13    0,00   23,37    0,38    0,00    0,13    0,00    0,00    0,00    1,01
18:50:58     all   74,02    0,00   22,82    1,51    0,00    0,25    0,00    0,00    0,00    1,39
18:50:59     all   63,70    0,00   18,52    9,39    0,00    0,13    0,00    0,00    0,00    8,26
18:51:00     all   56,57    0,00   16,16   18,43    0,00    0,13    0,00    0,00    0,00    8,71
18:51:01     all   56,42    0,00   17,03   15,25    0,00    0,00    0,00    0,00    0,00   11,31
18:51:02     all   71,66    0,12   23,35    1,12    0,00    0,37    0,00    0,00    0,00    3,37
18:51:03     all   73,46    0,00   22,14    0,88    0,00    0,00    0,00    0,00    0,00    3,52
18:51:04     all   70,34    0,00   22,56    1,01    0,00    0,13    0,00    0,00    0,00    5,96
18:51:05     all   65,54    0,13   20,18    4,39    0,00    0,25    0,00    0,00    0,00    9,52
18:51:06     all   69,27    0,13   21,03    2,39    0,00    0,13    0,00    0,00    0,00    7,05
18:51:07     all   69,61    0,00   20,18    3,03    0,00    0,13    0,00    0,00    0,00    7,06
18:51:08     all   69,66    0,00   21,11    1,90    0,00    0,13    0,00    0,00    0,00    7,21
18:51:09     all   71,59    0,00   22,22    1,26    0,00    0,13    0,00    0,00    0,00    4,80
18:51:10     all   70,37    0,13   21,31    2,77    0,00    0,25    0,00    0,00    0,00    5,17
18:51:11     all   69,48    0,00   21,82    2,02    0,00    0,13    0,00    0,00    0,00    6,56
18:51:12     all   69,85    0,13   20,48    2,64    0,00    0,25    0,00    0,00    0,00    6,66
18:51:13     all   67,05    0,13   20,58    2,53    0,00    0,13    0,00    0,00    0,00    9,60
18:51:14     all   63,65    0,00   20,25    4,53    0,00    0,25    0,00    0,00    0,00   11,32
18:51:15     all   61,53    0,00   18,47    5,22    0,00    0,00    0,00    0,00    0,00   14,78
18:51:16     all   63,52    0,00   19,62    4,15    0,00    0,38    0,00    0,00    0,00   12,33
18:51:17     all   64,82    0,00   19,80    2,77    0,00    0,25    0,00    0,00    0,00   12,36
18:51:18     all   36,32    0,00    9,46   29,51    0,00    0,00    0,00    0,00    0,00   24,72
18:51:19     all   61,29    0,00   17,78    7,06    0,00    0,13    0,00    0,00    0,00   13,75
18:51:20     all   62,04    0,00   18,54    4,92    0,00    0,25    0,00    0,00    0,00   14,25
18:51:21     all   58,15    0,00   17,70    8,22    0,00    0,13    0,00    0,00    0,00   15,80
18:51:22     all   53,16    0,00   16,29   10,98    0,00    0,13    0,00    0,00    0,00   19,44
18:51:23     all   53,74    0,00   16,10    7,98    0,00    0,00    0,00    0,00    0,00   22,18
18:51:24     all   65,28    0,00   19,62    2,64    0,00    0,13    0,00    0,00    0,00   12,33
18:51:25     all   69,56    0,00   22,64    1,51    0,00    0,13    0,00    0,00    0,00    6,16
18:51:26     all   63,91    0,00   21,86    2,67    0,00    0,38    0,00    0,00    0,00   11,18
18:51:27     all   58,83    0,00   21,35    1,91    0,00    0,13    0,00    0,00    0,00   17,79
18:51:28     all   52,84    0,00   17,02    0,00    0,00    0,00    0,00    0,00    0,00   30,14
18:51:29     all   53,62    0,00   15,37    0,00    0,00    0,00    0,00    0,00    0,00   31,00
18:51:30     all   51,76    0,00   15,70    1,88    0,00    0,25    0,00    0,00    0,00   30,40
18:51:31     all   51,84    0,00   15,34    0,00    0,00    0,13    0,00    0,00    0,00   32,70
18:51:32     all   53,77    0,00   17,09    1,26    0,00    0,00    0,00    0,00    0,00   27,89
18:51:33     all   48,16    0,13   16,39    6,48    0,00    0,00    0,00    0,00    0,00   28,84
18:51:34     all   42,52    0,00   12,96    2,01    0,00    0,13    0,00    0,00    0,00   42,39
18:51:35     all   37,22    0,13   11,27    5,57    0,00    0,13    0,00    0,00    0,00   45,70
18:51:36     all   31,41    0,00    9,42   12,69    0,00    0,13    0,00    0,00    0,00   46,36
18:51:37     all   31,16    0,00    9,30    0,00    0,00    0,00    0,00    0,00    0,00   59,55
18:51:38     all   32,83    0,00    8,96    0,00    0,00    0,13    0,00    0,00    0,00   58,08
18:51:39     all   26,83    0,00    6,80    7,81    0,00    0,13    0,00    0,00    0,00   58,44
18:51:40     all   26,99    0,00    5,30    6,43    0,00    0,13    0,00    0,00    0,00   61,16
18:51:41     all   21,96    0,00    4,89    5,40    0,00    0,13    0,00    0,00    0,00   67,63
18:51:42     all   21,83    0,00    5,40    0,00    0,00    0,00    0,00    0,00    0,00   72,77
18:51:43     all   19,10    0,00    4,02    5,15    0,00    0,00    0,00    0,00    0,00   71,73
18:51:44     all   23,23    0,00    5,18   12,37    0,00    0,00    0,00    0,00    0,00   59,22
18:51:45     all   23,33    0,00    8,83    0,00    0,00    0,00    0,00    0,00    0,00   67,84
18:51:46     all   14,61    0,00    1,64   10,83    0,00    0,00    0,00    0,00    0,00   72,92
18:51:47     all   13,91    0,00    1,13   11,65    0,00    0,00    0,00    0,00    0,00   73,31
18:51:48     all   17,50    0,00    1,50   12,75    0,00    0,00    0,00    0,00    0,00   68,25
18:51:49     all   13,46    0,00    0,75   15,60    0,00    0,00    0,00    0,00    0,00   70,19
18:51:50     all   19,50    0,00    3,77   11,19    0,00    0,00    0,00    0,00    0,00   65,53
18:51:51     all   20,93    0,00    4,39   10,90    0,00    0,00    0,00    0,00    0,00   63,78
18:51:52     all   19,45    0,00    3,64   11,29    0,00    0,00    0,00    0,00    0,00   65,62
18:51:53     all   24,94    0,00    4,16   10,83    0,00    0,00    0,00    0,00    0,00   60,08
18:51:54     all   14,81    0,00    1,27   11,39    0,00    0,00    0,00    0,00    0,00   72,53
18:51:55     all   14,20    0,00    1,38   12,94    0,00    0,00    0,00    0,00    0,00   71,48
18:51:56     all   13,78    0,00    1,13   11,78    0,00    0,00    0,00    0,00    0,00   73,31
18:51:57     all   27,42    0,00    5,16   10,94    0,00    0,13    0,00    0,00    0,00   56,35
18:51:58     all   18,42    0,00    3,38   11,40    0,00    0,00    0,00    0,00    0,00   66,79
18:51:59     all   13,98    0,00    1,01   12,59    0,00    0,00    0,00    0,00    0,00   72,42
18:52:00     all   13,59    0,00    1,37   11,72    0,00    0,00    0,00    0,00    0,00   73,32
18:52:01     all   13,96    0,00    1,26   12,70    0,00    0,00    0,00    0,00    0,00   72,08
18:52:02     all   13,48    0,00    1,13   17,00    0,00    0,00    0,00    0,00    0,00   68,39
18:52:03     all   13,94    0,00    1,51   11,31    0,00    0,00    0,00    0,00    0,00   73,24
18:52:04     all   21,42    0,00    4,48   10,71    0,00    0,12    0,00    0,00    0,00   63,26
18:52:05     all   18,08    0,00    2,65    9,99    0,00    0,13    0,00    0,00    0,00   69,15
18:52:06     all   13,75    0,00    1,12   17,62    0,00    0,00    0,00    0,00    0,00   67,50
18:52:07     all   13,93    0,00    1,13   12,67    0,00    0,00    0,00    0,00    0,00   72,27
18:52:08     all   12,70    0,00    0,75   18,74    0,00    0,00    0,00    0,00    0,00   67,80
18:52:09     all   13,88    0,00    1,25   11,38    0,00    0,00    0,00    0,00    0,00   73,50
18:52:10     all   15,57    0,00    1,52   11,77    0,00    0,13    0,00    0,00    0,00   71,01
18:52:11     all   14,09    0,00    1,50   11,60    0,00    0,00    0,00    0,00    0,00   72,82
18:52:12     all   16,56    0,00    1,90   11,50    0,00    0,00    0,00    0,00    0,00   70,04
18:52:13     all   16,84    0,00    2,03   12,28    0,00    0,00    0,00    0,00    0,00   68,86
18:52:14     all   13,69    0,00    1,14   15,46    0,00    0,00    0,00    0,00    0,00   69,71
18:52:15     all   13,82    0,00    1,38   15,83    0,00    0,00    0,00    0,00    0,00   68,97
18:52:16     all   13,53    0,00    1,01   14,79    0,00    0,00    0,00    0,00    0,00   70,67
18:52:17     all   14,23    0,00    1,50   11,61    0,00    0,00    0,00    0,00    0,00   72,66
18:52:18     all   13,89    0,00    1,39   13,89    0,00    0,00    0,00    0,00    0,00   70,83
18:52:19     all   13,80    0,00    1,27   11,27    0,00    0,00    0,00    0,00    0,00   73,67
18:52:20     all   13,50    0,00    1,00   17,38    0,00    0,00    0,00    0,00    0,00   68,12
18:52:21     all   13,98    0,00    1,64   13,35    0,00    0,00    0,00    0,00    0,00   71,03
18:52:22     all   13,51    0,00    1,39   11,62    0,00    0,00    0,00    0,00    0,00   73,48
18:52:23     all   15,45    0,00    2,26   12,19    0,00    0,13    0,00    0,00    0,00   69,97
18:52:24     all   13,72    0,00    0,89   13,85    0,00    0,00    0,00    0,00    0,00   71,54
18:52:25     all   13,84    0,00    1,38   14,72    0,00    0,25    0,00    0,00    0,00   69,81
18:52:26     all    5,99    0,00    3,69   17,58    0,00    0,00    0,00    0,00    0,00   72,74
18:52:27     all    3,95    0,00    2,55   16,31    0,00    0,13    0,00    0,00    0,00   77,07
