procs ----------mémoire---------- -échange- -----io---- -système- ------cpu--------
 r  b   swpd  libre tampon  cache   si   so    bi    bo   in   cs us sy id wa st gu
 8  0      0 11052052 302948 7272420    0    0   113   486 7229   17 10  5 83  2  0  0
 1  2      0 11048444 302956 7272712    0    0     0  2404 4701 8724  4  3 67 26  0  0
 1  1      0 11048844 302964 7272724    0    0     0   944 2298 3827  3  2 83 12  0  0
 0  1      0 11021372 302972 7272888    0    0     0   576 6625 10145  6  4 80  9  0  0
 1  2      0 11033532 302984 7272776    0    0     0  1568 4934 6840  6  5 72 17  0  0
 2  0      0 11005376 302996 7272724    0    0     0   560 8225 13192  4  5 75 15  0  0
 2  0      0 10971316 302996 7264544    0    0     0     0 19102 27681  9  9 82  0  0  0
 1  2      0 10962480 303008 7268640    0    0     0  1552 8300 13705  6  5 77 13  0  0
 1  1      0 10964564 303012 7268628    0    0     0   976 2095 3104  3  3 78 16  0  0
 2  0      0 10972404 303020 7268740    0    0     0   452 6481 9863  6  5 80  9  0  0
 1  0      0 10975360 303024 7268760    0    0     0   116 2782 2930 13  2 82  3  0  0
 1  0      0 10985504 303024 7264652    0    0     0     0 3216 6019 13  1 86  0  0  0
 1  0      0 10999084 303024 7264664    0    0     0     0 2376 1994 13  1 86  0  0  0
 1  0      0 10997380 303024 7268772    0    0     0     0 2300 2128 13  1 86  0  0  0
 1  0      0 11011884 303024 7264684    0    0     0     0 2428 3525 13  1 86  0  0  0
 2  2      0 11012536 303040 7268784    0    0     0  2136 4467 9430 14  1 66 18  0  0
 1  1      0 11014200 303052 7268748    0    0     0   952 3966 7022 18  1 69 12  0  0
 2  1      0 11017380 303084 7268848    0    0     0   772 6398 11499 17  3 64 16  0  0
 1  2      0 11004288 303100 7268844    0    0     0  1696 9800 15082 24  6 51 19  0  0
 2  1      0 11009124 303104 7264764    0    0     0  1064 9805 14628 23  6 60 11  0  0
 3  1      0 11004608 303108 7268980    0    0     0   632 12616 26648 31  8 54  8  0  0
procs ----------mémoire---------- -échange- -----io---- -système- ------cpu--------
 r  b   swpd  libre tampon  cache   si   so    bi    bo   in   cs us sy id wa st gu
 3  1      0 10980268 303112 7264900    0    0     0  1724 11318 22334 34 10 45 12  0  0
 3  1      0 10976564 303132 7264908    0    0     0  1216 10151 17463 32  9 46 13  0  0
 4  1      0 10973404 303156 7269108    0    0     0   620 12821 27229 37 12 43  8  0  0
 5  1      0 10953008 303168 7269148    0    0     0  1648 11096 23466 43 13 32 12  0  0
 5  1      0 10937604 303168 7269064    0    0     0  1056 12164 26579 44 14 36  6  0  0
 7  1      0 10912632 303192 7269308    0    0     0  1072 13192 29231 49 15 29  7  0  0
 5  1      0 10924596 303200 7265232    0    0     0  1176 10752 22999 52 15 23 10  0  0
 9  1      0 10935252 303208 7269412    0    0     0  1364 10924 23606 54 15 25  6  0  0
 6  1      0 10916628 303208 7269576    0    0     0   560 14068 31670 56 17 23  3  0  0
 6  1      0 10888520 303216 7269552    0    0     0  1804 11290 24048 61 18 17  4  0  0
11  0      0 10890348 303216 7269564    0    0     0  1164 12361 26073 61 19 17  3  0  0
11  1      0 10885692 303228 7269704    0    0     0  1004 13820 28940 66 20 11  2  0  0
13  1      0 10868792 303232 7269740    0    0     0  1144 13839 28807 70 20 10  1  0  0
 6  2      0 10867000 303236 7265576    0    0     0  1572 10886 21472 52 15 20 13  0  0
 8  1      0 10845672 303244 7269696    0    0     0  1512 12842 26887 62 18 15  5  0  0
12 12      0 10861292 303260 7269808    0    0     0   836 14437 28809 65 19 12  4  0  0
11  1      0 10864244 303260 7269828    0    0     0  1352 14048 25407 69 20 10  2  0  0
 7  2      0 10897312 303284 7269548    0    0     0  1176 14624 25664 68 21 10  1  0  0
 6  2      0 10890904 303284 7269888    0    0     0  1628 14181 26915 63 19 14  4  0  0
13  1      0 10896760 303288 7269908    0    0     0   816 15716 30919 65 18 13  3  0  0
 9  1      0 10895540 303292 7265828    0    0     0  1244 13564 24237 69 21  8  2  0  0
procs ----------mémoire---------- -échange- -----io---- -système- ------cpu--------
 r  b   swpd  libre tampon  cache   si   so    bi    bo   in   cs us sy id wa st gu
 7  1      0 10915616 303312 7265848    0    0     0  1332 13395 23388 69 21  8  2  0  0
 7  2      0 10918728 303312 7269912    0    0     0   300 11743 21733 64 19 12  6  0  0
 7  4      0 10896236 303312 7265912    0    0     0  1660 13671 26696 64 21 13  3  0  0
 8  1      0 10885648 303316 7265924    0    0     0   668 11245 21322 58 17 15 11  0  0
 9  3      0 10893472 303344 7265940    0    0     0  1668 12674 23898 69 21  8  2  0  0
 8  1      0 10918372 303360 7265948    0    0     0  1144 11616 19556 66 20  9  6  0  0
 6  2      0 10903220 303360 7270060    0    0     0  1256 13785 23346 69 23  6  2  0  0
 8  2      0 10876436 303364 7270084    0    0     0  1060 12253 24432 62 19 15  4  0  0
15  3      0 10885932 303372 7270108    0    0     0  1708 12590 24231 65 20 10  4  0  0
 8  2      0 10909456 303380 7270104    0    0     0  1320 11981 20981 69 21  9  1  0  0
 8  0      0 10913128 303384 7269840    0    0     0   488 11886 20707 69 20  8  2  0  0
 9  2      0 10893436 303388 7266088    0    0     0   524 13347 24925 65 21 12  3  0  0
 9  2      0 10891164 303388 7266120    0    0     0  1848 13953 27530 70 21  7  2  0  0
 7  1      0 10890740 303400 7266136    0    0     0  1460 12004 21097 68 21  9  2  0  0
 7  1      0 10924504 303416 7270244    0    0     0  1176 12956 22191 70 21  8  1  0  0
10  3      0 10909880 303416 7270296    0    0     0   520 12946 24919 64 20 13  3  0  0
13  1      0 10878940 303416 7270328    0    0     0  1632 12869 24529 68 20  9  4  0  0
 7  1      0 10896024 303428 7266240    0    0     0  1264 13422 24223 69 22  7  2  0  0
 7  1      0 10898228 303452 7270352    0    0     0  1188 12582 21702 69 21  7  2  0  0
 9  1      0 10875256 303452 7270480    0    0     0  1092 14306 26350 71 22  6  1  0  0
 7 14      0 10877500 303456 7266348    0    0     0  2740 14366 26777 70 22  5  3  0  0
procs ----------mémoire---------- -échange- -----io---- -système- ------cpu--------
 r  b   swpd  libre tampon  cache   si   so    bi    bo   in   cs us sy id wa st gu
 8  3      0 10868296 303464 7266428    0    0     0  1148 11866 22034 69 21  7  4  0  0
11  2      0 10879512 303472 7270364    0    0     0  1668 12685 19877 72 21  2  5  0  0
 8  3      0 10887528 303484 7270372    0    0     0  1204 9844 15909 55 16  8 21  0  0
 8  1      0 10892360 303492 7270060    0    0     0   992 11389 20146 68 21  8  3  0  0
 8  2      0 10890524 303492 7270912    0    0     0   416 13585 25200 70 21  8  1  0  0
11  2      0 10888292 303496 7266820    0    0     0  1976 15145 28624 71 22  6  2  0  0
 8  1      0 10895152 303500 7266828    0    0     0  1460 11509 20006 69 21  7  4  0  0
 7  1      0 10906800 303520 7266796    0    0     0  1244 12281 21357 68 20  8  4  0  0
10  1      0 10901492 303528 7271096    0    0     0   340 13858 22592 75 22  2  0  0  0
 9  3      0 10882028 303528 7271164    0    0     0  2184 15157 26096 74 23  3  1  0  0
15  0      0 10880068 303532 7271100    0    0     0   724 13114 21092 74 22  3  1  0  0
21  1      0 10868240 303552 7271032    0    0     0  1132 13567 22893 72 23  4  1  0  0
 1  8      0 10869400 303568 7267052    0    0     0  1596 12899 22634 67 21  6  7  0  0
10  1      0 10897264 303572 7267060    0    0     0   420 9352 17526 47 13 14 26  0  0
 9  1      0 10894248 303584 7267108    0    0     0  1704 12551 19228 74 22  3  1  0  0
 9  2      0 10884244 303584 7267116    0    0     0  1272 12891 21699 64 19  9  8  0  0
 9  2      0 10870160 303604 7271328    0    0     0   544 15000 26063 73 24  3  1  0  0
12  2      0 10865276 303612 7271300    0    0     0  1504 13198 22692 75 20  4  1  0  0
 9  2      0 10871940 303624 7267212    0    0     0  1168 12387 22668 64 20  8  9  0  0
 9  1      0 10869160 303628 7267228    0    0     0  1320 13124 20996 74 22  3  1  0  0
 9  2      0 10851388 303636 7271316    0    0     0   944 13443 21744 73 22  4  1  0  0
procs ----------mémoire---------- -échange- -----io---- -système- ------cpu--------
 r  b   swpd  libre tampon  cache   si   so    bi    bo   in   cs us sy id wa st gu
 7  2      0 10849820 303640 7271356    0    0     0  1520 12568 22281 64 20  8  8  0  0
13  1      0 10861216 303656 7267312    0    0     0   780 14133 25582 75 21  4  0  0  0
 9  2      0 10883100 303668 7267320    0    0     0  1536 13843 23121 74 23  3  1  0  0
 9  1      0 10879052 303684 7267364    0    0     0  1304 13200 20724 75 22  2  1  0  0
 7  2      0 10892712 303692 7271588    0    0     0   320 15047 26466 74 23  3  1  0  0
 8  2      0 10892160 303692 7271540    0    0     0  1348 13656 24003 75 21  3  1  0  0
12  1      0 10870020 303700 7267384    0    0     0  1336 14368 25200 73 23  3  1  0  0
20  0      0 10859524 303708 7267400    0    0     0  1092 13129 21068 74 22  3  1  0  0
11  1      0 10848228 303712 7271292    0    0     0   804 14138 23500 74 23  3  0  0  0
 9  2      0 10843896 303712 7271588    0    0     0   580 14056 25548 72 23  4  2  0  0
15  3      0 10845084 303716 7271600    0    0     0  1524 14577 23414 77 22  1  0  0  0
10  4      0 10855452 303716 7271652    0    0     0  1152 12845 20811 74 23  2  1  0  0
 8 12      0 10857044 303720 7271608    0    0     0  1088 12840 21238 74 22  2  2  0  0
10  1      0 10873800 303720 7267560    0    0     0   388 12195 19337 74 22  3  1  0  0
12  1      0 10874632 303732 7267512    0    0     0   932 12497 19523 74 22  3  1  0  0
 7  2      0 10896988 303736 7271540    0    0     0   564 13341 22430 71 22  5  2  0  0
 7 12      0 10865544 303736 7267528    0    0     0  1452 12767 23156 58 17  3 21  0  0
 7  2      0 10866596 303736 7267552    0    0     0   536 11662 21722 69 20  8  3  0  0
11  1      0 10877980 303748 7267572    0    0     0  1628 13651 23572 71 22  6  1  0  0
11  1      0 10889220 303752 7267544    0    0     0   532 13299 21575 73 23  4  1  0  0
 7  2      0 10898592 303752 7271676    0    0     0  1128 13165 20258 75 23  2  1  0  0
procs ----------mémoire---------- -échange- -----io---- -système- ------cpu--------
 r  b   swpd  libre tampon  cache   si   so    bi    bo   in   cs us sy id wa st gu
13  2      0 10877944 303752 7271700    0    0     0  1672 13049 24126 70 20  8  2  0  0
 9  1      0 10874868 303760 7271548    0    0     0   464 13291 24037 69 22  7  1  0  0
21  2      0 10874680 303772 7271732    0    0     0  2016 14342 25114 73 22  5  1  0  0
11  2      0 10874184 303784 7267588    0    0     0   440 12290 21257 69 22  5  3  0  0
14  1      0 10880852 303784 7267564    0    0     0  1620 12225 19129 71 23  4  2  0  0
19  1      0 10884724 303804 7271680    0    0     0   828 13208 24367 69 22  7  2  0  0
 9  2      0 10879356 303808 7267512    0    0     0   572 14206 27410 66 21  8  4  0  0
 8 10      0 10872764 303808 7267520    0    0     0  1880 11632 20047 69 21  7  4  0  0
 8  4      0 10861260 303812 7271620    0    0     0  1148 11732 18536 72 23  4  2  0  0
11  2      0 10868212 303824 7271728    0    0     0  1404 12516 19380 73 23  4  1  0  0
11  0      0 10896788 303840 7271760    0    0     0   528 12570 22978 69 21  8  2  0  0
 8  4      0 10903864 303852 7271736    0    0     0   644 13524 25517 69 22  7  2  0  0
 7  2      0 10879712 303860 7267648    0    0     0  2344 14275 25317 69 22  6  3  0  0
 9  1      0 10840864 303864 7267664    0    0     0   716 11989 21569 67 20  8  5  0  0
 7  2      0 10849292 303880 7271380    0    0     0  1168 12470 21644 62 20 11  7  0  0
10  3      0 10853388 303880 7271728    0    0     0  1560 11822 22303 63 19 13  5  0  0
 7  1      0 10880068 303908 7271732    0    0     0   732 10036 19775 47 14 18 21  0  0
 8  1      0 10880768 303916 7267684    0    0     0  1432 11315 19142 69 21  8  2  0  0
 6  3      0 10854732 303916 7267616    0    0     0  1664 13569 26151 59 19 13  9  0  0
 9  3      0 10853140 303916 7267628    0    0     0     0 10477 20395 61 18 12  8  0  0
 6  2      0 10865360 303920 7267572    0    0     0   996 11022 20319 60 18 14  7  0  0
procs ----------mémoire---------- -échange- -----io---- -système- ------cpu--------
 r  b   swpd  libre tampon  cache   si   so    bi    bo   in   cs us sy id wa st gu
 8  3      0 10855644 303924 7271704    0    0     0   580 10759 20287 62 18 14  6  0  0
16  0      0 10861468 303932 7271864    0    0     0   620 12774 24524 63 20 14  3  0  0
10  2      0 10864100 303940 7267808    0    0     0  1936 11671 20257 70 21  6  2  0  0
10  1      0 10853236 303944 7267760    0    0     0  1248 13011 23788 70 21  7  1  0  0
 7  1      0 10854132 303944 7271968    0    0     0   580 14042 26714 67 22 10  1  0  0
 8  2      0 10851104 303956 7271896    0    0     0  1568 13194 24425 66 19 10  5  0  0
10  3      0 10848248 303960 7271908    0    0     0  1468 11499 19720 69 21  7  2  0  0
10  0      0 10857616 303960 7271928    0    0     0   900 11411 20345 69 21  8  2  0  0
 9  1      0 10860908 303976 7271700    0    0     0   800 12918 22678 69 22  7  1  0  0
 8  2      0 10882496 303976 7267908    0    0     0  1176 13396 25044 63 20 13  5  0  0
 8  3      0 10882164 303976 7267916    0    0     0  1176 11167 19418 69 20  8  2  0  0
 8  1      0 10869760 303992 7267920    0    0     0  1040 12702 23090 64 19  8  9  0  0
 8  2      0 10878340 303996 7267872    0    0     0  1252 12238 21831 67 21 10  3  0  0
10  3      0 10879764 304016 7271688    0    0     0  1024 10510 18884 55 16 17 12  0  0
 7  2      0 10875392 304020 7272080    0    0     0  1204 11639 22062 63 19 14  4  0  0
 7  1      0 10855596 304040 7268004    0    0     0   520 11495 21990 61 19 16  3  0  0
10  1      0 10863472 304048 7268040    0    0     0  1972 12496 22412 70 21  8  2  0  0
 6  3      0 10853696 304048 7267988    0    0     0   276 12517 24070 67 20  9  4  0  0
 9  2      0 10873780 304048 7267960    0    0     0  1028 12072 22590 61 19 16  5  0  0
 9  1      0 10878284 304052 7268076    0    0     0  1976 11166 19487 65 18 14  3  0  0
 6  1      0 10882036 304060 7272128    0    0     0   584 13395 27190 66 20 12  3  0  0
procs ----------mémoire---------- -échange- -----io---- -système- ------cpu--------
 r  b   swpd  libre tampon  cache   si   so    bi    bo   in   cs us sy id wa st gu
 6 13      0 10869076 304076 7272196    0    0     0  2032 13057 24105 67 21 10  2  0  0
 7  2      0 10872480 304084 7268108    0    0     0   676 12207 23692 62 19 14  5  0  0
 7  2      0 10865548 304088 7268116    0    0     0  1344 11862 22307 63 19 14  4  0  0
 6  1      0 10873512 304096 7268128    0    0     0   488 11460 21667 66 18 14  2  0  0
12  1      0 10868844 304100 7272284    0    0     0   368 12386 23480 63 20 16  2  0  0
 7  1      0 10875984 304108 7268596    0    0     0   380 11938 22597 66 19 13  2  0  0
 9  1      0 10855656 304120 7268388    0    0     0  1836 13011 23625 70 21  6  3  0  0
 6  2      0 10867716 304120 7268328    0    0     0  1460 13212 25722 71 20  7  3  0  0
 6  2      0 10875140 304136 7272380    0    0     0  1112 9881 18214 53 15 20 12  0  0
10  3      0 10865496 304140 7272412    0    0     0   996 9646 17892 54 15 18 13  0  0
 8  3      0 10878388 304140 7272492    0    0     0   480 12838 25099 60 19 16  5  0  0
 6  2      0 10869800 304152 7272436    0    0     0  1184 11655 22154 56 17 14 13  0  0
 6  2      0 10876148 304152 7272436    0    0     0  1396 11687 22145 57 17 16 10  0  0
 6  1      0 10873988 304160 7272452    0    0     0  1048 11001 20888 61 19 16  4  0  0
 5  3      0 10891396 304164 7272404    0    0     0  1228 11344 21685 59 18 17  6  0  0
 7  2      0 10908884 304164 7268040    0    0     0   316 12932 19640 52 16 21 11  0  0
 5  2      0 10883784 304164 7272180    0    0     0   384 14886 24592 55 17 22  7  0  0
 7  2      0 10880560 304172 7268308    0    0     0  1620 8610 16148 39 11 25 25  0  0
13  1      0 10871400 304192 7268380    0    0     0   968 13198 27109 58 18 20  5  0  0
 6  1      0 10853692 304192 7272580    0    0     0  1572 11939 17695 73 20  5  2  0  0
 5  2      0 10847860 304192 7272568    0    0     0  1368 12821 24976 57 19 19  5  0  0
procs ----------mémoire---------- -échange- -----io---- -système- ------cpu--------
 r  b   swpd  libre tampon  cache   si   so    bi    bo   in   cs us sy id wa st gu
 7  2      0 10861768 304192 7272524    0    0     0  1768 12156 19861 63 19 11  7  0  0
12  2      0 10866212 304204 7272664    0    0     0   860 13655 14924 67 20  5  7  0  0
11  1      0 10902948 304228 7272644    0    0     0   844 12609 24183 55 16 22  7  0  0
 6 11      0 10892164 304240 7272716    0    0     0  2084 12698 20735 72 21  5  3  0  0
 8  2      0 10867400 304244 7272672    0    0     0  1624 12056 22268 63 19 13  5  0  0
 6  3      0 10867756 304248 7268484    0    0     0   312 10931 20862 53 16 19 11  0  0
 6  2      0 10870900 304260 7272588    0    0     0   452 10580 19399 53 17 24  5  0  0
15  2      0 10874412 304260 7272592    0    0     0  1576 11326 20773 53 17 21  9  0  0
 5  3      0 10877148 304264 7268588    0    0     0   332 10102 18128 53 16 20 10  0  0
 6  1      0 10870872 304276 7268616    0    0     0   592 11690 23570 58 17 17  8  0  0
10  7      0 10861224 304280 7272844    0    0     0  1172 12657 21406 64 20 13  3  0  0
 6  3      0 10853176 304284 7272844    0    0     0  2080 11846 16493 73 19  7  1  0  0
 5  2      0 10878532 304288 7272744    0    0     0  1032 10155 18598 52 15 26  7  0  0
 6  1      0 10878352 304296 7272768    0    0     0  1136 10990 19622 53 16 24  7  0  0
 6  2      0 10884268 304296 7272800    0    0     0   564 13603 26795 56 18 22  4  0  0
 9  3      0 10894888 304312 7268676    0    0     0  1760 10893 19571 54 16 17 12  0  0
 5  3      0 10881440 304312 7268684    0    0     0  1276 11415 21451 54 16 22  8  0  0
 7  1      0 10877232 304328 7268696    0    0     0  1040 10739 19629 52 16 22 11  0  0
 8  1      0 10891204 304340 7272912    0    0     0   540 12169 23252 55 17 23  4  0  0
 6  2      0 10878424 304348 7272968    0    0     0  1944 11836 22052 62 18 16  4  0  0
 7  2      0 10867820 304352 7268880    0    0     0   964 12418 22476 64 20 14  2  0  0
procs ----------mémoire---------- -échange- -----io---- -système- ------cpu--------
 r  b   swpd  libre tampon  cache   si   so    bi    bo   in   cs us sy id wa st gu
10  1      0 10861240 304360 7273036    0    0     0   548 12577 22496 63 20 14  3  0  0
 8 12      0 10853728 304372 7273164    0    0     0  1952 13308 24230 66 21 10  4  0  0
 6  2      0 10863316 304372 7269012    0    0     0   452 11011 19776 57 17 16 10  0  0
 6  2      0 10892120 304384 7269084    0    0     0  1800 11270 19415 63 20 13  4  0  0
 7  1      0 10845276 304388 7273232    0    0     0   380 13414 24921 64 20 13  4  0  0
 7  9      0 10844328 304412 7269192    0    0     0  1972 12887 23418 67 21 10  2  0  0
10  1      0 10870608 304420 7269220    0    0     0   356 11476 19700 70 20  7  3  0  0
 9  1      0 10876764 304424 7273276    0    0     0  1156 11950 20590 66 20 11  3  0  0
 9  2      0 10854472 304428 7273300    0    0     0  1616 13063 23879 64 19 12  4  0  0
 9  1      0 10830564 304436 7273384    0    0     0   676 13238 21689 69 23  5  3  0  0
13  2      0 10831144 304448 7273232    0    0     0  1996 13928 22906 75 23  2  0  0  0
 8  1      0 10837740 304448 7273272    0    0     0   328 11853 17629 72 23  4  1  0  0
 9  2      0 10841080 304448 7273312    0    0     0  1172 11101 18605 70 21  7  3  0  0
17  1      0 10846628 304468 7273328    0    0     0   552 11555 19218 69 21  9  1  0  0
 8  0      0 10838616 304468 7273620    0    0     0   184 13957 24686 69 22  7  1  0  0
 8 11      0 10862912 304476 7269608    0    0     0  2188 13733 22528 73 23  3  1  0  0
19  1      0 10849284 304480 7269572    0    0     0   604 12544 22042 65 20  8  7  0  0
26  1      0 10822260 304488 7273652    0    0     0  1780 12127 18990 72 21  6  1  0  0
15  0      0 10804624 304492 7273764    0    0     0   468 13863 21991 74 23  4  0  0  0
13 11      0 10848068 304500 7269728    0    0     0  2212 13119 21160 74 23  3  1  0  0
21  0      0 10844804 304500 7273804    0    0     0  1068 12594 17928 77 22  1  0  0  0
procs ----------mémoire---------- -échange- -----io---- -système- ------cpu--------
 r  b   swpd  libre tampon  cache   si   so    bi    bo   in   cs us sy id wa st gu
15  1      0 10831248 304512 7273920    0    0     0   992 14156 23127 77 23  0  0  0  0
16  0      0 10838260 304524 7274064    0    0     0   436 14906 25379 76 22  2  0  0  0
 8  2      0 10834800 304528 7274108    0    0     0  2084 13550 21558 75 23  1  1  0  0
11 10      0 10865856 304532 7269828    0    0     0  1988 13775 21013 74 23  3  1  0  0
 9  2      0 10871876 304536 7273920    0    0     0   944 12461 17128 76 23  1  0  0  0
10  1      0 10842804 304544 7273996    0    0     0   428 15654 27001 77 22  1  0  0  0
14  4      0 10833036 304564 7274108    0    0     0  1604 14335 23525 74 24  2  0  0  0
 9  1      0 10845228 304568 7270056    0    0     0  1532 12818 19840 72 23  2  4  0  0
10  2      0 10827796 304572 7274280    0    0     0  1440 12430 17566 75 24  1  0  0  0
12  2      0 10809636 304576 7278100    0    0     0   696 14651 24441 76 23  1  1  0  0
 8  3      0 10823824 304580 7278356    0    0     0  1816 14172 22739 73 25  2  0  0  0
10  1      0 10835628 304584 7270140    0    0     0   844 11891 19339 66 20  7  7  0  0
13  1      0 10842404 304596 7270120    0    0     0  1480 13512 21222 75 23  1  0  0  0
19  1      0 10846068 304612 7274220    0    0     0  1168 13432 19769 75 23  1  0  0  0
 9  1      0 10814180 304612 7274300    0    0     0   280 15947 28835 74 24  2  0  0  0
15  3      0 10822692 304612 7274300    0    0     0  1908 12946 19528 76 23  1  1  0  0
10  2      0 10807992 304616 7270188    0    0     0  1600 13260 21061 68 21  3  9  0  0
15  1      0 10806796 304620 7269628    0    0     0  1044 13084 21075 77 22  1  0  0  0
27  0      0 10831716 304636 7273404    0    0     0   532 13812 21289 76 23  1  0  0  0
18 14      0 10825784 304648 7273900    0    0     0   788 13151 20405 75 25  0  0  0  0
11  2      0 10824624 304648 7273880    0    0     0  1816 15206 25881 76 23  1  1  0  0
procs ----------mémoire---------- -échange- -----io---- -système- ------cpu--------
 r  b   swpd  libre tampon  cache   si   so    bi    bo   in   cs us sy id wa st gu
 9  3      0 10850748 304648 7273820    0    0     0   180 13752 22604 74 23  2  1  0  0
 9  2      0 10839628 304652 7269736    0    0     0  1892 13057 19950 76 22  1  0  0  0
11  2      0 10831952 304656 7269756    0    0     0    48 12633 19441 76 22  1  1  0  0
12  1      0 10825044 304672 7273872    0    0     0   600 12791 19789 76 23  1  0  0  0
21  1      0 10843988 304680 7273988    0    0     0  1644 15086 26023 75 24  1  0  0  0
12  2      0 10832112 304684 7269856    0    0     0  1040 14246 24246 76 22  1  1  0  0
19  2      0 10831228 304700 7269832    0    0     0  2028 13737 22516 73 24  2  2  0  0
10  1      0 10855048 304724 7274024    0    0     0   636 13463 22331 76 22  2  0  0  0
11  1      0 10855524 304724 7274184    0    0     0   480 14922 25513 75 23  2  0  0  0
16  2      0 10848096 304724 7274196    0    0     0  1680 12987 20208 76 23  1  0  0  0
14  1      0 10825228 304732 7274208    0    0     0  1384 14812 25434 76 24  1  0  0  0
11  2      0 10809260 304736 7273928    0    0     0   812 14089 22894 75 23  1  1  0  0
 9  2      0 10820376 304744 7274244    0    0     0  1544 13886 22555 75 24  1  0  0  0
15  2      0 10827768 304748 7270176    0    0     0  1836 13647 22133 74 23  1  2  0  0
11  1      0 10827532 304756 7270216    0    0     0   948 13463 21222 76 23  1  0  0  0
14  0      0 10853192 304760 7274336    0    0     0   716 14872 25202 75 24  1  0  0  0
13  2      0 10846904 304760 7270276    0    0     0  1856 12794 20062 70 21  4  5  0  0
10  1      0 10844480 304772 7270288    0    0     0   748 14989 25805 75 23  1  0  0  0
10  4      0 10850444 304780 7270308    0    0     0  1296 13700 21904 76 24  1  0  0  0
11  2      0 10853724 304780 7270300    0    0     0   300 10802 16911 60 18  4 17  0  0
14  2      0 10880056 304780 7270300    0    0     0  2196 13569 21078 75 23  1  0  0  0
procs ----------mémoire---------- -échange- -----io---- -système- ------cpu--------
 r  b   swpd  libre tampon  cache   si   so    bi    bo   in   cs us sy id wa st gu
 9  1      0 10873120 304796 7274340    0    0     0   880 13038 20437 76 23  1  0  0  0
13  1      0 10864564 304800 7274488    0    0     0   468 14604 24747 74 24  2  0  0  0
22 14      0 10861640 304804 7274476    0    0     0  2112 13176 20842 70 21  3  7  0  0
12  2      0 10858180 304808 7274456    0    0     0  1264 14462 23770 75 23  1  1  0  0
15  1      0 10856968 304816 7274180    0    0     0  1216 12832 18816 76 23  1  0  0  0
12  1      0 10852404 304832 7274320    0    0     0  1080 12694 19467 76 23  1  0  0  0
14  1      0 10856064 304840 7274688    0    0     0   536 15046 25111 75 24  1  0  0  0
19  1      0 10832780 304852 7270616    0    0     0  2328 14334 22962 76 23  1  0  0  0
11  2      0 10847584 304852 7270588    0    0     0  1520 13303 21084 74 24  1  1  0  0
12  3      0 10851292 304864 7278480    0    0     0  3936 12805 19706 70 21  4  4  0  0
10  3      0 10833780 304872 7283180    0    0     0  6748 12295 18383 76 23  1  0  0  0
15  0      0 10818012 304888 7287004    0    0     0  6896 13696 22032 73 22  2  3  0  0
25  1      0 10804288 304912 7292324    0    0     0  7488 14595 24392 71 23  3  4  0  0
13  3      0 10864792 304916 7270732    0    0     0  1720 12878 19269 74 22  1  3  0  0
14  2      0 10862296 304916 7270748    0    0     0  1668 12338 18079 76 23  1  0  0  0
12 16      0 10849956 304924 7274896    0    0     0   676 13332 20460 75 23  1  1  0  0
 9  3      0 10875556 304924 7274848    0    0     0   936 12243 17625 75 24  1  0  0  0
 9  2      0 10886276 304932 7274952    0    0     0   976 12350 18383 74 22  2  1  0  0
10  2      0 10887408 304940 7274920    0    0     0   812 13749 21933 75 22  2  0  0  0
11  1      0 10880748 304956 7274332    0    0     0   912 12890 20353 75 22  3  1  0  0
13  1      0 10885628 304960 7274948    0    0     0   556 14882 26094 74 24  2  0  0  0
procs ----------mémoire---------- -échange- -----io---- -système- ------cpu--------
 r  b   swpd  libre tampon  cache   si   so    bi    bo   in   cs us sy id wa st gu
11  2      0 10871764 304960 7274980    0    0     0  1896 13049 19713 74 24  1  0  0  0
 8  2      0 10902052 304960 7270836    0    0     0  1860 13074 19760 75 22  2  1  0  0
10  2      0 10905740 304980 7270824    0    0     0   408 13267 21839 74 22  3  1  0  0
11  0      0 10870140 304992 7274924    0    0     0   424 14653 24903 77 21  2  0  0  0
 9  2      0 10872804 304992 7270908    0    0     0   512 13759 23427 71 23  5  1  0  0
10  2      0 10894056 304996 7270884    0    0     0  2256 13679 21203 74 23  2  1  0  0
14  1      0 10878848 304996 7270908    0    0     0   820 12369 18535 74 23  3  1  0  0
10  1      0 10857808 305024 7274976    0    0     0  1192 13185 20129 75 23  2  0  0  0
 9  1      0 10876200 305024 7275052    0    0     0   288 15452 26784 75 22  2  0  0  0
12  2      0 10896984 305040 7275048    0    0     0  1348 13633 22405 74 23  3  1  0  0
10  2      0 10879944 305040 7275072    0    0     0  1640 13869 22987 70 22  3  5  0  0
 8  2      0 10863820 305048 7275096    0    0     0  1144 12536 18872 74 23  2  1  0  0
10  2      0 10859152 305056 7275100    0    0     0   876 13525 21373 74 23  3  1  0  0
 8  3      0 10873616 305064 7273076    0    0     0  1896 13301 22063 71 22  5  2  0  0
10  1      0 10863228 305064 7269076    0    0     0   576 13425 23604 67 21  7  4  0  0
10  1      0 10866464 305064 7269092    0    0     0   512 13517 23775 74 22  4  1  0  0
 9 10      0 10874572 305068 7269108    0    0     0  1356 12226 17608 74 24  2  0  0  0
18  2      0 10903612 305072 7269048    0    0     0   480 12398 20434 72 21  5  2  0  0
 9  3      0 10913956 305076 7269080    0    0     0  1220 11890 19796 70 21  6  3  0  0
 9  2      0 10889468 305076 7269100    0    0     0  1468 12912 22409 72 21  6  1  0  0
 7  2      0 10882908 305076 7269116    0    0     0   276 11179 19829 65 21 10  4  0  0
procs ----------mémoire---------- -échange- -----io---- -système- ------cpu--------
 r  b   swpd  libre tampon  cache   si   so    bi    bo   in   cs us sy id wa st gu
 6  2      0 10890156 305092 7273152    0    0     0   540 11141 20029 61 18 13  8  0  0
 6  3      0 10879144 305096 7269020    0    0     0  1140 10474 18719 61 18 14  6  0  0
 8  3      0 10868736 305100 7269124    0    0     0  1424 11645 20813 63 20 13  5  0  0
11  2      0 10875564 305108 7269032    0    0     0   888 12182 22875 56 18 18  9  0  0
 9  2      0 10872584 305112 7272856    0    0     0  1848 12385 20752 70 21  7  3  0  0
10  2      0 10882432 305120 7273008    0    0     0   572 10952 15302 58 18 10 13  0  0
 8  9      0 10895768 305128 7273048    0    0     0  1888 12409 18483 74 22  3  1  0  0
 7  2      0 10883236 305132 7273120    0    0     0   308 11022 18192 63 19 11  7  0  0
 7  1      0 10878388 305132 7273212    0    0     0  1464 11608 18021 69 20  9  2  0  0
 6  1      0 10876204 305140 7272952    0    0     0   380 10399 18542 62 18 19  1  0  0
 6  2      0 10864400 305140 7273388    0    0     0   940 13759 26880 57 19 19  5  0  0
 5 11      0 10853268 305144 7269304    0    0     0  1216 10145 18532 50 14 23 13  0  0
10  1      0 10876648 305168 7269380    0    0     0  1372 11576 22348 56 16 19  9  0  0
 5  1      0 10878656 305172 7269344    0    0     0  1256 11160 20060 61 18 15  6  0  0
 2  8      0 10921420 305188 7269272    0    0     0  2292 12356 22843 54 18 19  9  0  0
 5  1      0 10922784 305192 7269316    0    0     0   280 9084 13775 34  9 29 28  0  0
10  0      0 10908056 305208 7273424    0    0     0   432 11326 21755 53 16 20 10  0  0
 5  1      0 10906852 305212 7269364    0    0     0   376 11686 21429 47 15 32  6  0  0
10  2      0 10916324 305228 7269384    0    0     0  1300 10390 18285 51 16 24 10  0  0
 1  6      0 10908176 305228 7269392    0    0     0  1456 12158 24184 49 14 15 22  0  0
 6  7      0 10915296 305240 7269412    0    0     0   932 12265 22597 47 14 23 16  0  0
procs ----------mémoire---------- -échange- -----io---- -système- ------cpu--------
 r  b   swpd  libre tampon  cache   si   so    bi    bo   in   cs us sy id wa st gu
 4  2      0 10912048 305240 7269348    0    0     0   428 12722 21084 45 14 34  6  0  0
 4  1      0 10900344 305248 7269344    0    0     0  1716 11474 21575 44 14 29 14  0  0
 9  1      0 10894224 305252 7273140    0    0     0   300 10806 17432 54 17 23  5  0  0
 4  1      0 10884624 305256 7273352    0    0     0   360 11649 21227 48 16 29  7  0  0
 5  1      0 10917004 305264 7273624    0    0     0  1600 11845 23777 48 15 29  8  0  0
 4  1      0 10899548 305268 7269536    0    0     0  1080 10528 19852 50 16 24 10  0  0
 4  2      0 10885504 305268 7269492    0    0     0   876 11545 22035 44 14 32 10  0  0
 4  5      0 10875752 305268 7273516    0    0     0  1196 10424 19342 43 13 30 14  0  0
 4  4      0 10879860 305288 7273428    0    0     0  1528 10393 17611 47 14 25 13  0  0
 4  1      0 10873268 305292 7273556    0    0     0   488 11488 22311 44 14 34  8  0  0
 5  2      0 10891796 305300 7269480    0    0     0  2188 11530 23058 51 15 26  8  0  0
 5  2      0 10885468 305300 7269472    0    0     0  1196 11357 21600 55 16 21  9  0  0
40  0      0 10868788 305312 7273604    0    0     0   472 11746 23260 54 16 25  5  0  0
 5  2      0 10867400 305320 7273620    0    0     0  1336 12066 23221 47 15 32  6  0  0
 5  3      0 10879008 305328 7273672    0    0     0  1364 11027 22899 53 15 18 14  0  0
 5  1      0 10871584 305336 7273684    0    0     0   492 10563 20737 48 14 26 12  0  0
 5  3      0 10865964 305344 7273708    0    0     0  1136 10261 19617 53 16 22  9  0  0
 4  2      0 10888952 305376 7273432    0    0     0  1204 11624 21907 52 16 25  6  0  0
 1 11      0 10885112 305376 7273756    0    0     0  1620 11993 21689 44 15 30 11  0  0
 4  1      0 10873448 305376 7269724    0    0     0   856 11323 21611 42 12 24 21  0  0
 5  2      0 10882144 305396 7269732    0    0     0  1508 11595 22457 53 16 22  9  0  0
procs ----------mémoire---------- -échange- -----io---- -système- ------cpu--------
 r  b   swpd  libre tampon  cache   si   so    bi    bo   in   cs us sy id wa st gu
 5  1      0 10890464 305408 7269768    0    0     0  1396 10777 19573 53 16 27  4  0  0
11  1      0 10877772 305416 7273948    0    0     0   536 11907 22609 55 18 22  5  0  0
 9  5      0 10863576 305424 7269988    0    0     0  1860 13189 25792 63 20 12  4  0  0
13  0      0 10868016 305444 7269944    0    0     0  1256 11077 19794 60 18 15  7  0  0
 5  1      0 10855136 305460 7274060    0    0     0   924 11283 20056 60 18 18  3  0  0
 6  2      0 10853020 305460 7274056    0    0     0  1024 14058 24132 61 17 15  7  0  0
 9  2      0 10866828 305460 7274140    0    0     0  1608 10808 16625 59 17 12 11  0  0
 7  2      0 10902852 305480 7274144    0    0     0  2104 12355 23508 59 18 17  7  0  0
 6  1      0 10890964 305480 7274188    0    0     0   780 10709 18963 62 18 15  5  0  0
 7  1      0 10868988 305488 7273952    0    0     0   496 14190 25865 68 19 10  3  0  0
 8  1      0 10866988 305504 7274288    0    0     0  1300 13101 23475 67 21 10  2  0  0
 7  2      0 10866968 305504 7270252    0    0     0   976 11511 19850 68 21  8  3  0  0
 7  2      0 10894052 305504 7270264    0    0     0   400 12018 20354 67 21  9  3  0  0
11  3      0 10898284 305508 7270232    0    0     0  1668 9713 14771 58 18  8 16  0  0
 6  2      0 10879184 305520 7274272    0    0     0  1412 13584 26509 69 19  9  3  0  0
10  2      0 10864768 305524 7274284    0    0     0   868 10888 19569 58 17 13 12  0  0
 7  1      0 10865880 305528 7270280    0    0     0   492 13577 25556 66 21 11  3  0  0
 8  2      0 10863272 305528 7270192    0    0     0  1912 11937 19570 69 21  7  4  0  0
11  2      0 10871944 305536 7270204    0    0     0   660 13072 24249 59 18 11 11  0  0
 6  1      0 10864516 305548 7274288    0    0     0  2140 11317 19895 63 19 15  3  0  0
 8  1      0 10865060 305548 7274404    0    0     0   400 12588 23131 64 20 14  2  0  0
procs ----------mémoire---------- -échange- -----io---- -système- ------cpu--------
 r  b   swpd  libre tampon  cache   si   so    bi    bo   in   cs us sy id wa st gu
 8  7      0 10866016 305552 7274444    0    0     0  2144 12006 20584 70 21  8  1  0  0
11  0      0 10867184 305552 7274460    0    0     0   320 12816 22232 70 21  6  2  0  0
18  1      0 10866376 305556 7274192    0    0     0  1196 12134 19932 70 22  6  2  0  0
18  0      0 10853676 305560 7274316    0    0     0   456 13096 22181 70 22  6  2  0  0
18  3      0 10854028 305564 7270540    0    0     0  1944 13579 22159 75 23  2  1  0  0
12  2      0 10857800 305568 7274772    0    0     0  2296 13016 18173 78 22  1  0  0  0
 7  2      0 10828924 305584 7274804    0    0     0   600 12656 19486 74 23  3  0  0  0
 7  3      0 10816324 305584 7274860    0    0     0  2084 15377 27114 72 22  5  2  0  0
10  2      0 10823444 305588 7270720    0    0     0  1096 11838 19973 69 21  7  3  0  0
11  3      0 10860280 305592 7270748    0    0     0  1576 14267 23327 73 23  3  1  0  0
 7  2      0 10871300 305604 7271012    0    0     0  1424 13117 20674 73 23  3  1  0  0
 9  2      0 10885008 305612 7275132    0    0     0  1120 12463 20540 70 22  6  1  0  0
 8  2      0 10863072 305616 7275220    0    0     0  1492 13907 25314 69 22  6  2  0  0
11  2      0 10856592 305620 7271164    0    0     0  1396 14004 23511 72 23  4  1  0  0
14  1      0 10865048 305620 7271176    0    0     0  1244 13056 20027 74 23  3  1  0  0
 9  1      0 10865128 305632 7260924    0    0     0  1324 12883 18597 76 23  1  0  0  0
13  1      0 10854336 305640 7261052    0    0     0   500 16149 29577 75 23  2  0  0  0
12  3      0 10845384 305644 7261168    0    0     0  1704 12928 19373 75 24  1  0  0  0
10  6      0 10839968 305648 7261408    0    0     0  1060 12274 18509 75 22  2  1  0  0
10  2      0 10851484 305652 7257456    0    0     0   684 12308 18936 74 23  3  1  0  0
12  4      0 10850816 305660 7261536    0    0     0  2160 12896 18840 74 24  1  1  0  0
procs ----------mémoire---------- -échange- -----io---- -système- ------cpu--------
 r  b   swpd  libre tampon  cache   si   so    bi    bo   in   cs us sy id wa st gu
 7  2      0 10850436 305672 7263620    0    0     0   608 12322 20321 73 20  5  2  0  0
 8  2      0 10850388 305676 7263632    0    0     0  1016 12156 20276 70 22  6  2  0  0
 7  3      0 10858832 305676 7263552    0    0     0  1396 12232 21165 69 22  6  3  0  0
 7  4      0 10839960 305684 7259556    0    0     0   424 11343 19364 69 20  7  3  0  0
12  1      0 10863896 305696 7259576    0    0     0   420 12993 22460 70 21  5  3  0  0
13  1      0 10850284 305712 7259608    0    0     0  2416 12454 17833 75 22  2  0  0  0
10  1      0 10838580 305728 7259604    0    0     0  1364 13664 22025 75 22  2  1  0  0
10  1      0 10837112 305752 7263600    0    0     0   688 14013 24381 71 22  6  2  0  0
 8  5      0 10842104 305752 7263784    0    0     0  2320 11674 19673 67 21  7  5  0  0
11  1      0 10839596 305764 7259720    0    0     0   652 12112 20397 70 21  6  3  0  0
11  2      0 10828496 305768 7259740    0    0     0  2064 14168 23828 74 23  2  1  0  0
11  3      0 10854732 305784 7259796    0    0     0  1684 12930 20282 73 23  3  1  0  0
 8  2      0 10873388 305800 7259772    0    0     0   388 10763 17334 65 19  9  7  0  0
10  2      0 10874804 305824 7263816    0    0     0  1104 12809 22113 70 22  6  2  0  0
 7  3      0 10849068 305828 7259708    0    0     0  1276 11924 20406 70 21  8  2  0  0
 6  3      0 10848772 305836 7259684    0    0     0   352 12714 22912 66 21  9  4  0  0
 6  1      0 10843576 305836 7259748    0    0     0   424 11166 20668 62 19 16  3  0  0
 4  7      0 10852888 305840 7259748    0    0     0  1188 11099 18628 66 20 10  4  0  0
 6 12      0 10856168 305844 7259720    0    0     0  1428 11729 21576 64 19  6 10  0  0
10  2      0 10838284 305844 7259740    0    0     0   572 11412 19475 63 19 10  9  0  0
 6 11      0 10860540 305844 7259672    0    0     0  1208 10654 18374 63 19 13  6  0  0
procs ----------mémoire---------- -échange- -----io---- -système- ------cpu--------
 r  b   swpd  libre tampon  cache   si   so    bi    bo   in   cs us sy id wa st gu
 7  2      0 10856852 305844 7259680    0    0     0   540 10433 19038 60 19 12  9  0  0
10  2      0 10880668 305844 7259696    0    0     0   976 10920 19018 62 18 15  4  0  0
 5  3      0 10875884 305844 7259668    0    0     0   832 10668 19545 56 17 19  7  0  0
 7  1      0 10882268 305848 7263332    0    0     0  1120 11226 20314 53 15 21 11  0  0
 6  4      0 10877844 305856 7263748    0    0     0  1516 11476 21698 49 15 18 18  0  0
 4  1      0 10889292 305868 7259692    0    0     0   396 10736 19423 42 14 30 13  0  0
 6  6      0 10888540 305876 7263828    0    0     0  1008 12023 20987 57 18 18  7  0  0
11  2      0 10866800 305876 7263940    0    0     0   480 12369 22062 66 19 10  5  0  0
 9 10      0 10861192 305876 7263972    0    0     0  1764 11533 18077 66 19 11  4  0  0
 7  6      0 10842076 305876 7263996    0    0     0   904 10326 19136 53 16 22  9  0  0
 5  2      0 10885808 305888 7259780    0    0     0   988 10955 19092 54 17 23  6  0  0
 6  4      0 10887256 305888 7263776    0    0     0  1304 9865 16598 43 13 20 24  0  0
 4  2      0 10854196 305888 7263876    0    0     0  1096 12105 23780 50 14 24 12  0  0
 5  1      0 10859820 305904 7259828    0    0     0   860 11444 22470 45 14 29 12  0  0
 4  2      0 10857420 305908 7259800    0    0     0  1888 11208 19739 52 16 23 10  0  0
 4  1      0 10863048 305908 7259780    0    0     0  1948 11017 19429 44 14 32 10  0  0
 5  1      0 10869428 305920 7259780    0    0     0   344 9985 17141 42 12 39  7  0  0
 7  1      0 10854844 305924 7263912    0    0     0   548 12153 22927 46 15 32  7  0  0
 5  1      0 10875136 305928 7263912    0    0     0   400 11794 21559 54 19 23  5  0  0
10  7      0 10867656 305936 7263720    0    0     0  2284 11755 19269 61 18 14  7  0  0
 4  2      0 10873156 305940 7263696    0    0     0   288 8922 15238 40 13 18 30  0  0
procs ----------mémoire---------- -échange- -----io---- -système- ------cpu--------
 r  b   swpd  libre tampon  cache   si   so    bi    bo   in   cs us sy id wa st gu
 2  7      0 10910104 305948 7259544    0    0     0   552 9276 16587 36 11 33 20  0  0
11  1      0 10904872 305956 7259532    0    0     0  3348 11410 21219 43 14 33 10  0  0
 4  1      0 10883116 305960 7263688    0    0     0   376 11952 22545 46 15 34  6  0  0
 5  2      0 10889612 305984 7263772    0    0     0  2448 11897 23123 51 16 26  7  0  0
 5  1      0 10900652 305984 7259716    0    0     0   960 10460 18652 53 16 25  6  0  0
 7  0      0 10899872 306000 7263828    0    0     0   516 11848 22203 54 17 25  4  0  0
 9 11      0 10878580 306020 7263880    0    0     0  2056 13429 25302 63 18 15  4  0  0
 6  1      0 10878524 306024 7263884    0    0     0   364 10437 18700 57 17 14 11  0  0
 1  8      0 10875476 306028 7263812    0    0     0  1328 11171 20928 54 17 20  9  0  0
 6  2      0 10878624 306040 7263568    0    0     0  1332 11612 21026 53 16 20 11  0  0
 6  1      0 10871884 306048 7263900    0    0     0  1060 11444 21728 50 16 18 15  0  0
 7  2      0 10895988 306052 7259880    0    0     0  2280 12016 23100 59 17 20  4  0  0
17  0      0 10869852 306052 7259920    0    0     0   412 11260 20920 62 19 13  6  0  0
11  1      0 10876144 306052 7259924    0    0     0  1268 10936 20235 62 18 17  3  0  0
 6  2      0 10866144 306056 7264108    0    0     0   416 12479 23353 62 20 15  3  0  0
 6  2      0 10886412 306060 7260020    0    0     0   516 10661 20078 51 15 24 11  0  0
 1  8      0 10894584 306064 7260012    0    0     0  1140 11678 22686 61 18 14  7  0  0
 6  2      0 10887640 306072 7260020    0    0     0  1380 11951 22386 61 18 13  9  0  0
 7  2      0 10880836 306072 7260032    0    0     0  1080 10947 20211 61 19 13  7  0  0
 6  1      0 10907060 306080 7264144    0    0     0  1364 11422 20606 62 19 15  3  0  0
17  0      0 10894344 306084 7264196    0    0     0   456 12685 23655 64 20 14  2  0  0
procs ----------mémoire---------- -échange- -----io---- -système- ------cpu--------
 r  b   swpd  libre tampon  cache   si   so    bi    bo   in   cs us sy id wa st gu
10 13      0 10879960 306088 7264284    0    0     0  1956 12886 23431 60 18 12 10  0  0
 6  2      0 10873852 306088 7264396    0    0     0  1012 10436 19287 53 15 17 16  0  0
 6  3      0 10878004 306092 7264420    0    0     0  1676 11010 18985 63 18 15  5  0  0
11  0      0 10887020 306104 7264488    0    0     0   676 13006 24217 64 21 13  3  0  0
 7  2      0 10874596 306108 7264568    0    0     0  1928 12380 21828 69 21  8  2  0  0
 7  1      0 10892380 306120 7260488    0    0     0  1244 11794 20445 69 21  8  2  0  0
 9  1      0 10889120 306128 7264612    0    0     0   564 13239 23181 70 22  7  1  0  0
 9  2      0 10873168 306136 7264720    0    0     0  2348 14186 24262 72 22  4  2  0  0
 9  2      0 10885312 306136 7260660    0    0     0   548 12787 22805 69 21  8  2  0  0
 8  1      0 10907512 306136 7260648    0    0     0  1760 11521 19744 69 21  7  3  0  0
20  1      0 10890300 306156 7264764    0    0     0   640 13255 22725 71 21  6  1  0  0
15  1      0 10902088 306168 7264988    0    0     0   820 14529 26464 71 23  5  1  0  0
11 13      0 10904164 306168 7260900    0    0     0  2364 12151 19200 72 23  3  2  0  0
13  2      0 10894928 306172 7265028    0    0     0  1232 13207 23233 70 23  6  2  0  0
 8  1      0 10891908 306184 7265076    0    0     0  1032 12032 20395 66 20  9  5  0  0
10  1      0 10891252 306188 7265032    0    0     0   528 14720 27086 70 23  6  1  0  0
18  0      0 10888980 306196 7261048    0    0     0  2060 12446 17952 75 22  2  1  0  0
11  2      0 10852508 306204 7261052    0    0     0  1084 14017 23107 75 22  2  1  0  0
10  1      0 10841432 306216 7265232    0    0     0   420 14564 24787 73 24  2  0  0  0
10  2      0 10839200 306216 7265424    0    0     0  1452 13820 22774 73 23  4  1  0  0
 9  2      0 10850436 306224 7261296    0    0     0  1588 11328 16947 63 19  8 10  0  0
procs ----------mémoire---------- -échange- -----io---- -système- ------cpu--------
 r  b   swpd  libre tampon  cache   si   so    bi    bo   in   cs us sy id wa st gu
 9  1      0 10867572 306236 7261280    0    0     0  1292 12626 19637 74 23  3  1  0  0
11  1      0 10866436 306248 7265092    0    0     0  1464 13041 20638 74 23  2  1  0  0
14  1      0 10857468 306252 7265400    0    0     0   436 14679 25195 74 24  2  0  0  0
13 11      0 10864244 306256 7261360    0    0     0  2236 11921 18225 62 20  6 12  0  0
 8  2      0 10855712 306256 7261376    0    0     0  1204 13711 22450 68 20  4  8  0  0
 8  2      0 10856124 306260 7261356    0    0     0   696 12506 19402 75 22  3  1  0  0
 8  1      0 10874416 306280 7261368    0    0     0   768 12358 19337 73 23  3  1  0  0
14  1      0 10857340 306288 7265252    0    0     0   448 12284 18636 73 23  3  0  0  0
14  1      0 10843896 306292 7265264    0    0     0   376 13334 20079 74 25  1  0  0  0
11 13      0 10854712 306292 7261856    0    0     0  2368 14222 23957 75 22  2  1  0  0
 8  2      0 10831900 306292 7261660    0    0     0  1160 14728 20241 73 20  2  5  0  0
11  2      0 10851576 306324 7265664    0    0     0  1076 15963 21497 74 23  2  1  0  0
17  3      0 10855956 306328 7265720    0    0     0  1416 13263 21252 73 24  2  1  0  0
12  2      0 10864200 306332 7261800    0    0     0  2120 14262 23231 74 23  2  1  0  0
 9  1      0 10878928 306332 7261804    0    0     0   308 13013 19686 78 21  1  0  0  0
26  0      0 10847496 306340 7265904    0    0     0  2060 14206 23390 76 23  1  0  0  0
 9  2      0 10844108 306340 7265960    0    0     0  1172 14381 23727 73 25  2  1  0  0
12  2      0 10838524 306348 7261924    0    0     0  2224 12283 18445 72 21  3  4  0  0
10  1      0 10819104 306368 7266112    0    0     0   688 14012 22766 74 24  2  0  0  0
 8  1      0 10822788 306376 7266172    0    0     0  1696 13093 19918 75 24  1  0  0  0
13  3      0 10855908 306380 7266132    0    0     0  1516 8155 12883 41 11  9 40  0  0
procs ----------mémoire---------- -échange- -----io---- -système- ------cpu--------
 r  b   swpd  libre tampon  cache   si   so    bi    bo   in   cs us sy id wa st gu
11  2      0 10856260 306380 7265856    0    0     0   452 12884 20005 76 22  2  0  0  0
31  2      0 10852948 306384 7266136    0    0     0   892 13187 20617 74 25  1  0  0  0
10  6      0 10841868 306384 7266300    0    0     0  1184 13234 21487 75 23  1  0  0  0
10  2      0 10829024 306392 7266392    0    0     0   708 11035 18751 58 17 15 11  0  0
 9  1      0 10855460 306408 7262392    0    0     0  1836 14030 23137 74 23  2  0  0  0
13  1      0 10829864 306412 7262360    0    0     0   804 12751 19173 76 23  1  0  0  0
11  3      0 10836048 306420 7262312    0    0     0  1532 14702 23919 75 22  3  1  0  0
 9  2      0 10840352 306436 7266436    0    0     0  1292 13142 20081 74 23  3  1  0  0
10  2      0 10851740 306436 7266456    0    0     0   600 12587 19342 75 22  2  1  0  0
 9  1      0 10849592 306444 7262336    0    0     0   288 12427 19797 66 19  6  8  0  0
28  0      0 10855548 306468 7266792    0    0     0   484 13807 22660 75 24  2  0  0  0
14  2      0 10832016 306484 7266740    0    0     0  1476 14245 22733 76 23  1  0  0  0
12 14      0 10839736 306484 7266804    0    0     0  1552 12739 19869 74 24  1  1  0  0
 8  3      0 10831340 306484 7266748    0    0     0   732 12745 19757 74 23  2  1  0  0
 7  7      0 10817688 306484 7262096    0    0     0   672 10885 17154 63 18  9 11  0  0
 1  9      0 10854120 306484 7262156    0    0     0   912 9438 15187 50 15 13 22  0  0
13  1      0 10869232 306484 7266456    0    0     0  1376 13151 20598 65 21  5  9  0  0
11  2      0 10889780 306488 7262416    0    0     0  1676 11911 17885 73 21  5  1  0  0
 9  0      0 10861512 306492 7266424    0    0     0   648 13560 23806 70 23  6  1  0  0
13 10      0 10846716 306500 7266704    0    0     0  1156 13897 25408 66 22  9  3  0  0
 8  3      0 10829484 306508 7262692    0    0     0  2240 11404 18554 69 21  6  3  0  0
procs ----------mémoire---------- -échange- -----io---- -système- ------cpu--------
 r  b   swpd  libre tampon  cache   si   so    bi    bo   in   cs us sy id wa st gu
 8  2      0 10830656 306516 7262804    0    0     0   792 11206 19121 70 20  7  3  0  0
 7  2      0 10846940 306544 7262736    0    0     0  1300 11603 19091 70 21  7  2  0  0
18  0      0 10856744 306576 7266904    0    0     0   644 13414 23326 70 22  6  2  0  0
 7  3      0 10867836 306576 7266868    0    0     0  2128 13645 23035 72 22  4  3  0  0
24  3      0 10877112 306576 7262792    0    0     0  1132 12377 21195 70 22  7  2  0  0
 7  3      0 10879452 306580 7262808    0    0     0  1368 11144 18194 70 21  7  3  0  0
 6  1      0 10867520 306580 7266920    0    0     0  1016 13294 24051 70 21  7  2  0  0
 8  2      0 10863048 306580 7266948    0    0     0  1136 12684 22278 64 21 12  4  0  0
 6  2      0 10854764 306580 7262884    0    0     0  1220 10613 18954 61 19 14  6  0  0
 9  1      0 10852728 306588 7262908    0    0     0   636 10691 19468 61 19 14  5  0  0
 6  2      0 10853552 306608 7262844    0    0     0   636 12287 22509 67 21 11  1  0  0
 8 11      0 10860608 306612 7262852    0    0     0  1740 6679 10548 37  9 26 28  0  0
 6  3      0 10872704 306612 7262864    0    0     0   360 10400 19480 61 18 13  8  0  0
 7  4      0 10883836 306620 7262876    0    0     0   820 10810 18840 62 18 14  5  0  0
 6  2      0 10899376 306620 7262888    0    0     0   760 10409 18442 61 19 15  6  0  0
 5  3      0 10881604 306620 7262832    0    0     0  1688 10824 19523 53 17 18 13  0  0
 6  4      0 10875068 306624 7266708    0    0     0   884 11085 20143 54 17 21  8  0  0
 8  2      0 10867484 306628 7267056    0    0     0   900 11788 20687 59 18 18  5  0  0
 8  0      0 10878664 306648 7267284    0    0     0   780 13402 21335 70 22  7  2  0  0
15  8      0 10860308 306656 7267356    0    0     0   784 17685 29161 68 23  8  2  0  0
10  1      0 10893196 306668 7267336    0    0     0  2136 16570 27773 59 22 17  2  0  0
procs ----------mémoire---------- -échange- -----io---- -système- ------cpu--------
 r  b   swpd  libre tampon  cache   si   so    bi    bo   in   cs us sy id wa st gu
 5  0      0 10884796 306672 7263148    0    0     0   256 13252 22535 54 19 26  1  0  0
 5  0      0 10867124 306672 7263160    0    0     0     0 10948 20156 53 16 31  0  0  0
 5  2      0 10877880 306672 7263184    0    0     0     4 9961 18221 52 15 31  1  0  0
 5  0      0 10904576 306676 7263192    0    0     0    92 10020 18168 52 15 32  1  0  0
 9  0      0 10900760 306676 7263208    0    0     0     0 9780 17052 53 16 31  0  0  0
 6  2      0 10900824 306676 7263136    0    0     0  2036 12185 20641 51 18 26  5  0  0
 6  0      0 10907544 306684 7263168    0    0     0   336 10077 18433 43 13 39  5  0  0
 3  1      0 10898900 306684 7263196    0    0     0    56 10192 18025 39 12 46  3  0  0
 3  2      0 10912200 306684 7263172    0    0     0  2132 9985 15480 33 10 44 13  0  0
 2  0      0 10923308 306700 7263136    0    0     0   168 9303 14387 31  9 58  1  0  0
 4  0      0 10914128 306700 7263144    0    0     0     0 9231 13750 31  9 60  0  0  0
 4  1      0 10903344 306700 7263004    0    0     0  1016 10791 17013 30  8 57  5  0  0
 3  0      0 10908308 306700 7263032    0    0     0  1332 9260 14072 27  6 58 10  0  0
 2  1      0 10928172 306712 7263036    0    0     0   152 8496 9454 22  5 70  3  0  0
 2  0      0 10932688 306712 7263040    0    0     0    72 8451 9579 22  5 70  3  0  0
 1  1      0 10936512 306712 7262972    0    0     0    16 8789 11810 21  5 72  2  0  0
 2  1      0 10931624 306712 7266872    0    0     0  2096 7857 14846 21  4 63 12  0  0
 2  0      0 10913928 306712 7263044    0    0     0   276 20952 32853 23  8 65  3  0  0
 1  1      0 10920804 306716 7267140    0    0     0   804 9303 13516 17  4 72  8  0  0
 4  1      0 10919312 306716 7267064    0    0     0   820 5413 9776 14  1 73 12  0  0
 3  1      0 10929848 306720 7262912    0    0     0   912 4246 5418 14  1 72 13  0  0
procs ----------mémoire---------- -échange- -----io---- -système- ------cpu--------
 r  b   swpd  libre tampon  cache   si   so    bi    bo   in   cs us sy id wa st gu
 1  2      0 10945896 306744 7262844    0    0     0  1008 5442 9076 17  1 67 14  0  0
 1  1      0 10930020 306744 7266888    0    0     0   824 5621 8016 19  4 64 13  0  0
 2  1      0 10946904 306756 7266908    0    0     0   944 7614 10718 21  4 64 11  0  0
 1  1      0 10971380 306756 7266840    0    0     0   936 7117 8727 20  4 65 11  0  0
 4  1      0 10978832 306776 7262616    0    0     0   960 7646 14235 22  3 64 11  0  0
 1  1      0 10988508 306788 7266640    0    0     0   880 8256 9460 17  3 68 12  0  0
 1  1      0 10982804 306800 7266560    0    0     0  1000 10474 7798 14  1 71 13  0  0
 1  1      0 10995412 306816 7266496    0    0     0   856 5149 8254 14  1 73 12  0  0
 5  0      0 10998548 306816 7266104    0    0     0   792 6325 9353 22  3 63 11  0  0
 1  1      0 10992864 306824 7266128    0    0     0  1084 8196 12552 24  5 60 11  0  0
 1  1      0 10977600 306848 7266048    0    0     0   868 4737 7448 14  1 72 13  0  0
 1  1      0 10991512 306852 7261656    0    0     0   892 4681 6193 14  1 74 11  0  0
 1  1      0 11009468 306876 7261592    0    0     0   984 5104 8679 14  1 72 13  0  0
 1  2      0 11008344 306884 7261524    0    0     0  1080 4931 6881 14  1 71 14  0  0
 1  1      0 11009068 306888 7261472    0    0     0   900 4997 8058 14  1 70 14  0  0
 2  1      0 10989996 306904 7265628    0    0     0  1116 5770 7735 18  3 68 11  0  0
 1  1      0 10985120 306916 7265640    0    0     0   908 7780 11073 22  5 64  9  0  0
 1  2      0 10990420 306932 7265608    0    0     0   604 3547 4657 13  1 70 16  0  0
 1  1      0 10996680 306940 7265660    0    0     0   692 4499 7580 14  1 71 14  0  0
 1  1      0 10994108 306944 7265616    0    0     0   692 3329 4284 13  1 67 19  0  0
 1  1      0 11007688 306948 7265564    0    0     0   628 4385 6666 14  1 73 11  0  0
procs ----------mémoire---------- -échange- -----io---- -système- ------cpu--------
 r  b   swpd  libre tampon  cache   si   so    bi    bo   in   cs us sy id wa st gu
 2  1      0 11018588 306952 7265440    0    0     0   528 9000 5491 15  1 72 12  0  0
 1  1      0 11016212 306960 7265432    0    0     0   960 8349 9414 15  2 72 12  0  0
 2  1      0 11010968 306964 7265352    0    0     0   876 11300 8099 16  2 72 11  0  0
 1  1      0 11014452 306968 7265368    0    0     0   596 14999 10036 17  2 68 12  0  0
 1  2      0 11014324 306972 7265340    0    0     0   460 12217 5781 14  1 70 14  0  0
 1  1      0 11030568 306984 7265272    0    0     0  1740 6996 5814 14  1 67 18  0  0
 1  2      0 11023204 306984 7265176    0    0     0   476 6496 4446 13  1 71 14  0  0
 1  1      0 11019784 306988 7265164    0    0     0   996 9314 9163 14  2 72 12  0  0
 1  1      0 11023192 307000 7265092    0    0     0   964 9767 6985 14  1 71 14  0  0
 1  1      0 11025520 307016 7265024    0    0     0   896 8046 9389 14  1 73 12  0  0
 1  1      0 11026416 307048 7264948    0    0     0  1100 5028 6575 14  1 74 11  0  0
 3  0      0 11025084 307048 7264924    0    0     0  1616 9586 8071 14  2 65 19  0  0
 1  1      0 11034472 307056 7264856    0    0     0   880 7574 6726 13  1 74 12  0  0
 1  1      0 11026728 307068 7260648    0    0     0   884 13476 10013 15  2 70 13  0  0
 1  1      0 11023848 307076 7260584    0    0     0  1008 13308 7966 14  1 71 13  0  0
 1  1      0 11014692 307092 7260508    0    0     0   948 13019 9017 14  2 70 14  0  0
 0  3      0 11022204 307096 7264452    0    0     0  2824 10561 8590  9  3 73 14  0  0
 0  1      0 11026140 307100 7260472    0    0     0   880 6861 6323  3  2 75 20  0  0
