--- 2026-06-04_07:04:28 ---
--- 2026-06-04_07:04:30 ---
--- 2026-06-04_07:04:32 ---
--- 2026-06-04_07:04:34 ---
--- 2026-06-04_07:04:36 ---
NAME           CPU %     MEM USAGE / LIMIT     MEM %
servidor_hqc   100.17%   3.867MiB / 23.32GiB   0.02%
--- 2026-06-04_07:04:39 ---
NAME           CPU %     MEM USAGE / LIMIT     MEM %
servidor_hqc   100.10%   3.859MiB / 23.32GiB   0.02%
--- 2026-06-04_07:04:42 ---
NAME           CPU %     MEM USAGE / LIMIT     MEM %
servidor_hqc   100.15%   3.805MiB / 23.32GiB   0.02%
--- 2026-06-04_07:04:46 ---
NAME           CPU %     MEM USAGE / LIMIT     MEM %
cliente_hqc1   72.31%    5.184MiB / 23.32GiB   0.02%
servidor_hqc   127.09%   7.633MiB / 23.32GiB   0.03%
cliente_hqc2   69.91%    5.504MiB / 23.32GiB   0.02%
--- 2026-06-04_07:04:51 ---
NAME           CPU %     MEM USAGE / LIMIT     MEM %
cliente_hqc3   72.08%    3.953MiB / 23.32GiB   0.02%
cliente_hqc2   72.15%    4.746MiB / 23.32GiB   0.02%
cliente_hqc1   72.10%    5.125MiB / 23.32GiB   0.02%
servidor_hqc   209.86%   9.469MiB / 23.32GiB   0.04%
cliente_hqc4   72.16%    4.566MiB / 23.32GiB   0.02%
--- 2026-06-04_07:04:55 ---
NAME           CPU %     MEM USAGE / LIMIT     MEM %
cliente_hqc5   65.27%    5.09MiB / 23.32GiB    0.02%
cliente_hqc4   69.46%    4.855MiB / 23.32GiB   0.02%
cliente_hqc3   69.82%    4.758MiB / 23.32GiB   0.02%
cliente_hqc2   66.24%    4.578MiB / 23.32GiB   0.02%
cliente_hqc1   67.95%    3.883MiB / 23.32GiB   0.02%
servidor_hqc   242.84%   9.969MiB / 23.32GiB   0.04%
cliente_hqc6   66.82%    4.84MiB / 23.32GiB    0.02%
--- 2026-06-04_07:05:00 ---
NAME           CPU %     MEM USAGE / LIMIT     MEM %
cliente_hqc7   62.30%    3.648MiB / 23.32GiB   0.02%
cliente_hqc6   60.58%    4.762MiB / 23.32GiB   0.02%
cliente_hqc5   59.59%    2.184MiB / 23.32GiB   0.01%
cliente_hqc4   57.23%    4.285MiB / 23.32GiB   0.02%
cliente_hqc3   60.34%    4.387MiB / 23.32GiB   0.02%
cliente_hqc2   61.08%    3.898MiB / 23.32GiB   0.02%
cliente_hqc1   56.27%    4.625MiB / 23.32GiB   0.02%
servidor_hqc   284.94%   10.9MiB / 23.32GiB    0.05%
cliente_hqc8   61.02%    3.574MiB / 23.32GiB   0.01%
--- 2026-06-04_07:05:05 ---
NAME            CPU %     MEM USAGE / LIMIT     MEM %
cliente_hqc9    45.68%    1.801MiB / 23.32GiB   0.01%
cliente_hqc8    44.26%    1.676MiB / 23.32GiB   0.01%
cliente_hqc7    38.78%    3.371MiB / 23.32GiB   0.01%
cliente_hqc6    48.54%    4.375MiB / 23.32GiB   0.02%
cliente_hqc5    49.48%    4.062MiB / 23.32GiB   0.02%
cliente_hqc4    49.61%    2.465MiB / 23.32GiB   0.01%
cliente_hqc3    54.92%    3.859MiB / 23.32GiB   0.02%
cliente_hqc2    56.70%    4.504MiB / 23.32GiB   0.02%
cliente_hqc1    49.09%    4.473MiB / 23.32GiB   0.02%
servidor_hqc    279.57%   11.32MiB / 23.32GiB   0.05%
cliente_hqc10   51.61%    3.938MiB / 23.32GiB   0.02%
--- 2026-06-04_07:05:10 ---
NAME            CPU %     MEM USAGE / LIMIT     MEM %
cliente_hqc11   44.83%    4.555MiB / 23.32GiB   0.02%
cliente_hqc10   49.37%    4.395MiB / 23.32GiB   0.02%
cliente_hqc9    30.08%    3.977MiB / 23.32GiB   0.02%
cliente_hqc8    43.13%    4.777MiB / 23.32GiB   0.02%
cliente_hqc7    46.92%    3.73MiB / 23.32GiB    0.02%
cliente_hqc6    34.58%    4.301MiB / 23.32GiB   0.02%
cliente_hqc5    40.65%    4.375MiB / 23.32GiB   0.02%
cliente_hqc4    51.90%    4.504MiB / 23.32GiB   0.02%
cliente_hqc3    41.38%    1.434MiB / 23.32GiB   0.01%
cliente_hqc2    39.72%    4.148MiB / 23.32GiB   0.02%
cliente_hqc1    39.16%    4.285MiB / 23.32GiB   0.02%
servidor_hqc    278.23%   12.74MiB / 23.32GiB   0.05%
cliente_hqc12   39.69%    3.172MiB / 23.32GiB   0.01%
--- 2026-06-04_07:05:15 ---
NAME            CPU %     MEM USAGE / LIMIT     MEM %
cliente_hqc13   30.92%    4.461MiB / 23.32GiB   0.02%
cliente_hqc12   44.50%    4.391MiB / 23.32GiB   0.02%
cliente_hqc11   27.54%    4.438MiB / 23.32GiB   0.02%
cliente_hqc10   28.58%    4.562MiB / 23.32GiB   0.02%
cliente_hqc9    31.52%    4.195MiB / 23.32GiB   0.02%
cliente_hqc8    33.37%    4.727MiB / 23.32GiB   0.02%
cliente_hqc7    40.81%    3.949MiB / 23.32GiB   0.02%
cliente_hqc6    32.24%    4.074MiB / 23.32GiB   0.02%
cliente_hqc5    40.01%    4.852MiB / 23.32GiB   0.02%
cliente_hqc4    32.08%    4.148MiB / 23.32GiB   0.02%
cliente_hqc3    48.12%    4.629MiB / 23.32GiB   0.02%
cliente_hqc2    40.73%    4.105MiB / 23.32GiB   0.02%
cliente_hqc1    25.66%    4.18MiB / 23.32GiB    0.02%
servidor_hqc    266.43%   13.46MiB / 23.32GiB   0.06%
cliente_hqc14   32.32%    3.262MiB / 23.32GiB   0.01%
--- 2026-06-04_07:05:21 ---
NAME            CPU %     MEM USAGE / LIMIT     MEM %
cliente_hqc15   19.91%    4.641MiB / 23.32GiB   0.02%
cliente_hqc14   39.16%    4.43MiB / 23.32GiB    0.02%
cliente_hqc13   37.61%    3.949MiB / 23.32GiB   0.02%
cliente_hqc12   28.82%    4.492MiB / 23.32GiB   0.02%
cliente_hqc11   34.34%    3.98MiB / 23.32GiB    0.02%
cliente_hqc10   38.18%    4.023MiB / 23.32GiB   0.02%
cliente_hqc9    35.03%    4.309MiB / 23.32GiB   0.02%
cliente_hqc8    24.43%    4.371MiB / 23.32GiB   0.02%
cliente_hqc7    26.41%    3.941MiB / 23.32GiB   0.02%
cliente_hqc6    25.65%    3.992MiB / 23.32GiB   0.02%
cliente_hqc5    24.87%    4.32MiB / 23.32GiB    0.02%
cliente_hqc4    30.75%    4.672MiB / 23.32GiB   0.02%
cliente_hqc3    29.89%    4.117MiB / 23.32GiB   0.02%
cliente_hqc2    23.60%    4.188MiB / 23.32GiB   0.02%
cliente_hqc1    39.48%    4.066MiB / 23.32GiB   0.02%
servidor_hqc    275.96%   15.52MiB / 23.32GiB   0.07%
cliente_hqc16   25.01%    4.324MiB / 23.32GiB   0.02%
--- 2026-06-04_07:05:26 ---
NAME            CPU %     MEM USAGE / LIMIT     MEM %
cliente_hqc17   38.57%    4.176MiB / 23.32GiB   0.02%
cliente_hqc16   20.11%    4.289MiB / 23.32GiB   0.02%
cliente_hqc15   31.46%    4.086MiB / 23.32GiB   0.02%
cliente_hqc14   26.39%    3.395MiB / 23.32GiB   0.01%
cliente_hqc13   30.03%    4.227MiB / 23.32GiB   0.02%
cliente_hqc12   24.95%    4.453MiB / 23.32GiB   0.02%
cliente_hqc11   26.61%    4.141MiB / 23.32GiB   0.02%
cliente_hqc10   18.65%    4.352MiB / 23.32GiB   0.02%
cliente_hqc9    26.94%    3.828MiB / 23.32GiB   0.02%
cliente_hqc8    30.18%    4.23MiB / 23.32GiB    0.02%
cliente_hqc7    38.56%    3.93MiB / 23.32GiB    0.02%
cliente_hqc6    16.45%    2.891MiB / 23.32GiB   0.01%
cliente_hqc5    11.09%    4.035MiB / 23.32GiB   0.02%
cliente_hqc4    23.12%    4.195MiB / 23.32GiB   0.02%
cliente_hqc3    27.53%    4.312MiB / 23.32GiB   0.02%
cliente_hqc2    45.84%    4.211MiB / 23.32GiB   0.02%
cliente_hqc1    12.83%    3.934MiB / 23.32GiB   0.02%
servidor_hqc    256.50%   16.45MiB / 23.32GiB   0.07%
cliente_hqc18   22.43%    3.477MiB / 23.32GiB   0.01%
--- 2026-06-04_07:05:30 ---
NAME            CPU %     MEM USAGE / LIMIT     MEM %
cliente_hqc19   19.70%    4.121MiB / 23.32GiB   0.02%
cliente_hqc18   28.94%    4.453MiB / 23.32GiB   0.02%
cliente_hqc17   19.41%    4.32MiB / 23.32GiB    0.02%
cliente_hqc16   16.92%    4.074MiB / 23.32GiB   0.02%
cliente_hqc15   23.68%    4.074MiB / 23.32GiB   0.02%
cliente_hqc14   27.46%    4.582MiB / 23.32GiB   0.02%
cliente_hqc13   29.64%    4.27MiB / 23.32GiB    0.02%
cliente_hqc12   20.06%    3.941MiB / 23.32GiB   0.02%
cliente_hqc11   12.15%    4.168MiB / 23.32GiB   0.02%
cliente_hqc10   25.06%    4.168MiB / 23.32GiB   0.02%
cliente_hqc9    17.95%    4.062MiB / 23.32GiB   0.02%
cliente_hqc8    47.45%    4.664MiB / 23.32GiB   0.02%
cliente_hqc7    20.62%    4.324MiB / 23.32GiB   0.02%
cliente_hqc6    23.30%    4.289MiB / 23.32GiB   0.02%
cliente_hqc5    29.74%    2.895MiB / 23.32GiB   0.01%
cliente_hqc4    28.72%    4.512MiB / 23.32GiB   0.02%
cliente_hqc3    33.02%    4.309MiB / 23.32GiB   0.02%
cliente_hqc2    25.00%    4.078MiB / 23.32GiB   0.02%
cliente_hqc1    39.45%    4.066MiB / 23.32GiB   0.02%
servidor_hqc    270.62%   16.28MiB / 23.32GiB   0.07%
--- 2026-06-04_07:05:35 ---
NAME            CPU %     MEM USAGE / LIMIT     MEM %
cliente_hqc20   16.66%    3.941MiB / 23.32GiB   0.02%
cliente_hqc19   30.23%    3.941MiB / 23.32GiB   0.02%
cliente_hqc18   26.18%    3.961MiB / 23.32GiB   0.02%
cliente_hqc17   38.05%    4.082MiB / 23.32GiB   0.02%
cliente_hqc16   17.30%    4.16MiB / 23.32GiB    0.02%
cliente_hqc15   20.14%    4.344MiB / 23.32GiB   0.02%
cliente_hqc14   27.38%    3.227MiB / 23.32GiB   0.01%
cliente_hqc13   19.28%    3.93MiB / 23.32GiB    0.02%
cliente_hqc12   22.87%    4.172MiB / 23.32GiB   0.02%
cliente_hqc11   13.48%    4.066MiB / 23.32GiB   0.02%
cliente_hqc10   30.25%    4.156MiB / 23.32GiB   0.02%
cliente_hqc9    16.65%    4.109MiB / 23.32GiB   0.02%
cliente_hqc8    24.65%    3.922MiB / 23.32GiB   0.02%
cliente_hqc7    22.99%    3.531MiB / 23.32GiB   0.01%
cliente_hqc6    27.12%    3.477MiB / 23.32GiB   0.01%
cliente_hqc5    23.15%    4.316MiB / 23.32GiB   0.02%
cliente_hqc4    25.77%    3.941MiB / 23.32GiB   0.02%
cliente_hqc3    29.28%    4.105MiB / 23.32GiB   0.02%
cliente_hqc2    28.78%    4.273MiB / 23.32GiB   0.02%
cliente_hqc1    22.58%    4.348MiB / 23.32GiB   0.02%
servidor_hqc    245.45%   17.68MiB / 23.32GiB   0.07%
cliente_hqc21   23.05%    4.09MiB / 23.32GiB    0.02%
--- 2026-06-04_07:05:39 ---
NAME            CPU %     MEM USAGE / LIMIT     MEM %
cliente_hqc22   9.88%     4.34MiB / 23.32GiB    0.02%
cliente_hqc21   11.89%    4.172MiB / 23.32GiB   0.02%
cliente_hqc20   19.29%    4.332MiB / 23.32GiB   0.02%
cliente_hqc19   20.85%    3.938MiB / 23.32GiB   0.02%
cliente_hqc18   24.14%    4.336MiB / 23.32GiB   0.02%
cliente_hqc17   39.42%    4.184MiB / 23.32GiB   0.02%
cliente_hqc16   17.63%    4.16MiB / 23.32GiB    0.02%
cliente_hqc15   19.46%    3.93MiB / 23.32GiB    0.02%
cliente_hqc14   24.18%    3.07MiB / 23.32GiB    0.01%
cliente_hqc13   21.60%    3.57MiB / 23.32GiB    0.01%
cliente_hqc12   22.31%    4.074MiB / 23.32GiB   0.02%
cliente_hqc11   13.92%    4.086MiB / 23.32GiB   0.02%
cliente_hqc10   29.54%    1.551MiB / 23.32GiB   0.01%
cliente_hqc9    19.59%    4.172MiB / 23.32GiB   0.02%
cliente_hqc8    30.41%    4.234MiB / 23.32GiB   0.02%
cliente_hqc7    9.85%     4.344MiB / 23.32GiB   0.02%
cliente_hqc6    26.80%    3.52MiB / 23.32GiB    0.01%
cliente_hqc5    20.30%    4.082MiB / 23.32GiB   0.02%
cliente_hqc4    26.76%    3.406MiB / 23.32GiB   0.01%
cliente_hqc3    20.07%    4.137MiB / 23.32GiB   0.02%
cliente_hqc2    14.28%    3.934MiB / 23.32GiB   0.02%
cliente_hqc1    17.57%    3.91MiB / 23.32GiB    0.02%
servidor_hqc    230.88%   18.33MiB / 23.32GiB   0.08%
cliente_hqc23   28.82%    4.785MiB / 23.32GiB   0.02%
--- 2026-06-04_07:05:45 ---
NAME            CPU %     MEM USAGE / LIMIT     MEM %
cliente_hqc24   10.20%    4.316MiB / 23.32GiB   0.02%
cliente_hqc23   25.45%    4.176MiB / 23.32GiB   0.02%
cliente_hqc22   17.73%    4.789MiB / 23.32GiB   0.02%
cliente_hqc21   21.31%    1.629MiB / 23.32GiB   0.01%
cliente_hqc20   19.79%    4.062MiB / 23.32GiB   0.02%
cliente_hqc19   31.05%    2.758MiB / 23.32GiB   0.01%
cliente_hqc18   17.75%    4.188MiB / 23.32GiB   0.02%
cliente_hqc17   18.78%    4.305MiB / 23.32GiB   0.02%
cliente_hqc16   13.88%    2.414MiB / 23.32GiB   0.01%
cliente_hqc15   18.68%    4.398MiB / 23.32GiB   0.02%
cliente_hqc14   19.91%    3.371MiB / 23.32GiB   0.01%
cliente_hqc13   21.69%    2.156MiB / 23.32GiB   0.01%
cliente_hqc12   17.76%    4.242MiB / 23.32GiB   0.02%
cliente_hqc11   24.93%    3.918MiB / 23.32GiB   0.02%
cliente_hqc10   25.82%    3.93MiB / 23.32GiB    0.02%
cliente_hqc9    19.88%    4.059MiB / 23.32GiB   0.02%
cliente_hqc8    14.29%    4.172MiB / 23.32GiB   0.02%
cliente_hqc7    30.42%    4.574MiB / 23.32GiB   0.02%
cliente_hqc6    10.61%    4.09MiB / 23.32GiB    0.02%
cliente_hqc5    9.25%     4.074MiB / 23.32GiB   0.02%
cliente_hqc4    34.29%    4.09MiB / 23.32GiB    0.02%
cliente_hqc3    24.52%    4.121MiB / 23.32GiB   0.02%
cliente_hqc2    16.70%    4.418MiB / 23.32GiB   0.02%
cliente_hqc1    14.47%    4.09MiB / 23.32GiB    0.02%
servidor_hqc    233.34%   18.97MiB / 23.32GiB   0.08%
cliente_hqc25   22.81%    3.566MiB / 23.32GiB   0.01%
--- 2026-06-04_07:05:50 ---
NAME            CPU %     MEM USAGE / LIMIT     MEM %
cliente_hqc26   15.97%    4.066MiB / 23.32GiB   0.02%
cliente_hqc25   13.06%    4.062MiB / 23.32GiB   0.02%
cliente_hqc24   19.71%    4.074MiB / 23.32GiB   0.02%
cliente_hqc23   27.69%    4.066MiB / 23.32GiB   0.02%
cliente_hqc22   23.29%    4.18MiB / 23.32GiB    0.02%
cliente_hqc21   16.40%    3.984MiB / 23.32GiB   0.02%
cliente_hqc20   18.16%    4.172MiB / 23.32GiB   0.02%
cliente_hqc19   9.10%     4.09MiB / 23.32GiB    0.02%
cliente_hqc18   27.11%    4.449MiB / 23.32GiB   0.02%
cliente_hqc17   22.26%    4.074MiB / 23.32GiB   0.02%
cliente_hqc16   34.69%    3.93MiB / 23.32GiB    0.02%
cliente_hqc15   20.14%    4.059MiB / 23.32GiB   0.02%
cliente_hqc14   19.16%    4.18MiB / 23.32GiB    0.02%
cliente_hqc13   18.97%    4.059MiB / 23.32GiB   0.02%
cliente_hqc12   18.23%    4.309MiB / 23.32GiB   0.02%
cliente_hqc11   18.40%    4.168MiB / 23.32GiB   0.02%
cliente_hqc10   14.79%    4.234MiB / 23.32GiB   0.02%
cliente_hqc9    17.94%    4.078MiB / 23.32GiB   0.02%
cliente_hqc8    18.15%    4.32MiB / 23.32GiB    0.02%
cliente_hqc7    10.00%    4.094MiB / 23.32GiB   0.02%
cliente_hqc6    18.02%    4.234MiB / 23.32GiB   0.02%
cliente_hqc5    9.89%     4.082MiB / 23.32GiB   0.02%
cliente_hqc4    26.68%    3.934MiB / 23.32GiB   0.02%
cliente_hqc3    23.12%    3.922MiB / 23.32GiB   0.02%
cliente_hqc2    20.06%    4.055MiB / 23.32GiB   0.02%
cliente_hqc1    15.70%    4.574MiB / 23.32GiB   0.02%
servidor_hqc    258.48%   20.27MiB / 23.32GiB   0.08%
--- 2026-06-04_07:05:55 ---
NAME            CPU %     MEM USAGE / LIMIT     MEM %
cliente_hqc27   25.81%    3.492MiB / 23.32GiB   0.01%
cliente_hqc26   12.49%    1.152MiB / 23.32GiB   0.00%
cliente_hqc25   14.21%    4.566MiB / 23.32GiB   0.02%
cliente_hqc24   23.43%    4.574MiB / 23.32GiB   0.02%
cliente_hqc23   23.42%    4.098MiB / 23.32GiB   0.02%
cliente_hqc22   28.70%    4.273MiB / 23.32GiB   0.02%
cliente_hqc21   13.44%    4.078MiB / 23.32GiB   0.02%
cliente_hqc20   10.59%    4.172MiB / 23.32GiB   0.02%
cliente_hqc19   19.38%    4.148MiB / 23.32GiB   0.02%
cliente_hqc18   30.47%    4.512MiB / 23.32GiB   0.02%
cliente_hqc17   23.50%    4.172MiB / 23.32GiB   0.02%
cliente_hqc16   18.62%    4.051MiB / 23.32GiB   0.02%
cliente_hqc15   12.47%    4.254MiB / 23.32GiB   0.02%
cliente_hqc14   20.72%    4.188MiB / 23.32GiB   0.02%
cliente_hqc13   15.36%    3.934MiB / 23.32GiB   0.02%
cliente_hqc12   14.95%    4.109MiB / 23.32GiB   0.02%
cliente_hqc11   19.23%    3.91MiB / 23.32GiB    0.02%
cliente_hqc9    13.61%    4.062MiB / 23.32GiB   0.02%
cliente_hqc8    28.46%    3.926MiB / 23.32GiB   0.02%
cliente_hqc7    25.14%    3.332MiB / 23.32GiB   0.01%
cliente_hqc6    14.98%    3.926MiB / 23.32GiB   0.02%
cliente_hqc5    0.00%     0B / 0B               0.00%
cliente_hqc4    13.56%    4.184MiB / 23.32GiB   0.02%
cliente_hqc3    24.36%    4.094MiB / 23.32GiB   0.02%
cliente_hqc2    20.33%    4.203MiB / 23.32GiB   0.02%
cliente_hqc1    15.76%    3.402MiB / 23.32GiB   0.01%
servidor_hqc    277.39%   20.87MiB / 23.32GiB   0.09%
--- 2026-06-04_07:05:59 ---
NAME            CPU %     MEM USAGE / LIMIT     MEM %
cliente_hqc28   19.47%    4.461MiB / 23.32GiB   0.02%
cliente_hqc27   18.30%    3.922MiB / 23.32GiB   0.02%
cliente_hqc26   15.50%    4.316MiB / 23.32GiB   0.02%
cliente_hqc25   19.50%    4.27MiB / 23.32GiB    0.02%
cliente_hqc24   12.76%    4.156MiB / 23.32GiB   0.02%
cliente_hqc23   15.00%    4.117MiB / 23.32GiB   0.02%
cliente_hqc22   22.71%    4.055MiB / 23.32GiB   0.02%
cliente_hqc21   20.35%    4.406MiB / 23.32GiB   0.02%
cliente_hqc20   16.96%    4.09MiB / 23.32GiB    0.02%
cliente_hqc19   24.53%    4.621MiB / 23.32GiB   0.02%
cliente_hqc18   25.65%    3.152MiB / 23.32GiB   0.01%
cliente_hqc17   28.75%    3.934MiB / 23.32GiB   0.02%
cliente_hqc15   17.29%    4.359MiB / 23.32GiB   0.02%
cliente_hqc14   23.88%    4.125MiB / 23.32GiB   0.02%
cliente_hqc13   22.89%    4.312MiB / 23.32GiB   0.02%
cliente_hqc12   17.16%    3.953MiB / 23.32GiB   0.02%
cliente_hqc11   14.43%    4.172MiB / 23.32GiB   0.02%
cliente_hqc9    27.67%    3.938MiB / 23.32GiB   0.02%
cliente_hqc8    10.41%    4.109MiB / 23.32GiB   0.02%
cliente_hqc7    17.35%    4.352MiB / 23.32GiB   0.02%
cliente_hqc6    16.25%    4.176MiB / 23.32GiB   0.02%
cliente_hqc4    16.15%    3.914MiB / 23.32GiB   0.02%
cliente_hqc2    25.19%    4.078MiB / 23.32GiB   0.02%
cliente_hqc1    11.43%    2.988MiB / 23.32GiB   0.01%
servidor_hqc    242.17%   21.4MiB / 23.32GiB    0.09%
cliente_hqc29   25.86%    4.18MiB / 23.32GiB    0.02%
cliente_hqc30   34.50%    4.195MiB / 23.32GiB   0.02%
--- 2026-06-04_07:06:09 ---
NAME            CPU %     MEM USAGE / LIMIT     MEM %
cliente_hqc30   33.71%    3.934MiB / 23.32GiB   0.02%
cliente_hqc29   9.80%     4.16MiB / 23.32GiB    0.02%
cliente_hqc28   14.17%    4.32MiB / 23.32GiB    0.02%
cliente_hqc27   9.67%     4.074MiB / 23.32GiB   0.02%
cliente_hqc26   9.08%     3.918MiB / 23.32GiB   0.02%
cliente_hqc25   38.53%    4.289MiB / 23.32GiB   0.02%
cliente_hqc24   14.88%    3.926MiB / 23.32GiB   0.02%
cliente_hqc23   9.58%     4.09MiB / 23.32GiB    0.02%
cliente_hqc22   31.24%    3.738MiB / 23.32GiB   0.02%
cliente_hqc21   14.30%    2.156MiB / 23.32GiB   0.01%
cliente_hqc20   11.58%    4.059MiB / 23.32GiB   0.02%
cliente_hqc19   19.44%    4.156MiB / 23.32GiB   0.02%
cliente_hqc18   19.67%    4.07MiB / 23.32GiB    0.02%
cliente_hqc17   14.78%    4.551MiB / 23.32GiB   0.02%
cliente_hqc15   14.96%    4.039MiB / 23.32GiB   0.02%
cliente_hqc14   9.70%     3.918MiB / 23.32GiB   0.02%
cliente_hqc13   22.88%    4.301MiB / 23.32GiB   0.02%
cliente_hqc12   35.04%    4.59MiB / 23.32GiB    0.02%
cliente_hqc11   13.51%    4.91MiB / 23.32GiB    0.02%
cliente_hqc9    11.31%    4.172MiB / 23.32GiB   0.02%
cliente_hqc7    9.74%     3.938MiB / 23.32GiB   0.02%
cliente_hqc6    13.49%    4.312MiB / 23.32GiB   0.02%
cliente_hqc4    28.77%    4.348MiB / 23.32GiB   0.02%
cliente_hqc2    20.70%    4.066MiB / 23.32GiB   0.02%
cliente_hqc1    18.91%    4.172MiB / 23.32GiB   0.02%
servidor_hqc    256.84%   23.4MiB / 23.32GiB    0.10%
cliente_hqc31   35.34%    4.379MiB / 23.32GiB   0.02%
--- 2026-06-04_07:06:15 ---
NAME            CPU %     MEM USAGE / LIMIT     MEM %
cliente_hqc31   24.93%    4.289MiB / 23.32GiB   0.02%
cliente_hqc30   18.37%    4.07MiB / 23.32GiB    0.02%
cliente_hqc29   15.60%    3.551MiB / 23.32GiB   0.01%
cliente_hqc28   18.27%    4.711MiB / 23.32GiB   0.02%
cliente_hqc27   15.43%    3.926MiB / 23.32GiB   0.02%
cliente_hqc26   25.06%    4.254MiB / 23.32GiB   0.02%
cliente_hqc24   20.52%    4MiB / 23.32GiB       0.02%
cliente_hqc23   17.43%    2.84MiB / 23.32GiB    0.01%
cliente_hqc22   18.41%    4.285MiB / 23.32GiB   0.02%
cliente_hqc21   19.40%    3.918MiB / 23.32GiB   0.02%
cliente_hqc20   22.93%    4.184MiB / 23.32GiB   0.02%
cliente_hqc19   21.79%    3.941MiB / 23.32GiB   0.02%
cliente_hqc18   27.84%    4.105MiB / 23.32GiB   0.02%
cliente_hqc17   27.48%    4.305MiB / 23.32GiB   0.02%
cliente_hqc15   17.38%    4.387MiB / 23.32GiB   0.02%
cliente_hqc14   22.73%    4.09MiB / 23.32GiB    0.02%
cliente_hqc13   22.43%    4.07MiB / 23.32GiB    0.02%
cliente_hqc12   12.94%    1.031MiB / 23.32GiB   0.00%
cliente_hqc7    22.58%    4.305MiB / 23.32GiB   0.02%
cliente_hqc6    29.92%    4.574MiB / 23.32GiB   0.02%
cliente_hqc4    13.22%    4.027MiB / 23.32GiB   0.02%
cliente_hqc2    30.55%    4.07MiB / 23.32GiB    0.02%
cliente_hqc1    35.24%    2.844MiB / 23.32GiB   0.01%
servidor_hqc    257.82%   23.51MiB / 23.32GiB   0.10%
--- 2026-06-04_07:06:19 ---
NAME            CPU %     MEM USAGE / LIMIT     MEM %
cliente_hqc32   30.79%    3.938MiB / 23.32GiB   0.02%
cliente_hqc29   15.43%    3.91MiB / 23.32GiB    0.02%
cliente_hqc28   19.25%    4.164MiB / 23.32GiB   0.02%
cliente_hqc27   13.36%    4.176MiB / 23.32GiB   0.02%
cliente_hqc26   11.85%    4.328MiB / 23.32GiB   0.02%
cliente_hqc24   29.16%    4.617MiB / 23.32GiB   0.02%
cliente_hqc23   25.35%    5.051MiB / 23.32GiB   0.02%
cliente_hqc22   19.92%    4.508MiB / 23.32GiB   0.02%
cliente_hqc21   27.60%    4.188MiB / 23.32GiB   0.02%
cliente_hqc20   18.48%    3.938MiB / 23.32GiB   0.02%
cliente_hqc19   22.15%    4.332MiB / 23.32GiB   0.02%
cliente_hqc18   24.35%    4.074MiB / 23.32GiB   0.02%
cliente_hqc17   10.51%    3.926MiB / 23.32GiB   0.02%
cliente_hqc15   26.06%    4.195MiB / 23.32GiB   0.02%
cliente_hqc14   25.29%    4.496MiB / 23.32GiB   0.02%
cliente_hqc13   15.19%    3.547MiB / 23.32GiB   0.01%
cliente_hqc12   25.47%    4.219MiB / 23.32GiB   0.02%
cliente_hqc7    14.23%    4.18MiB / 23.32GiB    0.02%
cliente_hqc6    24.19%    4.176MiB / 23.32GiB   0.02%
cliente_hqc4    16.73%    4.301MiB / 23.32GiB   0.02%
cliente_hqc2    34.92%    4.406MiB / 23.32GiB   0.02%
cliente_hqc1    19.45%    4.07MiB / 23.32GiB    0.02%
servidor_hqc    268.42%   23.86MiB / 23.32GiB   0.10%
--- 2026-06-04_07:06:24 ---
NAME            CPU %     MEM USAGE / LIMIT     MEM %
cliente_hqc33   16.34%    4.09MiB / 23.32GiB    0.02%
cliente_hqc32   20.79%    1.457MiB / 23.32GiB   0.01%
cliente_hqc29   18.41%    3.289MiB / 23.32GiB   0.01%
cliente_hqc28   23.35%    4.062MiB / 23.32GiB   0.02%
cliente_hqc27   19.40%    4.086MiB / 23.32GiB   0.02%
cliente_hqc26   17.90%    1.121MiB / 23.32GiB   0.00%
cliente_hqc24   18.81%    4.07MiB / 23.32GiB    0.02%
cliente_hqc23   31.66%    3.02MiB / 23.32GiB    0.01%
cliente_hqc22   30.99%    1.383MiB / 23.32GiB   0.01%
cliente_hqc21   15.61%    4.168MiB / 23.32GiB   0.02%
cliente_hqc20   19.13%    3.363MiB / 23.32GiB   0.01%
cliente_hqc19   26.05%    4.152MiB / 23.32GiB   0.02%
cliente_hqc18   32.18%    3.949MiB / 23.32GiB   0.02%
cliente_hqc17   21.27%    4.324MiB / 23.32GiB   0.02%
cliente_hqc15   22.80%    4.102MiB / 23.32GiB   0.02%
cliente_hqc14   20.32%    3.949MiB / 23.32GiB   0.02%
cliente_hqc13   18.56%    3.699MiB / 23.32GiB   0.02%
cliente_hqc12   10.18%    1.008MiB / 23.32GiB   0.00%
cliente_hqc7    15.05%    4.41MiB / 23.32GiB    0.02%
cliente_hqc6    30.24%    4.34MiB / 23.32GiB    0.02%
cliente_hqc4    18.57%    3.562MiB / 23.32GiB   0.01%
cliente_hqc2    17.74%    4.223MiB / 23.32GiB   0.02%
cliente_hqc1    26.85%    3.961MiB / 23.32GiB   0.02%
servidor_hqc    249.66%   23.14MiB / 23.32GiB   0.10%
cliente_hqc34   9.54%     4.328MiB / 23.32GiB   0.02%
--- 2026-06-04_07:06:29 ---
NAME            CPU %     MEM USAGE / LIMIT     MEM %
cliente_hqc35   27.24%    4.621MiB / 23.32GiB   0.02%
cliente_hqc34   18.32%    1.371MiB / 23.32GiB   0.01%
cliente_hqc33   27.61%    4.156MiB / 23.32GiB   0.02%
cliente_hqc32   18.18%    4.059MiB / 23.32GiB   0.02%
cliente_hqc29   9.80%     792KiB / 23.32GiB     0.00%
cliente_hqc28   9.54%     4.086MiB / 23.32GiB   0.02%
cliente_hqc27   19.64%    4.41MiB / 23.32GiB    0.02%
cliente_hqc26   9.23%     4.18MiB / 23.32GiB    0.02%
cliente_hqc24   19.01%    4.059MiB / 23.32GiB   0.02%
cliente_hqc23   9.57%     4.062MiB / 23.32GiB   0.02%
cliente_hqc22   31.36%    3.961MiB / 23.32GiB   0.02%
cliente_hqc21   30.46%    4.078MiB / 23.32GiB   0.02%
cliente_hqc20   25.60%    4.289MiB / 23.32GiB   0.02%
cliente_hqc19   30.33%    4.078MiB / 23.32GiB   0.02%
cliente_hqc18   7.53%     4.172MiB / 23.32GiB   0.02%
cliente_hqc17   21.21%    4.289MiB / 23.32GiB   0.02%
cliente_hqc15   22.32%    3.121MiB / 23.32GiB   0.01%
cliente_hqc14   14.31%    3.969MiB / 23.32GiB   0.02%
cliente_hqc13   24.60%    4.422MiB / 23.32GiB   0.02%
cliente_hqc12   10.33%    3.938MiB / 23.32GiB   0.02%
cliente_hqc7    16.01%    4.176MiB / 23.32GiB   0.02%
cliente_hqc6    10.29%    4.051MiB / 23.32GiB   0.02%
cliente_hqc4    15.67%    4.141MiB / 23.32GiB   0.02%
cliente_hqc2    22.71%    4.676MiB / 23.32GiB   0.02%
cliente_hqc1    27.93%    3.926MiB / 23.32GiB   0.02%
servidor_hqc    237.14%   23.56MiB / 23.32GiB   0.10%
--- 2026-06-04_07:06:34 ---
NAME            CPU %     MEM USAGE / LIMIT     MEM %
cliente_hqc36   22.99%    4.188MiB / 23.32GiB   0.02%
cliente_hqc35   21.00%    4.082MiB / 23.32GiB   0.02%
cliente_hqc34   23.68%    4.32MiB / 23.32GiB    0.02%
cliente_hqc33   18.48%    4.082MiB / 23.32GiB   0.02%
cliente_hqc32   29.76%    4.395MiB / 23.32GiB   0.02%
cliente_hqc28   24.95%    4.152MiB / 23.32GiB   0.02%
cliente_hqc27   28.78%    4.246MiB / 23.32GiB   0.02%
cliente_hqc26   17.60%    4.07MiB / 23.32GiB    0.02%
cliente_hqc24   22.91%    4.316MiB / 23.32GiB   0.02%
cliente_hqc23   23.98%    4.449MiB / 23.32GiB   0.02%
cliente_hqc21   14.81%    4.062MiB / 23.32GiB   0.02%
cliente_hqc20   14.52%    3.93MiB / 23.32GiB    0.02%
cliente_hqc18   32.94%    4.141MiB / 23.32GiB   0.02%
cliente_hqc17   22.80%    4.074MiB / 23.32GiB   0.02%
cliente_hqc15   19.90%    4.426MiB / 23.32GiB   0.02%
cliente_hqc14   20.77%    4.102MiB / 23.32GiB   0.02%
cliente_hqc13   22.81%    4.488MiB / 23.32GiB   0.02%
cliente_hqc12   14.17%    4.098MiB / 23.32GiB   0.02%
cliente_hqc7    21.02%    4.711MiB / 23.32GiB   0.02%
cliente_hqc6    17.43%    4.086MiB / 23.32GiB   0.02%
cliente_hqc4    20.92%    4.109MiB / 23.32GiB   0.02%
cliente_hqc2    20.95%    4.625MiB / 23.32GiB   0.02%
cliente_hqc1    18.24%    4.074MiB / 23.32GiB   0.02%
servidor_hqc    258.43%   24.68MiB / 23.32GiB   0.10%
cliente_hqc37   13.99%    4.062MiB / 23.32GiB   0.02%
cliente_hqc38   4.22%     4.094MiB / 23.32GiB   0.02%
--- 2026-06-04_07:06:44 ---
NAME            CPU %     MEM USAGE / LIMIT     MEM %
cliente_hqc38   20.91%    1.918MiB / 23.32GiB   0.01%
cliente_hqc37   21.03%    4.203MiB / 23.32GiB   0.02%
cliente_hqc36   19.84%    4.176MiB / 23.32GiB   0.02%
cliente_hqc35   39.72%    4.207MiB / 23.32GiB   0.02%
cliente_hqc34   22.74%    4.289MiB / 23.32GiB   0.02%
cliente_hqc33   19.06%    4.098MiB / 23.32GiB   0.02%
cliente_hqc32   9.79%     4.16MiB / 23.32GiB    0.02%
cliente_hqc28   20.26%    4.07MiB / 23.32GiB    0.02%
cliente_hqc27   10.13%    4.098MiB / 23.32GiB   0.02%
cliente_hqc26   19.64%    4.09MiB / 23.32GiB    0.02%
cliente_hqc24   5.83%     2.676MiB / 23.32GiB   0.01%
cliente_hqc23   22.82%    4.191MiB / 23.32GiB   0.02%
cliente_hqc21   19.29%    4.082MiB / 23.32GiB   0.02%
cliente_hqc20   5.73%     2.426MiB / 23.32GiB   0.01%
cliente_hqc18   20.08%    4.117MiB / 23.32GiB   0.02%
cliente_hqc17   21.51%    4.168MiB / 23.32GiB   0.02%
cliente_hqc15   5.76%     4.188MiB / 23.32GiB   0.02%
cliente_hqc14   23.37%    3.82MiB / 23.32GiB    0.02%
cliente_hqc13   9.66%     4.074MiB / 23.32GiB   0.02%
cliente_hqc12   20.67%    4.5MiB / 23.32GiB     0.02%
cliente_hqc7    32.62%    3.449MiB / 23.32GiB   0.01%
cliente_hqc6    9.45%     4.344MiB / 23.32GiB   0.02%
cliente_hqc4    29.46%    3.945MiB / 23.32GiB   0.02%
cliente_hqc2    21.87%    4.055MiB / 23.32GiB   0.02%
cliente_hqc1    9.61%     4.043MiB / 23.32GiB   0.02%
servidor_hqc    273.20%   23.97MiB / 23.32GiB   0.10%
cliente_hqc39   25.60%    4.703MiB / 23.32GiB   0.02%
--- 2026-06-04_07:06:50 ---
NAME            CPU %     MEM USAGE / LIMIT     MEM %
cliente_hqc40   24.05%    4.066MiB / 23.32GiB   0.02%
cliente_hqc39   23.49%    3.93MiB / 23.32GiB    0.02%
cliente_hqc37   28.63%    3.637MiB / 23.32GiB   0.02%
cliente_hqc36   17.89%    4.285MiB / 23.32GiB   0.02%
cliente_hqc35   22.56%    3.293MiB / 23.32GiB   0.01%
cliente_hqc34   25.50%    4.445MiB / 23.32GiB   0.02%
cliente_hqc33   20.66%    3.926MiB / 23.32GiB   0.02%
cliente_hqc32   13.94%    4.086MiB / 23.32GiB   0.02%
cliente_hqc28   18.00%    3.902MiB / 23.32GiB   0.02%
cliente_hqc27   29.02%    4.172MiB / 23.32GiB   0.02%
cliente_hqc26   23.33%    3.914MiB / 23.32GiB   0.02%
cliente_hqc24   18.00%    4.059MiB / 23.32GiB   0.02%
cliente_hqc23   25.78%    4.27MiB / 23.32GiB    0.02%
cliente_hqc21   21.91%    4.172MiB / 23.32GiB   0.02%
cliente_hqc20   19.28%    4.043MiB / 23.32GiB   0.02%
cliente_hqc18   10.70%    2.062MiB / 23.32GiB   0.01%
cliente_hqc14   15.57%    4.168MiB / 23.32GiB   0.02%
cliente_hqc13   20.71%    4.094MiB / 23.32GiB   0.02%
cliente_hqc12   15.49%    4.07MiB / 23.32GiB    0.02%
cliente_hqc7    24.45%    4.449MiB / 23.32GiB   0.02%
cliente_hqc6    15.79%    4.094MiB / 23.32GiB   0.02%
cliente_hqc4    24.22%    4.191MiB / 23.32GiB   0.02%
cliente_hqc2    10.66%    3.922MiB / 23.32GiB   0.02%
cliente_hqc1    18.67%    3.656MiB / 23.32GiB   0.02%
servidor_hqc    253.96%   26.12MiB / 23.32GiB   0.11%
--- 2026-06-04_07:06:57 ---
NAME            CPU %     MEM USAGE / LIMIT     MEM %
cliente_hqc41   30.31%    4.184MiB / 23.32GiB   0.02%
cliente_hqc40   15.19%    2.656MiB / 23.32GiB   0.01%
cliente_hqc39   20.15%    2.02MiB / 23.32GiB    0.01%
cliente_hqc37   17.69%    4.098MiB / 23.32GiB   0.02%
cliente_hqc36   24.14%    4.305MiB / 23.32GiB   0.02%
cliente_hqc35   19.28%    4.176MiB / 23.32GiB   0.02%
cliente_hqc34   12.71%    4.414MiB / 23.32GiB   0.02%
cliente_hqc33   16.29%    3.906MiB / 23.32GiB   0.02%
cliente_hqc32   16.10%    4.395MiB / 23.32GiB   0.02%
cliente_hqc28   16.68%    4.371MiB / 23.32GiB   0.02%
cliente_hqc27   24.69%    4.469MiB / 23.32GiB   0.02%
cliente_hqc26   25.44%    4.172MiB / 23.32GiB   0.02%
cliente_hqc24   17.04%    4.18MiB / 23.32GiB    0.02%
cliente_hqc21   26.45%    4.117MiB / 23.32GiB   0.02%
cliente_hqc20   18.63%    4.293MiB / 23.32GiB   0.02%
cliente_hqc18   13.75%    4.32MiB / 23.32GiB    0.02%
cliente_hqc14   24.20%    2.297MiB / 23.32GiB   0.01%
cliente_hqc13   31.36%    4.543MiB / 23.32GiB   0.02%
cliente_hqc12   15.39%    4.16MiB / 23.32GiB    0.02%
cliente_hqc7    19.59%    4.469MiB / 23.32GiB   0.02%
cliente_hqc6    35.49%    3.93MiB / 23.32GiB    0.02%
cliente_hqc2    34.35%    4.438MiB / 23.32GiB   0.02%
cliente_hqc1    20.01%    4.316MiB / 23.32GiB   0.02%
servidor_hqc    254.60%   25.96MiB / 23.32GiB   0.11%
--- 2026-06-04_07:07:01 ---
NAME            CPU %     MEM USAGE / LIMIT     MEM %
cliente_hqc42   29.25%    4.078MiB / 23.32GiB   0.02%
cliente_hqc41   15.63%    4.148MiB / 23.32GiB   0.02%
cliente_hqc40   19.95%    4.164MiB / 23.32GiB   0.02%
cliente_hqc39   18.46%    3.945MiB / 23.32GiB   0.02%
cliente_hqc37   18.64%    4.086MiB / 23.32GiB   0.02%
cliente_hqc36   17.12%    4.18MiB / 23.32GiB    0.02%
cliente_hqc35   18.90%    4.07MiB / 23.32GiB    0.02%
cliente_hqc34   25.38%    3.934MiB / 23.32GiB   0.02%
cliente_hqc33   10.26%    3.91MiB / 23.32GiB    0.02%
cliente_hqc32   24.10%    4.09MiB / 23.32GiB    0.02%
cliente_hqc28   25.91%    3.941MiB / 23.32GiB   0.02%
cliente_hqc27   32.01%    4.344MiB / 23.32GiB   0.02%
cliente_hqc26   23.65%    3.895MiB / 23.32GiB   0.02%
cliente_hqc24   10.16%    2.145MiB / 23.32GiB   0.01%
cliente_hqc21   20.88%    4.16MiB / 23.32GiB    0.02%
cliente_hqc20   18.21%    3.766MiB / 23.32GiB   0.02%
cliente_hqc18   13.22%    4.09MiB / 23.32GiB    0.02%
cliente_hqc14   19.07%    3.934MiB / 23.32GiB   0.02%
cliente_hqc13   19.40%    4.062MiB / 23.32GiB   0.02%
cliente_hqc12   23.97%    4.504MiB / 23.32GiB   0.02%
cliente_hqc7    22.87%    4.32MiB / 23.32GiB    0.02%
cliente_hqc6    24.48%    4.043MiB / 23.32GiB   0.02%
cliente_hqc2    14.92%    4.176MiB / 23.32GiB   0.02%
cliente_hqc1    18.39%    3.918MiB / 23.32GiB   0.02%
servidor_hqc    232.55%   26.23MiB / 23.32GiB   0.11%
--- 2026-06-04_07:07:06 ---
NAME            CPU %     MEM USAGE / LIMIT     MEM %
cliente_hqc43   13.54%    4.32MiB / 23.32GiB    0.02%
cliente_hqc42   19.04%    4.059MiB / 23.32GiB   0.02%
cliente_hqc41   13.68%    4.066MiB / 23.32GiB   0.02%
cliente_hqc40   24.74%    4.16MiB / 23.32GiB    0.02%
cliente_hqc39   38.56%    4.383MiB / 23.32GiB   0.02%
cliente_hqc37   14.77%    3.926MiB / 23.32GiB   0.02%
cliente_hqc36   25.30%    3.984MiB / 23.32GiB   0.02%
cliente_hqc35   9.17%     4.062MiB / 23.32GiB   0.02%
cliente_hqc34   9.61%     4.441MiB / 23.32GiB   0.02%
cliente_hqc33   12.38%    4.047MiB / 23.32GiB   0.02%
cliente_hqc32   13.38%    4.324MiB / 23.32GiB   0.02%
cliente_hqc28   10.90%    2.898MiB / 23.32GiB   0.01%
cliente_hqc27   18.19%    3.801MiB / 23.32GiB   0.02%
cliente_hqc26   18.88%    4.625MiB / 23.32GiB   0.02%
cliente_hqc24   24.68%    3.941MiB / 23.32GiB   0.02%
cliente_hqc21   14.68%    4.066MiB / 23.32GiB   0.02%
cliente_hqc20   25.05%    4.117MiB / 23.32GiB   0.02%
cliente_hqc18   29.23%    4.098MiB / 23.32GiB   0.02%
cliente_hqc14   19.60%    4.047MiB / 23.32GiB   0.02%
cliente_hqc13   10.52%    4.176MiB / 23.32GiB   0.02%
cliente_hqc12   13.59%    4.094MiB / 23.32GiB   0.02%
cliente_hqc7    21.26%    4.191MiB / 23.32GiB   0.02%
cliente_hqc6    10.46%    4.062MiB / 23.32GiB   0.02%
cliente_hqc2    23.13%    4.102MiB / 23.32GiB   0.02%
cliente_hqc1    27.13%    4.113MiB / 23.32GiB   0.02%
servidor_hqc    258.90%   26.46MiB / 23.32GiB   0.11%
cliente_hqc44   10.88%    1.227MiB / 23.32GiB   0.01%
--- 2026-06-04_07:07:11 ---
NAME            CPU %     MEM USAGE / LIMIT     MEM %
cliente_hqc44   12.22%    4.078MiB / 23.32GiB   0.02%
cliente_hqc43   17.50%    4.062MiB / 23.32GiB   0.02%
cliente_hqc42   13.85%    4.199MiB / 23.32GiB   0.02%
cliente_hqc41   20.71%    4.18MiB / 23.32GiB    0.02%
cliente_hqc40   35.15%    4.551MiB / 23.32GiB   0.02%
cliente_hqc39   15.03%    3.645MiB / 23.32GiB   0.02%
cliente_hqc37   18.82%    3.965MiB / 23.32GiB   0.02%
cliente_hqc36   14.07%    4.035MiB / 23.32GiB   0.02%
cliente_hqc35   17.32%    4.059MiB / 23.32GiB   0.02%
cliente_hqc34   18.56%    1.242MiB / 23.32GiB   0.01%
cliente_hqc33   20.03%    3.922MiB / 23.32GiB   0.02%
cliente_hqc28   25.56%    4.152MiB / 23.32GiB   0.02%
cliente_hqc27   33.23%    3.621MiB / 23.32GiB   0.02%
cliente_hqc26   21.46%    4.078MiB / 23.32GiB   0.02%
cliente_hqc24   25.71%    3.926MiB / 23.32GiB   0.02%
cliente_hqc21   12.64%    1.75MiB / 23.32GiB    0.01%
cliente_hqc20   12.64%    4.07MiB / 23.32GiB    0.02%
cliente_hqc18   21.87%    4.086MiB / 23.32GiB   0.02%
cliente_hqc14   12.38%    3.945MiB / 23.32GiB   0.02%
cliente_hqc13   9.18%     4.094MiB / 23.32GiB   0.02%
cliente_hqc12   20.32%    4.316MiB / 23.32GiB   0.02%
cliente_hqc7    17.49%    4.34MiB / 23.32GiB    0.02%
cliente_hqc6    12.25%    4.078MiB / 23.32GiB   0.02%
cliente_hqc2    23.54%    1.387MiB / 23.32GiB   0.01%
cliente_hqc1    22.14%    4.516MiB / 23.32GiB   0.02%
servidor_hqc    273.61%   26.9MiB / 23.32GiB    0.11%
cliente_hqc45   23.38%    4.289MiB / 23.32GiB   0.02%
--- 2026-06-04_07:07:16 ---
NAME            CPU %     MEM USAGE / LIMIT     MEM %
cliente_hqc45   25.08%    4.027MiB / 23.32GiB   0.02%
cliente_hqc44   13.93%    4.066MiB / 23.32GiB   0.02%
cliente_hqc42   23.94%    4.266MiB / 23.32GiB   0.02%
cliente_hqc41   19.43%    4.074MiB / 23.32GiB   0.02%
cliente_hqc40   28.66%    4.191MiB / 23.32GiB   0.02%
cliente_hqc39   22.03%    4.227MiB / 23.32GiB   0.02%
cliente_hqc36   30.46%    4.078MiB / 23.32GiB   0.02%
cliente_hqc35   26.13%    4.656MiB / 23.32GiB   0.02%
cliente_hqc34   22.14%    4.379MiB / 23.32GiB   0.02%
cliente_hqc33   24.71%    1.816MiB / 23.32GiB   0.01%
cliente_hqc28   21.19%    4.398MiB / 23.32GiB   0.02%
cliente_hqc27   23.32%    4.297MiB / 23.32GiB   0.02%
cliente_hqc26   18.02%    1.391MiB / 23.32GiB   0.01%
cliente_hqc21   19.67%    4.07MiB / 23.32GiB    0.02%
cliente_hqc20   36.14%    4.082MiB / 23.32GiB   0.02%
cliente_hqc18   21.71%    4.312MiB / 23.32GiB   0.02%
cliente_hqc14   18.93%    2.871MiB / 23.32GiB   0.01%
cliente_hqc13   25.58%    4.086MiB / 23.32GiB   0.02%
cliente_hqc12   10.55%    4.18MiB / 23.32GiB    0.02%
cliente_hqc7    24.53%    4.07MiB / 23.32GiB    0.02%
cliente_hqc6    21.28%    4.172MiB / 23.32GiB   0.02%
cliente_hqc2    33.78%    3.879MiB / 23.32GiB   0.02%
servidor_hqc    251.81%   27.34MiB / 23.32GiB   0.11%
cliente_hqc46   26.63%    3.949MiB / 23.32GiB   0.02%
--- 2026-06-04_07:07:26 ---
NAME            CPU %     MEM USAGE / LIMIT     MEM %
cliente_hqc46   40.23%    4.324MiB / 23.32GiB   0.02%
cliente_hqc45   24.18%    4.176MiB / 23.32GiB   0.02%
cliente_hqc44   22.49%    4.633MiB / 23.32GiB   0.02%
cliente_hqc42   31.91%    4.379MiB / 23.32GiB   0.02%
cliente_hqc41   16.76%    4.262MiB / 23.32GiB   0.02%
cliente_hqc39   19.66%    4.461MiB / 23.32GiB   0.02%
cliente_hqc36   13.71%    4.328MiB / 23.32GiB   0.02%
cliente_hqc34   20.93%    4.098MiB / 23.32GiB   0.02%
cliente_hqc33   10.37%    4.074MiB / 23.32GiB   0.02%
cliente_hqc28   27.74%    4.18MiB / 23.32GiB    0.02%
cliente_hqc27   10.50%    1.301MiB / 23.32GiB   0.01%
cliente_hqc26   22.95%    4.234MiB / 23.32GiB   0.02%
cliente_hqc21   23.66%    4.062MiB / 23.32GiB   0.02%
cliente_hqc18   35.98%    3.469MiB / 23.32GiB   0.01%
cliente_hqc14   22.46%    4.395MiB / 23.32GiB   0.02%
cliente_hqc13   20.06%    3.938MiB / 23.32GiB   0.02%
cliente_hqc12   26.42%    4.66MiB / 23.32GiB    0.02%
cliente_hqc7    32.34%    4.453MiB / 23.32GiB   0.02%
cliente_hqc6    23.57%    4.176MiB / 23.32GiB   0.02%
servidor_hqc    273.33%   28.12MiB / 23.32GiB   0.12%
cliente_hqc47   25.51%    4.316MiB / 23.32GiB   0.02%
--- 2026-06-04_07:07:32 ---
NAME            CPU %     MEM USAGE / LIMIT     MEM %
cliente_hqc48   19.93%    4.113MiB / 23.32GiB   0.02%
cliente_hqc47   30.17%    4.309MiB / 23.32GiB   0.02%
cliente_hqc46   11.38%    2.555MiB / 23.32GiB   0.01%
cliente_hqc45   22.66%    3.906MiB / 23.32GiB   0.02%
cliente_hqc44   19.27%    4.129MiB / 23.32GiB   0.02%
cliente_hqc42   18.94%    4.184MiB / 23.32GiB   0.02%
cliente_hqc41   36.26%    4.172MiB / 23.32GiB   0.02%
cliente_hqc39   22.39%    4.016MiB / 23.32GiB   0.02%
cliente_hqc36   13.92%    4.082MiB / 23.32GiB   0.02%
cliente_hqc34   36.14%    2.809MiB / 23.32GiB   0.01%
cliente_hqc33   19.73%    4.066MiB / 23.32GiB   0.02%
cliente_hqc28   20.96%    2.867MiB / 23.32GiB   0.01%
cliente_hqc27   17.83%    4.051MiB / 23.32GiB   0.02%
cliente_hqc26   26.89%    4.258MiB / 23.32GiB   0.02%
cliente_hqc21   35.39%    4.086MiB / 23.32GiB   0.02%
cliente_hqc18   33.41%    4.367MiB / 23.32GiB   0.02%
cliente_hqc14   15.58%    1.426MiB / 23.32GiB   0.01%
cliente_hqc13   15.43%    3.062MiB / 23.32GiB   0.01%
cliente_hqc12   22.81%    4.074MiB / 23.32GiB   0.02%
cliente_hqc7    25.35%    4.293MiB / 23.32GiB   0.02%
cliente_hqc6    19.28%    3.926MiB / 23.32GiB   0.02%
servidor_hqc    238.86%   26.96MiB / 23.32GiB   0.11%
--- 2026-06-04_07:07:36 ---
NAME            CPU %     MEM USAGE / LIMIT     MEM %
cliente_hqc49   20.23%    4.191MiB / 23.32GiB   0.02%
cliente_hqc48   28.83%    4.062MiB / 23.32GiB   0.02%
cliente_hqc47   14.16%    4.312MiB / 23.32GiB   0.02%
cliente_hqc46   10.02%    4.164MiB / 23.32GiB   0.02%
cliente_hqc45   22.93%    4.062MiB / 23.32GiB   0.02%
cliente_hqc44   16.61%    3.934MiB / 23.32GiB   0.02%
cliente_hqc42   19.11%    4.309MiB / 23.32GiB   0.02%
cliente_hqc41   24.45%    4.176MiB / 23.32GiB   0.02%
cliente_hqc39   34.51%    3.953MiB / 23.32GiB   0.02%
cliente_hqc36   19.77%    4.098MiB / 23.32GiB   0.02%
cliente_hqc34   17.24%    4.629MiB / 23.32GiB   0.02%
cliente_hqc33   18.57%    4.426MiB / 23.32GiB   0.02%
cliente_hqc28   31.39%    4.188MiB / 23.32GiB   0.02%
cliente_hqc27   25.36%    3.957MiB / 23.32GiB   0.02%
cliente_hqc26   27.33%    4.168MiB / 23.32GiB   0.02%
cliente_hqc21   13.59%    4.164MiB / 23.32GiB   0.02%
cliente_hqc18   22.23%    1.383MiB / 23.32GiB   0.01%
cliente_hqc14   22.58%    4.105MiB / 23.32GiB   0.02%
cliente_hqc13   26.41%    3.297MiB / 23.32GiB   0.01%
cliente_hqc12   25.28%    4.512MiB / 23.32GiB   0.02%
cliente_hqc7    23.38%    1.742MiB / 23.32GiB   0.01%
cliente_hqc6    18.91%    4.184MiB / 23.32GiB   0.02%
servidor_hqc    249.16%   28.18MiB / 23.32GiB   0.12%
cliente_hqc50   13.28%    3.492MiB / 23.32GiB   0.01%
--- 2026-06-04_07:07:41 ---
NAME            CPU %     MEM USAGE / LIMIT     MEM %
cliente_hqc50   20.21%    4.414MiB / 23.32GiB   0.02%
cliente_hqc49   26.02%    4.184MiB / 23.32GiB   0.02%
cliente_hqc48   24.98%    4.191MiB / 23.32GiB   0.02%
cliente_hqc47   27.33%    3.871MiB / 23.32GiB   0.02%
cliente_hqc46   31.34%    4.383MiB / 23.32GiB   0.02%
cliente_hqc45   19.77%    3.984MiB / 23.32GiB   0.02%
cliente_hqc44   25.16%    2.004MiB / 23.32GiB   0.01%
cliente_hqc42   19.84%    4.074MiB / 23.32GiB   0.02%
cliente_hqc41   9.39%     4.102MiB / 23.32GiB   0.02%
cliente_hqc39   18.81%    4.059MiB / 23.32GiB   0.02%
cliente_hqc36   25.79%    3.918MiB / 23.32GiB   0.02%
cliente_hqc34   32.12%    4.258MiB / 23.32GiB   0.02%
cliente_hqc33   20.17%    4.328MiB / 23.32GiB   0.02%
cliente_hqc28   16.12%    4.277MiB / 23.32GiB   0.02%
cliente_hqc27   15.44%    4.324MiB / 23.32GiB   0.02%
cliente_hqc26   16.93%    3.988MiB / 23.32GiB   0.02%
cliente_hqc21   29.41%    3.938MiB / 23.32GiB   0.02%
cliente_hqc18   20.17%    4.168MiB / 23.32GiB   0.02%
cliente_hqc14   25.88%    3.926MiB / 23.32GiB   0.02%
cliente_hqc13   33.34%    4.137MiB / 23.32GiB   0.02%
cliente_hqc12   15.63%    4.102MiB / 23.32GiB   0.02%
cliente_hqc7    29.60%    4.332MiB / 23.32GiB   0.02%
cliente_hqc6    35.91%    4.852MiB / 23.32GiB   0.02%
servidor_hqc    251.62%   28.2MiB / 23.32GiB    0.12%
--- 2026-06-04_07:07:46 ---
NAME            CPU %     MEM USAGE / LIMIT     MEM %
cliente_hqc50   29.20%    4.188MiB / 23.32GiB   0.02%
cliente_hqc49   19.35%    4.094MiB / 23.32GiB   0.02%
cliente_hqc48   22.77%    4.785MiB / 23.32GiB   0.02%
cliente_hqc47   13.62%    4.09MiB / 23.32GiB    0.02%
cliente_hqc46   22.13%    4.289MiB / 23.32GiB   0.02%
cliente_hqc45   19.31%    4.469MiB / 23.32GiB   0.02%
cliente_hqc44   15.21%    4.004MiB / 23.32GiB   0.02%
cliente_hqc42   32.74%    3.941MiB / 23.32GiB   0.02%
cliente_hqc41   20.82%    4.086MiB / 23.32GiB   0.02%
cliente_hqc39   17.74%    4.035MiB / 23.32GiB   0.02%
cliente_hqc36   27.63%    1.906MiB / 23.32GiB   0.01%
cliente_hqc34   28.33%    4.328MiB / 23.32GiB   0.02%
cliente_hqc33   24.21%    4.066MiB / 23.32GiB   0.02%
cliente_hqc28   20.20%    4.473MiB / 23.32GiB   0.02%
cliente_hqc27   22.99%    4.586MiB / 23.32GiB   0.02%
cliente_hqc26   18.51%    4.094MiB / 23.32GiB   0.02%
cliente_hqc21   30.71%    4.191MiB / 23.32GiB   0.02%
cliente_hqc18   19.11%    4.059MiB / 23.32GiB   0.02%
cliente_hqc14   20.15%    3.938MiB / 23.32GiB   0.02%
cliente_hqc13   19.46%    3.926MiB / 23.32GiB   0.02%
cliente_hqc12   21.19%    3.293MiB / 23.32GiB   0.01%
cliente_hqc7    15.37%    4.16MiB / 23.32GiB    0.02%
cliente_hqc6    24.89%    3.961MiB / 23.32GiB   0.02%
servidor_hqc    271.30%   28.4MiB / 23.32GiB    0.12%
--- 2026-06-04_07:07:50 ---
NAME            CPU %     MEM USAGE / LIMIT     MEM %
cliente_hqc50   20.57%    4.207MiB / 23.32GiB   0.02%
cliente_hqc49   15.35%    4.078MiB / 23.32GiB   0.02%
cliente_hqc48   33.33%    4.074MiB / 23.32GiB   0.02%
cliente_hqc47   15.58%    3.941MiB / 23.32GiB   0.02%
cliente_hqc46   16.41%    4.082MiB / 23.32GiB   0.02%
cliente_hqc45   19.58%    4.164MiB / 23.32GiB   0.02%
cliente_hqc44   13.91%    4.051MiB / 23.32GiB   0.02%
cliente_hqc42   39.87%    4.258MiB / 23.32GiB   0.02%
cliente_hqc41   14.27%    4.055MiB / 23.32GiB   0.02%
cliente_hqc39   22.21%    4.305MiB / 23.32GiB   0.02%
cliente_hqc36   15.09%    4.184MiB / 23.32GiB   0.02%
cliente_hqc34   13.58%    4.188MiB / 23.32GiB   0.02%
cliente_hqc33   19.66%    4.578MiB / 23.32GiB   0.02%
cliente_hqc28   14.53%    4.422MiB / 23.32GiB   0.02%
cliente_hqc27   30.09%    4.191MiB / 23.32GiB   0.02%
cliente_hqc26   20.49%    4.16MiB / 23.32GiB    0.02%
cliente_hqc21   25.58%    4.48MiB / 23.32GiB    0.02%
cliente_hqc18   14.14%    4.059MiB / 23.32GiB   0.02%
cliente_hqc14   29.90%    4.16MiB / 23.32GiB    0.02%
cliente_hqc13   17.46%    3.945MiB / 23.32GiB   0.02%
cliente_hqc12   39.16%    4.309MiB / 23.32GiB   0.02%
cliente_hqc7    13.31%    3.875MiB / 23.32GiB   0.02%
cliente_hqc6    22.70%    3.605MiB / 23.32GiB   0.02%
servidor_hqc    282.74%   27.93MiB / 23.32GiB   0.12%
--- 2026-06-04_07:07:55 ---
NAME            CPU %     MEM USAGE / LIMIT     MEM %
cliente_hqc50   17.87%    4.094MiB / 23.32GiB   0.02%
cliente_hqc49   29.53%    4.246MiB / 23.32GiB   0.02%
cliente_hqc48   29.78%    4.094MiB / 23.32GiB   0.02%
cliente_hqc47   23.57%    4.328MiB / 23.32GiB   0.02%
cliente_hqc46   20.01%    4.496MiB / 23.32GiB   0.02%
cliente_hqc45   7.25%     4.188MiB / 23.32GiB   0.02%
cliente_hqc44   28.74%    4.598MiB / 23.32GiB   0.02%
cliente_hqc42   24.08%    4.355MiB / 23.32GiB   0.02%
cliente_hqc41   13.75%    4.32MiB / 23.32GiB    0.02%
cliente_hqc39   21.82%    4.074MiB / 23.32GiB   0.02%
cliente_hqc36   18.95%    4.059MiB / 23.32GiB   0.02%
cliente_hqc34   35.57%    4.223MiB / 23.32GiB   0.02%
cliente_hqc33   32.82%    4.914MiB / 23.32GiB   0.02%
cliente_hqc28   19.01%    4.344MiB / 23.32GiB   0.02%
cliente_hqc27   16.22%    3.934MiB / 23.32GiB   0.02%
cliente_hqc26   13.34%    4.055MiB / 23.32GiB   0.02%
cliente_hqc21   32.25%    4.066MiB / 23.32GiB   0.02%
cliente_hqc18   16.10%    3.938MiB / 23.32GiB   0.02%
cliente_hqc14   20.54%    3.953MiB / 23.32GiB   0.02%
cliente_hqc13   22.17%    4.074MiB / 23.32GiB   0.02%
cliente_hqc12   9.94%     3.941MiB / 23.32GiB   0.02%
cliente_hqc7    24.19%    4.129MiB / 23.32GiB   0.02%
cliente_hqc6    42.39%    4.352MiB / 23.32GiB   0.02%
servidor_hqc    264.15%   27.78MiB / 23.32GiB   0.12%
--- 2026-06-04_07:07:59 ---
NAME            CPU %     MEM USAGE / LIMIT     MEM %
cliente_hqc50   15.60%    4.117MiB / 23.32GiB   0.02%
cliente_hqc49   27.16%    4.102MiB / 23.32GiB   0.02%
cliente_hqc48   24.06%    4.148MiB / 23.32GiB   0.02%
cliente_hqc47   17.62%    4.234MiB / 23.32GiB   0.02%
cliente_hqc46   24.45%    4.145MiB / 23.32GiB   0.02%
cliente_hqc45   18.58%    4.191MiB / 23.32GiB   0.02%
cliente_hqc44   21.12%    4.145MiB / 23.32GiB   0.02%
cliente_hqc42   24.11%    4.16MiB / 23.32GiB    0.02%
cliente_hqc41   23.34%    4.324MiB / 23.32GiB   0.02%
cliente_hqc39   15.72%    4.125MiB / 23.32GiB   0.02%
cliente_hqc36   19.20%    3.934MiB / 23.32GiB   0.02%
cliente_hqc34   25.86%    4.387MiB / 23.32GiB   0.02%
cliente_hqc33   19.47%    4.32MiB / 23.32GiB    0.02%
cliente_hqc28   17.77%    4.098MiB / 23.32GiB   0.02%
cliente_hqc27   23.22%    4.328MiB / 23.32GiB   0.02%
cliente_hqc26   26.00%    3.34MiB / 23.32GiB    0.01%
cliente_hqc21   23.37%    4.082MiB / 23.32GiB   0.02%
cliente_hqc18   25.80%    4.234MiB / 23.32GiB   0.02%
cliente_hqc14   29.68%    4.438MiB / 23.32GiB   0.02%
cliente_hqc13   20.72%    3.227MiB / 23.32GiB   0.01%
cliente_hqc12   23.53%    4.328MiB / 23.32GiB   0.02%
cliente_hqc7    27.62%    4.422MiB / 23.32GiB   0.02%
cliente_hqc6    23.27%    4.18MiB / 23.32GiB    0.02%
servidor_hqc    270.86%   28.36MiB / 23.32GiB   0.12%
--- 2026-06-04_07:08:03 ---
NAME            CPU %     MEM USAGE / LIMIT     MEM %
cliente_hqc50   24.41%    4.457MiB / 23.32GiB   0.02%
cliente_hqc49   19.89%    4.148MiB / 23.32GiB   0.02%
cliente_hqc48   33.44%    4.191MiB / 23.32GiB   0.02%
cliente_hqc47   27.43%    4.52MiB / 23.32GiB    0.02%
cliente_hqc46   14.31%    4.074MiB / 23.32GiB   0.02%
cliente_hqc45   35.27%    1.195MiB / 23.32GiB   0.01%
cliente_hqc44   39.35%    4.148MiB / 23.32GiB   0.02%
cliente_hqc42   24.21%    3.629MiB / 23.32GiB   0.02%
cliente_hqc41   15.73%    3.922MiB / 23.32GiB   0.02%
cliente_hqc39   32.88%    4.086MiB / 23.32GiB   0.02%
cliente_hqc36   15.41%    4.18MiB / 23.32GiB    0.02%
cliente_hqc34   29.33%    4.078MiB / 23.32GiB   0.02%
cliente_hqc33   19.17%    4.121MiB / 23.32GiB   0.02%
cliente_hqc28   26.97%    4.312MiB / 23.32GiB   0.02%
cliente_hqc27   15.48%    4.156MiB / 23.32GiB   0.02%
cliente_hqc26   22.45%    4.23MiB / 23.32GiB    0.02%
cliente_hqc21   19.67%    3.996MiB / 23.32GiB   0.02%
cliente_hqc18   22.89%    4.035MiB / 23.32GiB   0.02%
cliente_hqc14   14.68%    4.238MiB / 23.32GiB   0.02%
cliente_hqc13   15.60%    1.855MiB / 23.32GiB   0.01%
cliente_hqc12   14.00%    4.094MiB / 23.32GiB   0.02%
cliente_hqc7    25.21%    4.383MiB / 23.32GiB   0.02%
cliente_hqc6    23.23%    3.48MiB / 23.32GiB    0.01%
servidor_hqc    255.81%   27.95MiB / 23.32GiB   0.12%
--- 2026-06-04_07:08:08 ---
NAME            CPU %     MEM USAGE / LIMIT     MEM %
cliente_hqc50   20.12%    4.336MiB / 23.32GiB   0.02%
cliente_hqc49   29.03%    4.305MiB / 23.32GiB   0.02%
cliente_hqc48   19.96%    3.945MiB / 23.32GiB   0.02%
cliente_hqc47   20.04%    4.184MiB / 23.32GiB   0.02%
cliente_hqc46   26.96%    4.062MiB / 23.32GiB   0.02%
cliente_hqc45   23.20%    4.316MiB / 23.32GiB   0.02%
cliente_hqc44   13.59%    4.262MiB / 23.32GiB   0.02%
cliente_hqc42   36.61%    4.199MiB / 23.32GiB   0.02%
cliente_hqc41   14.49%    4.098MiB / 23.32GiB   0.02%
cliente_hqc39   21.24%    4.309MiB / 23.32GiB   0.02%
cliente_hqc36   24.38%    4.195MiB / 23.32GiB   0.02%
cliente_hqc34   11.02%    4.137MiB / 23.32GiB   0.02%
cliente_hqc33   22.81%    4.301MiB / 23.32GiB   0.02%
cliente_hqc28   28.05%    4.445MiB / 23.32GiB   0.02%
cliente_hqc27   22.22%    4.352MiB / 23.32GiB   0.02%
cliente_hqc26   13.79%    4.312MiB / 23.32GiB   0.02%
cliente_hqc21   16.05%    4.031MiB / 23.32GiB   0.02%
cliente_hqc18   40.10%    4.285MiB / 23.32GiB   0.02%
cliente_hqc14   31.39%    4.383MiB / 23.32GiB   0.02%
cliente_hqc13   9.45%     4.316MiB / 23.32GiB   0.02%
cliente_hqc12   23.99%    4.535MiB / 23.32GiB   0.02%
cliente_hqc7    15.85%    4.379MiB / 23.32GiB   0.02%
cliente_hqc6    23.78%    4.383MiB / 23.32GiB   0.02%
servidor_hqc    276.85%   28.65MiB / 23.32GiB   0.12%
--- 2026-06-04_07:08:12 ---
NAME            CPU %     MEM USAGE / LIMIT     MEM %
cliente_hqc50   22.80%    4.105MiB / 23.32GiB   0.02%
cliente_hqc49   28.10%    4.285MiB / 23.32GiB   0.02%
cliente_hqc48   22.09%    4.062MiB / 23.32GiB   0.02%
cliente_hqc47   23.61%    2.188MiB / 23.32GiB   0.01%
cliente_hqc46   24.38%    3.977MiB / 23.32GiB   0.02%
cliente_hqc45   15.13%    3.934MiB / 23.32GiB   0.02%
cliente_hqc44   10.96%    4.172MiB / 23.32GiB   0.02%
cliente_hqc42   16.48%    3.93MiB / 23.32GiB    0.02%
cliente_hqc41   25.78%    4.223MiB / 23.32GiB   0.02%
cliente_hqc39   19.60%    4.266MiB / 23.32GiB   0.02%
cliente_hqc36   21.88%    4.18MiB / 23.32GiB    0.02%
cliente_hqc34   27.99%    4.176MiB / 23.32GiB   0.02%
cliente_hqc33   22.61%    4.047MiB / 23.32GiB   0.02%
cliente_hqc28   18.98%    4.414MiB / 23.32GiB   0.02%
cliente_hqc27   19.54%    4.328MiB / 23.32GiB   0.02%
cliente_hqc26   18.54%    4.152MiB / 23.32GiB   0.02%
cliente_hqc21   22.74%    4.328MiB / 23.32GiB   0.02%
cliente_hqc18   28.85%    4.074MiB / 23.32GiB   0.02%
cliente_hqc14   25.00%    4.172MiB / 23.32GiB   0.02%
cliente_hqc13   19.05%    4.191MiB / 23.32GiB   0.02%
cliente_hqc12   29.03%    4.441MiB / 23.32GiB   0.02%
cliente_hqc7    25.17%    3.074MiB / 23.32GiB   0.01%
cliente_hqc6    30.16%    4.082MiB / 23.32GiB   0.02%
servidor_hqc    254.68%   28.03MiB / 23.32GiB   0.12%
--- 2026-06-04_07:08:16 ---
NAME            CPU %     MEM USAGE / LIMIT     MEM %
cliente_hqc50   26.21%    4.184MiB / 23.32GiB   0.02%
cliente_hqc49   19.32%    4.738MiB / 23.32GiB   0.02%
cliente_hqc48   25.51%    4.219MiB / 23.32GiB   0.02%
cliente_hqc47   22.80%    4.32MiB / 23.32GiB    0.02%
cliente_hqc46   20.67%    4.074MiB / 23.32GiB   0.02%
cliente_hqc45   23.97%    3.949MiB / 23.32GiB   0.02%
cliente_hqc44   27.85%    4.57MiB / 23.32GiB    0.02%
cliente_hqc42   29.73%    3.418MiB / 23.32GiB   0.01%
cliente_hqc41   15.51%    4.16MiB / 23.32GiB    0.02%
cliente_hqc39   26.61%    4.637MiB / 23.32GiB   0.02%
cliente_hqc36   20.58%    3.93MiB / 23.32GiB    0.02%
cliente_hqc34   18.44%    4.105MiB / 23.32GiB   0.02%
cliente_hqc33   28.15%    4.32MiB / 23.32GiB    0.02%
cliente_hqc28   20.08%    4.422MiB / 23.32GiB   0.02%
cliente_hqc27   19.40%    4.168MiB / 23.32GiB   0.02%
cliente_hqc26   20.10%    4.09MiB / 23.32GiB    0.02%
cliente_hqc21   23.39%    3.934MiB / 23.32GiB   0.02%
cliente_hqc18   27.68%    4.18MiB / 23.32GiB    0.02%
cliente_hqc14   18.46%    4.203MiB / 23.32GiB   0.02%
cliente_hqc13   30.41%    4.414MiB / 23.32GiB   0.02%
cliente_hqc12   19.30%    792KiB / 23.32GiB     0.00%
cliente_hqc7    16.13%    4.176MiB / 23.32GiB   0.02%
cliente_hqc6    20.86%    4.309MiB / 23.32GiB   0.02%
servidor_hqc    263.84%   28.52MiB / 23.32GiB   0.12%
--- 2026-06-04_07:08:21 ---
NAME            CPU %     MEM USAGE / LIMIT     MEM %
cliente_hqc50   15.50%    3.93MiB / 23.32GiB    0.02%
cliente_hqc49   19.24%    3.789MiB / 23.32GiB   0.02%
cliente_hqc48   38.17%    4.172MiB / 23.32GiB   0.02%
cliente_hqc47   11.85%    4.105MiB / 23.32GiB   0.02%
cliente_hqc46   32.50%    4.219MiB / 23.32GiB   0.02%
cliente_hqc45   10.19%    4.102MiB / 23.32GiB   0.02%
cliente_hqc44   14.71%    4.332MiB / 23.32GiB   0.02%
cliente_hqc42   26.78%    4.07MiB / 23.32GiB    0.02%
cliente_hqc41   16.49%    4.066MiB / 23.32GiB   0.02%
cliente_hqc39   25.98%    4.18MiB / 23.32GiB    0.02%
cliente_hqc36   19.59%    4.789MiB / 23.32GiB   0.02%
cliente_hqc34   35.50%    4.25MiB / 23.32GiB    0.02%
cliente_hqc33   43.07%    4.074MiB / 23.32GiB   0.02%
cliente_hqc28   12.97%    3.977MiB / 23.32GiB   0.02%
cliente_hqc27   21.57%    4.719MiB / 23.32GiB   0.02%
cliente_hqc26   24.72%    4.309MiB / 23.32GiB   0.02%
cliente_hqc21   19.39%    4.82MiB / 23.32GiB    0.02%
cliente_hqc18   22.49%    4.336MiB / 23.32GiB   0.02%
cliente_hqc14   23.90%    4.547MiB / 23.32GiB   0.02%
cliente_hqc13   13.61%    4.055MiB / 23.32GiB   0.02%
cliente_hqc12   29.76%    4.164MiB / 23.32GiB   0.02%
cliente_hqc6    19.12%    4.168MiB / 23.32GiB   0.02%
servidor_hqc    261.21%   27.8MiB / 23.32GiB    0.12%
--- 2026-06-04_07:08:27 ---
NAME            CPU %     MEM USAGE / LIMIT     MEM %
cliente_hqc50   42.28%    4.125MiB / 23.32GiB   0.02%
cliente_hqc49   28.79%    4.191MiB / 23.32GiB   0.02%
cliente_hqc48   41.72%    3.211MiB / 23.32GiB   0.01%
cliente_hqc47   29.19%    4.719MiB / 23.32GiB   0.02%
cliente_hqc46   26.68%    4.016MiB / 23.32GiB   0.02%
cliente_hqc45   25.93%    4.418MiB / 23.32GiB   0.02%
cliente_hqc44   19.09%    4.066MiB / 23.32GiB   0.02%
cliente_hqc42   26.96%    4.445MiB / 23.32GiB   0.02%
cliente_hqc41   26.90%    4.051MiB / 23.32GiB   0.02%
cliente_hqc39   30.94%    4.059MiB / 23.32GiB   0.02%
cliente_hqc36   26.77%    3.934MiB / 23.32GiB   0.02%
cliente_hqc34   16.34%    4.062MiB / 23.32GiB   0.02%
cliente_hqc33   18.96%    4.445MiB / 23.32GiB   0.02%
cliente_hqc28   14.59%    4.059MiB / 23.32GiB   0.02%
cliente_hqc27   20.30%    4.18MiB / 23.32GiB    0.02%
cliente_hqc26   25.95%    4.344MiB / 23.32GiB   0.02%
cliente_hqc21   29.85%    4.172MiB / 23.32GiB   0.02%
cliente_hqc18   28.53%    4.258MiB / 23.32GiB   0.02%
cliente_hqc14   14.06%    4.32MiB / 23.32GiB    0.02%
cliente_hqc13   10.47%    4.172MiB / 23.32GiB   0.02%
cliente_hqc12   24.19%    4.078MiB / 23.32GiB   0.02%
servidor_hqc    258.02%   28.66MiB / 23.32GiB   0.12%
--- 2026-06-04_07:08:31 ---
NAME            CPU %     MEM USAGE / LIMIT     MEM %
cliente_hqc50   27.90%    4.066MiB / 23.32GiB   0.02%
cliente_hqc48   15.24%    4.137MiB / 23.32GiB   0.02%
cliente_hqc47   26.94%    4.012MiB / 23.32GiB   0.02%
cliente_hqc46   26.96%    4.77MiB / 23.32GiB    0.02%
cliente_hqc45   21.17%    4.316MiB / 23.32GiB   0.02%
cliente_hqc44   35.08%    4.215MiB / 23.32GiB   0.02%
cliente_hqc42   24.43%    4.031MiB / 23.32GiB   0.02%
cliente_hqc41   13.40%    4.309MiB / 23.32GiB   0.02%
cliente_hqc39   37.43%    4.418MiB / 23.32GiB   0.02%
cliente_hqc36   19.19%    4.098MiB / 23.32GiB   0.02%
cliente_hqc34   18.21%    4.074MiB / 23.32GiB   0.02%
cliente_hqc33   37.60%    1.16MiB / 23.32GiB    0.00%
cliente_hqc28   33.51%    4.375MiB / 23.32GiB   0.02%
cliente_hqc27   18.91%    3.867MiB / 23.32GiB   0.02%
cliente_hqc26   24.70%    4.059MiB / 23.32GiB   0.02%
cliente_hqc21   20.69%    4.066MiB / 23.32GiB   0.02%
cliente_hqc18   28.34%    4.082MiB / 23.32GiB   0.02%
cliente_hqc14   26.51%    4.457MiB / 23.32GiB   0.02%
cliente_hqc13   28.00%    4.195MiB / 23.32GiB   0.02%
cliente_hqc12   19.72%    4.125MiB / 23.32GiB   0.02%
servidor_hqc    265.82%   28.62MiB / 23.32GiB   0.12%
--- 2026-06-04_07:08:35 ---
NAME            CPU %     MEM USAGE / LIMIT     MEM %
cliente_hqc50   24.67%    4.367MiB / 23.32GiB   0.02%
cliente_hqc48   43.82%    4.082MiB / 23.32GiB   0.02%
cliente_hqc47   30.01%    4.719MiB / 23.32GiB   0.02%
cliente_hqc46   14.35%    4.312MiB / 23.32GiB   0.02%
cliente_hqc45   24.46%    4.074MiB / 23.32GiB   0.02%
cliente_hqc44   15.43%    4.312MiB / 23.32GiB   0.02%
cliente_hqc42   28.77%    4.316MiB / 23.32GiB   0.02%
cliente_hqc41   35.15%    4.168MiB / 23.32GiB   0.02%
cliente_hqc39   24.91%    4.055MiB / 23.32GiB   0.02%
cliente_hqc36   29.69%    4.691MiB / 23.32GiB   0.02%
cliente_hqc34   20.49%    4.125MiB / 23.32GiB   0.02%
cliente_hqc33   13.85%    4.176MiB / 23.32GiB   0.02%
cliente_hqc28   25.72%    1.242MiB / 23.32GiB   0.01%
cliente_hqc27   25.25%    3.984MiB / 23.32GiB   0.02%
cliente_hqc26   18.89%    3.93MiB / 23.32GiB    0.02%
cliente_hqc21   22.56%    4.316MiB / 23.32GiB   0.02%
cliente_hqc18   29.61%    4.125MiB / 23.32GiB   0.02%
cliente_hqc14   24.40%    4.312MiB / 23.32GiB   0.02%
cliente_hqc13   39.15%    4.336MiB / 23.32GiB   0.02%
cliente_hqc12   20.77%    4.176MiB / 23.32GiB   0.02%
servidor_hqc    269.18%   28.39MiB / 23.32GiB   0.12%
--- 2026-06-04_07:08:40 ---
NAME            CPU %     MEM USAGE / LIMIT     MEM %
cliente_hqc50   18.90%    3.934MiB / 23.32GiB   0.02%
cliente_hqc48   26.36%    4.406MiB / 23.32GiB   0.02%
cliente_hqc47   18.56%    3.629MiB / 23.32GiB   0.02%
cliente_hqc46   22.82%    4.07MiB / 23.32GiB    0.02%
cliente_hqc45   24.11%    4.219MiB / 23.32GiB   0.02%
cliente_hqc44   31.56%    4.066MiB / 23.32GiB   0.02%
cliente_hqc42   24.23%    4.184MiB / 23.32GiB   0.02%
cliente_hqc41   27.83%    4.43MiB / 23.32GiB    0.02%
cliente_hqc39   18.88%    4.262MiB / 23.32GiB   0.02%
cliente_hqc36   30.85%    4.258MiB / 23.32GiB   0.02%
cliente_hqc34   28.16%    4.402MiB / 23.32GiB   0.02%
cliente_hqc33   26.81%    4.234MiB / 23.32GiB   0.02%
cliente_hqc28   32.69%    4.02MiB / 23.32GiB    0.02%
cliente_hqc27   24.33%    3.918MiB / 23.32GiB   0.02%
cliente_hqc26   23.43%    4.305MiB / 23.32GiB   0.02%
cliente_hqc21   19.22%    4.34MiB / 23.32GiB    0.02%
cliente_hqc18   40.81%    4.137MiB / 23.32GiB   0.02%
cliente_hqc14   29.43%    4.121MiB / 23.32GiB   0.02%
cliente_hqc13   29.30%    4.227MiB / 23.32GiB   0.02%
cliente_hqc12   18.59%    4.117MiB / 23.32GiB   0.02%
servidor_hqc    272.54%   28.88MiB / 23.32GiB   0.12%
--- 2026-06-04_07:08:44 ---
NAME            CPU %     MEM USAGE / LIMIT     MEM %
cliente_hqc50   25.07%    4.539MiB / 23.32GiB   0.02%
cliente_hqc48   34.90%    4.066MiB / 23.32GiB   0.02%
cliente_hqc47   26.56%    3.758MiB / 23.32GiB   0.02%
cliente_hqc46   35.80%    4.254MiB / 23.32GiB   0.02%
cliente_hqc45   27.82%    4.082MiB / 23.32GiB   0.02%
cliente_hqc44   19.74%    4.078MiB / 23.32GiB   0.02%
cliente_hqc42   20.06%    4.176MiB / 23.32GiB   0.02%
cliente_hqc41   19.86%    4.375MiB / 23.32GiB   0.02%
cliente_hqc39   19.97%    4.406MiB / 23.32GiB   0.02%
cliente_hqc36   36.77%    4.078MiB / 23.32GiB   0.02%
cliente_hqc34   30.94%    4.18MiB / 23.32GiB    0.02%
cliente_hqc33   22.48%    4.137MiB / 23.32GiB   0.02%
cliente_hqc28   32.93%    4.41MiB / 23.32GiB    0.02%
cliente_hqc27   28.05%    3.953MiB / 23.32GiB   0.02%
cliente_hqc26   25.42%    3.922MiB / 23.32GiB   0.02%
cliente_hqc21   22.84%    1.949MiB / 23.32GiB   0.01%
cliente_hqc18   24.40%    4.121MiB / 23.32GiB   0.02%
cliente_hqc14   28.65%    4.082MiB / 23.32GiB   0.02%
cliente_hqc13   26.44%    4.254MiB / 23.32GiB   0.02%
cliente_hqc12   13.94%    4.07MiB / 23.32GiB    0.02%
servidor_hqc    276.38%   28.42MiB / 23.32GiB   0.12%
--- 2026-06-04_07:08:49 ---
NAME            CPU %     MEM USAGE / LIMIT     MEM %
cliente_hqc50   26.64%    4.32MiB / 23.32GiB    0.02%
cliente_hqc48   31.27%    4.34MiB / 23.32GiB    0.02%
cliente_hqc47   43.02%    4.516MiB / 23.32GiB   0.02%
cliente_hqc46   15.93%    4.102MiB / 23.32GiB   0.02%
cliente_hqc45   20.37%    4.09MiB / 23.32GiB    0.02%
cliente_hqc44   13.69%    4.062MiB / 23.32GiB   0.02%
cliente_hqc42   10.40%    4.066MiB / 23.32GiB   0.02%
cliente_hqc41   29.35%    4.535MiB / 23.32GiB   0.02%
cliente_hqc39   34.02%    4.258MiB / 23.32GiB   0.02%
cliente_hqc36   37.99%    4.059MiB / 23.32GiB   0.02%
cliente_hqc34   20.15%    4.191MiB / 23.32GiB   0.02%
cliente_hqc33   33.33%    4.484MiB / 23.32GiB   0.02%
cliente_hqc28   18.78%    4.168MiB / 23.32GiB   0.02%
cliente_hqc27   23.99%    4.18MiB / 23.32GiB    0.02%
cliente_hqc26   20.34%    4.086MiB / 23.32GiB   0.02%
cliente_hqc21   37.33%    4.746MiB / 23.32GiB   0.02%
cliente_hqc18   13.80%    4.074MiB / 23.32GiB   0.02%
cliente_hqc14   15.83%    4.289MiB / 23.32GiB   0.02%
cliente_hqc13   34.83%    3.461MiB / 23.32GiB   0.01%
cliente_hqc12   28.21%    4.465MiB / 23.32GiB   0.02%
servidor_hqc    273.68%   28.9MiB / 23.32GiB    0.12%
--- 2026-06-04_07:08:53 ---
NAME            CPU %     MEM USAGE / LIMIT     MEM %
cliente_hqc50   34.08%    3.734MiB / 23.32GiB   0.02%
cliente_hqc48   11.14%    3.922MiB / 23.32GiB   0.02%
cliente_hqc47   21.60%    3.383MiB / 23.32GiB   0.01%
cliente_hqc46   24.31%    4.102MiB / 23.32GiB   0.02%
cliente_hqc45   34.43%    2.512MiB / 23.32GiB   0.01%
cliente_hqc44   31.57%    3.48MiB / 23.32GiB    0.01%
cliente_hqc42   29.89%    3.938MiB / 23.32GiB   0.02%
cliente_hqc41   30.84%    4.613MiB / 23.32GiB   0.02%
cliente_hqc39   30.01%    4.562MiB / 23.32GiB   0.02%
cliente_hqc36   29.66%    4.398MiB / 23.32GiB   0.02%
cliente_hqc34   28.22%    4.309MiB / 23.32GiB   0.02%
cliente_hqc33   23.63%    1020KiB / 23.32GiB    0.00%
cliente_hqc28   16.10%    4.551MiB / 23.32GiB   0.02%
cliente_hqc27   22.79%    4.309MiB / 23.32GiB   0.02%
cliente_hqc26   24.60%    4.066MiB / 23.32GiB   0.02%
cliente_hqc21   23.61%    3.555MiB / 23.32GiB   0.01%
cliente_hqc18   14.19%    4.102MiB / 23.32GiB   0.02%
cliente_hqc14   29.79%    4.203MiB / 23.32GiB   0.02%
cliente_hqc13   25.40%    3.938MiB / 23.32GiB   0.02%
cliente_hqc12   36.93%    4.238MiB / 23.32GiB   0.02%
servidor_hqc    262.54%   28.91MiB / 23.32GiB   0.12%
--- 2026-06-04_07:08:57 ---
NAME            CPU %     MEM USAGE / LIMIT     MEM %
cliente_hqc50   25.66%    4.062MiB / 23.32GiB   0.02%
cliente_hqc48   22.16%    3.543MiB / 23.32GiB   0.01%
cliente_hqc47   10.91%    4.074MiB / 23.32GiB   0.02%
cliente_hqc46   33.89%    3.195MiB / 23.32GiB   0.01%
cliente_hqc45   20.96%    3.824MiB / 23.32GiB   0.02%
cliente_hqc44   28.96%    4.188MiB / 23.32GiB   0.02%
cliente_hqc42   26.48%    4.191MiB / 23.32GiB   0.02%
cliente_hqc41   26.18%    2.957MiB / 23.32GiB   0.01%
cliente_hqc39   25.04%    2.535MiB / 23.32GiB   0.01%
cliente_hqc36   14.11%    4.066MiB / 23.32GiB   0.02%
cliente_hqc34   23.72%    4.086MiB / 23.32GiB   0.02%
cliente_hqc33   24.91%    4.105MiB / 23.32GiB   0.02%
cliente_hqc28   22.99%    4.188MiB / 23.32GiB   0.02%
cliente_hqc27   30.14%    4.312MiB / 23.32GiB   0.02%
cliente_hqc26   24.53%    4.25MiB / 23.32GiB    0.02%
cliente_hqc21   28.47%    3.781MiB / 23.32GiB   0.02%
cliente_hqc18   33.91%    4.305MiB / 23.32GiB   0.02%
cliente_hqc14   20.20%    1.457MiB / 23.32GiB   0.01%
cliente_hqc13   40.46%    3.977MiB / 23.32GiB   0.02%
cliente_hqc12   27.30%    3.293MiB / 23.32GiB   0.01%
servidor_hqc    264.92%   28.2MiB / 23.32GiB    0.12%
--- 2026-06-04_07:09:02 ---
NAME            CPU %     MEM USAGE / LIMIT     MEM %
cliente_hqc50   16.24%    4.059MiB / 23.32GiB   0.02%
cliente_hqc48   29.48%    3.934MiB / 23.32GiB   0.02%
cliente_hqc47   21.13%    4.609MiB / 23.32GiB   0.02%
cliente_hqc46   32.87%    4.906MiB / 23.32GiB   0.02%
cliente_hqc45   22.28%    3.938MiB / 23.32GiB   0.02%
cliente_hqc44   37.06%    3.805MiB / 23.32GiB   0.02%
cliente_hqc42   19.78%    4.078MiB / 23.32GiB   0.02%
cliente_hqc41   13.25%    4.047MiB / 23.32GiB   0.02%
cliente_hqc39   27.47%    4.297MiB / 23.32GiB   0.02%
cliente_hqc36   25.57%    4.336MiB / 23.32GiB   0.02%
cliente_hqc34   25.74%    3.461MiB / 23.32GiB   0.01%
cliente_hqc33   30.07%    4.141MiB / 23.32GiB   0.02%
cliente_hqc28   24.80%    4.152MiB / 23.32GiB   0.02%
cliente_hqc27   22.53%    1.266MiB / 23.32GiB   0.01%
cliente_hqc26   32.66%    3.945MiB / 23.32GiB   0.02%
cliente_hqc21   24.96%    4.18MiB / 23.32GiB    0.02%
cliente_hqc18   24.98%    4.164MiB / 23.32GiB   0.02%
cliente_hqc14   27.11%    4.344MiB / 23.32GiB   0.02%
cliente_hqc13   21.89%    4.379MiB / 23.32GiB   0.02%
servidor_hqc    262.91%   28.27MiB / 23.32GiB   0.12%
--- 2026-06-04_07:09:07 ---
NAME            CPU %     MEM USAGE / LIMIT     MEM %
cliente_hqc50   28.28%    4.266MiB / 23.32GiB   0.02%
cliente_hqc48   29.58%    4.094MiB / 23.32GiB   0.02%
cliente_hqc47   22.09%    4.145MiB / 23.32GiB   0.02%
cliente_hqc46   35.96%    4.605MiB / 23.32GiB   0.02%
cliente_hqc45   32.90%    4.117MiB / 23.32GiB   0.02%
cliente_hqc44   37.56%    4.121MiB / 23.32GiB   0.02%
cliente_hqc42   15.06%    4.266MiB / 23.32GiB   0.02%
cliente_hqc41   25.84%    4.066MiB / 23.32GiB   0.02%
cliente_hqc39   33.50%    3.68MiB / 23.32GiB    0.02%
cliente_hqc36   24.47%    4.324MiB / 23.32GiB   0.02%
cliente_hqc34   27.66%    3.16MiB / 23.32GiB    0.01%
cliente_hqc33   32.30%    4.262MiB / 23.32GiB   0.02%
cliente_hqc28   23.97%    4.078MiB / 23.32GiB   0.02%
cliente_hqc27   38.52%    4.184MiB / 23.32GiB   0.02%
cliente_hqc26   22.95%    4.32MiB / 23.32GiB    0.02%
cliente_hqc21   11.26%    4.469MiB / 23.32GiB   0.02%
cliente_hqc18   37.80%    4.523MiB / 23.32GiB   0.02%
cliente_hqc13   27.41%    2.184MiB / 23.32GiB   0.01%
servidor_hqc    266.07%   28.04MiB / 23.32GiB   0.12%
--- 2026-06-04_07:09:12 ---
NAME            CPU %     MEM USAGE / LIMIT     MEM %
cliente_hqc50   21.52%    4.105MiB / 23.32GiB   0.02%
cliente_hqc48   20.66%    3.938MiB / 23.32GiB   0.02%
cliente_hqc47   32.32%    4.316MiB / 23.32GiB   0.02%
cliente_hqc46   23.95%    4.082MiB / 23.32GiB   0.02%
cliente_hqc45   26.19%    4.371MiB / 23.32GiB   0.02%
cliente_hqc44   34.20%    4.785MiB / 23.32GiB   0.02%
cliente_hqc42   30.02%    4.73MiB / 23.32GiB    0.02%
cliente_hqc41   26.21%    4.211MiB / 23.32GiB   0.02%
cliente_hqc39   37.38%    4.102MiB / 23.32GiB   0.02%
cliente_hqc36   25.08%    1.965MiB / 23.32GiB   0.01%
cliente_hqc34   23.51%    3.926MiB / 23.32GiB   0.02%
cliente_hqc33   32.65%    4.332MiB / 23.32GiB   0.02%
cliente_hqc28   19.25%    3.984MiB / 23.32GiB   0.02%
cliente_hqc27   30.14%    4.34MiB / 23.32GiB    0.02%
cliente_hqc26   35.82%    4.199MiB / 23.32GiB   0.02%
cliente_hqc21   20.39%    4.078MiB / 23.32GiB   0.02%
cliente_hqc18   37.24%    3.953MiB / 23.32GiB   0.02%
servidor_hqc    252.35%   29.02MiB / 23.32GiB   0.12%
--- 2026-06-04_07:09:17 ---
NAME            CPU %     MEM USAGE / LIMIT     MEM %
cliente_hqc50   29.44%    4.113MiB / 23.32GiB   0.02%
cliente_hqc48   25.58%    4.254MiB / 23.32GiB   0.02%
cliente_hqc47   40.72%    4.309MiB / 23.32GiB   0.02%
cliente_hqc46   30.07%    4.535MiB / 23.32GiB   0.02%
cliente_hqc45   20.11%    4.59MiB / 23.32GiB    0.02%
cliente_hqc44   50.77%    4.363MiB / 23.32GiB   0.02%
cliente_hqc42   23.81%    4.074MiB / 23.32GiB   0.02%
cliente_hqc41   29.38%    4.188MiB / 23.32GiB   0.02%
cliente_hqc39   27.37%    4.336MiB / 23.32GiB   0.02%
cliente_hqc36   29.38%    4.066MiB / 23.32GiB   0.02%
cliente_hqc34   36.10%    4.539MiB / 23.32GiB   0.02%
cliente_hqc33   21.74%    4.262MiB / 23.32GiB   0.02%
cliente_hqc28   30.15%    1.363MiB / 23.32GiB   0.01%
cliente_hqc27   27.63%    4.562MiB / 23.32GiB   0.02%
cliente_hqc26   42.82%    4.066MiB / 23.32GiB   0.02%
cliente_hqc21   33.27%    4.324MiB / 23.32GiB   0.02%
servidor_hqc    268.26%   28.53MiB / 23.32GiB   0.12%
--- 2026-06-04_07:09:21 ---
NAME            CPU %     MEM USAGE / LIMIT     MEM %
cliente_hqc50   32.65%    3.18MiB / 23.32GiB    0.01%
cliente_hqc48   37.07%    3.562MiB / 23.32GiB   0.01%
cliente_hqc47   29.44%    3.922MiB / 23.32GiB   0.02%
cliente_hqc46   30.65%    4.324MiB / 23.32GiB   0.02%
cliente_hqc45   20.82%    1.551MiB / 23.32GiB   0.01%
cliente_hqc44   35.64%    4.332MiB / 23.32GiB   0.02%
cliente_hqc42   35.90%    3.98MiB / 23.32GiB    0.02%
cliente_hqc41   45.45%    4.012MiB / 23.32GiB   0.02%
cliente_hqc39   35.42%    4.273MiB / 23.32GiB   0.02%
cliente_hqc36   34.52%    4.328MiB / 23.32GiB   0.02%
cliente_hqc34   31.15%    4.297MiB / 23.32GiB   0.02%
cliente_hqc33   28.29%    4.207MiB / 23.32GiB   0.02%
cliente_hqc28   39.16%    3.934MiB / 23.32GiB   0.02%
cliente_hqc27   33.05%    4.066MiB / 23.32GiB   0.02%
cliente_hqc26   24.62%    4.051MiB / 23.32GiB   0.02%
cliente_hqc21   19.81%    4.301MiB / 23.32GiB   0.02%
servidor_hqc    268.34%   28.53MiB / 23.32GiB   0.12%
--- 2026-06-04_07:09:25 ---
NAME            CPU %     MEM USAGE / LIMIT     MEM %
cliente_hqc50   26.06%    4.355MiB / 23.32GiB   0.02%
cliente_hqc48   28.18%    4.082MiB / 23.32GiB   0.02%
cliente_hqc47   27.15%    4.137MiB / 23.32GiB   0.02%
cliente_hqc46   34.68%    3.988MiB / 23.32GiB   0.02%
cliente_hqc45   33.34%    4.156MiB / 23.32GiB   0.02%
cliente_hqc44   40.84%    2.965MiB / 23.32GiB   0.01%
cliente_hqc42   46.30%    4.426MiB / 23.32GiB   0.02%
cliente_hqc41   41.64%    4.172MiB / 23.32GiB   0.02%
cliente_hqc39   22.51%    2.652MiB / 23.32GiB   0.01%
cliente_hqc36   49.46%    2.941MiB / 23.32GiB   0.01%
cliente_hqc34   39.68%    3.91MiB / 23.32GiB    0.02%
cliente_hqc33   19.84%    2.551MiB / 23.32GiB   0.01%
cliente_hqc28   39.70%    3.93MiB / 23.32GiB    0.02%
cliente_hqc27   23.91%    4.258MiB / 23.32GiB   0.02%
cliente_hqc26   25.15%    4.371MiB / 23.32GiB   0.02%
cliente_hqc21   19.97%    4.191MiB / 23.32GiB   0.02%
servidor_hqc    245.55%   28.53MiB / 23.32GiB   0.12%
--- 2026-06-04_07:09:30 ---
NAME            CPU %     MEM USAGE / LIMIT     MEM %
cliente_hqc50   37.70%    4.059MiB / 23.32GiB   0.02%
cliente_hqc48   35.35%    3.727MiB / 23.32GiB   0.02%
cliente_hqc47   37.86%    4.312MiB / 23.32GiB   0.02%
cliente_hqc46   40.04%    4.355MiB / 23.32GiB   0.02%
cliente_hqc45   35.88%    4.395MiB / 23.32GiB   0.02%
cliente_hqc44   31.56%    1.562MiB / 23.32GiB   0.01%
cliente_hqc42   46.40%    3.508MiB / 23.32GiB   0.01%
cliente_hqc41   40.40%    4.074MiB / 23.32GiB   0.02%
cliente_hqc39   24.90%    3.93MiB / 23.32GiB    0.02%
cliente_hqc36   29.51%    4.559MiB / 23.32GiB   0.02%
cliente_hqc34   23.63%    4.371MiB / 23.32GiB   0.02%
cliente_hqc33   32.46%    4.148MiB / 23.32GiB   0.02%
cliente_hqc28   45.70%    4.219MiB / 23.32GiB   0.02%
cliente_hqc27   28.44%    4.184MiB / 23.32GiB   0.02%
cliente_hqc26   36.90%    4.309MiB / 23.32GiB   0.02%
servidor_hqc    266.55%   28.01MiB / 23.32GiB   0.12%
--- 2026-06-04_07:09:34 ---
NAME            CPU %     MEM USAGE / LIMIT     MEM %
cliente_hqc50   37.31%    4.234MiB / 23.32GiB   0.02%
cliente_hqc48   37.75%    4.793MiB / 23.32GiB   0.02%
cliente_hqc47   39.29%    3.281MiB / 23.32GiB   0.01%
cliente_hqc46   29.08%    4.566MiB / 23.32GiB   0.02%
cliente_hqc45   29.24%    4.363MiB / 23.32GiB   0.02%
cliente_hqc44   34.99%    4.41MiB / 23.32GiB    0.02%
cliente_hqc42   20.01%    4.18MiB / 23.32GiB    0.02%
cliente_hqc41   35.84%    4.453MiB / 23.32GiB   0.02%
cliente_hqc39   35.22%    4.082MiB / 23.32GiB   0.02%
cliente_hqc36   34.31%    4.344MiB / 23.32GiB   0.02%
cliente_hqc34   41.06%    4.316MiB / 23.32GiB   0.02%
cliente_hqc33   37.82%    4.625MiB / 23.32GiB   0.02%
cliente_hqc28   29.51%    4.508MiB / 23.32GiB   0.02%
cliente_hqc27   29.93%    4.266MiB / 23.32GiB   0.02%
cliente_hqc26   48.34%    4.18MiB / 23.32GiB    0.02%
servidor_hqc    274.64%   29.52MiB / 23.32GiB   0.12%
--- 2026-06-04_07:09:38 ---
NAME            CPU %     MEM USAGE / LIMIT     MEM %
cliente_hqc50   38.18%    3.191MiB / 23.32GiB   0.01%
cliente_hqc48   41.48%    3.457MiB / 23.32GiB   0.01%
cliente_hqc47   30.21%    4.406MiB / 23.32GiB   0.02%
cliente_hqc46   36.79%    3.262MiB / 23.32GiB   0.01%
cliente_hqc45   32.49%    3.902MiB / 23.32GiB   0.02%
cliente_hqc44   37.48%    4.578MiB / 23.32GiB   0.02%
cliente_hqc42   38.18%    1.383MiB / 23.32GiB   0.01%
cliente_hqc41   37.15%    4.352MiB / 23.32GiB   0.02%
cliente_hqc39   35.06%    4.383MiB / 23.32GiB   0.02%
cliente_hqc36   33.49%    4.336MiB / 23.32GiB   0.02%
cliente_hqc34   32.75%    3.98MiB / 23.32GiB    0.02%
cliente_hqc33   37.28%    4.469MiB / 23.32GiB   0.02%
cliente_hqc28   34.00%    4.793MiB / 23.32GiB   0.02%
cliente_hqc27   36.91%    4.199MiB / 23.32GiB   0.02%
servidor_hqc    284.79%   29.01MiB / 23.32GiB   0.12%
--- 2026-06-04_07:09:44 ---
NAME            CPU %     MEM USAGE / LIMIT     MEM %
cliente_hqc50   42.45%    4.418MiB / 23.32GiB   0.02%
cliente_hqc48   46.07%    4.473MiB / 23.32GiB   0.02%
cliente_hqc47   46.63%    4.84MiB / 23.32GiB    0.02%
cliente_hqc46   48.52%    4.645MiB / 23.32GiB   0.02%
cliente_hqc45   35.42%    3.516MiB / 23.32GiB   0.01%
cliente_hqc44   43.47%    4.324MiB / 23.32GiB   0.02%
cliente_hqc42   44.52%    4.805MiB / 23.32GiB   0.02%
cliente_hqc41   33.60%    1.492MiB / 23.32GiB   0.01%
cliente_hqc39   37.63%    4.477MiB / 23.32GiB   0.02%
cliente_hqc36   28.17%    4.469MiB / 23.32GiB   0.02%
cliente_hqc34   39.23%    4.434MiB / 23.32GiB   0.02%
cliente_hqc33   46.21%    4.734MiB / 23.32GiB   0.02%
servidor_hqc    274.21%   28.29MiB / 23.32GiB   0.12%
--- 2026-06-04_07:09:48 ---
NAME            CPU %     MEM USAGE / LIMIT     MEM %
cliente_hqc50   47.30%    4.543MiB / 23.32GiB   0.02%
cliente_hqc48   41.07%    4.293MiB / 23.32GiB   0.02%
cliente_hqc47   34.04%    4.113MiB / 23.32GiB   0.02%
cliente_hqc46   46.85%    3.719MiB / 23.32GiB   0.02%
cliente_hqc45   46.50%    4.164MiB / 23.32GiB   0.02%
cliente_hqc44   36.12%    4.215MiB / 23.32GiB   0.02%
cliente_hqc42   39.00%    3.41MiB / 23.32GiB    0.01%
cliente_hqc41   45.32%    4.441MiB / 23.32GiB   0.02%
cliente_hqc39   42.97%    4.398MiB / 23.32GiB   0.02%
cliente_hqc36   38.36%    4.551MiB / 23.32GiB   0.02%
cliente_hqc34   32.29%    4.047MiB / 23.32GiB   0.02%
cliente_hqc33   36.48%    4.492MiB / 23.32GiB   0.02%
servidor_hqc    285.19%   28.07MiB / 23.32GiB   0.12%
--- 2026-06-04_07:09:52 ---
NAME            CPU %     MEM USAGE / LIMIT     MEM %
cliente_hqc50   43.80%    4.832MiB / 23.32GiB   0.02%
cliente_hqc48   45.35%    4.027MiB / 23.32GiB   0.02%
cliente_hqc47   49.17%    2.973MiB / 23.32GiB   0.01%
cliente_hqc46   32.36%    4.105MiB / 23.32GiB   0.02%
cliente_hqc45   36.46%    4.277MiB / 23.32GiB   0.02%
cliente_hqc44   48.47%    3.996MiB / 23.32GiB   0.02%
cliente_hqc42   46.09%    4.598MiB / 23.32GiB   0.02%
cliente_hqc41   47.31%    4.066MiB / 23.32GiB   0.02%
cliente_hqc39   44.17%    2.738MiB / 23.32GiB   0.01%
cliente_hqc36   51.17%    4.512MiB / 23.32GiB   0.02%
servidor_hqc    274.15%   28.27MiB / 23.32GiB   0.12%
--- 2026-06-04_07:09:59 ---
NAME            CPU %     MEM USAGE / LIMIT     MEM %
cliente_hqc50   53.83%    4.227MiB / 23.32GiB   0.02%
cliente_hqc48   54.20%    4.543MiB / 23.32GiB   0.02%
cliente_hqc47   52.56%    4.801MiB / 23.32GiB   0.02%
cliente_hqc46   43.73%    4.773MiB / 23.32GiB   0.02%
cliente_hqc45   46.16%    4.621MiB / 23.32GiB   0.02%
cliente_hqc44   46.40%    4.52MiB / 23.32GiB    0.02%
cliente_hqc42   52.99%    4.508MiB / 23.32GiB   0.02%
cliente_hqc41   48.35%    3.875MiB / 23.32GiB   0.02%
cliente_hqc39   55.80%    3.742MiB / 23.32GiB   0.02%
servidor_hqc    282.12%   28.08MiB / 23.32GiB   0.12%
--- 2026-06-04_07:10:03 ---
NAME            CPU %     MEM USAGE / LIMIT     MEM %
cliente_hqc50   57.35%    4.664MiB / 23.32GiB   0.02%
cliente_hqc48   55.19%    4.574MiB / 23.32GiB   0.02%
cliente_hqc47   48.77%    4.434MiB / 23.32GiB   0.02%
cliente_hqc46   54.11%    4.496MiB / 23.32GiB   0.02%
cliente_hqc45   55.78%    4.516MiB / 23.32GiB   0.02%
cliente_hqc44   51.78%    4.797MiB / 23.32GiB   0.02%
cliente_hqc42   51.36%    3.852MiB / 23.32GiB   0.02%
cliente_hqc41   56.40%    5.023MiB / 23.32GiB   0.02%
servidor_hqc    261.86%   28.27MiB / 23.32GiB   0.12%
--- 2026-06-04_07:10:07 ---
NAME            CPU %     MEM USAGE / LIMIT     MEM %
cliente_hqc50   68.21%    4.68MiB / 23.32GiB    0.02%
cliente_hqc48   68.42%    4.969MiB / 23.32GiB   0.02%
cliente_hqc47   68.28%    2.879MiB / 23.32GiB   0.01%
cliente_hqc46   68.25%    4.934MiB / 23.32GiB   0.02%
servidor_hqc    228.31%   28.3MiB / 23.32GiB    0.12%
--- 2026-06-04_07:10:14 ---
NAME           CPU %     MEM USAGE / LIMIT     MEM %
servidor_hqc   129.31%   28.48MiB / 23.32GiB   0.12%
--- 2026-06-04_07:10:20 ---
NAME           CPU %     MEM USAGE / LIMIT     MEM %
servidor_hqc   99.91%    27.55MiB / 23.32GiB   0.12%
--- 2026-06-04_07:10:23 ---
NAME           CPU %     MEM USAGE / LIMIT     MEM %
servidor_hqc   100.38%   27.55MiB / 23.32GiB   0.12%
--- 2026-06-04_07:10:26 ---
NAME           CPU %     MEM USAGE / LIMIT     MEM %
servidor_hqc   100.14%   27.55MiB / 23.32GiB   0.12%
--- 2026-06-04_07:10:29 ---
NAME           CPU %     MEM USAGE / LIMIT     MEM %
servidor_hqc   99.27%    27.55MiB / 23.32GiB   0.12%
--- 2026-06-04_07:10:32 ---
