procs ----------mémoire---------- -échange- -----io---- -système- ------cpu--------
 r  b   swpd  libre tampon  cache   si   so    bi    bo   in   cs us sy id wa st gu
 5  0      0 15892876 223252 5544288    0    0   107   148 3646    6  7  2 90  1  0  0
 1  0      0 15888224 223272 5544312    0    0     0  1852 3694 7657  3  3 74 20  0  0
 0  1      0 15896212 223284 5542356    0    0     0   728 5267 8939  6  4 81 10  0  0
 0  1      0 15889400 223312 5544456    0    0     0  1964 5869 8534  7  5 78 10  0  0
 1  0      0 15865272 223340 5544440    0    0     0   512 5303 7771  3  3 84 10  0  0
 0  1      0 15855536 223360 5544388    0    0     0   508 13573 22260  9  7 79  5  0  0
 0  1      0 15861272 223412 5544416    0    0     0  1144 2687 4221  3  3 83 11  0  0
 1  0      0 15872272 223428 5544512    0    0     0   284 5049 7636 10  3 82  4  0  0
 1  1      0 15873996 223428 5542472    0    0     0     0 1815 1349 13  1 86  0  0  0
 1  0      0 15876720 223428 5542480    0    0     0     4 2568 3822 13  1 86  0  0  0
 1  0      0 15896212 223444 5542420    0    0     0   108 2367 1681 13  1 85  1  0  0
 1  0      0 15901884 223444 5542428    0    0     0     0 2330 1094 13  1 87  0  0  0
 1  0      0 15899880 223444 5544744    0    0     0     0 8525 5711 14  1 85  0  0  0
 1  0      0 15915868 223444 5544964    0    0     0     0 4288 1969 13  1 86  0  0  0
 5  0      0 15911956 223472 5544552    0    0     0  1072 3465 7049 15  1 77  7  0  0
 1  1      0 15905836 223476 5544520    0    0     0  1724 2985 4428 13  1 68 18  0  0
 1  1      0 15911824 223496 5544624    0    0     0   884 5309 8444 16  2 71 11  0  0
 2  1      0 15899476 223524 5544612    0    0     0  1700 7073 9810 25  3 61 11  0  0
 2  1      0 15882664 223552 5544748    0    0     0   848 8796 14316 27  4 60  9  0  0
 3  2      0 15857468 223572 5544768    0    0     0  1876 9129 13503 35  5 49 11  0  0
 3  1      0 15858936 223584 5542740    0    0     0  1056 8310 8796 36  4 51  8  0  0
procs ----------mémoire---------- -échange- -----io---- -système- ------cpu--------
 r  b   swpd  libre tampon  cache   si   so    bi    bo   in   cs us sy id wa st gu
 6  1      0 15856960 223600 5544904    0    0     0   748 11328 18735 42  6 44  9  0  0
 5  1      0 15850796 223624 5542876    0    0     0  1944 9281 10873 47  5 35 13  0  0
 5  1      0 15829848 223644 5545044    0    0     0   724 11644 18149 50  7 37  6  0  0
 5  1      0 15846884 223656 5545072    0    0     0  1788 10734 15958 59  7 26  8  0  0
 5  1      0 15827568 223668 5545376    0    0     0  1448 15373 14309 59  7 28  6  0  0
 6  2      0 15831484 223684 5545480    0    0     0  1648 21101 20664 65  8 23  4  0  0
 9  1      0 15828020 223716 5545520    0    0     0   900 17895 17448 69  9 19  4  0  0
13  1      0 15813060 223732 5545628    0    0     0   612 13460 19765 73  8 15  4  0  0
16  0      0 15805256 223740 5543652    0    0     0  1848 11216 13298 79  8 11  2  0  0
12  1      0 15811304 223760 5545740    0    0     0   732 12421 16460 80 10  9  1  0  0
10  1      0 15806160 223784 5545840    0    0     0  1972 12214 15198 86  9  4  1  0  0
 9  1      0 15809352 223792 5545932    0    0     0  1524 13255 17522 86  9  4  1  0  0
11  1      0 15784580 223840 5546104    0    0     0  1160 14407 21322 86 10  3  0  0  0
10  1      0 15768000 223860 5544064    0    0     0  1912 12523 13681 89  9  2  0  0  0
12  1      0 15772052 223888 5546068    0    0     0  2028 12670 13900 87  9  4  1  0  0
11  1      0 15762300 223912 5546144    0    0     0   884 15034 19749 89 10  1  0  0  0
 7  2      0 15773616 223916 5544216    0    0     0  2036 13826 16609 89  9  1  1  0  0
12  1      0 15768376 223940 5546228    0    0     0   520 14808 19117 89 10  1  0  0  0
12  1      0 15761780 223964 5546348    0    0     0  1724 14375 17219 90  9  1  0  0  0
10  1      0 15774784 223992 5544276    0    0     0  1172 13069 13699 90  9  1  0  0  0
18  0      0 15756576 224004 5546360    0    0     0   504 15309 18511 89 10  0  0  0  0
procs ----------mémoire---------- -échange- -----io---- -système- ------cpu--------
 r  b   swpd  libre tampon  cache   si   so    bi    bo   in   cs us sy id wa st gu
17  1      0 15739648 224012 5544512    0    0     0  1856 14017 17741 91  9  0  0  0  0
15  0      0 15744388 224032 5546560    0    0     0  1476 12624 14495 90 10  0  0  0  0
11  1      0 15738120 224048 5546700    0    0     0  1136 14432 20108 88 12  0  0  0  0
12  2      0 15753908 224060 5545016    0    0     0  1960 11355 11467 90 10  0  0  0  0
13  1      0 15753044 224076 5546856    0    0     0   464 12547 14860 90 10  0  0  0  0
26  9      0 15748496 224104 5547004    0    0     0  1728 13370 18673 89 11  0  0  0  0
23  0      0 15730912 224128 5547032    0    0     0   868 12574 15211 90 10  0  0  0  0
21  1      0 15738888 224140 5547092    0    0     0   592 14981 21419 89 11  0  0  0  0
13  2      0 15744256 224152 5547220    0    0     0  2440 12738 14706 90 10  0  0  0  0
19  0      0 15739556 224164 5547248    0    0     0   576 13107 16845 88 12  0  0  0  0
15  1      0 15734832 224184 5547392    0    0     0  2056 12578 14615 89 10  0  0  0  0
14  0      0 15713776 224204 5547460    0    0     0   980 13553 18218 89 10  1  0  0  0
13  2      0 15703680 224220 5547624    0    0     0  2132 13730 19364 88 12  0  0  0  0
 8  2      0 15699252 224224 5545672    0    0     0   904 11912 13532 90 10  0  0  0  0
14  1      0 15706448 224244 5547716    0    0     0   676 13022 16437 89 11  0  0  0  0
12  1      0 15694856 224260 5547856    0    0     0  1964 12146 14304 90 10  0  0  0  0
18  0      0 15687628 224284 5548264    0    0     0   868 14222 21141 89 11  0  0  0  0
15  2      0 15680832 224308 5548116    0    0     0  2064 13597 18817 88 11  0  0  0  0
17  0      0 15686276 224320 5546080    0    0     0  1084 11549 12497 90 10  0  0  0  0
25  0      0 15670396 224348 5548116    0    0     0   508 12756 16169 89 11  0  0  0  0
27  1      0 15659828 224352 5548340    0    0     0  2024 12179 14431 90 10  0  0  0  0
procs ----------mémoire---------- -échange- -----io---- -système- ------cpu--------
 r  b   swpd  libre tampon  cache   si   so    bi    bo   in   cs us sy id wa st gu
15  1      0 15656012 224364 5548356    0    0     0  1408 12352 16102 90 10  0  0  0  0
27  0      0 15662636 224372 5548384    0    0     0   276 13211 17657 89 11  0  0  0  0
12  3      0 15669164 224396 5548584    0    0     0  1812 13128 16878 90 10  0  0  0  0
20  1      0 15682040 224416 5546568    0    0     0   908 11585 12349 89 10  0  0  0  0
17  0      0 15671644 224420 5548276    0    0     0   448 14528 22639 88 12  0  0  0  0
21  2      0 15676720 224444 5548448    0    0     0  1880 13233 16856 90 10  0  0  0  0
14  1      0 15688628 224480 5548436    0    0     0   960 12747 16136 89 11  0  0  0  0
14  1      0 15695080 224496 5548544    0    0     0   500 13654 18089 90 10  0  0  0  0
19  1      0 15671992 224512 5546576    0    0     0  1904 13438 19457 89 10  0  0  0  0
16  1      0 15653312 224540 5548660    0    0     0  1468 12134 14544 89 11  0  0  0  0
22  1      0 15654008 224548 5548776    0    0     0   580 14295 20669 89 11  0  0  0  0
19  0      0 15641064 224564 5547116    0    0     0  1688 12348 15428 89 11  0  0  0  0
24  0      0 15645496 224592 5548932    0    0     0  1040 12176 14336 89 11  0  0  0  0
17  1      0 15643324 224620 5549048    0    0     0  2028 12873 16439 88 11  0  0  0  0
17  2      0 15650208 224628 5547092    0    0     0  1240 13102 18057 90 10  0  0  0  0
14  1      0 15638868 224652 5549204    0    0     0   528 13357 18074 89 11  0  0  0  0
24  2      0 15630776 224672 5549340    0    0     0  1796 13161 18043 89 11  0  0  0  0
18  1      0 15649540 224696 5549436    0    0     0   988 11189 11553 89 11  0  0  0  0
21  1      0 15632436 224708 5549476    0    0     0   492 13438 18741 88 12  0  0  0  0
22  1      0 15623304 224728 5547520    0    0     0  1980 13717 19847 89 11  0  0  0  0
18  1      0 15634024 224732 5547572    0    0     0  1244 11573 13845 90 10  0  0  0  0
procs ----------mémoire---------- -échange- -----io---- -système- ------cpu--------
 r  b   swpd  libre tampon  cache   si   so    bi    bo   in   cs us sy id wa st gu
18  1      0 15629728 224752 5549640    0    0     0   376 13020 16771 88 12  0  0  0  0
11  2      0 15622060 224764 5549788    0    0     0  1268 13711 19121 89 11  0  0  0  0
16  2      0 15649628 224768 5547832    0    0     0  1132 13177 16632 90 10  0  0  0  0
22  6      0 15623108 224772 5547744    0    0     0  2120 13722 19964 88 12  0  0  0  0
12  8      0 15624724 224784 5547736    0    0     0  1072 11881 14009 91  9  0  0  0  0
17  0      0 15617420 224812 5549856    0    0     0   892 12747 17001 90 11  0  0  0  0
17  1      0 15606144 224820 5549920    0    0     0   508 13117 17263 89 11  0  0  0  0
25  1      0 15605552 224832 5547912    0    0     0  1632 12045 14414 90 10  0  0  0  0
18  1      0 15600680 224872 5550052    0    0     0  1436 12676 16081 88 12  0  0  0  0
18  0      0 15586728 224892 5549936    0    0     0   432 13891 19114 89 11  0  0  0  0
13  3      0 15612108 224908 5548044    0    0     0  1596 13093 18436 89 11  0  0  0  0
27  2      0 15579476 224932 5548416    0    0     0  1528 11141 12674 90 10  0  0  0  0
13  2      0 15571868 224936 5548368    0    0     0  1464 11792 13025 88 12  0  0  0  0
14  0      0 15569980 224972 5550428    0    0     0   956 12947 16370 90 10  0  0  0  0
18  1      0 15589564 224988 5550492    0    0     0   492 13057 17897 88 12  0  0  0  0
11  1      0 15589584 224996 5548496    0    0     0  1728 11179 10970 90  9  1  0  0  0
11  2      0 15602352 225004 5548460    0    0     0  1648 12195 15163 89 11  0  0  0  0
22  3      0 15589212 225028 5550492    0    0     0  1576 12129 15322 90 10  0  0  0  0
17  1      0 15589232 225036 5550536    0    0     0   392 12826 17100 89 11  0  0  0  0
11  3      0 15570744 225056 5548588    0    0     0  1828 13119 17652 89 11  0  0  0  0
21  1      0 15555984 225060 5552724    0    0     0   512 14443 21232 88 12  0  0  0  0
procs ----------mémoire---------- -échange- -----io---- -système- ------cpu--------
 r  b   swpd  libre tampon  cache   si   so    bi    bo   in   cs us sy id wa st gu
15  2      0 15576596 225072 5552592    0    0     0  2032 11583 12896 90  9  0  0  0  0
11  3      0 15574528 225096 5554636    0    0     0  1712 11425 12705 89 11  0  0  0  0
18  3      0 15593612 225100 5554692    0    0     0   764 13280 19225 89 10  0  0  0  0
17 11      0 15592152 225108 5552636    0    0     0  1588 12271 14546 90 10  0  0  0  0
24  1      0 15591552 225144 5552612    0    0     0   676 13536 19587 89 11  0  0  0  0
18  2      0 15613832 225156 5552732    0    0     0  2012 12329 14623 88 12  0  0  0  0
18  2      0 15594280 225160 5552648    0    0     0  1320 15794 22505 89 11  0  0  0  0
16  2      0 15593444 225176 5552660    0    0     0  1716 11451 13136 90 10  0  0  0  0
13  1      0 15582632 225200 5554844    0    0     0   536 13048 17288 90 10  0  0  0  0
18  2      0 15588040 225232 5554880    0    0     0  1884 13756 19212 89 11  0  0  0  0
15  2      0 15593276 225236 5552848    0    0     0   616 11186 11751 90  9  1  0  0  0
16  0      0 15590284 225252 5554944    0    0     0   900 13152 18717 83  9  1  7  0  0
13  1      0 15574812 225264 5555048    0    0     0   468 13466 19281 88 12  0  0  0  0
13  1      0 15580936 225280 5553024    0    0     0  1628 11888 14182 90 10  0  0  0  0
26  0      0 15588356 225300 5555092    0    0     0  1352 11678 13001 89 10  0  0  0  0
16  1      0 15577444 225332 5555212    0    0     0   532 12821 15784 89 11  0  0  0  0
24  2      0 15569292 225344 5555252    0    0     0  1544 13765 20705 89 11  0  0  0  0
15  1      0 15579684 225360 5553224    0    0     0  1500 11124 11576 90 10  0  0  0  0
13  1      0 15575116 225372 5555472    0    0     0   312 13595 18852 88 12  1  0  0  0
16  4      0 15569816 225384 5555528    0    0     0  1824 13871 19411 89 11  0  0  0  0
22  0      0 15568472 225404 5555536    0    0     0   520 11312 11903 91  9  0  0  0  0
procs ----------mémoire---------- -échange- -----io---- -système- ------cpu--------
 r  b   swpd  libre tampon  cache   si   so    bi    bo   in   cs us sy id wa st gu
 8  1      0 15578992 225432 5555268    0    0     0  1428 14753 21531 88 11  0  0  0  0
17  3      0 15598092 225432 5553364    0    0     0   588 14974 23575 85 15  0  0  0  0
11  7      0 15577284 225448 5553400    0    0     0  1868 11682 12663 91  9  0  0  0  0
14  5      0 15595320 225472 5553412    0    0     0   852 12281 15018 89 11  0  0  0  0
23  1      0 15583200 225488 5553388    0    0     0  1532 11430 11575 90  9  0  0  0  0
24  0      0 15576356 225500 5553412    0    0     0  1004 11586 12645 90 10  0  0  0  0
22  1      0 15582044 225520 5555596    0    0     0   856 13866 19254 87 13  0  0  0  0
12  2      0 15562852 225552 5553588    0    0     0  1864 12489 14545 89 11  0  0  0  0
12  1      0 15578108 225556 5553596    0    0     0   176 11164 11726 92  8  0  0  0  0
16  2      0 15584512 225560 5553616    0    0     0  1176 11007 11252 90 10  0  0  0  0
16  1      0 15593896 225580 5555696    0    0     0   476 13093 17705 90 10  0  0  0  0
31  0      0 15575724 225600 5555824    0    0     0   336 13388 18708 88 12  0  0  0  0
17  6      0 15577344 225604 5555840    0    0     0  1572 12376 16544 90 10  0  0  0  0
14  2      0 15590856 225608 5555868    0    0     0  1256 11449 12272 90 10  0  0  0  0
22  0      0 15592832 225628 5555856    0    0     0   476 12320 14754 89 11  0  0  0  0
29  0      0 15576380 225652 5555984    0    0     0   720 13348 17572 90 10  0  0  0  0
15  3      0 15568268 225656 5553984    0    0     0  2016 13898 20774 89 11  0  0  0  0
 9  3      0 15567336 225680 5553960    0    0     0  1244 13374 16816 89 11  0  0  0  0
15  3      0 15595632 225692 5553900    0    0     0  1436 12538 15611 89 11  0  0  0  0
19  3      0 15572724 225716 5555972    0    0     0   900 11788 13600 89 11  0  0  0  0
20  4      0 15584428 225728 5555988    0    0     0  1556 11216 12695 91 10  0  0  0  0
procs ----------mémoire---------- -échange- -----io---- -système- ------cpu--------
 r  b   swpd  libre tampon  cache   si   so    bi    bo   in   cs us sy id wa st gu
22  0      0 15595100 225764 5554040    0    0     0   772 14343 21211 88 12  0  0  0  0
18  2      0 15611516 225784 5553900    0    0     0  1140 12975 17396 88 12  0  0  0  0
14 27      0 15621536 225792 5553884    0    0     0  1956 12692 16933 89 10  0  0  0  0
12  1      0 15620992 225804 5553612    0    0     0   472 11809 13936 91  9  0  0  0  0
17  1      0 15629292 225844 5553524    0    0     0  1496 12443 15781 90 10  0  0  0  0
17  0      0 15626376 225856 5555716    0    0     0   336 12463 15427 89 11  0  0  0  0
21  2      0 15611760 225892 5555752    0    0     0  1856 13822 19254 90 10  0  0  0  0
14  2      0 15582212 225916 5554492    0    0     0  1836 11626 13690 87 13  0  0  0  0
15  1      0 15550216 225944 5556192    0    0     0   544 12376 15349 90 10  0  0  0  0
18  0      0 15547552 225964 5556288    0    0     0   444 13250 18414 89 11  0  0  0  0
10  2      0 15556540 225984 5554284    0    0     0  1572 11706 13523 90 10  0  0  0  0
13  1      0 15553496 226008 5554316    0    0     0  1524 13325 18237 90 11  0  0  0  0
14  1      0 15540664 226012 5556480    0    0     0   468 13142 17465 88 12  0  0  0  0
22  2      0 15545856 226040 5556548    0    0     0  1656 13214 18205 89 11  0  0  0  0
15  1      0 15545296 226060 5554516    0    0     0  1320 11474 12272 90 10  0  0  0  0
16  2      0 15579332 226080 5556528    0    0     0   880 12655 16119 88 12  0  0  0  0
29  2      0 15557668 226088 5556620    0    0     0  1256 13446 19370 90 10  0  0  0  0
25  1      0 15551140 226140 5556636    0    0     0  1468 13196 17426 89 11  0  0  0  0
13  1      0 15529044 226140 5556672    0    0     0  1052 11758 14098 91  9  0  0  0  0
23  2      0 15553472 226172 5556600    0    0     0  1440 12907 18182 88 12  0  0  0  0
20  3      0 15535724 226184 5556656    0    0     0  1804 12770 15334 89 11  0  0  0  0
procs ----------mémoire---------- -échange- -----io---- -système- ------cpu--------
 r  b   swpd  libre tampon  cache   si   so    bi    bo   in   cs us sy id wa st gu
13  1      0 15517200 226212 5556752    0    0     0   836 14309 21484 89 11  0  0  0  0
16  2      0 15518380 226232 5554736    0    0     0  1488 12979 17512 89 11  0  0  0  0
17  1      0 15557460 226236 5554544    0    0     0   532 13941 19174 89 11  0  0  0  0
16  2      0 15576608 226240 5554556    0    0     0  1980 11690 13503 89 11  0  0  0  0
12  3      0 15585564 226248 5554584    0    0     0  1616 11162 12160 88 10  0  2  0  0
28  3      0 15594552 226272 5556704    0    0     0  1388 12670 16300 88 11  0  0  0  0
14  4      0 15597852 226296 5556444    0    0     0   788 12460 15456 88 12  0  0  0  0
15  6      0 15600144 226308 5554416    0    0     0  2020 12187 14123 90 10  0  0  0  0
 5 22      0 15611428 226324 5554432    0    0     0  1780 13256 17577 87 11  0  1  0  0
23  2      0 15605132 226332 5554444    0    0     0  1060 11540 12724 86 10  0  3  0  0
 9  2      0 15592284 226340 5554428    0    0     0  1352 12756 16925 90 10  0  0  0  0
10  2      0 15603528 226360 5554388    0    0     0  1276 12073 14196 90 10  0  0  0  0
17  1      0 15608632 226384 5554408    0    0     0  1840 13176 17532 89 11  0  0  0  0
10  1      0 15622436 226392 5554428    0    0     0  1020 11427 11768 90 10  0  0  0  0
12  1      0 15628628 226404 5556432    0    0     0   496 12099 14649 89 12  0  0  0  0
15  2      0 15602728 226420 5556628    0    0     0  1840 12837 15768 90 11  0  0  0  0
18  1      0 15593844 226432 5554600    0    0     0   876 13210 17300 90 10  0  0  0  0
17  1      0 15594428 226452 5556740    0    0     0   400 13078 17922 88 12  0  0  0  0
13  7      0 15586804 226484 5556796    0    0     0  2192 13306 18483 89 11  0  0  0  0
18  1      0 15575548 226488 5554792    0    0     0   352 11174 11780 91  9  0  0  0  0
13  1      0 15574160 226524 5556908    0    0     0  1452 13164 18143 89 11  0  0  0  0
procs ----------mémoire---------- -échange- -----io---- -système- ------cpu--------
 r  b   swpd  libre tampon  cache   si   so    bi    bo   in   cs us sy id wa st gu
13  0      0 15563008 226528 5557048    0    0     0   400 13784 19330 88 12  0  0  0  0
14  0      0 15574628 226528 5557016    0    0     0     0 11846 14179 90 10  0  0  0  0
15  1      0 15571340 226528 5555276    0    0     0     4 10952 11160 90 10  0  0  0  0
23  0      0 15588456 226528 5555000    0    0     0     0 11008 10993 90 10  0  0  0  0
17  0      0 15612900 226528 5555012    0    0     0     0 12833 15691 91  9  0  0  0  0
20  1      0 15621916 226532 5554636    0    0     0    68 10816 10629 91  9  0  0  0  0
19  0      0 15606004 226532 5554660    0    0     0     0 11304 13093 91  9  0  0  0  0
15  0      0 15624636 226532 5554668    0    0     0     0 11427 13095 91  9  0  0  0  0
13  0      0 15631528 226532 5554684    0    0     0     0 10651 10226 91  9  0  0  0  0
11  0      0 15630988 226532 5554704    0    0     0     0 13365 18583 90 10  0  0  0  0
16  1      0 15611892 226532 5554708    0    0     0    24 11664 13483 90 10  0  0  0  0
18  0      0 15628520 226532 5554736    0    0     0     0 11496 12956 91  9  0  0  0  0
16  0      0 15622432 226532 5554748    0    0     0     0 10591 10560 90 10  0  0  0  0
23  0      0 15615472 226532 5554772    0    0     0     0 11948 15285 90  9  0  0  0  0
15  0      0 15606724 226532 5554788    0    0     0     0 11118 12063 91  9  0  0  0  0
17  1      0 15616944 226532 5554796    0    0     0    24 11387 12683 90 10  0  0  0  0
19  0      0 15636336 226532 5554812    0    0     0     0 10643 10148 91  9  0  0  0  0
20  0      0 15645384 226532 5554840    0    0     0     0 11193 11711 91  9  0  0  0  0
15  0      0 15624104 226532 5554844    0    0     0     0 12414 15758 90 10  0  0  0  0
10  0      0 15629444 226548 5554880    0    0     0   380 11136 12608 91  9  0  0  0  0
15  0      0 15624456 226556 5554904    0    0     0   308 11952 14324 91  9  0  0  0  0
procs ----------mémoire---------- -échange- -----io---- -système- ------cpu--------
 r  b   swpd  libre tampon  cache   si   so    bi    bo   in   cs us sy id wa st gu
18  0      0 15637596 226556 5554932    0    0     0     0 10910 11090 91  9  0  0  0  0
10  0      0 15619624 226568 5554636    0    0     0   136 12550 16310 90 10  0  0  0  0
13  0      0 15618504 226568 5554812    0    0     0     0 11732 13316 90 10  0  0  0  0
20  0      0 15613436 226568 5554832    0    0     0     0 11888 14078 91  9  0  0  0  0
17  0      0 15568908 226580 5555164    0    0     0   368 10606 11089 90 10  0  0  0  0
13  0      0 15561300 226580 5555276    0    0     0     0 11856 14582 89 11  0  0  0  0
14  1      0 15558564 226584 5555288    0    0     0   196 11318 12153 91  9  0  0  0  0
13  0      0 15547660 226584 5555280    0    0     0    68 11577 13711 90 10  0  0  0  0
12  0      0 15561876 226584 5555308    0    0     0   424 10585 9880 91  8  0  0  0  0
18  0      0 15570536 226584 5555328    0    0     0  1620 10977 11356 90 10  0  0  0  0
13  0      0 15580624 226584 5555340    0    0     0     0 12049 15580 91  9  0  0  0  0
14  0      0 15553800 226584 5555352    0    0     0     0 11622 13299 90 10  0  0  0  0
14  0      0 15580108 226588 5555376    0    0     0   140 11570 13311 91  9  0  0  0  0
18  0      0 15590992 226588 5555384    0    0     0     0 10736 10696 91  9  0  0  0  0
14  0      0 15585664 226588 5555400    0    0     0    16 12997 17014 91  9  0  0  0  0
14  0      0 15580868 226588 5555412    0    0     0     0 11220 12754 91  9  0  0  0  0
22  0      0 15574312 226588 5555428    0    0     0     0 11477 13774 90  9  0  0  0  0
15  0      0 15581104 226588 5555448    0    0     0    80 10884 10716 90  9  0  0  0  0
25  0      0 15575252 226588 5555456    0    0     0     0 12083 15107 90 10  0  0  0  0
14  0      0 15584588 226588 5555472    0    0     0     0 11323 12034 91  9  0  0  0  0
13  0      0 15575716 226588 5555492    0    0     0     0 11240 12795 90  9  0  0  0  0
procs ----------mémoire---------- -échange- -----io---- -système- ------cpu--------
 r  b   swpd  libre tampon  cache   si   so    bi    bo   in   cs us sy id wa st gu
14  0      0 15577956 226588 5555508    0    0     0     0 11736 13385 91  9  0  0  0  0
13  0      0 15580384 226592 5555524    0    0     0    24 10598 9957 92  8  0  0  0  0
15  0      0 15582896 226592 5555536    0    0     0     0 12620 16096 91 10  0  0  0  0
15  1      0 15591752 226592 5555476    0    0     0   852 12488 15974 89 11  0  0  0  0
23  0      0 15592788 226620 5555492    0    0     0  1612 11307 12774 90 10  0  0  0  0
16  0      0 15585476 226620 5555504    0    0     0     0 10851 11302 91  9  0  0  0  0
14  1      0 15604652 226628 5555444    0    0     0  1576 12899 16079 89 11  0  0  0  0
19  0      0 15606612 226652 5555424    0    0     0   268 12738 14976 90 10  0  0  0  0
19  0      0 15599300 226652 5555428    0    0     0     4 12451 15844 90 10  0  0  0  0
14  0      0 15613088 226652 5555448    0    0     0     0 11302 12902 91  9  0  0  0  0
17  0      0 15600656 226652 5555472    0    0     0     0 12094 14101 90 10  0  0  0  0
13  1      0 15615992 226656 5555408    0    0     0  1744 12002 13724 90 10  0  0  0  0
10  0      0 15603912 226664 5555424    0    0     0    68 12578 16257 91  9  0  0  0  0
10  0      0 15595472 226664 5555444    0    0     0     0 11409 12997 90  9  0  0  0  0
16  0      0 15612232 226664 5555448    0    0     0     0 11638 13403 91  9  0  0  0  0
17  0      0 15631180 226664 5555476    0    0     0     0 10727 10586 91  9  0  0  0  0
14  3      0 15640712 226668 5555480    0    0     0    76 12295 15831 91  8  0  0  0  0
13  0      0 15636232 226684 5555488    0    0     0   116 12646 14732 88  9  1  2  0  0
13  0      0 15653524 226684 5555520    0    0     0     0 11388 12883 91  9  0  0  0  0
14  0      0 15653604 226684 5555140    0    0     0     0 10648 10015 91  9  0  0  0  0
17  0      0 15662300 226684 5555160    0    0     0     0 10847 10457 91  9  0  0  0  0
procs ----------mémoire---------- -échange- -----io---- -système- ------cpu--------
 r  b   swpd  libre tampon  cache   si   so    bi    bo   in   cs us sy id wa st gu
15  1      0 15653708 226688 5555180    0    0     0   112 12165 16514 90 10  0  0  0  0
15  0      0 15650540 226692 5555212    0    0     0    24 10925 11988 91  9  0  0  0  0
17  0      0 15661348 226692 5555228    0    0     0     0 11541 13182 90 10  0  0  0  0
12  0      0 15647432 226708 5555232    0    0     0    76 10626 10143 91  9  0  0  0  0
12  0      0 15636220 226708 5555248    0    0     0     0 12522 15696 90 10  0  0  0  0
13  0      0 15650160 226708 5555264    0    0     0     0 11279 12477 91  9  0  0  0  0
14  0      0 15667356 226708 5555280    0    0     0     0 11843 13647 90 10  0  0  0  0
16  0      0 15665832 226708 5555284    0    0     0     0 10526 10107 91  9  0  0  0  0
13  0      0 15644620 226712 5555300    0    0     0    40 12271 15768 91  9  0  0  0  0
14  0      0 15656216 226712 5555312    0    0     0     0 10916 11341 90 10  0  0  0  0
12  0      0 15659316 226712 5555332    0    0     0     0 11011 11484 91  9  0  0  0  0
10  0      0 15657744 226712 5555344    0    0     0     0 11787 13671 90 10  0  0  0  0
16  0      0 15659900 226712 5555352    0    0     0     0 10763 10246 91  9  0  0  0  0
13  0      0 15639612 226712 5555368    0    0     0    24 12277 15766 91  9  0  0  0  0
19  0      0 15646876 226712 5555380    0    0     0     0 11209 12714 91  9  0  0  0  0
15  0      0 15659748 226712 5555396    0    0     0     0 11282 12193 91  9  0  0  0  0
18  0      0 15661788 226712 5555420    0    0     0     0 10559 9938 91  9  0  0  0  0
14  0      0 15651004 226712 5555428    0    0     0     0 12955 16891 90 10  0  0  0  0
14  0      0 15646512 226724 5555448    0    0     0    80 10937 11654 90  9  0  0  0  0
18  0      0 15652244 226724 5555756    0    0     0     0 11011 12151 91  9  0  0  0  0
17  0      0 15653836 226724 5555532    0    0     0     0 10841 10354 91  9  0  0  0  0
procs ----------mémoire---------- -échange- -----io---- -système- ------cpu--------
 r  b   swpd  libre tampon  cache   si   so    bi    bo   in   cs us sy id wa st gu
21  0      0 15638888 226724 5555548    0    0     0   572 11938 14155 90 10  0  0  0  0
21  0      0 15586292 226740 5556160    0    0     0   420 11341 13493 90 10  0  0  0  0
17  0      0 15579812 226740 5555976    0    0     0     0 11861 13777 89 11  0  0  0  0
19  2      0 15597284 226752 5555888    0    0     0  1784 12163 14198 90 10  0  0  0  0
14  0      0 15603180 226756 5555896    0    0     0   140 11438 13382 91  9  0  0  0  0
20  0      0 15612176 226760 5555904    0    0     0    80 10736 10818 91  9  0  0  0  0
20  1      0 15613052 226760 5555892    0    0     0   104 13392 18607 90 10  0  0  0  0
16  0      0 15608960 226768 5555816    0    0     0  1704 12059 13784 90 10  0  0  0  0
17  0      0 15616016 226768 5555832    0    0     0     4 11450 13353 91  9  0  0  0  0
11  0      0 15632892 226768 5555840    0    0     0     0 10743 10523 91  9  0  0  0  0
15  0      0 15637988 226768 5555860    0    0     0     0 11476 12917 90 10  0  0  0  0
14  0      0 15636648 226768 5555872    0    0     0     0 11468 12423 91  9  0  0  0  0
19  1      0 15653880 226772 5555848    0    0     0   576 12717 15939 88 11  0  0  0  0
18  0      0 15650908 226792 5555796    0    0     0  1284 12699 15286 90 10  0  0  0  0
 9  0      0 15652492 226792 5555816    0    0     0     0 10690 10331 92  9  0  0  0  0
16  1      0 15661136 226792 5555832    0    0     0    84 13281 18206 90 10  0  0  0  0
10  0      0 15667740 226812 5555752    0    0     0  1772 12657 15236 90 10  0  0  0  0
13  0      0 15653280 226812 5555768    0    0     0     4 11683 13033 91  9  0  0  0  0
13  0      0 15653068 226812 5555784    0    0     0     0 10904 10810 91  9  0  0  0  0
12  0      0 15661920 226812 5555800    0    0     0     0 10872 10237 91  9  0  0  0  0
15  0      0 15668164 226820 5555812    0    0     0    96 12753 16003 90 10  0  0  0  0
procs ----------mémoire---------- -échange- -----io---- -système- ------cpu--------
 r  b   swpd  libre tampon  cache   si   so    bi    bo   in   cs us sy id wa st gu
12  0      0 15661192 226820 5555836    0    0     0     0 11093 11811 92  8  0  0  0  0
12  0      0 15683904 226820 5555848    0    0     0     0 11623 13035 91  9  0  0  0  0
16  0      0 15681248 226820 5555856    0    0     0     0 10861 10878 90 10  0  0  0  0
16  0      0 15690788 226820 5555880    0    0     0     0 12007 14818 91  9  0  0  0  0
18  0      0 15670476 226824 5555888    0    0     0    24 11381 12735 90  9  0  0  0  0
14  1      0 15676076 226824 5555896    0    0     0    76 11868 13873 90 10  0  0  0  0
14  0      0 15659192 226844 5555816    0    0     0  2004 12481 13878 90 10  0  0  0  0
16  0      0 15660628 226844 5555840    0    0     0     0 12278 15522 91  9  0  0  0  0
14  0      0 15662496 226844 5555864    0    0     0     0 11298 12345 91  9  0  0  0  0
15  0      0 15678896 226844 5555876    0    0     0     4 11757 13156 92  8  0  0  0  0
16  0      0 15681164 226844 5555888    0    0     0     0 10860 10709 90  9  0  0  0  0
14  0      0 15681556 226844 5555904    0    0     0     0 11450 12659 91  9  0  0  0  0
 8  0      0 15671616 226848 5555912    0    0     0    52 11774 13349 91  9  0  0  0  0
10  0      0 15666988 226848 5555928    0    0     0     0 11551 12702 91  9  0  0  0  0
13  0      0 15688316 226860 5555932    0    0     0   100 11474 12754 91  9  0  0  0  0
13  0      0 15697048 226868 5555948    0    0     0    52 10928 10430 91  9  1  0  0  0
11  0      0 15682388 226868 5555968    0    0     0     0 11860 14210 90 10  0  0  0  0
15  2      0 15675672 226872 5555896    0    0     0  1584 12424 15194 89 11  0  0  0  0
16  0      0 15685552 226892 5555880    0    0     0   304 11178 11444 91  9  0  0  0  0
12  0      0 15688000 226892 5555888    0    0     0     0 11071 11925 91  9  0  0  0  0
16  1      0 15686672 226904 5555800    0    0     0  1452 12361 14344 89 11  0  0  0  0
procs ----------mémoire---------- -échange- -----io---- -système- ------cpu--------
 r  b   swpd  libre tampon  cache   si   so    bi    bo   in   cs us sy id wa st gu
12  0      0 15691236 226916 5555760    0    0     0   288 12031 14667 91  9  0  0  0  0
16  1      0 15709120 226924 5555636    0    0     0  1724 12729 15293 89 10  0  0  0  0
11  0      0 15720312 226932 5555668    0    0     0    68 11821 12554 90 10  1  0  0  0
13  0      0 15715008 226932 5555676    0    0     0     0 11030 11085 91  9  0  0  0  0
 9  0      0 15703312 226932 5555692    0    0     0     0 10564 9318 91  9  1  0  0  0
12  0      0 15706492 226932 5555696    0    0     0     0 11711 13855 90 10  0  0  0  0
13  0      0 15706272 226932 5555708    0    0     0     0 11421 11805 91  9  1  0  0  0
10  0      0 15712768 226940 5555720    0    0     0    56 11149 11217 91  8  0  0  0  0
11  0      0 15727080 226940 5555728    0    0     0     0 10837 10316 91  9  0  0  0  0
11  0      0 15724244 226940 5555740    0    0     0     0 11753 12984 90 10  1  0  0  0
10  1      0 15723788 226940 5555716    0    0     0  1152 12506 14450 89 10  0  0  0  0
16  0      0 15735948 226948 5555600    0    0     0   624 11195 11254 90  9  0  0  0  0
12  0      0 15736932 226948 5555868    0    0     0   428 12064 13659 90  9  1  0  0  0
11  1      0 15735460 226972 5555588    0    0     0  1300 14378 12631 89 10  1  0  0  0
12  0      0 15743772 226972 5555604    0    0     0     4 11893 10774 91  9  0  0  0  0
17  0      0 15725908 226972 5555516    0    0     0     0 15059 14111 89 10  1  0  0  0
12  0      0 15737684 226976 5555384    0    0     0  1672 17421 15358 88 11  1  0  0  0
14  0      0 15752216 226976 5555392    0    0     0     0 19338 10681 90 10  1  0  0  0
12  0      0 15771608 226976 5555404    0    0     0     0 23844 9955 89  9  2  0  0  0
16  2      0 15773124 226988 5555408    0    0     0  2048 30168 12918 88 11  1  0  0  0
 7  0      0 15755952 226996 5555240    0    0     0   156 32833 13285 88 12  1  0  0  0
procs ----------mémoire---------- -échange- -----io---- -système- ------cpu--------
 r  b   swpd  libre tampon  cache   si   so    bi    bo   in   cs us sy id wa st gu
11  0      0 15728524 226996 5555256    0    0     0     0 40856 10388 88 11  1  0  0  0
10  0      0 15745500 227020 5557292    0    0     0   368 31430 10847 89 10  1  0  0  0
 9  0      0 15686296 227020 5602228    0    0     0    64 10847 11669 90  9  1  0  0  0
 9  1      0 15699872 227032 5602124    0    0     0   276 13460 18543 85 10  5  1  0  0
 5 12      0 15712868 227032 5601964    0    0     0  2468 11292 13012 78  9  9  4  0  0
 5  2      0 15723104 227076 5601928    0    0     0  1256 11026 13775 70  8 17  6  0  0
 6  0      0 15727032 227096 5601888    0    0     0  1248 9741 10725 68  7 21  4  0  0
 5  1      0 15731064 227100 5601820    0    0     0  1332 10340 12453 62  8 28  3  0  0
 5  0      0 15738396 227128 5601784    0    0     0   264 9361 10334 58  6 34  2  0  0
 4  1      0 15755988 227140 5601632    0    0     0  1364 9548 11487 50  6 39  5  0  0
 2  3      0 15759344 227140 5601340    0    0     0  1392 10336 14889 35  5 44 16  0  0
 2  1      0 15785376 227172 5579628    0    0     0  1780 6812 6741 25  3 52 20  0  0
 2  2      0 15796436 227200 5579432    0    0     0  1636 5445 7475 16  2 65 17  0  0
 2  0      0 15760640 227220 5583548    0    0     0   580 16330 25000 20  6 68  6  0  0
 1  1      0 15771044 227256 5583472    0    0     0   980 4410 5477 13  1 74 11  0  0
 1  1      0 15789836 227296 5583368    0    0     0   996 4612 5729 13  1 74 12  0  0
 2  1      0 15800008 227328 5583284    0    0     0   880 4958 7707 13  1 74 12  0  0
 1  1      0 15816596 227368 5583208    0    0     0  1168 4426 5353 13  1 72 14  0  0
 1  1      0 15842316 227388 5583192    0    0     0   848 4431 5597 13  1 74 12  0  0
 2  0      0 15849804 227416 5583044    0    0     0   916 5008 7815 14  1 74 11  0  0
 1  1      0 15854696 227464 5582944    0    0     0   996 4687 5659 13  1 74 12  0  0
procs ----------mémoire---------- -échange- -----io---- -système- ------cpu--------
 r  b   swpd  libre tampon  cache   si   so    bi    bo   in   cs us sy id wa st gu
 1  1      0 15857628 227508 5582832    0    0     0   908 4506 5822 13  1 74 12  0  0
 1  1      0 15850648 227536 5582776    0    0     0   904 4903 7346 14  1 74 11  0  0
 1  1      0 15857548 227600 5582668    0    0     0  1040 4819 6045 13  1 74 12  0  0
 1  1      0 15863536 227628 5582608    0    0     0   944 4370 5550 13  1 74 12  0  0
 2  0      0 15862736 227652 5582508    0    0     0   908 5132 8017 13  2 73 12  0  0
 1  1      0 15862948 227704 5582396    0    0     0  1028 4899 6120 14  1 74 12  0  0
 1  1      0 15862288 227724 5582316    0    0     0   972 4477 5743 13  1 74 12  0  0
 1  1      0 15833056 227776 5584268    0    0     0  1024 5472 8265 14  1 73 12  0  0
 0  1      0 15839152 227784 5584168    0    0     0  2080 4444 6372  5  4 75 16  0  0
