--- 2026-06-03_18:20:22 ---
NAME         CPU %     MEM USAGE / LIMIT     MEM %
cliente100   0.00%     2.855MiB / 23.32GiB   0.01%
cliente99    0.00%     2.848MiB / 23.32GiB   0.01%
cliente98    0.00%     2.84MiB / 23.32GiB    0.01%
cliente97    0.00%     2.844MiB / 23.32GiB   0.01%
cliente96    0.00%     2.848MiB / 23.32GiB   0.01%
cliente94    0.00%     2.836MiB / 23.32GiB   0.01%
cliente93    0.00%     2.852MiB / 23.32GiB   0.01%
cliente92    0.00%     2.855MiB / 23.32GiB   0.01%
cliente91    0.00%     2.852MiB / 23.32GiB   0.01%
cliente90    0.00%     2.844MiB / 23.32GiB   0.01%
cliente89    0.00%     2.848MiB / 23.32GiB   0.01%
cliente88    0.00%     2.848MiB / 23.32GiB   0.01%
cliente87    0.00%     2.852MiB / 23.32GiB   0.01%
cliente86    0.00%     2.852MiB / 23.32GiB   0.01%
cliente85    0.00%     2.844MiB / 23.32GiB   0.01%
cliente84    0.00%     2.844MiB / 23.32GiB   0.01%
cliente83    0.00%     2.852MiB / 23.32GiB   0.01%
cliente82    0.00%     2.852MiB / 23.32GiB   0.01%
cliente81    0.00%     2.852MiB / 23.32GiB   0.01%
cliente80    0.00%     2.844MiB / 23.32GiB   0.01%
cliente79    0.00%     2.84MiB / 23.32GiB    0.01%
cliente78    0.00%     2.844MiB / 23.32GiB   0.01%
cliente77    0.00%     2.855MiB / 23.32GiB   0.01%
cliente76    0.00%     2.84MiB / 23.32GiB    0.01%
cliente75    0.00%     2.848MiB / 23.32GiB   0.01%
cliente74    0.00%     2.852MiB / 23.32GiB   0.01%
cliente73    0.00%     2.84MiB / 23.32GiB    0.01%
cliente72    0.00%     2.848MiB / 23.32GiB   0.01%
cliente71    0.00%     2.848MiB / 23.32GiB   0.01%
cliente70    0.00%     2.848MiB / 23.32GiB   0.01%
cliente69    0.00%     2.844MiB / 23.32GiB   0.01%
cliente68    0.00%     2.852MiB / 23.32GiB   0.01%
cliente67    0.00%     2.855MiB / 23.32GiB   0.01%
cliente66    0.00%     2.844MiB / 23.32GiB   0.01%
cliente65    0.00%     2.863MiB / 23.32GiB   0.01%
cliente64    0.00%     2.855MiB / 23.32GiB   0.01%
cliente63    0.00%     2.844MiB / 23.32GiB   0.01%
cliente62    0.00%     2.844MiB / 23.32GiB   0.01%
cliente61    0.00%     2.938MiB / 23.32GiB   0.01%
cliente60    0.00%     2.832MiB / 23.32GiB   0.01%
cliente59    0.00%     2.855MiB / 23.32GiB   0.01%
cliente58    0.00%     2.844MiB / 23.32GiB   0.01%
cliente57    0.00%     2.848MiB / 23.32GiB   0.01%
cliente56    0.00%     2.855MiB / 23.32GiB   0.01%
cliente55    0.00%     2.848MiB / 23.32GiB   0.01%
cliente54    0.00%     2.84MiB / 23.32GiB    0.01%
cliente53    0.00%     2.844MiB / 23.32GiB   0.01%
cliente52    0.00%     2.852MiB / 23.32GiB   0.01%
cliente51    0.00%     2.852MiB / 23.32GiB   0.01%
cliente50    0.00%     2.844MiB / 23.32GiB   0.01%
cliente49    0.00%     2.852MiB / 23.32GiB   0.01%
cliente48    0.00%     2.852MiB / 23.32GiB   0.01%
cliente47    0.00%     2.848MiB / 23.32GiB   0.01%
cliente46    0.00%     2.844MiB / 23.32GiB   0.01%
cliente45    0.00%     2.84MiB / 23.32GiB    0.01%
cliente44    0.00%     2.844MiB / 23.32GiB   0.01%
cliente43    0.00%     2.848MiB / 23.32GiB   0.01%
cliente42    0.00%     2.844MiB / 23.32GiB   0.01%
cliente41    0.00%     2.848MiB / 23.32GiB   0.01%
cliente40    0.00%     2.848MiB / 23.32GiB   0.01%
cliente39    0.00%     2.848MiB / 23.32GiB   0.01%
cliente38    0.00%     2.84MiB / 23.32GiB    0.01%
cliente37    0.00%     2.848MiB / 23.32GiB   0.01%
cliente36    0.00%     2.844MiB / 23.32GiB   0.01%
cliente35    0.00%     2.855MiB / 23.32GiB   0.01%
cliente34    0.00%     2.844MiB / 23.32GiB   0.01%
cliente33    0.00%     2.844MiB / 23.32GiB   0.01%
cliente32    0.00%     2.852MiB / 23.32GiB   0.01%
cliente31    0.00%     2.844MiB / 23.32GiB   0.01%
cliente30    0.00%     2.844MiB / 23.32GiB   0.01%
cliente29    0.00%     2.852MiB / 23.32GiB   0.01%
cliente28    0.00%     2.852MiB / 23.32GiB   0.01%
cliente27    0.00%     2.84MiB / 23.32GiB    0.01%
cliente26    0.00%     2.84MiB / 23.32GiB    0.01%
cliente25    0.00%     2.844MiB / 23.32GiB   0.01%
cliente24    0.00%     2.836MiB / 23.32GiB   0.01%
cliente23    0.00%     2.844MiB / 23.32GiB   0.01%
cliente22    0.00%     2.84MiB / 23.32GiB    0.01%
cliente21    0.00%     2.844MiB / 23.32GiB   0.01%
cliente20    0.00%     2.84MiB / 23.32GiB    0.01%
cliente19    0.00%     2.848MiB / 23.32GiB   0.01%
cliente18    0.00%     2.848MiB / 23.32GiB   0.01%
cliente17    0.00%     2.852MiB / 23.32GiB   0.01%
cliente16    0.00%     2.844MiB / 23.32GiB   0.01%
cliente15    0.00%     2.852MiB / 23.32GiB   0.01%
cliente14    0.00%     2.844MiB / 23.32GiB   0.01%
cliente13    0.00%     2.848MiB / 23.32GiB   0.01%
cliente12    0.00%     2.852MiB / 23.32GiB   0.01%
cliente11    0.00%     2.848MiB / 23.32GiB   0.01%
--- 2026-06-03_18:20:26 ---
NAME         CPU %     MEM USAGE / LIMIT     MEM %
cliente100   0.00%     2.855MiB / 23.32GiB   0.01%
cliente99    0.00%     2.848MiB / 23.32GiB   0.01%
cliente98    0.00%     2.84MiB / 23.32GiB    0.01%
cliente97    0.00%     2.844MiB / 23.32GiB   0.01%
cliente96    0.00%     2.848MiB / 23.32GiB   0.01%
cliente94    0.00%     2.836MiB / 23.32GiB   0.01%
cliente93    0.00%     2.852MiB / 23.32GiB   0.01%
cliente92    0.00%     2.855MiB / 23.32GiB   0.01%
cliente91    0.00%     2.852MiB / 23.32GiB   0.01%
cliente90    0.00%     2.844MiB / 23.32GiB   0.01%
cliente89    0.00%     2.848MiB / 23.32GiB   0.01%
cliente88    0.00%     2.848MiB / 23.32GiB   0.01%
cliente87    0.00%     2.852MiB / 23.32GiB   0.01%
cliente86    0.00%     2.852MiB / 23.32GiB   0.01%
cliente85    0.00%     2.844MiB / 23.32GiB   0.01%
cliente84    0.00%     2.844MiB / 23.32GiB   0.01%
cliente83    0.00%     2.852MiB / 23.32GiB   0.01%
cliente82    0.00%     2.852MiB / 23.32GiB   0.01%
cliente81    0.00%     2.852MiB / 23.32GiB   0.01%
cliente80    0.00%     2.844MiB / 23.32GiB   0.01%
cliente79    0.00%     2.84MiB / 23.32GiB    0.01%
cliente78    0.00%     2.844MiB / 23.32GiB   0.01%
cliente77    0.00%     2.855MiB / 23.32GiB   0.01%
cliente76    0.00%     2.84MiB / 23.32GiB    0.01%
cliente75    0.00%     2.848MiB / 23.32GiB   0.01%
cliente74    0.00%     2.852MiB / 23.32GiB   0.01%
cliente73    0.00%     2.84MiB / 23.32GiB    0.01%
cliente72    0.00%     2.848MiB / 23.32GiB   0.01%
cliente71    0.00%     2.848MiB / 23.32GiB   0.01%
cliente70    0.00%     2.848MiB / 23.32GiB   0.01%
cliente69    0.00%     2.844MiB / 23.32GiB   0.01%
cliente68    0.00%     2.852MiB / 23.32GiB   0.01%
cliente67    0.00%     2.855MiB / 23.32GiB   0.01%
cliente66    0.00%     2.844MiB / 23.32GiB   0.01%
cliente65    0.00%     2.863MiB / 23.32GiB   0.01%
cliente64    0.00%     2.855MiB / 23.32GiB   0.01%
cliente63    0.00%     2.844MiB / 23.32GiB   0.01%
cliente62    0.00%     2.844MiB / 23.32GiB   0.01%
cliente61    0.00%     2.938MiB / 23.32GiB   0.01%
cliente60    0.00%     2.832MiB / 23.32GiB   0.01%
cliente59    0.00%     2.855MiB / 23.32GiB   0.01%
cliente58    0.00%     2.844MiB / 23.32GiB   0.01%
cliente57    0.00%     2.848MiB / 23.32GiB   0.01%
cliente56    0.00%     2.855MiB / 23.32GiB   0.01%
cliente55    0.00%     2.848MiB / 23.32GiB   0.01%
cliente54    0.00%     2.84MiB / 23.32GiB    0.01%
cliente53    0.00%     2.844MiB / 23.32GiB   0.01%
cliente52    0.00%     2.852MiB / 23.32GiB   0.01%
cliente51    0.00%     2.852MiB / 23.32GiB   0.01%
cliente50    0.00%     2.844MiB / 23.32GiB   0.01%
cliente49    0.00%     2.852MiB / 23.32GiB   0.01%
cliente48    0.00%     2.852MiB / 23.32GiB   0.01%
cliente47    0.00%     2.848MiB / 23.32GiB   0.01%
cliente46    0.00%     2.844MiB / 23.32GiB   0.01%
cliente45    0.00%     2.84MiB / 23.32GiB    0.01%
cliente44    0.00%     2.844MiB / 23.32GiB   0.01%
cliente43    0.00%     2.848MiB / 23.32GiB   0.01%
cliente42    0.00%     2.844MiB / 23.32GiB   0.01%
cliente41    0.00%     2.848MiB / 23.32GiB   0.01%
cliente40    0.00%     2.848MiB / 23.32GiB   0.01%
cliente39    0.00%     2.848MiB / 23.32GiB   0.01%
cliente38    0.00%     2.84MiB / 23.32GiB    0.01%
cliente37    0.00%     2.848MiB / 23.32GiB   0.01%
cliente36    0.00%     2.844MiB / 23.32GiB   0.01%
cliente35    0.00%     2.855MiB / 23.32GiB   0.01%
cliente34    0.00%     2.844MiB / 23.32GiB   0.01%
cliente33    0.00%     2.844MiB / 23.32GiB   0.01%
cliente32    0.00%     2.852MiB / 23.32GiB   0.01%
cliente31    0.00%     2.844MiB / 23.32GiB   0.01%
cliente30    0.00%     2.844MiB / 23.32GiB   0.01%
cliente29    0.00%     2.852MiB / 23.32GiB   0.01%
cliente28    0.00%     2.852MiB / 23.32GiB   0.01%
cliente27    0.00%     2.84MiB / 23.32GiB    0.01%
cliente26    0.00%     2.84MiB / 23.32GiB    0.01%
cliente25    0.00%     2.844MiB / 23.32GiB   0.01%
cliente24    0.00%     2.836MiB / 23.32GiB   0.01%
cliente23    0.00%     2.844MiB / 23.32GiB   0.01%
cliente22    0.00%     2.84MiB / 23.32GiB    0.01%
cliente21    0.00%     2.844MiB / 23.32GiB   0.01%
cliente20    0.00%     2.84MiB / 23.32GiB    0.01%
cliente19    0.00%     2.848MiB / 23.32GiB   0.01%
cliente18    0.00%     2.848MiB / 23.32GiB   0.01%
cliente17    0.00%     2.852MiB / 23.32GiB   0.01%
cliente16    0.00%     2.844MiB / 23.32GiB   0.01%
cliente15    0.00%     2.852MiB / 23.32GiB   0.01%
cliente14    0.00%     2.844MiB / 23.32GiB   0.01%
cliente13    0.00%     2.848MiB / 23.32GiB   0.01%
cliente12    0.00%     2.852MiB / 23.32GiB   0.01%
cliente11    0.00%     2.848MiB / 23.32GiB   0.01%
--- 2026-06-03_18:20:31 ---
NAME         CPU %     MEM USAGE / LIMIT     MEM %
servidor     100.34%   3.812MiB / 23.32GiB   0.02%
cliente100   0.00%     2.855MiB / 23.32GiB   0.01%
cliente99    0.00%     2.848MiB / 23.32GiB   0.01%
cliente98    0.00%     2.84MiB / 23.32GiB    0.01%
cliente97    0.00%     2.844MiB / 23.32GiB   0.01%
cliente96    0.00%     2.848MiB / 23.32GiB   0.01%
cliente94    0.00%     2.836MiB / 23.32GiB   0.01%
cliente93    0.00%     2.852MiB / 23.32GiB   0.01%
cliente92    0.00%     2.855MiB / 23.32GiB   0.01%
cliente91    0.00%     2.852MiB / 23.32GiB   0.01%
cliente90    0.00%     2.844MiB / 23.32GiB   0.01%
cliente89    0.00%     2.848MiB / 23.32GiB   0.01%
cliente88    0.00%     2.848MiB / 23.32GiB   0.01%
cliente87    0.00%     2.852MiB / 23.32GiB   0.01%
cliente86    0.00%     2.852MiB / 23.32GiB   0.01%
cliente85    0.00%     2.844MiB / 23.32GiB   0.01%
cliente84    0.00%     2.844MiB / 23.32GiB   0.01%
cliente83    0.00%     2.852MiB / 23.32GiB   0.01%
cliente82    0.00%     2.852MiB / 23.32GiB   0.01%
cliente81    0.00%     2.852MiB / 23.32GiB   0.01%
cliente80    0.00%     2.844MiB / 23.32GiB   0.01%
cliente79    0.00%     2.84MiB / 23.32GiB    0.01%
cliente78    0.00%     2.844MiB / 23.32GiB   0.01%
cliente77    0.00%     2.855MiB / 23.32GiB   0.01%
cliente76    0.00%     2.84MiB / 23.32GiB    0.01%
cliente75    0.00%     2.848MiB / 23.32GiB   0.01%
cliente74    0.00%     2.852MiB / 23.32GiB   0.01%
cliente73    0.00%     2.84MiB / 23.32GiB    0.01%
cliente72    0.00%     2.848MiB / 23.32GiB   0.01%
cliente71    0.00%     2.848MiB / 23.32GiB   0.01%
cliente70    0.00%     2.848MiB / 23.32GiB   0.01%
cliente69    0.00%     2.844MiB / 23.32GiB   0.01%
cliente68    0.00%     2.852MiB / 23.32GiB   0.01%
cliente67    0.00%     2.855MiB / 23.32GiB   0.01%
cliente66    0.00%     2.844MiB / 23.32GiB   0.01%
cliente65    0.00%     2.863MiB / 23.32GiB   0.01%
cliente64    0.00%     2.855MiB / 23.32GiB   0.01%
cliente63    0.00%     2.844MiB / 23.32GiB   0.01%
cliente62    0.00%     2.844MiB / 23.32GiB   0.01%
cliente61    0.00%     2.938MiB / 23.32GiB   0.01%
cliente60    0.00%     2.832MiB / 23.32GiB   0.01%
cliente59    0.00%     2.855MiB / 23.32GiB   0.01%
cliente58    0.00%     2.844MiB / 23.32GiB   0.01%
cliente57    0.00%     2.848MiB / 23.32GiB   0.01%
cliente56    0.00%     2.855MiB / 23.32GiB   0.01%
cliente55    0.00%     2.848MiB / 23.32GiB   0.01%
cliente54    0.00%     2.84MiB / 23.32GiB    0.01%
cliente53    0.00%     2.844MiB / 23.32GiB   0.01%
cliente52    0.00%     2.852MiB / 23.32GiB   0.01%
cliente51    0.00%     2.852MiB / 23.32GiB   0.01%
cliente50    0.00%     2.844MiB / 23.32GiB   0.01%
cliente49    0.00%     2.852MiB / 23.32GiB   0.01%
cliente48    0.00%     2.852MiB / 23.32GiB   0.01%
cliente47    0.00%     2.848MiB / 23.32GiB   0.01%
cliente46    0.00%     2.844MiB / 23.32GiB   0.01%
cliente45    0.00%     2.84MiB / 23.32GiB    0.01%
cliente44    0.00%     2.844MiB / 23.32GiB   0.01%
cliente43    0.00%     2.848MiB / 23.32GiB   0.01%
cliente42    0.00%     2.844MiB / 23.32GiB   0.01%
cliente41    0.00%     2.848MiB / 23.32GiB   0.01%
cliente40    0.00%     2.848MiB / 23.32GiB   0.01%
cliente39    0.00%     2.848MiB / 23.32GiB   0.01%
cliente38    0.00%     2.84MiB / 23.32GiB    0.01%
cliente37    0.00%     2.848MiB / 23.32GiB   0.01%
cliente36    0.00%     2.844MiB / 23.32GiB   0.01%
cliente35    0.00%     2.855MiB / 23.32GiB   0.01%
cliente34    0.00%     2.844MiB / 23.32GiB   0.01%
cliente33    0.00%     2.844MiB / 23.32GiB   0.01%
cliente32    0.00%     2.852MiB / 23.32GiB   0.01%
cliente31    0.00%     2.844MiB / 23.32GiB   0.01%
cliente30    0.00%     2.844MiB / 23.32GiB   0.01%
cliente29    0.00%     2.852MiB / 23.32GiB   0.01%
cliente28    0.00%     2.852MiB / 23.32GiB   0.01%
cliente27    0.00%     2.84MiB / 23.32GiB    0.01%
cliente26    0.00%     2.84MiB / 23.32GiB    0.01%
cliente25    0.00%     2.844MiB / 23.32GiB   0.01%
cliente24    0.00%     2.836MiB / 23.32GiB   0.01%
cliente23    0.00%     2.844MiB / 23.32GiB   0.01%
cliente22    0.00%     2.84MiB / 23.32GiB    0.01%
cliente21    0.00%     2.844MiB / 23.32GiB   0.01%
cliente20    0.00%     2.84MiB / 23.32GiB    0.01%
cliente19    0.00%     2.848MiB / 23.32GiB   0.01%
cliente18    0.00%     2.848MiB / 23.32GiB   0.01%
cliente17    0.00%     2.852MiB / 23.32GiB   0.01%
cliente16    0.00%     2.844MiB / 23.32GiB   0.01%
cliente15    0.00%     2.852MiB / 23.32GiB   0.01%
cliente14    0.00%     2.844MiB / 23.32GiB   0.01%
cliente13    0.00%     2.848MiB / 23.32GiB   0.01%
cliente12    0.00%     2.852MiB / 23.32GiB   0.01%
cliente11    0.00%     2.848MiB / 23.32GiB   0.01%
--- 2026-06-03_18:20:35 ---
NAME         CPU %     MEM USAGE / LIMIT     MEM %
servidor     103.87%   6.75MiB / 23.32GiB    0.03%
cliente100   0.00%     2.855MiB / 23.32GiB   0.01%
cliente99    0.00%     2.848MiB / 23.32GiB   0.01%
cliente98    0.00%     2.84MiB / 23.32GiB    0.01%
cliente97    0.00%     2.844MiB / 23.32GiB   0.01%
cliente96    0.00%     2.848MiB / 23.32GiB   0.01%
cliente94    0.00%     2.836MiB / 23.32GiB   0.01%
cliente93    0.00%     2.852MiB / 23.32GiB   0.01%
cliente92    0.00%     2.855MiB / 23.32GiB   0.01%
cliente91    0.00%     2.852MiB / 23.32GiB   0.01%
cliente90    0.00%     2.844MiB / 23.32GiB   0.01%
cliente89    0.00%     2.848MiB / 23.32GiB   0.01%
cliente88    0.00%     2.848MiB / 23.32GiB   0.01%
cliente87    0.00%     2.852MiB / 23.32GiB   0.01%
cliente86    0.00%     2.852MiB / 23.32GiB   0.01%
cliente85    0.00%     2.844MiB / 23.32GiB   0.01%
cliente84    0.00%     2.844MiB / 23.32GiB   0.01%
cliente83    0.00%     2.852MiB / 23.32GiB   0.01%
cliente82    0.00%     2.852MiB / 23.32GiB   0.01%
cliente81    0.00%     2.852MiB / 23.32GiB   0.01%
cliente80    0.00%     2.844MiB / 23.32GiB   0.01%
cliente79    0.00%     2.84MiB / 23.32GiB    0.01%
cliente78    0.00%     2.844MiB / 23.32GiB   0.01%
cliente77    0.00%     2.855MiB / 23.32GiB   0.01%
cliente76    0.00%     2.84MiB / 23.32GiB    0.01%
cliente75    0.00%     2.848MiB / 23.32GiB   0.01%
cliente74    0.00%     2.852MiB / 23.32GiB   0.01%
cliente73    0.00%     2.84MiB / 23.32GiB    0.01%
cliente72    0.00%     2.848MiB / 23.32GiB   0.01%
cliente71    0.00%     2.848MiB / 23.32GiB   0.01%
cliente70    0.00%     2.848MiB / 23.32GiB   0.01%
cliente69    0.00%     2.844MiB / 23.32GiB   0.01%
cliente68    0.00%     2.852MiB / 23.32GiB   0.01%
cliente67    0.00%     2.855MiB / 23.32GiB   0.01%
cliente66    0.00%     2.844MiB / 23.32GiB   0.01%
cliente65    0.00%     2.863MiB / 23.32GiB   0.01%
cliente64    0.00%     2.855MiB / 23.32GiB   0.01%
cliente63    0.00%     2.844MiB / 23.32GiB   0.01%
cliente62    0.00%     2.844MiB / 23.32GiB   0.01%
cliente61    0.00%     2.938MiB / 23.32GiB   0.01%
cliente60    0.00%     2.832MiB / 23.32GiB   0.01%
cliente59    0.00%     2.855MiB / 23.32GiB   0.01%
cliente58    0.00%     2.844MiB / 23.32GiB   0.01%
cliente57    0.00%     2.848MiB / 23.32GiB   0.01%
cliente56    0.00%     2.855MiB / 23.32GiB   0.01%
cliente55    0.00%     2.848MiB / 23.32GiB   0.01%
cliente54    0.00%     2.84MiB / 23.32GiB    0.01%
cliente53    0.00%     2.844MiB / 23.32GiB   0.01%
cliente52    0.00%     2.852MiB / 23.32GiB   0.01%
cliente51    0.00%     2.852MiB / 23.32GiB   0.01%
cliente50    0.00%     2.844MiB / 23.32GiB   0.01%
cliente49    0.00%     2.852MiB / 23.32GiB   0.01%
cliente48    0.00%     2.852MiB / 23.32GiB   0.01%
cliente47    0.00%     2.848MiB / 23.32GiB   0.01%
cliente46    0.00%     2.844MiB / 23.32GiB   0.01%
cliente45    0.00%     2.84MiB / 23.32GiB    0.01%
cliente44    0.00%     2.844MiB / 23.32GiB   0.01%
cliente43    0.00%     2.848MiB / 23.32GiB   0.01%
cliente42    0.00%     2.844MiB / 23.32GiB   0.01%
cliente41    0.00%     2.848MiB / 23.32GiB   0.01%
cliente40    0.00%     2.848MiB / 23.32GiB   0.01%
cliente39    0.00%     2.848MiB / 23.32GiB   0.01%
cliente38    0.00%     2.84MiB / 23.32GiB    0.01%
cliente37    0.00%     2.848MiB / 23.32GiB   0.01%
cliente36    0.00%     2.844MiB / 23.32GiB   0.01%
cliente35    0.00%     2.855MiB / 23.32GiB   0.01%
cliente34    0.00%     2.844MiB / 23.32GiB   0.01%
cliente33    0.00%     2.844MiB / 23.32GiB   0.01%
cliente32    0.00%     2.852MiB / 23.32GiB   0.01%
cliente31    0.00%     2.844MiB / 23.32GiB   0.01%
cliente30    0.00%     2.844MiB / 23.32GiB   0.01%
cliente29    0.00%     2.852MiB / 23.32GiB   0.01%
cliente28    0.00%     2.852MiB / 23.32GiB   0.01%
cliente27    0.00%     2.84MiB / 23.32GiB    0.01%
cliente26    0.00%     2.84MiB / 23.32GiB    0.01%
cliente25    0.00%     2.844MiB / 23.32GiB   0.01%
cliente24    0.00%     2.836MiB / 23.32GiB   0.01%
cliente23    0.00%     2.844MiB / 23.32GiB   0.01%
cliente22    0.00%     2.84MiB / 23.32GiB    0.01%
cliente21    0.00%     2.844MiB / 23.32GiB   0.01%
cliente20    0.00%     2.84MiB / 23.32GiB    0.01%
cliente19    0.00%     2.848MiB / 23.32GiB   0.01%
cliente18    0.00%     2.848MiB / 23.32GiB   0.01%
cliente17    0.00%     2.852MiB / 23.32GiB   0.01%
cliente16    0.00%     2.844MiB / 23.32GiB   0.01%
cliente15    0.00%     2.852MiB / 23.32GiB   0.01%
cliente14    0.00%     2.844MiB / 23.32GiB   0.01%
cliente13    0.00%     2.848MiB / 23.32GiB   0.01%
cliente12    0.00%     2.852MiB / 23.32GiB   0.01%
cliente11    0.00%     2.848MiB / 23.32GiB   0.01%
cliente1     100.98%   5.195MiB / 23.32GiB   0.02%
--- 2026-06-03_18:20:41 ---
NAME         CPU %     MEM USAGE / LIMIT     MEM %
cliente2     99.88%    4.102MiB / 23.32GiB   0.02%
cliente1     100.34%   1.742MiB / 23.32GiB   0.01%
servidor     110.37%   7.68MiB / 23.32GiB    0.03%
cliente100   0.00%     2.855MiB / 23.32GiB   0.01%
cliente99    0.00%     2.848MiB / 23.32GiB   0.01%
cliente98    0.00%     2.84MiB / 23.32GiB    0.01%
cliente97    0.00%     2.844MiB / 23.32GiB   0.01%
cliente96    0.00%     2.848MiB / 23.32GiB   0.01%
cliente94    0.00%     2.836MiB / 23.32GiB   0.01%
cliente93    0.00%     2.852MiB / 23.32GiB   0.01%
cliente92    0.00%     2.855MiB / 23.32GiB   0.01%
cliente91    0.00%     2.852MiB / 23.32GiB   0.01%
cliente90    0.00%     2.844MiB / 23.32GiB   0.01%
cliente89    0.00%     2.848MiB / 23.32GiB   0.01%
cliente88    0.00%     2.848MiB / 23.32GiB   0.01%
cliente87    0.00%     2.852MiB / 23.32GiB   0.01%
cliente86    0.00%     2.852MiB / 23.32GiB   0.01%
cliente85    0.00%     2.844MiB / 23.32GiB   0.01%
cliente84    0.00%     2.844MiB / 23.32GiB   0.01%
cliente83    0.00%     2.852MiB / 23.32GiB   0.01%
cliente82    0.00%     2.852MiB / 23.32GiB   0.01%
cliente81    0.00%     2.852MiB / 23.32GiB   0.01%
cliente80    0.00%     2.844MiB / 23.32GiB   0.01%
cliente79    0.00%     2.84MiB / 23.32GiB    0.01%
cliente78    0.00%     2.844MiB / 23.32GiB   0.01%
cliente77    0.00%     2.855MiB / 23.32GiB   0.01%
cliente76    0.00%     2.84MiB / 23.32GiB    0.01%
cliente75    0.00%     2.848MiB / 23.32GiB   0.01%
cliente74    0.00%     2.852MiB / 23.32GiB   0.01%
cliente73    0.00%     2.84MiB / 23.32GiB    0.01%
cliente72    0.00%     2.848MiB / 23.32GiB   0.01%
cliente71    0.00%     2.848MiB / 23.32GiB   0.01%
cliente70    0.00%     2.848MiB / 23.32GiB   0.01%
cliente69    0.00%     2.844MiB / 23.32GiB   0.01%
cliente68    0.00%     2.852MiB / 23.32GiB   0.01%
cliente67    0.00%     2.855MiB / 23.32GiB   0.01%
cliente66    0.00%     2.844MiB / 23.32GiB   0.01%
cliente65    0.00%     2.863MiB / 23.32GiB   0.01%
cliente64    0.00%     2.855MiB / 23.32GiB   0.01%
cliente63    0.00%     2.844MiB / 23.32GiB   0.01%
cliente62    0.00%     2.844MiB / 23.32GiB   0.01%
cliente61    0.00%     2.938MiB / 23.32GiB   0.01%
cliente60    0.00%     2.832MiB / 23.32GiB   0.01%
cliente59    0.00%     2.855MiB / 23.32GiB   0.01%
cliente58    0.00%     2.844MiB / 23.32GiB   0.01%
cliente57    0.00%     2.848MiB / 23.32GiB   0.01%
cliente56    0.00%     2.855MiB / 23.32GiB   0.01%
cliente55    0.00%     2.848MiB / 23.32GiB   0.01%
cliente54    0.00%     2.84MiB / 23.32GiB    0.01%
cliente53    0.00%     2.844MiB / 23.32GiB   0.01%
cliente52    0.00%     2.852MiB / 23.32GiB   0.01%
cliente51    0.00%     2.852MiB / 23.32GiB   0.01%
cliente50    0.00%     2.844MiB / 23.32GiB   0.01%
cliente49    0.00%     2.852MiB / 23.32GiB   0.01%
cliente48    0.00%     2.852MiB / 23.32GiB   0.01%
cliente47    0.00%     2.848MiB / 23.32GiB   0.01%
cliente46    0.00%     2.844MiB / 23.32GiB   0.01%
cliente45    0.00%     2.84MiB / 23.32GiB    0.01%
cliente44    0.00%     2.844MiB / 23.32GiB   0.01%
cliente43    0.00%     2.848MiB / 23.32GiB   0.01%
cliente42    0.00%     2.844MiB / 23.32GiB   0.01%
cliente41    0.00%     2.848MiB / 23.32GiB   0.01%
cliente40    0.00%     2.848MiB / 23.32GiB   0.01%
cliente39    0.00%     2.848MiB / 23.32GiB   0.01%
cliente38    0.00%     2.84MiB / 23.32GiB    0.01%
cliente37    0.00%     2.848MiB / 23.32GiB   0.01%
cliente36    0.00%     2.844MiB / 23.32GiB   0.01%
cliente35    0.00%     2.855MiB / 23.32GiB   0.01%
cliente34    0.00%     2.844MiB / 23.32GiB   0.01%
cliente33    0.00%     2.844MiB / 23.32GiB   0.01%
cliente32    0.00%     2.852MiB / 23.32GiB   0.01%
cliente31    0.00%     2.844MiB / 23.32GiB   0.01%
cliente30    0.00%     2.844MiB / 23.32GiB   0.01%
cliente29    0.00%     2.852MiB / 23.32GiB   0.01%
cliente28    0.00%     2.852MiB / 23.32GiB   0.01%
cliente27    0.00%     2.84MiB / 23.32GiB    0.01%
cliente26    0.00%     2.84MiB / 23.32GiB    0.01%
cliente25    0.00%     2.844MiB / 23.32GiB   0.01%
cliente24    0.00%     2.836MiB / 23.32GiB   0.01%
cliente23    0.00%     2.844MiB / 23.32GiB   0.01%
cliente22    0.00%     2.84MiB / 23.32GiB    0.01%
cliente21    0.00%     2.844MiB / 23.32GiB   0.01%
cliente20    0.00%     2.84MiB / 23.32GiB    0.01%
cliente19    0.00%     2.848MiB / 23.32GiB   0.01%
cliente18    0.00%     2.848MiB / 23.32GiB   0.01%
cliente17    0.00%     2.852MiB / 23.32GiB   0.01%
cliente16    0.00%     2.844MiB / 23.32GiB   0.01%
cliente15    0.00%     2.852MiB / 23.32GiB   0.01%
cliente14    0.00%     2.844MiB / 23.32GiB   0.01%
cliente13    0.00%     2.848MiB / 23.32GiB   0.01%
cliente12    0.00%     2.852MiB / 23.32GiB   0.01%
cliente11    0.00%     2.848MiB / 23.32GiB   0.01%
cliente3     100.23%   3.957MiB / 23.32GiB   0.02%
--- 2026-06-03_18:20:46 ---
NAME         CPU %     MEM USAGE / LIMIT     MEM %
cliente4     89.79%    3.203MiB / 23.32GiB   0.01%
cliente3     93.36%    3.668MiB / 23.32GiB   0.02%
cliente2     92.37%    3.992MiB / 23.32GiB   0.02%
cliente1     94.16%    4.57MiB / 23.32GiB    0.02%
servidor     111.29%   7.746MiB / 23.32GiB   0.03%
cliente100   0.00%     2.855MiB / 23.32GiB   0.01%
cliente99    0.00%     2.848MiB / 23.32GiB   0.01%
cliente98    0.00%     2.84MiB / 23.32GiB    0.01%
cliente97    0.00%     2.844MiB / 23.32GiB   0.01%
cliente96    0.00%     2.848MiB / 23.32GiB   0.01%
cliente94    0.00%     2.836MiB / 23.32GiB   0.01%
cliente93    0.00%     2.852MiB / 23.32GiB   0.01%
cliente92    0.00%     2.855MiB / 23.32GiB   0.01%
cliente91    0.00%     2.852MiB / 23.32GiB   0.01%
cliente90    0.00%     2.844MiB / 23.32GiB   0.01%
cliente89    0.00%     2.848MiB / 23.32GiB   0.01%
cliente88    0.00%     2.848MiB / 23.32GiB   0.01%
cliente87    0.00%     2.852MiB / 23.32GiB   0.01%
cliente86    0.00%     2.852MiB / 23.32GiB   0.01%
cliente85    0.00%     2.844MiB / 23.32GiB   0.01%
cliente84    0.00%     2.844MiB / 23.32GiB   0.01%
cliente83    0.00%     2.852MiB / 23.32GiB   0.01%
cliente82    0.00%     2.852MiB / 23.32GiB   0.01%
cliente81    0.00%     2.852MiB / 23.32GiB   0.01%
cliente80    0.00%     2.844MiB / 23.32GiB   0.01%
cliente79    0.00%     2.84MiB / 23.32GiB    0.01%
cliente78    0.00%     2.844MiB / 23.32GiB   0.01%
cliente77    0.00%     2.855MiB / 23.32GiB   0.01%
cliente76    0.00%     2.84MiB / 23.32GiB    0.01%
cliente75    0.00%     2.848MiB / 23.32GiB   0.01%
cliente74    0.00%     2.852MiB / 23.32GiB   0.01%
cliente73    0.00%     2.84MiB / 23.32GiB    0.01%
cliente72    0.00%     2.848MiB / 23.32GiB   0.01%
cliente71    0.00%     2.848MiB / 23.32GiB   0.01%
cliente70    0.00%     2.848MiB / 23.32GiB   0.01%
cliente69    0.00%     2.844MiB / 23.32GiB   0.01%
cliente68    0.00%     2.852MiB / 23.32GiB   0.01%
cliente67    0.00%     2.855MiB / 23.32GiB   0.01%
cliente66    0.00%     2.844MiB / 23.32GiB   0.01%
cliente65    0.00%     2.863MiB / 23.32GiB   0.01%
cliente64    0.00%     2.855MiB / 23.32GiB   0.01%
cliente63    0.00%     2.844MiB / 23.32GiB   0.01%
cliente62    0.00%     2.844MiB / 23.32GiB   0.01%
cliente61    0.00%     2.938MiB / 23.32GiB   0.01%
cliente60    0.00%     2.832MiB / 23.32GiB   0.01%
cliente59    0.00%     2.855MiB / 23.32GiB   0.01%
cliente58    0.00%     2.844MiB / 23.32GiB   0.01%
cliente57    0.00%     2.848MiB / 23.32GiB   0.01%
cliente56    0.00%     2.855MiB / 23.32GiB   0.01%
cliente55    0.00%     2.848MiB / 23.32GiB   0.01%
cliente54    0.00%     2.84MiB / 23.32GiB    0.01%
cliente53    0.00%     2.844MiB / 23.32GiB   0.01%
cliente52    0.00%     2.852MiB / 23.32GiB   0.01%
cliente51    0.00%     2.852MiB / 23.32GiB   0.01%
cliente50    0.00%     2.844MiB / 23.32GiB   0.01%
cliente49    0.00%     2.852MiB / 23.32GiB   0.01%
cliente48    0.00%     2.852MiB / 23.32GiB   0.01%
cliente47    0.00%     2.848MiB / 23.32GiB   0.01%
cliente46    0.00%     2.844MiB / 23.32GiB   0.01%
cliente45    0.00%     2.84MiB / 23.32GiB    0.01%
cliente44    0.00%     2.844MiB / 23.32GiB   0.01%
cliente43    0.00%     2.848MiB / 23.32GiB   0.01%
cliente42    0.00%     2.844MiB / 23.32GiB   0.01%
cliente41    0.00%     2.848MiB / 23.32GiB   0.01%
cliente40    0.00%     2.848MiB / 23.32GiB   0.01%
cliente39    0.00%     2.848MiB / 23.32GiB   0.01%
cliente38    0.00%     2.84MiB / 23.32GiB    0.01%
cliente37    0.00%     2.848MiB / 23.32GiB   0.01%
cliente36    0.00%     2.844MiB / 23.32GiB   0.01%
cliente35    0.00%     2.855MiB / 23.32GiB   0.01%
cliente34    0.00%     2.844MiB / 23.32GiB   0.01%
cliente33    0.00%     2.844MiB / 23.32GiB   0.01%
cliente32    0.00%     2.852MiB / 23.32GiB   0.01%
cliente31    0.00%     2.844MiB / 23.32GiB   0.01%
cliente30    0.00%     2.844MiB / 23.32GiB   0.01%
cliente29    0.00%     2.852MiB / 23.32GiB   0.01%
cliente28    0.00%     2.852MiB / 23.32GiB   0.01%
cliente27    0.00%     2.84MiB / 23.32GiB    0.01%
cliente26    0.00%     2.84MiB / 23.32GiB    0.01%
cliente25    0.00%     2.844MiB / 23.32GiB   0.01%
cliente24    0.00%     2.836MiB / 23.32GiB   0.01%
cliente23    0.00%     2.844MiB / 23.32GiB   0.01%
cliente22    0.00%     2.84MiB / 23.32GiB    0.01%
cliente21    0.00%     2.844MiB / 23.32GiB   0.01%
cliente20    0.00%     2.84MiB / 23.32GiB    0.01%
cliente19    0.00%     2.848MiB / 23.32GiB   0.01%
cliente18    0.00%     2.848MiB / 23.32GiB   0.01%
cliente17    0.00%     2.852MiB / 23.32GiB   0.01%
cliente16    0.00%     2.844MiB / 23.32GiB   0.01%
cliente15    0.00%     2.852MiB / 23.32GiB   0.01%
cliente14    0.00%     2.844MiB / 23.32GiB   0.01%
cliente13    0.00%     2.848MiB / 23.32GiB   0.01%
cliente12    0.00%     2.852MiB / 23.32GiB   0.01%
cliente11    0.00%     2.848MiB / 23.32GiB   0.01%
cliente5     96.54%    4.793MiB / 23.32GiB   0.02%
--- 2026-06-03_18:20:52 ---
NAME         CPU %     MEM USAGE / LIMIT     MEM %
cliente6     82.07%    2.516MiB / 23.32GiB   0.01%
cliente5     84.26%    2.746MiB / 23.32GiB   0.01%
cliente4     80.99%    2.574MiB / 23.32GiB   0.01%
cliente3     79.41%    2.805MiB / 23.32GiB   0.01%
cliente2     80.35%    4.145MiB / 23.32GiB   0.02%
servidor     109.40%   9.109MiB / 23.32GiB   0.04%
cliente100   0.00%     2.855MiB / 23.32GiB   0.01%
cliente99    0.00%     2.848MiB / 23.32GiB   0.01%
cliente98    0.00%     2.84MiB / 23.32GiB    0.01%
cliente97    0.00%     2.844MiB / 23.32GiB   0.01%
cliente96    0.00%     2.848MiB / 23.32GiB   0.01%
cliente94    0.00%     2.836MiB / 23.32GiB   0.01%
cliente93    0.00%     2.852MiB / 23.32GiB   0.01%
cliente92    0.00%     2.855MiB / 23.32GiB   0.01%
cliente91    0.00%     2.852MiB / 23.32GiB   0.01%
cliente90    0.00%     2.844MiB / 23.32GiB   0.01%
cliente89    0.00%     2.848MiB / 23.32GiB   0.01%
cliente88    0.00%     2.848MiB / 23.32GiB   0.01%
cliente87    0.00%     2.852MiB / 23.32GiB   0.01%
cliente86    0.00%     2.852MiB / 23.32GiB   0.01%
cliente85    0.00%     2.844MiB / 23.32GiB   0.01%
cliente84    0.00%     2.844MiB / 23.32GiB   0.01%
cliente83    0.00%     2.852MiB / 23.32GiB   0.01%
cliente82    0.00%     2.852MiB / 23.32GiB   0.01%
cliente81    0.00%     2.852MiB / 23.32GiB   0.01%
cliente80    0.00%     2.844MiB / 23.32GiB   0.01%
cliente79    0.00%     2.84MiB / 23.32GiB    0.01%
cliente78    0.00%     2.844MiB / 23.32GiB   0.01%
cliente77    0.00%     2.855MiB / 23.32GiB   0.01%
cliente76    0.00%     2.84MiB / 23.32GiB    0.01%
cliente75    0.00%     2.848MiB / 23.32GiB   0.01%
cliente74    0.00%     2.852MiB / 23.32GiB   0.01%
cliente73    0.00%     2.84MiB / 23.32GiB    0.01%
cliente72    0.00%     2.848MiB / 23.32GiB   0.01%
cliente71    0.00%     2.848MiB / 23.32GiB   0.01%
cliente70    0.00%     2.848MiB / 23.32GiB   0.01%
cliente69    0.00%     2.844MiB / 23.32GiB   0.01%
cliente68    0.00%     2.852MiB / 23.32GiB   0.01%
cliente67    0.00%     2.855MiB / 23.32GiB   0.01%
cliente66    0.00%     2.844MiB / 23.32GiB   0.01%
cliente65    0.00%     2.863MiB / 23.32GiB   0.01%
cliente64    0.00%     2.855MiB / 23.32GiB   0.01%
cliente63    0.00%     2.844MiB / 23.32GiB   0.01%
cliente62    0.00%     2.844MiB / 23.32GiB   0.01%
cliente61    0.00%     2.938MiB / 23.32GiB   0.01%
cliente60    0.00%     2.832MiB / 23.32GiB   0.01%
cliente59    0.00%     2.855MiB / 23.32GiB   0.01%
cliente58    0.00%     2.844MiB / 23.32GiB   0.01%
cliente57    0.00%     2.848MiB / 23.32GiB   0.01%
cliente56    0.00%     2.855MiB / 23.32GiB   0.01%
cliente55    0.00%     2.848MiB / 23.32GiB   0.01%
cliente54    0.00%     2.84MiB / 23.32GiB    0.01%
cliente53    0.00%     2.844MiB / 23.32GiB   0.01%
cliente52    0.00%     2.852MiB / 23.32GiB   0.01%
cliente51    0.00%     2.852MiB / 23.32GiB   0.01%
cliente50    0.00%     2.844MiB / 23.32GiB   0.01%
cliente49    0.00%     2.852MiB / 23.32GiB   0.01%
cliente48    0.00%     2.852MiB / 23.32GiB   0.01%
cliente47    0.00%     2.848MiB / 23.32GiB   0.01%
cliente46    0.00%     2.844MiB / 23.32GiB   0.01%
cliente45    0.00%     2.84MiB / 23.32GiB    0.01%
cliente44    0.00%     2.844MiB / 23.32GiB   0.01%
cliente43    0.00%     2.848MiB / 23.32GiB   0.01%
cliente42    0.00%     2.844MiB / 23.32GiB   0.01%
cliente41    0.00%     2.848MiB / 23.32GiB   0.01%
cliente40    0.00%     2.848MiB / 23.32GiB   0.01%
cliente39    0.00%     2.848MiB / 23.32GiB   0.01%
cliente38    0.00%     2.84MiB / 23.32GiB    0.01%
cliente37    0.00%     2.848MiB / 23.32GiB   0.01%
cliente36    0.00%     2.844MiB / 23.32GiB   0.01%
cliente35    0.00%     2.855MiB / 23.32GiB   0.01%
cliente34    0.00%     2.844MiB / 23.32GiB   0.01%
cliente33    0.00%     2.844MiB / 23.32GiB   0.01%
cliente32    0.00%     2.852MiB / 23.32GiB   0.01%
cliente31    0.00%     2.844MiB / 23.32GiB   0.01%
cliente30    0.00%     2.844MiB / 23.32GiB   0.01%
cliente29    0.00%     2.852MiB / 23.32GiB   0.01%
cliente28    0.00%     2.852MiB / 23.32GiB   0.01%
cliente27    0.00%     2.84MiB / 23.32GiB    0.01%
cliente26    0.00%     2.84MiB / 23.32GiB    0.01%
cliente25    0.00%     2.844MiB / 23.32GiB   0.01%
cliente24    0.00%     2.836MiB / 23.32GiB   0.01%
cliente23    0.00%     2.844MiB / 23.32GiB   0.01%
cliente22    0.00%     2.84MiB / 23.32GiB    0.01%
cliente21    0.00%     2.844MiB / 23.32GiB   0.01%
cliente20    0.00%     2.84MiB / 23.32GiB    0.01%
cliente19    0.00%     2.848MiB / 23.32GiB   0.01%
cliente18    0.00%     2.848MiB / 23.32GiB   0.01%
cliente17    0.00%     2.852MiB / 23.32GiB   0.01%
cliente16    0.00%     2.844MiB / 23.32GiB   0.01%
cliente15    0.00%     2.852MiB / 23.32GiB   0.01%
cliente14    0.00%     2.844MiB / 23.32GiB   0.01%
cliente13    0.00%     2.848MiB / 23.32GiB   0.01%
cliente12    0.00%     2.852MiB / 23.32GiB   0.01%
cliente11    0.00%     2.848MiB / 23.32GiB   0.01%
cliente7     84.22%    3.871MiB / 23.32GiB   0.02%
--- 2026-06-03_18:21:00 ---
NAME         CPU %     MEM USAGE / LIMIT     MEM %
cliente8     78.41%    3.453MiB / 23.32GiB   0.01%
cliente7     73.95%    4.168MiB / 23.32GiB   0.02%
cliente6     78.58%    2.91MiB / 23.32GiB    0.01%
cliente5     69.01%    2.191MiB / 23.32GiB   0.01%
cliente4     81.07%    4.137MiB / 23.32GiB   0.02%
cliente3     77.62%    4.531MiB / 23.32GiB   0.02%
servidor     101.58%   9.289MiB / 23.32GiB   0.04%
cliente100   0.00%     2.855MiB / 23.32GiB   0.01%
cliente99    0.00%     2.848MiB / 23.32GiB   0.01%
cliente98    0.00%     2.84MiB / 23.32GiB    0.01%
cliente97    0.00%     2.844MiB / 23.32GiB   0.01%
cliente96    0.00%     2.848MiB / 23.32GiB   0.01%
cliente94    0.00%     2.836MiB / 23.32GiB   0.01%
cliente93    0.00%     2.852MiB / 23.32GiB   0.01%
cliente92    0.00%     2.855MiB / 23.32GiB   0.01%
cliente91    0.00%     2.852MiB / 23.32GiB   0.01%
cliente90    0.00%     2.844MiB / 23.32GiB   0.01%
cliente89    0.00%     2.848MiB / 23.32GiB   0.01%
cliente88    0.00%     2.848MiB / 23.32GiB   0.01%
cliente87    0.00%     2.852MiB / 23.32GiB   0.01%
cliente86    0.00%     2.852MiB / 23.32GiB   0.01%
cliente85    0.00%     2.844MiB / 23.32GiB   0.01%
cliente84    0.00%     2.844MiB / 23.32GiB   0.01%
cliente83    0.00%     2.852MiB / 23.32GiB   0.01%
cliente82    0.00%     2.852MiB / 23.32GiB   0.01%
cliente81    0.00%     2.852MiB / 23.32GiB   0.01%
cliente80    0.00%     2.844MiB / 23.32GiB   0.01%
cliente79    0.00%     2.84MiB / 23.32GiB    0.01%
cliente78    0.00%     2.844MiB / 23.32GiB   0.01%
cliente77    0.00%     2.855MiB / 23.32GiB   0.01%
cliente76    0.00%     2.84MiB / 23.32GiB    0.01%
cliente75    0.00%     2.848MiB / 23.32GiB   0.01%
cliente74    0.00%     2.852MiB / 23.32GiB   0.01%
cliente73    0.00%     2.84MiB / 23.32GiB    0.01%
cliente72    0.00%     2.848MiB / 23.32GiB   0.01%
cliente71    0.00%     2.848MiB / 23.32GiB   0.01%
cliente70    0.00%     2.848MiB / 23.32GiB   0.01%
cliente69    0.00%     2.844MiB / 23.32GiB   0.01%
cliente68    0.00%     2.852MiB / 23.32GiB   0.01%
cliente67    0.00%     2.855MiB / 23.32GiB   0.01%
cliente66    0.00%     2.844MiB / 23.32GiB   0.01%
cliente65    0.00%     2.863MiB / 23.32GiB   0.01%
cliente64    0.00%     2.855MiB / 23.32GiB   0.01%
cliente63    0.00%     2.844MiB / 23.32GiB   0.01%
cliente62    0.00%     2.844MiB / 23.32GiB   0.01%
cliente61    0.00%     2.938MiB / 23.32GiB   0.01%
cliente60    0.00%     2.832MiB / 23.32GiB   0.01%
cliente59    0.00%     2.855MiB / 23.32GiB   0.01%
cliente58    0.00%     2.844MiB / 23.32GiB   0.01%
cliente57    0.00%     2.848MiB / 23.32GiB   0.01%
cliente56    0.00%     2.855MiB / 23.32GiB   0.01%
cliente55    0.00%     2.848MiB / 23.32GiB   0.01%
cliente54    0.00%     2.84MiB / 23.32GiB    0.01%
cliente53    0.00%     2.844MiB / 23.32GiB   0.01%
cliente52    0.00%     2.852MiB / 23.32GiB   0.01%
cliente51    0.00%     2.852MiB / 23.32GiB   0.01%
cliente50    0.00%     2.844MiB / 23.32GiB   0.01%
cliente49    0.00%     2.852MiB / 23.32GiB   0.01%
cliente48    0.00%     2.852MiB / 23.32GiB   0.01%
cliente47    0.00%     2.848MiB / 23.32GiB   0.01%
cliente46    0.00%     2.844MiB / 23.32GiB   0.01%
cliente45    0.00%     2.84MiB / 23.32GiB    0.01%
cliente44    0.00%     2.844MiB / 23.32GiB   0.01%
cliente43    0.00%     2.848MiB / 23.32GiB   0.01%
cliente42    0.00%     2.844MiB / 23.32GiB   0.01%
cliente41    0.00%     2.848MiB / 23.32GiB   0.01%
cliente40    0.00%     2.848MiB / 23.32GiB   0.01%
cliente39    0.00%     2.848MiB / 23.32GiB   0.01%
cliente38    0.00%     2.84MiB / 23.32GiB    0.01%
cliente37    0.00%     2.848MiB / 23.32GiB   0.01%
cliente36    0.00%     2.844MiB / 23.32GiB   0.01%
cliente35    0.00%     2.855MiB / 23.32GiB   0.01%
cliente34    0.00%     2.844MiB / 23.32GiB   0.01%
cliente33    0.00%     2.844MiB / 23.32GiB   0.01%
cliente32    0.00%     2.852MiB / 23.32GiB   0.01%
cliente31    0.00%     2.844MiB / 23.32GiB   0.01%
cliente30    0.00%     2.844MiB / 23.32GiB   0.01%
cliente29    0.00%     2.852MiB / 23.32GiB   0.01%
cliente28    0.00%     2.852MiB / 23.32GiB   0.01%
cliente27    0.00%     2.84MiB / 23.32GiB    0.01%
cliente26    0.00%     2.84MiB / 23.32GiB    0.01%
cliente25    0.00%     2.844MiB / 23.32GiB   0.01%
cliente24    0.00%     2.836MiB / 23.32GiB   0.01%
cliente23    0.00%     2.844MiB / 23.32GiB   0.01%
cliente22    0.00%     2.84MiB / 23.32GiB    0.01%
cliente21    0.00%     2.844MiB / 23.32GiB   0.01%
cliente20    0.00%     2.84MiB / 23.32GiB    0.01%
cliente19    0.00%     2.848MiB / 23.32GiB   0.01%
cliente18    0.00%     2.848MiB / 23.32GiB   0.01%
cliente17    0.00%     2.852MiB / 23.32GiB   0.01%
cliente16    0.00%     2.844MiB / 23.32GiB   0.01%
cliente15    0.00%     2.852MiB / 23.32GiB   0.01%
cliente14    0.00%     2.844MiB / 23.32GiB   0.01%
cliente13    0.00%     2.848MiB / 23.32GiB   0.01%
cliente12    0.00%     2.852MiB / 23.32GiB   0.01%
cliente11    0.00%     2.848MiB / 23.32GiB   0.01%
cliente9     72.38%    4.094MiB / 23.32GiB   0.02%
--- 2026-06-03_18:21:06 ---
NAME         CPU %     MEM USAGE / LIMIT     MEM %
cliente10    83.84%    3.402MiB / 23.32GiB   0.01%
cliente9     85.94%    3.867MiB / 23.32GiB   0.02%
cliente8     88.46%    2.93MiB / 23.32GiB    0.01%
cliente7     85.92%    4.172MiB / 23.32GiB   0.02%
cliente6     85.07%    2.793MiB / 23.32GiB   0.01%
cliente5     90.26%    2.18MiB / 23.32GiB    0.01%
cliente4     84.50%    2.918MiB / 23.32GiB   0.01%
servidor     114.31%   9.801MiB / 23.32GiB   0.04%
cliente100   0.00%     2.855MiB / 23.32GiB   0.01%
cliente99    0.00%     2.848MiB / 23.32GiB   0.01%
cliente98    0.00%     2.84MiB / 23.32GiB    0.01%
cliente97    0.00%     2.844MiB / 23.32GiB   0.01%
cliente96    0.00%     2.848MiB / 23.32GiB   0.01%
cliente94    0.00%     2.836MiB / 23.32GiB   0.01%
cliente93    0.00%     2.852MiB / 23.32GiB   0.01%
cliente92    0.00%     2.855MiB / 23.32GiB   0.01%
cliente91    0.00%     2.852MiB / 23.32GiB   0.01%
cliente90    0.00%     2.844MiB / 23.32GiB   0.01%
cliente89    0.00%     2.848MiB / 23.32GiB   0.01%
cliente88    0.00%     2.848MiB / 23.32GiB   0.01%
cliente87    0.00%     2.852MiB / 23.32GiB   0.01%
cliente86    0.00%     2.852MiB / 23.32GiB   0.01%
cliente85    0.00%     2.844MiB / 23.32GiB   0.01%
cliente84    0.00%     2.844MiB / 23.32GiB   0.01%
cliente83    0.00%     2.852MiB / 23.32GiB   0.01%
cliente82    0.00%     2.852MiB / 23.32GiB   0.01%
cliente81    0.00%     2.852MiB / 23.32GiB   0.01%
cliente80    0.00%     2.844MiB / 23.32GiB   0.01%
cliente79    0.00%     2.84MiB / 23.32GiB    0.01%
cliente78    0.00%     2.844MiB / 23.32GiB   0.01%
cliente77    0.00%     2.855MiB / 23.32GiB   0.01%
cliente76    0.00%     2.84MiB / 23.32GiB    0.01%
cliente75    0.00%     2.848MiB / 23.32GiB   0.01%
cliente74    0.00%     2.852MiB / 23.32GiB   0.01%
cliente73    0.00%     2.84MiB / 23.32GiB    0.01%
cliente72    0.00%     2.848MiB / 23.32GiB   0.01%
cliente71    0.00%     2.848MiB / 23.32GiB   0.01%
cliente70    0.00%     2.848MiB / 23.32GiB   0.01%
cliente69    0.00%     2.844MiB / 23.32GiB   0.01%
cliente68    0.00%     2.852MiB / 23.32GiB   0.01%
cliente67    0.00%     2.855MiB / 23.32GiB   0.01%
cliente66    0.00%     2.844MiB / 23.32GiB   0.01%
cliente65    0.00%     2.863MiB / 23.32GiB   0.01%
cliente64    0.00%     2.855MiB / 23.32GiB   0.01%
cliente63    0.00%     2.844MiB / 23.32GiB   0.01%
cliente62    0.00%     2.844MiB / 23.32GiB   0.01%
cliente61    0.00%     2.938MiB / 23.32GiB   0.01%
cliente60    0.00%     2.832MiB / 23.32GiB   0.01%
cliente59    0.00%     2.855MiB / 23.32GiB   0.01%
cliente58    0.00%     2.844MiB / 23.32GiB   0.01%
cliente57    0.00%     2.848MiB / 23.32GiB   0.01%
cliente56    0.00%     2.855MiB / 23.32GiB   0.01%
cliente55    0.00%     2.848MiB / 23.32GiB   0.01%
cliente54    0.00%     2.84MiB / 23.32GiB    0.01%
cliente53    0.00%     2.844MiB / 23.32GiB   0.01%
cliente52    0.00%     2.852MiB / 23.32GiB   0.01%
cliente51    0.00%     2.852MiB / 23.32GiB   0.01%
cliente50    0.00%     2.844MiB / 23.32GiB   0.01%
cliente49    0.00%     2.852MiB / 23.32GiB   0.01%
cliente48    0.00%     2.852MiB / 23.32GiB   0.01%
cliente47    0.00%     2.848MiB / 23.32GiB   0.01%
cliente46    0.00%     2.844MiB / 23.32GiB   0.01%
cliente45    0.00%     2.84MiB / 23.32GiB    0.01%
cliente44    0.00%     2.844MiB / 23.32GiB   0.01%
cliente43    0.00%     2.848MiB / 23.32GiB   0.01%
cliente42    0.00%     2.844MiB / 23.32GiB   0.01%
cliente41    0.00%     2.848MiB / 23.32GiB   0.01%
cliente40    0.00%     2.848MiB / 23.32GiB   0.01%
cliente39    0.00%     2.848MiB / 23.32GiB   0.01%
cliente38    0.00%     2.84MiB / 23.32GiB    0.01%
cliente37    0.00%     2.848MiB / 23.32GiB   0.01%
cliente36    0.00%     2.844MiB / 23.32GiB   0.01%
cliente35    0.00%     2.855MiB / 23.32GiB   0.01%
cliente34    0.00%     2.844MiB / 23.32GiB   0.01%
cliente33    0.00%     2.844MiB / 23.32GiB   0.01%
cliente32    0.00%     2.852MiB / 23.32GiB   0.01%
cliente31    0.00%     2.844MiB / 23.32GiB   0.01%
cliente30    0.00%     2.844MiB / 23.32GiB   0.01%
cliente29    0.00%     2.852MiB / 23.32GiB   0.01%
cliente28    0.00%     2.852MiB / 23.32GiB   0.01%
cliente27    0.00%     2.84MiB / 23.32GiB    0.01%
cliente26    0.00%     2.84MiB / 23.32GiB    0.01%
cliente25    0.00%     2.844MiB / 23.32GiB   0.01%
cliente24    0.00%     2.836MiB / 23.32GiB   0.01%
cliente23    0.00%     2.844MiB / 23.32GiB   0.01%
cliente22    0.00%     2.84MiB / 23.32GiB    0.01%
cliente21    0.00%     2.844MiB / 23.32GiB   0.01%
cliente20    0.00%     2.84MiB / 23.32GiB    0.01%
cliente19    0.00%     2.848MiB / 23.32GiB   0.01%
cliente18    0.00%     2.848MiB / 23.32GiB   0.01%
cliente17    0.00%     2.852MiB / 23.32GiB   0.01%
cliente16    0.00%     2.844MiB / 23.32GiB   0.01%
cliente15    0.00%     2.852MiB / 23.32GiB   0.01%
cliente14    0.00%     2.844MiB / 23.32GiB   0.01%
cliente13    0.00%     2.848MiB / 23.32GiB   0.01%
cliente12    0.00%     2.852MiB / 23.32GiB   0.01%
cliente11    0.00%     2.848MiB / 23.32GiB   0.01%
--- 2026-06-03_18:21:12 ---
NAME         CPU %     MEM USAGE / LIMIT     MEM %
cliente10    82.40%    4.27MiB / 23.32GiB    0.02%
cliente9     87.91%    4.012MiB / 23.32GiB   0.02%
cliente8     87.50%    2.426MiB / 23.32GiB   0.01%
cliente7     91.64%    2.625MiB / 23.32GiB   0.01%
cliente6     83.75%    4.281MiB / 23.32GiB   0.02%
cliente5     86.78%    3.973MiB / 23.32GiB   0.02%
servidor     110.95%   10.91MiB / 23.32GiB   0.05%
cliente100   0.00%     2.855MiB / 23.32GiB   0.01%
cliente99    0.00%     2.848MiB / 23.32GiB   0.01%
cliente98    0.00%     2.84MiB / 23.32GiB    0.01%
cliente97    0.00%     2.844MiB / 23.32GiB   0.01%
cliente96    0.00%     2.848MiB / 23.32GiB   0.01%
cliente94    0.00%     2.836MiB / 23.32GiB   0.01%
cliente93    0.00%     2.852MiB / 23.32GiB   0.01%
cliente92    0.00%     2.855MiB / 23.32GiB   0.01%
cliente91    0.00%     2.852MiB / 23.32GiB   0.01%
cliente90    0.00%     2.844MiB / 23.32GiB   0.01%
cliente89    0.00%     2.848MiB / 23.32GiB   0.01%
cliente88    0.00%     2.848MiB / 23.32GiB   0.01%
cliente87    0.00%     2.852MiB / 23.32GiB   0.01%
cliente86    0.00%     2.852MiB / 23.32GiB   0.01%
cliente85    0.00%     2.844MiB / 23.32GiB   0.01%
cliente84    0.00%     2.844MiB / 23.32GiB   0.01%
cliente83    0.00%     2.852MiB / 23.32GiB   0.01%
cliente82    0.00%     2.852MiB / 23.32GiB   0.01%
cliente81    0.00%     2.852MiB / 23.32GiB   0.01%
cliente80    0.00%     2.844MiB / 23.32GiB   0.01%
cliente79    0.00%     2.84MiB / 23.32GiB    0.01%
cliente78    0.00%     2.844MiB / 23.32GiB   0.01%
cliente77    0.00%     2.855MiB / 23.32GiB   0.01%
cliente76    0.00%     2.84MiB / 23.32GiB    0.01%
cliente75    0.00%     2.848MiB / 23.32GiB   0.01%
cliente74    0.00%     2.852MiB / 23.32GiB   0.01%
cliente73    0.00%     2.84MiB / 23.32GiB    0.01%
cliente72    0.00%     2.848MiB / 23.32GiB   0.01%
cliente71    0.00%     2.848MiB / 23.32GiB   0.01%
cliente70    0.00%     2.848MiB / 23.32GiB   0.01%
cliente69    0.00%     2.844MiB / 23.32GiB   0.01%
cliente68    0.00%     2.852MiB / 23.32GiB   0.01%
cliente67    0.00%     2.855MiB / 23.32GiB   0.01%
cliente66    0.00%     2.844MiB / 23.32GiB   0.01%
cliente65    0.00%     2.863MiB / 23.32GiB   0.01%
cliente64    0.00%     2.855MiB / 23.32GiB   0.01%
cliente63    0.00%     2.844MiB / 23.32GiB   0.01%
cliente62    0.00%     2.844MiB / 23.32GiB   0.01%
cliente61    0.00%     2.938MiB / 23.32GiB   0.01%
cliente60    0.00%     2.832MiB / 23.32GiB   0.01%
cliente59    0.00%     2.855MiB / 23.32GiB   0.01%
cliente58    0.00%     2.844MiB / 23.32GiB   0.01%
cliente57    0.00%     2.848MiB / 23.32GiB   0.01%
cliente56    0.00%     2.855MiB / 23.32GiB   0.01%
cliente55    0.00%     2.848MiB / 23.32GiB   0.01%
cliente54    0.00%     2.84MiB / 23.32GiB    0.01%
cliente53    0.00%     2.844MiB / 23.32GiB   0.01%
cliente52    0.00%     2.852MiB / 23.32GiB   0.01%
cliente51    0.00%     2.852MiB / 23.32GiB   0.01%
cliente50    0.00%     2.844MiB / 23.32GiB   0.01%
cliente49    0.00%     2.852MiB / 23.32GiB   0.01%
cliente48    0.00%     2.852MiB / 23.32GiB   0.01%
cliente47    0.00%     2.848MiB / 23.32GiB   0.01%
cliente46    0.00%     2.844MiB / 23.32GiB   0.01%
cliente45    0.00%     2.84MiB / 23.32GiB    0.01%
cliente44    0.00%     2.844MiB / 23.32GiB   0.01%
cliente43    0.00%     2.848MiB / 23.32GiB   0.01%
cliente42    0.00%     2.844MiB / 23.32GiB   0.01%
cliente41    0.00%     2.848MiB / 23.32GiB   0.01%
cliente40    0.00%     2.848MiB / 23.32GiB   0.01%
cliente39    0.00%     2.848MiB / 23.32GiB   0.01%
cliente38    0.00%     2.84MiB / 23.32GiB    0.01%
cliente37    0.00%     2.848MiB / 23.32GiB   0.01%
cliente36    0.00%     2.844MiB / 23.32GiB   0.01%
cliente35    0.00%     2.855MiB / 23.32GiB   0.01%
cliente34    0.00%     2.844MiB / 23.32GiB   0.01%
cliente33    0.00%     2.844MiB / 23.32GiB   0.01%
cliente32    0.00%     2.852MiB / 23.32GiB   0.01%
cliente31    0.00%     2.844MiB / 23.32GiB   0.01%
cliente30    0.00%     2.844MiB / 23.32GiB   0.01%
cliente29    0.00%     2.852MiB / 23.32GiB   0.01%
cliente28    0.00%     2.852MiB / 23.32GiB   0.01%
cliente27    0.00%     2.84MiB / 23.32GiB    0.01%
cliente26    0.00%     2.84MiB / 23.32GiB    0.01%
cliente25    0.00%     2.844MiB / 23.32GiB   0.01%
cliente24    0.00%     2.836MiB / 23.32GiB   0.01%
cliente23    0.00%     2.844MiB / 23.32GiB   0.01%
cliente22    0.00%     2.84MiB / 23.32GiB    0.01%
cliente21    0.00%     2.844MiB / 23.32GiB   0.01%
cliente20    0.00%     2.84MiB / 23.32GiB    0.01%
cliente19    0.00%     2.848MiB / 23.32GiB   0.01%
cliente18    0.00%     2.848MiB / 23.32GiB   0.01%
cliente17    0.00%     2.852MiB / 23.32GiB   0.01%
cliente16    0.00%     2.844MiB / 23.32GiB   0.01%
cliente15    0.00%     2.852MiB / 23.32GiB   0.01%
cliente14    0.00%     2.844MiB / 23.32GiB   0.01%
cliente13    0.00%     2.848MiB / 23.32GiB   0.01%
cliente12    0.00%     2.852MiB / 23.32GiB   0.01%
cliente11    0.00%     2.848MiB / 23.32GiB   0.01%
--- 2026-06-03_18:21:18 ---
NAME         CPU %     MEM USAGE / LIMIT     MEM %
cliente10    96.50%    1.629MiB / 23.32GiB   0.01%
cliente9     96.56%    2.355MiB / 23.32GiB   0.01%
cliente8     98.77%    2.414MiB / 23.32GiB   0.01%
cliente7     95.68%    4.004MiB / 23.32GiB   0.02%
cliente5     0.00%     0B / 0B               0.00%
servidor     113.66%   10.55MiB / 23.32GiB   0.04%
cliente100   0.00%     2.855MiB / 23.32GiB   0.01%
cliente99    0.00%     2.848MiB / 23.32GiB   0.01%
cliente98    0.00%     2.84MiB / 23.32GiB    0.01%
cliente97    0.00%     2.844MiB / 23.32GiB   0.01%
cliente96    0.00%     2.848MiB / 23.32GiB   0.01%
cliente94    0.00%     2.836MiB / 23.32GiB   0.01%
cliente93    0.00%     2.852MiB / 23.32GiB   0.01%
cliente92    0.00%     2.855MiB / 23.32GiB   0.01%
cliente91    0.00%     2.852MiB / 23.32GiB   0.01%
cliente90    0.00%     2.844MiB / 23.32GiB   0.01%
cliente89    0.00%     2.848MiB / 23.32GiB   0.01%
cliente88    0.00%     2.848MiB / 23.32GiB   0.01%
cliente87    0.00%     2.852MiB / 23.32GiB   0.01%
cliente86    0.00%     2.852MiB / 23.32GiB   0.01%
cliente85    0.00%     2.844MiB / 23.32GiB   0.01%
cliente84    0.00%     2.844MiB / 23.32GiB   0.01%
cliente83    0.00%     2.852MiB / 23.32GiB   0.01%
cliente82    0.00%     2.852MiB / 23.32GiB   0.01%
cliente81    0.00%     2.852MiB / 23.32GiB   0.01%
cliente80    0.00%     2.844MiB / 23.32GiB   0.01%
cliente79    0.00%     2.84MiB / 23.32GiB    0.01%
cliente78    0.00%     2.844MiB / 23.32GiB   0.01%
cliente77    0.00%     2.855MiB / 23.32GiB   0.01%
cliente76    0.00%     2.84MiB / 23.32GiB    0.01%
cliente75    0.00%     2.848MiB / 23.32GiB   0.01%
cliente74    0.00%     2.852MiB / 23.32GiB   0.01%
cliente73    0.00%     2.84MiB / 23.32GiB    0.01%
cliente72    0.00%     2.848MiB / 23.32GiB   0.01%
cliente71    0.00%     2.848MiB / 23.32GiB   0.01%
cliente70    0.00%     2.848MiB / 23.32GiB   0.01%
cliente69    0.00%     2.844MiB / 23.32GiB   0.01%
cliente68    0.00%     2.852MiB / 23.32GiB   0.01%
cliente67    0.00%     2.855MiB / 23.32GiB   0.01%
cliente66    0.00%     2.844MiB / 23.32GiB   0.01%
cliente65    0.00%     2.863MiB / 23.32GiB   0.01%
cliente64    0.00%     2.855MiB / 23.32GiB   0.01%
cliente63    0.00%     2.844MiB / 23.32GiB   0.01%
cliente62    0.00%     2.844MiB / 23.32GiB   0.01%
cliente61    0.00%     2.938MiB / 23.32GiB   0.01%
cliente60    0.00%     2.832MiB / 23.32GiB   0.01%
cliente59    0.00%     2.855MiB / 23.32GiB   0.01%
cliente58    0.00%     2.844MiB / 23.32GiB   0.01%
cliente57    0.00%     2.848MiB / 23.32GiB   0.01%
cliente56    0.00%     2.855MiB / 23.32GiB   0.01%
cliente55    0.00%     2.848MiB / 23.32GiB   0.01%
cliente54    0.00%     2.84MiB / 23.32GiB    0.01%
cliente53    0.00%     2.844MiB / 23.32GiB   0.01%
cliente52    0.00%     2.852MiB / 23.32GiB   0.01%
cliente51    0.00%     2.852MiB / 23.32GiB   0.01%
cliente50    0.00%     2.844MiB / 23.32GiB   0.01%
cliente49    0.00%     2.852MiB / 23.32GiB   0.01%
cliente48    0.00%     2.852MiB / 23.32GiB   0.01%
cliente47    0.00%     2.848MiB / 23.32GiB   0.01%
cliente46    0.00%     2.844MiB / 23.32GiB   0.01%
cliente45    0.00%     2.84MiB / 23.32GiB    0.01%
cliente44    0.00%     2.844MiB / 23.32GiB   0.01%
cliente43    0.00%     2.848MiB / 23.32GiB   0.01%
cliente42    0.00%     2.844MiB / 23.32GiB   0.01%
cliente41    0.00%     2.848MiB / 23.32GiB   0.01%
cliente40    0.00%     2.848MiB / 23.32GiB   0.01%
cliente39    0.00%     2.848MiB / 23.32GiB   0.01%
cliente38    0.00%     2.84MiB / 23.32GiB    0.01%
cliente37    0.00%     2.848MiB / 23.32GiB   0.01%
cliente36    0.00%     2.844MiB / 23.32GiB   0.01%
cliente35    0.00%     2.855MiB / 23.32GiB   0.01%
cliente34    0.00%     2.844MiB / 23.32GiB   0.01%
cliente33    0.00%     2.844MiB / 23.32GiB   0.01%
cliente32    0.00%     2.852MiB / 23.32GiB   0.01%
cliente31    0.00%     2.844MiB / 23.32GiB   0.01%
cliente30    0.00%     2.844MiB / 23.32GiB   0.01%
cliente29    0.00%     2.852MiB / 23.32GiB   0.01%
cliente28    0.00%     2.852MiB / 23.32GiB   0.01%
cliente27    0.00%     2.84MiB / 23.32GiB    0.01%
cliente26    0.00%     2.84MiB / 23.32GiB    0.01%
cliente25    0.00%     2.844MiB / 23.32GiB   0.01%
cliente24    0.00%     2.836MiB / 23.32GiB   0.01%
cliente23    0.00%     2.844MiB / 23.32GiB   0.01%
cliente22    0.00%     2.84MiB / 23.32GiB    0.01%
cliente21    0.00%     2.844MiB / 23.32GiB   0.01%
cliente20    0.00%     2.84MiB / 23.32GiB    0.01%
cliente19    0.00%     2.848MiB / 23.32GiB   0.01%
cliente18    0.00%     2.848MiB / 23.32GiB   0.01%
cliente17    0.00%     2.852MiB / 23.32GiB   0.01%
cliente16    0.00%     2.844MiB / 23.32GiB   0.01%
cliente15    0.00%     2.852MiB / 23.32GiB   0.01%
cliente14    0.00%     2.844MiB / 23.32GiB   0.01%
cliente13    0.00%     2.848MiB / 23.32GiB   0.01%
cliente12    0.00%     2.852MiB / 23.32GiB   0.01%
cliente11    0.00%     2.848MiB / 23.32GiB   0.01%
--- 2026-06-03_18:21:25 ---
NAME         CPU %     MEM USAGE / LIMIT     MEM %
cliente10    101.23%   4.508MiB / 23.32GiB   0.02%
cliente9     100.76%   4.098MiB / 23.32GiB   0.02%
cliente7     0.00%     0B / 0B               0.00%
servidor     110.52%   9.988MiB / 23.32GiB   0.04%
cliente100   0.00%     2.855MiB / 23.32GiB   0.01%
cliente99    0.00%     2.848MiB / 23.32GiB   0.01%
cliente98    0.00%     2.84MiB / 23.32GiB    0.01%
cliente97    0.00%     2.844MiB / 23.32GiB   0.01%
cliente96    0.00%     2.848MiB / 23.32GiB   0.01%
cliente94    0.00%     2.836MiB / 23.32GiB   0.01%
cliente93    0.00%     2.852MiB / 23.32GiB   0.01%
cliente92    0.00%     2.855MiB / 23.32GiB   0.01%
cliente91    0.00%     2.852MiB / 23.32GiB   0.01%
cliente90    0.00%     2.844MiB / 23.32GiB   0.01%
cliente89    0.00%     2.848MiB / 23.32GiB   0.01%
cliente88    0.00%     2.848MiB / 23.32GiB   0.01%
cliente87    0.00%     2.852MiB / 23.32GiB   0.01%
cliente86    0.00%     2.852MiB / 23.32GiB   0.01%
cliente85    0.00%     2.844MiB / 23.32GiB   0.01%
cliente84    0.00%     2.844MiB / 23.32GiB   0.01%
cliente83    0.00%     2.852MiB / 23.32GiB   0.01%
cliente82    0.00%     2.852MiB / 23.32GiB   0.01%
cliente81    0.00%     2.852MiB / 23.32GiB   0.01%
cliente80    0.00%     2.844MiB / 23.32GiB   0.01%
cliente79    0.00%     2.84MiB / 23.32GiB    0.01%
cliente78    0.00%     2.844MiB / 23.32GiB   0.01%
cliente77    0.00%     2.855MiB / 23.32GiB   0.01%
cliente76    0.00%     2.84MiB / 23.32GiB    0.01%
cliente75    0.00%     2.848MiB / 23.32GiB   0.01%
cliente74    0.00%     2.852MiB / 23.32GiB   0.01%
cliente73    0.00%     2.84MiB / 23.32GiB    0.01%
cliente72    0.00%     2.848MiB / 23.32GiB   0.01%
cliente71    0.00%     2.848MiB / 23.32GiB   0.01%
cliente70    0.00%     2.848MiB / 23.32GiB   0.01%
cliente69    0.00%     2.844MiB / 23.32GiB   0.01%
cliente68    0.00%     2.852MiB / 23.32GiB   0.01%
cliente67    0.00%     2.855MiB / 23.32GiB   0.01%
cliente66    0.00%     2.844MiB / 23.32GiB   0.01%
cliente65    0.00%     2.863MiB / 23.32GiB   0.01%
cliente64    0.00%     2.855MiB / 23.32GiB   0.01%
cliente63    0.00%     2.844MiB / 23.32GiB   0.01%
cliente62    0.00%     2.844MiB / 23.32GiB   0.01%
cliente61    0.00%     2.938MiB / 23.32GiB   0.01%
cliente60    0.00%     2.832MiB / 23.32GiB   0.01%
cliente59    0.00%     2.855MiB / 23.32GiB   0.01%
cliente58    0.00%     2.844MiB / 23.32GiB   0.01%
cliente57    0.00%     2.848MiB / 23.32GiB   0.01%
cliente56    0.00%     2.855MiB / 23.32GiB   0.01%
cliente55    0.00%     2.848MiB / 23.32GiB   0.01%
cliente54    0.00%     2.84MiB / 23.32GiB    0.01%
cliente53    0.00%     2.844MiB / 23.32GiB   0.01%
cliente52    0.00%     2.852MiB / 23.32GiB   0.01%
cliente51    0.00%     2.852MiB / 23.32GiB   0.01%
cliente50    0.00%     2.844MiB / 23.32GiB   0.01%
cliente49    0.00%     2.852MiB / 23.32GiB   0.01%
cliente48    0.00%     2.852MiB / 23.32GiB   0.01%
cliente47    0.00%     2.848MiB / 23.32GiB   0.01%
cliente46    0.00%     2.844MiB / 23.32GiB   0.01%
cliente45    0.00%     2.84MiB / 23.32GiB    0.01%
cliente44    0.00%     2.844MiB / 23.32GiB   0.01%
cliente43    0.00%     2.848MiB / 23.32GiB   0.01%
cliente42    0.00%     2.844MiB / 23.32GiB   0.01%
cliente41    0.00%     2.848MiB / 23.32GiB   0.01%
cliente40    0.00%     2.848MiB / 23.32GiB   0.01%
cliente39    0.00%     2.848MiB / 23.32GiB   0.01%
cliente38    0.00%     2.84MiB / 23.32GiB    0.01%
cliente37    0.00%     2.848MiB / 23.32GiB   0.01%
cliente36    0.00%     2.844MiB / 23.32GiB   0.01%
cliente35    0.00%     2.855MiB / 23.32GiB   0.01%
cliente34    0.00%     2.844MiB / 23.32GiB   0.01%
cliente33    0.00%     2.844MiB / 23.32GiB   0.01%
cliente32    0.00%     2.852MiB / 23.32GiB   0.01%
cliente31    0.00%     2.844MiB / 23.32GiB   0.01%
cliente30    0.00%     2.844MiB / 23.32GiB   0.01%
cliente29    0.00%     2.852MiB / 23.32GiB   0.01%
cliente28    0.00%     2.852MiB / 23.32GiB   0.01%
cliente27    0.00%     2.84MiB / 23.32GiB    0.01%
cliente26    0.00%     2.84MiB / 23.32GiB    0.01%
cliente25    0.00%     2.844MiB / 23.32GiB   0.01%
cliente24    0.00%     2.836MiB / 23.32GiB   0.01%
cliente23    0.00%     2.844MiB / 23.32GiB   0.01%
cliente22    0.00%     2.84MiB / 23.32GiB    0.01%
cliente21    0.00%     2.844MiB / 23.32GiB   0.01%
cliente20    0.00%     2.84MiB / 23.32GiB    0.01%
cliente19    0.00%     2.848MiB / 23.32GiB   0.01%
cliente18    0.00%     2.848MiB / 23.32GiB   0.01%
cliente17    0.00%     2.852MiB / 23.32GiB   0.01%
cliente16    0.00%     2.844MiB / 23.32GiB   0.01%
cliente15    0.00%     2.852MiB / 23.32GiB   0.01%
cliente14    0.00%     2.844MiB / 23.32GiB   0.01%
cliente13    0.00%     2.848MiB / 23.32GiB   0.01%
cliente12    0.00%     2.852MiB / 23.32GiB   0.01%
cliente11    0.00%     2.848MiB / 23.32GiB   0.01%
--- 2026-06-03_18:21:31 ---
NAME         CPU %     MEM USAGE / LIMIT     MEM %
servidor     100.48%   9.75MiB / 23.32GiB    0.04%
cliente100   0.00%     2.855MiB / 23.32GiB   0.01%
cliente99    0.00%     2.848MiB / 23.32GiB   0.01%
cliente98    0.00%     2.84MiB / 23.32GiB    0.01%
cliente97    0.00%     2.844MiB / 23.32GiB   0.01%
cliente96    0.00%     2.848MiB / 23.32GiB   0.01%
cliente94    0.00%     2.836MiB / 23.32GiB   0.01%
cliente93    0.00%     2.852MiB / 23.32GiB   0.01%
cliente92    0.00%     2.855MiB / 23.32GiB   0.01%
cliente91    0.00%     2.852MiB / 23.32GiB   0.01%
cliente90    0.00%     2.844MiB / 23.32GiB   0.01%
cliente89    0.00%     2.848MiB / 23.32GiB   0.01%
cliente88    0.00%     2.848MiB / 23.32GiB   0.01%
cliente87    0.00%     2.852MiB / 23.32GiB   0.01%
cliente86    0.00%     2.852MiB / 23.32GiB   0.01%
cliente85    0.00%     2.844MiB / 23.32GiB   0.01%
cliente84    0.00%     2.844MiB / 23.32GiB   0.01%
cliente83    0.00%     2.852MiB / 23.32GiB   0.01%
cliente82    0.00%     2.852MiB / 23.32GiB   0.01%
cliente81    0.00%     2.852MiB / 23.32GiB   0.01%
cliente80    0.00%     2.844MiB / 23.32GiB   0.01%
cliente79    0.00%     2.84MiB / 23.32GiB    0.01%
cliente78    0.00%     2.844MiB / 23.32GiB   0.01%
cliente77    0.00%     2.855MiB / 23.32GiB   0.01%
cliente76    0.00%     2.84MiB / 23.32GiB    0.01%
cliente75    0.00%     2.848MiB / 23.32GiB   0.01%
cliente74    0.00%     2.852MiB / 23.32GiB   0.01%
cliente73    0.00%     2.84MiB / 23.32GiB    0.01%
cliente72    0.00%     2.848MiB / 23.32GiB   0.01%
cliente71    0.00%     2.848MiB / 23.32GiB   0.01%
cliente70    0.00%     2.848MiB / 23.32GiB   0.01%
cliente69    0.00%     2.844MiB / 23.32GiB   0.01%
cliente68    0.00%     2.852MiB / 23.32GiB   0.01%
cliente67    0.00%     2.855MiB / 23.32GiB   0.01%
cliente66    0.00%     2.844MiB / 23.32GiB   0.01%
cliente65    0.00%     2.863MiB / 23.32GiB   0.01%
cliente64    0.00%     2.855MiB / 23.32GiB   0.01%
cliente63    0.00%     2.844MiB / 23.32GiB   0.01%
cliente62    0.00%     2.844MiB / 23.32GiB   0.01%
cliente61    0.00%     2.938MiB / 23.32GiB   0.01%
cliente60    0.00%     2.832MiB / 23.32GiB   0.01%
cliente59    0.00%     2.855MiB / 23.32GiB   0.01%
cliente58    0.00%     2.844MiB / 23.32GiB   0.01%
cliente57    0.00%     2.848MiB / 23.32GiB   0.01%
cliente56    0.00%     2.855MiB / 23.32GiB   0.01%
cliente55    0.00%     2.848MiB / 23.32GiB   0.01%
cliente54    0.00%     2.84MiB / 23.32GiB    0.01%
cliente53    0.00%     2.844MiB / 23.32GiB   0.01%
cliente52    0.00%     2.852MiB / 23.32GiB   0.01%
cliente51    0.00%     2.852MiB / 23.32GiB   0.01%
cliente50    0.00%     2.844MiB / 23.32GiB   0.01%
cliente49    0.00%     2.852MiB / 23.32GiB   0.01%
cliente48    0.00%     2.852MiB / 23.32GiB   0.01%
cliente47    0.00%     2.848MiB / 23.32GiB   0.01%
cliente46    0.00%     2.844MiB / 23.32GiB   0.01%
cliente45    0.00%     2.84MiB / 23.32GiB    0.01%
cliente44    0.00%     2.844MiB / 23.32GiB   0.01%
cliente43    0.00%     2.848MiB / 23.32GiB   0.01%
cliente42    0.00%     2.844MiB / 23.32GiB   0.01%
cliente41    0.00%     2.848MiB / 23.32GiB   0.01%
cliente40    0.00%     2.848MiB / 23.32GiB   0.01%
cliente39    0.00%     2.848MiB / 23.32GiB   0.01%
cliente38    0.00%     2.84MiB / 23.32GiB    0.01%
cliente37    0.00%     2.848MiB / 23.32GiB   0.01%
cliente36    0.00%     2.844MiB / 23.32GiB   0.01%
cliente35    0.00%     2.855MiB / 23.32GiB   0.01%
cliente34    0.00%     2.844MiB / 23.32GiB   0.01%
cliente33    0.00%     2.844MiB / 23.32GiB   0.01%
cliente32    0.00%     2.852MiB / 23.32GiB   0.01%
cliente31    0.00%     2.844MiB / 23.32GiB   0.01%
cliente30    0.00%     2.844MiB / 23.32GiB   0.01%
cliente29    0.00%     2.852MiB / 23.32GiB   0.01%
cliente28    0.00%     2.852MiB / 23.32GiB   0.01%
cliente27    0.00%     2.84MiB / 23.32GiB    0.01%
cliente26    0.00%     2.84MiB / 23.32GiB    0.01%
cliente25    0.00%     2.844MiB / 23.32GiB   0.01%
cliente24    0.00%     2.836MiB / 23.32GiB   0.01%
cliente23    0.00%     2.844MiB / 23.32GiB   0.01%
cliente22    0.00%     2.84MiB / 23.32GiB    0.01%
cliente21    0.00%     2.844MiB / 23.32GiB   0.01%
cliente20    0.00%     2.84MiB / 23.32GiB    0.01%
cliente19    0.00%     2.848MiB / 23.32GiB   0.01%
cliente18    0.00%     2.848MiB / 23.32GiB   0.01%
cliente17    0.00%     2.852MiB / 23.32GiB   0.01%
cliente16    0.00%     2.844MiB / 23.32GiB   0.01%
cliente15    0.00%     2.852MiB / 23.32GiB   0.01%
cliente14    0.00%     2.844MiB / 23.32GiB   0.01%
cliente13    0.00%     2.848MiB / 23.32GiB   0.01%
cliente12    0.00%     2.852MiB / 23.32GiB   0.01%
cliente11    0.00%     2.848MiB / 23.32GiB   0.01%
--- 2026-06-03_18:21:35 ---
NAME         CPU %     MEM USAGE / LIMIT     MEM %
cliente100   0.00%     2.855MiB / 23.32GiB   0.01%
cliente99    0.00%     2.848MiB / 23.32GiB   0.01%
cliente98    0.00%     2.84MiB / 23.32GiB    0.01%
cliente97    0.00%     2.844MiB / 23.32GiB   0.01%
cliente96    0.00%     2.848MiB / 23.32GiB   0.01%
cliente94    0.00%     2.836MiB / 23.32GiB   0.01%
cliente93    0.00%     2.852MiB / 23.32GiB   0.01%
cliente92    0.00%     2.855MiB / 23.32GiB   0.01%
cliente91    0.00%     2.852MiB / 23.32GiB   0.01%
cliente90    0.00%     2.844MiB / 23.32GiB   0.01%
cliente89    0.00%     2.848MiB / 23.32GiB   0.01%
cliente88    0.00%     2.848MiB / 23.32GiB   0.01%
cliente87    0.00%     2.852MiB / 23.32GiB   0.01%
cliente86    0.00%     2.852MiB / 23.32GiB   0.01%
cliente85    0.00%     2.844MiB / 23.32GiB   0.01%
cliente84    0.00%     2.844MiB / 23.32GiB   0.01%
cliente83    0.00%     2.852MiB / 23.32GiB   0.01%
cliente82    0.00%     2.852MiB / 23.32GiB   0.01%
cliente81    0.00%     2.852MiB / 23.32GiB   0.01%
cliente80    0.00%     2.844MiB / 23.32GiB   0.01%
cliente79    0.00%     2.84MiB / 23.32GiB    0.01%
cliente78    0.00%     2.844MiB / 23.32GiB   0.01%
cliente77    0.00%     2.855MiB / 23.32GiB   0.01%
cliente76    0.00%     2.84MiB / 23.32GiB    0.01%
cliente75    0.00%     2.848MiB / 23.32GiB   0.01%
cliente74    0.00%     2.852MiB / 23.32GiB   0.01%
cliente73    0.00%     2.84MiB / 23.32GiB    0.01%
cliente72    0.00%     2.848MiB / 23.32GiB   0.01%
cliente71    0.00%     2.848MiB / 23.32GiB   0.01%
cliente70    0.00%     2.848MiB / 23.32GiB   0.01%
cliente69    0.00%     2.844MiB / 23.32GiB   0.01%
cliente68    0.00%     2.852MiB / 23.32GiB   0.01%
cliente67    0.00%     2.855MiB / 23.32GiB   0.01%
cliente66    0.00%     2.844MiB / 23.32GiB   0.01%
cliente65    0.00%     2.863MiB / 23.32GiB   0.01%
cliente64    0.00%     2.855MiB / 23.32GiB   0.01%
cliente63    0.00%     2.844MiB / 23.32GiB   0.01%
cliente62    0.00%     2.844MiB / 23.32GiB   0.01%
cliente61    0.00%     2.938MiB / 23.32GiB   0.01%
cliente60    0.00%     2.832MiB / 23.32GiB   0.01%
cliente59    0.00%     2.855MiB / 23.32GiB   0.01%
cliente58    0.00%     2.844MiB / 23.32GiB   0.01%
cliente57    0.00%     2.848MiB / 23.32GiB   0.01%
cliente56    0.00%     2.855MiB / 23.32GiB   0.01%
cliente55    0.00%     2.848MiB / 23.32GiB   0.01%
cliente54    0.00%     2.84MiB / 23.32GiB    0.01%
cliente53    0.00%     2.844MiB / 23.32GiB   0.01%
cliente52    0.00%     2.852MiB / 23.32GiB   0.01%
cliente51    0.00%     2.852MiB / 23.32GiB   0.01%
cliente50    0.00%     2.844MiB / 23.32GiB   0.01%
cliente49    0.00%     2.852MiB / 23.32GiB   0.01%
cliente48    0.00%     2.852MiB / 23.32GiB   0.01%
cliente47    0.00%     2.848MiB / 23.32GiB   0.01%
cliente46    0.00%     2.844MiB / 23.32GiB   0.01%
cliente45    0.00%     2.84MiB / 23.32GiB    0.01%
cliente44    0.00%     2.844MiB / 23.32GiB   0.01%
cliente43    0.00%     2.848MiB / 23.32GiB   0.01%
cliente42    0.00%     2.844MiB / 23.32GiB   0.01%
cliente41    0.00%     2.848MiB / 23.32GiB   0.01%
cliente40    0.00%     2.848MiB / 23.32GiB   0.01%
cliente39    0.00%     2.848MiB / 23.32GiB   0.01%
cliente38    0.00%     2.84MiB / 23.32GiB    0.01%
cliente37    0.00%     2.848MiB / 23.32GiB   0.01%
cliente36    0.00%     2.844MiB / 23.32GiB   0.01%
cliente35    0.00%     2.855MiB / 23.32GiB   0.01%
cliente34    0.00%     2.844MiB / 23.32GiB   0.01%
cliente33    0.00%     2.844MiB / 23.32GiB   0.01%
cliente32    0.00%     2.852MiB / 23.32GiB   0.01%
cliente31    0.00%     2.844MiB / 23.32GiB   0.01%
cliente30    0.00%     2.844MiB / 23.32GiB   0.01%
cliente29    0.00%     2.852MiB / 23.32GiB   0.01%
cliente28    0.00%     2.852MiB / 23.32GiB   0.01%
cliente27    0.00%     2.84MiB / 23.32GiB    0.01%
cliente26    0.00%     2.84MiB / 23.32GiB    0.01%
cliente25    0.00%     2.844MiB / 23.32GiB   0.01%
cliente24    0.00%     2.836MiB / 23.32GiB   0.01%
cliente23    0.00%     2.844MiB / 23.32GiB   0.01%
cliente22    0.00%     2.84MiB / 23.32GiB    0.01%
cliente21    0.00%     2.844MiB / 23.32GiB   0.01%
cliente20    0.00%     2.84MiB / 23.32GiB    0.01%
cliente19    0.00%     2.848MiB / 23.32GiB   0.01%
cliente18    0.00%     2.848MiB / 23.32GiB   0.01%
cliente17    0.00%     2.852MiB / 23.32GiB   0.01%
cliente16    0.00%     2.844MiB / 23.32GiB   0.01%
cliente15    0.00%     2.852MiB / 23.32GiB   0.01%
cliente14    0.00%     2.844MiB / 23.32GiB   0.01%
cliente13    0.00%     2.848MiB / 23.32GiB   0.01%
cliente12    0.00%     2.852MiB / 23.32GiB   0.01%
cliente11    0.00%     2.848MiB / 23.32GiB   0.01%
