procs ----------mémoire---------- -échange- -----io---- -système- ------cpu--------
 r  b   swpd  libre tampon  cache   si   so    bi    bo   in   cs us sy id wa st gu
 7  0      0 10633988 299636 7276464    0    0   114   480 7175   17 10  5 83  2  0  0
 2  1      0 10620720 299644 7276508    0    0     0  1744 8315 21054 11  5 73 11  0  0
 1  1      0 10619676 299672 7276556    0    0     0   988 4797 12746  6  4 78 12  0  0
 2  0      0 10603196 299692 7276852    0    0     0   644 12904 34144 12  6 71 11  0  0
 2  1      0 10602704 299696 7276600    0    0     0  1424 6201 14319  6  5 70 18  0  0
 1  0      0 10585908 299700 7276588    0    0     0   476 11849 26651  9  5 78  8  0  0
 2  1      0 10555612 299700 7276604    0    0     0   136 14770 29718  8  7 81  4  0  0
 0  2      0 10556368 299720 7276616    0    0     0  1496 9756 26180 14  9 66 12  0  0
 1  2      0 10551140 299740 7276732    0    0     0   744 7529 17611  8  6 73 13  0  0
 1  0      0 10559588 299760 7276744    0    0     0   228 9171 27614 17  3 76  4  0  0
 1  0      0 10574736 299760 7272668    0    0     0   112 3980 11454 14  1 80  4  0  0
 1  0      0 10577184 299760 7272688    0    0     0     0 2594 2521 13  1 86  0  0  0
 1  0      0 10577616 299760 7276788    0    0     0     0 6637 17085 18  2 80  0  0  0
 1  0      0 10588428 299760 7276800    0    0     0    64 7249 20954 18  2 77  3  0  0
 1  4      0 10600120 299768 7276552    0    0     0  1960 5925 16826 16  3 71 10  0  0
 1  1      0 10616884 299768 7276560    0    0     0   376 4162 10207 14  1 68 17  0  0
 3  1      0 10604088 299788 7276652    0    0     0  1008 8808 20465 21  5 64 10  0  0
 8  2      0 10574936 299804 7276684    0    0     0  1732 12061 23857 27  7 49 17  0  0
 2  1      0 10550644 299808 7277220    0    0     0   884 16743 24836 28  8 52 12  0  0
 3  1      0 10545244 299816 7277360    0    0     0   884 22192 32510 30  9 52  9  0  0
 3  2      0 10535460 299820 7277376    0    0     0  1596 20778 25630 35 11 40 14  0  0
procs ----------mémoire---------- -échange- -----io---- -système- ------cpu--------
 r  b   swpd  libre tampon  cache   si   so    bi    bo   in   cs us sy id wa st gu
 3  2      0 10548484 299832 7277408    0    0     0  1112 20957 32748 40 11 42  7  0  0
 5  1      0 10542044 299840 7277468    0    0     0  1516 21085 34006 42 14 37  7  0  0
 4  1      0 10508540 299848 7273460    0    0     0   940 24949 40546 49 14 24 13  0  0
 5  1      0 10512764 299848 7277568    0    0     0  1092 20070 31636 47 17 32  4  0  0
14  3      0 10498296 299856 7277656    0    0     0  1684 22328 35787 54 18 24  4  0  0
15  1      0 10485760 299860 7273624    0    0     0  1144 25332 37323 59 17 20  5  0  0
 8  0      0 10484928 299876 7277804    0    0     0   660 24925 36348 58 19 20  4  0  0
13  1      0 10476160 299880 7273768    0    0     0  1636 16912 30472 64 20 14  3  0  0
11  1      0 10461672 299884 7277928    0    0     0  1240 15767 33112 64 20 15  2  0  0
 8  1      0 10478048 299896 7277976    0    0     0   636 17314 35582 66 21 11  2  0  0
14  1      0 10466336 299908 7278128    0    0     0  1576 16321 32273 71 21  6  2  0  0
15  0      0 10486096 299916 7277876    0    0     0  1124 20105 40688 71 22  5  2  0  0
11  3      0 10490348 299932 7278512    0    0     0  1780 19006 33033 72 24  3  1  0  0
 8  1      0 10474408 299936 7278484    0    0     0  1148 19446 38831 75 21  3  1  0  0
10  1      0 10451688 299944 7278504    0    0     0   820 18253 34511 75 23  2  0  0  0
 9  4      0 10463240 299952 7278644    0    0     0  2296 18319 31747 73 24  3  1  0  0
15  1      0 10453608 299952 7278660    0    0     0   800 16138 29732 74 23  3  1  0  0
10  2      0 10448068 299956 7278684    0    0     0   728 15491 31119 67 20  5  9  0  0
18  0      0 10458472 299960 7278708    0    0     0   472 15565 28594 73 24  3  1  0  0
22  1      0 10443264 299960 7278840    0    0     0   532 17884 34849 75 23  2  0  0  0
 9  1      0 10455988 299964 7274772    0    0     0  1716 18301 35475 76 23  1  0  0  0
procs ----------mémoire---------- -échange- -----io---- -système- ------cpu--------
 r  b   swpd  libre tampon  cache   si   so    bi    bo   in   cs us sy id wa st gu
24  2      0 10430732 299968 7274796    0    0     0  1192 15437 28062 67 21  2  9  0  0
22  1      0 10437108 299988 7278880    0    0     0   520 17685 34919 75 23  2  0  0  0
10  2      0 10457100 299988 7278964    0    0     0  2440 15562 29203 66 22  1 10  0  0
20  2      0 10455848 299988 7274888    0    0     0  1204 13680 22822 73 22  2  3  0  0
11  2      0 10450468 299988 7274892    0    0     0  1612 13484 19745 73 24  1  2  0  0
17  1      0 10431568 300004 7279264    0    0     0   540 19204 32329 73 25  2  0  0  0
11  4      0 10418964 300008 7279448    0    0     0  2040 22027 25391 74 25  1  0  0  0
14 13      0 10453596 300008 7279528    0    0     0   604 16601 20505 75 24  1  0  0  0
14  1      0 10484392 300020 7279148    0    0     0  1076 25279 38935 62 18  8 12  0  0
14  3      0 10455344 300028 7279260    0    0     0  1376 20149 29540 72 24  1  3  0  0
17  0      0 10417032 300044 7276144    0    0     0   712 21199 30487 74 25  1  0  0  0
15  1      0 10427364 300044 7272112    0    0     0  2008 20893 28519 74 25  1  0  0  0
10  1      0 10433300 300056 7269972    0    0     0  1156 22610 22070 75 24  0  0  0  0
13  1      0 10449872 300084 7273632    0    0     0   524 16558 26345 75 25  0  0  0  0
16  1      0 10437436 300096 7274200    0    0     0  2016 18863 25459 75 24  1  0  0  0
24  3      0 10426652 300100 7279776    0    0     0  1396 25698 30864 81 19  0  0  0  0
12  1      0 10433088 300104 7276572    0    0     0  2040 22801 32742 74 24  1  1  0  0
16  2      0 10449576 300112 7279112    0    0     0  1116 19511 31608 76 23  0  0  0  0
26  1      0 10419880 300136 7278620    0    0     0   464 20773 30968 76 24  1  0  0  0
14  1      0 10433688 300144 7270384    0    0     0   732 23842 32608 75 25  0  0  0  0
13  1      0 10426636 300148 7270576    0    0     0  1840 17082 20907 76 23  0  0  0  0
procs ----------mémoire---------- -échange- -----io---- -système- ------cpu--------
 r  b   swpd  libre tampon  cache   si   so    bi    bo   in   cs us sy id wa st gu
15  3      0 10431868 300148 7274900    0    0     0  1512 29084 41165 75 22  1  2  0  0
20  3      0 10448668 300164 7275308    0    0     0  1404 21097 24252 75 24  1  0  0  0
17  1      0 10438936 300172 7274864    0    0     0   420 25761 31355 74 24  1  1  0  0
12  5      0 10445540 300184 7274664    0    0     0  1772 18374 31439 75 25  0  0  0  0
13  1      0 10421512 300188 7274440    0    0     0   392 19522 21777 76 24  0  0  0  0
15  1      0 10445340 300200 7274844    0    0     0  1364 19021 21407 75 25  0  0  0  0
14  1      0 10468764 300208 7274600    0    0     0   484 16538 26302 74 26  0  0  0  0
18  1      0 10462792 300208 7274640    0    0     0  1608 20090 28566 76 24  0  0  0  0
14  3      0 10463508 300216 7274556    0    0     0  1784 27196 37253 76 22  1  1  0  0
13  1      0 10454352 300220 7276796    0    0     0   552 22170 29245 75 25  0  0  0  0
20  0      0 10474172 300232 7277716    0    0     0   836 23898 34148 74 25  1  0  0  0
20  1      0 10445364 300244 7276968    0    0     0   592 22598 26654 75 25  0  0  0  0
26  2      0 10446940 300252 7281452    0    0     0  1896 17806 22898 76 24  0  0  0  0
17  2      0 10453716 300252 7281408    0    0     0  1620 25585 39797 75 23  1  2  0  0
22  1      0 10426192 300268 7281424    0    0     0   628 20893 25531 75 25  0  0  0  0
15  1      0 10418860 300276 7281740    0    0     0   468 21211 29438 74 25  1  0  0  0
16  1      0 10416820 300276 7281552    0    0     0  1940 18641 30927 74 26  0  0  0  0
12  2      0 10447596 300276 7277440    0    0     0   960 13713 22031 76 24  0  0  0  0
12  2      0 10453684 300288 7277468    0    0     0  1336 13032 19778 74 25  0  1  0  0
24  0      0 10434852 300296 7281564    0    0     0   748 17560 29369 75 24  1  0  0  0
22  0      0 10422004 300296 7277588    0    0     0   420 17307 34013 76 23  0  0  0  0
procs ----------mémoire---------- -échange- -----io---- -système- ------cpu--------
 r  b   swpd  libre tampon  cache   si   so    bi    bo   in   cs us sy id wa st gu
15  1      0 10421872 300296 7277628    0    0     0  1780 14466 26003 75 24  0  0  0  0
22  1      0 10397844 300300 7277652    0    0     0  1232 13297 21018 76 24  0  0  0  0
14  2      0 10418252 300304 7281852    0    0     0   592 17768 34875 73 27  0  0  0  0
17  4      0 10444880 300308 7281832    0    0     0  1668 13224 20965 75 24  0  0  0  0
21  1      0 10456700 300320 7277720    0    0     0   624 16546 30842 76 22  1  1  0  0
14  1      0 10436412 300332 7277772    0    0     0  1288 17921 35189 76 24  0  0  0  0
18  1      0 10421204 300340 7277820    0    0     0  1116 14150 24497 76 24  0  0  0  0
13  1      0 10410072 300356 7281952    0    0     0   516 16171 30364 74 25  0  0  0  0
26  1      0 10429352 300356 7282088    0    0     0   568 14571 25691 75 25  0  0  0  0
24  2      0 10443392 300360 7278068    0    0     0  2584 17501 33222 74 24  1  2  0  0
20  1      0 10452200 300360 7277996    0    0     0  1380 13117 20869 75 24  1  1  0  0
14  1      0 10412896 300364 7282140    0    0     0   568 15611 28439 74 25  0  0  0  0
19  3      0 10403844 300372 7282280    0    0     0  1428 17978 36257 75 25  0  0  0  0
15 16      0 10410304 300376 7278168    0    0     0   924 12719 19927 76 23  0  0  0  0
21  2      0 10442516 300384 7278164    0    0     0   752 13194 21331 76 24  0  0  0  0
17  2      0 10456468 300392 7278184    0    0     0  1596 12525 18661 75 25  0  0  0  0
31  0      0 10444876 300396 7282272    0    0     0   508 14816 25360 76 24  0  0  0  0
30  1      0 10471204 300400 7282376    0    0     0   624 17249 32400 77 23  0  0  0  0
22  5      0 10425136 300404 7282400    0    0     0  1800 14385 23170 75 25  0  0  0  0
12  2      0 10424324 300408 7282436    0    0     0  1108 14905 26458 75 24  0  1  0  0
13  4      0 10423516 300408 7282396    0    0     0  1732 12418 18501 74 26  0  0  0  0
procs ----------mémoire---------- -échange- -----io---- -système- ------cpu--------
 r  b   swpd  libre tampon  cache   si   so    bi    bo   in   cs us sy id wa st gu
18  1      0 10425016 300412 7282160    0    0     0   860 14944 23643 75 25  0  0  0  0
24  0      0 10427612 300416 7282528    0    0     0   444 15606 27998 75 25  0  0  0  0
16 15      0 10460996 300420 7278388    0    0     0  1956 14980 26013 76 24  0  0  0  0
16  5      0 10459660 300428 7278408    0    0     0   848 12775 19745 71 23  1  5  0  0
17 16      0 10472008 300428 7278508    0    0     0  1220 12442 18672 76 24  0  0  0  0
27  0      0 10459788 300440 7282612    0    0     0   764 16478 31253 76 23  1  0  0  0
13  1      0 10450204 300464 7282656    0    0     0   424 15998 30033 74 26  0  0  0  0
14 10      0 10445728 300480 7282652    0    0     0  2736 15742 28108 73 26  0  0  0  0
16  2      0 10448804 300484 7278588    0    0     0   528 11670 17556 65 19  4 11  0  0
12  2      0 10452464 300488 7278600    0    0     0  1252 13096 21246 75 25  0  0  0  0
22  1      0 10459268 300500 7282812    0    0     0   440 16813 32682 74 26  0  0  0  0
16 14      0 10461652 300512 7282840    0    0     0  1980 13421 21654 75 25  0  0  0  0
24  2      0 10458816 300512 7282808    0    0     0   344 15105 26041 74 24  1  1  0  0
14  2      0 10469360 300516 7282820    0    0     0  1632 17000 31677 75 25  0  0  0  0
31  1      0 10474680 300528 7282844    0    0     0   788 13365 22280 76 24  0  0  0  0
16  0      0 10435568 300532 7282972    0    0     0   376 14724 25562 74 26  0  0  0  0
14  1      0 10444124 300536 7282988    0    0     0  1492 16169 30660 74 26  0  0  0  0
15  1      0 10437880 300540 7278920    0    0     0   788 12452 19253 76 24  0  0  0  0
17  2      0 10430760 300548 7282996    0    0     0  1336 13536 21761 73 26  1  0  0  0
14  5      0 10410516 300548 7283104    0    0     0  1416 13935 23237 74 26  0  0  0  0
22  2      0 10434360 300564 7278968    0    0     0   884 14712 25278 68 23  3  6  0  0
procs ----------mémoire---------- -échange- -----io---- -système- ------cpu--------
 r  b   swpd  libre tampon  cache   si   so    bi    bo   in   cs us sy id wa st gu
13 14      0 10449328 300572 7278956    0    0     0  1944 18077 34575 76 24  0  0  0  0
14  1      0 10444740 300588 7278976    0    0     0  1068 14629 25927 75 25  0  0  0  0
16  3      0 10448584 300588 7279020    0    0     0   852 15147 27859 74 26  0  0  0  0
25  1      0 10440188 300596 7283228    0    0     0   568 13973 21917 74 25  0  0  0  0
30  1      0 10446604 300596 7283268    0    0     0  1464 14851 25648 74 25  0  0  0  0
23  1      0 10451476 300596 7283288    0    0     0   808 16287 30373 77 23  0  0  0  0
21  2      0 10459892 300608 7283316    0    0     0  1240 14274 23301 76 24  0  0  0  0
20  2      0 10441544 300616 7283360    0    0     0  1012 16072 30340 73 26  0  0  0  0
19  2      0 10420848 300628 7279596    0    0     0  1544 15013 26852 74 24  1  1  0  0
19  2      0 10403388 300652 7279316    0    0     0  2012 14225 24814 75 25  0  0  0  0
20  0      0 10393920 300660 7279316    0    0     0   460 12659 20204 77 23  0  0  0  0
30  1      0 10411692 300668 7283568    0    0     0   972 14233 22961 75 25  0  0  0  0
20  1      0 10397912 300692 7283632    0    0     0  1252 13542 22521 74 25  0  0  0  0
17 14      0 10429040 300708 7279516    0    0     0  1364 17437 35492 75 22  1  3  0  0
15  1      0 10418760 300708 7279504    0    0     0  1504 13187 20909 75 24  0  0  0  0
19  0      0 10421236 300720 7283648    0    0     0   632 15398 28350 75 24  0  0  0  0
30  1      0 10436088 300728 7283744    0    0     0   580 16606 33784 74 26  0  0  0  0
18  2      0 10414808 300736 7279676    0    0     0  1804 11875 17722 76 24  0  0  0  0
23 19      0 10409184 300740 7279640    0    0     0   824 14500 24753 75 25  0  0  0  0
21  1      0 10410696 300748 7279664    0    0     0  1524 17184 31323 75 25  0  0  0  0
18  1      0 10406120 300748 7283940    0    0     0   408 15152 25902 75 25  1  0  0  0
procs ----------mémoire---------- -échange- -----io---- -système- ------cpu--------
 r  b   swpd  libre tampon  cache   si   so    bi    bo   in   cs us sy id wa st gu
18  1      0 10412112 300760 7283988    0    0     0  1668 15656 28764 74 25  0  0  0  0
20  2      0 10397116 300768 7279880    0    0     0   848 14792 28299 76 24  0  0  0  0
15  2      0 10428100 300784 7279856    0    0     0  1412 13241 21047 75 25  0  0  0  0
20  4      0 10440796 300800 7284036    0    0     0  1528 13930 22620 73 27  0  0  0  0
21  1      0 10413484 300804 7284068    0    0     0   740 14329 24473 75 24  0  0  0  0
24 12      0 10424720 300808 7280000    0    0     0  1540 15606 29080 75 25  0  0  0  0
20  1      0 10426304 300812 7280048    0    0     0  1744 13549 22604 74 26  0  0  0  0
15  2      0 10411524 300824 7284188    0    0     0  1256 14817 27385 73 26  0  0  0  0
18  3      0 10412276 300832 7284216    0    0     0  1528 15353 28316 73 27  0  0  0  0
18  1      0 10399992 300848 7280172    0    0     0   784 15543 28621 75 25  0  0  0  0
20  1      0 10425976 300860 7280188    0    0     0  1552 12139 18528 74 26  0  0  0  0
26  1      0 10409508 300860 7280172    0    0     0  1172 13791 22567 76 23  0  0  0  0
22  0      0 10407676 300868 7284116    0    0     0   536 15759 30401 75 24  0  0  0  0
18  1      0 10394368 300872 7284500    0    0     0   396 13967 23220 74 26  0  0  0  0
22  1      0 10389748 300888 7280420    0    0     0  1796 14957 26734 76 24  0  0  0  0
26  1      0 10402924 300888 7280324    0    0     0   568 14569 26354 75 25  0  0  0  0
17  2      0 10420824 300892 7280372    0    0     0  1688 12198 18324 74 26  0  0  0  0
17  1      0 10414952 300920 7284580    0    0     0   644 15830 29541 73 26  0  0  0  0
17 17      0 10407936 300928 7284608    0    0     0  1880 13257 21744 75 25  0  0  0  0
23  1      0 10396284 300932 7280528    0    0     0   316 15114 28529 77 21  1  1  0  0
 1 16      0 10415152 300936 7280484    0    0     0  2120 16176 30035 73 24  1  1  0  0
procs ----------mémoire---------- -échange- -----io---- -système- ------cpu--------
 r  b   swpd  libre tampon  cache   si   so    bi    bo   in   cs us sy id wa st gu
17  2      0 10417088 300960 7284576    0    0     0  1484 14621 25976 65 20  6  9  0  0
20  0      0 10417400 300968 7284628    0    0     0   468 12911 20950 75 25  0  0  0  0
18  1      0 10392800 300972 7284744    0    0     0   472 17534 35364 74 26  0  0  0  0
20  3      0 10406956 300980 7284776    0    0     0  1964 12071 18628 75 25  0  0  0  0
19  1      0 10390532 300984 7285100    0    0     0  1488 13908 23491 75 25  0  0  0  0
29  0      0 10405368 300984 7284888    0    0     0   544 16001 28686 76 24  0  0  0  0
25  1      0 10386156 300988 7285244    0    0     0   380 16362 29125 73 27  0  0  0  0
18  3      0 10391076 300992 7281216    0    0     0  1796 15319 29164 74 26  0  0  0  0
21 21      0 10377548 300992 7281180    0    0     0   696 13697 23292 74 26  0  0  0  0
16  2      0 10379336 301008 7281208    0    0     0  1720 12088 18410 75 25  0  0  0  0
28  1      0 10365652 301016 7285336    0    0     0   500 16047 31212 73 27  0  0  0  0
22  3      0 10400960 301032 7285364    0    0     0  1760 12507 19985 74 25  0  1  0  0
26  1      0 10384280 301032 7281256    0    0     0   872 12168 20416 68 20  1 11  0  0
26  8      0 10394180 301040 7281276    0    0     0  1284 15931 29542 76 24  0  0  0  0
18  1      0 10406880 301040 7281296    0    0     0   284 13494 22633 75 25  0  0  0  0
17  2      0 10391636 301040 7281316    0    0     0  1032 14221 25494 75 25  0  0  0  0
30  2      0 10393048 301040 7285396    0    0     0  1920 13544 24360 64 22  2 12  0  0
19  1      0 10393000 301052 7285512    0    0     0   580 13084 21843 75 25  0  0  0  0
32  0      0 10388804 301060 7281452    0    0     0   440 14280 25109 74 26  0  0  0  0
19  3      0 10395088 301072 7281484    0    0     0  1772 11479 17620 69 23  1  7  0  0
23  1      0 10396804 301072 7281504    0    0     0   340 16176 29123 77 23  0  0  0  0
procs ----------mémoire---------- -échange- -----io---- -système- ------cpu--------
 r  b   swpd  libre tampon  cache   si   so    bi    bo   in   cs us sy id wa st gu
18  1      0 10420408 301080 7281524    0    0     0   896 14775 25218 75 24  0  0  0  0
22  2      0 10406392 301088 7285592    0    0     0  1696 15507 28980 74 26  0  0  0  0
22  3      0 10400420 301088 7285688    0    0     0   700 12636 20012 75 25  0  0  0  0
26  0      0 10375696 301096 7281624    0    0     0   676 13592 23263 76 24  0  0  0  0
25  3      0 10380440 301108 7281560    0    0     0  1744 14449 26319 74 26  0  0  0  0
40  0      0 10372088 301112 7281580    0    0     0  1184 13186 21250 75 25  0  0  0  0
14 19      0 10353032 301112 7281604    0    0     0  1000 12464 19851 75 25  0  0  0  0
22  1      0 10357436 301124 7285388    0    0     0   912 13202 22464 75 25  0  0  0  0
17  0      0 10366500 301128 7285800    0    0     0   460 14606 26473 75 25  0  0  0  0
14  9      0 10360188 301140 7285820    0    0     0  1904 13013 21853 74 25  0  1  0  0
26  1      0 10404020 301144 7281744    0    0     0   400 12750 21464 76 24  0  0  0  0
19  2      0 10436436 301148 7281724    0    0     0  1324 12822 20907 75 25  0  0  0  0
30  3      0 10435760 301152 7285892    0    0     0  1664 17068 33080 74 26  0  0  0  0
24  1      0 10395184 301164 7281840    0    0     0   548 15652 29143 74 25  0  1  0  0
24 19      0 10410448 301168 7281788    0    0     0   708 14959 26427 74 26  0  0  0  0
17 20      0 10423308 301168 7281800    0    0     0  1796 12746 21115 74 25  0  0  0  0
15  4      0 10421548 301176 7281740    0    0     0  1020 12501 20462 76 24  0  0  0  0
21  2      0 10421400 301196 7281820    0    0     0   760 12621 20377 76 24  0  0  0  0
14  1      0 10418676 301196 7281800    0    0     0  1512 13538 21899 75 25  0  0  0  0
16  1      0 10433300 301204 7285932    0    0     0   608 13981 24677 75 25  0  0  0  0
24  0      0 10396236 301208 7285964    0    0     0   492 15579 27810 74 26  0  0  0  0
procs ----------mémoire---------- -échange- -----io---- -système- ------cpu--------
 r  b   swpd  libre tampon  cache   si   so    bi    bo   in   cs us sy id wa st gu
18  3      0 10391996 301212 7281884    0    0     0  2328 13437 22435 75 25  0  0  0  0
14  2      0 10392952 301220 7281908    0    0     0   684 12713 20656 76 23  1  1  0  0
26  0      0 10397524 301232 7286012    0    0     0   928 14552 26572 75 25  0  0  0  0
15  1      0 10378308 301232 7286148    0    0     0   328 14243 23452 73 27  0  0  0  0
15  2      0 10386764 301244 7286176    0    0     0  2248 13280 22044 73 26  0  0  0  0
17  1      0 10393776 301248 7282068    0    0     0   304 12702 20843 75 25  0  0  0  0
13  9      0 10418792 301256 7282060    0    0     0  2028 12777 20498 74 25  0  0  0  0
30  1      0 10420232 301264 7286164    0    0     0   692 14553 26388 77 23  0  0  0  0
18  0      0 10389520 301272 7286308    0    0     0   336 16577 32004 75 24  0  0  0  0
22  1      0 10398796 301284 7286260    0    0     0  1620 14022 24729 73 26  0  0  0  0
17  5      0 10392996 301284 7286276    0    0     0   916 12942 21096 75 25  0  0  0  0
16  4      0 10411896 301284 7286296    0    0     0   736 12387 18686 75 24  0  0  0  0
13  3      0 10413084 301284 7286236    0    0     0   668 12825 20356 76 24  0  0  0  0
16  2      0 10429456 301292 7286244    0    0     0   340 13735 22882 75 25  0  0  0  0
23  4      0 10432480 301292 7286252    0    0     0  1436 12125 22292 64 20  1 14  0  0
14 19      0 10424688 301300 7286268    0    0     0   452 13019 20534 75 24  0  1  0  0
19  5      0 10411972 301304 7285976    0    0     0  1208 12958 19994 75 24  0  0  0  0
15  3      0 10445388 301308 7282164    0    0     0   984 15021 25272 75 25  0  0  0  0
17  2      0 10450652 301324 7282264    0    0     0  1132 13677 21749 76 24  0  0  0  0
32  2      0 10467696 301336 7282204    0    0     0  1556 14278 22763 75 24  0  0  0  0
15  2      0 10425884 301344 7282216    0    0     0   924 17365 33794 78 22  1  0  0  0
procs ----------mémoire---------- -échange- -----io---- -système- ------cpu--------
 r  b   swpd  libre tampon  cache   si   so    bi    bo   in   cs us sy id wa st gu
17  1      0 10414732 301356 7282224    0    0     0  1308 15796 29031 76 24  0  0  0  0
29  4      0 10416644 301360 7286328    0    0     0  1196 13120 19895 75 25  0  0  0  0
24  1      0 10439464 301364 7286464    0    0     0   568 17095 32033 74 26  0  0  0  0
12  2      0 10438520 301368 7286508    0    0     0  1724 13513 21183 75 25  0  0  0  0
27  1      0 10427648 301368 7282364    0    0     0   580 16421 29039 76 23  0  0  0  0
23  1      0 10419972 301376 7286468    0    0     0  1760 19007 27113 75 25  0  0  0  0
15  1      0 10418912 301380 7286588    0    0     0   448 16111 29444 74 25  1  0  0  0
14  2      0 10387968 301384 7286644    0    0     0   104 16910 27278 73 27  0  0  0  0
14 14      0 10388268 301400 7282504    0    0     0  2348 15623 23790 73 26  0  0  0  0
14  2      0 10411592 301400 7282440    0    0     0   308 12947 20282 76 23  0  0  0  0
14  2      0 10421664 301416 7282432    0    0     0  1624 13848 21325 75 25  1  0  0  0
10  1      0 10404164 301424 7282412    0    0     0   276 12611 18741 76 23  1  0  0  0
12  0      0 10389108 301436 7282412    0    0     0   156 15233 27248 75 24  1  0  0  0
16  0      0 10404464 301436 7282424    0    0     0     0 12619 18322 76 23  1  0  0  0
15  1      0 10422648 301436 7282384    0    0     0   124 13679 20906 75 24  1  0  0  0
14  1      0 10431528 301460 7282392    0    0     0  2212 15614 26827 74 24  2  0  0  0
15  0      0 10437972 301460 7282404    0    0     0     0 16109 28440 76 22  1  0  0  0
10  0      0 10439204 301464 7282420    0    0     0   128 14000 24666 68 20  5  6  0  0
15  0      0 10435984 301464 7282424    0    0     0     0 15674 28691 75 23  2  0  0  0
11  2      0 10451716 301472 7282352    0    0     0  1884 13687 21097 74 24  2  0  0  0
16  0      0 10444784 301476 7282380    0    0     0   360 13202 20711 73 23  4  0  0  0
procs ----------mémoire---------- -échange- -----io---- -système- ------cpu--------
 r  b   swpd  libre tampon  cache   si   so    bi    bo   in   cs us sy id wa st gu
10  0      0 10453720 301476 7282400    0    0     0     0 19054 35065 76 22  2  0  0  0
12  2      0 10460416 301500 7282324    0    0     0  1740 14264 25976 69 24  6  2  0  0
 7  0      0 10471708 301504 7282344    0    0     0   280 11710 19917 69 21  9  1  0  0
 7  0      0 10448180 301504 7282368    0    0     0     0 14496 28685 69 21 10  0  0  0
 9  1      0 10447704 301508 7282320    0    0     0  1240 12351 20605 67 21 10  2  0  0
11  0      0 10463112 301524 7282284    0    0     0   908 12521 22918 65 20 13  3  0  0
 6  1      0 10457612 301524 7282236    0    0     0   304 16369 32110 64 18 15  3  0  0
 8  0      0 10452756 301532 7282228    0    0     0  1660 11126 20722 55 18 21  7  0  0
 5  0      0 10449216 301532 7282264    0    0     0     0 11113 22039 53 16 32  0  0  0
 4  1      0 10455080 301536 7282168    0    0     0  1648 11136 19240 45 16 34  5  0  0
 4  0      0 10463376 301536 7282180    0    0     0   292 12444 26935 44 14 40  2  0  0
 5  1      0 10470188 301536 7282200    0    0     0     4 9809 16991 42 13 44  1  0  0
 5  1      0 10473880 301536 7282132    0    0     0  1168 15557 30089 51 15 33  2  0  0
 2  1      0 10458476 301552 7282100    0    0     0   748 10630 18278 32 10 49  9  0  0
 3  1      0 10479004 301556 7282040    0    0     0  1640 9477 11652 25  7 57 11  0  0
 2  2      0 10487564 301560 7281948    0    0     0  1356 5783 8763 17  3 63 18  0  0
 1  1      0 10466208 301568 7286064    0    0     0   316 18252 30589 21  8 66  5  0  0
 1  1      0 10476888 301584 7286020    0    0     0   956 6301 15716 15  2 71 12  0  0
 1  1      0 10491888 301616 7285952    0    0     0   852 4733 6018 13  2 74 12  0  0
 1  1      0 10512244 301628 7281784    0    0     0   880 10572 19736 22  3 66 10  0  0
 1  1      0 10518168 301652 7281732    0    0     0   800 9618 14870 14  2 73 12  0  0
procs ----------mémoire---------- -échange- -----io---- -système- ------cpu--------
 r  b   swpd  libre tampon  cache   si   so    bi    bo   in   cs us sy id wa st gu
 2  1      0 10555124 301684 7281668    0    0     0   880 16345 19177 18  4 67 10  0  0
 1  1      0 10560376 301712 7281604    0    0     0   912 13745 8767 15  2 71 11  0  0
 1  1      0 10544144 301732 7281592    0    0     0   868 19418 22032 22  3 65 10  0  0
 2  1      0 10546104 301744 7281544    0    0     0   696 6422 12995 14  2 73 12  0  0
 1  1      0 10552644 301752 7281400    0    0     0   636 3954 5129 14  1 69 16  0  0
 1  1      0 10568584 301760 7281376    0    0     0   604 7043 15595 15  2 72 12  0  0
 1  1      0 10561692 301764 7281336    0    0     0   500 10416 5926 14  1 73 12  0  0
 1  1      0 10541488 301768 7281292    0    0     0   528 18196 20831 21  3 65 10  0  0
 1  1      0 10549624 301792 7281220    0    0     0   988 15098 15894 15  2 72 11  0  0
 1  1      0 10559564 301800 7281184    0    0     0   652 14427 16946 16  2 71 11  0  0
 1  1      0 10550596 301800 7281176    0    0     0   636 12235 6993 14  2 73 12  0  0
 1  1      0 10542252 301808 7281132    0    0     0   612 17705 21023 22  3 64 11  0  0
 1  1      0 10545552 301836 7281120    0    0     0   504 12577 12997 14  2 67 18  0  0
 1  1      0 10548112 301848 7281072    0    0     0   800 14116 16548 15  2 71 12  0  0
 1  1      0 10557576 301884 7280952    0    0     0  1136 12642 7430 14  2 70 14  0  0
 1  1      0 10553272 301912 7280880    0    0     0   908 18630 23013 22  3 66 10  0  0
 4  0      0 10543996 301932 7284644    0    0     0   904 6967 14478 14  2 73 11  0  0
 0  2      0 10542544 301932 7284776    0    0     0  2600 7692 13893  8  6 68 17  0  0
