--- 2026-06-04_07:20:03 ---
--- 2026-06-04_07:20:05 ---
--- 2026-06-04_07:20:07 ---
--- 2026-06-04_07:20:09 ---
--- 2026-06-04_07:20:11 ---
NAME           CPU %     MEM USAGE / LIMIT     MEM %
servidor_hqc   100.04%   3.867MiB / 23.32GiB   0.02%
--- 2026-06-04_07:20:14 ---
NAME           CPU %     MEM USAGE / LIMIT     MEM %
servidor_hqc   100.13%   3.867MiB / 23.32GiB   0.02%
--- 2026-06-04_07:20:17 ---
NAME           CPU %     MEM USAGE / LIMIT     MEM %
servidor_hqc   100.07%   3.812MiB / 23.32GiB   0.02%
--- 2026-06-04_07:20:20 ---
NAME           CPU %     MEM USAGE / LIMIT     MEM %
cliente_hqc1   75.42%    5.344MiB / 23.32GiB   0.02%
servidor_hqc   129.45%   7.285MiB / 23.32GiB   0.03%
cliente_hqc2   71.97%    3.004MiB / 23.32GiB   0.01%
--- 2026-06-04_07:20:25 ---
NAME           CPU %     MEM USAGE / LIMIT     MEM %
cliente_hqc3   70.64%    4.312MiB / 23.32GiB   0.02%
cliente_hqc2   72.10%    4.574MiB / 23.32GiB   0.02%
cliente_hqc1   70.84%    5.086MiB / 23.32GiB   0.02%
servidor_hqc   185.70%   9.078MiB / 23.32GiB   0.04%
cliente_hqc4   70.57%    4.762MiB / 23.32GiB   0.02%
--- 2026-06-04_07:20:30 ---
NAME           CPU %     MEM USAGE / LIMIT     MEM %
cliente_hqc5   68.25%    5.051MiB / 23.32GiB   0.02%
cliente_hqc4   69.86%    4.906MiB / 23.32GiB   0.02%
cliente_hqc3   71.31%    4.461MiB / 23.32GiB   0.02%
cliente_hqc2   64.79%    4.723MiB / 23.32GiB   0.02%
cliente_hqc1   67.42%    4.137MiB / 23.32GiB   0.02%
servidor_hqc   253.48%   10.59MiB / 23.32GiB   0.04%
cliente_hqc6   65.39%    4.652MiB / 23.32GiB   0.02%
--- 2026-06-04_07:20:35 ---
NAME           CPU %     MEM USAGE / LIMIT     MEM %
cliente_hqc7   56.55%    4.355MiB / 23.32GiB   0.02%
cliente_hqc6   58.87%    4.977MiB / 23.32GiB   0.02%
cliente_hqc5   62.15%    4.547MiB / 23.32GiB   0.02%
cliente_hqc4   65.35%    4.609MiB / 23.32GiB   0.02%
cliente_hqc3   55.13%    4.086MiB / 23.32GiB   0.02%
cliente_hqc2   55.60%    2.133MiB / 23.32GiB   0.01%
cliente_hqc1   55.90%    4.586MiB / 23.32GiB   0.02%
servidor_hqc   263.92%   10.64MiB / 23.32GiB   0.04%
cliente_hqc8   63.13%    4.227MiB / 23.32GiB   0.02%
--- 2026-06-04_07:20:40 ---
NAME            CPU %     MEM USAGE / LIMIT     MEM %
cliente_hqc9    51.10%    4.758MiB / 23.32GiB   0.02%
cliente_hqc8    43.22%    5.125MiB / 23.32GiB   0.02%
cliente_hqc7    44.36%    4.609MiB / 23.32GiB   0.02%
cliente_hqc6    54.33%    4.562MiB / 23.32GiB   0.02%
cliente_hqc5    45.18%    3.461MiB / 23.32GiB   0.01%
cliente_hqc4    45.52%    4.188MiB / 23.32GiB   0.02%
cliente_hqc3    47.68%    3.93MiB / 23.32GiB    0.02%
cliente_hqc2    54.47%    4.277MiB / 23.32GiB   0.02%
cliente_hqc1    51.39%    4.352MiB / 23.32GiB   0.02%
servidor_hqc    281.44%   11.25MiB / 23.32GiB   0.05%
cliente_hqc10   52.40%    4.562MiB / 23.32GiB   0.02%
--- 2026-06-04_07:20:46 ---
NAME            CPU %     MEM USAGE / LIMIT     MEM %
cliente_hqc11   40.88%    4.383MiB / 23.32GiB   0.02%
cliente_hqc10   31.10%    2.066MiB / 23.32GiB   0.01%
cliente_hqc9    44.55%    1.785MiB / 23.32GiB   0.01%
cliente_hqc8    37.63%    4.348MiB / 23.32GiB   0.02%
cliente_hqc7    41.34%    2.195MiB / 23.32GiB   0.01%
cliente_hqc6    46.09%    1.543MiB / 23.32GiB   0.01%
cliente_hqc5    39.93%    4.379MiB / 23.32GiB   0.02%
cliente_hqc4    35.52%    4.785MiB / 23.32GiB   0.02%
cliente_hqc3    41.76%    4.324MiB / 23.32GiB   0.02%
cliente_hqc2    54.78%    4.008MiB / 23.32GiB   0.02%
cliente_hqc1    34.09%    4.316MiB / 23.32GiB   0.02%
servidor_hqc    267.09%   12.01MiB / 23.32GiB   0.05%
cliente_hqc12   39.55%    4.594MiB / 23.32GiB   0.02%
--- 2026-06-04_07:20:51 ---
NAME            CPU %     MEM USAGE / LIMIT     MEM %
cliente_hqc13   30.33%    4.422MiB / 23.32GiB   0.02%
cliente_hqc12   34.11%    4.434MiB / 23.32GiB   0.02%
cliente_hqc11   31.45%    4.312MiB / 23.32GiB   0.02%
cliente_hqc10   36.27%    4.344MiB / 23.32GiB   0.02%
cliente_hqc9    31.67%    4.211MiB / 23.32GiB   0.02%
cliente_hqc8    41.09%    4.355MiB / 23.32GiB   0.02%
cliente_hqc7    36.05%    4.195MiB / 23.32GiB   0.02%
cliente_hqc6    42.47%    4.523MiB / 23.32GiB   0.02%
cliente_hqc5    35.95%    4.539MiB / 23.32GiB   0.02%
cliente_hqc4    43.93%    4.445MiB / 23.32GiB   0.02%
cliente_hqc3    35.42%    4.477MiB / 23.32GiB   0.02%
cliente_hqc2    35.31%    2.594MiB / 23.32GiB   0.01%
cliente_hqc1    32.37%    4.203MiB / 23.32GiB   0.02%
servidor_hqc    246.22%   13.5MiB / 23.32GiB    0.06%
cliente_hqc14   30.07%    3.992MiB / 23.32GiB   0.02%
--- 2026-06-04_07:20:56 ---
NAME            CPU %     MEM USAGE / LIMIT     MEM %
cliente_hqc15   30.01%    4.207MiB / 23.32GiB   0.02%
cliente_hqc14   33.84%    4.523MiB / 23.32GiB   0.02%
cliente_hqc13   20.65%    4.098MiB / 23.32GiB   0.02%
cliente_hqc12   22.61%    3.629MiB / 23.32GiB   0.02%
cliente_hqc11   30.34%    4.223MiB / 23.32GiB   0.02%
cliente_hqc10   34.61%    4.312MiB / 23.32GiB   0.02%
cliente_hqc9    42.46%    1.199MiB / 23.32GiB   0.01%
cliente_hqc8    21.27%    4.527MiB / 23.32GiB   0.02%
cliente_hqc7    31.46%    4.477MiB / 23.32GiB   0.02%
cliente_hqc6    37.68%    4.277MiB / 23.32GiB   0.02%
cliente_hqc5    19.44%    3.527MiB / 23.32GiB   0.01%
cliente_hqc4    35.33%    4.34MiB / 23.32GiB    0.02%
cliente_hqc3    35.81%    4.172MiB / 23.32GiB   0.02%
cliente_hqc2    39.92%    4.082MiB / 23.32GiB   0.02%
cliente_hqc1    24.69%    4.102MiB / 23.32GiB   0.02%
servidor_hqc    268.47%   14.36MiB / 23.32GiB   0.06%
cliente_hqc16   28.86%    4.293MiB / 23.32GiB   0.02%
--- 2026-06-04_07:21:01 ---
NAME            CPU %     MEM USAGE / LIMIT     MEM %
cliente_hqc17   24.01%    4.07MiB / 23.32GiB    0.02%
cliente_hqc16   23.88%    4.426MiB / 23.32GiB   0.02%
cliente_hqc15   15.95%    4.164MiB / 23.32GiB   0.02%
cliente_hqc14   24.50%    2.77MiB / 23.32GiB    0.01%
cliente_hqc13   28.83%    3.945MiB / 23.32GiB   0.02%
cliente_hqc12   18.78%    4.066MiB / 23.32GiB   0.02%
cliente_hqc11   29.32%    4.066MiB / 23.32GiB   0.02%
cliente_hqc10   28.79%    4.137MiB / 23.32GiB   0.02%
cliente_hqc9    39.13%    4.09MiB / 23.32GiB    0.02%
cliente_hqc8    24.64%    4.688MiB / 23.32GiB   0.02%
cliente_hqc7    29.76%    4.398MiB / 23.32GiB   0.02%
cliente_hqc6    15.45%    4.059MiB / 23.32GiB   0.02%
cliente_hqc5    19.60%    4.32MiB / 23.32GiB    0.02%
cliente_hqc4    20.09%    4.004MiB / 23.32GiB   0.02%
cliente_hqc3    26.96%    4.277MiB / 23.32GiB   0.02%
cliente_hqc2    25.76%    4.262MiB / 23.32GiB   0.02%
cliente_hqc1    32.15%    4.465MiB / 23.32GiB   0.02%
servidor_hqc    252.19%   15.81MiB / 23.32GiB   0.07%
cliente_hqc18   30.25%    4.453MiB / 23.32GiB   0.02%
--- 2026-06-04_07:21:07 ---
NAME            CPU %     MEM USAGE / LIMIT     MEM %
cliente_hqc19   31.24%    3.922MiB / 23.32GiB   0.02%
cliente_hqc18   32.64%    3.934MiB / 23.32GiB   0.02%
cliente_hqc17   17.28%    4.098MiB / 23.32GiB   0.02%
cliente_hqc16   19.59%    4.074MiB / 23.32GiB   0.02%
cliente_hqc15   24.62%    4.359MiB / 23.32GiB   0.02%
cliente_hqc14   22.57%    3.191MiB / 23.32GiB   0.01%
cliente_hqc13   24.58%    4.789MiB / 23.32GiB   0.02%
cliente_hqc12   43.36%    4.57MiB / 23.32GiB    0.02%
cliente_hqc11   20.12%    4.059MiB / 23.32GiB   0.02%
cliente_hqc10   23.66%    2.223MiB / 23.32GiB   0.01%
cliente_hqc9    31.50%    4.188MiB / 23.32GiB   0.02%
cliente_hqc8    33.04%    4.121MiB / 23.32GiB   0.02%
cliente_hqc7    31.84%    4.176MiB / 23.32GiB   0.02%
cliente_hqc6    14.95%    4.152MiB / 23.32GiB   0.02%
cliente_hqc5    21.12%    3.246MiB / 23.32GiB   0.01%
cliente_hqc4    19.45%    3.926MiB / 23.32GiB   0.02%
cliente_hqc3    27.47%    1.809MiB / 23.32GiB   0.01%
cliente_hqc2    25.26%    4.109MiB / 23.32GiB   0.02%
cliente_hqc1    16.11%    4.723MiB / 23.32GiB   0.02%
servidor_hqc    244.48%   16.05MiB / 23.32GiB   0.07%
cliente_hqc20   35.11%    4.461MiB / 23.32GiB   0.02%
--- 2026-06-04_07:21:12 ---
NAME            CPU %     MEM USAGE / LIMIT     MEM %
cliente_hqc21   27.00%    4.414MiB / 23.32GiB   0.02%
cliente_hqc20   28.29%    4.52MiB / 23.32GiB    0.02%
cliente_hqc19   20.11%    4.043MiB / 23.32GiB   0.02%
cliente_hqc18   19.58%    4.59MiB / 23.32GiB    0.02%
cliente_hqc17   23.65%    3.934MiB / 23.32GiB   0.02%
cliente_hqc16   19.69%    4.289MiB / 23.32GiB   0.02%
cliente_hqc15   29.03%    4.566MiB / 23.32GiB   0.02%
cliente_hqc14   26.94%    4.547MiB / 23.32GiB   0.02%
cliente_hqc13   20.44%    4.023MiB / 23.32GiB   0.02%
cliente_hqc12   35.43%    4.625MiB / 23.32GiB   0.02%
cliente_hqc11   23.67%    4.066MiB / 23.32GiB   0.02%
cliente_hqc10   15.17%    4.148MiB / 23.32GiB   0.02%
cliente_hqc9    25.23%    3.934MiB / 23.32GiB   0.02%
cliente_hqc8    11.94%    3.938MiB / 23.32GiB   0.02%
cliente_hqc7    33.38%    4.188MiB / 23.32GiB   0.02%
cliente_hqc6    8.43%     3.93MiB / 23.32GiB    0.02%
cliente_hqc5    23.46%    4.184MiB / 23.32GiB   0.02%
cliente_hqc4    19.56%    4.375MiB / 23.32GiB   0.02%
cliente_hqc3    15.84%    4.309MiB / 23.32GiB   0.02%
cliente_hqc2    29.69%    4.074MiB / 23.32GiB   0.02%
cliente_hqc1    14.09%    4.164MiB / 23.32GiB   0.02%
servidor_hqc    251.01%   18.44MiB / 23.32GiB   0.08%
cliente_hqc22   17.10%    4.031MiB / 23.32GiB   0.02%
--- 2026-06-04_07:21:17 ---
NAME            CPU %     MEM USAGE / LIMIT     MEM %
cliente_hqc23   15.12%    4.434MiB / 23.32GiB   0.02%
cliente_hqc22   34.08%    4.109MiB / 23.32GiB   0.02%
cliente_hqc21   15.12%    3.938MiB / 23.32GiB   0.02%
cliente_hqc20   33.86%    4.051MiB / 23.32GiB   0.02%
cliente_hqc19   24.71%    4.43MiB / 23.32GiB    0.02%
cliente_hqc18   14.91%    3.945MiB / 23.32GiB   0.02%
cliente_hqc17   27.48%    4.172MiB / 23.32GiB   0.02%
cliente_hqc16   18.85%    4.051MiB / 23.32GiB   0.02%
cliente_hqc15   13.53%    4.07MiB / 23.32GiB    0.02%
cliente_hqc14   28.22%    4.328MiB / 23.32GiB   0.02%
cliente_hqc13   14.73%    4.535MiB / 23.32GiB   0.02%
cliente_hqc12   27.67%    4.477MiB / 23.32GiB   0.02%
cliente_hqc11   27.44%    4.066MiB / 23.32GiB   0.02%
cliente_hqc10   19.04%    4.324MiB / 23.32GiB   0.02%
cliente_hqc9    29.73%    4.18MiB / 23.32GiB    0.02%
cliente_hqc8    15.70%    3.926MiB / 23.32GiB   0.02%
cliente_hqc7    9.71%     4.191MiB / 23.32GiB   0.02%
cliente_hqc6    27.79%    4.258MiB / 23.32GiB   0.02%
cliente_hqc5    24.85%    4.184MiB / 23.32GiB   0.02%
cliente_hqc4    19.13%    4.285MiB / 23.32GiB   0.02%
cliente_hqc3    13.35%    3.918MiB / 23.32GiB   0.02%
cliente_hqc2    11.33%    4.07MiB / 23.32GiB    0.02%
cliente_hqc1    16.92%    4.094MiB / 23.32GiB   0.02%
servidor_hqc    259.06%   18.89MiB / 23.32GiB   0.08%
cliente_hqc24   31.67%    4.172MiB / 23.32GiB   0.02%
--- 2026-06-04_07:21:24 ---
NAME            CPU %     MEM USAGE / LIMIT     MEM %
cliente_hqc24   35.71%    4.289MiB / 23.32GiB   0.02%
cliente_hqc22   30.96%    4.328MiB / 23.32GiB   0.02%
cliente_hqc21   26.31%    4.172MiB / 23.32GiB   0.02%
cliente_hqc20   20.84%    4.191MiB / 23.32GiB   0.02%
cliente_hqc19   28.35%    3.934MiB / 23.32GiB   0.02%
cliente_hqc18   14.20%    4.418MiB / 23.32GiB   0.02%
cliente_hqc16   9.91%     3.918MiB / 23.32GiB   0.02%
cliente_hqc15   10.60%    3.93MiB / 23.32GiB    0.02%
cliente_hqc14   25.89%    4.266MiB / 23.32GiB   0.02%
cliente_hqc13   23.66%    4.074MiB / 23.32GiB   0.02%
cliente_hqc12   14.74%    4.141MiB / 23.32GiB   0.02%
cliente_hqc11   26.00%    4.066MiB / 23.32GiB   0.02%
cliente_hqc10   21.66%    4.312MiB / 23.32GiB   0.02%
cliente_hqc9    37.20%    4.488MiB / 23.32GiB   0.02%
cliente_hqc8    19.90%    4.082MiB / 23.32GiB   0.02%
cliente_hqc7    30.15%    4.059MiB / 23.32GiB   0.02%
cliente_hqc6    15.23%    4.48MiB / 23.32GiB    0.02%
cliente_hqc5    14.96%    4.066MiB / 23.32GiB   0.02%
cliente_hqc3    32.38%    2.656MiB / 23.32GiB   0.01%
cliente_hqc1    30.13%    4.41MiB / 23.32GiB    0.02%
servidor_hqc    264.63%   20.72MiB / 23.32GiB   0.09%
cliente_hqc25   35.32%    3.945MiB / 23.32GiB   0.02%
--- 2026-06-04_07:21:31 ---
NAME            CPU %     MEM USAGE / LIMIT     MEM %
cliente_hqc26   18.02%    3.926MiB / 23.32GiB   0.02%
cliente_hqc25   24.07%    4.391MiB / 23.32GiB   0.02%
cliente_hqc24   25.23%    4.363MiB / 23.32GiB   0.02%
cliente_hqc22   18.87%    4.293MiB / 23.32GiB   0.02%
cliente_hqc21   19.32%    3.945MiB / 23.32GiB   0.02%
cliente_hqc20   33.21%    3.41MiB / 23.32GiB    0.01%
cliente_hqc19   15.97%    4.055MiB / 23.32GiB   0.02%
cliente_hqc18   27.63%    4.059MiB / 23.32GiB   0.02%
cliente_hqc16   18.65%    4.324MiB / 23.32GiB   0.02%
cliente_hqc15   17.62%    3.93MiB / 23.32GiB    0.02%
cliente_hqc14   15.32%    4.695MiB / 23.32GiB   0.02%
cliente_hqc13   27.35%    4.066MiB / 23.32GiB   0.02%
cliente_hqc12   18.51%    4.09MiB / 23.32GiB    0.02%
cliente_hqc11   21.58%    3.922MiB / 23.32GiB   0.02%
cliente_hqc10   18.87%    4.07MiB / 23.32GiB    0.02%
cliente_hqc9    21.31%    4.293MiB / 23.32GiB   0.02%
cliente_hqc8    26.74%    4.145MiB / 23.32GiB   0.02%
cliente_hqc7    28.09%    4.402MiB / 23.32GiB   0.02%
cliente_hqc6    26.77%    3.242MiB / 23.32GiB   0.01%
cliente_hqc5    27.25%    3.41MiB / 23.32GiB    0.01%
cliente_hqc3    31.60%    3.969MiB / 23.32GiB   0.02%
cliente_hqc1    24.31%    4.305MiB / 23.32GiB   0.02%
servidor_hqc    247.07%   21.16MiB / 23.32GiB   0.09%
--- 2026-06-04_07:21:35 ---
NAME            CPU %     MEM USAGE / LIMIT     MEM %
cliente_hqc27   14.18%    4.176MiB / 23.32GiB   0.02%
cliente_hqc26   25.23%    4.414MiB / 23.32GiB   0.02%
cliente_hqc25   14.90%    4.582MiB / 23.32GiB   0.02%
cliente_hqc24   22.00%    4.184MiB / 23.32GiB   0.02%
cliente_hqc22   22.01%    4.301MiB / 23.32GiB   0.02%
cliente_hqc21   24.05%    3.324MiB / 23.32GiB   0.01%
cliente_hqc20   25.48%    4.203MiB / 23.32GiB   0.02%
cliente_hqc19   20.06%    4.25MiB / 23.32GiB    0.02%
cliente_hqc18   14.50%    2.828MiB / 23.32GiB   0.01%
cliente_hqc16   20.40%    4.258MiB / 23.32GiB   0.02%
cliente_hqc15   24.64%    4.184MiB / 23.32GiB   0.02%
cliente_hqc14   25.63%    4.43MiB / 23.32GiB    0.02%
cliente_hqc13   29.08%    4.145MiB / 23.32GiB   0.02%
cliente_hqc12   21.01%    4.324MiB / 23.32GiB   0.02%
cliente_hqc11   14.57%    4.309MiB / 23.32GiB   0.02%
cliente_hqc10   18.38%    4.094MiB / 23.32GiB   0.02%
cliente_hqc9    10.56%    4.328MiB / 23.32GiB   0.02%
cliente_hqc8    24.01%    4.066MiB / 23.32GiB   0.02%
cliente_hqc7    25.77%    4.195MiB / 23.32GiB   0.02%
cliente_hqc6    29.47%    4.32MiB / 23.32GiB    0.02%
cliente_hqc5    14.86%    3.934MiB / 23.32GiB   0.02%
cliente_hqc3    20.62%    4.359MiB / 23.32GiB   0.02%
cliente_hqc1    26.23%    3.93MiB / 23.32GiB    0.02%
servidor_hqc    241.98%   22.3MiB / 23.32GiB    0.09%
cliente_hqc28   25.04%    3.926MiB / 23.32GiB   0.02%
--- 2026-06-04_07:21:41 ---
NAME            CPU %     MEM USAGE / LIMIT     MEM %
cliente_hqc29   20.90%    4.102MiB / 23.32GiB   0.02%
cliente_hqc28   29.40%    4.859MiB / 23.32GiB   0.02%
cliente_hqc27   19.73%    3.664MiB / 23.32GiB   0.02%
cliente_hqc26   18.88%    4.32MiB / 23.32GiB    0.02%
cliente_hqc25   17.38%    4.191MiB / 23.32GiB   0.02%
cliente_hqc24   20.86%    4.301MiB / 23.32GiB   0.02%
cliente_hqc22   21.20%    4.316MiB / 23.32GiB   0.02%
cliente_hqc21   21.19%    4.352MiB / 23.32GiB   0.02%
cliente_hqc20   12.12%    3.934MiB / 23.32GiB   0.02%
cliente_hqc19   20.57%    4.172MiB / 23.32GiB   0.02%
cliente_hqc18   22.90%    3.941MiB / 23.32GiB   0.02%
cliente_hqc15   22.43%    4.359MiB / 23.32GiB   0.02%
cliente_hqc13   19.09%    4.195MiB / 23.32GiB   0.02%
cliente_hqc12   20.44%    4.25MiB / 23.32GiB    0.02%
cliente_hqc11   24.40%    4.199MiB / 23.32GiB   0.02%
cliente_hqc10   12.38%    4.434MiB / 23.32GiB   0.02%
cliente_hqc9    14.15%    3.973MiB / 23.32GiB   0.02%
cliente_hqc8    28.73%    4.523MiB / 23.32GiB   0.02%
cliente_hqc7    25.55%    4.316MiB / 23.32GiB   0.02%
cliente_hqc6    23.51%    4.078MiB / 23.32GiB   0.02%
cliente_hqc5    17.23%    3.949MiB / 23.32GiB   0.02%
cliente_hqc3    14.88%    3.922MiB / 23.32GiB   0.02%
cliente_hqc1    15.05%    4.301MiB / 23.32GiB   0.02%
servidor_hqc    242.84%   23.02MiB / 23.32GiB   0.10%
cliente_hqc30   6.79%     4.164MiB / 23.32GiB   0.02%
--- 2026-06-04_07:21:49 ---
NAME            CPU %     MEM USAGE / LIMIT     MEM %
cliente_hqc31   15.35%    4.367MiB / 23.32GiB   0.02%
cliente_hqc30   7.02%     3.219MiB / 23.32GiB   0.01%
cliente_hqc29   31.44%    3.934MiB / 23.32GiB   0.02%
cliente_hqc28   14.35%    4.309MiB / 23.32GiB   0.02%
cliente_hqc27   16.75%    3.746MiB / 23.32GiB   0.02%
cliente_hqc26   31.25%    4.168MiB / 23.32GiB   0.02%
cliente_hqc25   20.30%    4.109MiB / 23.32GiB   0.02%
cliente_hqc24   6.20%     3.93MiB / 23.32GiB    0.02%
cliente_hqc22   15.12%    4.168MiB / 23.32GiB   0.02%
cliente_hqc21   19.32%    3.473MiB / 23.32GiB   0.01%
cliente_hqc20   20.89%    4.156MiB / 23.32GiB   0.02%
cliente_hqc19   13.77%    4.094MiB / 23.32GiB   0.02%
cliente_hqc18   15.09%    4.059MiB / 23.32GiB   0.02%
cliente_hqc15   18.79%    4.301MiB / 23.32GiB   0.02%
cliente_hqc13   9.72%     4.059MiB / 23.32GiB   0.02%
cliente_hqc12   25.95%    4.18MiB / 23.32GiB    0.02%
cliente_hqc11   11.61%    4.059MiB / 23.32GiB   0.02%
cliente_hqc10   18.24%    4.105MiB / 23.32GiB   0.02%
cliente_hqc9    25.74%    3.684MiB / 23.32GiB   0.02%
cliente_hqc8    17.85%    3.926MiB / 23.32GiB   0.02%
cliente_hqc7    16.15%    4.02MiB / 23.32GiB    0.02%
cliente_hqc6    24.94%    3.902MiB / 23.32GiB   0.02%
cliente_hqc5    20.83%    4.176MiB / 23.32GiB   0.02%
cliente_hqc3    25.69%    4.16MiB / 23.32GiB    0.02%
cliente_hqc1    28.29%    4.168MiB / 23.32GiB   0.02%
servidor_hqc    253.44%   23.66MiB / 23.32GiB   0.10%
cliente_hqc32   23.68%    4.262MiB / 23.32GiB   0.02%
--- 2026-06-04_07:21:55 ---
NAME            CPU %     MEM USAGE / LIMIT     MEM %
cliente_hqc33   22.99%    4.078MiB / 23.32GiB   0.02%
cliente_hqc32   22.89%    4.078MiB / 23.32GiB   0.02%
cliente_hqc31   22.99%    3.961MiB / 23.32GiB   0.02%
cliente_hqc29   20.81%    4.062MiB / 23.32GiB   0.02%
cliente_hqc28   23.12%    4.086MiB / 23.32GiB   0.02%
cliente_hqc27   16.46%    4.18MiB / 23.32GiB    0.02%
cliente_hqc26   25.83%    4.574MiB / 23.32GiB   0.02%
cliente_hqc22   22.71%    4.348MiB / 23.32GiB   0.02%
cliente_hqc20   15.10%    3.93MiB / 23.32GiB    0.02%
cliente_hqc18   18.73%    4.188MiB / 23.32GiB   0.02%
cliente_hqc15   20.44%    2.082MiB / 23.32GiB   0.01%
cliente_hqc13   9.96%     848KiB / 23.32GiB     0.00%
cliente_hqc12   35.23%    4.195MiB / 23.32GiB   0.02%
cliente_hqc11   22.56%    4.207MiB / 23.32GiB   0.02%
cliente_hqc9    14.13%    4.066MiB / 23.32GiB   0.02%
cliente_hqc8    33.47%    3.637MiB / 23.32GiB   0.02%
cliente_hqc7    27.88%    4.289MiB / 23.32GiB   0.02%
cliente_hqc6    14.53%    4.082MiB / 23.32GiB   0.02%
cliente_hqc5    9.44%     4.281MiB / 23.32GiB   0.02%
cliente_hqc3    21.13%    4.418MiB / 23.32GiB   0.02%
cliente_hqc1    19.67%    4.066MiB / 23.32GiB   0.02%
servidor_hqc    256.09%   24.67MiB / 23.32GiB   0.10%
cliente_hqc34   16.96%    4.453MiB / 23.32GiB   0.02%
--- 2026-06-04_07:22:10 ---
NAME            CPU %     MEM USAGE / LIMIT     MEM %
cliente_hqc35   13.55%    4.062MiB / 23.32GiB   0.02%
cliente_hqc34   28.98%    4.473MiB / 23.32GiB   0.02%
cliente_hqc33   10.00%    4.066MiB / 23.32GiB   0.02%
cliente_hqc32   26.88%    4.547MiB / 23.32GiB   0.02%
cliente_hqc31   9.94%     4.07MiB / 23.32GiB    0.02%
cliente_hqc29   32.18%    4.562MiB / 23.32GiB   0.02%
cliente_hqc28   20.71%    4.18MiB / 23.32GiB    0.02%
cliente_hqc27   16.77%    3.926MiB / 23.32GiB   0.02%
cliente_hqc26   20.42%    3.922MiB / 23.32GiB   0.02%
cliente_hqc22   27.69%    4.148MiB / 23.32GiB   0.02%
cliente_hqc20   23.79%    4.172MiB / 23.32GiB   0.02%
cliente_hqc18   10.73%    4.098MiB / 23.32GiB   0.02%
cliente_hqc15   22.82%    4.445MiB / 23.32GiB   0.02%
cliente_hqc13   26.10%    4.449MiB / 23.32GiB   0.02%
cliente_hqc12   14.50%    4.191MiB / 23.32GiB   0.02%
cliente_hqc11   24.64%    3.918MiB / 23.32GiB   0.02%
cliente_hqc9    19.29%    4.328MiB / 23.32GiB   0.02%
cliente_hqc8    29.51%    4.516MiB / 23.32GiB   0.02%
cliente_hqc7    17.16%    4.223MiB / 23.32GiB   0.02%
cliente_hqc6    9.83%     4.305MiB / 23.32GiB   0.02%
cliente_hqc5    19.95%    1.379MiB / 23.32GiB   0.01%
cliente_hqc3    17.26%    4.43MiB / 23.32GiB    0.02%
cliente_hqc1    28.94%    4.285MiB / 23.32GiB   0.02%
servidor_hqc    239.15%   25.98MiB / 23.32GiB   0.11%
cliente_hqc36   21.16%    3.449MiB / 23.32GiB   0.01%
--- 2026-06-04_07:22:15 ---
NAME            CPU %     MEM USAGE / LIMIT     MEM %
cliente_hqc37   24.71%    4.328MiB / 23.32GiB   0.02%
cliente_hqc36   20.73%    4.113MiB / 23.32GiB   0.02%
cliente_hqc35   12.99%    4.062MiB / 23.32GiB   0.02%
cliente_hqc34   18.92%    4.555MiB / 23.32GiB   0.02%
cliente_hqc33   12.54%    4.359MiB / 23.32GiB   0.02%
cliente_hqc32   16.29%    4.129MiB / 23.32GiB   0.02%
cliente_hqc31   15.64%    3.93MiB / 23.32GiB    0.02%
cliente_hqc29   15.77%    4.141MiB / 23.32GiB   0.02%
cliente_hqc28   24.34%    3.938MiB / 23.32GiB   0.02%
cliente_hqc27   28.25%    4.078MiB / 23.32GiB   0.02%
cliente_hqc26   14.31%    1.438MiB / 23.32GiB   0.01%
cliente_hqc22   28.03%    4.316MiB / 23.32GiB   0.02%
cliente_hqc20   13.08%    4.051MiB / 23.32GiB   0.02%
cliente_hqc18   25.65%    4.02MiB / 23.32GiB    0.02%
cliente_hqc15   13.44%    4.094MiB / 23.32GiB   0.02%
cliente_hqc13   18.21%    4.281MiB / 23.32GiB   0.02%
cliente_hqc12   24.51%    4.266MiB / 23.32GiB   0.02%
cliente_hqc11   11.92%    4.309MiB / 23.32GiB   0.02%
cliente_hqc9    18.76%    3.918MiB / 23.32GiB   0.02%
cliente_hqc8    16.99%    4.328MiB / 23.32GiB   0.02%
cliente_hqc7    14.59%    3.93MiB / 23.32GiB    0.02%
cliente_hqc6    23.88%    4.621MiB / 23.32GiB   0.02%
cliente_hqc5    36.61%    4.066MiB / 23.32GiB   0.02%
cliente_hqc3    26.67%    4.121MiB / 23.32GiB   0.02%
cliente_hqc1    4.09%     4.098MiB / 23.32GiB   0.02%
servidor_hqc    236.69%   25.36MiB / 23.32GiB   0.11%
cliente_hqc38   24.28%    2.004MiB / 23.32GiB   0.01%
--- 2026-06-04_07:22:20 ---
NAME            CPU %     MEM USAGE / LIMIT     MEM %
cliente_hqc38   25.64%    4.059MiB / 23.32GiB   0.02%
cliente_hqc37   10.06%    4.316MiB / 23.32GiB   0.02%
cliente_hqc36   25.84%    3.938MiB / 23.32GiB   0.02%
cliente_hqc35   17.03%    3.926MiB / 23.32GiB   0.02%
cliente_hqc34   21.90%    4.188MiB / 23.32GiB   0.02%
cliente_hqc33   27.35%    4.184MiB / 23.32GiB   0.02%
cliente_hqc32   19.87%    4.309MiB / 23.32GiB   0.02%
cliente_hqc31   20.05%    4.043MiB / 23.32GiB   0.02%
cliente_hqc29   20.27%    4.188MiB / 23.32GiB   0.02%
cliente_hqc28   21.56%    4.082MiB / 23.32GiB   0.02%
cliente_hqc27   15.26%    1.785MiB / 23.32GiB   0.01%
cliente_hqc22   18.20%    4.012MiB / 23.32GiB   0.02%
cliente_hqc20   23.54%    3.93MiB / 23.32GiB    0.02%
cliente_hqc18   29.83%    4.324MiB / 23.32GiB   0.02%
cliente_hqc15   20.87%    4.27MiB / 23.32GiB    0.02%
cliente_hqc13   23.49%    4.043MiB / 23.32GiB   0.02%
cliente_hqc12   23.03%    4.805MiB / 23.32GiB   0.02%
cliente_hqc11   20.09%    3.984MiB / 23.32GiB   0.02%
cliente_hqc9    15.54%    4.25MiB / 23.32GiB    0.02%
cliente_hqc7    27.49%    4.273MiB / 23.32GiB   0.02%
cliente_hqc6    20.66%    4.09MiB / 23.32GiB    0.02%
cliente_hqc5    19.04%    4.113MiB / 23.32GiB   0.02%
cliente_hqc3    14.00%    4.094MiB / 23.32GiB   0.02%
cliente_hqc1    22.90%    4.277MiB / 23.32GiB   0.02%
servidor_hqc    254.93%   26.56MiB / 23.32GiB   0.11%
--- 2026-06-04_07:22:29 ---
NAME            CPU %     MEM USAGE / LIMIT     MEM %
cliente_hqc40   16.77%    3.98MiB / 23.32GiB    0.02%
cliente_hqc38   21.92%    3.293MiB / 23.32GiB   0.01%
cliente_hqc37   19.46%    3.938MiB / 23.32GiB   0.02%
cliente_hqc36   14.77%    1.941MiB / 23.32GiB   0.01%
cliente_hqc35   15.71%    4.051MiB / 23.32GiB   0.02%
cliente_hqc34   13.76%    4.004MiB / 23.32GiB   0.02%
cliente_hqc33   23.46%    4.059MiB / 23.32GiB   0.02%
cliente_hqc32   18.24%    3.988MiB / 23.32GiB   0.02%
cliente_hqc31   20.55%    4.023MiB / 23.32GiB   0.02%
cliente_hqc29   14.31%    4.25MiB / 23.32GiB    0.02%
cliente_hqc28   15.49%    3.918MiB / 23.32GiB   0.02%
cliente_hqc27   13.83%    4.559MiB / 23.32GiB   0.02%
cliente_hqc22   33.61%    4.207MiB / 23.32GiB   0.02%
cliente_hqc20   24.21%    4.074MiB / 23.32GiB   0.02%
cliente_hqc18   10.08%    3.914MiB / 23.32GiB   0.02%
cliente_hqc15   21.77%    4.094MiB / 23.32GiB   0.02%
cliente_hqc13   23.26%    4.105MiB / 23.32GiB   0.02%
cliente_hqc12   19.29%    3.93MiB / 23.32GiB    0.02%
cliente_hqc11   19.97%    4.176MiB / 23.32GiB   0.02%
cliente_hqc9    18.24%    3.723MiB / 23.32GiB   0.02%
cliente_hqc7    22.78%    4.184MiB / 23.32GiB   0.02%
cliente_hqc6    13.54%    4.176MiB / 23.32GiB   0.02%
cliente_hqc5    12.23%    4.188MiB / 23.32GiB   0.02%
cliente_hqc3    19.36%    3.93MiB / 23.32GiB    0.02%
cliente_hqc1    25.11%    4.25MiB / 23.32GiB    0.02%
servidor_hqc    262.54%   26.32MiB / 23.32GiB   0.11%
--- 2026-06-04_07:22:33 ---
NAME            CPU %     MEM USAGE / LIMIT     MEM %
cliente_hqc41   20.70%    4.102MiB / 23.32GiB   0.02%
cliente_hqc38   28.32%    4.629MiB / 23.32GiB   0.02%
cliente_hqc37   24.51%    4.609MiB / 23.32GiB   0.02%
cliente_hqc36   31.73%    3.367MiB / 23.32GiB   0.01%
cliente_hqc35   15.13%    4.078MiB / 23.32GiB   0.02%
cliente_hqc34   25.38%    3.297MiB / 23.32GiB   0.01%
cliente_hqc33   28.53%    4.051MiB / 23.32GiB   0.02%
cliente_hqc32   25.73%    4.309MiB / 23.32GiB   0.02%
cliente_hqc31   9.60%     4.07MiB / 23.32GiB    0.02%
cliente_hqc29   19.97%    4.062MiB / 23.32GiB   0.02%
cliente_hqc27   19.63%    3.922MiB / 23.32GiB   0.02%
cliente_hqc22   20.38%    4.32MiB / 23.32GiB    0.02%
cliente_hqc20   15.56%    4.234MiB / 23.32GiB   0.02%
cliente_hqc18   27.51%    4.113MiB / 23.32GiB   0.02%
cliente_hqc15   10.15%    4.078MiB / 23.32GiB   0.02%
cliente_hqc13   20.71%    4.34MiB / 23.32GiB    0.02%
cliente_hqc12   32.32%    4.414MiB / 23.32GiB   0.02%
cliente_hqc11   26.95%    3.949MiB / 23.32GiB   0.02%
cliente_hqc9    31.14%    2.527MiB / 23.32GiB   0.01%
cliente_hqc7    17.91%    4.383MiB / 23.32GiB   0.02%
cliente_hqc5    15.97%    3.938MiB / 23.32GiB   0.02%
cliente_hqc3    19.58%    4.078MiB / 23.32GiB   0.02%
servidor_hqc    246.67%   26.19MiB / 23.32GiB   0.11%
--- 2026-06-04_07:22:42 ---
NAME            CPU %     MEM USAGE / LIMIT     MEM %
cliente_hqc42   19.11%    3.93MiB / 23.32GiB    0.02%
cliente_hqc41   9.48%     3.926MiB / 23.32GiB   0.02%
cliente_hqc38   17.06%    4.07MiB / 23.32GiB    0.02%
cliente_hqc37   13.52%    4.172MiB / 23.32GiB   0.02%
cliente_hqc36   25.23%    4.062MiB / 23.32GiB   0.02%
cliente_hqc35   19.97%    4.062MiB / 23.32GiB   0.02%
cliente_hqc34   21.10%    4.312MiB / 23.32GiB   0.02%
cliente_hqc33   19.85%    4.07MiB / 23.32GiB    0.02%
cliente_hqc32   21.12%    4.07MiB / 23.32GiB    0.02%
cliente_hqc31   19.71%    4.059MiB / 23.32GiB   0.02%
cliente_hqc29   9.83%     4.562MiB / 23.32GiB   0.02%
cliente_hqc27   23.00%    4.168MiB / 23.32GiB   0.02%
cliente_hqc22   18.84%    4.32MiB / 23.32GiB    0.02%
cliente_hqc20   12.71%    4.066MiB / 23.32GiB   0.02%
cliente_hqc18   13.66%    4.09MiB / 23.32GiB    0.02%
cliente_hqc15   27.17%    3.844MiB / 23.32GiB   0.02%
cliente_hqc13   24.43%    3.867MiB / 23.32GiB   0.02%
cliente_hqc12   21.55%    4.105MiB / 23.32GiB   0.02%
cliente_hqc11   19.10%    3.922MiB / 23.32GiB   0.02%
cliente_hqc9    16.74%    4.129MiB / 23.32GiB   0.02%
cliente_hqc7    18.66%    4.355MiB / 23.32GiB   0.02%
cliente_hqc5    25.39%    3.949MiB / 23.32GiB   0.02%
cliente_hqc3    19.68%    4.062MiB / 23.32GiB   0.02%
servidor_hqc    260.31%   26.72MiB / 23.32GiB   0.11%
cliente_hqc43   16.39%    3.918MiB / 23.32GiB   0.02%
--- 2026-06-04_07:22:48 ---
NAME            CPU %     MEM USAGE / LIMIT     MEM %
cliente_hqc43   17.96%    4.066MiB / 23.32GiB   0.02%
cliente_hqc42   25.75%    3.875MiB / 23.32GiB   0.02%
cliente_hqc41   17.53%    3.277MiB / 23.32GiB   0.01%
cliente_hqc38   18.33%    4.387MiB / 23.32GiB   0.02%
cliente_hqc37   18.09%    3.938MiB / 23.32GiB   0.02%
cliente_hqc36   17.94%    4.305MiB / 23.32GiB   0.02%
cliente_hqc35   13.05%    4.102MiB / 23.32GiB   0.02%
cliente_hqc34   30.82%    4.105MiB / 23.32GiB   0.02%
cliente_hqc33   14.74%    4.211MiB / 23.32GiB   0.02%
cliente_hqc31   14.37%    4.098MiB / 23.32GiB   0.02%
cliente_hqc29   19.12%    3.914MiB / 23.32GiB   0.02%
cliente_hqc27   22.24%    4.078MiB / 23.32GiB   0.02%
cliente_hqc22   12.19%    4.441MiB / 23.32GiB   0.02%
cliente_hqc20   16.04%    3.863MiB / 23.32GiB   0.02%
cliente_hqc18   27.30%    4.07MiB / 23.32GiB    0.02%
cliente_hqc15   28.78%    4.035MiB / 23.32GiB   0.02%
cliente_hqc13   14.68%    3.934MiB / 23.32GiB   0.02%
cliente_hqc12   25.32%    4.289MiB / 23.32GiB   0.02%
cliente_hqc11   25.32%    4.062MiB / 23.32GiB   0.02%
cliente_hqc9    21.40%    4.637MiB / 23.32GiB   0.02%
cliente_hqc7    32.18%    4.164MiB / 23.32GiB   0.02%
cliente_hqc5    17.27%    4.312MiB / 23.32GiB   0.02%
cliente_hqc3    20.92%    4.547MiB / 23.32GiB   0.02%
servidor_hqc    263.31%   26.46MiB / 23.32GiB   0.11%
cliente_hqc44   23.75%    4.195MiB / 23.32GiB   0.02%
--- 2026-06-04_07:22:53 ---
NAME            CPU %     MEM USAGE / LIMIT     MEM %
cliente_hqc45   29.35%    4.32MiB / 23.32GiB    0.02%
cliente_hqc44   15.99%    4.027MiB / 23.32GiB   0.02%
cliente_hqc43   19.71%    4.273MiB / 23.32GiB   0.02%
cliente_hqc42   15.67%    4.293MiB / 23.32GiB   0.02%
cliente_hqc41   14.95%    3.922MiB / 23.32GiB   0.02%
cliente_hqc38   16.08%    3.93MiB / 23.32GiB    0.02%
cliente_hqc37   13.89%    4.191MiB / 23.32GiB   0.02%
cliente_hqc36   19.66%    4.289MiB / 23.32GiB   0.02%
cliente_hqc35   13.64%    4.094MiB / 23.32GiB   0.02%
cliente_hqc34   31.98%    4.047MiB / 23.32GiB   0.02%
cliente_hqc33   19.66%    4.172MiB / 23.32GiB   0.02%
cliente_hqc31   11.59%    4.09MiB / 23.32GiB    0.02%
cliente_hqc29   20.05%    4.156MiB / 23.32GiB   0.02%
cliente_hqc27   25.21%    4.418MiB / 23.32GiB   0.02%
cliente_hqc22   15.37%    3.949MiB / 23.32GiB   0.02%
cliente_hqc20   25.20%    3.977MiB / 23.32GiB   0.02%
cliente_hqc18   26.79%    4.191MiB / 23.32GiB   0.02%
cliente_hqc15   27.02%    3.934MiB / 23.32GiB   0.02%
cliente_hqc13   18.87%    4.094MiB / 23.32GiB   0.02%
cliente_hqc12   23.65%    4.207MiB / 23.32GiB   0.02%
cliente_hqc11   19.21%    3.934MiB / 23.32GiB   0.02%
cliente_hqc9    17.24%    4.297MiB / 23.32GiB   0.02%
cliente_hqc7    19.51%    1.117MiB / 23.32GiB   0.00%
cliente_hqc5    14.03%    4.359MiB / 23.32GiB   0.02%
cliente_hqc3    13.62%    4.074MiB / 23.32GiB   0.02%
servidor_hqc    241.91%   27.89MiB / 23.32GiB   0.12%
--- 2026-06-04_07:22:58 ---
NAME            CPU %     MEM USAGE / LIMIT     MEM %
cliente_hqc46   17.16%    3.941MiB / 23.32GiB   0.02%
cliente_hqc45   19.89%    3.934MiB / 23.32GiB   0.02%
cliente_hqc44   23.10%    4.176MiB / 23.32GiB   0.02%
cliente_hqc43   28.57%    4.133MiB / 23.32GiB   0.02%
cliente_hqc42   23.06%    4.316MiB / 23.32GiB   0.02%
cliente_hqc41   18.68%    4.062MiB / 23.32GiB   0.02%
cliente_hqc38   20.36%    2.48MiB / 23.32GiB    0.01%
cliente_hqc37   25.48%    4.031MiB / 23.32GiB   0.02%
cliente_hqc36   18.26%    1.707MiB / 23.32GiB   0.01%
cliente_hqc35   29.86%    1.211MiB / 23.32GiB   0.01%
cliente_hqc34   12.02%    4.094MiB / 23.32GiB   0.02%
cliente_hqc31   23.35%    3.875MiB / 23.32GiB   0.02%
cliente_hqc29   25.28%    3.898MiB / 23.32GiB   0.02%
cliente_hqc27   25.56%    3.098MiB / 23.32GiB   0.01%
cliente_hqc22   23.55%    4.051MiB / 23.32GiB   0.02%
cliente_hqc20   28.19%    4.168MiB / 23.32GiB   0.02%
cliente_hqc18   25.79%    3.914MiB / 23.32GiB   0.02%
cliente_hqc15   27.62%    3.566MiB / 23.32GiB   0.01%
cliente_hqc11   19.71%    4.309MiB / 23.32GiB   0.02%
cliente_hqc9    24.62%    3.934MiB / 23.32GiB   0.02%
cliente_hqc7    10.19%    4.098MiB / 23.32GiB   0.02%
cliente_hqc5    19.04%    4.07MiB / 23.32GiB    0.02%
cliente_hqc3    15.65%    3.934MiB / 23.32GiB   0.02%
servidor_hqc    229.81%   27.02MiB / 23.32GiB   0.11%
--- 2026-06-04_07:23:04 ---
NAME            CPU %     MEM USAGE / LIMIT     MEM %
cliente_hqc47   13.76%    4.105MiB / 23.32GiB   0.02%
cliente_hqc46   26.23%    4.414MiB / 23.32GiB   0.02%
cliente_hqc45   16.52%    3.93MiB / 23.32GiB    0.02%
cliente_hqc44   20.64%    4.066MiB / 23.32GiB   0.02%
cliente_hqc43   13.82%    4.301MiB / 23.32GiB   0.02%
cliente_hqc42   23.20%    4.18MiB / 23.32GiB    0.02%
cliente_hqc41   15.54%    4.172MiB / 23.32GiB   0.02%
cliente_hqc38   26.05%    4.445MiB / 23.32GiB   0.02%
cliente_hqc37   9.84%     3.922MiB / 23.32GiB   0.02%
cliente_hqc36   24.43%    3.934MiB / 23.32GiB   0.02%
cliente_hqc35   14.76%    4.055MiB / 23.32GiB   0.02%
cliente_hqc34   21.44%    4.691MiB / 23.32GiB   0.02%
cliente_hqc31   12.71%    3.199MiB / 23.32GiB   0.01%
cliente_hqc29   20.14%    4.258MiB / 23.32GiB   0.02%
cliente_hqc27   10.11%    4.309MiB / 23.32GiB   0.02%
cliente_hqc22   9.42%     4.023MiB / 23.32GiB   0.02%
cliente_hqc20   21.10%    4.121MiB / 23.32GiB   0.02%
cliente_hqc18   20.45%    4.07MiB / 23.32GiB    0.02%
cliente_hqc15   13.71%    4.062MiB / 23.32GiB   0.02%
cliente_hqc11   27.02%    4.398MiB / 23.32GiB   0.02%
cliente_hqc9    13.26%    4.059MiB / 23.32GiB   0.02%
cliente_hqc7    35.97%    4.176MiB / 23.32GiB   0.02%
cliente_hqc5    16.61%    4.176MiB / 23.32GiB   0.02%
cliente_hqc3    9.45%     4.07MiB / 23.32GiB    0.02%
servidor_hqc    244.30%   26.82MiB / 23.32GiB   0.11%
--- 2026-06-04_07:23:09 ---
NAME            CPU %     MEM USAGE / LIMIT     MEM %
cliente_hqc48   14.83%    4.613MiB / 23.32GiB   0.02%
cliente_hqc47   15.73%    4.398MiB / 23.32GiB   0.02%
cliente_hqc46   19.53%    4.312MiB / 23.32GiB   0.02%
cliente_hqc45   16.89%    4.066MiB / 23.32GiB   0.02%
cliente_hqc44   16.91%    4.348MiB / 23.32GiB   0.02%
cliente_hqc43   17.12%    4.062MiB / 23.32GiB   0.02%
cliente_hqc42   18.99%    4.188MiB / 23.32GiB   0.02%
cliente_hqc41   17.25%    4.066MiB / 23.32GiB   0.02%
cliente_hqc38   23.90%    4.359MiB / 23.32GiB   0.02%
cliente_hqc37   19.99%    4.172MiB / 23.32GiB   0.02%
cliente_hqc36   11.61%    3.914MiB / 23.32GiB   0.02%
cliente_hqc35   28.96%    4.309MiB / 23.32GiB   0.02%
cliente_hqc34   16.05%    3.926MiB / 23.32GiB   0.02%
cliente_hqc31   29.58%    4.078MiB / 23.32GiB   0.02%
cliente_hqc29   20.11%    3.922MiB / 23.32GiB   0.02%
cliente_hqc27   9.45%     3.938MiB / 23.32GiB   0.02%
cliente_hqc22   13.48%    4.059MiB / 23.32GiB   0.02%
cliente_hqc20   23.66%    4.418MiB / 23.32GiB   0.02%
cliente_hqc18   19.70%    4.113MiB / 23.32GiB   0.02%
cliente_hqc15   19.90%    4.578MiB / 23.32GiB   0.02%
cliente_hqc11   15.33%    4.605MiB / 23.32GiB   0.02%
cliente_hqc9    15.60%    3.91MiB / 23.32GiB    0.02%
cliente_hqc7    29.39%    4.25MiB / 23.32GiB    0.02%
cliente_hqc5    29.61%    4.559MiB / 23.32GiB   0.02%
cliente_hqc3    18.64%    4.414MiB / 23.32GiB   0.02%
servidor_hqc    246.37%   26.59MiB / 23.32GiB   0.11%
cliente_hqc49   19.09%    4.348MiB / 23.32GiB   0.02%
--- 2026-06-04_07:23:14 ---
NAME            CPU %     MEM USAGE / LIMIT     MEM %
cliente_hqc50   26.75%    4.211MiB / 23.32GiB   0.02%
cliente_hqc49   20.14%    4.098MiB / 23.32GiB   0.02%
cliente_hqc48   24.37%    4.23MiB / 23.32GiB    0.02%
cliente_hqc47   26.74%    4.254MiB / 23.32GiB   0.02%
cliente_hqc46   22.43%    4.371MiB / 23.32GiB   0.02%
cliente_hqc45   13.83%    4.07MiB / 23.32GiB    0.02%
cliente_hqc44   14.91%    3.934MiB / 23.32GiB   0.02%
cliente_hqc43   27.10%    4.176MiB / 23.32GiB   0.02%
cliente_hqc42   19.44%    4.586MiB / 23.32GiB   0.02%
cliente_hqc41   18.34%    3.93MiB / 23.32GiB    0.02%
cliente_hqc38   25.51%    4.246MiB / 23.32GiB   0.02%
cliente_hqc37   15.58%    3.934MiB / 23.32GiB   0.02%
cliente_hqc36   27.69%    1.695MiB / 23.32GiB   0.01%
cliente_hqc35   19.38%    4.281MiB / 23.32GiB   0.02%
cliente_hqc34   9.95%     3.914MiB / 23.32GiB   0.02%
cliente_hqc31   15.84%    4.258MiB / 23.32GiB   0.02%
cliente_hqc29   16.29%    4.125MiB / 23.32GiB   0.02%
cliente_hqc27   19.23%    4.078MiB / 23.32GiB   0.02%
cliente_hqc22   18.25%    4.164MiB / 23.32GiB   0.02%
cliente_hqc20   10.01%    4.062MiB / 23.32GiB   0.02%
cliente_hqc18   24.72%    1.258MiB / 23.32GiB   0.01%
cliente_hqc15   9.04%     3.914MiB / 23.32GiB   0.02%
cliente_hqc11   23.25%    4.062MiB / 23.32GiB   0.02%
cliente_hqc9    9.75%     3.926MiB / 23.32GiB   0.02%
cliente_hqc7    19.47%    4.102MiB / 23.32GiB   0.02%
cliente_hqc5    23.57%    4.312MiB / 23.32GiB   0.02%
cliente_hqc3    16.22%    4.18MiB / 23.32GiB    0.02%
servidor_hqc    276.77%   27.09MiB / 23.32GiB   0.11%
--- 2026-06-04_07:23:19 ---
NAME            CPU %     MEM USAGE / LIMIT     MEM %
cliente_hqc50   24.79%    4.383MiB / 23.32GiB   0.02%
cliente_hqc49   28.12%    4.617MiB / 23.32GiB   0.02%
cliente_hqc48   20.05%    4.559MiB / 23.32GiB   0.02%
cliente_hqc47   13.55%    4.328MiB / 23.32GiB   0.02%
cliente_hqc46   30.27%    4.301MiB / 23.32GiB   0.02%
cliente_hqc45   17.36%    4.086MiB / 23.32GiB   0.02%
cliente_hqc44   35.26%    4.07MiB / 23.32GiB    0.02%
cliente_hqc41   13.48%    3.91MiB / 23.32GiB    0.02%
cliente_hqc38   15.28%    4.207MiB / 23.32GiB   0.02%
cliente_hqc37   11.26%    4.316MiB / 23.32GiB   0.02%
cliente_hqc36   25.02%    3.914MiB / 23.32GiB   0.02%
cliente_hqc35   24.88%    4.07MiB / 23.32GiB    0.02%
cliente_hqc34   18.76%    4.285MiB / 23.32GiB   0.02%
cliente_hqc31   18.87%    4.281MiB / 23.32GiB   0.02%
cliente_hqc29   27.66%    4.055MiB / 23.32GiB   0.02%
cliente_hqc27   11.47%    2.984MiB / 23.32GiB   0.01%
cliente_hqc22   30.61%    4.309MiB / 23.32GiB   0.02%
cliente_hqc20   40.18%    4.457MiB / 23.32GiB   0.02%
cliente_hqc18   23.88%    3.926MiB / 23.32GiB   0.02%
cliente_hqc15   19.12%    4.07MiB / 23.32GiB    0.02%
cliente_hqc11   10.20%    4.066MiB / 23.32GiB   0.02%
cliente_hqc9    18.79%    4.172MiB / 23.32GiB   0.02%
cliente_hqc7    20.42%    4.582MiB / 23.32GiB   0.02%
cliente_hqc5    18.98%    3.941MiB / 23.32GiB   0.02%
servidor_hqc    274.67%   27.63MiB / 23.32GiB   0.12%
--- 2026-06-04_07:23:23 ---
NAME            CPU %     MEM USAGE / LIMIT     MEM %
cliente_hqc50   15.16%    3.949MiB / 23.32GiB   0.02%
cliente_hqc49   20.68%    3.914MiB / 23.32GiB   0.02%
cliente_hqc48   25.14%    4.273MiB / 23.32GiB   0.02%
cliente_hqc47   23.82%    4.199MiB / 23.32GiB   0.02%
cliente_hqc46   24.94%    4.242MiB / 23.32GiB   0.02%
cliente_hqc45   19.62%    4.422MiB / 23.32GiB   0.02%
cliente_hqc44   19.47%    4.07MiB / 23.32GiB    0.02%
cliente_hqc41   24.22%    4.285MiB / 23.32GiB   0.02%
cliente_hqc38   18.93%    4.062MiB / 23.32GiB   0.02%
cliente_hqc37   23.84%    4.352MiB / 23.32GiB   0.02%
cliente_hqc36   20.35%    4.062MiB / 23.32GiB   0.02%
cliente_hqc35   15.31%    4.211MiB / 23.32GiB   0.02%
cliente_hqc34   27.35%    3.934MiB / 23.32GiB   0.02%
cliente_hqc31   24.38%    4.168MiB / 23.32GiB   0.02%
cliente_hqc29   28.98%    3.992MiB / 23.32GiB   0.02%
cliente_hqc27   22.57%    3.961MiB / 23.32GiB   0.02%
cliente_hqc22   9.20%     4.09MiB / 23.32GiB    0.02%
cliente_hqc20   27.18%    4.328MiB / 23.32GiB   0.02%
cliente_hqc18   19.19%    4.07MiB / 23.32GiB    0.02%
cliente_hqc15   15.63%    4.484MiB / 23.32GiB   0.02%
cliente_hqc11   23.82%    4.449MiB / 23.32GiB   0.02%
cliente_hqc9    23.71%    4.336MiB / 23.32GiB   0.02%
cliente_hqc7    30.77%    1.707MiB / 23.32GiB   0.01%
cliente_hqc5    19.89%    3.934MiB / 23.32GiB   0.02%
servidor_hqc    248.03%   28.39MiB / 23.32GiB   0.12%
--- 2026-06-04_07:23:28 ---
NAME            CPU %     MEM USAGE / LIMIT     MEM %
cliente_hqc50   23.34%    4.336MiB / 23.32GiB   0.02%
cliente_hqc49   12.44%    3.914MiB / 23.32GiB   0.02%
cliente_hqc48   27.61%    4.18MiB / 23.32GiB    0.02%
cliente_hqc47   23.56%    4.355MiB / 23.32GiB   0.02%
cliente_hqc46   31.79%    4.078MiB / 23.32GiB   0.02%
cliente_hqc45   18.40%    3.93MiB / 23.32GiB    0.02%
cliente_hqc44   12.27%    4.809MiB / 23.32GiB   0.02%
cliente_hqc41   14.98%    4.277MiB / 23.32GiB   0.02%
cliente_hqc38   7.36%     4.605MiB / 23.32GiB   0.02%
cliente_hqc37   13.46%    4.316MiB / 23.32GiB   0.02%
cliente_hqc36   24.07%    4.055MiB / 23.32GiB   0.02%
cliente_hqc35   18.85%    4.168MiB / 23.32GiB   0.02%
cliente_hqc34   23.70%    4.195MiB / 23.32GiB   0.02%
cliente_hqc31   15.98%    3.93MiB / 23.32GiB    0.02%
cliente_hqc29   30.65%    3.812MiB / 23.32GiB   0.02%
cliente_hqc27   13.88%    4.316MiB / 23.32GiB   0.02%
cliente_hqc22   28.82%    3.934MiB / 23.32GiB   0.02%
cliente_hqc20   40.48%    4.09MiB / 23.32GiB    0.02%
cliente_hqc18   17.19%    4.457MiB / 23.32GiB   0.02%
cliente_hqc15   14.80%    2.523MiB / 23.32GiB   0.01%
cliente_hqc11   38.95%    4.258MiB / 23.32GiB   0.02%
cliente_hqc9    14.59%    4.07MiB / 23.32GiB    0.02%
cliente_hqc7    14.59%    4.09MiB / 23.32GiB    0.02%
cliente_hqc5    16.18%    5MiB / 23.32GiB       0.02%
servidor_hqc    254.65%   28.01MiB / 23.32GiB   0.12%
--- 2026-06-04_07:23:32 ---
NAME            CPU %     MEM USAGE / LIMIT     MEM %
cliente_hqc50   15.14%    4MiB / 23.32GiB       0.02%
cliente_hqc49   22.98%    4.312MiB / 23.32GiB   0.02%
cliente_hqc48   17.46%    4.527MiB / 23.32GiB   0.02%
cliente_hqc47   23.98%    4.34MiB / 23.32GiB    0.02%
cliente_hqc46   24.79%    3.965MiB / 23.32GiB   0.02%
cliente_hqc45   34.18%    4.375MiB / 23.32GiB   0.02%
cliente_hqc44   26.57%    4.422MiB / 23.32GiB   0.02%
cliente_hqc41   19.60%    4.348MiB / 23.32GiB   0.02%
cliente_hqc38   25.06%    4.508MiB / 23.32GiB   0.02%
cliente_hqc37   20.57%    3.348MiB / 23.32GiB   0.01%
cliente_hqc36   23.42%    4.094MiB / 23.32GiB   0.02%
cliente_hqc35   17.90%    4.051MiB / 23.32GiB   0.02%
cliente_hqc34   13.71%    4.078MiB / 23.32GiB   0.02%
cliente_hqc31   19.30%    4.066MiB / 23.32GiB   0.02%
cliente_hqc29   16.61%    4.285MiB / 23.32GiB   0.02%
cliente_hqc27   31.57%    4.09MiB / 23.32GiB    0.02%
cliente_hqc22   19.54%    3.934MiB / 23.32GiB   0.02%
cliente_hqc20   25.29%    4.043MiB / 23.32GiB   0.02%
cliente_hqc18   33.38%    4.188MiB / 23.32GiB   0.02%
cliente_hqc15   20.62%    3.93MiB / 23.32GiB    0.02%
cliente_hqc11   9.90%     4.062MiB / 23.32GiB   0.02%
cliente_hqc9    9.91%     4.043MiB / 23.32GiB   0.02%
cliente_hqc7    24.82%    4.176MiB / 23.32GiB   0.02%
cliente_hqc5    22.82%    4.242MiB / 23.32GiB   0.02%
servidor_hqc    269.92%   28.29MiB / 23.32GiB   0.12%
--- 2026-06-04_07:23:36 ---
NAME            CPU %     MEM USAGE / LIMIT     MEM %
cliente_hqc50   25.31%    2.426MiB / 23.32GiB   0.01%
cliente_hqc49   14.10%    4.117MiB / 23.32GiB   0.02%
cliente_hqc48   19.96%    3.938MiB / 23.32GiB   0.02%
cliente_hqc47   18.51%    4.105MiB / 23.32GiB   0.02%
cliente_hqc46   25.77%    4.07MiB / 23.32GiB    0.02%
cliente_hqc45   23.54%    4.145MiB / 23.32GiB   0.02%
cliente_hqc44   29.87%    4.293MiB / 23.32GiB   0.02%
cliente_hqc41   22.69%    2.172MiB / 23.32GiB   0.01%
cliente_hqc38   14.98%    4.07MiB / 23.32GiB    0.02%
cliente_hqc37   14.28%    4.172MiB / 23.32GiB   0.02%
cliente_hqc36   23.66%    3.75MiB / 23.32GiB    0.02%
cliente_hqc35   25.42%    4.051MiB / 23.32GiB   0.02%
cliente_hqc34   18.40%    3.945MiB / 23.32GiB   0.02%
cliente_hqc31   22.59%    4.367MiB / 23.32GiB   0.02%
cliente_hqc29   13.78%    4.418MiB / 23.32GiB   0.02%
cliente_hqc27   30.60%    3.938MiB / 23.32GiB   0.02%
cliente_hqc22   22.01%    3.723MiB / 23.32GiB   0.02%
cliente_hqc20   18.40%    4.098MiB / 23.32GiB   0.02%
cliente_hqc18   20.34%    3.949MiB / 23.32GiB   0.02%
cliente_hqc15   20.01%    4.203MiB / 23.32GiB   0.02%
cliente_hqc11   19.70%    4.312MiB / 23.32GiB   0.02%
cliente_hqc9    23.70%    3.934MiB / 23.32GiB   0.02%
cliente_hqc7    21.99%    4.316MiB / 23.32GiB   0.02%
cliente_hqc5    29.85%    3.992MiB / 23.32GiB   0.02%
servidor_hqc    256.37%   27.68MiB / 23.32GiB   0.12%
--- 2026-06-04_07:23:41 ---
NAME            CPU %     MEM USAGE / LIMIT     MEM %
cliente_hqc50   20.16%    4.293MiB / 23.32GiB   0.02%
cliente_hqc49   23.74%    4.07MiB / 23.32GiB    0.02%
cliente_hqc48   16.98%    4.176MiB / 23.32GiB   0.02%
cliente_hqc47   12.47%    3.207MiB / 23.32GiB   0.01%
cliente_hqc46   13.66%    4.082MiB / 23.32GiB   0.02%
cliente_hqc45   21.55%    2.684MiB / 23.32GiB   0.01%
cliente_hqc44   19.72%    4.316MiB / 23.32GiB   0.02%
cliente_hqc41   19.32%    3.934MiB / 23.32GiB   0.02%
cliente_hqc38   18.43%    4.324MiB / 23.32GiB   0.02%
cliente_hqc37   23.17%    4.219MiB / 23.32GiB   0.02%
cliente_hqc36   27.53%    4.148MiB / 23.32GiB   0.02%
cliente_hqc35   23.39%    4.09MiB / 23.32GiB    0.02%
cliente_hqc34   24.37%    4.34MiB / 23.32GiB    0.02%
cliente_hqc31   38.40%    4.328MiB / 23.32GiB   0.02%
cliente_hqc29   23.61%    4.023MiB / 23.32GiB   0.02%
cliente_hqc27   17.80%    3.938MiB / 23.32GiB   0.02%
cliente_hqc22   25.63%    3.527MiB / 23.32GiB   0.01%
cliente_hqc20   21.69%    3.238MiB / 23.32GiB   0.01%
cliente_hqc18   19.66%    4.094MiB / 23.32GiB   0.02%
cliente_hqc15   19.18%    4.184MiB / 23.32GiB   0.02%
cliente_hqc11   31.51%    3.145MiB / 23.32GiB   0.01%
cliente_hqc9    15.63%    4.371MiB / 23.32GiB   0.02%
cliente_hqc7    25.94%    4.629MiB / 23.32GiB   0.02%
servidor_hqc    261.73%   27.95MiB / 23.32GiB   0.12%
--- 2026-06-04_07:23:45 ---
NAME            CPU %     MEM USAGE / LIMIT     MEM %
cliente_hqc50   25.54%    3.848MiB / 23.32GiB   0.02%
cliente_hqc49   21.84%    4.125MiB / 23.32GiB   0.02%
cliente_hqc48   19.38%    3.93MiB / 23.32GiB    0.02%
cliente_hqc47   29.62%    3.758MiB / 23.32GiB   0.02%
cliente_hqc46   22.29%    4.293MiB / 23.32GiB   0.02%
cliente_hqc45   27.37%    4.07MiB / 23.32GiB    0.02%
cliente_hqc44   11.92%    4.316MiB / 23.32GiB   0.02%
cliente_hqc41   16.43%    4.184MiB / 23.32GiB   0.02%
cliente_hqc38   13.24%    4.094MiB / 23.32GiB   0.02%
cliente_hqc37   9.47%     4.094MiB / 23.32GiB   0.02%
cliente_hqc36   29.67%    4.176MiB / 23.32GiB   0.02%
cliente_hqc35   12.85%    4.086MiB / 23.32GiB   0.02%
cliente_hqc34   43.55%    3.555MiB / 23.32GiB   0.01%
cliente_hqc31   12.36%    4.297MiB / 23.32GiB   0.02%
cliente_hqc29   30.42%    4.164MiB / 23.32GiB   0.02%
cliente_hqc27   20.56%    3.555MiB / 23.32GiB   0.01%
cliente_hqc22   19.20%    4.223MiB / 23.32GiB   0.02%
cliente_hqc20   27.33%    4.09MiB / 23.32GiB    0.02%
cliente_hqc18   24.11%    4.348MiB / 23.32GiB   0.02%
cliente_hqc15   36.12%    4.191MiB / 23.32GiB   0.02%
cliente_hqc11   18.61%    4.074MiB / 23.32GiB   0.02%
cliente_hqc9    13.85%    3.91MiB / 23.32GiB    0.02%
cliente_hqc7    27.00%    4.156MiB / 23.32GiB   0.02%
servidor_hqc    278.85%   28MiB / 23.32GiB      0.12%
--- 2026-06-04_07:23:50 ---
NAME            CPU %     MEM USAGE / LIMIT     MEM %
cliente_hqc50   20.63%    4.332MiB / 23.32GiB   0.02%
cliente_hqc49   19.37%    4.23MiB / 23.32GiB    0.02%
cliente_hqc48   19.81%    4.074MiB / 23.32GiB   0.02%
cliente_hqc47   39.31%    4.508MiB / 23.32GiB   0.02%
cliente_hqc46   16.41%    4.059MiB / 23.32GiB   0.02%
cliente_hqc45   32.50%    4.754MiB / 23.32GiB   0.02%
cliente_hqc44   13.42%    4.07MiB / 23.32GiB    0.02%
cliente_hqc41   16.70%    4.102MiB / 23.32GiB   0.02%
cliente_hqc38   37.80%    4.238MiB / 23.32GiB   0.02%
cliente_hqc37   20.03%    4.07MiB / 23.32GiB    0.02%
cliente_hqc36   25.81%    3.934MiB / 23.32GiB   0.02%
cliente_hqc35   34.51%    4.117MiB / 23.32GiB   0.02%
cliente_hqc34   16.36%    4.184MiB / 23.32GiB   0.02%
cliente_hqc31   25.93%    4.395MiB / 23.32GiB   0.02%
cliente_hqc27   19.40%    4.273MiB / 23.32GiB   0.02%
cliente_hqc22   26.91%    4.305MiB / 23.32GiB   0.02%
cliente_hqc20   26.66%    4.016MiB / 23.32GiB   0.02%
cliente_hqc18   16.98%    4.062MiB / 23.32GiB   0.02%
cliente_hqc15   19.85%    4.426MiB / 23.32GiB   0.02%
cliente_hqc11   19.07%    4.617MiB / 23.32GiB   0.02%
cliente_hqc9    28.99%    4.379MiB / 23.32GiB   0.02%
cliente_hqc7    25.76%    3.934MiB / 23.32GiB   0.02%
servidor_hqc    254.49%   28.24MiB / 23.32GiB   0.12%
--- 2026-06-04_07:23:55 ---
NAME            CPU %     MEM USAGE / LIMIT     MEM %
cliente_hqc50   14.20%    4.066MiB / 23.32GiB   0.02%
cliente_hqc49   12.65%    3.281MiB / 23.32GiB   0.01%
cliente_hqc48   27.36%    4.082MiB / 23.32GiB   0.02%
cliente_hqc47   22.08%    4.07MiB / 23.32GiB    0.02%
cliente_hqc46   5.61%     4.121MiB / 23.32GiB   0.02%
cliente_hqc45   25.34%    3.93MiB / 23.32GiB    0.02%
cliente_hqc44   31.29%    4.023MiB / 23.32GiB   0.02%
cliente_hqc41   39.04%    4.086MiB / 23.32GiB   0.02%
cliente_hqc38   25.96%    3.617MiB / 23.32GiB   0.02%
cliente_hqc37   22.32%    3.922MiB / 23.32GiB   0.02%
cliente_hqc36   23.41%    4.133MiB / 23.32GiB   0.02%
cliente_hqc35   19.82%    3.922MiB / 23.32GiB   0.02%
cliente_hqc34   28.84%    4.289MiB / 23.32GiB   0.02%
cliente_hqc31   29.48%    4.324MiB / 23.32GiB   0.02%
cliente_hqc27   18.45%    4.742MiB / 23.32GiB   0.02%
cliente_hqc22   23.74%    4.176MiB / 23.32GiB   0.02%
cliente_hqc20   9.90%     4.09MiB / 23.32GiB    0.02%
cliente_hqc18   28.03%    4.539MiB / 23.32GiB   0.02%
cliente_hqc15   21.60%    3.301MiB / 23.32GiB   0.01%
cliente_hqc11   26.34%    4.25MiB / 23.32GiB    0.02%
cliente_hqc9    18.99%    4.188MiB / 23.32GiB   0.02%
cliente_hqc7    24.00%    4.086MiB / 23.32GiB   0.02%
servidor_hqc    261.53%   29.02MiB / 23.32GiB   0.12%
--- 2026-06-04_07:23:59 ---
NAME            CPU %     MEM USAGE / LIMIT     MEM %
cliente_hqc50   24.87%    4.172MiB / 23.32GiB   0.02%
cliente_hqc49   21.33%    4.059MiB / 23.32GiB   0.02%
cliente_hqc48   25.48%    4.004MiB / 23.32GiB   0.02%
cliente_hqc47   20.16%    4.484MiB / 23.32GiB   0.02%
cliente_hqc46   30.58%    4.324MiB / 23.32GiB   0.02%
cliente_hqc45   19.75%    4.512MiB / 23.32GiB   0.02%
cliente_hqc44   25.96%    4.184MiB / 23.32GiB   0.02%
cliente_hqc41   25.82%    4.199MiB / 23.32GiB   0.02%
cliente_hqc38   19.52%    1.531MiB / 23.32GiB   0.01%
cliente_hqc37   23.62%    4.066MiB / 23.32GiB   0.02%
cliente_hqc36   20.05%    4.016MiB / 23.32GiB   0.02%
cliente_hqc35   22.55%    4.211MiB / 23.32GiB   0.02%
cliente_hqc34   28.35%    4.93MiB / 23.32GiB    0.02%
cliente_hqc31   27.43%    4.387MiB / 23.32GiB   0.02%
cliente_hqc27   23.63%    4.273MiB / 23.32GiB   0.02%
cliente_hqc22   22.79%    4.066MiB / 23.32GiB   0.02%
cliente_hqc20   23.47%    3.938MiB / 23.32GiB   0.02%
cliente_hqc18   16.33%    4.32MiB / 23.32GiB    0.02%
cliente_hqc15   25.85%    3.926MiB / 23.32GiB   0.02%
cliente_hqc11   22.56%    4.27MiB / 23.32GiB    0.02%
cliente_hqc9    26.53%    4.566MiB / 23.32GiB   0.02%
cliente_hqc7    23.15%    4.07MiB / 23.32GiB    0.02%
servidor_hqc    259.97%   29.05MiB / 23.32GiB   0.12%
--- 2026-06-04_07:24:03 ---
NAME            CPU %     MEM USAGE / LIMIT     MEM %
cliente_hqc50   10.23%    4.098MiB / 23.32GiB   0.02%
cliente_hqc49   20.05%    3.918MiB / 23.32GiB   0.02%
cliente_hqc48   23.54%    4.094MiB / 23.32GiB   0.02%
cliente_hqc47   26.37%    4.191MiB / 23.32GiB   0.02%
cliente_hqc46   22.93%    4.172MiB / 23.32GiB   0.02%
cliente_hqc45   26.19%    4.168MiB / 23.32GiB   0.02%
cliente_hqc44   25.46%    4.18MiB / 23.32GiB    0.02%
cliente_hqc41   14.03%    4.102MiB / 23.32GiB   0.02%
cliente_hqc38   29.37%    4.281MiB / 23.32GiB   0.02%
cliente_hqc37   19.65%    3.938MiB / 23.32GiB   0.02%
cliente_hqc36   19.58%    2.086MiB / 23.32GiB   0.01%
cliente_hqc35   19.82%    3.906MiB / 23.32GiB   0.02%
cliente_hqc34   19.46%    3.695MiB / 23.32GiB   0.02%
cliente_hqc31   25.20%    4.156MiB / 23.32GiB   0.02%
cliente_hqc27   28.28%    4.449MiB / 23.32GiB   0.02%
cliente_hqc22   12.16%    4.043MiB / 23.32GiB   0.02%
cliente_hqc20   20.58%    3.988MiB / 23.32GiB   0.02%
cliente_hqc18   15.02%    3.934MiB / 23.32GiB   0.02%
cliente_hqc15   23.50%    4.078MiB / 23.32GiB   0.02%
cliente_hqc11   28.34%    4.168MiB / 23.32GiB   0.02%
cliente_hqc9    25.08%    2.582MiB / 23.32GiB   0.01%
servidor_hqc    267.01%   29.8MiB / 23.32GiB    0.12%
--- 2026-06-04_07:24:09 ---
NAME            CPU %     MEM USAGE / LIMIT     MEM %
cliente_hqc50   20.92%    4.328MiB / 23.32GiB   0.02%
cliente_hqc49   14.24%    4.062MiB / 23.32GiB   0.02%
cliente_hqc48   37.92%    4.492MiB / 23.32GiB   0.02%
cliente_hqc47   20.75%    4.188MiB / 23.32GiB   0.02%
cliente_hqc46   14.22%    4.176MiB / 23.32GiB   0.02%
cliente_hqc45   33.37%    4.504MiB / 23.32GiB   0.02%
cliente_hqc44   20.34%    4.484MiB / 23.32GiB   0.02%
cliente_hqc41   20.04%    4.32MiB / 23.32GiB    0.02%
cliente_hqc38   23.85%    4.559MiB / 23.32GiB   0.02%
cliente_hqc37   35.41%    4.266MiB / 23.32GiB   0.02%
cliente_hqc36   15.69%    4.281MiB / 23.32GiB   0.02%
cliente_hqc35   29.86%    4.68MiB / 23.32GiB    0.02%
cliente_hqc34   29.12%    4.176MiB / 23.32GiB   0.02%
cliente_hqc31   26.29%    4.172MiB / 23.32GiB   0.02%
cliente_hqc27   25.31%    3.598MiB / 23.32GiB   0.02%
cliente_hqc22   29.41%    4.367MiB / 23.32GiB   0.02%
cliente_hqc20   19.46%    4.492MiB / 23.32GiB   0.02%
cliente_hqc18   23.59%    4.234MiB / 23.32GiB   0.02%
cliente_hqc15   24.25%    1.168MiB / 23.32GiB   0.00%
cliente_hqc11   26.26%    3.961MiB / 23.32GiB   0.02%
cliente_hqc9    19.75%    4.355MiB / 23.32GiB   0.02%
servidor_hqc    271.23%   29.19MiB / 23.32GiB   0.12%
--- 2026-06-04_07:24:13 ---
NAME            CPU %     MEM USAGE / LIMIT     MEM %
cliente_hqc50   22.25%    4.301MiB / 23.32GiB   0.02%
cliente_hqc49   24.26%    4.137MiB / 23.32GiB   0.02%
cliente_hqc48   24.77%    4.535MiB / 23.32GiB   0.02%
cliente_hqc47   19.41%    4.078MiB / 23.32GiB   0.02%
cliente_hqc46   13.92%    4.293MiB / 23.32GiB   0.02%
cliente_hqc45   29.43%    4.07MiB / 23.32GiB    0.02%
cliente_hqc44   31.56%    4.328MiB / 23.32GiB   0.02%
cliente_hqc41   19.76%    3.934MiB / 23.32GiB   0.02%
cliente_hqc38   27.36%    4.039MiB / 23.32GiB   0.02%
cliente_hqc37   25.84%    4.168MiB / 23.32GiB   0.02%
cliente_hqc36   28.66%    4.324MiB / 23.32GiB   0.02%
cliente_hqc35   30.16%    4.117MiB / 23.32GiB   0.02%
cliente_hqc34   34.68%    4.262MiB / 23.32GiB   0.02%
cliente_hqc31   29.89%    4.191MiB / 23.32GiB   0.02%
cliente_hqc27   14.03%    4.34MiB / 23.32GiB    0.02%
cliente_hqc22   17.23%    4.18MiB / 23.32GiB    0.02%
cliente_hqc20   25.86%    3.926MiB / 23.32GiB   0.02%
cliente_hqc18   19.89%    4.309MiB / 23.32GiB   0.02%
cliente_hqc15   15.86%    4.348MiB / 23.32GiB   0.02%
cliente_hqc11   34.32%    4.328MiB / 23.32GiB   0.02%
cliente_hqc9    25.79%    4.039MiB / 23.32GiB   0.02%
servidor_hqc    277.12%   29.21MiB / 23.32GiB   0.12%
--- 2026-06-04_07:24:18 ---
NAME            CPU %     MEM USAGE / LIMIT     MEM %
cliente_hqc50   20.11%    3.938MiB / 23.32GiB   0.02%
cliente_hqc49   15.54%    3.918MiB / 23.32GiB   0.02%
cliente_hqc48   14.92%    4.117MiB / 23.32GiB   0.02%
cliente_hqc47   17.89%    4.453MiB / 23.32GiB   0.02%
cliente_hqc46   24.81%    4.367MiB / 23.32GiB   0.02%
cliente_hqc45   13.73%    4.164MiB / 23.32GiB   0.02%
cliente_hqc44   30.50%    1.699MiB / 23.32GiB   0.01%
cliente_hqc41   28.52%    4.051MiB / 23.32GiB   0.02%
cliente_hqc38   16.42%    4.121MiB / 23.32GiB   0.02%
cliente_hqc37   14.28%    4.074MiB / 23.32GiB   0.02%
cliente_hqc36   31.52%    3.918MiB / 23.32GiB   0.02%
cliente_hqc35   20.78%    1.512MiB / 23.32GiB   0.01%
cliente_hqc34   44.17%    4.184MiB / 23.32GiB   0.02%
cliente_hqc31   25.35%    3.938MiB / 23.32GiB   0.02%
cliente_hqc27   18.52%    4.234MiB / 23.32GiB   0.02%
cliente_hqc22   34.82%    4.18MiB / 23.32GiB    0.02%
cliente_hqc20   17.45%    3.844MiB / 23.32GiB   0.02%
cliente_hqc18   34.43%    4.301MiB / 23.32GiB   0.02%
cliente_hqc15   27.37%    3.934MiB / 23.32GiB   0.02%
cliente_hqc11   22.63%    956KiB / 23.32GiB     0.00%
cliente_hqc9    35.04%    3.16MiB / 23.32GiB    0.01%
servidor_hqc    268.05%   28.74MiB / 23.32GiB   0.12%
--- 2026-06-04_07:24:22 ---
NAME            CPU %     MEM USAGE / LIMIT     MEM %
cliente_hqc50   21.30%    4.18MiB / 23.32GiB    0.02%
cliente_hqc49   24.40%    4.113MiB / 23.32GiB   0.02%
cliente_hqc48   26.28%    2.734MiB / 23.32GiB   0.01%
cliente_hqc47   36.34%    3.969MiB / 23.32GiB   0.02%
cliente_hqc46   23.51%    4.078MiB / 23.32GiB   0.02%
cliente_hqc45   25.26%    4.184MiB / 23.32GiB   0.02%
cliente_hqc44   25.04%    4.027MiB / 23.32GiB   0.02%
cliente_hqc41   14.79%    1.461MiB / 23.32GiB   0.01%
cliente_hqc38   18.08%    4.035MiB / 23.32GiB   0.02%
cliente_hqc37   19.37%    4.309MiB / 23.32GiB   0.02%
cliente_hqc36   24.31%    4.102MiB / 23.32GiB   0.02%
cliente_hqc35   29.09%    3.941MiB / 23.32GiB   0.02%
cliente_hqc34   26.02%    2.977MiB / 23.32GiB   0.01%
cliente_hqc31   18.84%    4.156MiB / 23.32GiB   0.02%
cliente_hqc27   25.83%    4.016MiB / 23.32GiB   0.02%
cliente_hqc22   18.73%    4.473MiB / 23.32GiB   0.02%
cliente_hqc20   27.11%    4.645MiB / 23.32GiB   0.02%
cliente_hqc18   22.96%    4.137MiB / 23.32GiB   0.02%
cliente_hqc15   19.64%    4.32MiB / 23.32GiB    0.02%
cliente_hqc11   28.76%    4.059MiB / 23.32GiB   0.02%
cliente_hqc9    26.27%    4.129MiB / 23.32GiB   0.02%
servidor_hqc    268.13%   29.04MiB / 23.32GiB   0.12%
--- 2026-06-04_07:24:27 ---
NAME            CPU %     MEM USAGE / LIMIT     MEM %
cliente_hqc50   39.57%    3.484MiB / 23.32GiB   0.01%
cliente_hqc49   22.82%    4.086MiB / 23.32GiB   0.02%
cliente_hqc48   31.83%    4.566MiB / 23.32GiB   0.02%
cliente_hqc47   29.10%    4.098MiB / 23.32GiB   0.02%
cliente_hqc46   8.91%     4.09MiB / 23.32GiB    0.02%
cliente_hqc45   34.90%    4.129MiB / 23.32GiB   0.02%
cliente_hqc44   22.82%    4.355MiB / 23.32GiB   0.02%
cliente_hqc41   21.83%    4.098MiB / 23.32GiB   0.02%
cliente_hqc38   32.99%    4.211MiB / 23.32GiB   0.02%
cliente_hqc37   28.60%    4.434MiB / 23.32GiB   0.02%
cliente_hqc36   13.33%    4.07MiB / 23.32GiB    0.02%
cliente_hqc35   26.93%    4.156MiB / 23.32GiB   0.02%
cliente_hqc34   11.57%    4.324MiB / 23.32GiB   0.02%
cliente_hqc31   27.39%    4.41MiB / 23.32GiB    0.02%
cliente_hqc27   24.24%    3.941MiB / 23.32GiB   0.02%
cliente_hqc22   38.43%    4.199MiB / 23.32GiB   0.02%
cliente_hqc20   20.87%    4.586MiB / 23.32GiB   0.02%
cliente_hqc18   14.98%    4.148MiB / 23.32GiB   0.02%
cliente_hqc15   23.18%    4.367MiB / 23.32GiB   0.02%
cliente_hqc11   39.26%    3.934MiB / 23.32GiB   0.02%
servidor_hqc    276.04%   30.04MiB / 23.32GiB   0.13%
--- 2026-06-04_07:24:31 ---
NAME            CPU %     MEM USAGE / LIMIT     MEM %
cliente_hqc50   17.21%    4.074MiB / 23.32GiB   0.02%
cliente_hqc49   24.86%    3.938MiB / 23.32GiB   0.02%
cliente_hqc48   27.45%    3.781MiB / 23.32GiB   0.02%
cliente_hqc47   26.08%    3.324MiB / 23.32GiB   0.01%
cliente_hqc46   27.77%    4.105MiB / 23.32GiB   0.02%
cliente_hqc45   25.10%    4.551MiB / 23.32GiB   0.02%
cliente_hqc44   20.72%    4.105MiB / 23.32GiB   0.02%
cliente_hqc41   46.60%    4.309MiB / 23.32GiB   0.02%
cliente_hqc38   24.82%    4.141MiB / 23.32GiB   0.02%
cliente_hqc37   26.29%    4.082MiB / 23.32GiB   0.02%
cliente_hqc36   20.15%    4.191MiB / 23.32GiB   0.02%
cliente_hqc35   19.22%    4.047MiB / 23.32GiB   0.02%
cliente_hqc34   20.35%    4.195MiB / 23.32GiB   0.02%
cliente_hqc31   14.16%    4.102MiB / 23.32GiB   0.02%
cliente_hqc27   22.30%    3.355MiB / 23.32GiB   0.01%
cliente_hqc22   29.52%    4.07MiB / 23.32GiB    0.02%
cliente_hqc20   25.22%    4.609MiB / 23.32GiB   0.02%
cliente_hqc18   33.43%    2.133MiB / 23.32GiB   0.01%
cliente_hqc15   36.15%    3.688MiB / 23.32GiB   0.02%
cliente_hqc11   33.83%    4.285MiB / 23.32GiB   0.02%
servidor_hqc    271.42%   29.54MiB / 23.32GiB   0.12%
--- 2026-06-04_07:24:36 ---
NAME            CPU %     MEM USAGE / LIMIT     MEM %
cliente_hqc50   19.83%    4.141MiB / 23.32GiB   0.02%
cliente_hqc49   35.64%    4.156MiB / 23.32GiB   0.02%
cliente_hqc48   34.58%    3.93MiB / 23.32GiB    0.02%
cliente_hqc47   29.82%    4.324MiB / 23.32GiB   0.02%
cliente_hqc46   20.02%    4.199MiB / 23.32GiB   0.02%
cliente_hqc45   40.24%    3.93MiB / 23.32GiB    0.02%
cliente_hqc44   23.75%    4.355MiB / 23.32GiB   0.02%
cliente_hqc41   21.72%    2.098MiB / 23.32GiB   0.01%
cliente_hqc38   24.28%    872KiB / 23.32GiB     0.00%
cliente_hqc37   37.07%    4.039MiB / 23.32GiB   0.02%
cliente_hqc36   19.47%    4.082MiB / 23.32GiB   0.02%
cliente_hqc35   33.77%    2.238MiB / 23.32GiB   0.01%
cliente_hqc34   19.34%    2.633MiB / 23.32GiB   0.01%
cliente_hqc31   33.35%    4.234MiB / 23.32GiB   0.02%
cliente_hqc27   22.78%    4.074MiB / 23.32GiB   0.02%
cliente_hqc22   37.23%    4.031MiB / 23.32GiB   0.02%
cliente_hqc20   14.64%    4.57MiB / 23.32GiB    0.02%
cliente_hqc18   18.26%    4.117MiB / 23.32GiB   0.02%
cliente_hqc15   15.01%    3.965MiB / 23.32GiB   0.02%
servidor_hqc    262.54%   29.85MiB / 23.32GiB   0.13%
--- 2026-06-04_07:24:40 ---
NAME            CPU %     MEM USAGE / LIMIT     MEM %
cliente_hqc50   24.71%    4.121MiB / 23.32GiB   0.02%
cliente_hqc49   25.75%    4.457MiB / 23.32GiB   0.02%
cliente_hqc48   25.03%    4.34MiB / 23.32GiB    0.02%
cliente_hqc47   17.76%    4.59MiB / 23.32GiB    0.02%
cliente_hqc46   37.68%    4.184MiB / 23.32GiB   0.02%
cliente_hqc45   32.83%    4.102MiB / 23.32GiB   0.02%
cliente_hqc44   24.56%    4.098MiB / 23.32GiB   0.02%
cliente_hqc41   23.86%    4.059MiB / 23.32GiB   0.02%
cliente_hqc38   20.05%    4.523MiB / 23.32GiB   0.02%
cliente_hqc37   34.63%    4.328MiB / 23.32GiB   0.02%
cliente_hqc36   18.96%    4.066MiB / 23.32GiB   0.02%
cliente_hqc35   22.55%    4.359MiB / 23.32GiB   0.02%
cliente_hqc34   20.73%    3.426MiB / 23.32GiB   0.01%
cliente_hqc31   33.07%    4.203MiB / 23.32GiB   0.02%
cliente_hqc27   26.48%    4.156MiB / 23.32GiB   0.02%
cliente_hqc22   35.05%    4.359MiB / 23.32GiB   0.02%
cliente_hqc20   23.16%    4.051MiB / 23.32GiB   0.02%
cliente_hqc18   34.27%    4.559MiB / 23.32GiB   0.02%
cliente_hqc15   20.27%    3.934MiB / 23.32GiB   0.02%
servidor_hqc    285.41%   29.1MiB / 23.32GiB    0.12%
--- 2026-06-04_07:24:44 ---
NAME            CPU %     MEM USAGE / LIMIT     MEM %
cliente_hqc50   19.61%    3.98MiB / 23.32GiB    0.02%
cliente_hqc49   22.58%    4.406MiB / 23.32GiB   0.02%
cliente_hqc48   32.14%    4.461MiB / 23.32GiB   0.02%
cliente_hqc47   24.76%    4.645MiB / 23.32GiB   0.02%
cliente_hqc46   30.25%    4.086MiB / 23.32GiB   0.02%
cliente_hqc45   18.89%    4.062MiB / 23.32GiB   0.02%
cliente_hqc44   29.64%    4.629MiB / 23.32GiB   0.02%
cliente_hqc41   29.60%    4.07MiB / 23.32GiB    0.02%
cliente_hqc38   47.55%    4.422MiB / 23.32GiB   0.02%
cliente_hqc37   23.91%    4.191MiB / 23.32GiB   0.02%
cliente_hqc36   24.32%    4.309MiB / 23.32GiB   0.02%
cliente_hqc35   35.55%    4.453MiB / 23.32GiB   0.02%
cliente_hqc34   21.71%    4.172MiB / 23.32GiB   0.02%
cliente_hqc31   23.82%    3.973MiB / 23.32GiB   0.02%
cliente_hqc27   23.04%    4.078MiB / 23.32GiB   0.02%
cliente_hqc22   15.65%    4.508MiB / 23.32GiB   0.02%
cliente_hqc20   33.94%    4.613MiB / 23.32GiB   0.02%
cliente_hqc18   26.63%    3.941MiB / 23.32GiB   0.02%
cliente_hqc15   34.85%    4.035MiB / 23.32GiB   0.02%
servidor_hqc    261.36%   29.43MiB / 23.32GiB   0.12%
--- 2026-06-04_07:24:49 ---
NAME            CPU %     MEM USAGE / LIMIT     MEM %
cliente_hqc50   25.39%    4.059MiB / 23.32GiB   0.02%
cliente_hqc49   33.70%    2.16MiB / 23.32GiB    0.01%
cliente_hqc48   26.20%    4.105MiB / 23.32GiB   0.02%
cliente_hqc47   26.08%    4.172MiB / 23.32GiB   0.02%
cliente_hqc46   24.32%    3.918MiB / 23.32GiB   0.02%
cliente_hqc45   32.17%    2.73MiB / 23.32GiB    0.01%
cliente_hqc44   35.58%    3.988MiB / 23.32GiB   0.02%
cliente_hqc41   29.61%    4.25MiB / 23.32GiB    0.02%
cliente_hqc38   31.38%    4.172MiB / 23.32GiB   0.02%
cliente_hqc37   20.41%    2.336MiB / 23.32GiB   0.01%
cliente_hqc36   23.14%    1.355MiB / 23.32GiB   0.01%
cliente_hqc35   17.93%    4.055MiB / 23.32GiB   0.02%
cliente_hqc34   22.55%    4.09MiB / 23.32GiB    0.02%
cliente_hqc31   16.48%    4.094MiB / 23.32GiB   0.02%
cliente_hqc27   28.93%    3.926MiB / 23.32GiB   0.02%
cliente_hqc22   20.83%    4.395MiB / 23.32GiB   0.02%
cliente_hqc20   28.84%    4.18MiB / 23.32GiB    0.02%
cliente_hqc18   30.22%    4.422MiB / 23.32GiB   0.02%
cliente_hqc15   37.00%    4.43MiB / 23.32GiB    0.02%
servidor_hqc    274.06%   29.85MiB / 23.32GiB   0.13%
--- 2026-06-04_07:24:53 ---
NAME            CPU %     MEM USAGE / LIMIT     MEM %
cliente_hqc50   24.14%    4.09MiB / 23.32GiB    0.02%
cliente_hqc49   21.43%    4.57MiB / 23.32GiB    0.02%
cliente_hqc48   28.14%    4.164MiB / 23.32GiB   0.02%
cliente_hqc47   34.34%    4.02MiB / 23.32GiB    0.02%
cliente_hqc46   29.44%    4.121MiB / 23.32GiB   0.02%
cliente_hqc45   28.90%    4.609MiB / 23.32GiB   0.02%
cliente_hqc44   20.30%    4.188MiB / 23.32GiB   0.02%
cliente_hqc41   25.65%    4.191MiB / 23.32GiB   0.02%
cliente_hqc38   22.77%    2.352MiB / 23.32GiB   0.01%
cliente_hqc37   23.69%    4.074MiB / 23.32GiB   0.02%
cliente_hqc36   48.78%    4.773MiB / 23.32GiB   0.02%
cliente_hqc35   30.23%    4.168MiB / 23.32GiB   0.02%
cliente_hqc34   38.89%    3.938MiB / 23.32GiB   0.02%
cliente_hqc31   24.52%    3.965MiB / 23.32GiB   0.02%
cliente_hqc27   35.10%    3.824MiB / 23.32GiB   0.02%
cliente_hqc22   30.82%    4.238MiB / 23.32GiB   0.02%
cliente_hqc20   26.31%    3.445MiB / 23.32GiB   0.01%
servidor_hqc    263.25%   29.39MiB / 23.32GiB   0.12%
--- 2026-06-04_07:24:57 ---
NAME            CPU %     MEM USAGE / LIMIT     MEM %
cliente_hqc50   23.69%    4.25MiB / 23.32GiB    0.02%
cliente_hqc49   25.74%    4.281MiB / 23.32GiB   0.02%
cliente_hqc48   23.10%    4.332MiB / 23.32GiB   0.02%
cliente_hqc47   17.70%    4.18MiB / 23.32GiB    0.02%
cliente_hqc46   30.70%    3.934MiB / 23.32GiB   0.02%
cliente_hqc45   32.54%    4.18MiB / 23.32GiB    0.02%
cliente_hqc44   28.29%    4.227MiB / 23.32GiB   0.02%
cliente_hqc41   32.45%    2.188MiB / 23.32GiB   0.01%
cliente_hqc38   24.04%    988KiB / 23.32GiB     0.00%
cliente_hqc37   35.48%    4.273MiB / 23.32GiB   0.02%
cliente_hqc36   37.09%    4.32MiB / 23.32GiB    0.02%
cliente_hqc35   25.51%    4.73MiB / 23.32GiB    0.02%
cliente_hqc34   27.48%    4.109MiB / 23.32GiB   0.02%
cliente_hqc31   39.18%    4.391MiB / 23.32GiB   0.02%
cliente_hqc27   34.99%    4.34MiB / 23.32GiB    0.02%
cliente_hqc22   36.23%    3.98MiB / 23.32GiB    0.02%
cliente_hqc20   39.82%    4.066MiB / 23.32GiB   0.02%
servidor_hqc    265.93%   29.38MiB / 23.32GiB   0.12%
--- 2026-06-04_07:25:02 ---
NAME            CPU %     MEM USAGE / LIMIT     MEM %
cliente_hqc50   50.48%    4.559MiB / 23.32GiB   0.02%
cliente_hqc49   20.21%    4.039MiB / 23.32GiB   0.02%
cliente_hqc48   19.29%    4.074MiB / 23.32GiB   0.02%
cliente_hqc47   40.70%    4.301MiB / 23.32GiB   0.02%
cliente_hqc46   35.17%    3.938MiB / 23.32GiB   0.02%
cliente_hqc45   23.62%    4.309MiB / 23.32GiB   0.02%
cliente_hqc44   19.92%    4.629MiB / 23.32GiB   0.02%
cliente_hqc41   31.67%    4.316MiB / 23.32GiB   0.02%
cliente_hqc38   41.21%    3.91MiB / 23.32GiB    0.02%
cliente_hqc37   32.69%    4.402MiB / 23.32GiB   0.02%
cliente_hqc36   16.07%    3.93MiB / 23.32GiB    0.02%
cliente_hqc35   37.22%    4.188MiB / 23.32GiB   0.02%
cliente_hqc34   20.77%    4.301MiB / 23.32GiB   0.02%
cliente_hqc31   34.80%    4.168MiB / 23.32GiB   0.02%
cliente_hqc27   32.62%    4.016MiB / 23.32GiB   0.02%
cliente_hqc22   33.36%    3.707MiB / 23.32GiB   0.02%
cliente_hqc20   0.00%     0B / 0B               0.00%
servidor_hqc    276.07%   29.39MiB / 23.32GiB   0.12%
--- 2026-06-04_07:25:06 ---
NAME            CPU %     MEM USAGE / LIMIT     MEM %
cliente_hqc50   31.73%    4.109MiB / 23.32GiB   0.02%
cliente_hqc49   36.02%    4.355MiB / 23.32GiB   0.02%
cliente_hqc48   33.63%    968KiB / 23.32GiB     0.00%
cliente_hqc47   31.13%    4.133MiB / 23.32GiB   0.02%
cliente_hqc46   28.38%    3.758MiB / 23.32GiB   0.02%
cliente_hqc45   42.66%    4.652MiB / 23.32GiB   0.02%
cliente_hqc44   30.31%    4.172MiB / 23.32GiB   0.02%
cliente_hqc41   22.51%    4.375MiB / 23.32GiB   0.02%
cliente_hqc38   45.20%    4.273MiB / 23.32GiB   0.02%
cliente_hqc37   26.82%    3.445MiB / 23.32GiB   0.01%
cliente_hqc36   20.04%    4.312MiB / 23.32GiB   0.02%
cliente_hqc35   28.60%    4.477MiB / 23.32GiB   0.02%
cliente_hqc34   42.45%    3.77MiB / 23.32GiB    0.02%
cliente_hqc31   30.47%    4.531MiB / 23.32GiB   0.02%
cliente_hqc27   44.08%    3.891MiB / 23.32GiB   0.02%
servidor_hqc    254.90%   29.12MiB / 23.32GiB   0.12%
--- 2026-06-04_07:25:10 ---
NAME            CPU %     MEM USAGE / LIMIT     MEM %
cliente_hqc50   33.05%    4.203MiB / 23.32GiB   0.02%
cliente_hqc49   44.35%    4.312MiB / 23.32GiB   0.02%
cliente_hqc48   29.94%    4.289MiB / 23.32GiB   0.02%
cliente_hqc47   39.57%    4.078MiB / 23.32GiB   0.02%
cliente_hqc46   27.43%    3.992MiB / 23.32GiB   0.02%
cliente_hqc45   29.92%    4.078MiB / 23.32GiB   0.02%
cliente_hqc44   35.51%    4.266MiB / 23.32GiB   0.02%
cliente_hqc41   20.19%    3.93MiB / 23.32GiB    0.02%
cliente_hqc38   20.08%    4.27MiB / 23.32GiB    0.02%
cliente_hqc37   35.48%    4.363MiB / 23.32GiB   0.02%
cliente_hqc36   30.44%    4.285MiB / 23.32GiB   0.02%
cliente_hqc35   42.10%    4.562MiB / 23.32GiB   0.02%
cliente_hqc34   31.39%    4.484MiB / 23.32GiB   0.02%
cliente_hqc31   37.23%    4.113MiB / 23.32GiB   0.02%
cliente_hqc27   36.88%    4.578MiB / 23.32GiB   0.02%
servidor_hqc    248.17%   30.12MiB / 23.32GiB   0.13%
--- 2026-06-04_07:25:15 ---
NAME            CPU %     MEM USAGE / LIMIT     MEM %
cliente_hqc50   38.42%    4.707MiB / 23.32GiB   0.02%
cliente_hqc49   27.05%    3.504MiB / 23.32GiB   0.01%
cliente_hqc48   39.11%    4.629MiB / 23.32GiB   0.02%
cliente_hqc47   38.63%    4.191MiB / 23.32GiB   0.02%
cliente_hqc46   28.51%    3.312MiB / 23.32GiB   0.01%
cliente_hqc45   29.92%    4.801MiB / 23.32GiB   0.02%
cliente_hqc44   25.33%    1.848MiB / 23.32GiB   0.01%
cliente_hqc41   18.83%    4.129MiB / 23.32GiB   0.02%
cliente_hqc38   32.57%    4.188MiB / 23.32GiB   0.02%
cliente_hqc37   31.27%    4.383MiB / 23.32GiB   0.02%
cliente_hqc36   24.17%    4.094MiB / 23.32GiB   0.02%
cliente_hqc35   28.43%    2.098MiB / 23.32GiB   0.01%
cliente_hqc34   40.27%    4.055MiB / 23.32GiB   0.02%
cliente_hqc31   29.48%    4.508MiB / 23.32GiB   0.02%
servidor_hqc    254.93%   28.88MiB / 23.32GiB   0.12%
--- 2026-06-04_07:25:20 ---
NAME            CPU %     MEM USAGE / LIMIT     MEM %
cliente_hqc50   29.77%    4.57MiB / 23.32GiB    0.02%
cliente_hqc49   34.60%    3.793MiB / 23.32GiB   0.02%
cliente_hqc48   34.60%    4.398MiB / 23.32GiB   0.02%
cliente_hqc47   32.94%    4.328MiB / 23.32GiB   0.02%
cliente_hqc46   39.06%    4.438MiB / 23.32GiB   0.02%
cliente_hqc45   32.82%    4.078MiB / 23.32GiB   0.02%
cliente_hqc44   27.44%    3.848MiB / 23.32GiB   0.02%
cliente_hqc41   45.98%    4.48MiB / 23.32GiB    0.02%
cliente_hqc38   48.39%    4.332MiB / 23.32GiB   0.02%
cliente_hqc37   27.07%    4.184MiB / 23.32GiB   0.02%
cliente_hqc36   36.25%    4.699MiB / 23.32GiB   0.02%
cliente_hqc35   36.74%    3.68MiB / 23.32GiB    0.02%
cliente_hqc34   38.62%    4.562MiB / 23.32GiB   0.02%
cliente_hqc31   43.69%    3.254MiB / 23.32GiB   0.01%
servidor_hqc    274.72%   28.63MiB / 23.32GiB   0.12%
--- 2026-06-04_07:25:24 ---
NAME            CPU %     MEM USAGE / LIMIT     MEM %
cliente_hqc50   34.83%    4.301MiB / 23.32GiB   0.02%
cliente_hqc49   28.65%    4.66MiB / 23.32GiB    0.02%
cliente_hqc48   34.14%    4.176MiB / 23.32GiB   0.02%
cliente_hqc47   26.20%    3.172MiB / 23.32GiB   0.01%
cliente_hqc46   34.43%    4.082MiB / 23.32GiB   0.02%
cliente_hqc45   30.28%    4.164MiB / 23.32GiB   0.02%
cliente_hqc44   46.54%    3.965MiB / 23.32GiB   0.02%
cliente_hqc41   45.53%    3.789MiB / 23.32GiB   0.02%
cliente_hqc38   39.36%    4.539MiB / 23.32GiB   0.02%
cliente_hqc37   30.91%    2.055MiB / 23.32GiB   0.01%
cliente_hqc36   40.84%    2.059MiB / 23.32GiB   0.01%
cliente_hqc35   35.57%    4.188MiB / 23.32GiB   0.02%
cliente_hqc34   35.37%    4.211MiB / 23.32GiB   0.02%
cliente_hqc31   44.90%    1.605MiB / 23.32GiB   0.01%
servidor_hqc    286.47%   29.12MiB / 23.32GiB   0.12%
--- 2026-06-04_07:25:28 ---
NAME            CPU %     MEM USAGE / LIMIT     MEM %
cliente_hqc50   31.54%    2.918MiB / 23.32GiB   0.01%
cliente_hqc49   41.97%    4.539MiB / 23.32GiB   0.02%
cliente_hqc48   40.46%    4.051MiB / 23.32GiB   0.02%
cliente_hqc47   41.05%    4.258MiB / 23.32GiB   0.02%
cliente_hqc46   43.79%    4.492MiB / 23.32GiB   0.02%
cliente_hqc45   33.69%    4.273MiB / 23.32GiB   0.02%
cliente_hqc44   55.75%    4.098MiB / 23.32GiB   0.02%
cliente_hqc41   45.91%    4.312MiB / 23.32GiB   0.02%
cliente_hqc38   43.83%    3.57MiB / 23.32GiB    0.01%
cliente_hqc37   41.09%    4.504MiB / 23.32GiB   0.02%
cliente_hqc36   44.87%    4.23MiB / 23.32GiB    0.02%
cliente_hqc35   35.39%    4.551MiB / 23.32GiB   0.02%
servidor_hqc    268.29%   29.39MiB / 23.32GiB   0.12%
--- 2026-06-04_07:25:34 ---
NAME            CPU %     MEM USAGE / LIMIT     MEM %
cliente_hqc50   43.38%    3.965MiB / 23.32GiB   0.02%
cliente_hqc49   38.51%    4.246MiB / 23.32GiB   0.02%
cliente_hqc48   33.20%    4.387MiB / 23.32GiB   0.02%
cliente_hqc47   44.31%    1.125MiB / 23.32GiB   0.00%
cliente_hqc46   42.46%    4.609MiB / 23.32GiB   0.02%
cliente_hqc45   35.40%    3.965MiB / 23.32GiB   0.02%
cliente_hqc44   52.05%    4.512MiB / 23.32GiB   0.02%
cliente_hqc41   46.77%    3.996MiB / 23.32GiB   0.02%
cliente_hqc38   35.86%    4.098MiB / 23.32GiB   0.02%
cliente_hqc37   51.48%    4.176MiB / 23.32GiB   0.02%
cliente_hqc36   39.52%    4.312MiB / 23.32GiB   0.02%
cliente_hqc35   45.76%    3.449MiB / 23.32GiB   0.01%
servidor_hqc    282.39%   29.87MiB / 23.32GiB   0.13%
--- 2026-06-04_07:25:39 ---
NAME            CPU %     MEM USAGE / LIMIT     MEM %
cliente_hqc50   44.17%    4.328MiB / 23.32GiB   0.02%
cliente_hqc49   43.94%    4.52MiB / 23.32GiB    0.02%
cliente_hqc48   47.54%    4.645MiB / 23.32GiB   0.02%
cliente_hqc47   40.50%    4.426MiB / 23.32GiB   0.02%
cliente_hqc46   39.08%    4.059MiB / 23.32GiB   0.02%
cliente_hqc45   49.94%    4.402MiB / 23.32GiB   0.02%
cliente_hqc44   50.07%    4.527MiB / 23.32GiB   0.02%
cliente_hqc41   47.75%    4.562MiB / 23.32GiB   0.02%
cliente_hqc38   53.08%    4.73MiB / 23.32GiB    0.02%
cliente_hqc37   49.09%    4.227MiB / 23.32GiB   0.02%
cliente_hqc35   36.79%    4.316MiB / 23.32GiB   0.02%
servidor_hqc    275.25%   29.59MiB / 23.32GiB   0.12%
--- 2026-06-04_07:25:43 ---
NAME            CPU %     MEM USAGE / LIMIT     MEM %
cliente_hqc50   59.01%    4.887MiB / 23.32GiB   0.02%
cliente_hqc49   60.48%    4.957MiB / 23.32GiB   0.02%
cliente_hqc48   61.37%    3.371MiB / 23.32GiB   0.01%
cliente_hqc47   59.46%    4.461MiB / 23.32GiB   0.02%
cliente_hqc46   59.15%    4.41MiB / 23.32GiB    0.02%
cliente_hqc45   51.04%    4.219MiB / 23.32GiB   0.02%
cliente_hqc44   56.17%    4.867MiB / 23.32GiB   0.02%
cliente_hqc41   47.08%    4.828MiB / 23.32GiB   0.02%
servidor_hqc    286.59%   29.62MiB / 23.32GiB   0.12%
--- 2026-06-04_07:25:49 ---
NAME            CPU %     MEM USAGE / LIMIT     MEM %
cliente_hqc50   63.33%    5.082MiB / 23.32GiB   0.02%
cliente_hqc49   64.94%    5.105MiB / 23.32GiB   0.02%
cliente_hqc48   67.76%    4.426MiB / 23.32GiB   0.02%
cliente_hqc47   59.48%    4.715MiB / 23.32GiB   0.02%
cliente_hqc46   65.44%    4.809MiB / 23.32GiB   0.02%
cliente_hqc45   69.34%    4.27MiB / 23.32GiB    0.02%
cliente_hqc44   61.57%    4.41MiB / 23.32GiB    0.02%
servidor_hqc    285.06%   30.09MiB / 23.32GiB   0.13%
--- 2026-06-04_07:25:53 ---
NAME            CPU %     MEM USAGE / LIMIT     MEM %
cliente_hqc50   64.46%    4.562MiB / 23.32GiB   0.02%
cliente_hqc49   71.22%    4.926MiB / 23.32GiB   0.02%
cliente_hqc48   66.23%    5.07MiB / 23.32GiB    0.02%
cliente_hqc47   71.69%    4.375MiB / 23.32GiB   0.02%
cliente_hqc46   61.00%    4.602MiB / 23.32GiB   0.02%
cliente_hqc45   65.35%    4.473MiB / 23.32GiB   0.02%
servidor_hqc    260.30%   29.56MiB / 23.32GiB   0.12%
--- 2026-06-04_07:25:57 ---
NAME           CPU %     MEM USAGE / LIMIT     MEM %
servidor_hqc   144.03%   28.86MiB / 23.32GiB   0.12%
--- 2026-06-04_07:26:04 ---
NAME           CPU %     MEM USAGE / LIMIT     MEM %
servidor_hqc   100.38%   28.38MiB / 23.32GiB   0.12%
--- 2026-06-04_07:26:07 ---
NAME           CPU %     MEM USAGE / LIMIT     MEM %
servidor_hqc   100.28%   28.38MiB / 23.32GiB   0.12%
--- 2026-06-04_07:26:10 ---
NAME           CPU %     MEM USAGE / LIMIT     MEM %
servidor_hqc   100.19%   28.38MiB / 23.32GiB   0.12%
--- 2026-06-04_07:26:13 ---
NAME           CPU %     MEM USAGE / LIMIT     MEM %
servidor_hqc   100.27%   28.38MiB / 23.32GiB   0.12%
--- 2026-06-04_07:26:16 ---
NAME           CPU %     MEM USAGE / LIMIT     MEM %
servidor_hqc   100.28%   28.25MiB / 23.32GiB   0.12%
