procs ----------mémoire---------- -échange- -----io---- -système- ------cpu--------
 r  b   swpd  libre tampon  cache   si   so    bi    bo   in   cs us sy id wa st gu
 8  0      0 15832996 228600 5592216    0    0   104   153 3683    6  7  2 89  1  0  0
 0  1      0 15832456 228612 5591988    0    0     0  1984 3874 7927  4  2 76 17  0  0
 0  2      0 15833028 228656 5590260    0    0     0  1204 4976 8303  8  5 76 12  0  0
 0  2      0 15837784 228696 5592136    0    0     0  1852 6364 8700  8  5 74 13  0  0
 3  0      0 15838888 228728 5592136    0    0     0   496 4628 6264  3  4 81 12  0  0
 1  2      0 15786600 228744 5592104    0    0     0  1080 14503 23491  8  7 79  6  0  0
 6  0      0 15790156 228776 5590072    0    0     0   912 2186 3356  2  2 80 16  0  0
 1  0      0 15788704 228796 5592236    0    0     0   472 6649 9544  8  5 79  7  0  0
 1  0      0 15794348 228796 5592244    0    0     0     0 1760 1352 13  1 86  0  0  0
 1  0      0 15797572 228796 5590200    0    0     0     4 2791 4188 13  1 85  1  0  0
 1  0      0 15819068 228796 5590204    0    0     0     0 2138 1499 13  1 86  0  0  0
 1  0      0 15836344 228796 5590208    0    0     0     0 1755 1102 13  1 86  0  0  0
 1  1      0 15825816 228800 5592264    0    0     0    52 2478 3525 13  1 86  0  0  0
 1  0      0 15839012 228804 5592268    0    0     0     4 1901 1321 13  1 86  0  0  0
 1  1      0 15840980 228804 5592276    0    0     0    20 2504 5145 13  1 85  1  0  0
 1  1      0 15841348 228816 5592284    0    0     0  2052 3312 4871 14  1 70 15  0  0
 1  1      0 15842976 228848 5592256    0    0     0   888 5414 8261 16  2 71 11  0  0
 2  1      0 15823576 228868 5592300    0    0     0  1748 7495 10291 24  3 58 15  0  0
 2  1      0 15816756 228892 5592416    0    0     0   836 8653 14316 27  4 60  9  0  0
 4  2      0 15809192 228904 5592432    0    0     0  1860 9371 13237 35  4 50 11  0  0
 3  1      0 15794084 228912 5592456    0    0     0  1384 8224 8726 36  4 50 11  0  0
procs ----------mémoire---------- -échange- -----io---- -système- ------cpu--------
 r  b   swpd  libre tampon  cache   si   so    bi    bo   in   cs us sy id wa st gu
 4  1      0 15798208 228936 5592592    0    0     0   604 10852 17626 41  6 48  6  0  0
 4  1      0 15783360 228960 5592608    0    0     0  1620 8925 10649 47  5 35 13  0  0
 4  1      0 15771644 228976 5592740    0    0     0  1072 10935 17232 50  7 37  7  0  0
 6  3      0 15760392 228988 5592776    0    0     0  1660 10690 15412 56  7 30  7  0  0
 5  1      0 15760944 229012 5592780    0    0     0  1464 9674 12083 58  6 28  8  0  0
 6  1      0 15766768 229032 5592952    0    0     0   572 12286 19115 61  8 27  4  0  0
 6  1      0 15789336 229052 5592984    0    0     0  1824 10011 11768 68  8 20  4  0  0
 5  1      0 15775748 229092 5592972    0    0     0  1404 11411 16502 68  7 19  5  0  0
 7  1      0 15773272 229120 5593092    0    0     0  1036 13035 19816 74  9 14  3  0  0
 9  1      0 15777156 229132 5593112    0    0     0  1224 10768 13207 78  8 10  3  0  0
 9  1      0 15777324 229160 5593252    0    0     0   744 12304 16408 80  9 10  1  0  0
 8  1      0 15758924 229176 5593304    0    0     0  1904 12293 15182 87  9  4  1  0  0
 9  1      0 15758380 229200 5593324    0    0     0   924 12408 16502 86  9  5  1  0  0
12  4      0 15738496 229224 5593488    0    0     0   760 14275 20320 86 10  3  0  0  0
21  0      0 15740004 229236 5593512    0    0     0  1672 12241 13729 89  9  2  1  0  0
17  0      0 15727436 229244 5593540    0    0     0  1272 12817 15167 89 10  1  0  0  0
11  4      0 15700228 229276 5593652    0    0     0  1776 13654 17543 87 10  2  1  0  0
11  2      0 15710936 229284 5593700    0    0     0   864 13599 17760 89  9  2  1  0  0
11  1      0 15700336 229308 5593820    0    0     0   548 13848 17533 89 10  1  0  0  0
12  2      0 15701724 229348 5593876    0    0     0  1972 14285 17528 89  9  1  0  0  0
 9  1      0 15720596 229356 5593884    0    0     0  1360 12633 13017 90  9  1  0  0  0
procs ----------mémoire---------- -échange- -----io---- -système- ------cpu--------
 r  b   swpd  libre tampon  cache   si   so    bi    bo   in   cs us sy id wa st gu
14  1      0 15714644 229376 5594012    0    0     0   572 14871 19522 89 10  1  0  0  0
11  1      0 15715340 229388 5594116    0    0     0  1668 13213 16572 91  9  0  0  0  0
10  0      0 15717788 229420 5594124    0    0     0   852 13089 16110 89 11  0  0  0  0
17  2      0 15702552 229444 5594280    0    0     0  2016 13776 18370 89 11  0  0  0  0
17  1      0 15711964 229456 5594312    0    0     0   788 11411 11816 89 10  1  0  0  0
17  1      0 15716816 229480 5594476    0    0     0   600 14289 19590 89 11  0  0  0  0
18  1      0 15703076 229500 5594544    0    0     0  1908 12001 14638 90  9  1  0  0  0
12  1      0 15706204 229528 5594552    0    0     0  1508 12112 14102 90 10  1  0  0  0
21 19      0 15691692 229552 5594676    0    0     0   820 14346 20494 88 11  0  0  0  0
14  1      0 15690580 229564 5594768    0    0     0  1928 12283 13988 90 10  0  0  0  0
19  0      0 15683088 229588 5594836    0    0     0   504 12933 16151 89 10  0  0  0  0
15  4      0 15666900 229612 5594972    0    0     0  1772 12824 15788 89 10  0  0  0  0
14  1      0 15669860 229628 5594980    0    0     0  1192 12362 15569 89 10  0  0  0  0
23  0      0 15671160 229652 5595100    0    0     0   628 13599 18502 89 11  0  0  0  0
19  1      0 15668900 229672 5595168    0    0     0  1716 12647 15731 90 10  0  0  0  0
27  1      0 15669108 229684 5595196    0    0     0   880 13010 15998 89 11  0  0  0  0
10  2      0 15656380 229712 5595348    0    0     0  2044 13000 16370 89 11  0  0  0  0
14  1      0 15664340 229736 5595004    0    0     0   912 12560 16597 89 11  0  0  0  0
17  1      0 15620336 229768 5595904    0    0     0   780 14117 20802 88 12  0  0  0  0
20  1      0 15600052 229784 5595624    0    0     0  1872 11816 14336 85 10  1  5  0  0
19  0      0 15599996 229816 5595644    0    0     0  1464 11567 12475 88 11  0  0  0  0
procs ----------mémoire---------- -échange- -----io---- -système- ------cpu--------
 r  b   swpd  libre tampon  cache   si   so    bi    bo   in   cs us sy id wa st gu
18  7      0 15613464 229844 5595704    0    0     0  2316 13594 18223 88 11  0  0  0  0
18  2      0 15629552 229848 5595756    0    0     0  1344 12069 14358 90 10  0  0  0  0
22  1      0 15609756 229884 5595768    0    0     0   496 13419 18042 90 10  0  0  0  0
17  2      0 15600904 229904 5595916    0    0     0  1840 13691 18557 89 11  0  0  0  0
14  1      0 15596264 229908 5595940    0    0     0   940 12037 14608 90 10  0  0  0  0
24  0      0 15590524 229916 5596004    0    0     0   528 12745 16237 89 11  0  0  0  0
11  2      0 15597700 229940 5596160    0    0     0  2024 12116 14425 89 11  0  0  0  0
15  1      0 15602044 229948 5596176    0    0     0  1192 13075 17979 90 10  0  0  0  0
22  0      0 15599256 229960 5596308    0    0     0   436 13199 18059 88 12  0  0  0  0
20  1      0 15591688 229984 5596400    0    0     0  1664 12446 15622 90 10  0  0  0  0
16  1      0 15588968 230012 5596400    0    0     0  1504 11589 12531 90 10  0  0  0  0
19  1      0 15579672 230024 5596664    0    0     0   316 13034 16841 89 12  0  0  0  0
20  2      0 15573400 230040 5596768    0    0     0  1816 13521 20081 90 10  0  0  0  0
26  1      0 15558788 230064 5596788    0    0     0  1328 11950 13877 90 10  0  0  0  0
20  1      0 15558128 230084 5596908    0    0     0   696 12686 16339 88 12  0  0  0  0
17  2      0 15569588 230096 5597020    0    0     0  1588 13190 17491 90 10  0  0  0  0
15  1      0 15566452 230120 5597036    0    0     0  1584 11435 12130 90 10  0  0  0  0
15  2      0 15590008 230136 5597196    0    0     0   432 14982 29403 87 13  0  0  0  0
20  3      0 15600296 230148 5596948    0    0     0  2108 12372 15258 89 12  0  0  0  0
19  5      0 15585980 230160 5596988    0    0     0   796 13174 18987 89 11  1  0  0  0
14  3      0 15596076 230172 5596992    0    0     0  1412 13247 18134 91  9  0  0  0  0
procs ----------mémoire---------- -échange- -----io---- -système- ------cpu--------
 r  b   swpd  libre tampon  cache   si   so    bi    bo   in   cs us sy id wa st gu
15  3      0 15588228 230184 5597008    0    0     0   880 12061 15070 89 11  0  0  0  0
19 10      0 15585540 230200 5596992    0    0     0  1508 10900 11293 90 10  0  0  0  0
16  1      0 15577304 230228 5597000    0    0     0   932 11264 11933 90 10  0  0  0  0
25  0      0 15583568 230236 5597044    0    0     0   904 12406 14564 89 11  0  0  0  0
33  2      0 15569668 230264 5597144    0    0     0  1788 13130 18208 89 11  0  0  0  0
22  0      0 15569428 230268 5597184    0    0     0   460 12493 15688 90 10  0  0  0  0
13  1      0 15567680 230280 5596916    0    0     0  1440 12211 14596 90 10  0  0  0  0
13  1      0 15593656 230284 5597260    0    0     0   416 14522 21405 88 12  0  0  0  0
20  1      0 15582264 230296 5597296    0    0     0  1668 11413 12319 89 11  0  0  0  0
13  1      0 15572856 230304 5597312    0    0     0  1452 12588 17352 90 10  0  0  0  0
22  1      0 15553984 230312 5597448    0    0     0   460 13879 19466 88 12  0  0  0  0
20  1      0 15553300 230332 5597480    0    0     0  1632 13417 18488 89 10  0  0  0  0
16  1      0 15570288 230356 5597512    0    0     0  1132 11301 11718 90 10  0  0  0  0
28  1      0 15559656 230360 5597584    0    0     0   492 12925 16333 88 12  0  0  0  0
26  4      0 15547924 230384 5597724    0    0     0  1876 13442 18413 89 11  0  0  0  0
20  0      0 15543340 230388 5597764    0    0     0   816 13110 17659 90 10  0  0  0  0
17  2      0 15561556 230408 5597532    0    0     0   672 14386 20708 88 12  0  0  0  0
19  3      0 15561088 230420 5597396    0    0     0   956 12830 15867 88 12  0  0  0  0
17  2      0 15579484 230432 5597432    0    0     0  1964 12235 15090 90 10  0  0  0  0
14  1      0 15579032 230452 5597452    0    0     0  1528 12075 15085 89 10  0  0  0  0
18  1      0 15598612 230468 5597492    0    0     0   928 11676 12601 89 11  0  0  0  0
procs ----------mémoire---------- -échange- -----io---- -système- ------cpu--------
 r  b   swpd  libre tampon  cache   si   so    bi    bo   in   cs us sy id wa st gu
16  1      0 15595412 230480 5597596    0    0     0   500 13335 18159 89 11  0  0  0  0
27  1      0 15592744 230512 5597628    0    0     0  1632 11119 11992 90 10  0  0  0  0
19  1      0 15576064 230524 5597652    0    0     0  1368 12983 18163 89 11  0  0  0  0
25  1      0 15566216 230540 5597776    0    0     0   504 13727 19614 87 13  0  0  0  0
24  2      0 15549640 230564 5597900    0    0     0  1612 12642 16716 90 11  0  0  0  0
15  2      0 15568800 230572 5597920    0    0     0  1340 11212 11508 91  9  0  0  0  0
23  1      0 15564248 230588 5597936    0    0     0   496 12265 15181 88 12  0  0  0  0
26  2      0 15549408 230624 5598084    0    0     0  1960 13222 18460 89 11  0  0  0  0
33 21      0 15537676 230628 5598128    0    0     0   564 11679 14283 90 10  0  0  0  0
20  1      0 15556704 230636 5598024    0    0     0  1276 12350 15575 89 11  0  0  0  0
42  2      0 15593816 230640 5597992    0    0     0   960 14173 19509 87 13  0  0  0  0
12  4      0 15602512 230648 5597756    0    0     0  1784 11985 14364 86 10  0  4  0  0
17  3      0 15599920 230656 5595784    0    0     0  1236 11294 13308 86  9  0  5  0  0
29  0      0 15591864 230680 5595692    0    0     0   808 11901 13406 90 10  0  0  0  0
20 15      0 15627120 230696 5595684    0    0     0  2088 10852 13169 78 10  0 12  0  0
16  2      0 15578836 230704 5595968    0    0     0  1252 11227 11572 91  9  0  0  0  0
20  2      0 15562312 230708 5596080    0    0     0  1368 11227 12716 90 10  0  0  0  0
22  2      0 15554760 230740 5596092    0    0     0  1352 12045 14248 90 10  0  0  0  0
19  2      0 15539816 230772 5596296    0    0     0  1668 11814 13495 88 11  0  0  0  0
22  1      0 15562448 230788 5596124    0    0     0   840 12106 14032 90 10  0  0  0  0
14  1      0 15578988 230808 5598420    0    0     0   600 13122 16872 88 12  0  0  0  0
procs ----------mémoire---------- -échange- -----io---- -système- ------cpu--------
 r  b   swpd  libre tampon  cache   si   so    bi    bo   in   cs us sy id wa st gu
17  1      0 15578352 230836 5598456    0    0     0  1652 11708 13608 91  9  0  0  0  0
18  1      0 15568292 230848 5598472    0    0     0  1440 13492 18434 89 11  0  0  0  0
23  1      0 15535324 230864 5598600    0    0     0   512 13441 18045 89 11  0  0  0  0
13  2      0 15547732 230868 5598672    0    0     0  1576 12164 15295 89 11  0  0  0  0
22  1      0 15534316 230888 5598680    0    0     0  1220 12198 15359 90 10  0  0  0  0
17  0      0 15549412 230896 5598816    0    0     0   288 12681 15691 88 12  0  0  0  0
14  4      0 15527632 230920 5598852    0    0     0  1800 12244 14685 89 11  0  0  0  0
19  1      0 15529172 230936 5598872    0    0     0  1024 13000 17406 91  9  0  0  0  0
23  1      0 15512588 230952 5598960    0    0     0   516 13574 19482 87 13  0  0  0  0
15  2      0 15507340 230968 5599064    0    0     0  1816 13208 18196 90 10  0  0  0  0
16  2      0 15538476 230976 5599088    0    0     0  1000 11360 11739 90 10  0  0  0  0
24  0      0 15547924 231004 5599112    0    0     0   596 12954 16748 89 11  0  0  0  0
20  4      0 15540836 231024 5599184    0    0     0  2008 13662 19538 89 12  0  0  0  0
18  2      0 15543448 231036 5599152    0    0     0   968 13614 18740 88 12  0  0  0  0
19  3      0 15553224 231044 5599140    0    0     0  1476 11654 12860 90 10  0  0  0  0
20  4      0 15562524 231048 5599096    0    0     0  1392 11586 13786 89 10  0  0  0  0
33  8      0 15563444 231052 5599112    0    0     0   664 11603 13318 90  9  0  0  0  0
17  2      0 15541896 231056 5599160    0    0     0   964 10848 11045 91 10  0  0  0  0
28  1      0 15536980 231064 5599188    0    0     0   612 11257 12024 90 10  0  0  0  0
23  0      0 15550660 231068 5599216    0    0     0   432 12335 14875 89 11  0  0  0  0
15  1      0 15532540 231072 5599320    0    0     0   392 12928 16101 89 11  0  0  0  0
procs ----------mémoire---------- -échange- -----io---- -système- ------cpu--------
 r  b   swpd  libre tampon  cache   si   so    bi    bo   in   cs us sy id wa st gu
14  2      0 15522092 231080 5599348    0    0     0  1668 12737 17029 90 10  0  0  0  0
14  1      0 15524260 231080 5599356    0    0     0  1232 11775 13662 90 10  0  0  0  0
16  1      0 15524096 231092 5599500    0    0     0   488 13822 20248 88 12  0  0  0  0
14  3      0 15556308 231092 5599464    0    0     0   932 13247 17580 88 12  0  0  0  0
19  4      0 15581936 231100 5599300    0    0     0  1140 13183 18907 87 10  0  3  0  0
15  2      0 15563668 231104 5599328    0    0     0   604 12768 16296 88 11  0  1  0  0
15  4      0 15570040 231104 5599340    0    0     0  1628 13116 17952 88 11  0  0  0  0
18  5      0 15575136 231104 5599288    0    0     0  1856 10692 11875 80  9  0 10  0  0
22  3      0 15571544 231124 5599308    0    0     0   844 11460 12528 90  9  0  0  0  0
23  3      0 15574228 231144 5599332    0    0     0  1128 11855 13331 90 10  0  0  0  0
16  3      0 15587096 231160 5599432    0    0     0  1408 12175 14958 88 12  0  0  0  0
15  1      0 15583968 231168 5599472    0    0     0   572 12289 15768 91  9  0  0  0  0
24  1      0 15594892 231180 5599476    0    0     0  1640 11388 11872 90 10  0  0  0  0
15  1      0 15579204 231192 5599112    0    0     0  1432 13125 17142 90  9  0  0  0  0
11  1      0 15594424 231196 5599184    0    0     0   300 13194 17669 89 11  0  0  0  0
18  2      0 15593392 231204 5599276    0    0     0  1772 13335 18046 89 11  0  0  0  0
13  1      0 15590976 231204 5599300    0    0     0   172 10884 11011 91  9  0  0  0  0
22  2      0 15608352 231208 5599304    0    0     0  1112 11857 13535 90 11  0  0  0  0
21  2      0 15611200 231228 5599264    0    0     0   584 12399 16446 86 10  0  3  0  0
22 19      0 15602164 231228 5599300    0    0     0  1576 11603 12611 90  9  0  0  0  0
23  0      0 15586108 231248 5599400    0    0     0   624 13591 19446 88 12  0  0  0  0
procs ----------mémoire---------- -échange- -----io---- -système- ------cpu--------
 r  b   swpd  libre tampon  cache   si   so    bi    bo   in   cs us sy id wa st gu
14  1      0 15573392 231260 5599440    0    0     0  1760 12224 14977 89 11  0  0  0  0
24  0      0 15583464 231276 5599472    0    0     0  1216 11436 12738 90 10  0  0  0  0
25  0      0 15578956 231288 5599464    0    0     0   556 13055 16101 89 11  0  0  0  0
13  1      0 15572312 231312 5599500    0    0     0  1760 13192 19513 89 11  0  0  0  0
23  1      0 15578000 231340 5599512    0    0     0  1244 12382 15343 89 11  0  0  0  0
20  1      0 15560876 231352 5599788    0    0     0   756 14089 20422 88 12  0  0  0  0
17  4      0 15592064 231380 5599784    0    0     0  1352 13537 19464 88 12  0  0  0  0
18  3      0 15578056 231388 5599888    0    0     0  1736 12554 17058 91  9  0  0  0  0
11  5      0 15561532 231392 5599708    0    0     0  1136 11866 13007 89 11  0  0  0  0
21  2      0 15575884 231420 5597656    0    0     0  1180 12370 16111 89 11  0  0  0  0
18  3      0 15580816 231424 5597632    0    0     0  1504 12317 15340 88 12  0  0  0  0
15  1      0 15581628 231432 5597636    0    0     0   872 11020 11478 91  9  0  0  0  0
18  1      0 15551476 231472 5600344    0    0     0   612 12885 16492 88 12  0  0  0  0
14  9      0 15550084 231488 5600236    0    0     0  1948 12364 15402 89 11  0  0  0  0
13  1      0 15518600 231492 5600276    0    0     0  1068 12557 15963 89 11  0  0  0  0
16  0      0 15520692 231508 5600496    0    0     0   808 13183 17340 90 10  0  0  0  0
26  1      0 15505052 231520 5600448    0    0     0   632 14112 19449 87 13  0  0  0  0
13  2      0 15508312 231532 5600484    0    0     0  1688 10923 11206 90  9  0  0  0  0
15  1      0 15499776 231536 5600492    0    0     0   860 13619 19186 89 11  0  0  0  0
19  2      0 15502716 231552 5600540    0    0     0   504 13219 16756 89 11  0  0  0  0
17  2      0 15507072 231572 5600640    0    0     0  1880 13110 17808 89 12  0  0  0  0
procs ----------mémoire---------- -échange- -----io---- -système- ------cpu--------
 r  b   swpd  libre tampon  cache   si   so    bi    bo   in   cs us sy id wa st gu
23  1      0 15510176 231580 5600684    0    0     0  1248 11884 14672 90 10  0  0  0  0
13  1      0 15536344 231588 5600724    0    0     0   472 12422 15522 88 12  0  0  0  0
13  0      0 15537940 231604 5600888    0    0     0   320 12231 13504 90 10  0  0  0  0
18  0      0 15528628 231604 5600904    0    0     0     4 12267 16954 91  9  0  0  0  0
12  0      0 15504112 231604 5600952    0    0     0     0 11467 13449 91  9  0  0  0  0
17  1      0 15515028 231604 5600980    0    0     0    16 12561 16657 90 11  0  0  0  0
25  2      0 15506480 231616 5600912    0    0     0  1836 11666 12705 90 10  0  0  0  0
17  1      0 15528780 231628 5600764    0    0     0   556 15206 23591 88 12  0  0  0  0
20  2      0 15543864 231632 5600772    0    0     0  2108 12020 13936 89 11  0  0  0  0
15  0      0 15545716 231644 5600812    0    0     0   268 11224 11988 91  9  0  0  0  0
14  0      0 15548740 231644 5600824    0    0     0     0 11469 13707 90 10  0  0  0  0
15  0      0 15542052 231644 5600840    0    0     0     0 10835 10556 91  9  0  0  0  0
17  0      0 15535508 231644 5600860    0    0     0     0 12779 16751 90 10  0  0  0  0
21  0      0 15539076 231644 5600868    0    0     0     0 11350 12594 91  9  0  0  0  0
14  0      0 15531836 231644 5600888    0    0     0    72 11647 13822 90  9  0  0  0  0
14  0      0 15536508 231644 5600900    0    0     0     0 10617 9953 92  8  0  0  0  0
19  0      0 15532144 231644 5600916    0    0     0     0 12205 16029 90 10  0  0  0  0
16  0      0 15543568 231644 5600928    0    0     0     0 11627 13142 91  9  0  0  0  0
13  0      0 15543000 231644 5600952    0    0     0     0 11595 13475 90 10  0  0  0  0
13  0      0 15555548 231652 5600956    0    0     0    24 11023 10812 91  9  0  0  0  0
15  0      0 15548268 231656 5600972    0    0     0    60 10833 11182 91  9  0  0  0  0
procs ----------mémoire---------- -échange- -----io---- -système- ------cpu--------
 r  b   swpd  libre tampon  cache   si   so    bi    bo   in   cs us sy id wa st gu
23  0      0 15547828 231656 5600980    0    0     0     0 13391 17337 91  9  0  0  0  0
21  0      0 15559564 231656 5601016    0    0     0     0 11454 12827 91  9  0  0  0  0
16  0      0 15560424 231656 5601032    0    0     0     0 11765 13855 90 10  0  0  0  0
16  0      0 15564480 231656 5601052    0    0     0     0 10642 10371 91  9  0  0  0  0
15  1      0 15556120 231660 5601060    0    0     0    28 12685 16165 90 10  0  0  0  0
14  0      0 15556872 231660 5601076    0    0     0     0 11509 13227 91  9  0  0  0  0
16  0      0 15558752 231660 5601100    0    0     0     0 11634 13726 90 10  0  0  0  0
15  0      0 15556340 231676 5601124    0    0     0   112 10669 10279 91  9  0  0  0  0
24  1      0 15575576 231676 5601136    0    0     0    16 11577 12660 91  9  0  0  0  0
20  2      0 15573292 231680 5601076    0    0     0  1868 12851 17341 89 11  0  0  0  0
17  0      0 15547164 231692 5601084    0    0     0   340 11662 13974 90 10  0  0  0  0
18  0      0 15551456 231692 5601100    0    0     0     0 11396 13399 91  9  0  0  0  0
13  1      0 15561380 231692 5601116    0    0     0     4 10848 10507 92  9  0  0  0  0
13  0      0 15555152 231692 5601124    0    0     0     0 11842 14513 91  9  0  0  0  0
17  0      0 15571468 231692 5601144    0    0     0     0 11892 14845 90 10  0  0  0  0
11  0      0 15580952 231692 5601156    0    0     0    80 11122 11824 91  9  0  0  0  0
15  0      0 15583076 231692 5601184    0    0     0     0 10847 10505 91  9  0  0  0  0
17  0      0 15578464 231692 5601196    0    0     0     0 11737 13819 91  9  0  0  0  0
12  2      0 15578476 231692 5601136    0    0     0  1616 13116 16451 89 11  0  0  0  0
16  0      0 15555900 231708 5601156    0    0     0   328 11683 14196 90 10  0  0  0  0
16  0      0 15578792 231708 5601172    0    0     0     0 11133 12124 91  9  0  0  0  0
procs ----------mémoire---------- -échange- -----io---- -système- ------cpu--------
 r  b   swpd  libre tampon  cache   si   so    bi    bo   in   cs us sy id wa st gu
15  0      0 15577464 231708 5601184    0    0     0     4 10887 10665 91  9  0  0  0  0
13  0      0 15582576 231708 5601164    0    0     0     0 12199 16009 90 10  0  0  0  0
23  0      0 15564012 231708 5601180    0    0     0     0 11089 11760 90  9  0  0  0  0
14  0      0 15570564 231712 5601196    0    0     0    56 11034 11664 91  9  0  0  0  0
16  0      0 15575460 231712 5601212    0    0     0     0 11429 13437 90 10  0  0  0  0
14  0      0 15589740 231712 5601228    0    0     0     0 10628 10068 91  9  0  0  0  0
14  0      0 15577112 231712 5599196    0    0     0     0 12461 16194 90 10  0  0  0  0
18  0      0 15570100 231712 5599076    0    0     0     0 11361 12666 90 10  0  0  0  0
19  0      0 15576436 231716 5599088    0    0     0    24 11413 12944 91  9  0  0  0  0
15  0      0 15560500 231720 5599108    0    0     0    56 10856 10883 90 10  0  0  0  0
16  0      0 15558240 231720 5599128    0    0     0     0 12453 16012 91  9  0  0  0  0
15  0      0 15563552 231720 5599140    0    0     0     0 11218 12493 91  9  0  0  0  0
20  0      0 15567956 231732 5599356    0    0     0   424 11730 14624 89 10  0  0  0  0
12  2      0 15556460 231752 5599064    0    0     0  2056 11832 11796 89 11  0  0  0  0
14  0      0 15560080 231756 5599088    0    0     0   148 11122 12153 90 10  0  0  0  0
16  0      0 15583280 231756 5599100    0    0     0     0 10759 10518 91 10  0  0  0  0
13  0      0 15594540 231756 5599116    0    0     0     0 12816 17401 90 10  0  0  0  0
 9  0      0 15579000 231756 5599128    0    0     0     0 11158 11730 92  8  0  0  0  0
14  0      0 15581596 231756 5599148    0    0     0     0 11752 13908 90  9  0  0  0  0
19  0      0 15583256 231756 5599164    0    0     0    48 10733 10446 91  9  0  0  0  0
17  0      0 15569864 231756 5599180    0    0     0     0 12898 17436 90 10  0  0  0  0
procs ----------mémoire---------- -échange- -----io---- -système- ------cpu--------
 r  b   swpd  libre tampon  cache   si   so    bi    bo   in   cs us sy id wa st gu
20  0      0 15574228 231756 5599196    0    0     0     0 11498 12953 90  9  0  0  0  0
14  0      0 15588352 231756 5599216    0    0     0     0 11522 13012 91  9  0  0  0  0
13  0      0 15594112 231756 5599236    0    0     0     0 10661 10999 91 10  0  0  0  0
18  0      0 15599468 231756 5599244    0    0     0    28 10899 10590 91  9  0  0  0  0
11  0      0 15577576 231756 5599260    0    0     0     0 12102 14992 91  8  0  0  0  0
14  0      0 15576496 231756 5599272    0    0     0     0 11330 12492 91  9  0  0  0  0
13  0      0 15580296 231756 5599288    0    0     0     0 11580 13145 91  9  0  0  0  0
12  0      0 15566580 231756 5599304    0    0     0    76 10828 10476 92  9  0  0  0  0
16  0      0 15563476 231760 5599308    0    0     0    24 12194 16186 91 10  0  0  0  0
16  0      0 15555004 231760 5599328    0    0     0     0 11530 12802 91  9  0  0  0  0
14  0      0 15569824 231760 5599344    0    0     0     0 11927 13860 90 10  0  0  0  0
15  0      0 15578768 231760 5599364    0    0     0     0 10743 10380 91  9  0  0  0  0
22  1      0 15575544 231760 5599300    0    0     0  1308 12676 16394 88 12  0  0  0  0
13  0      0 15575320 231784 5599320    0    0     0   720 12125 13905 90 10  0  0  0  0
14  1      0 15583728 231784 5599328    0    0     0     4 11365 12695 90 10  0  0  0  0
15  0      0 15586936 231784 5599352    0    0     0     0 11534 13369 91  9  0  0  0  0
15  0      0 15601740 231784 5599368    0    0     0     0 10738 9980 91  9  0  0  0  0
12  1      0 15587800 231784 5599380    0    0     0    76 12207 15138 91  9  0  0  0  0
12  0      0 15562840 231788 5599408    0    0     0    80 11760 13779 90 10  0  0  0  0
15  0      0 15574636 231788 5599412    0    0     0     0 11530 13151 90 10  0  0  0  0
15  1      0 15575452 231808 5599348    0    0     0  1724 12200 14266 90 10  0  0  0  0
procs ----------mémoire---------- -échange- -----io---- -système- ------cpu--------
 r  b   swpd  libre tampon  cache   si   so    bi    bo   in   cs us sy id wa st gu
13  0      0 15586872 231828 5599352    0    0     0   296 13076 17836 89 10  0  0  0  0
15  0      0 15572308 231828 5599360    0    0     0     0 11450 12699 90  9  0  0  0  0
24  0      0 15594972 231828 5599084    0    0     0     4 11948 13952 91  9  0  0  0  0
15  0      0 15606500 231828 5599004    0    0     0     0 10911 10849 91  9  0  0  0  0
11  0      0 15619856 231840 5599008    0    0     0   148 10749 10527 91  9  0  0  0  0
13  0      0 15620536 231840 5599036    0    0     0     0 12159 15020 90 10  0  0  0  0
10  0      0 15631492 231840 5599048    0    0     0     0 11378 12383 91  9  0  0  0  0
15  0      0 15621552 231860 5599092    0    0     0   456 11625 12935 91  8  0  0  0  0
15  0      0 15629340 231860 5599096    0    0     0     0 10990 10786 91  9  0  0  0  0
18  0      0 15634184 231868 5599104    0    0     0   112 12592 15574 91  9  0  0  0  0
10  0      0 15630024 231868 5599112    0    0     0     0 11272 12500 90 10  0  0  0  0
16  0      0 15630496 231868 5599124    0    0     0     0 11596 13056 90 10  0  0  0  0
17  0      0 15627096 231868 5599140    0    0     0     0 10640 9941 91  9  0  0  0  0
14  0      0 15613692 231868 5599156    0    0     0     0 11692 14191 90 10  0  0  0  0
12  0      0 15609156 231872 5599168    0    0     0    48 11480 12634 91  9  0  0  0  0
18  0      0 15615072 231872 5599184    0    0     0     0 11247 12002 90 10  0  0  0  0
18  2      0 15624836 231876 5599124    0    0     0  1804 12542 15218 89 10  0  0  0  0
13  1      0 15637952 231892 5599056    0    0     0   456 11747 13151 90 10  0  0  0  0
13  0      0 15636960 231912 5599052    0    0     0  1660 13336 17409 89 11  0  0  0  0
15  0      0 15629392 231912 5599084    0    0     0     0 11420 12814 91  9  0  0  0  0
12  0      0 15629796 231912 5599100    0    0     0     4 11555 12856 91  9  0  0  0  0
procs ----------mémoire---------- -échange- -----io---- -système- ------cpu--------
 r  b   swpd  libre tampon  cache   si   so    bi    bo   in   cs us sy id wa st gu
10  0      0 15633888 231912 5599116    0    0     0     0 10743 10156 90  9  1  0  0  0
13  0      0 15643516 231912 5599136    0    0     0     0 12350 15212 91  9  0  0  0  0
15  1      0 15654408 231916 5599140    0    0     0    84 11402 12310 91  9  0  0  0  0
15  0      0 15650400 231916 5599164    0    0     0     0 11446 12596 91  9  0  0  0  0
19  2      0 15638268 231932 5599200    0    0     0  1224 12168 14582 88 11  0  0  0  0
11  0      0 15650156 231944 5599236    0    0     0  1328 12148 15150 90  9  1  0  0  0
17  0      0 15607880 231948 5599548    0    0     0    60 10940 11610 90 10  0  0  0  0
16  0      0 15589096 231952 5599652    0    0     0   144 10943 11042 91  9  0  0  0  0
12  0      0 15593124 231952 5599648    0    0     0     4 11245 12214 91  9  0  0  0  0
13  1      0 15586392 231960 5600456    0    0     0   536 11817 13625 90 10  0  0  0  0
17  0      0 15580940 231968 5600052    0    0     0  1736 21434 18368 87 13  0  0  0  0
12  0      0 15575260 231972 5599844    0    0     0    60 22425 12317 89 10  0  0  0  0
12  0      0 15601012 231972 5599856    0    0     0     4 18121 13563 89 11  0  0  0  0
12  0      0 15616752 231972 5599872    0    0     0     0 16553 9844 91  9  1  0  0  0
15  0      0 15615532 231972 5599820    0    0     0     0 19134 15462 89 10  0  0  0  0
14  0      0 15607872 231972 5599832    0    0     0     0 23102 12238 90 10  0  0  0  0
11  0      0 15606800 231976 5599840    0    0     0    40 28571 12055 90 10  0  0  0  0
14  0      0 15615124 231976 5599856    0    0     0     0 33201 9939 89 11  0  0  0  0
14  0      0 15607524 231976 5599864    0    0     0     0 41620 13981 89 11  0  0  0  0
21  0      0 15600084 231992 5600444    0    0     0   236 31315 10338 89 11  0  0  0  0
11  1      0 15595192 231996 5606820    0    0     0  1488 12708 17417 89 11  0  0  0  0
procs ----------mémoire---------- -échange- -----io---- -système- ------cpu--------
 r  b   swpd  libre tampon  cache   si   so    bi    bo   in   cs us sy id wa st gu
13  0      0 15614068 232012 5606616    0    0     0   744 12514 14596 90 10  0  0  0  0
14  0      0 15614828 232012 5606660    0    0     0     0 10775 10571 91  9  0  0  0  0
21  0      0 15624796 232012 5606672    0    0     0     0 11605 12987 91  9  0  0  0  0
 9  0      0 15620652 232012 5606684    0    0     0     0 10866 10231 91  9  0  0  0  0
13  0      0 15635336 232012 5606696    0    0     0     0 11154 11533 91  9  0  0  0  0
14  0      0 15630420 232012 5606708    0    0     0    48 11111 12117 90 10  0  0  0  0
13  0      0 15630468 232012 5606720    0    0     0     0 10792 10081 92  8  0  0  0  0
12  0      0 15627824 232012 5606724    0    0     0     0 11631 14125 90 10  0  0  0  0
10  0      0 15633108 232012 5606736    0    0     0     0 11196 11576 92  8  0  0  0  0
12  0      0 15635440 232012 5606752    0    0     0     0 11215 12317 91  9  0  0  0  0
21  0      0 15637872 232016 5606764    0    0     0    24 10875 10533 91  8  0  0  0  0
13  0      0 15635320 232016 5606780    0    0     0     0 12115 14375 91  9  0  0  0  0
11  2      0 15624716 232024 5606704    0    0     0  1620 12342 14160 89 10  1  0  0  0
10  1      0 15625552 232044 5606592    0    0     0  1708 13054 15944 89 11  0  0  0  0
20  0      0 15647784 232056 5606604    0    0     0   280 11570 12049 91  9  0  0  0  0
15  0      0 15652156 232056 5606620    0    0     0     0 11047 11303 90  9  0  0  0  0
12  0      0 15668812 232056 5606632    0    0     0     0 10860 10239 91  9  0  0  0  0
11  0      0 15650268 232060 5606632    0    0     0    72 11851 13489 90  9  1  0  0  0
10  0      0 15655184 232060 5606636    0    0     0     0 11386 11919 91  9  0  0  0  0
16  0      0 15668204 232060 5606664    0    0     0    64 11227 11699 91  9  1  0  0  0
11  0      0 15672280 232060 5606676    0    0     0     0 10669 10342 90  9  1  0  0  0
procs ----------mémoire---------- -échange- -----io---- -système- ------cpu--------
 r  b   swpd  libre tampon  cache   si   so    bi    bo   in   cs us sy id wa st gu
13  1      0 15673860 232064 5606632    0    0     0  1532 12934 16602 89 11  0  0  0  0
10  0      0 15665504 232080 5606588    0    0     0   320 11934 12743 91  9  0  0  0  0
10  0      0 15664652 232080 5606596    0    0     0     0 11149 11581 91  9  0  0  0  0
13  0      0 15659500 232092 5606608    0    0     0   136 10853 10363 91  9  0  0  0  0
19  0      0 15672044 232092 5606612    0    0     0     0 11128 11238 90  9  1  0  0  0
 9  3      0 15684368 232092 5606532    0    0     0   512 13547 18232 89 10  0  0  0  0
10  1      0 15701408 232108 5606368    0    0     0  1724 11689 13077 89 10  1  0  0  0
10  1      0 15691196 232132 5606128    0    0     0  1668 11793 12205 88 10  2  0  0  0
13  0      0 15692448 232132 5606168    0    0     0     0 11148 10425 89  9  2  0  0  0
10  1      0 15704520 232132 5606176    0    0     0   120 11981 13844 87  9  3  0  0  0
 8  0      0 15720920 232156 5606072    0    0     0  1632 11247 10594 87  9  3  1  0  0
 7  0      0 15706600 232156 5606076    0    0     0     0 11282 12742 86  9  6  0  0  0
 8  0      0 15702172 232156 5606092    0    0     0     0 10517 9929 87  8  4  0  0  0
 9  0      0 15712648 232156 5606100    0    0     0     0 10465 9954 88  8  4  0  0  0
12  2      0 15721632 232164 5606028    0    0     0  1464 11581 12435 84 10  5  1  0  0
 7  0      0 15705792 232176 5605916    0    0     0   300 11123 13689 79  8 11  1  0  0
 6  0      0 15716692 232176 5605916    0    0     0     0 9693 9801 77  8 15  0  0  0
 5  3      0 15713972 232180 5605764    0    0     0  1500 11628 14642 74  9 15  3  0  0
 3  1      0 15739716 232188 5605588    0    0     0   780 9557 13437 38  5 36 21  0  0
 2  9      0 15746848 232192 5605392    0    0     0  1736 10276 15531 38  5 40 17  0  0
 1  5      0 15760732 232208 5605240    0    0     0  1512 6364 7384 21  3 39 37  0  0
procs ----------mémoire---------- -échange- -----io---- -système- ------cpu--------
 r  b   swpd  libre tampon  cache   si   so    bi    bo   in   cs us sy id wa st gu
 1  2      0 15795344 232264 5590084    0    0     0  1276 3952 5030 14  1 50 35  0  0
 2  6      0 15796532 232284 5590008    0    0     0  1784 3787 4563 15  2 57 27  0  0
 3  0      0 15744168 232304 5591952    0    0     0   664 11249 16757 18  4 68 10  0  0
 1  1      0 15751228 232324 5593976    0    0     0   992 9159 12914 16  3 72  9  0  0
 7  0      0 15754256 232352 5593896    0    0     0   892 4750 5797 14  1 73 11  0  0
 1  1      0 15763768 232400 5593788    0    0     0  1056 5211 7982 14  1 74 11  0  0
 1  1      0 15791136 232452 5593712    0    0     0  1356 4622 6020 14  1 68 17  0  0
 1  1      0 15795048 232472 5593644    0    0     0   900 5164 5937 14  2 72 11  0  0
 1  2      0 15811220 232520 5593560    0    0     0   948 4642 7334 14  1 72 13  0  0
 1  1      0 15810488 232556 5593456    0    0     0   936 4685 5958 13  1 74 12  0  0
 1  1      0 15814492 232592 5593368    0    0     0   920 4416 5404 14  1 74 12  0  0
 1  1      0 15818584 232624 5593288    0    0     0   900 5236 7768 14  1 74 11  0  0
 1  1      0 15830500 232644 5593208    0    0     0  1272 4254 5236 13  1 73 12  0  0
 1  1      0 15832316 232684 5593136    0    0     0  1068 4806 6347 14  1 74 12  0  0
 1  1      0 15816148 232720 5593016    0    0     0   980 4834 7434 14  1 73 12  0  0
 1  1      0 15826676 232740 5592952    0    0     0   908 4299 5187 13  1 74 12  0  0
 1  1      0 15840776 232772 5592840    0    0     0  1056 4637 5733 13  1 74 11  0  0
 1  1      0 15826632 232808 5592764    0    0     0   944 5240 8071 14  1 73 12  0  0
 2  1      0 15840996 232840 5594668    0    0     0  2304 5680 8187 11  4 74 11  0  0
