procs ----------mémoire---------- -échange- -----io---- -système- ------cpu--------
 r  b   swpd  libre tampon  cache   si   so    bi    bo   in   cs us sy id wa st gu
 7  0      0 13445852 221064 5927728    0    0   175   566 6342   12  9  4 85  1  0  0
 0  1      0 13450952 221084 5927500    0    0     0  2596 3966 8079  5  3 76 17  0  0
 1  1      0 13417184 221104 5942432    0    0     0   884 6285 10713 12  4 73 11  0  0
 0  2      0 13421736 221120 5942524    0    0     0  2008 10587 9731 10  4 71 15  0  0
 3  0      0 13409988 221132 5942760    0    0     0   492 12054 14903  9  6 78  7  0  0
 1  0      0 13381640 221140 5942648    0    0     0   160 26614 28844 11  9 78  1  0  0
 0  1      0 13391428 221144 5942148    0    0     0  1416 13656 13136  7  4 78 11  0  0
 1  1      0 13391188 221172 5942264    0    0     0   728 12053 11386  8  6 76  9  0  0
 1  0      0 13399112 221184 5942288    0    0     0   236 7956 4751  3  3 91  2  0  0
 1  0      0 13404424 221184 5942300    0    0     0     0 10090 6636  4  3 94  0  0  0
 0  0      0 13417272 221184 5942312    0    0     0     0 5558 3226  3  3 95  0  0  0
 0  0      0 13421856 221184 5942316    0    0     0     0 9108 3978  3  3 94  0  0  0
 0  0      0 13424652 221184 5942332    0    0     0     0 9824 6425  4  3 93  0  0  0
 0  2      0 13428648 221204 5942340    0    0     0  1924 11377 9932  6  4 75 16  0  0
 0  1      0 13432256 221220 5942368    0    0     0  1076 4119 4908  4  3 81 12  0  0
 1  3      0 13423124 221252 5942472    0    0     0  1608 17133 19317 10  8 71 12  0  0
 1  1      0 13414644 221284 5942500    0    0     0   988 12610 9270 10  8 67 16  0  0
 2  1      0 13413196 221328 5938476    0    0     0   876 18136 21698 17 11 63  9  0  0
 2  1      0 13405240 221348 5938496    0    0     0  1916 18041 14116 19 14 55 12  0  0
 3  1      0 13387916 221376 5938604    0    0     0   776 17583 26921 22 16 55  8  0  0
 6  1      0 13375272 221384 5938552    0    0     0  1756 18235 17785 28 20 43  9  0  0
procs ----------mémoire---------- -échange- -----io---- -système- ------cpu--------
 r  b   swpd  libre tampon  cache   si   so    bi    bo   in   cs us sy id wa st gu
 3  1      0 13361008 221432 5938632    0    0     0  1044 20208 21682 29 21 45  5  0  0
 4  2      0 13362008 221456 5938896    0    0     0  1764 17715 22698 39 25 30  7  0  0
 4  2      0 13346512 221492 5938504    0    0     0  1080 18841 24893 35 24 33  7  0  0
 4  2      0 13332348 221504 5938604    0    0     0  1488 16761 18328 30 20 34 16  0  0
 4  2      0 13347052 221544 5938664    0    0     0  1744 11804 22419 33 24 34  9  0  0
 3  2      0 13348176 221560 5938748    0    0     0  1488 16307 16794 33 20 33 14  0  0
 5  2      0 13347580 221592 5939016    0    0     0  1312 14894 18733 28 19 35 17  0  0
 4  1      0 13338924 221632 5939488    0    0     0  1716 19269 25335 37 23 33  8  0  0
 3  2      0 13336468 221636 5939444    0    0     0   896 17052 22525 28 20 35 17  0  0
 3  1      0 13328248 221664 5939396    0    0     0  1596 20222 20761 29 20 41 10  0  0
 5  3      0 13318224 221696 5939320    0    0     0   880 22859 30255 31 21 40  8  0  0
 0  8      0 13324484 221700 5939324    0    0     0  1992 10354 15399 26 19 37 18  0  0
 6  1      0 13335712 221752 5939324    0    0     0  1328 11831 20312 26 20 44 10  0  0
 6  5      0 13336708 221780 5938748    0    0     0  1072 22686 28769 30 20 41  8  0  0
 8  3      0 13336256 221800 5938888    0    0     0  1788 19738 21242 33 19 29 19  0  0
 7  1      0 13342364 221860 5938824    0    0     0  1272 19395 17687 28 20 43 10  0  0
 7  2      0 13333332 221864 5938868    0    0     0   948 21415 21716 27 17 45 10  0  0
11  1      0 13326612 221884 5938916    0    0     0  1460 20927 23949 29 20 36 15  0  0
 7  2      0 13324888 221912 5939000    0    0     0  1428 19792 18669 29 19 42 10  0  0
 5  3      0 13329804 221932 5939056    0    0     0  1636 20613 23362 27 15 42 15  0  0
10  1      0 13343556 221968 5938880    0    0     0   936 19426 19359 21 15 49 15  0  0
procs ----------mémoire---------- -échange- -----io---- -système- ------cpu--------
 r  b   swpd  libre tampon  cache   si   so    bi    bo   in   cs us sy id wa st gu
 6  1      0 13329604 221996 5938888    0    0     0  1684 19482 18792 25 18 40 17  0  0
 6  5      0 13338704 222012 5939032    0    0     0  1536 20878 20288 23 15 45 16  0  0
 7  1      0 13340804 222040 5939160    0    0     0   776 19032 17695 22 15 46 18  0  0
 6  1      0 13321448 222048 5939200    0    0     0  1508 19315 16799 30 19 40 11  0  0
 9  2      0 13321936 222068 5939104    0    0     0  1192 20052 18543 29 19 44  9  0  0
 5  2      0 13321888 222072 5939208    0    0     0  1484 18101 16668 21 15 46 17  0  0
 6  1      0 13311460 222096 5939228    0    0     0   760 10990 19546 19 15 47 18  0  0
 6  1      0 13328584 222116 5934960    0    0     0  1368 9918 16158 26 19 39 16  0  0
 7  2      0 13346752 222152 5934924    0    0     0  1124 8342 12016 19 14 46 22  0  0
 3  5      0 13359252 222160 5935020    0    0     0  1468 9130 12886 17 13 50 20  0  0
 8  3      0 13372076 222216 5934988    0    0     0  1876 10109 17988 21 17 46 16  0  0
 9  1      0 13356148 222224 5939320    0    0     0   872 15275 16003 28 20 39 14  0  0
15  4      0 13348344 222248 5939168    0    0     0   888 20163 20125 23 15 49 14  0  0
 7  2      0 13333968 222272 5939272    0    0     0  1140 17628 14433 18 12 44 25  0  0
11  5      0 13343500 222324 5939788    0    0     0  2304 20402 20507 26 18 42 14  0  0
 9  1      0 13333428 222328 5939532    0    0     0   448 19215 16155 29 19 38 14  0  0
 6  2      0 13340236 222356 5939492    0    0     0  1164 12330 18357 21 15 46 18  0  0
 4  2      0 13327924 222368 5939564    0    0     0  1324 10470 15631 24 18 44 15  0  0
13  1      0 13335396 222396 5939612    0    0     0   856 10941 19805 22 16 51 12  0  0
 4  3      0 13344332 222416 5939552    0    0     0  1428 9262 13231 18 14 49 19  0  0
 4  1      0 13346648 222436 5939564    0    0     0  1496 9972 14870 18 14 51 16  0  0
procs ----------mémoire---------- -échange- -----io---- -système- ------cpu--------
 r  b   swpd  libre tampon  cache   si   so    bi    bo   in   cs us sy id wa st gu
 5  1      0 13329208 222468 5939472    0    0     0   660 17859 18019 23 15 53  8  0  0
 3  3      0 13334504 222484 5939512    0    0     0  1856 20652 21842 25 17 45 13  0  0
 4  3      0 13341168 222488 5939512    0    0     0   284 17307 12205 17 13 50 19  0  0
 9  1      0 13330460 222504 5939520    0    0     0   832 18273 13907 18 14 48 20  0  0
 3  1      0 13314932 222552 5939536    0    0     0  1348 18227 15276 19 14 57 11  0  0
 4  2      0 13308096 222560 5939600    0    0     0   636 20576 23859 19 14 55 11  0  0
 4  1      0 13302596 222588 5939616    0    0     0  2088 17554 12497 18 14 49 19  0  0
 3  1      0 13311100 222636 5939640    0    0     0  1116 17782 11421 18 14 55 13  0  0
 8  1      0 13309308 222652 5939760    0    0     0  1212 20920 23390 24 17 53  6  0  0
 4  2      0 13317608 222664 5939636    0    0     0  1640 19082 16429 21 15 43 21  0  0
 5  1      0 13333572 222696 5939768    0    0     0  1500 16694 12161 21 15 51 13  0  0
11  1      0 13332948 222740 5940336    0    0     0   900 14540 24387 25 17 52  7  0  0
 4  1      0 13311160 222748 5940420    0    0     0  1512 10491 17585 26 19 44 10  0  0
 7  1      0 13319336 222780 5940468    0    0     0  1064 11910 22788 28 21 45  6  0  0
 6  3      0 13335524 222800 5940776    0    0     0  1844 11546 21790 26 18 43 13  0  0
10  2      0 13348628 222824 5934068    0    0     0  1704 10235 16518 29 20 39 12  0  0
12  2      0 13343192 222852 5933988    0    0     0  1172 17886 18975 25 19 46 11  0  0
 4  3      0 13344960 222856 5934072    0    0     0  1332 14898 17427 21 15 48 15  0  0
 4  1      0 13364384 222900 5925764    0    0     0  1308 18175 20180 21 16 47 17  0  0
 4  2      0 13362480 222916 5925792    0    0     0  1264 10837 15832 23 17 44 16  0  0
 1  8      0 13367572 222916 5925804    0    0     0  1396 15341 15561 19 14 47 19  0  0
procs ----------mémoire---------- -échange- -----io---- -système- ------cpu--------
 r  b   swpd  libre tampon  cache   si   so    bi    bo   in   cs us sy id wa st gu
 5  2      0 13365312 222936 5929860    0    0     0   876 17069 13325 19 13 47 22  0  0
 1  2      0 13386956 222944 5929900    0    0     0  1028 19031 17651 15 11 57 17  0  0
 1  2      0 13392004 222956 5929668    0    0     0  1108 15694 10496 10  8 58 24  0  0
 2  3      0 13387448 222980 5929708    0    0     0  1536 19225 18808 19 13 55 13  0  0
 2  2      0 13378960 222992 5929716    0    0     0   988 15996 13396 18 13 55 14  0  0
 1  1      0 13390764 223012 5930112    0    0     0   564 16411 18895 18 13 58 11  0  0
 0 10      0 13385976 223024 5930008    0    0     0  1636 18169 18624 16 11 52 21  0  0
 1  1      0 13371132 223064 5930016    0    0     0  1308 11871 14537 17 13 53 17  0  0
 2  1      0 13382024 223092 5930016    0    0     0  1160 16732 15713 19 14 54 13  0  0
 3  1      0 13364444 223100 5930200    0    0     0   540 17630 23388 23 16 54  7  0  0
 3  1      0 13360436 223116 5926200    0    0     0  1672 11792 15954 26 20 46  8  0  0
 2  2      0 13354568 223120 5926072    0    0     0  1296 10101 15429 17 14 47 21  0  0
 0 10      0 13363640 223124 5930256    0    0     0  1172 8628 11310 18 13 45 24  0  0
 3  1      0 13378796 223156 5930860    0    0     0   532 16669 15842 17 13 50 20  0  0
 3  1      0 13381892 223172 5930676    0    0     0  1704 15276 19304 26 18 48  7  0  0
 3  1      0 13372712 223180 5930308    0    0     0   980 16209 18767 20 16 52 13  0  0
 2  1      0 13363664 223208 5930348    0    0     0  1188 13722 13609 18 14 58 10  0  0
 4  1      0 13386356 223224 5930444    0    0     0   736 12212 23416 23 17 52  8  0  0
 6  2      0 13372688 223236 5930200    0    0     0  1708 10710 16512 28 19 38 16  0  0
 2  6      0 13376688 223236 5929864    0    0     0  2328 10564 15674 24 16 41 18  0  0
 3  1      0 13373972 223276 5929600    0    0     0   524 10067 18193 23 14 41 22  0  0
procs ----------mémoire---------- -échange- -----io---- -système- ------cpu--------
 r  b   swpd  libre tampon  cache   si   so    bi    bo   in   cs us sy id wa st gu
 4  0      0 13377116 223296 5929944    0    0     0   584 11637 22233 22 16 55  7  0  0
 3  2      0 13382776 223316 5932448    0    0     0  3804 9101 12961 19 15 36 30  0  0
14  2      0 13378304 223316 5939176    0    0     0  7044 8469 9306 21 15 42 22  0  0
 4  1      0 13377704 223352 5942676    0    0     0  4524 9828 15098 30 16 31 23  0  0
 2  1      0 13397144 223368 5930320    0    0     0  4780 11085 18120 26 18 45 10  0  0
 4  2      0 13387716 223392 5930288    0    0     0  1296 11133 20606 22 17 51 10  0  0
 2  2      0 13391904 223400 5930168    0    0     0  1464 10453 16417 26 18 36 20  0  0
 2  3      0 13399588 223420 5930188    0    0     0  1496 8928 9735 20 15 49 16  0  0
 2  1      0 13399004 223444 5930180    0    0     0   980 8850 11405 16 14 53 16  0  0
 6  0      0 13401304 223492 5930552    0    0     0   732 11998 20553 31 20 42  6  0  0
15  7      0 13386660 223504 5930284    0    0     0  2012 11527 21966 23 16 49 12  0  0
 3  4      0 13392776 223504 5930252    0    0     0   756 9106 12590 17 14 47 21  0  0
 2  1      0 13391408 223528 5930280    0    0     0  1048 9282 12833 17 14 49 20  0  0
 1  1      0 13387924 223564 5930532    0    0     0   676 10667 17405 18 14 59 10  0  0
 3  5      0 13395800 223568 5930532    0    0     0   844 10214 17570 21 15 36 28  0  0
 1  4      0 13399900 223584 5930532    0    0     0  2224 9178 12766 16 12 44 27  0  0
 3  1      0 13391460 223612 5930564    0    0     0  1136 9455 13711 20 14 46 19  0  0
 2  1      0 13390312 223648 5930824    0    0     0   784 11387 19441 27 19 47  8  0  0
 4  7      0 13377680 223660 5930904    0    0     0  3860 11456 25751 24 15 44 16  0  0
 2  6      0 13364116 223680 5930836    0    0     0  2068 9527 13992 18 14 41 28  0  0
 5  3      0 13357792 223696 5930836    0    0     0  1224 9402 12778 16 14 48 22  0  0
procs ----------mémoire---------- -échange- -----io---- -système- ------cpu--------
 r  b   swpd  libre tampon  cache   si   so    bi    bo   in   cs us sy id wa st gu
 1  2      0 13382532 223712 5930636    0    0     0   936 9478 13693 15 12 54 19  0  0
 1  2      0 13388880 223740 5930648    0    0     0   968 6817 8146  9  7 59 25  0  0
 0  2      0 13388008 223748 5930684    0    0     0  1028 7550 11244 11  8 61 21  0  0
 1  4      0 13378884 223756 5926680    0    0     0   688 7785 10969 10  8 66 17  0  0
 0  5      0 13388800 223776 5926628    0    0     0   464 6869 9108  7  6 65 22  0  0
 1  4      0 13403476 223788 5926640    0    0     0  1148 8213 13664 11  8 56 25  0  0
 1  5      0 13392672 223788 5926652    0    0     0  1132 7501 10002  9  8 57 26  0  0
 1  3      0 13393748 223792 5926660    0    0     0   468 4258 5558  5  4 57 34  0  0
 1  1      0 13415124 223816 5926640    0    0     0   712 6757 7986  9  7 66 17  0  0
 1  1      0 13410828 223828 5930808    0    0     0   432 8190 11441 10  8 72 10  0  0
 2  1      0 13388044 223836 5930872    0    0     0  1056 9793 17829 14 11 65  9  0  0
 4  1      0 13370236 223844 5926780    0    0     0  1480 12354 11985 17 13 49 21  0  0
 2  1      0 13395964 223868 5930824    0    0     0  1012 13325 13497 15 11 58 16  0  0
 1  3      0 13401184 223876 5930636    0    0     0  1432 10121 11647 10  7 56 26  0  0
 2  1      0 13396340 223908 5930616    0    0     0   912 9863 11081  9  7 58 26  0  0
 3  2      0 13384380 223920 5930660    0    0     0  1520 15002 17239 18 14 50 18  0  0
 2  1      0 13398264 223932 5930672    0    0     0  2576 15317 13447 17 13 54 16  0  0
 3  1      0 13372056 223956 5931036    0    0     0   564 24586 18558 21 14 56  8  0  0
 2  3      0 13368924 223980 5931016    0    0     0  1904 15650 21015 23 16 46 15  0  0
 4  2      0 13372780 223988 5931008    0    0     0   488 12267 11485 18 13 50 18  0  0
 3  1      0 13369276 224024 5931008    0    0     0  1444 14253 13416 20 13 51 17  0  0
procs ----------mémoire---------- -échange- -----io---- -système- ------cpu--------
 r  b   swpd  libre tampon  cache   si   so    bi    bo   in   cs us sy id wa st gu
 3  1      0 13373864 224040 5931328    0    0     0   772 15602 21530 22 14 55  9  0  0
 3  1      0 13375584 224056 5931348    0    0     0  2076 14547 15824 27 18 44 11  0  0
 2  3      0 13360996 224064 5931300    0    0     0  1208 13466 16603 21 14 48 17  0  0
 3  3      0 13364680 224084 5931332    0    0     0   988 9818 11333 17 11 48 24  0  0
 2  1      0 13362628 224112 5931364    0    0     0   824 11651 14112 18 13 50 19  0  0
 3  2      0 13360844 224160 5931324    0    0     0  1576 13021 21102 23 15 51 11  0  0
 2  2      0 13370124 224172 5931356    0    0     0  1084 9111 10677 16 10 44 30  0  0
 4  2      0 13378988 224184 5931364    0    0     0   952 8487 9754 15 10 45 30  0  0
10  0      0 13382000 224204 5931360    0    0     0   924 11145 15909 25 16 47 12  0  0
 2  2      0 13389068 224232 5931412    0    0     0   684 12357 21794 25 17 47 11  0  0
 1  4      0 13384472 224252 5931440    0    0     0  2344 9252 11156 19 13 41 27  0  0
 4  1      0 13385996 224284 5931448    0    0     0  1264 8880 12167 14 10 52 24  0  0
 2  1      0 13377040 224312 5931452    0    0     0   532 10239 15978 19 14 59  8  0  0
 5  3      0 13386736 224332 5931508    0    0     0  1788 11097 20963 25 18 45 12  0  0
 2  2      0 13386416 224332 5931444    0    0     0   560 9488 13327 17 13 49 21  0  0
 2  1      0 13384876 224360 5931604    0    0     0  1556 9892 14813 19 14 56 11  0  0
 5  1      0 13379596 224372 5931568    0    0     0   684 11898 22824 23 17 53  7  0  0
 3  1      0 13373560 224388 5931616    0    0     0  1528 9976 16767 26 19 44 11  0  0
 4  4      0 13367580 224396 5931572    0    0     0  1532 10136 14602 17 15 48 20  0  0
 2  1      0 13370472 224428 5931456    0    0     0   884 9009 12460 16 14 51 19  0  0
 2  2      0 13373384 224432 5931704    0    0     0  1420 12667 26071 24 18 50  8  0  0
procs ----------mémoire---------- -échange- -----io---- -système- ------cpu--------
 r  b   swpd  libre tampon  cache   si   so    bi    bo   in   cs us sy id wa st gu
 4  2      0 13381424 224440 5931652    0    0     0   824 9148 13652 21 13 45 21  0  0
 2  1      0 13376776 224468 5927572    0    0     0  1436 9939 15117 20 14 51 16  0  0
 3  1      0 13372012 224480 5931844    0    0     0   652 10726 17859 20 15 57  8  0  0
 2  2      0 13377968 224484 5931756    0    0     0  1660 10678 19282 21 16 46 17  0  0
 2  3      0 13389648 224492 5934040    0    0     0  2040 9683 14427 19 14 48 20  0  0
 2  1      0 13383324 224508 5936328    0    0     0  4700 9469 15545 23 14 42 21  0  0
 2  1      0 13374564 224540 5931980    0    0     0  4908 10705 18090 20 15 53 13  0  0
 3  2      0 13368764 224556 5931704    0    0     0   896 11142 20517 19 14 54 13  0  0
 2  1      0 13361932 224568 5931788    0    0     0  2424 10199 14639 28 19 34 18  0  0
 3  1      0 13362972 224576 5931876    0    0     0  1308 10053 14684 26 16 47 12  0  0
 5  1      0 13377744 224592 5931980    0    0     0   576 11087 18040 24 17 51  7  0  0
 2  1      0 13385128 224624 5931948    0    0     0  2312 13201 22541 37 24 29  9  0  0
 4  2      0 13374528 224640 5931988    0    0     0   956 7053 10383 13 11 50 27  0  0
 2  2      0 13376020 224660 5931988    0    0     0  1336 8973 11771 18 13 55 13  0  0
 3  1      0 13375576 224688 5932016    0    0     0   712 11394 22234 22 16 54  7  0  0
 3  1      0 13375576 224716 5932060    0    0     0  1628 9662 14808 25 20 44 11  0  0
 4  2      0 13371144 224716 5927924    0    0     0  1700 10935 17919 20 15 48 18  0  0
 0  4      0 13366868 224752 5932048    0    0     0  1136 8766 11979 15 13 50 22  0  0
 3  1      0 13385228 224780 5932124    0    0     0  1772 12243 23143 20 15 52 13  0  0
 9  2      0 13384080 224788 5932116    0    0     0   568 9501 14093 23 17 46 15  0  0
 2  2      0 13379860 224796 5932092    0    0     0  1604 9498 12987 19 14 44 22  0  0
procs ----------mémoire---------- -échange- -----io---- -système- ------cpu--------
 r  b   swpd  libre tampon  cache   si   so    bi    bo   in   cs us sy id wa st gu
 4  1      0 13385008 224832 5932128    0    0     0   792 8930 11943 17 13 48 22  0  0
 3  1      0 13378604 224848 5932244    0    0     0   588 11648 22478 23 17 54  7  0  0
 0  5      0 13381868 224864 5932252    0    0     0  1576 8393 10478 18 14 32 35  0  0
 2  2      0 13379572 224872 5932204    0    0     0  1796 10052 13978 18 14 48 20  0  0
 2  1      0 13377764 224880 5932272    0    0     0   632 10315 16752 18 15 56 11  0  0
 4  2      0 13371896 224904 5932344    0    0     0  2232 10771 19130 23 18 51  9  0  0
 2  2      0 13374556 224908 5932296    0    0     0   480 9876 15869 21 16 51 12  0  0
 3  3      0 13369924 224924 5928204    0    0     0  1748 9091 12616 18 14 48 20  0  0
 2  3      0 13358500 224964 5937248    0    0     0  4848 9589 15374 21 14 50 15  0  0
 0  4      0 13369432 224988 5950288    0    0     0 13136 10122 14521 19 14 49 18  0  0
11  3      0 13393876 225028 5933144    0    0     0  5380 8980 14574 19 13 48 21  0  0
 2  3      0 13382532 225064 5933164    0    0     0  2356 9577 13135 21 15 40 24  0  0
 3  1      0 13380584 225084 5933180    0    0     0  1212 8949 12094 16 12 57 15  0  0
 2  2      0 13385488 225104 5933292    0    0     0   528 10376 16778 19 15 55 11  0  0
 2  3      0 13395240 225116 5933276    0    0     0   620 15202 18644 18 14 54 15  0  0
 3  4      0 13384948 225132 5933228    0    0     0  1956 10383 10701 13  9 48 30  0  0
 2  2      0 13391352 225132 5933240    0    0     0   328 13514 11426 16 13 48 23  0  0
 2  1      0 13408484 225148 5933260    0    0     0   544 11153 9126 13 11 54 23  0  0
 2  1      0 13393284 225172 5933364    0    0     0   916 15889 16524 19 15 57  8  0  0
 3  3      0 13398724 225192 5933328    0    0     0  1748 17217 21600 21 15 51 13  0  0
 2  2      0 13384724 225200 5933320    0    0     0   504 14082 12515 17 13 46 24  0  0
procs ----------mémoire---------- -échange- -----io---- -système- ------cpu--------
 r  b   swpd  libre tampon  cache   si   so    bi    bo   in   cs us sy id wa st gu
 4  1      0 13386840 225200 5933340    0    0     0   620 14097 12066 17 13 51 18  0  0
 1  3      0 13389780 225216 5933268    0    0     0   692 12364 11576 13 11 44 32  0  0
 1  2      0 13388896 225220 5933340    0    0     0   984 9489 8372  9  7 58 26  0  0
 1  3      0 13397224 225244 5933476    0    0     0  1300 9134 8469 10  8 55 28  0  0
 1  2      0 13389128 225268 5933436    0    0     0   960 9645 10863  9  8 56 28  0  0
 1  2      0 13398188 225272 5933456    0    0     0   548 11254 17871 11  8 66 15  0  0
 2  5      0 13397384 225284 5933472    0    0     0  1852 8751 8229 10  7 52 31  0  0
 1  1      0 13403880 225308 5933496    0    0     0   816 8883 7932  9  6 63 21  0  0
 1  1      0 13413180 225348 5933596    0    0     0   888 10496 12698 13  8 70  9  0  0
 2  2      0 13406840 225420 5933648    0    0     0  1964 12400 17110 16 11 62 11  0  0
 4  1      0 13406912 225464 5933620    0    0     0   836 11209 12010 18 12 59 11  0  0
 2  1      0 13399680 225488 5933924    0    0     0   556 12003 16084 20 13 58  8  0  0
 5  2      0 13388780 225556 5933916    0    0     0  1776 13416 21809 26 17 48  9  0  0
 2  3      0 13386952 225568 5934840    0    0     0  1292 10599 14300 20 13 45 23  0  0
 2  2      0 13379596 225588 5936048    0    0     0  1624 10511 13425 21 13 45 22  0  0
 2  2      0 13362552 225604 5935932    0    0     0  1628 9598 11670 19 12 47 22  0  0
 2  4      0 13368908 225608 5935868    0    0     0   244 9123 11521 16 11 57 16  0  0
 1  3      0 13380912 225672 5936056    0    0     0  1876 9913 14199 13  8 59 20  0  0
 3  1      0 13389180 225684 5936076    0    0     0   616 7334 9226  9  7 61 23  0  0
 0  3      0 13392824 225736 5936080    0    0     0  1488 9749 16761 15 12 52 21  0  0
 3  4      0 13389268 225764 5936072    0    0     0   540 8451 12106 10  8 63 19  0  0
procs ----------mémoire---------- -échange- -----io---- -système- ------cpu--------
 r  b   swpd  libre tampon  cache   si   so    bi    bo   in   cs us sy id wa st gu
 2  1      0 13396852 225776 5936028    0    0     0  1296 6651 7458 10  7 59 24  0  0
 1  1      0 13392212 225800 5936300    0    0     0   632 7308 8927  9  7 73 11  0  0
 2  2      0 13386000 225852 5936088    0    0     0  1704 11506 22073 22 13 58  8  0  0
 2  1      0 13385228 225884 5936104    0    0     0   568 9410 13993 17 13 58 12  0  0
 3  1      0 13376344 225928 5936180    0    0     0   876 15213 16817 21 14 55 11  0  0
 3  2      0 13372576 225976 5936152    0    0     0   816 16006 20880 21 14 56 10  0  0
 3  2      0 13380396 226004 5936524    0    0     0  1824 14240 16382 25 13 42 20  0  0
 3  1      0 13384108 226040 5932556    0    0     0  1044 10700 9652 16 11 58 15  0  0
 4  1      0 13383800 226092 5936836    0    0     0   712 15240 17409 25 15 52  7  0  0
 6  1      0 13394336 226160 5936932    0    0     0  1596 15455 20006 29 17 43 11  0  0
 2  2      0 13380040 226224 5936956    0    0     0  1132 13938 17367 24 14 47 14  0  0
 3  2      0 13370648 226244 5937060    0    0     0  1812 13221 15329 22 14 48 16  0  0
 3  2      0 13383452 226328 5937080    0    0     0  1804 14074 19694 23 16 51 11  0  0
 2  2      0 13390012 226376 5937128    0    0     0  1036 13134 15510 27 18 46 10  0  0
 2  3      0 13377400 226412 5937180    0    0     0  1552 13729 18314 21 14 49 16  0  0
 3  1      0 13367896 226440 5937212    0    0     0   636 10176 11434 16 12 50 22  0  0
 5  1      0 13359384 226500 5937288    0    0     0  1464 14202 21354 28 18 37 18  0  0
 4  2      0 13372076 226536 5937272    0    0     0  1140 12619 19207 30 15 42 13  0  0
 2  2      0 13413408 226552 5937308    0    0     0  1404 9108 10400 20 11 44 25  0  0
 5  0      0 13417164 226580 5937360    0    0     0  1040 11658 16633 19 13 47 21  0  0
 3  2      0 13395136 226648 5937412    0    0     0  1716 12608 20833 26 16 40 18  0  0
procs ----------mémoire---------- -échange- -----io---- -système- ------cpu--------
 r  b   swpd  libre tampon  cache   si   so    bi    bo   in   cs us sy id wa st gu
 2  4      0 13397252 226684 5937360    0    0     0   828 11222 16251 22 13 49 16  0  0
 2  1      0 13411288 226716 5937452    0    0     0  1272 9513 14052 22 11 50 17  0  0
 3  1      0 13411128 226788 5937492    0    0     0   844 13507 24954 25 16 51  7  0  0
 2  2      0 13409500 226800 5937508    0    0     0  1440 10167 14286 22 16 44 19  0  0
 3  2      0 13417328 226840 5937516    0    0     0  1448 8995 10168 18 13 51 18  0  0
 2  1      0 13422348 226872 5937564    0    0     0   652 11032 16061 19 14 58  9  0  0
 3  2      0 13403688 226944 5937644    0    0     0  1788 11419 21048 25 18 49  7  0  0
 2  2      0 13412132 226948 5937652    0    0     0   300 9723 14348 21 15 50 15  0  0
 1  1      0 13409276 227004 5937652    0    0     0  1752 10312 14010 19 13 55 13  0  0
 4  1      0 13397868 227056 5937752    0    0     0   708 12366 24111 21 16 56  7  0  0
 2  2      0 13401016 227116 5937796    0    0     0  1596 10382 16936 23 17 45 16  0  0
 0  6      0 13398788 227160 5937880    0    0     0  1608 9990 14126 18 12 49 20  0  0
 2  1      0 13411336 227204 5937900    0    0     0   628 8989 13896 16 12 51 21  0  0
 3  3      0 13404496 227276 5938012    0    0     0  1876 11407 21833 25 18 48  9  0  0
 3  9      0 13413692 227312 5937952    0    0     0   772 10038 14515 18 14 49 18  0  0
 2  1      0 13404932 227336 5937980    0    0     0  1340 8930 11480 17 14 53 16  0  0
 4  1      0 13412760 227372 5937520    0    0     0   784 12092 22511 23 16 53  8  0  0
 4  2      0 13415960 227440 5937540    0    0     0  1620 9791 16084 26 19 38 17  0  0
 1  3      0 13427936 227468 5937472    0    0     0  1440 10047 15522 19 15 52 15  0  0
 2  1      0 13437448 227492 5937520    0    0     0   792 8696 11719 17 13 50 20  0  0
 2  1      0 13427656 227520 5937680    0    0     0   636 11182 19295 21 15 56  8  0  0
procs ----------mémoire---------- -échange- -----io---- -système- ------cpu--------
 r  b   swpd  libre tampon  cache   si   so    bi    bo   in   cs us sy id wa st gu
 2  3      0 13427408 227600 5937644    0    0     0  2292 11492 20878 21 15 47 16  0  0
 2  1      0 13428020 227644 5937600    0    0     0   728 9162 12542 16 13 52 18  0  0
 3  2      0 13439076 227676 5937624    0    0     0   988 8725 12068 16 14 52 17  0  0
 1  2      0 13450936 227712 5937700    0    0     0  1336 9946 16497 14 10 57 18  0  0
 1  2      0 13454204 227716 5937712    0    0     0  1012 7139 10222 10  7 60 22  0  0
 2  1      0 13449936 227800 5937692    0    0     0  1356 10217 17545 17 13 56 14  0  0
 2  1      0 13456056 227868 5937620    0    0     0   888 10759 17293 19 15 58  8  0  0
 3  6      0 13450216 227952 5937796    0    0     0  1300 11120 19773 21 16 50 13  0  0
 2  3      0 13443036 227956 5937840    0    0     0  1612 9080 12925 18 14 44 24  0  0
 2  1      0 13443708 227976 5937844    0    0     0   960 8582 11749 15 12 54 19  0  0
 2  1      0 13444784 228020 5937956    0    0     0   560 10138 16694 19 15 58  8  0  0
 4  2      0 13447900 228080 5937964    0    0     0  1728 10842 20571 25 20 46  9  0  0
12  2      0 13445844 228140 5938004    0    0     0  1052 10745 18993 26 20 47  8  0  0
 2  4      0 13442664 228156 5938128    0    0     0  1576 11068 17329 20 15 45 19  0  0
 3  1      0 13453728 228188 5938048    0    0     0   816 9842 17521 17 13 48 21  0  0
 2  2      0 13451768 228224 5938028    0    0     0  1292 9636 14664 20 16 46 19  0  0
 2  3      0 13466696 228252 5933812    0    0     0   784 9800 14273 18 14 47 21  0  0
 4  3      0 13466456 228268 5933836    0    0     0  1252 8608 11087 16 13 50 21  0  0
 1  2      0 13438452 228288 5933756    0    0     0   400 9138 14309 14 12 52 21  0  0
 1  5      0 13433504 228300 5939440    0    0     0  2232 8167 12002 11  8 60 20  0  0
 2  5      0 13426752 228308 5940168    0    0     0  1364 7197 9360 10  8 44 38  0  0
procs ----------mémoire---------- -échange- -----io---- -système- ------cpu--------
 r  b   swpd  libre tampon  cache   si   so    bi    bo   in   cs us sy id wa st gu
 1  4      0 13427148 228312 5932448    0    0     0  1164 6413 7724  9  7 42 41  0  0
 0  2      0 13436012 228320 5932388    0    0     0   456 2786 4172  2  2 55 41  0  0
 2  0      0 13451668 228348 5932388    0    0     0   616 3316 5188  3  3 71 23  0  0
 3  2      0 13457928 228380 5932424    0    0     0  1644 7988 12983 12  8 55 25  0  0
 4  1      0 13457136 228456 5932444    0    0     0  1116 7842 12130 13  8 68 12  0  0
 0  1      0 13458520 228488 5936932    0    0     0   664 8175 12913 11  8 72  9  0  0
 2  1      0 13450760 228560 5936980    0    0     0  1748 10178 17040 21 16 51 12  0  0
 2  1      0 13458048 228624 5936988    0    0     0  1060 9175 12908 17 14 59 10  0  0
 3  1      0 13447980 228664 5937076    0    0     0   572 11800 21922 27 16 48  9  0  0
 3  1      0 13414044 228724 5937148    0    0     0  1472 10314 17789 27 19 36 18  0  0
 2  2      0 13415384 228776 5937160    0    0     0  1336 8539 13462 18 14 50 17  0  0
 7  2      0 13428456 228780 5937220    0    0     0  1336 9721 13222 19 15 50 16  0  0
 3  1      0 13427604 228788 5937332    0    0     0   656 10117 16249 25 15 47 14  0  0
 2  2      0 13426412 228852 5937332    0    0     0  1700 11326 21383 26 19 44 11  0  0
 4  3      0 13429124 228896 5937276    0    0     0  1452 10576 17018 20 16 51 12  0  0
 2  2      0 13429048 228908 5937472    0    0     0   780 9066 12298 17 14 56 13  0  0
 5  1      0 13426356 228924 5937464    0    0     0   632 12030 21076 25 16 51  9  0  0
 2  8      0 13438592 228972 5937416    0    0     0  1728 10280 18583 21 15 41 23  0  0
 2  2      0 13435480 228972 5937436    0    0     0   912 6993 9476 13 10 50 27  0  0
 2  2      0 13437832 228988 5937440    0    0     0   596 8216 11227 16 13 54 17  0  0
 1  1      0 13426464 229032 5937528    0    0     0   744 9473 13752 17 13 59 10  0  0
procs ----------mémoire---------- -échange- -----io---- -système- ------cpu--------
 r  b   swpd  libre tampon  cache   si   so    bi    bo   in   cs us sy id wa st gu
 1  3      0 13418696 229040 5937560    0    0     0   888 9620 15221 16  9 53 21  0  0
 1  2      0 13430576 229056 5937560    0    0     0   876 6324 7340  8  7 57 28  0  0
 2  1      0 13447472 229084 5937540    0    0     0   752 8956 15527 14 11 64 11  0  0
 0  2      0 13443104 229128 5937556    0    0     0  1308 8759 12028 15 12 56 17  0  0
 2  1      0 13439416 229164 5937492    0    0     0  1392 8593 11966 10  8 65 16  0  0
 2  1      0 13436772 229180 5937524    0    0     0   364 6310 7690  8  7 71 14  0  0
 2  1      0 13432840 229192 5937644    0    0     0   264 7976 11915 11  8 71 10  0  0
 2  1      0 13435072 229212 5937680    0    0     0   424 8965 15259 13 11 67  9  0  0
 2  1      0 13426476 229260 5937700    0    0     0  1736 9219 13037 16 14 60 10  0  0
 1  1      0 13438896 229328 5937824    0    0     0  1192 9411 14024 15 12 63  9  0  0
 2  2      0 13427544 229348 5937788    0    0     0  1312 8284 12029 11  8 58 22  0  0
 4  1      0 13420172 229368 5937804    0    0     0   464 6889 8068  8  7 67 18  0  0
 2  5      0 13431252 229448 5937784    0    0     0  1936 9772 16504 17 13 57 14  0  0
 4  1      0 13446376 229452 5933768    0    0     0   344 8674 11597 16 13 44 26  0  0
 1  2      0 13450088 229488 5933752    0    0     0  1004 9619 13752 18 14 58 10  0  0
 4  1      0 13443708 229504 5937844    0    0     0   440 7108 10299 10  7 61 22  0  0
 1  2      0 13440412 229512 5937860    0    0     0   712 6949 8759  9  8 59 24  0  0
 1  2      0 13439380 229528 5937896    0    0     0  1008 7766 10822 10  8 54 29  0  0
 2  3      0 13453236 229544 5937920    0    0     0   632 6258 7377  9  7 55 29  0  0
 1  2      0 13457484 229564 5933760    0    0     0   472 9144 16055 11  9 62 17  0  0
 2  3      0 13456104 229616 5933808    0    0     0  2344 7148 8784 10  8 57 25  0  0
procs ----------mémoire---------- -échange- -----io---- -système- ------cpu--------
 r  b   swpd  libre tampon  cache   si   so    bi    bo   in   cs us sy id wa st gu
 0  3      0 13448856 229628 5933812    0    0     0   396 6633 9753  9  7 64 21  0  0
 1  1      0 13452652 229652 5933896    0    0     0   804 5843 6784  7  6 70 18  0  0
 2  0      0 13461920 229688 5938056    0    0     0   484 7925 10511 10  7 73 11  0  0
 2  1      0 13452872 229696 5938156    0    0     0   500 8795 15702 14 10 67  9  0  0
 1  6      0 13445504 229740 5934088    0    0     0  1456 9691 14110 17 14 46 23  0  0
 2  2      0 13447444 229776 5933964    0    0     0  1240 9045 12465 16 13 51 19  0  0
 1  2      0 13453340 229796 5937904    0    0     0   560 8124 11628 11  9 58 22  0  0
 1  3      0 13458328 229796 5938200    0    0     0   608 6648 7438  9  7 59 24  0  0
 1  2      0 13455064 229824 5938212    0    0     0   840 8614 13143 11  8 46 35  0  0
 2  1      0 13443916 229844 5938288    0    0     0   524 6912 8545  9  8 65 18  0  0
 2  3      0 13445428 229888 5938328    0    0     0  1164 9800 16342 18 14 55 13  0  0
 1  2      0 13449324 229900 5938268    0    0     0  1300 6817 8872  9  7 44 40  0  0
 7  2      0 13458152 229916 5938276    0    0     0   596 7556 9921  9  7 62 21  0  0
 1  1      0 13461432 229944 5934204    0    0     0   888 7082 10078  9  8 64 19  0  0
 1  1      0 13452804 229972 5938460    0    0     0   592 6844 8853  9  7 69 15  0  0
 2  1      0 13448080 229988 5938432    0    0     0   408 8478 12439 11  9 68 12  0  0
 2  2      0 13426028 230048 5934212    0    0     0  1956 9892 16489 17 14 58 11  0  0
 1  2      0 13425176 230048 5934160    0    0     0   320 7365 11605 10  8 54 28  0  0
 0  4      0 13430048 230076 5934180    0    0     0  1396 7287 9448  9  7 64 21  0  0
 1  1      0 13438120 230124 5938512    0    0     0   616 7957 11435 10  8 69 12  0  0
 2  2      0 13423956 230200 5938544    0    0     0  1740 9804 16411 16 13 60 12  0  0
procs ----------mémoire---------- -échange- -----io---- -système- ------cpu--------
 r  b   swpd  libre tampon  cache   si   so    bi    bo   in   cs us sy id wa st gu
 5  2      0 13413420 230244 5938576    0    0     0   876 9435 13902 17 13 60 10  0  0
 3  1      0 13405352 230280 5938668    0    0     0   372 8938 12484 17 13 60  9  0  0
 3  2      0 13406392 230296 5938704    0    0     0   356 10847 17444 18 14 58  9  0  0
 3  2      0 13409056 230300 5938728    0    0     0   852 9822 16431 19 15 49 17  0  0
 2  5      0 13400836 230356 5938812    0    0     0  1416 9492 14421 18 14 50 19  0  0
 0  4      0 13408904 230372 5938832    0    0     0   740 8726 15227 19 12 43 26  0  0
 2  1      0 13418436 230408 5938860    0    0     0   800 7803 10248 15 12 60 14  0  0
 0  3      0 13433384 230436 5938788    0    0     0   588 7216 9758  9  7 52 31  0  0
 1  3      0 13425920 230436 5938820    0    0     0   716 7079 10404 10  7 61 22  0  0
 2  2      0 13431864 230464 5938920    0    0     0  1264 7618 10940 12  7 60 21  0  0
 2  2      0 13434808 230516 5938940    0    0     0  1568 10270 19612 18 12 59 12  0  0
 1  2      0 13443076 230552 5938880    0    0     0   968 9416 13393 13 10 63 14  0  0
 1  2      0 13449648 230560 5938916    0    0     0  1756 6240 7036  8  7 56 29  0  0
 1  2      0 13443592 230592 5939004    0    0     0   800 9006 14585 11  8 67 13  0  0
 2  2      0 13431748 230668 5939036    0    0     0  1528 10818 21141 22 13 51 13  0  0
 1  1      0 13441860 230712 5939064    0    0     0   912 9049 12533 17 13 61  8  0  0
 4  2      0 13442780 230732 5939204    0    0     0   276 10056 16023 19 14 59  8  0  0
 2  3      0 13432144 230796 5939172    0    0     0  1904 11861 23552 25 18 48  9  0  0
 2  2      0 13437880 230800 5939168    0    0     0   704 8613 11318 16 14 31 39  0  0
 2  1      0 13419484 230828 5939232    0    0     0  1304 9577 14364 20 14 50 16  0  0
 2  1      0 13407284 230856 5939300    0    0     0   660 10199 16134 18 14 57 10  0  0
procs ----------mémoire---------- -échange- -----io---- -système- ------cpu--------
 r  b   swpd  libre tampon  cache   si   so    bi    bo   in   cs us sy id wa st gu
 2  2      0 13409232 230908 5943428    0    0     0  1272 11177 20896 22 16 50 11  0  0
 3  2      0 13414844 230916 5943444    0    0     0  1060 8256 8688 16 13 47 24  0  0
 1  4      0 13440172 230960 5943464    0    0     0  1300 9314 12660 17 14 51 17  0  0
 2  2      0 13437304 230964 5943492    0    0     0   296 8027 11576 14 10 62 14  0  0
 3  1      0 13441364 231000 5943428    0    0     0   444 10106 16188 14 12 60 14  0  0
 2  2      0 13437320 231000 5943492    0    0     0  1012 7235 10026 10  8 69 13  0  0
 1  2      0 13444704 231004 5943508    0    0     0   868 5412 6172  7  6 45 42  0  0
 2  2      0 13436920 231032 5943512    0    0     0   472 7169 11041 11  8 62 19  0  0
 2  2      0 13451928 231060 5943456    0    0     0   600 9492 16727 12 10 61 17  0  0
 1  2      0 13456636 231068 5943468    0    0     0  1428 6650 7352  9  7 63 21  0  0
 1  1      0 13459708 231088 5943484    0    0     0   532 4257 4855  5  4 65 25  0  0
 1  1      0 13461548 231144 5943576    0    0     0   900 6936 9098 10  7 72 11  0  0
 2  1      0 13442232 231168 5943672    0    0     0   392 8227 11671 11  8 71 10  0  0
 2  1      0 13439724 231232 5943692    0    0     0  1772 10080 18437 18 14 59  9  0  0
 2  1      0 13437232 231276 5943696    0    0     0  1008 9230 12955 16 14 55 15  0  0
17  0      0 13448452 231288 5943704    0    0     0   312 9290 13745 14 11 61 14  0  0
 2  2      0 13437016 231296 5943792    0    0     0  1068 8177 10722 12  9 59 20  0  0
 1  3      0 13445056 231308 5943808    0    0     0   856 6232 7585  8  7 56 28  0  0
 2  1      0 13461316 231332 5943848    0    0     0   388 8178 13906 11  9 60 20  0  0
 2  6      0 13454860 231384 5943876    0    0     0  1404 9129 12502 17 14 51 18  0  0
 2  2      0 13461572 231384 5943812    0    0     0   396 7851 11990 11  8 54 27  0  0
procs ----------mémoire---------- -échange- -----io---- -système- ------cpu--------
 r  b   swpd  libre tampon  cache   si   so    bi    bo   in   cs us sy id wa st gu
 2  1      0 13450120 231420 5943808    0    0     0  1344 7111 8420  9  7 64 20  0  0
 1  2      0 13451904 231444 5943740    0    0     0   436 6313 7511  9  7 73 11  0  0
 1  2      0 13451076 231460 5943948    0    0     0   484 8372 11469 10  8 65 17  0  0
 2  1      0 13448124 231516 5943928    0    0     0   548 9294 15460 15 12 64 10  0  0
 6  2      0 13440432 231556 5943964    0    0     0  2348 9624 14376 17 14 44 25  0  0
 1  2      0 13440812 231572 5943956    0    0     0   620 9184 14092 13 11 64 12  0  0
 1  2      0 13440600 231584 5944032    0    0     0  1372 8167 10937 10  9 62 19  0  0
 2  1      0 13441948 231608 5944072    0    0     0   420 8484 14273 11  9 66 14  0  0
 2  2      0 13433900 231656 5944116    0    0     0  1432 8659 11744 17 13 55 15  0  0
 2  1      0 13424876 231688 5940044    0    0     0   496 9182 13756 16 13 53 17  0  0
 9  1      0 13432528 231732 5940076    0    0     0   916 9289 13460 16 12 62  9  0  0
 0  5      0 13440076 231736 5944124    0    0     0   452 6216 8423  8  6 68 18  0  0
 3  5      0 13432064 231752 5944208    0    0     0  1384 7168 9439 11  8 52 29  0  0
 4  2      0 13436028 231768 5944232    0    0     0   664 4859 5512  6  6 61 28  0  0
 3  2      0 13441108 231832 5944256    0    0     0  1364 9922 16459 17 13 60 10  0  0
 3  4      0 13444148 231876 5944260    0    0     0  1100 9037 12036 16 14 58 12  0  0
 0  3      0 13437576 231880 5944220    0    0     0   368 5873 9650  7  6 65 22  0  0
 1  3      0 13448372 231896 5944244    0    0     0   404 6391 7838  8  7 66 19  0  0
 1  3      0 13444116 231908 5944320    0    0     0  1368 8171 11456 10  8 49 32  0  0
 7  1      0 13447020 231944 5944336    0    0     0   956 8362 14353 11  9 63 17  0  0
 2  1      0 13444196 231972 5944384    0    0     0  1356 9032 12349 18 13 58 11  0  0
procs ----------mémoire---------- -échange- -----io---- -système- ------cpu--------
 r  b   swpd  libre tampon  cache   si   so    bi    bo   in   cs us sy id wa st gu
 2  1      0 13436668 232044 5944488    0    0     0   932 10583 16155 23 16 53  8  0  0
 2  5      0 13435988 232124 5944452    0    0     0  1320 11407 20985 20 16 51 13  0  0
 3  2      0 13429564 232136 5944532    0    0     0  1316 9208 13702 17 14 45 25  0  0
 2  1      0 13431160 232200 5944440    0    0     0  1284 8081 11021 14 11 56 20  0  0
 4  1      0 13424900 232224 5944688    0    0     0   648 12057 22793 21 16 54  8  0  0
 4  1      0 13429888 232272 5944720    0    0     0  1644 9559 15094 25 19 47  9  0  0
 2  2      0 13424880 232324 5944684    0    0     0  1356 10766 18909 22 17 44 16  0  0
 2  2      0 13419964 232340 5944748    0    0     0   920 10138 17430 23 14 49 13  0  0
 3  3      0 13415480 232348 5944888    0    0     0   792 9921 14945 18 14 50 18  0  0
 1  3      0 13424112 232360 5944816    0    0     0   960 7901 11902 11  9 61 19  0  0
 2  7      0 13439256 232384 5940608    0    0     0  1636 10142 16778 18 14 46 22  0  0
 3  1      0 13433540 232420 5940608    0    0     0   908 9513 14367 17 14 52 16  0  0
 1  2      0 13439032 232452 5940556    0    0     0  1168 8938 16335 19 10 53 18  0  0
 2  3      0 13438256 232464 5944836    0    0     0   796 7013 9079 10  8 62 21  0  0
 2  3      0 13422416 232472 5944928    0    0     0   808 7640 10121  9  7 59 24  0  0
 2  1      0 13413164 232476 5944952    0    0     0   388 6843 8237  9  8 58 26  0  0
 6  0      0 13444336 232496 5945080    0    0     0   324 13175 20752 17 14 60  8  0  0
 2  3      0 13407696 232504 5945000    0    0     0  1100 20193 34343 23 18 52  7  0  0
 2  1      0 13390792 232516 5944932    0    0     0  1112 8692 12077 10  8 57 26  0  0
 2  0      0 13380864 232520 5944944    0    0     0    48 6075 7334  8  7 82  2  0  0
 1  0      0 13399912 232520 5944956    0    0     0     0 5875 6645  8  7 85  0  0  0
procs ----------mémoire---------- -échange- -----io---- -système- ------cpu--------
 r  b   swpd  libre tampon  cache   si   so    bi    bo   in   cs us sy id wa st gu
 1  0      0 13412940 232520 5944996    0    0     0   504 5991 6484  9  7 84  0  0  0
 1  0      0 13414224 232520 5940640    0    0     0     0 5964 8798  8  7 85  0  0  0
 1  1      0 13414832 232520 5940836    0    0     0    60 5448 7379  7  6 84  4  0  0
 1  2      0 13421140 232540 5945532    0    0     0  2040 7813 9216  8  5 71 16  0  0
 1  0      0 13423740 232540 5945196    0    0     0     0 22191 29879 11  9 79  1  0  0
 1  0      0 13408852 232540 5945096    0    0     0   628 14372 17646  7  6 81  6  0  0
 1  1      0 13408012 232552 5945232    0    0     0   844 9982 8742  6  4 80 10  0  0
 1  2      0 13420060 232564 5941084    0    0     0   704 13098 6060  5  4 79 11  0  0
 1  1      0 13445572 232604 5941044    0    0     0   908 33494 5878  5  4 78 13  0  0
 0  2      0 13447720 232648 5940960    0    0     0   976 45621 8458  7  5 76 12  0  0
 1  1      0 13464032 232688 5940884    0    0     0   976 53270 6657  7  6 73 14  0  0
 1  2      0 13465008 232708 5940848    0    0     0   924 53431 5546  9  5 73 14  0  0
 3  1      0 13418452 232752 5986872    0    0     0   944 9611 14951 35  5 50 10  0  0
 0  2      0 13425772 232772 5987072    0    0     0   768 5083 7051  5  4 81 10  0  0
 0  1      0 13439224 232800 5987020    0    0     0   720 3964 5468  3  3 81 13  0  0
 1  1      0 13433892 232832 5977820    0    0     0   900 5670 9138  4  4 82  9  0  0
 0  1      0 13446260 232868 5982656    0    0     0   800 4777 6830  6  3 79 12  0  0
 0  1      0 13445876 232908 5982136    0    0     0  1412 4446 6070  3  3 78 15  0  0
 0  1      0 13458856 232928 5981748    0    0     0   804 4641 8151  4  2 83 11  0  0
 1  1      0 13455056 232952 5981700    0    0     0  1332 3684 5395  1  2 85 11  0  0
 0  1      0 13464740 232984 5981624    0    0     0   896 4666 6532  3  3 84 10  0  0
procs ----------mémoire---------- -échange- -----io---- -système- ------cpu--------
 r  b   swpd  libre tampon  cache   si   so    bi    bo   in   cs us sy id wa st gu
 0  1      0 13452704 233004 5981576    0    0     0   880 5345 8673  4  4 82 10  0  0
 0  1      0 13474172 233040 5981512    0    0     0   844 4657 6186  4  3 83 10  0  0
 2  0      0 13476280 233064 5981408    0    0     0   708 4524 6404  4  3 83 10  0  0
 0  1      0 13469640 233064 5981420    0    0     0   588 3321 6270  2  2 84 11  0  0
 0  1      0 13493872 233080 5959948    0    0     0   608 3438 4918  2  3 85 11  0  0
 0  1      0 13501720 233092 5959904    0    0     0   592 3060 4335  2  2 86 11  0  0
 1  1      0 13488008 233108 5959344    0    0     0   600 4307 7205  3  3 83 11  0  0
 0  1      0 13484480 233140 5959276    0    0     0   468 2430 3470  2  2 83 14  0  0
 1  0      0 13492812 233152 5959232    0    0     0   616 3451 4887  2  2 86 10  0  0
 1  0      0 13495588 233180 5959184    0    0     0   596 4066 7336  3  2 84 11  0  0
 0  1      0 13489576 233192 5959140    0    0     0   560 3250 4561  2  2 85 11  0  0
 0  1      0 13498892 233220 5959040    0    0     0   756 3904 5412  2  2 85 11  0  0
 1  0      0 13497380 233240 5958988    0    0     0   472 4178 7198  3  3 83 11  0  0
 0  1      0 13501608 233248 5959000    0    0     0  1320 2533 3348  2  2 77 20  0  0
 0  1      0 13514252 233268 5958892    0    0     0   644 3018 4574  2  2 85 11  0  0
 0  1      0 13510260 233296 5958848    0    0     0   616 3980 6939  3  2 84 11  0  0
 0  1      0 13503092 233336 5958704    0    0     0   844 4650 6380  3  3 84 10  0  0
 0  1      0 13503912 233380 5958540    0    0     0   800 4441 6096  2  3 85 10  0  0
 1  1      0 13501928 233428 5958376    0    0     0   948 5422 8639  6  5 79 11  0  0
 1  1      0 13505012 233468 5958692    0    0     0  1588 4267 6006  4  3 78 15  0  0
 0  1      0 13499252 233492 5959280    0    0     0  1472 4943 7046  6  3 80 10  0  0
procs ----------mémoire---------- -échange- -----io---- -système- ------cpu--------
 r  b   swpd  libre tampon  cache   si   so    bi    bo   in   cs us sy id wa st gu
 2  0      0 13501140 233528 5959172    0    0     0   968 5760 8963  4  4 83 10  0  0
 0  1      0 13489192 233548 5959104    0    0     0   912 4719 6498  3  3 84 10  0  0
 0  1      0 13489544 233580 5958992    0    0     0   872 4455 6409  3  2 85 10  0  0
 0  1      0 13492784 233620 5958960    0    0     0  1104 4840 8422  4  3 80 13  0  0
 2  1      0 13499700 233632 5958884    0    0     0   840 3415 5267  2  2 83 13  0  0
 5  0      0 13515252 233660 5962800    0    0     0   592 5549 8179  5  4 82  9  0  0
 0  1      0 13521384 233672 5962800    0    0     0  2604 2657 3104  3  2 76 19  0  0
