Linux 6.17.0-19-generic (tolokoum-HP-ProBook-640-G4) 	03/06/2026 	_x86_64_	(8 CPU)

# Time        UID       PID  minflt/s  majflt/s     VSZ     RSS   %MEM  Command
09:01:53        0         1      1,85      0,00   23984   15024   0,06  systemd
09:01:53        0       332      7,41      0,00   51124   18072   0,07  systemd-journal
09:01:53        0      1782    631,48      0,00 2239072   63928   0,26  containerd
09:01:53        0      1880     17,59      0,00 2497752  107996   0,44  dockerd
09:01:53     1000      5320      2,78      0,00 34200896   97104   0,40  whatsapp-linux-
09:01:53     1000      5352      2,78      0,00 34032716   80476   0,33  whatsapp-linux-
09:01:53     1000      5407      1,85      0,00 1219928168  762208   3,12  whatsapp-linux-
09:01:53     1000      6623      0,93      0,00 34086472   60820   0,25  whatsapp-linux-
09:01:53     1000    176847      1,85      0,00 1214107016   98840   0,40  whatsapp-linux-
09:01:53     1000    183877      9,26      0,00   19640    5004   0,02  pidstat
09:01:53     1000    183878     11,11      0,00   19640    4984   0,02  pidstat
09:01:53     1000    183880      9,26      0,00   19640    4988   0,02  pidstat
09:01:53     1000    183906     93,52      0,00   17380    2328   0,01  sleep

# Time        UID       PID  minflt/s  majflt/s     VSZ     RSS   %MEM  Command
09:01:54        0         1      4,00      0,00   23984   15024   0,06  systemd
09:01:54        0       332     93,00      0,00   51124   18072   0,07  systemd-journal
09:01:54        0       415    403,00      0,00   30852    8380   0,03  systemd-udevd
09:01:54        0      1364     86,00      0,00 2294516   43488   0,18  snapd
09:01:54        0      1880      4,00      0,00 2497752  107996   0,44  dockerd
09:01:54     1000      3026      0,00      0,00 5347508  329064   1,35  gnome-shell
09:01:54     1000      3822      1,00      0,00 12531440  714204   2,92  firefox
09:01:54     1000      4935     55,00      0,00 1212475404  195832   0,80  whatsapp-linux-
09:01:54        0    183774      1,00      0,00   30856    5932   0,02  (udev-worker)
09:01:54        0    183775    103,00      0,00   30856    5932   0,02  (udev-worker)
09:01:54     1000    183876     94,00      0,00   18748    2288   0,01  Launcherv3_mlke
09:01:54     1000    183877      1,00      0,00   19640    5004   0,02  pidstat
09:01:54     1000    183878      1,00      0,00   19640    4984   0,02  pidstat
09:01:54     1000    183880      5,00      0,00   19772    4988   0,02  pidstat
09:01:54     1000    183883     52,00      0,00 2071964   29520   0,12  docker
09:01:54        0    183916   1206,00      0,00 1233336   10488   0,04  containerd-shim
09:01:54        0    183939   1101,00      0,00 1608452   12660   0,05  runc:[2:INIT]
09:01:54        0    183949    107,00      0,00   30856    5932   0,02  (udev-worker)
09:01:54        0    183950    111,00      0,00   30856    5932   0,02  (udev-worker)
09:01:54        0    183951    112,00      0,00   30856    5932   0,02  (udev-worker)
09:01:54        0    183952    112,00      0,00   30856    5932   0,02  (udev-worker)
09:01:54        0    183953    112,00      0,00   30856    5932   0,02  (udev-worker)
09:01:54        0    183954    109,00      0,00   30856    5932   0,02  (udev-worker)
09:01:54        0    183955    110,00      0,00   30856    5932   0,02  (udev-worker)
09:01:54        0    183956    110,00      0,00   30856    5932   0,02  (udev-worker)
09:01:54        0    183957    105,00      0,00   30856    5932   0,02  (udev-worker)
09:01:54        0    183958    106,00      0,00   30856    5932   0,02  (udev-worker)
09:01:54        0    183959    104,00      0,00   30856    5932   0,02  (udev-worker)
09:01:54        0    183960    101,00      0,00   30856    5932   0,02  (udev-worker)
09:01:54        0    183961    103,00      0,00   30856    5932   0,02  (udev-worker)
09:01:54        0    183962    101,00      0,00   30856    5932   0,02  (udev-worker)
09:01:54     1000    183975    101,00      0,00   17380    2328   0,01  sleep

# Time        UID       PID  minflt/s  majflt/s     VSZ     RSS   %MEM  Command
09:01:55        0         1      1,00      0,00   23984   15024   0,06  systemd
09:01:55        0       332     46,00      0,00   51124   18072   0,07  systemd-journal
09:01:55        0       415      3,00      0,00   30852    8380   0,03  systemd-udevd
09:01:55        0      1364     36,00      0,00 2294516   43488   0,18  snapd
09:01:55        0      1880      4,00      0,00 2497752  107680   0,44  dockerd
09:01:55     1000      3026      4,00      0,00 5351604  328936   1,35  gnome-shell
09:01:55     1000      3822      1,00      0,00 12531440  714204   2,92  firefox
09:01:55     1000      4912      1,00      0,00  735152   62296   0,25  gnome-terminal-
09:01:55     1000    183877     37,00      0,00   19904    5132   0,02  pidstat
09:01:55     1000    183878     37,00      0,00   19904    5112   0,02  pidstat
09:01:55     1000    183880     33,00      0,00   19904    5116   0,02  pidstat
09:01:55     1000    183883      4,00      0,00 2071964   29520   0,12  docker
09:01:55        0    183953      3,00      0,00   30856    5932   0,02  (udev-worker)
09:01:55        0    183958     72,00      0,00   30856    5932   0,02  (udev-worker)
09:01:55        0    183962      3,00      0,00   30856    5932   0,02  (udev-worker)

# Time        UID       PID  minflt/s  majflt/s     VSZ     RSS   %MEM  Command
09:01:56        0      1782      8,00      0,00 2239072   63668   0,26  containerd
09:01:56        0      1880      2,00      0,00 2497752  107680   0,44  dockerd
09:01:56     1000      3026     17,00      0,00 5351604  328936   1,35  gnome-shell
09:01:56     1000      3660      6,00      0,00 3221636   66960   0,27  gjs
09:01:56     1000    183595    215,00      0,00   18748    3820   0,02  Launcherv3_mlke
09:01:56     1000    183876     98,00      0,00   18748    2288   0,01  Launcherv3_mlke

# Time        UID       PID  minflt/s  majflt/s     VSZ     RSS   %MEM  Command
09:01:57        0       332     32,00      0,00   51124   18072   0,07  systemd-journal
09:01:57        0      1782    114,00      0,00 2239072   64052   0,26  containerd
09:01:57        0      1880      2,00      0,00 2497752  107680   0,44  dockerd
09:01:57     1000      3026      1,00      0,00 5351604  328936   1,35  gnome-shell
09:01:57     1000      5121      1,00      0,00 3072360  445560   1,82  Isolated Web Co
09:01:57     1000      5320      3,00      0,00 34200896   97104   0,40  whatsapp-linux-
09:01:57     1000      5352      3,00      0,00 34032716   80476   0,33  whatsapp-linux-
09:01:57     1000      6623      1,00      0,00 34086472   60820   0,25  whatsapp-linux-
09:01:57     1000    183595    203,00      0,00   18748    3820   0,02  Launcherv3_mlke
09:01:57     1000    184079    101,00      0,00   17380    2320   0,01  sleep
09:01:57     1000    184148   2792,00      0,00 1997976   28040   0,11  docker

# Time        UID       PID  minflt/s  majflt/s     VSZ     RSS   %MEM  Command
09:01:58        0         1      4,00      0,00   23984   15024   0,06  systemd
09:01:58        0       332     45,00      0,00   51124   18072   0,07  systemd-journal
09:01:58        0      1782     35,00      0,00 2239072   64308   0,26  containerd
09:01:58     1000      3660      1,00      0,00 3221636   66960   0,27  gjs
09:01:58     1000      4935     53,00      0,00 1212475404  195832   0,80  whatsapp-linux-
09:01:58     1000      5407      3,00      0,00 1219928168  762208   3,12  whatsapp-linux-
09:01:58     1000    183876     70,00      0,00   18748    2288   0,01  Launcherv3_mlke
09:01:58     1000    183880      2,00      0,00   19904    5116   0,02  pidstat
09:01:58     1000    184148     36,00      0,00 1997976   28820   0,12  docker
09:01:58        0    184167    896,00      0,00 1233016    9592   0,04  containerd-shim
09:01:58        0    184177   1277,00      0,00 1902580   14256   0,06  runc
09:01:58        0    184189   1011,00      0,00 1608320   12248   0,05  runc:[2:INIT]

# Time        UID       PID  minflt/s  majflt/s     VSZ     RSS   %MEM  Command
09:01:59        0       332     56,00      0,00   51124   18072   0,07  systemd-journal
09:01:59        0       415    522,00      0,00   30852    8380   0,03  systemd-udevd
09:01:59        0      1364    113,00      0,00 2294516   44000   0,18  snapd
09:01:59        0      1880      2,00      0,00 2497752  107680   0,44  dockerd
09:01:59     1000      3026      2,00      0,00 5351604  328936   1,35  gnome-shell
09:01:59     1000      4935      3,00      0,00 1212475404  195832   0,80  whatsapp-linux-
09:01:59     1000    183595     31,00      0,00   18748    3820   0,02  Launcherv3_mlke
09:01:59     1000    183876     28,00      0,00   18748    2288   0,01  Launcherv3_mlke
09:01:59     1000    183877      2,00      0,00   19904    5132   0,02  pidstat
09:01:59     1000    183878      2,00      0,00   19904    5112   0,02  pidstat
09:01:59        0    184167    304,00      0,00 1233848   10360   0,04  containerd-shim
09:01:59        0    184189    167,00      0,00    2872    1656   0,01  perftestServerT
09:01:59     1000    184209    103,00      0,00   17380    2356   0,01  sleep
09:01:59        0    184213    229,00      0,00   30856    5932   0,02  (udev-worker)
09:01:59        0    184215    106,00      0,00   30856    5932   0,02  (udev-worker)
09:01:59        0    184216    107,00      0,00   30856    5932   0,02  (udev-worker)
09:01:59        0    184217    108,00      0,00   30856    5932   0,02  (udev-worker)
09:01:59        0    184218    109,00      0,00   30856    5932   0,02  (udev-worker)
09:01:59        0    184219    107,00      0,00   30856    5932   0,02  (udev-worker)
09:01:59        0    184220    103,00      0,00   30856    5932   0,02  (udev-worker)
09:01:59        0    184221    107,00      0,00   30856    5932   0,02  (udev-worker)
09:01:59        0    184222    108,00      0,00   30856    5932   0,02  (udev-worker)
09:01:59        0    184223    104,00      0,00   30856    5932   0,02  (udev-worker)
09:01:59        0    184224    111,00      0,00   30856    5932   0,02  (udev-worker)
09:01:59        0    184225    106,00      0,00   30856    5932   0,02  (udev-worker)
09:01:59        0    184226    107,00      0,00   30856    5932   0,02  (udev-worker)
09:01:59        0    184227    107,00      0,00   30856    5932   0,02  (udev-worker)
09:01:59        0    184228    104,00      0,00   30856    5932   0,02  (udev-worker)
09:01:59        0    184229    104,00      0,00   30856    5932   0,02  (udev-worker)
09:01:59        0    184248    711,00      0,00   20848   10040   0,04  openssl
09:01:59     1000    184249    106,00      0,00   17380    2344   0,01  sleep

# Time        UID       PID  minflt/s  majflt/s     VSZ     RSS   %MEM  Command
09:02:00        0       332     25,00      0,00   51124   18072   0,07  systemd-journal
09:02:00        0      1782      2,00      0,00 2239072   64308   0,26  containerd
09:02:00     1000      3026      1,00      0,00 5347572  328936   1,35  gnome-shell
09:02:00     1000      3660      4,00      0,00 3221636   66960   0,27  gjs
09:02:00     1000      5407      1,00      0,00 1219928168  762208   3,12  whatsapp-linux-
09:02:00     1000    183877     40,00      0,00   20036    5260   0,02  pidstat
09:02:00     1000    183878     40,00      0,00   20036    5240   0,02  pidstat
09:02:00     1000    183880     40,00      0,00   20036    5244   0,02  pidstat

# Time        UID       PID  minflt/s  majflt/s     VSZ     RSS   %MEM  Command
09:02:01        0         1    223,00      0,00   23984   15024   0,06  systemd
09:02:01        0       332      6,00      0,00   51124   18072   0,07  systemd-journal
09:02:01        0      1880      6,00      0,00 2497752  107680   0,44  dockerd
09:02:01     1000      3660      7,00      0,00 3221636   66960   0,27  gjs
09:02:01     1000      5121      0,00      0,00 3072344  445560   1,82  Isolated Web Co
09:02:01     1000      5320      3,00      0,00 34200896   97104   0,40  whatsapp-linux-
09:02:01     1000      5352      3,00      0,00 34032716   80476   0,33  whatsapp-linux-
09:02:01     1000      6623      1,00      0,00 34086472   60820   0,25  whatsapp-linux-
09:02:01     1000    183876     75,00      0,00   18748    2288   0,01  Launcherv3_mlke
09:02:01        0    184167    136,00      0,00 1233848   11000   0,04  containerd-shim
09:02:01     1000    184252   2848,00      0,00 1997720   29864   0,12  docker

# Time        UID       PID  minflt/s  majflt/s     VSZ     RSS   %MEM  Command
09:02:02        0       415     14,00      0,00   30852    8380   0,03  systemd-udevd
09:02:02        0      1880      1,00      0,00 2497752  107680   0,44  dockerd
09:02:02     1000      3026      1,00      0,00 5351668  328936   1,35  gnome-shell
09:02:02     1000      3660      4,00      0,00 3221636   66960   0,27  gjs
09:02:02     1000      4935     52,00      0,00 1212475404  195832   0,80  whatsapp-linux-
09:02:02     1000    155112      4,00      0,00 2820640  219656   0,90  file:// Content
09:02:02     1000    183595     78,00      0,00   18748    3820   0,02  Launcherv3_mlke
09:02:02     1000    183876     26,00      0,00   18748    2288   0,01  Launcherv3_mlke
09:02:02        0    184167      6,00      0,00 1233848   11000   0,04  containerd-shim
09:02:02     1000    184263    103,00      0,00   17380    2356   0,01  sleep
09:02:02     1000    184275    107,00      0,00   17380    2368   0,01  sleep

# Time        UID       PID  minflt/s  majflt/s     VSZ     RSS   %MEM  Command
09:02:03     1000      3026     15,00      0,00 5347900  328936   1,35  gnome-shell
09:02:03     1000      4935      3,00      0,00 1212475404  195832   0,80  whatsapp-linux-
09:02:03     1000      6505      5,00      0,00 2772616  236904   0,97  Isolated Web Co

# Time        UID       PID  minflt/s  majflt/s     VSZ     RSS   %MEM  Command
09:02:04        0         1    250,00      0,00   23984   15024   0,06  systemd
09:02:04        0       332      5,00      0,00   51124   18072   0,07  systemd-journal
09:02:04        0      1782    231,00      0,00 2239072   65076   0,27  containerd
09:02:04        0      1880      3,00      0,00 2497752  107680   0,44  dockerd
09:02:04     1000      3026      1,00      0,00 5351996  328936   1,35  gnome-shell
09:02:04     1000      4709      1,00      0,00 3021700  309908   1,27  Isolated Web Co
09:02:04     1000      5407      1,00      0,00 1219928168  762208   3,12  whatsapp-linux-
09:02:04     1000    183595     83,00      0,00   18748    3820   0,02  Launcherv3_mlke
09:02:04     1000    183876     70,00      0,00   18748    2288   0,01  Launcherv3_mlke
09:02:04        0    184167     14,00      0,00 1233848   11000   0,04  containerd-shim
09:02:04     1000    184279   2821,00      0,00 2071452   29444   0,12  docker
09:02:04     1000    184292   2816,00      0,00 1997720   28652   0,12  docker

# Time        UID       PID  minflt/s  majflt/s     VSZ     RSS   %MEM  Command
09:02:05        0         1      1,00      0,00   23984   15024   0,06  systemd
09:02:05     1000      5320      3,00      0,00 34200896   97104   0,40  whatsapp-linux-
09:02:05     1000      5352      3,00      0,00 34032716   80476   0,33  whatsapp-linux-
09:02:05     1000      5407      1,00      0,00 1219928168  762208   3,12  whatsapp-linux-
09:02:05     1000      6623      1,00      0,00 34086472   60820   0,25  whatsapp-linux-
09:02:05     1000    183876     29,00      0,00   18748    2288   0,01  Launcherv3_mlke
09:02:05        0    184167     13,00      0,00 1233848   11000   0,04  containerd-shim
09:02:05     1000    184303    102,00      0,00   17380    2368   0,01  sleep

# Time        UID       PID  minflt/s  majflt/s     VSZ     RSS   %MEM  Command
09:02:06        0         1     33,00      0,00   23984   15024   0,06  systemd
09:02:06        0       332     93,00      0,00   51124   18072   0,07  systemd-journal
09:02:06        0       415    500,00      0,00   30852    8380   0,03  systemd-udevd
09:02:06        0      1364      1,00      0,00 2294516   44000   0,18  snapd
09:02:06        0      1782     22,00      0,00 2239072   65076   0,27  containerd
09:02:06        0      1880      2,00      0,00 2497752  107680   0,44  dockerd
09:02:06     1000      3026      6,00      0,00 5351924  328936   1,35  gnome-shell
09:02:06     1000      4935     56,00      0,00 1212475404  195832   0,80  whatsapp-linux-
09:02:06     1000      5407      1,00      0,00 1219928168  762208   3,12  whatsapp-linux-
09:02:06        0    184248     31,00      0,00   20988   10960   0,04  openssl
09:02:06     1000    184292     27,00      0,00 1997720   29164   0,12  docker
09:02:06        0    184312   1190,00      0,00 1233592   10232   0,04  containerd-shim
09:02:06        0    184336   1207,00      0,00    2872    1744   0,01  perftestClientC
09:02:06        0    184345    239,00      0,00   30856    5932   0,02  (udev-worker)
09:02:06        0    184348    117,00      0,00   30856    5932   0,02  (udev-worker)
09:02:06        0    184349    116,00      0,00   30856    5932   0,02  (udev-worker)
09:02:06        0    184350    109,00      0,00   30856    5932   0,02  (udev-worker)
09:02:06        0    184351    115,00      0,00   30856    5932   0,02  (udev-worker)
09:02:06        0    184352    113,00      0,00   30856    5932   0,02  (udev-worker)
09:02:06        0    184353    113,00      0,00   30856    5932   0,02  (udev-worker)
09:02:06        0    184354    112,00      0,00   30856    5932   0,02  (udev-worker)
09:02:06        0    184355    113,00      0,00   30856    5932   0,02  (udev-worker)
09:02:06        0    184356    106,00      0,00   30856    5932   0,02  (udev-worker)
09:02:06        0    184357    111,00      0,00   30856    5932   0,02  (udev-worker)
09:02:06        0    184358    110,00      0,00   30856    5932   0,02  (udev-worker)
09:02:06        0    184359    110,00      0,00   30856    5932   0,02  (udev-worker)
09:02:06        0    184360    106,00      0,00   30856    5932   0,02  (udev-worker)
09:02:06        0    184361    107,00      0,00   30856    5932   0,02  (udev-worker)
09:02:06        0    184362    109,00      0,00   30856    5932   0,02  (udev-worker)

# Time        UID       PID  minflt/s  majflt/s     VSZ     RSS   %MEM  Command
09:02:07        0         1      5,00      0,00   23984   15024   0,06  systemd
09:02:07        0       332     57,00      0,00   51124   18072   0,07  systemd-journal
09:02:07        0      1782     17,00      0,00 2239072   65076   0,27  containerd
09:02:07        0      1880      4,00      0,00 2497752  107680   0,44  dockerd
09:02:07     1000      3660      5,00      0,00 3221636   66960   0,27  gjs
09:02:07     1000      4935      1,00      0,00 1212475404  195832   0,80  whatsapp-linux-
09:02:07     1000      5352      1,00      0,00 34032716   80476   0,33  whatsapp-linux-
09:02:07     1000      5407    348,00      0,00 1219928168  763616   3,12  whatsapp-linux-
09:02:07     1000    176847      3,00      0,00 1214107016   98968   0,40  whatsapp-linux-
09:02:07     1000    183595     38,00      0,00   18748    3820   0,02  Launcherv3_mlke
09:02:07     1000    183876     70,00      0,00   18748    2288   0,01  Launcherv3_mlke
09:02:07        0    184248     47,00      0,00   20988   11376   0,05  openssl
09:02:07        0    184312     70,00      0,00 1233592   10488   0,04  containerd-shim
09:02:07        0    184336    856,00      0,00    2872    1744   0,01  perftestClientC
09:02:07     1000    184393   2853,00      0,00 1997976   29220   0,12  docker
09:02:07     1000    184432   2855,00      0,00 2071452   29488   0,12  docker
09:02:07        0    184560    747,00      0,00   20852   10716   0,04  openssl

# Time        UID       PID  minflt/s  majflt/s     VSZ     RSS   %MEM  Command
09:02:08        0         1      4,00      0,00   23984   15024   0,06  systemd
09:02:08        0       332     24,00      0,00   51124   18072   0,07  systemd-journal
09:02:08        0      1782      2,00      0,00 2239072   65076   0,27  containerd
09:02:08     1000      3026     16,00      0,00 5351924  329064   1,35  gnome-shell
09:02:08     1000      3660      2,00      0,00 3221636   66960   0,27  gjs
09:02:08     1000    176847      2,00      0,00 1214107016   98968   0,40  whatsapp-linux-
09:02:08        0    184167     12,00      0,00 1233848   11128   0,05  containerd-shim
09:02:08        0    184312     12,00      0,00 1233592   10488   0,04  containerd-shim
09:02:08        0    184336   1078,00      0,00    2872    1744   0,01  perftestClientC
09:02:08     1000    184393     53,00      0,00 1997976   29732   0,12  docker
09:02:08     1000    184432     30,00      0,00 2071452   29616   0,12  docker
09:02:08        0    184749    918,00      0,00 1233016    9592   0,04  containerd-shim
09:02:08        0    184760   1244,00      0,00 1902580   14184   0,06  runc

# Time        UID       PID  minflt/s  majflt/s     VSZ     RSS   %MEM  Command
09:02:09        0         1      7,00      0,00   23984   15024   0,06  systemd
09:02:09        0       332     69,00      0,00   51124   18200   0,07  systemd-journal
09:02:09        0       415      4,00      0,00   30852    8380   0,03  systemd-udevd
09:02:09        0      1364     17,00      0,00 2294516   44128   0,18  snapd
09:02:09        0      1782    121,00      0,00 2239072   64308   0,26  containerd
09:02:09     1000      3026      3,00      0,00 5351924  329064   1,35  gnome-shell
09:02:09     1000      3223      1,00      0,00  540160    7032   0,03  gsd-rfkill
09:02:09     1000      5320      3,00      0,00 34200896   97104   0,40  whatsapp-linux-
09:02:09     1000      5352      3,00      0,00 34032716   80348   0,33  whatsapp-linux-
09:02:09     1000      6623      1,00      0,00 34086472   60820   0,25  whatsapp-linux-
09:02:09     1000    183595     38,00      0,00   18748    3820   0,02  Launcherv3_mlke
09:02:09     1000    183876     25,00      0,00   18748    2288   0,01  Launcherv3_mlke
09:02:09        0    184167     15,00      0,00 1233848   11128   0,05  containerd-shim
09:02:09        0    184336    949,00      0,00    2872    1744   0,01  perftestClientC
09:02:09        0    184348      1,00      0,00   30856    5932   0,02  (udev-worker)
09:02:09        0    184349      2,00      0,00   30856    5932   0,02  (udev-worker)
09:02:09        0    184350      5,00      0,00   30856    5932   0,02  (udev-worker)
09:02:09        0    184351     81,00      0,00   30856    5932   0,02  (udev-worker)
09:02:09        0    184352      2,00      0,00   30856    5932   0,02  (udev-worker)
09:02:09        0    184353      2,00      0,00   30856    5932   0,02  (udev-worker)
09:02:09        0    184354      6,00      0,00   30856    5932   0,02  (udev-worker)
09:02:09        0    184355      4,00      0,00   30856    5932   0,02  (udev-worker)
09:02:09        0    184356      7,00      0,00   30856    5932   0,02  (udev-worker)
09:02:09        0    184357      1,00      0,00   30856    5932   0,02  (udev-worker)
09:02:09        0    184358      3,00      0,00   30856    5932   0,02  (udev-worker)
09:02:09        0    184359      4,00      0,00   30856    5932   0,02  (udev-worker)
09:02:09        0    184360      5,00      0,00   30856    5932   0,02  (udev-worker)
09:02:09        0    184361      5,00      0,00   30856    5932   0,02  (udev-worker)
09:02:09        0    184362      4,00      0,00   30856    5932   0,02  (udev-worker)
09:02:09        0    184749    257,00      0,00 1233592   10360   0,04  containerd-shim
09:02:09        0    184781   1614,00      0,00    2872    1656   0,01  perftestClientC
09:02:09     1000    184875    102,00      0,00   17380    2328   0,01  sleep
09:02:09     1000    184941   2845,00      0,00 1997976   28520   0,12  docker

# Time        UID       PID  minflt/s  majflt/s     VSZ     RSS   %MEM  Command
09:02:10        0         1      3,00      0,00   23984   15024   0,06  systemd
09:02:10        0       332     95,00      0,00   51124   18200   0,07  systemd-journal
09:02:10        0      1782      7,00      0,00 2239072   64308   0,26  containerd
09:02:10     1000      3026      1,00      0,00 5347892  329064   1,35  gnome-shell
09:02:10     1000      3660     11,00      0,00 3221636   67088   0,27  gjs
09:02:10     1000      3822    175,00      0,00 12531472  714200   2,92  firefox
09:02:10     1000      4935     56,00      0,00 1212475404  195832   0,80  whatsapp-linux-
09:02:10     1000      5050      0,00      0,00 2935164  371824   1,52  Isolated Web Co
09:02:10     1000      5407      3,00      0,00 1219928168  763616   3,12  whatsapp-linux-
09:02:10     1000    176847      2,00      0,00 1214107016   98968   0,40  whatsapp-linux-
09:02:10        0    184336   1422,00      0,00    2872    1744   0,01  perftestClientC
09:02:10        0    184781   1422,00      0,00    2872    1656   0,01  perftestClientC

# Time        UID       PID  minflt/s  majflt/s     VSZ     RSS   %MEM  Command
09:02:11        0         1      3,00      0,00   23984   15024   0,06  systemd
09:02:11        0       332     68,00      0,00   51124   18200   0,07  systemd-journal
09:02:11        0       415     11,00      0,00   30852    8380   0,03  systemd-udevd
09:02:11        0      1364      9,00      0,00 2294516   44128   0,18  snapd
09:02:11        0      1782    370,00      0,00 2239072   65588   0,27  containerd
09:02:11        0      1880      5,00      0,00 2497752  107808   0,44  dockerd
09:02:11     1000      3026      1,00      0,00 5351988  329064   1,35  gnome-shell
09:02:11     1000      3660      8,00      0,00 3221636   67088   0,27  gjs
09:02:11     1000      5407      1,00      0,00 1219928168  762356   3,12  whatsapp-linux-
09:02:11     1000    183876     72,00      0,00   18748    2288   0,01  Launcherv3_mlke
09:02:11        0    184312     68,00      0,00 1233848   10616   0,04  containerd-shim
09:02:11        0    184336   1001,00      0,00    2872    1744   0,01  perftestClientC
09:02:11        0    184345      1,00      0,00   30856    5932   0,02  (udev-worker)
09:02:11        0    184348      1,00      0,00   30856    5932   0,02  (udev-worker)
09:02:11        0    184351     74,00      0,00   30856    5932   0,02  (udev-worker)
09:02:11        0    184357      1,00      0,00   30856    5932   0,02  (udev-worker)
09:02:11        0    184359      1,00      0,00   30856    5932   0,02  (udev-worker)
09:02:11        0    184781   1050,00      0,00    2872    1656   0,01  perftestClientC
09:02:11     1000    184941     27,00      0,00 1997976   29308   0,12  docker
09:02:11     1000    185718   2807,00      0,00 1923732   29556   0,12  docker
09:02:11        0    185721   1216,00      0,00 1233592   10104   0,04  containerd-shim
09:02:11        0    185783   1033,00      0,00 1608196   12732   0,05  runc:[2:INIT]

# Time        UID       PID  minflt/s  majflt/s     VSZ     RSS   %MEM  Command
09:02:12        0       332     32,00      0,00   51124   18200   0,07  systemd-journal
09:02:12        0      1782      1,00      0,00 2239072   65588   0,27  containerd
09:02:12        0      1880      1,00      0,00 2497752  107808   0,44  dockerd
09:02:12     1000      3660      4,00      0,00 3221636   67088   0,27  gjs
09:02:12     1000      3822      1,00      0,00 12531472  714200   2,92  firefox
09:02:12     1000      5407      1,00      0,00 1219928168  762356   3,12  whatsapp-linux-
09:02:12     1000    176847      3,00      0,00 1214107016   98968   0,40  whatsapp-linux-
09:02:12     1000    183595     38,00      0,00   18748    3820   0,02  Launcherv3_mlke
09:02:12        0    184167     11,00      0,00 1233848   11128   0,05  containerd-shim
09:02:12        0    184312      5,00      0,00 1233848   10744   0,04  containerd-shim
09:02:12        0    184336   1223,00      0,00    2872    1744   0,01  perftestClientC
09:02:12        0    184749     72,00      0,00 1233592   10616   0,04  containerd-shim
09:02:12        0    184781   1202,00      0,00    2872    1656   0,01  perftestClientC
09:02:12     1000    185718     30,00      0,00 1923732   29684   0,12  docker
09:02:12        0    185721    118,00      0,00 1233592   10488   0,04  containerd-shim
09:02:12        0    185783   1134,00      0,00    2872    1900   0,01  perftestClientC
09:02:12     1000    186109   2725,00      0,00 1776012   28004   0,11  docker

# Time        UID       PID  minflt/s  majflt/s     VSZ     RSS   %MEM  Command
09:02:13        0         1      2,00      0,00   23984   15024   0,06  systemd
09:02:13        0       332     34,00      0,00   51124   18200   0,07  systemd-journal
09:02:13        0      1782      2,00      0,00 2239072   65588   0,27  containerd
09:02:13     1000      3026      1,00      0,00 5351924  329064   1,35  gnome-shell
09:02:13     1000      4935     38,00      0,00 1212475404  195832   0,80  whatsapp-linux-
09:02:13     1000      5320      3,00      0,00 34200896   97104   0,40  whatsapp-linux-
09:02:13     1000      5352      3,00      0,00 34032716   80348   0,33  whatsapp-linux-
09:02:13     1000      5407   2620,00      0,00 1219928168  749528   3,07  whatsapp-linux-
09:02:13     1000      6623      1,00      0,00 34086472   60820   0,25  whatsapp-linux-
09:02:13     1000    176847      3,00      0,00 1214107016   98968   0,40  whatsapp-linux-
09:02:13     1000    183876     27,00      0,00   18748    2288   0,01  Launcherv3_mlke
09:02:13        0    184167     19,00      0,00 1233848   11256   0,05  containerd-shim
09:02:13        0    184336   1428,00      0,00    2872    1744   0,01  perftestClientC
09:02:13        0    184749     74,00      0,00 1233848   10872   0,04  containerd-shim
09:02:13        0    184781   1400,00      0,00    2872    1656   0,01  perftestClientC
09:02:13        0    185721      3,00      0,00 1233592   10488   0,04  containerd-shim
09:02:13        0    185783   1424,00      0,00    2872    1900   0,01  perftestClientC
09:02:13     1000    186109     41,00      0,00 1849744   28788   0,12  docker
09:02:13     1000    187127    102,00      0,00   17380    2344   0,01  sleep

# Time        UID       PID  minflt/s  majflt/s     VSZ     RSS   %MEM  Command
09:02:14        0         1      1,00      0,00   23984   15024   0,06  systemd
09:02:14        0       332     93,00      0,00   51124   18200   0,07  systemd-journal
09:02:14        0      1364      3,00      0,00 2294516   44128   0,18  snapd
09:02:14        0      1782    120,00      0,00 2239072   64504   0,26  containerd
09:02:14        0      1880    400,00      0,00 2497752  109344   0,45  dockerd
09:02:14     1000      4935     49,00      0,00 1212475404  195704   0,80  whatsapp-linux-
09:02:14     1000      5407      1,00      0,00 1219928168  749528   3,07  whatsapp-linux-
09:02:14     1000    176847      2,00      0,00 1214107016   98968   0,40  whatsapp-linux-
09:02:14     1000    183595     38,00      0,00   18748    3820   0,02  Launcherv3_mlke
09:02:14        0    184336   1750,00      0,00    2872    1744   0,01  perftestClientC
09:02:14        0    184345      1,00      0,00   30856    5932   0,02  (udev-worker)
09:02:14        0    184351     71,00      0,00   30856    5932   0,02  (udev-worker)
09:02:14        0    184352      3,00      0,00   30856    5932   0,02  (udev-worker)
09:02:14        0    184353      3,00      0,00   30856    5932   0,02  (udev-worker)
09:02:14        0    184361      2,00      0,00   30856    5932   0,02  (udev-worker)
09:02:14        0    184781   1702,00      0,00    2872    1656   0,01  perftestClientC
09:02:14        0    185783   1764,00      0,00    2872    1900   0,01  perftestClientC
09:02:14        0    187610   1225,00      0,00 1233592   10488   0,04  containerd-shim
09:02:14        0    187666   1774,00      0,00    2872    1772   0,01  perftestClientC
09:02:14     1000    188215   2807,00      0,00 1850256   28648   0,12  docker

# Time        UID       PID  minflt/s  majflt/s     VSZ     RSS   %MEM  Command
09:02:15        0       332     58,00      0,00   51124   18200   0,07  systemd-journal
09:02:15        0      1782    543,00      0,00 2239072   66132   0,27  containerd
09:02:15        0      1880      4,00      0,00 2497752  109344   0,45  dockerd
09:02:15     1000      3026      1,00      0,00 5351924  329064   1,35  gnome-shell
09:02:15     1000      3660      5,00      0,00 3221636   67088   0,27  gjs
09:02:15     1000      4935      3,00      0,00 1212475404  195704   0,80  whatsapp-linux-
09:02:15     1000      5407      3,00      0,00 1219928168  749528   3,07  whatsapp-linux-
09:02:15     1000    176847      4,00      0,00 1214107016   98968   0,40  whatsapp-linux-
09:02:15     1000    183876     69,00      0,00   18748    2288   0,01  Launcherv3_mlke
09:02:15        0    184312     13,00      0,00 1233848   10872   0,04  containerd-shim
09:02:15        0    184336   1278,00      0,00    2872    1744   0,01  perftestClientC
09:02:15        0    184781   1350,00      0,00    2872    1656   0,01  perftestClientC
09:02:15        0    185783   1276,00      0,00    2872    1900   0,01  perftestClientC
09:02:15        0    187610     90,00      0,00 1233592   10744   0,04  containerd-shim
09:02:15        0    187666   1231,00      0,00    2872    1772   0,01  perftestClientC
09:02:15     1000    189219   2825,00      0,00 1923732   29116   0,12  docker

# Time        UID       PID  minflt/s  majflt/s     VSZ     RSS   %MEM  Command
09:02:16        0         1      7,00      0,00   23984   15024   0,06  systemd
09:02:16        0       332     94,00      0,00   51124   18200   0,07  systemd-journal
09:02:16        0      1364      2,00      0,00 2294516   44128   0,18  snapd
09:02:16        0      1880      2,00      0,00 2497752  109344   0,45  dockerd
09:02:16     1000      3660      1,00      0,00 3221636   67088   0,27  gjs
09:02:16     1000      5121      1,00      0,00 3072344  445688   1,82  Isolated Web Co
09:02:16     1000      5352      2,00      0,00 34032716   80348   0,33  whatsapp-linux-
09:02:16     1000      5407      3,00      0,00 1219928168  749528   3,07  whatsapp-linux-
09:02:16        0    184167      1,00      0,00 1233848   11256   0,05  containerd-shim
09:02:16        0    184312     16,00      0,00 1233848   11000   0,04  containerd-shim
09:02:16        0    184336   1722,00      0,00    2872    1744   0,01  perftestClientC
09:02:16        0    184345      1,00      0,00   30856    5932   0,02  (udev-worker)
09:02:16        0    184351     69,00      0,00   30856    5932   0,02  (udev-worker)
09:02:16        0    184781   1759,00      0,00    2872    1656   0,01  perftestClientC
09:02:16        0    185721      8,00      0,00 1233592   10616   0,04  containerd-shim
09:02:16        0    185783   1764,00      0,00    2872    1900   0,01  perftestClientC
09:02:16        0    187610     14,00      0,00 1233592   10744   0,04  containerd-shim
09:02:16        0    187666   1683,00      0,00    2872    1772   0,01  perftestClientC
09:02:16     1000    188215     33,00      0,00 1850256   29308   0,12  docker
09:02:16     1000    189219     45,00      0,00 1923988   29244   0,12  docker
09:02:16        0    190236   1204,00      0,00 1233336   10488   0,04  containerd-shim
09:02:16        0    190305   1026,00      0,00 1608196   12440   0,05  runc:[2:INIT]

# Time        UID       PID  minflt/s  majflt/s     VSZ     RSS   %MEM  Command
09:02:17        0       332      8,00      0,00   51124   18200   0,07  systemd-journal
09:02:17        0      1880      2,00      0,00 2497752  109344   0,45  dockerd
09:02:17     1000      3660      5,00      0,00 3221636   67088   0,27  gjs
09:02:17     1000      5320      3,00      0,00 34200896   97104   0,40  whatsapp-linux-
09:02:17     1000      5352      3,00      0,00 34032716   80348   0,33  whatsapp-linux-
09:02:17     1000      5407      3,00      0,00 1219928168  749528   3,07  whatsapp-linux-
09:02:17     1000      6623      1,00      0,00 34086472   60820   0,25  whatsapp-linux-
09:02:17     1000    176847      1,00      0,00 1214107016   98968   0,40  whatsapp-linux-
09:02:17     1000    183595     38,00      0,00   18748    3820   0,02  Launcherv3_mlke
09:02:17        0    184167      6,00      0,00 1233848   11256   0,05  containerd-shim
09:02:17        0    184336   1600,00      0,00    2872    1744   0,01  perftestClientC
09:02:17        0    184749      8,00      0,00 1233848   10872   0,04  containerd-shim
09:02:17        0    184781   1644,00      0,00    2872    1656   0,01  perftestClientC
09:02:17        0    185721      6,00      0,00 1233592   10616   0,04  containerd-shim
09:02:17        0    185783   1666,00      0,00    2872    1900   0,01  perftestClientC
09:02:17        0    187666   1528,00      0,00    2872    1772   0,01  perftestClientC
09:02:17     1000    189219     28,00      0,00 1923988   29372   0,12  docker
09:02:17        0    190236    153,00      0,00 1233592   11128   0,05  containerd-shim
09:02:17        0    190305   1556,00      0,00    2872    1736   0,01  perftestClientC
09:02:17     1000    191034   2781,00      0,00 2145184   28712   0,12  docker

# Time        UID       PID  minflt/s  majflt/s     VSZ     RSS   %MEM  Command
09:02:18        0         1      5,00      0,00   23984   15024   0,06  systemd
09:02:18        0       332     61,00      0,00   51124   18200   0,07  systemd-journal
09:02:18        0      1782      3,00      0,00 2239072   66132   0,27  containerd
09:02:18     1000      3026      6,00      0,00 5351668  329064   1,35  gnome-shell
09:02:18     1000      4935     53,00      0,00 1212475404  195704   0,80  whatsapp-linux-
09:02:18     1000    183876     29,00      0,00   18748    2288   0,01  Launcherv3_mlke
09:02:18        0    184336   1573,00      0,00    2872    1744   0,01  perftestClientC
09:02:18        0    184781   1598,00      0,00    2872    1656   0,01  perftestClientC
09:02:18        0    185783   1594,00      0,00    2872    1900   0,01  perftestClientC
09:02:18        0    187666   1515,00      0,00    2872    1772   0,01  perftestClientC
09:02:18        0    190236      3,00      0,00 1233592   11128   0,05  containerd-shim
09:02:18        0    190305   1552,00      0,00    2872    1736   0,01  perftestClientC
09:02:18     1000    191034     26,00      0,00 2145184   29096   0,12  docker
09:02:18     1000    193573    102,00      0,00   17380    2252   0,01  sleep
09:02:18        0    193671    918,00      0,00 1233016    9656   0,04  containerd-shim
09:02:18        0    193699   1174,00      0,00 1902580   13988   0,06  runc

# Time        UID       PID  minflt/s  majflt/s     VSZ     RSS   %MEM  Command
09:02:19        0         1      2,00      0,00   23984   15024   0,06  systemd
09:02:19        0       332     62,00      0,00   51124   18200   0,07  systemd-journal
09:02:19        0       415      1,00      0,00   30852    8380   0,03  systemd-udevd
09:02:19        0      1364      1,00      0,00 2294516   44128   0,18  snapd
09:02:19        0      1782      6,00      0,00 2239072   66132   0,27  containerd
09:02:19        0      1880      1,00      0,00 2497752  109344   0,45  dockerd
09:02:19     1000      3026     10,00      0,00 5351668  329064   1,35  gnome-shell
09:02:19     1000      3822      1,00      0,00 12531472  714200   2,92  firefox
09:02:19     1000      4935      4,00      0,00 1212475404  195704   0,80  whatsapp-linux-
09:02:19     1000    183595     38,00      0,00   18748    3820   0,02  Launcherv3_mlke
09:02:19        0    184336   1481,00      0,00    2872    1744   0,01  perftestClientC
09:02:19        0    184351     73,00      0,00   30856    5932   0,02  (udev-worker)
09:02:19        0    184781   1501,00      0,00    2872    1656   0,01  perftestClientC
09:02:19        0    185783   1444,00      0,00    2872    1900   0,01  perftestClientC
09:02:19        0    187666   1436,00      0,00    2872    1772   0,01  perftestClientC
09:02:19        0    190305   1465,00      0,00    2872    1736   0,01  perftestClientC
09:02:19        0    193671    317,00      0,00 1233592   10680   0,04  containerd-shim
09:02:19        0    193777   1762,00      0,00    2872    1680   0,01  perftestClientC
09:02:19     1000    194591   2772,00      0,00 1850256   28716   0,12  docker

# Time        UID       PID  minflt/s  majflt/s     VSZ     RSS   %MEM  Command
09:02:20        0         1      2,00      0,00   23984   15024   0,06  systemd
09:02:20        0       332     66,00      0,00   51124   18200   0,07  systemd-journal
09:02:20        0      1782    174,00      0,00 2239072   66900   0,27  containerd
09:02:20        0      1880      8,00      0,00 2497752  109344   0,45  dockerd
09:02:20     1000      3660      4,00      0,00 3221636   67088   0,27  gjs
09:02:20     1000    183876     71,00      0,00   18748    2288   0,01  Launcherv3_mlke
09:02:20     1000    183877      2,00      0,00   20036    5260   0,02  pidstat
09:02:20     1000    183878      2,00      0,00   20036    5240   0,02  pidstat
09:02:20     1000    183880      2,00      0,00   20036    5244   0,02  pidstat
09:02:20        0    184336   1490,00      0,00    2872    1744   0,01  perftestClientC
09:02:20        0    184781   1500,00      0,00    2872    1656   0,01  perftestClientC
09:02:20        0    185783   1472,00      0,00    2872    1900   0,01  perftestClientC
09:02:20        0    187666   1433,00      0,00    2872    1772   0,01  perftestClientC
09:02:20        0    190305   1489,00      0,00    2872    1736   0,01  perftestClientC
09:02:20        0    193777   1356,00      0,00    2872    1680   0,01  perftestClientC
09:02:20     1000    196749   2770,00      0,00 1923732   29368   0,12  docker
09:02:20        0    196833    700,00      0,00   20720    9136   0,04  openssl

# Time        UID       PID  minflt/s  majflt/s     VSZ     RSS   %MEM  Command
09:02:21        0         1      4,00      0,00   23984   15024   0,06  systemd
09:02:21        0       332     63,00      0,00   51124   18200   0,07  systemd-journal
09:02:21        0      1364     18,00      0,00 2294516   44256   0,18  snapd
09:02:21        0      1782    592,00      0,00 2239072   68948   0,28  containerd
09:02:21        0      1880      2,00      0,00 2497752  109344   0,45  dockerd
09:02:21     1000      3026      2,00      0,00 5351668  329064   1,35  gnome-shell
09:02:21     1000      3204      1,00      0,00  394340    8140   0,03  gsd-housekeepin
09:02:21     1000      3486      1,00      0,00 1375044   25016   0,10  evolution-calen
09:02:21     1000      3660      6,00      0,00 3221636   67088   0,27  gjs
09:02:21     1000      4072      4,00      0,00 2683864  168096   0,69  Privileged Cont
09:02:21     1000      5320      3,00      0,00 34200896   97104   0,40  whatsapp-linux-
09:02:21     1000      5352      5,00      0,00 34032716   80348   0,33  whatsapp-linux-
09:02:21     1000      6623      1,00      0,00 34086472   60820   0,25  whatsapp-linux-
09:02:21        0    184167      4,00      0,00 1233848   11256   0,05  containerd-shim
09:02:21        0    184248      1,00      0,00   20988   11376   0,05  openssl
09:02:21        0    184336   1411,00      0,00    2872    1744   0,01  perftestClientC
09:02:21        0    184351     73,00      0,00   30856    5932   0,02  (udev-worker)
09:02:21        0    184781   1405,00      0,00    2872    1656   0,01  perftestClientC
09:02:21        0    185783   1371,00      0,00    2872    1900   0,01  perftestClientC
09:02:21        0    187666   1293,00      0,00    2872    1772   0,01  perftestClientC
09:02:21        0    190305   1352,00      0,00    2872    1736   0,01  perftestClientC
09:02:21        0    193777   1225,00      0,00    2872    1680   0,01  perftestClientC
09:02:21     1000    194591     24,00      0,00 1850256   29356   0,12  docker
09:02:21     1000    196749    132,00      0,00 1923988   29880   0,12  docker
09:02:21        0    197904    964,00      0,00 1233016    9848   0,04  containerd-shim
09:02:21        0    198010   1032,00      0,00 1608196   12936   0,05  runc:[2:INIT]
09:02:21        0    198365    491,00      0,00   20056    7320   0,03  openssl

# Time        UID       PID  minflt/s  majflt/s     VSZ     RSS   %MEM  Command
09:02:22        0         1     11,00      0,00   23984   15024   0,06  systemd
09:02:22        0       332     12,00      0,00   51124   18200   0,07  systemd-journal
09:02:22        0      1782    156,00      0,00 2239072   68928   0,28  containerd
09:02:22     1000      3660     11,00      0,00 3221636   67088   0,27  gjs
09:02:22     1000      4935     53,00      0,00 1212475404  195704   0,80  whatsapp-linux-
09:02:22     1000      5121     11,00      0,00 3072344  445688   1,82  Isolated Web Co
09:02:22     1000      5407      1,00      0,00 1219928168  749528   3,07  whatsapp-linux-
09:02:22     1000      5675      0,00      0,00 2825532  269848   1,10  Isolated Web Co
09:02:22     1000    183595     38,00      0,00   18748    3820   0,02  Launcherv3_mlke
09:02:22     1000    183877      4,00      0,00   20036    5260   0,02  pidstat
09:02:22     1000    183878      2,00      0,00   20036    5240   0,02  pidstat
09:02:22        0    184167      1,00      0,00 1233848   11256   0,05  containerd-shim
09:02:22        0    184312     11,00      0,00 1233848   11000   0,04  containerd-shim
09:02:22        0    184336   1352,00      0,00    2872    1744   0,01  perftestClientC
09:02:22        0    184749      1,00      0,00 1233848   10872   0,04  containerd-shim
09:02:22        0    184781   1290,00      0,00    2872    1656   0,01  perftestClientC
09:02:22        0    185721      5,00      0,00 1233592   10744   0,04  containerd-shim
09:02:22        0    185783   1305,00      0,00    2872    1900   0,01  perftestClientC
09:02:22        0    187610     71,00      0,00 1233592   10872   0,04  containerd-shim
09:02:22        0    187666   1300,00      0,00    2872    1772   0,01  perftestClientC
09:02:22        0    190236      8,00      0,00 1233848   11128   0,05  containerd-shim
09:02:22        0    190305   1304,00      0,00    2872    1736   0,01  perftestClientC
09:02:22        0    193671     52,00      0,00 1233848   10936   0,04  containerd-shim
09:02:22        0    193777   1179,00      0,00    2872    1680   0,01  perftestClientC
09:02:22     1000    196749     27,00      0,00 1923988   30136   0,12  docker
09:02:22        0    197904    200,00      0,00 1233592   10360   0,04  containerd-shim
09:02:22        0    198010   1154,00      0,00    2872    1888   0,01  perftestClientC
09:02:22     1000    198943   2854,00      0,00 1923988   29240   0,12  docker
09:02:22        0    200008    783,00      0,00   11724    9092   0,04  openssl
09:02:22        0    200025    775,00      0,00   20984   10860   0,04  openssl

# Time        UID       PID  minflt/s  majflt/s     VSZ     RSS   %MEM  Command
09:02:23        0       332     52,48      0,00   51124   18200   0,07  systemd-journal
09:02:23        0      1782     15,84      0,00 2239072   69056   0,28  containerd
09:02:23        0      1880     14,85      0,00 2497752  109472   0,45  dockerd
09:02:23     1000      3026      2,97      0,00 5351668  329064   1,35  gnome-shell
09:02:23     1000      3204      1,98      0,00  394340    8140   0,03  gsd-housekeepin
09:02:23     1000      3553      0,99      0,00  544760    9540   0,04  gvfsd-trash
09:02:23     1000      4709      8,91      0,00 3021700  309908   1,27  Isolated Web Co
09:02:23     1000      4935      2,97      0,00 1212475404  195704   0,80  whatsapp-linux-
09:02:23     1000      5121      2,97      0,00 3072344  445688   1,82  Isolated Web Co
09:02:23     1000      5407      1,98      0,00 1219928168  749528   3,07  whatsapp-linux-
09:02:23     1000    183880      1,98      0,00   20036    5244   0,02  pidstat
09:02:23        0    184312     12,87      0,00 1233848   11000   0,04  containerd-shim
09:02:23        0    184336   1288,12      0,00    2872    1744   0,01  perftestClientC
09:02:23        0    184749     17,82      0,00 1233848   10872   0,04  containerd-shim
09:02:23        0    184781   1300,99      0,00    2872    1656   0,01  perftestClientC
09:02:23        0    185721      7,92      0,00 1233592   10744   0,04  containerd-shim
09:02:23        0    185783   1263,37      0,00    2872    1900   0,01  perftestClientC
09:02:23        0    187610      6,93      0,00 1233592   10872   0,04  containerd-shim
09:02:23        0    187666   1300,99      0,00    2872    1772   0,01  perftestClientC
09:02:23        0    190236     11,88      0,00 1233848   11256   0,05  containerd-shim
09:02:23        0    190305   1313,86      0,00    2872    1736   0,01  perftestClientC
09:02:23        0    193671     56,44      0,00 1233848   11192   0,05  containerd-shim
09:02:23        0    193777   1167,33      0,00    2872    1680   0,01  perftestClientC
09:02:23     1000    196749     39,60      0,00 1923988   30264   0,12  docker
09:02:23        0    197904     40,59      0,00 1233848   10488   0,04  containerd-shim
09:02:23        0    198010   1337,62      0,00    2872    1888   0,01  perftestClientC
09:02:23     1000    198943     23,76      0,00 1923988   29764   0,12  docker
09:02:23        0    201669    665,35      0,00   20720    8880   0,04  openssl

# Time        UID       PID  minflt/s  majflt/s     VSZ     RSS   %MEM  Command
09:02:24        0         1      1,00      0,00   23984   15024   0,06  systemd
09:02:24        0       332     66,00      0,00   51124   18200   0,07  systemd-journal
09:02:24        0      1364     17,00      0,00 2294516   44384   0,18  snapd
09:02:24        0      1782     17,00      0,00 2239072   69056   0,28  containerd
09:02:24        0      1880     12,00      0,00 2497752  109472   0,45  dockerd
09:02:24     1000      3204      1,00      0,00  394340    8140   0,03  gsd-housekeepin
09:02:24     1000      3660      1,00      0,00 3221636   67088   0,27  gjs
09:02:24     1000      5121      2,00      0,00 3072344  445688   1,82  Isolated Web Co
09:02:24     1000      5407      1,00      0,00 1219928168  749656   3,07  whatsapp-linux-
09:02:24     1000      5675      1,00      0,00 2825532  269848   1,10  Isolated Web Co
09:02:24     1000    183595     37,00      0,00   18748    3820   0,02  Launcherv3_mlke
09:02:24     1000    183876     26,00      0,00   18748    2288   0,01  Launcherv3_mlke
09:02:24     1000    183877      5,00      0,00   20036    5260   0,02  pidstat
09:02:24     1000    183880     13,00      0,00   20036    5244   0,02  pidstat
09:02:24        0    184336   1252,00      0,00    2872    1744   0,01  perftestClientC
09:02:24        0    184351     72,00      0,00   30856    5932   0,02  (udev-worker)
09:02:24        0    184781   1189,00      0,00    2872    1656   0,01  perftestClientC
09:02:24        0    185783   1220,00      0,00    2872    1900   0,01  perftestClientC
09:02:24        0    187666   1145,00      0,00    2872    1772   0,01  perftestClientC
09:02:24        0    190305   1271,00      0,00    2872    1736   0,01  perftestClientC
09:02:24        0    193777   1130,00      0,00    2872    1680   0,01  perftestClientC
09:02:24        0    197904     23,00      0,00 1233848   10616   0,04  containerd-shim
09:02:24        0    198010   1203,00      0,00    2872    1888   0,01  perftestClientC
09:02:24        0    201820   1050,00      0,00 1233272    9976   0,04  containerd-shim
09:02:24        0    201952   1556,00      0,00    2872    1740   0,01  perftestClientC
09:02:24     1000    201982    102,00      0,00   17380    2320   0,01  sleep
09:02:24     1000    202809   2770,00      0,00 1850000   28856   0,12  docker

# Time        UID       PID  minflt/s  majflt/s     VSZ     RSS   %MEM  Command
09:02:25        0         1      1,00      0,00   23984   15024   0,06  systemd
09:02:25        0       332     88,00      0,00   51124   18200   0,07  systemd-journal
09:02:25        0      1782      4,00      0,00 2239072   69056   0,28  containerd
09:02:25     1000      3660      6,00      0,00 3221636   67088   0,27  gjs
09:02:25     1000      3822      3,00      0,00 12531472  714200   2,92  firefox
09:02:25     1000      5121    301,00      0,00 3072344  446712   1,83  Isolated Web Co
09:02:25     1000      5320      3,00      0,00 34200896   97104   0,40  whatsapp-linux-
09:02:25     1000      5352      5,00      0,00 34032716   80348   0,33  whatsapp-linux-
09:02:25     1000      6623      1,00      0,00 34086472   60820   0,25  whatsapp-linux-
09:02:25     1000    183877      2,00      0,00   20036    5388   0,02  pidstat
09:02:25     1000    183878      9,00      0,00   20036    5240   0,02  pidstat
09:02:25        0    184781   1163,00      0,00    2872    1656   0,01  perftestClientC
09:02:25        0    185783   1157,00      0,00    2872    1900   0,01  perftestClientC
09:02:25        0    187666   1179,00      0,00    2872    1772   0,01  perftestClientC
09:02:25        0    190305   1183,00      0,00    2872    1736   0,01  perftestClientC
09:02:25        0    193777   1106,00      0,00    2872    1680   0,01  perftestClientC
09:02:25        0    198010   1252,00      0,00    2872    1888   0,01  perftestClientC
09:02:25        0    201952   1201,00      0,00    2872    1740   0,01  perftestClientC
09:02:25        0    205055    747,00      0,00   20852   10460   0,04  openssl
09:02:25        0    205060    687,00      0,00   20720    9236   0,04  openssl
09:02:25        0    205074    753,00      0,00   20852   10788   0,04  openssl

# Time        UID       PID  minflt/s  majflt/s     VSZ     RSS   %MEM  Command
09:02:26        0       332     94,00      0,00   51124   18200   0,07  systemd-journal
09:02:26        0      1364     18,00      0,00 2294516   44384   0,18  snapd
09:02:26        0      1782     63,00      0,00 2239072   69312   0,28  containerd
09:02:26        0      1880     62,00      0,00 2497752  109728   0,45  dockerd
09:02:26     1000      3026     12,00      0,00 5351668  329192   1,35  gnome-shell
09:02:26     1000      3451      1,00      0,00  555716   24744   0,10  goa-daemon
09:02:26     1000      3553      1,00      0,00  544760    9540   0,04  gvfsd-trash
09:02:26     1000      3660      4,00      0,00 3221636   67088   0,27  gjs
09:02:26     1000      4709      7,00      0,00 3021700  309908   1,27  Isolated Web Co
09:02:26     1000      4935     56,00      0,00 1212475404  195704   0,80  whatsapp-linux-
09:02:26     1000      5121      6,00      0,00 3072344  446712   1,83  Isolated Web Co
09:02:26     1000    183876     72,00      0,00   18748    2288   0,01  Launcherv3_mlke
09:02:26        0    184167      3,00      0,00 1233848   11256   0,05  containerd-shim
09:02:26        0    184351     73,00      0,00   30856    5932   0,02  (udev-worker)
09:02:26        0    184781   1198,00      0,00    2872    1656   0,01  perftestClientC
09:02:26        0    185783   1273,00      0,00    2872    1900   0,01  perftestClientC
09:02:26        0    187666   1199,00      0,00    2872    1772   0,01  perftestClientC
09:02:26        0    190305   1230,00      0,00    2872    1736   0,01  perftestClientC
09:02:26        0    193777   1185,00      0,00    2872    1680   0,01  perftestClientC
09:02:26        0    198010   1250,00      0,00    2872    1888   0,01  perftestClientC
09:02:26        0    201952   1250,00      0,00    2872    1740   0,01  perftestClientC
09:02:26     1000    202809     23,00      0,00 1850256   28984   0,12  docker
09:02:26     1000    205323   2918,00      0,00 1997720   30008   0,12  docker
09:02:26        0    206639    522,00      0,00   20056    8172   0,03  openssl

# Time        UID       PID  minflt/s  majflt/s     VSZ     RSS   %MEM  Command
09:02:27        0         1      3,00      0,00   23984   15024   0,06  systemd
09:02:27        0       332    108,00      0,00   51124   18200   0,07  systemd-journal
09:02:27        0      1364     69,00      0,00 2294516   44640   0,18  snapd
09:02:27        0      1782     12,00      0,00 2239072   69312   0,28  containerd
09:02:27        0      1880     29,00      0,00 2497752  109728   0,45  dockerd
09:02:27     1000      3026      3,00      0,00 5351668  329192   1,35  gnome-shell
09:02:27     1000      3533      1,00      0,00  834492   30888   0,13  evolution-addre
09:02:27     1000      3822      2,00      0,00 12531488  714200   2,92  firefox
09:02:27     1000      5121    116,00      0,00 3072344  447096   1,83  Isolated Web Co
09:02:27     1000      5407      1,00      0,00 1219928168  749656   3,07  whatsapp-linux-
09:02:27        0    184167     68,00      0,00 1233848   11384   0,05  containerd-shim
09:02:27        0    184351     84,00      0,00   30856    5932   0,02  (udev-worker)
09:02:27        0    185721      2,00      0,00 1233592   10744   0,04  containerd-shim
09:02:27        0    185783   1264,00      0,00    2872    1900   0,01  perftestClientC
09:02:27        0    187610      5,00      0,00 1233848   10872   0,04  containerd-shim
09:02:27        0    187666   1240,00      0,00    2872    1772   0,01  perftestClientC
09:02:27        0    190236      3,00      0,00 1233848   11256   0,05  containerd-shim
09:02:27        0    190305   1254,00      0,00    2872    1736   0,01  perftestClientC
09:02:27        0    193777   1090,00      0,00    2872    1680   0,01  perftestClientC
09:02:27        0    197904     12,00      0,00 1233848   10616   0,04  containerd-shim
09:02:27        0    198010   1253,00      0,00    2872    1888   0,01  perftestClientC
09:02:27        0    201820    268,00      0,00 1233848   10744   0,04  containerd-shim
09:02:27        0    201952   1250,00      0,00    2872    1740   0,01  perftestClientC
09:02:27     1000    205323     30,00      0,00 1997720   30136   0,12  docker
09:02:27        0    207648   1192,00      0,00 1233592   10232   0,04  containerd-shim
09:02:27        0    207747   1121,00      0,00 1608708   13116   0,05  runc:[2:INIT]
09:02:27        0    208259    781,00      0,00   11724    9172   0,04  openssl
09:02:27        0    208264    751,00      0,00   20852   10692   0,04  openssl

# Time        UID       PID  minflt/s  majflt/s     VSZ     RSS   %MEM  Command
09:02:28        0       332     44,00      0,00   51124   18200   0,07  systemd-journal
09:02:28        0      1364      2,00      0,00 2294516   44640   0,18  snapd
09:02:28        0      1782     39,00      0,00 2239072   69440   0,28  containerd
09:02:28        0      1880    217,00      0,00 2497752  110624   0,45  dockerd
09:02:28     1000      3660      5,00      0,00 3221636   67088   0,27  gjs
09:02:28     1000      3822      0,00      0,00 12531472  714200   2,92  firefox
09:02:28     1000      4072      0,00      0,00 2683820  168096   0,69  Privileged Cont
09:02:28     1000      5121     15,00      0,00 3072344  447224   1,83  Isolated Web Co
09:02:28     1000      5407      1,00      0,00 1219928168  749656   3,07  whatsapp-linux-
09:02:28     1000    183595     39,00      0,00   18748    3820   0,02  Launcherv3_mlke
09:02:28        0    184167     24,00      0,00 1233848   10872   0,04  containerd-shim
09:02:28        0    184351     64,00      0,00   30856    5932   0,02  (udev-worker)
09:02:28        0    184362      2,00      0,00   30856    5932   0,02  (udev-worker)
09:02:28        0    185783   1288,00      0,00    2872    1900   0,01  perftestClientC
09:02:28        0    187610      6,00      0,00 1233848   10872   0,04  containerd-shim
09:02:28        0    187666   1266,00      0,00    2872    1772   0,01  perftestClientC
09:02:28        0    190305   1334,00      0,00    2872    1736   0,01  perftestClientC
09:02:28        0    193671      6,00      0,00 1233848   11192   0,05  containerd-shim
09:02:28        0    193777   1224,00      0,00    2872    1680   0,01  perftestClientC
09:02:28        0    198010   1372,00      0,00    2872    1888   0,01  perftestClientC
09:02:28        0    201952   1334,00      0,00    2872    1740   0,01  perftestClientC
09:02:28     1000    205323      8,00      0,00 1997720   30136   0,12  docker
09:02:28        0    207648     25,00      0,00 1233592   10232   0,04  containerd-shim
09:02:28        0    207747    887,00      0,00    2872    1888   0,01  perftestClientC
09:02:28     1000    209503   2776,00      0,00 1850000   29096   0,12  docker

# Time        UID       PID  minflt/s  majflt/s     VSZ     RSS   %MEM  Command
09:02:29        0       332    118,00      0,00   51124   18200   0,07  systemd-journal
09:02:29      102      1404      1,00      0,00  222572    6480   0,03  rsyslogd
09:02:29        0      1782     48,00      0,00 2239072   69012   0,28  containerd
09:02:29        0      1880    159,00      0,00 2497752  111264   0,46  dockerd
09:02:29     1000      3026      3,00      0,00 5351668  329064   1,35  gnome-shell
09:02:29     1000      3822      0,00      0,00 12531488  714200   2,92  firefox
09:02:29     1000      5121    156,00      0,00 3073368  447864   1,83  Isolated Web Co
09:02:29     1000      5320      3,00      0,00 34200896   97104   0,40  whatsapp-linux-
09:02:29     1000      5352      5,00      0,00 34032716   80348   0,33  whatsapp-linux-
09:02:29     1000      6623      1,00      0,00 34086472   60820   0,25  whatsapp-linux-
09:02:29        0    187666    988,00      0,00    2872    1772   0,01  perftestClientC
09:02:29        0    190236      5,00      0,00 1233848   11256   0,05  containerd-shim
09:02:29        0    190305   1019,00      0,00    2872    1736   0,01  perftestClientC
09:02:29        0    193777   1000,00      0,00    2872    1680   0,01  perftestClientC
09:02:29        0    197904     15,00      0,00 1233848   10616   0,04  containerd-shim
09:02:29        0    198010   1079,00      0,00    2872    1888   0,01  perftestClientC
09:02:29        0    201820      7,00      0,00 1233848   10744   0,04  containerd-shim
09:02:29        0    201952   1021,00      0,00    2872    1740   0,01  perftestClientC
09:02:29     1000    205323     11,00      0,00 1997720   30136   0,12  docker
09:02:29        0    207747   1070,00      0,00    2872    1888   0,01  perftestClientC
09:02:29        0    211189    785,00      0,00   11856    9144   0,04  openssl
09:02:29        0    211206    754,00      0,00   20852   10776   0,04  openssl

# Time        UID       PID  minflt/s  majflt/s     VSZ     RSS   %MEM  Command
09:02:30        0       332     80,00      0,00   51124   18200   0,07  systemd-journal
09:02:30        0      1364     66,00      0,00 2294516   44896   0,18  snapd
09:02:30        0      1782      5,00      0,00 2239072   69012   0,28  containerd
09:02:30        0      1880    192,00      0,00 2497752  111904   0,46  dockerd
09:02:30     1000      3026     10,00      0,00 5351668  329064   1,35  gnome-shell
09:02:30     1000      3660      5,00      0,00 3221636   67088   0,27  gjs
09:02:30     1000      3822      1,00      0,00 12531488  714200   2,92  firefox
09:02:30     1000      4935     55,00      0,00 1212475404  195704   0,80  whatsapp-linux-
09:02:30     1000      5121      3,00      0,00 3073368  447864   1,83  Isolated Web Co
09:02:30     1000      5407      2,00      0,00 1219928168  749656   3,07  whatsapp-linux-
09:02:30        0    184351     78,00      0,00   30856    5932   0,02  (udev-worker)
09:02:30        0    187666   1430,00      0,00    2872    1772   0,01  perftestClientC
09:02:30        0    190305   1498,00      0,00    2872    1736   0,01  perftestClientC
09:02:30        0    193777   1315,00      0,00    2872    1680   0,01  perftestClientC
09:02:30        0    198010   1454,00      0,00    2872    1888   0,01  perftestClientC
09:02:30        0    201952   1448,00      0,00    2872    1740   0,01  perftestClientC
09:02:30        0    207648    123,00      0,00 1233592   10744   0,04  containerd-shim
09:02:30        0    207747   1402,00      0,00    2872    1888   0,01  perftestClientC
09:02:30        0    212766    767,00      0,00   20984   10744   0,04  openssl

# Time        UID       PID  minflt/s  majflt/s     VSZ     RSS   %MEM  Command
09:02:31        0       332    106,00      0,00   51124   18200   0,07  systemd-journal
09:02:31        0      1364     17,00      0,00 2294516   45024   0,18  snapd
09:02:31        0      1782      2,00      0,00 2239072   69012   0,28  containerd
09:02:31        0      1880     34,00      0,00 2497752  112032   0,46  dockerd
09:02:31     1000      3026      1,00      0,00 5351668  329064   1,35  gnome-shell
09:02:31     1000      3660      1,00      0,00 3221636   67088   0,27  gjs
09:02:31     1000      4935      3,00      0,00 1212475404  195704   0,80  whatsapp-linux-
09:02:31     1000      5121     11,00      0,00 3073384  447864   1,83  Isolated Web Co
09:02:31     1000    183876     26,00      0,00   18748    2288   0,01  Launcherv3_mlke
09:02:31        0    184351     77,00      0,00   30856    5932   0,02  (udev-worker)
09:02:31        0    187666   1390,00      0,00    2872    1772   0,01  perftestClientC
09:02:31        0    190305   1428,00      0,00    2872    1736   0,01  perftestClientC
09:02:31        0    193777   1362,00      0,00    2872    1680   0,01  perftestClientC
09:02:31        0    198010   1448,00      0,00    2872    1888   0,01  perftestClientC
09:02:31        0    201952   1427,00      0,00    2872    1740   0,01  perftestClientC
09:02:31        0    207648      5,00      0,00 1233592   10744   0,04  containerd-shim
09:02:31        0    207747   1459,00      0,00    2872    1888   0,01  perftestClientC
09:02:31     1000    209503     44,00      0,00 1850000   29736   0,12  docker
09:02:31     1000    213409    102,00      0,00   17380    2320   0,01  sleep
09:02:31        0    214099   1232,00      0,00 1233912   10744   0,04  containerd-shim
09:02:31        0    214195   1109,00      0,00 1608452   13112   0,05  runc:[2:INIT]

# Time        UID       PID  minflt/s  majflt/s     VSZ     RSS   %MEM  Command
09:02:32        0       332     75,00      0,00   51124   18328   0,07  systemd-journal
09:02:32        0      1364     35,00      0,00 2294516   45280   0,19  snapd
09:02:32     1000      3026     10,00      0,00 5351668  329064   1,35  gnome-shell
09:02:32     1000      3660      6,00      0,00 3221636   67088   0,27  gjs
09:02:32     1000      3822      0,00      0,00 12531472  714200   2,92  firefox
09:02:32     1000      5121      4,00      0,00 3073384  447864   1,83  Isolated Web Co
09:02:32     1000      5407      1,00      0,00 1219928168  749656   3,07  whatsapp-linux-
09:02:32     1000    155112      0,00      0,00 2820624  219656   0,90  file:// Content
09:02:32     1000    183595    132,00      0,00   18748    3820   0,02  Launcherv3_mlke
09:02:32        0    184351     80,00      0,00   30856    5932   0,02  (udev-worker)
09:02:32        0    190305   1374,00      0,00    2872    1736   0,01  perftestClientC
09:02:32        0    193777   1268,00      0,00    2872    1680   0,01  perftestClientC
09:02:32        0    198010   1352,00      0,00    2872    1888   0,01  perftestClientC
09:02:32        0    201952   1375,00      0,00    2872    1740   0,01  perftestClientC
09:02:32        0    207747   1345,00      0,00    2872    1888   0,01  perftestClientC
09:02:32        0    214099     15,00      0,00 1233912   10744   0,04  containerd-shim
09:02:32        0    214195    806,00      0,00    2872    1952   0,01  perftestClientC
09:02:32     1000    215342   2857,00      0,00 1997976   29028   0,12  docker

# Time        UID       PID  minflt/s  majflt/s     VSZ     RSS   %MEM  Command
09:02:33        0       332     43,00      0,00   51124   18328   0,07  systemd-journal
09:02:33        0      1782    393,00      0,00 2239072   70420   0,29  containerd
09:02:33        0      1880      4,00      0,00 2497752  112160   0,46  dockerd
09:02:33     1000      3660     12,00      0,00 3221636   67216   0,27  gjs
09:02:33     1000      4709      5,00      0,00 3021716  309908   1,27  Isolated Web Co
09:02:33     1000      5320      3,00      0,00 34200896   97104   0,40  whatsapp-linux-
09:02:33     1000      5352      5,00      0,00 34032716   80348   0,33  whatsapp-linux-
09:02:33     1000      6505      0,00      0,00 2772600  236904   0,97  Isolated Web Co
09:02:33     1000      6623      1,00      0,00 34086472   60820   0,25  whatsapp-linux-
09:02:33     1000    183595     29,00      0,00   18748    3820   0,02  Launcherv3_mlke
09:02:33     1000    183876     71,00      0,00   18748    2288   0,01  Launcherv3_mlke
09:02:33        0    184167      8,00      0,00 1233848   11000   0,04  containerd-shim
09:02:33        0    190305   1400,00      0,00    2872    1736   0,01  perftestClientC
09:02:33        0    193777   1274,00      0,00    2872    1680   0,01  perftestClientC
09:02:33        0    198010   1450,00      0,00    2872    1888   0,01  perftestClientC
09:02:33        0    201952   1452,00      0,00    2872    1740   0,01  perftestClientC
09:02:33        0    207648     28,00      0,00 1233592   10872   0,04  containerd-shim
09:02:33        0    207747   1400,00      0,00    2872    1888   0,01  perftestClientC
09:02:33        0    214099     48,00      0,00 1233912   10872   0,04  containerd-shim
09:02:33        0    214195   1281,00      0,00    2872    1952   0,01  perftestClientC
09:02:33     1000    216586   3045,00      0,00 2071452   30420   0,12  docker
09:02:33     1000    216915   2730,00      0,00 1776268   28604   0,12  docker

# Time        UID       PID  minflt/s  majflt/s     VSZ     RSS   %MEM  Command
09:02:34        0      1364      1,00      0,00 2294516   45280   0,19  snapd
09:02:34        0      1550      1,00      0,00  326256    9872   0,04  upowerd
09:02:34        0      1782      2,00      0,00 2239072   70420   0,29  containerd
09:02:34        0      1880      4,00      0,00 2497752  112160   0,46  dockerd
09:02:34     1000      3026      5,00      0,00 5351668  329064   1,35  gnome-shell
09:02:34     1000      3822      1,00      0,00 12531472  714200   2,92  firefox
09:02:34     1000      4935     53,00      0,00 1212475404  195704   0,80  whatsapp-linux-
09:02:34     1000      5407      1,00      0,00 1219928168  749656   3,07  whatsapp-linux-
09:02:34        0    184167     16,00      0,00 1233848   11000   0,04  containerd-shim
09:02:34        0    184351      2,00      0,00   30856    5932   0,02  (udev-worker)
09:02:34        0    190236      5,00      0,00 1233848   11256   0,05  containerd-shim
09:02:34        0    190305   1548,00      0,00    2872    1736   0,01  perftestClientC
09:02:34        0    193671     32,00      0,00 1233848   11320   0,05  containerd-shim
09:02:34        0    193777   1379,00      0,00    2872    1680   0,01  perftestClientC
09:02:34        0    197904     60,00      0,00 1233848   10872   0,04  containerd-shim
09:02:34        0    198010   1550,00      0,00    2872    1888   0,01  perftestClientC
09:02:34        0    201820      4,00      0,00 1233848   10744   0,04  containerd-shim
09:02:34        0    201952   1503,00      0,00    2872    1740   0,01  perftestClientC
09:02:34        0    207648     16,00      0,00 1233592   10872   0,04  containerd-shim
09:02:34        0    207747   1507,00      0,00    2872    1888   0,01  perftestClientC
09:02:34        0    214099     68,00      0,00 1233912   11128   0,05  containerd-shim
09:02:34        0    214195   1393,00      0,00    2872    1952   0,01  perftestClientC
09:02:34     1000    216586    209,00      0,00 2072028   31060   0,13  docker

# Time        UID       PID  minflt/s  majflt/s     VSZ     RSS   %MEM  Command
09:02:35        0       332     81,00      0,00   51124   18328   0,07  systemd-journal
09:02:35        0      1364     14,00      0,00 2294516   45280   0,19  snapd
09:02:35     1000      3822      1,00      0,00 12531472  714200   2,92  firefox
09:02:35     1000      4935      3,00      0,00 1212475404  195704   0,80  whatsapp-linux-
09:02:35        0    184351     75,00      0,00   30856    5932   0,02  (udev-worker)
09:02:35        0    193777   1427,00      0,00    2872    1680   0,01  perftestClientC
09:02:35        0    198010   1550,00      0,00    2872    1888   0,01  perftestClientC
09:02:35        0    201820      9,00      0,00 1233848   10744   0,04  containerd-shim
09:02:35        0    201952   1522,00      0,00    2872    1740   0,01  perftestClientC
09:02:35        0    207747   1541,00      0,00    2872    1888   0,01  perftestClientC
09:02:35        0    214195   1399,00      0,00    2872    1952   0,01  perftestClientC
09:02:35     1000    216586      3,00      0,00 2072028   31060   0,13  docker

# Time        UID       PID  minflt/s  majflt/s     VSZ     RSS   %MEM  Command
09:02:36        0      1880      1,00      0,00 2497752  112160   0,46  dockerd
09:02:36     1000      3660      5,00      0,00 3221636   67216   0,27  gjs
09:02:36     1000      5407      1,00      0,00 1219928168  749656   3,07  whatsapp-linux-
09:02:36     1000    183595     31,00      0,00   18748    3820   0,02  Launcherv3_mlke
09:02:36     1000    183876     26,00      0,00   18748    2288   0,01  Launcherv3_mlke
09:02:36        0    193671     11,00      0,00 1233848   11320   0,05  containerd-shim
09:02:36        0    193777   1580,00      0,00    2872    1680   0,01  perftestClientC
09:02:36        0    198010   1701,00      0,00    2872    1888   0,01  perftestClientC
09:02:36        0    201952   1678,00      0,00    2872    1740   0,01  perftestClientC
09:02:36        0    207747   1704,00      0,00    2872    1888   0,01  perftestClientC
09:02:36        0    214195   1535,00      0,00    2872    1952   0,01  perftestClientC
09:02:36     1000    221128   2822,00      0,00 1923988   28768   0,12  docker
09:02:36     1000    221499    101,00      0,00   17380    2332   0,01  sleep

# Time        UID       PID  minflt/s  majflt/s     VSZ     RSS   %MEM  Command
09:02:37        0         1      2,00      0,00   23984   15024   0,06  systemd
09:02:37        0       332    118,00      0,00   51124   18328   0,07  systemd-journal
09:02:37        0      1364      7,00      0,00 2294516   45280   0,19  snapd
09:02:37        0      1782      1,00      0,00 2239072   70420   0,29  containerd
09:02:37     1000      3660      2,00      0,00 3221636   67216   0,27  gjs
09:02:37     1000      3822      1,00      0,00 12531472  714200   2,92  firefox
09:02:37     1000      5050      4,00      0,00 2935164  371824   1,52  Isolated Web Co
09:02:37     1000      5320      3,00      0,00 34200896   97104   0,40  whatsapp-linux-
09:02:37     1000      5352      5,00      0,00 34032716   80348   0,33  whatsapp-linux-
09:02:37     1000      5407      1,00      0,00 1219928168  749656   3,07  whatsapp-linux-
09:02:37     1000      5675      1,00      0,00 2825532  269848   1,10  Isolated Web Co
09:02:37     1000      6623      1,00      0,00 34086472   60820   0,25  whatsapp-linux-
09:02:37        0    184351     76,00      0,00   30856    5932   0,02  (udev-worker)
09:02:37        0    184362      1,00      0,00   30856    5932   0,02  (udev-worker)
09:02:37        0    198010   1700,00      0,00    2872    1888   0,01  perftestClientC
09:02:37        0    201952   1698,00      0,00    2872    1740   0,01  perftestClientC
09:02:37        0    207747   1698,00      0,00    2872    1888   0,01  perftestClientC
09:02:37        0    214195   1568,00      0,00    2872    1952   0,01  perftestClientC

# Time        UID       PID  minflt/s  majflt/s     VSZ     RSS   %MEM  Command
09:02:38        0      1782      5,00      0,00 2239072   70420   0,29  containerd
09:02:38        0      1880      2,00      0,00 2497752  112160   0,46  dockerd
09:02:38     1000      3660      4,00      0,00 3221636   67216   0,27  gjs
09:02:38     1000      4935     53,00      0,00 1212475404  195704   0,80  whatsapp-linux-
09:02:38     1000    183595     29,00      0,00   18748    3820   0,02  Launcherv3_mlke
09:02:38     1000    183876     72,00      0,00   18748    2288   0,01  Launcherv3_mlke
09:02:38        0    198010   1849,00      0,00    2872    1888   0,01  perftestClientC
09:02:38        0    201952   1852,00      0,00    2872    1740   0,01  perftestClientC
09:02:38        0    207747   1853,00      0,00    2872    1888   0,01  perftestClientC
09:02:38        0    214099      1,00      0,00 1233912   11128   0,05  containerd-shim
09:02:38        0    214195   1631,00      0,00    2872    1952   0,01  perftestClientC
09:02:38     1000    224127   2843,00      0,00 2071708   29128   0,12  docker
09:02:38     1000    224376   2898,00      0,00 1850512   29736   0,12  docker

# Time        UID       PID  minflt/s  majflt/s     VSZ     RSS   %MEM  Command
09:02:39        0       332    102,00      0,00   51124   18328   0,07  systemd-journal
09:02:39        0      1364     17,00      0,00 2294516   45408   0,19  snapd
09:02:39        0      1782      0,00      0,00 2239072   70548   0,29  containerd
09:02:39     1000      4072      1,00      0,00 2683820  168096   0,69  Privileged Cont
09:02:39     1000      4935      5,00      0,00 1212475404  195704   0,80  whatsapp-linux-
09:02:39     1000      5352      1,00      0,00 34032716   80348   0,33  whatsapp-linux-
09:02:39     1000      5407    717,00      0,00 1219928168  751892   3,08  whatsapp-linux-
09:02:39     1000    176847      2,00      0,00 1214107016   98968   0,40  whatsapp-linux-
09:02:39        0    184167     11,00      0,00 1233848   11128   0,05  containerd-shim
09:02:39        0    184351     77,00      0,00   30856    5932   0,02  (udev-worker)
09:02:39        0    201820      8,00      0,00 1233848   10744   0,04  containerd-shim
09:02:39        0    201952   1800,00      0,00    2872    1740   0,01  perftestClientC
09:02:39        0    207648     12,00      0,00 1233592   11000   0,04  containerd-shim
09:02:39        0    207747   1821,00      0,00    2872    1888   0,01  perftestClientC
09:02:39        0    214099      6,00      0,00 1233912   11128   0,05  containerd-shim
09:02:39        0    214195   1699,00      0,00    2872    1952   0,01  perftestClientC
09:02:39     1000    224376      4,00      0,00 1850512   29736   0,12  docker

# Time        UID       PID  minflt/s  majflt/s     VSZ     RSS   %MEM  Command
09:02:40        0       332      7,00      0,00   51124   18328   0,07  systemd-journal
09:02:40     1000      3026      3,00      0,00 5351668  329064   1,35  gnome-shell
09:02:40     1000      3660      4,00      0,00 3221636   67216   0,27  gjs
09:02:40     1000      3822      0,00      0,00 12531440  714200   2,92  firefox
09:02:40     1000      4935     23,00      0,00 1212475404  195704   0,80  whatsapp-linux-
09:02:40     1000      5050      5,00      0,00 2935180  371824   1,52  Isolated Web Co
09:02:40     1000      5407   2224,00      0,00 1219928168  760596   3,11  whatsapp-linux-
09:02:40     1000    176847      5,00      0,00 1214107016   98968   0,40  whatsapp-linux-
09:02:40     1000    183595     31,00      0,00   18748    3820   0,02  Launcherv3_mlke
09:02:40     1000    183876     27,00      0,00   18748    2288   0,01  Launcherv3_mlke
09:02:40        0    184167     11,00      0,00 1233848   11256   0,05  containerd-shim
09:02:40        0    201820     14,00      0,00 1233848   10744   0,04  containerd-shim
09:02:40        0    201952   2000,00      0,00    2872    1740   0,01  perftestClientC
09:02:40        0    207648     11,00      0,00 1233848   11000   0,04  containerd-shim
09:02:40        0    207747   2029,00      0,00    2872    1888   0,01  perftestClientC
09:02:40        0    214195   1800,00      0,00    2872    1952   0,01  perftestClientC
09:02:40     1000    226708   2728,00      0,00 1850000   28396   0,12  docker
09:02:40     1000    226989    101,00      0,00   17380    2196   0,01  sleep

# Time        UID       PID  minflt/s  majflt/s     VSZ     RSS   %MEM  Command
09:02:41        0       332    115,00      0,00   51124   18328   0,07  systemd-journal
09:02:41        0      1364      1,00      0,00 2294516   45408   0,19  snapd
09:02:41        0      1880      9,00      0,00 2497752  112160   0,46  dockerd
09:02:41     1000      3026     10,00      0,00 5351668  329064   1,35  gnome-shell
09:02:41     1000      4709      1,00      0,00 3021716  309908   1,27  Isolated Web Co
09:02:41     1000      5320      3,00      0,00 34200896   97104   0,40  whatsapp-linux-
09:02:41     1000      5352      5,00      0,00 34032716   80348   0,33  whatsapp-linux-
09:02:41     1000      5407      1,00      0,00 1219928168  760596   3,11  whatsapp-linux-
09:02:41     1000      6623      1,00      0,00 34086472   60820   0,25  whatsapp-linux-
09:02:41     1000    176847      2,00      0,00 1214107016   98968   0,40  whatsapp-linux-
09:02:41        0    184351     79,00      0,00   30856    5932   0,02  (udev-worker)
09:02:41        0    207747   1500,00      0,00    2872    1888   0,01  perftestClientC
09:02:41        0    214195   1319,00      0,00    2872    1952   0,01  perftestClientC

# Time        UID       PID  minflt/s  majflt/s     VSZ     RSS   %MEM  Command
09:02:42        0      1880      1,00      0,00 2497752  109512   0,45  dockerd
09:02:42     1000      3660      6,00      0,00 3221636   67344   0,28  gjs
09:02:42     1000      4935     45,00      0,00 1212475404  195704   0,80  whatsapp-linux-
09:02:42     1000      5407      1,00      0,00 1219928168  760596   3,11  whatsapp-linux-
09:02:42     1000    176847      1,00      0,00 1214107016   98968   0,40  whatsapp-linux-
09:02:42     1000    183595     29,00      0,00   18748    3820   0,02  Launcherv3_mlke
09:02:42     1000    183876     66,00      0,00   18748    2288   0,01  Launcherv3_mlke
09:02:42        0    184167     11,00      0,00 1233848   11256   0,05  containerd-shim
09:02:42        0    207747    956,00      0,00    2872    1888   0,01  perftestClientC
09:02:42        0    214195    887,00      0,00    2872    1952   0,01  perftestClientC
09:02:42     1000    228110   2801,00      0,00 2071452   28676   0,12  docker
09:02:42     1000    228303   2784,00      0,00 1997720   29164   0,12  docker

# Time        UID       PID  minflt/s  majflt/s     VSZ     RSS   %MEM  Command
09:02:43        0      1880      3,00      0,00 2497752  109512   0,45  dockerd
09:02:43     1000      3660      5,00      0,00 3221636   67216   0,27  gjs
09:02:43     1000      4935      3,00      0,00 1212475404  195832   0,80  whatsapp-linux-
09:02:43     1000      5121      0,00      0,00 3073384  447436   1,83  Isolated Web Co
09:02:43     1000    176847      2,00      0,00 1214107016   98968   0,40  whatsapp-linux-
09:02:43        0    184167     14,00      0,00 1233848   11384   0,05  containerd-shim
09:02:43        0    207648     15,00      0,00 1233848   11000   0,04  containerd-shim
09:02:43        0    207747   1015,00      0,00    2872    1888   0,01  perftestClientC
09:02:43        0    214099      4,00      0,00 1233912   11128   0,05  containerd-shim
09:02:43        0    214195    880,00      0,00    2872    1952   0,01  perftestClientC
09:02:43     1000    228303     17,00      0,00 1997720   29292   0,12  docker

# Time        UID       PID  minflt/s  majflt/s     VSZ     RSS   %MEM  Command
09:02:44     1000      3026      9,00      0,00 5351668  329064   1,35  gnome-shell
09:02:44     1000      5407      3,00      0,00 1219928168  753276   3,08  whatsapp-linux-
09:02:44     1000    183876     26,00      0,00   18748    2288   0,01  Launcherv3_mlke
09:02:44        0    207648     12,00      0,00 1233848   11000   0,04  containerd-shim
09:02:44        0    207747   1029,00      0,00    2872    1888   0,01  perftestClientC
09:02:44        0    214099      2,00      0,00 1233912   11128   0,05  containerd-shim
09:02:44        0    214195    910,00      0,00    2872    1952   0,01  perftestClientC
09:02:44     1000    229070    103,00      0,00   17380    2340   0,01  sleep

# Time        UID       PID  minflt/s  majflt/s     VSZ     RSS   %MEM  Command
09:02:45        0       332     53,00      0,00   51124   18328   0,07  systemd-journal
09:02:45        0       415      8,00      0,00   30852    8380   0,03  systemd-udevd
09:02:45     1000      3660      7,00      0,00 3221636   67216   0,27  gjs
09:02:45     1000      4935      3,00      0,00 1212475404  195832   0,80  whatsapp-linux-
09:02:45     1000      5320      3,00      0,00 34200896   97104   0,40  whatsapp-linux-
09:02:45     1000      5352      5,00      0,00 34032716   80348   0,33  whatsapp-linux-
09:02:45     1000      5407      5,00      0,00 1219928168  753276   3,08  whatsapp-linux-
09:02:45     1000      6623      1,00      0,00 34086472   60820   0,25  whatsapp-linux-
09:02:45     1000    176847      2,00      0,00 1214107016   98968   0,40  whatsapp-linux-
09:02:45        0    214195    910,00      0,00    2872    1952   0,01  perftestClientC

# Time        UID       PID  minflt/s  majflt/s     VSZ     RSS   %MEM  Command
09:02:46        0       332     62,00      0,00   51124   18328   0,07  systemd-journal
09:02:46        0       415    201,00      0,00   30852    8380   0,03  systemd-udevd
09:02:46        0      1880      1,00      0,00 2497752  109512   0,45  dockerd
09:02:46     1000      3026      1,00      0,00 5351668  329064   1,35  gnome-shell
09:02:46     1000      3660      4,00      0,00 3221636   67216   0,27  gjs
09:02:46     1000      4935     51,00      0,00 1212475404  195832   0,80  whatsapp-linux-
09:02:46     1000      5407      3,00      0,00 1219928168  753276   3,08  whatsapp-linux-
09:02:46     1000    176847      1,00      0,00 1214107016   98968   0,40  whatsapp-linux-
09:02:46     1000    183595     31,00      0,00   18748    3820   0,02  Launcherv3_mlke
09:02:46     1000    183876     72,00      0,00   18748    2288   0,01  Launcherv3_mlke
09:02:46        0    184167     11,00      0,00 1233848   11384   0,05  containerd-shim
09:02:46        0    214195   1087,00      0,00    2872    1952   0,01  perftestClientC
09:02:46        0    229539    227,00      0,00   30856    5932   0,02  (udev-worker)
09:02:46        0    229570    130,00      0,00   30856    5932   0,02  (udev-worker)
09:02:46        0    229571    108,00      0,00   30856    5804   0,02  (udev-worker)
09:02:46     1000    229662   2800,00      0,00 1997784   28648   0,12  docker
09:02:46     1000    229695   2905,00      0,00 2071708   29628   0,12  docker

# Time        UID       PID  minflt/s  majflt/s     VSZ     RSS   %MEM  Command
09:02:47     1000      3822      0,99      0,00 12531440  714200   2,92  firefox
09:02:47     1000      4935      2,97      0,00 1212475404  195832   0,80  whatsapp-linux-
09:02:47     1000      5407      0,99      0,00 1219928168  753276   3,08  whatsapp-linux-
09:02:47        0    184167     12,87      0,00 1233848   11384   0,05  containerd-shim
09:02:47        0    214099      9,90      0,00 1233912   11128   0,05  containerd-shim
09:02:47        0    214195   1054,46      0,00    2872    1952   0,01  perftestClientC
09:02:47     1000    229695      6,93      0,00 2071708   29628   0,12  docker

# Time        UID       PID  minflt/s  majflt/s     VSZ     RSS   %MEM  Command
09:02:48     1000      5121      0,00      0,00 3073384  446924   1,83  Isolated Web Co
09:02:48     1000      5407      0,00      0,00 1219928168  752104   3,08  whatsapp-linux-
09:02:48     1000    176847      2,00      0,00 1214107016   98968   0,40  whatsapp-linux-
09:02:48     1000    183876     25,00      0,00   18748    2288   0,01  Launcherv3_mlke
09:02:48        0    214099     14,00      0,00 1233912   11256   0,05  containerd-shim
09:02:48        0    214195   1068,00      0,00    2872    1952   0,01  perftestClientC
09:02:48     1000    230163    101,00      0,00   17380    2240   0,01  sleep

# Time        UID       PID  minflt/s  majflt/s     VSZ     RSS   %MEM  Command
09:02:49     1000      5320      3,00      0,00 34200896   97104   0,40  whatsapp-linux-
09:02:49     1000      5352      5,00      0,00 34032716   80348   0,33  whatsapp-linux-
09:02:49     1000      6623      1,00      0,00 34086472   60820   0,25  whatsapp-linux-
09:02:49     1000    176847      2,00      0,00 1214107016   98968   0,40  whatsapp-linux-
09:02:49        0    214195   1090,00      0,00    2872    1952   0,01  perftestClientC

# Time        UID       PID  minflt/s  majflt/s     VSZ     RSS   %MEM  Command
09:02:50        0       332    119,00      0,00   51124   18328   0,07  systemd-journal
09:02:50        0       415    266,00      0,00   30852    8380   0,03  systemd-udevd
09:02:50        0      1782      0,00      0,00 2239072   70676   0,29  containerd
09:02:50        0      1880      5,00      0,00 2497752  109512   0,45  dockerd
09:02:50     1000      3026      2,00      0,00 5351668  329064   1,35  gnome-shell
09:02:50     1000      4935     58,00      0,00 1212475404  195832   0,80  whatsapp-linux-
09:02:50     1000      5407      1,00      0,00 1219928168  752104   3,08  whatsapp-linux-
09:02:50     1000    176847      2,00      0,00 1214107016   98968   0,40  whatsapp-linux-
09:02:50     1000    183876     67,00      0,00   18748    2288   0,01  Launcherv3_mlke
09:02:50        0    184167     12,00      0,00 1233848   11384   0,05  containerd-shim
09:02:50        0    230488    223,00      0,00   30856    5932   0,02  (udev-worker)
09:02:50        0    230492    133,00      0,00   30856    5932   0,02  (udev-worker)
09:02:50        0    230493    131,00      0,00   30856    5932   0,02  (udev-worker)
09:02:50     1000    230495   2836,00      0,00 1997720   29776   0,12  docker

# Time        UID       PID  minflt/s  majflt/s     VSZ     RSS   %MEM  Command
09:02:51        0      1880      0,00      0,00 2497752  109092   0,45  dockerd
09:02:51     1000      3026      5,00      0,00 5351668  329064   1,35  gnome-shell
09:02:51     1000      3660      7,00      0,00 3221636   67216   0,27  gjs
09:02:51     1000      3822      0,00      0,00 12531424  714200   2,92  firefox
09:02:51     1000      4072      0,00      0,00 2683804  168096   0,69  Privileged Cont
09:02:51     1000      5407      3,00      0,00 1219928168  752104   3,08  whatsapp-linux-
09:02:51     1000    183595    529,00      0,00   18748    3820   0,02  Launcherv3_mlke
09:02:51     1000    183876     27,00      0,00   18748    2288   0,01  Launcherv3_mlke
09:02:51        0    184167     16,00      0,00 1233848   11384   0,05  containerd-shim
09:02:51     1000    230626   2773,00      0,00 1997784   28772   0,12  docker
09:02:51     1000    230637    103,00      0,00   17380    2356   0,01  sleep

# Time        UID       PID  minflt/s  majflt/s     VSZ     RSS   %MEM  Command
09:02:52        0      1782    155,00      0,00 2239072   69484   0,28  containerd
09:02:52     1000      5407      1,00      0,00 1219928168  752104   3,08  whatsapp-linux-
09:02:52     1000      5675      4,00      0,00 2825548  269848   1,10  Isolated Web Co
09:02:52     1000    176847      1,00      0,00 1214107016   98968   0,40  whatsapp-linux-
09:02:52     1000    183595    102,00      0,00   18748    3820   0,02  Launcherv3_mlke
09:02:52     1000    230661   2791,00      0,00 1997720   29208   0,12  docker

# Time        UID       PID  minflt/s  majflt/s     VSZ     RSS   %MEM  Command
09:02:53        0      1782      9,00      0,00 2239072   69484   0,28  containerd
09:02:53     1000      5320      3,00      0,00 34200896   97104   0,40  whatsapp-linux-
09:02:53     1000      5352      5,00      0,00 34032716   80348   0,33  whatsapp-linux-
09:02:53     1000      5407      1,00      0,00 1219928168  752104   3,08  whatsapp-linux-
09:02:53     1000      6623      1,00      0,00 34086472   60820   0,25  whatsapp-linux-
09:02:53     1000    176847      1,00      0,00 1214107016   98968   0,40  whatsapp-linux-
09:02:53     1000    183595    135,00      0,00   18748    3820   0,02  Launcherv3_mlke
09:02:53     1000    183876     74,00      0,00   18748    2288   0,01  Launcherv3_mlke
09:02:53     1000    230706   2766,00      0,00 1923988   29016   0,12  docker
09:02:53     1000    230708   2777,00      0,00 2071708   29264   0,12  docker

# Time        UID       PID  minflt/s  majflt/s     VSZ     RSS   %MEM  Command
09:02:54        0       415     14,00      0,00   30852    8380   0,03  systemd-udevd
09:02:54        0      1782      2,00      0,00 2239072   69484   0,28  containerd
09:02:54     1000      3026      1,00      0,00 5351668  329064   1,35  gnome-shell
09:02:54     1000      4935     52,00      0,00 1212475404  195832   0,80  whatsapp-linux-
09:02:54     1000      5121      0,00      0,00 3073384  446668   1,83  Isolated Web Co
09:02:54     1000      5407      5,00      0,00 1219928168  752232   3,08  whatsapp-linux-
09:02:54     1000    176847      3,00      0,00 1214107016   98968   0,40  whatsapp-linux-
09:02:54     1000    183595    109,00      0,00   18748    3820   0,02  Launcherv3_mlke
09:02:54        0    184167     11,00      0,00 1233848   11512   0,05  containerd-shim
09:02:54     1000    230708     40,00      0,00 2071708   29392   0,12  docker
09:02:54     1000    230753   2809,00      0,00 1998040   28880   0,12  docker

# Time        UID       PID  minflt/s  majflt/s     VSZ     RSS   %MEM  Command
09:02:55        0         1     13,00      0,00   23984   15024   0,06  systemd
09:02:55        0       332    117,00      0,00   51124   18328   0,07  systemd-journal
09:02:55        0       415    154,00      0,00   30852    8380   0,03  systemd-udevd
09:02:55        0      1364     34,00      0,00 2294516   45408   0,19  snapd
09:02:55     1000      3026     10,00      0,00 5351668  329064   1,35  gnome-shell
09:02:55     1000      3660      7,00      0,00 3221636   67088   0,27  gjs
09:02:55     1000      4935      3,00      0,00 1212475404  195832   0,80  whatsapp-linux-
09:02:55     1000    176847      1,00      0,00 1214107016   98968   0,40  whatsapp-linux-
09:02:55     1000    183595     34,00      0,00   18748    3820   0,02  Launcherv3_mlke
09:02:55        0    230791    224,00      0,00   30856    5932   0,02  (udev-worker)
09:02:55        0    230795    133,00      0,00   30856    5932   0,02  (udev-worker)
09:02:55     1000    230796   2750,00      0,00 1997784   28804   0,12  docker
