procs ----------mémoire---------- -échange- -----io---- -système- ------cpu--------
 r  b   swpd  libre tampon  cache   si   so    bi    bo   in   cs us sy id wa st gu
 7  0      0 10993548 307160 7264424    0    0   111   495 7294   17 11  5 82  2  0  0
 1  1      0 10995612 307164 7264560    0    0     0  3200 4345 9219  6  3 74 18  0  0
 0  1      0 11006172 307164 7260412    0    0     0  1188 2655 3352  4  3 82 12  0  0
 1  0      0 11008644 307172 7264620    0    0     0   536 5868 9556  5  4 81 10  0  0
 0  1      0 11009080 307180 7268740    0    0     0  1864 5237 8658  6  4 78 11  0  0
 2  0      0 11032564 307196 7268744    0    0     0  1072 4265 7700  2  3 83 12  0  0
 1  0      0 10954888 307196 7268728    0    0     0     0 19452 27787  9  9 82  0  0  0
 0  2      0 10956620 307200 7268748    0    0     0  1324 11536 18876  7  6 78  9  0  0
 0  1      0 10961840 307208 7264672    0    0     0  1040 2006 2995  2  2 82 14  0  0
 0  1      0 10967032 307208 7268880    0    0     0   320 5642 9541  6  5 81  9  0  0
 1  0      0 10985384 307216 7268896    0    0     0   236 2972 2992 12  2 84  2  0  0
 1  0      0 10991028 307216 7264824    0    0     0     4 3279 6584 14  1 83  2  0  0
 1  0      0 11003160 307216 7264832    0    0     0     0 2243 1696 13  1 86  0  0  0
 1  1      0 11012896 307228 7268932    0    0     0   168 2511 2371 13  1 83  3  0  0
 1  0      0 11019060 307228 7264804    0    0     0     4 2240 3524 13  1 85  1  0  0
 1  2      0 11016100 307236 7268912    0    0     0  3056 4403 9140 14  2 71 13  0  0
 1  1      0 11022040 307236 7268924    0    0     0   728 2820 3668 14  1 64 21  0  0
 1  1      0 11025068 307248 7269012    0    0     0   576 5518 9389 16  2 71 11  0  0
 2  3      0 11016240 307264 7269068    0    0     0  2144 9804 16355 23  5 56 15  0  0
 2  1      0 11001148 307280 7269060    0    0     0  1624 10036 15802 24  6 55 14  0  0
 3  1      0 10979996 307292 7269188    0    0     0   512 10863 17023 25  7 59 10  0  0
procs ----------mémoire---------- -échange- -----io---- -système- ------cpu--------
 r  b   swpd  libre tampon  cache   si   so    bi    bo   in   cs us sy id wa st gu
 5  2      0 10957472 307300 7265128    0    0     0  2116 11900 25221 33 10 44 12  0  0
 4  1      0 10938088 307308 7265136    0    0     0  1264 10361 17730 33  9 49  9  0  0
 6  0      0 10951452 307312 7269328    0    0     0   580 12141 23578 35 11 46  7  0  0
 8  2      0 10941376 307320 7269440    0    0     0  2144 12668 26327 48 16 30  6  0  0
 6  1      0 10936232 307328 7269536    0    0     0  1448 12235 22472 57 17 19  7  0  0
 5  0      0 10929336 307336 7269680    0    0     0   488 12181 26110 44 14 36  6  0  0
 5  2      0 10912840 307356 7269868    0    0     0  2492 13019 26064 60 19 17  5  0  0
 8  1      0 10873996 307360 7269892    0    0     0  1288 12627 24800 64 18 15  4  0  0
 6  1      0 10905632 307364 7269876    0    0     0   544 12202 25992 56 17 22  4  0  0
 8  2      0 10907324 307364 7270012    0    0     0  1520 14042 29113 63 20 14  3  0  0
 8  1      0 10901052 307364 7269932    0    0     0  1588 12133 23517 67 20 11  2  0  0
 6  2      0 10912336 307368 7270032    0    0     0   952 12180 24658 62 18 16  4  0  0
 7  1      0 10911384 307392 7269812    0    0     0   528 15170 31667 62 19 15  3  0  0
12  2      0 10919636 307408 7270124    0    0     0  2056 16159 31501 68 21  9  2  0  0
 7  4      0 10917036 307412 7270084    0    0     0  1208 14433 26326 67 20  9  4  0  0
 8  4      0 10917048 307416 7270260    0    0     0  2104 12931 20549 65 20 11  5  0  0
 8  2      0 10906332 307428 7270268    0    0     0   876 12999 23319 62 20 13  5  0  0
 8  1      0 10900904 307440 7270388    0    0     0   568 14137 26902 60 18 14  8  0  0
 9 10      0 10863956 307448 7266276    0    0     0  2052 15974 26716 73 22  5  1  0  0
 6  2      0 10875812 307448 7270320    0    0     0   572 13922 24666 73 20  5  2  0  0
 8  2      0 10881784 307448 7270348    0    0     0  2340 13546 24275 67 20 10  3  0  0
procs ----------mémoire---------- -échange- -----io---- -système- ------cpu--------
 r  b   swpd  libre tampon  cache   si   so    bi    bo   in   cs us sy id wa st gu
11  1      0 10875240 307468 7270400    0    0     0   788 12285 20316 69 21  8  2  0  0
 9  1      0 10886068 307468 7270480    0    0     0   496 13861 27020 66 21 12  2  0  0
 7  2      0 10886240 307476 7270468    0    0     0  2312 11931 20562 68 21  8  3  0  0
30  1      0 10905316 307476 7266108    0    0     0  1544 13107 21539 71 23  5  1  0  0
 6  2      0 10927956 307488 7270212    0    0     0  1144 12157 21227 67 19 11  3  0  0
 6  2      0 10910712 307492 7270644    0    0     0  2084 13844 26791 65 20 10  5  0  0
 8  1      0 10904660 307500 7270516    0    0     0   784 12097 23570 61 19 12  8  0  0
 7  1      0 10869688 307500 7266452    0    0     0  1984 12000 20963 69 21  7  2  0  0
10  1      0 10883980 307512 7266484    0    0     0  1292 11644 20047 70 20  8  2  0  0
 8  2      0 10900548 307516 7270544    0    0     0  1316 12323 23019 63 20 13  4  0  0
 6  3      0 10892104 307528 7266816    0    0     0  1576 13390 26345 63 20 10  7  0  0
12  0      0 10893920 307540 7266860    0    0     0   656 12451 25858 68 18 11  3  0  0
 7  3      0 10894324 307544 7266900    0    0     0  1912 12592 23123 69 21  7  3  0  0
12  3      0 10917176 307548 7266844    0    0     0  1200 12406 21591 65 19 12  4  0  0
 6 12      0 10920948 307552 7271028    0    0     0  1392 11395 19055 68 20  7  5  0  0
 8  1      0 10897456 307556 7271044    0    0     0  1320 13078 24876 68 18 10  4  0  0
 8  1      0 10884760 307564 7271028    0    0     0   500 14052 27923 64 20 14  3  0  0
10  2      0 10901488 307572 7266724    0    0     0  2068 12165 20753 69 21  7  3  0  0
11  3      0 10939808 307576 7266656    0    0     0  1072 12550 23762 63 19 13  4  0  0
11  1      0 10932388 307576 7266656    0    0     0  1252 10229 18567 53 16 21 10  0  0
 7  1      0 10915096 307580 7270776    0    0     0   480 12172 23299 63 18 17  2  0  0
procs ----------mémoire---------- -échange- -----io---- -système- ------cpu--------
 r  b   swpd  libre tampon  cache   si   so    bi    bo   in   cs us sy id wa st gu
 8  1      0 10899940 307584 7270876    0    0     0   316 12538 24149 63 20 16  2  0  0
 9  2      0 10889248 307584 7266824    0    0     0  2448 12891 23035 70 21  8  1  0  0
 8  2      0 10906440 307584 7266844    0    0     0    16 11441 21442 66 20 11  2  0  0
 2  9      0 10923184 307584 7266768    0    0     0  2072 11719 21162 61 19 13  6  0  0
 8  1      0 10910380 307600 7270880    0    0     0  1168 12545 23947 62 18 15  4  0  0
14  1      0 10901180 307604 7271068    0    0     0   500 13367 25042 65 20 13  2  0  0
12  2      0 10908304 307616 7271100    0    0     0  2360 12767 19727 72 23  3  2  0  0
18  2      0 10917308 307616 7271276    0    0     0  1660 13771 21739 74 22  3  1  0  0
27 11      0 10876168 307616 7272980    0    0     0  1464 11693 17708 63 18  8 11  0  0
10  2      0 10875228 307632 7270952    0    0     0  1196 12659 26075 62 20 12  6  0  0
11  1      0 10885504 307656 7270988    0    0     0   736 12778 23258 64 20 11  5  0  0
11  2      0 10906064 307668 7271396    0    0     0  2344 13230 20587 65 20  8  8  0  0
10  2      0 10902016 307672 7271412    0    0     0   604 11757 21492 68 20  8  3  0  0
 9  3      0 10904400 307676 7271292    0    0     0  1880 14011 24280 70 22  5  4  0  0
14  2      0 10891788 307704 7271296    0    0     0  1184 12279 20469 68 21  8  4  0  0
11  2      0 10894384 307712 7271488    0    0     0  1208 10661 18278 58 18 11 13  0  0
10  1      0 10903152 307728 7271520    0    0     0   716 13895 25432 68 22  8  2  0  0
11 11      0 10896268 307728 7271544    0    0     0  2396 12448 18752 74 23  2  1  0  0
11  0      0 10879560 307732 7271564    0    0     0   768 13064 23785 69 21  8  2  0  0
17  2      0 10883236 307740 7267292    0    0     0  1560 9488 16938 48 14 19 19  0  0
 9  3      0 10882520 307740 7271500    0    0     0  2264 13387 23499 67 21  7  5  0  0
procs ----------mémoire---------- -échange- -----io---- -système- ------cpu--------
 r  b   swpd  libre tampon  cache   si   so    bi    bo   in   cs us sy id wa st gu
 8  2      0 10903008 307740 7271624    0    0     0   584 8861 15902 50 14 19 17  0  0
 6 11      0 10925848 307752 7271288    0    0     0  2216 13338 23271 69 22  5  4  0  0
12  1      0 10928096 307752 7271460    0    0     0   852 13085 18228 75 22  1  3  0  0
 9  2      0 10932312 307764 7271500    0    0     0  1580 13627 22916 72 23  3  3  0  0
13  2      0 10899220 307768 7271436    0    0     0   592 13543 21851 70 24  4  3  0  0
 6  2      0 10885796 307780 7271856    0    0     0  1524 13265 21790 70 23  5  2  0  0
 7  2      0 10878944 307780 7271784    0    0     0  1912 11402 17915 63 19  8 10  0  0
 8  2      0 10899256 307788 7271932    0    0     0  2116 13604 22961 72 22  4  2  0  0
 7  1      0 10910352 307788 7271964    0    0     0   368 11062 19864 69 20  8  2  0  0
12  1      0 10886480 307788 7267808    0    0     0  1212 13409 24278 71 21  7  2  0  0
19  1      0 10870696 307804 7271960    0    0     0   564 13842 26108 66 21 10  3  0  0
 1 13      0 10896100 307820 7271916    0    0     0  2212 12101 20007 65 20  5 10  0  0
 9  2      0 10889896 307832 7271876    0    0     0  1208 11684 17488 63 20  5 11  0  0
 7  1      0 10888632 307832 7271924    0    0     0  1420 11560 19383 69 21  8  2  0  0
15  1      0 10886024 307840 7271940    0    0     0   956 13229 24111 70 22  7  1  0  0
 7  4      0 10884328 307856 7271956    0    0     0  1468 14296 26010 71 23  5  1  0  0
 8  4      0 10877140 307856 7271920    0    0     0  1252 11209 19995 69 20  8  2  0  0
 7  2      0 10874184 307856 7271932    0    0     0   820 13593 24738 71 21  6  2  0  0
 7  3      0 10872632 307868 7271556    0    0     0  1656 12275 19557 71 23  4  1  0  0
 9  1      0 10907896 307884 7271704    0    0     0   784 11994 21510 69 21  7  3  0  0
19  0      0 10888456 307884 7272108    0    0     0   416 13970 22649 73 24  2  1  0  0
procs ----------mémoire---------- -échange- -----io---- -système- ------cpu--------
 r  b   swpd  libre tampon  cache   si   so    bi    bo   in   cs us sy id wa st gu
 8  3      0 10874860 307892 7272216    0    0     0  2260 15098 24932 74 21  2  3  0  0
 8  3      0 10869552 307892 7272188    0    0     0   700 11452 20078 69 21  8  2  0  0
10  1      0 10856572 307900 7268112    0    0     0  2244 12167 20001 70 22  7  2  0  0
 8  0      0 10854200 307916 7272208    0    0     0   640 11918 20881 69 21  8  2  0  0
14  1      0 10855044 307916 7272320    0    0     0   536 14106 24927 72 23  5  0  0  0
 9  3      0 10858456 307924 7268252    0    0     0  1968 12753 19670 74 23  2  1  0  0
20 13      0 10863676 307932 7268180    0    0     0   732 11220 19096 62 18  8 12  0  0
 8  2      0 10857008 307936 7268196    0    0     0  1864 13005 22132 70 21  7  2  0  0
12  1      0 10845096 307952 7272336    0    0     0   380 13383 22503 71 23  6  1  0  0
15  3      0 10841176 307964 7272432    0    0     0  2572 14472 23781 72 25  2  1  0  0
11  1      0 10871740 307964 7272508    0    0     0   600 10426 14625 63 18  5 14  0  0
10  1      0 10903600 307964 7272528    0    0     0  1396 12703 18942 75 22  3  0  0  0
13  2      0 10898244 307976 7272324    0    0     0  1072 14634 23401 75 24  1  0  0  0
 7  4      0 10887244 307992 7268448    0    0     0  1624 12755 21806 73 20  4  2  0  0
11  1      0 10868652 308000 7272520    0    0     0   684 13182 22365 72 23  4  2  0  0
14  1      0 10883368 308000 7272632    0    0     0  1880 12937 19251 75 24  1  0  0  0
14  1      0 10889872 308000 7272668    0    0     0  1300 12755 18904 75 23  2  0  0  0
 9  1      0 10871076 308008 7272620    0    0     0   500 14473 23583 76 21  2  0  0  0
12  2      0 10873304 308012 7272636    0    0     0  1060 14940 25836 73 25  1  1  0  0
 9  3      0 10892416 308036 7268544    0    0     0  1884 12859 19394 71 22  4  3  0  0
 8  3      0 10892604 308044 7272668    0    0     0  1452 12653 18965 74 23  2  1  0  0
procs ----------mémoire---------- -échange- -----io---- -système- ------cpu--------
 r  b   swpd  libre tampon  cache   si   so    bi    bo   in   cs us sy id wa st gu
24  0      0 10896076 308052 7268608    0    0     0  1052 12392 17365 80 18  2  0  0  0
18  0      0 10881584 308052 7272776    0    0     0   368 13728 22073 74 25  1  0  0  0
 9 12      0 10875444 308068 7272924    0    0     0  2584 15814 27916 75 23  2  0  0  0
12  3      0 10878952 308068 7272912    0    0     0  1076 11477 16041 67 20  4  9  0  0
11  2      0 10878468 308068 7272928    0    0     0  1364 13463 20506 75 22  2  1  0  0
 9  1      0 10880116 308076 7272932    0    0     0  1160 12173 17984 74 22  2  1  0  0
12  0      0 10870944 308080 7273236    0    0     0   336 13706 22327 74 23  2  1  0  0
16 11      0 10879256 308084 7272996    0    0     0  2708 13927 21971 74 25  1  0  0  0
12  3      0 10892696 308088 7268840    0    0     0   436 12584 19471 70 21  4  5  0  0
 8  3      0 10891516 308088 7268884    0    0     0  2352 14991 24707 74 25  1  1  0  0
 8  2      0 10892508 308088 7272764    0    0     0   900 12269 18532 75 24  1  0  0  0
16  0      0 10880128 308112 7273076    0    0     0   652 13695 20844 76 23  1  0  0  0
11  1      0 10896228 308116 7273232    0    0     0   508 14025 23474 75 23  2  0  0  0
 9  1      0 10884156 308124 7269172    0    0     0  2476 14282 23503 75 23  2  0  0  0
 9  1      0 10881568 308124 7269140    0    0     0  1176 13211 20257 76 23  1  1  0  0
24  0      0 10893736 308132 7273248    0    0     0   520 14380 23335 75 23  2  0  0  0
16  7      0 10864916 308136 7273288    0    0     0  1920 13848 21439 76 23  0  1  0  0
11  1      0 10869116 308152 7273680    0    0     0  1040 12354 19742 68 20  4  8  0  0
16  2      0 10869928 308152 7273452    0    0     0  2008 13307 21071 75 23  1  1  0  0
26  9      0 10868540 308160 7272880    0    0     0  1760 12928 19052 76 23  1  0  0  0
13  1      0 10856152 308160 7273240    0    0     0   168 13385 22051 76 23  1  0  0  0
procs ----------mémoire---------- -échange- -----io---- -système- ------cpu--------
 r  b   swpd  libre tampon  cache   si   so    bi    bo   in   cs us sy id wa st gu
10  3      0 10870436 308172 7272888    0    0     0  1208 13658 21561 74 23  2  1  0  0
13  3      0 10879248 308176 7273416    0    0     0  1368 13501 20833 75 23  2  0  0  0
 8  2      0 10858104 308176 7269412    0    0     0   392 12193 18281 74 22  3  1  0  0
17  1      0 10865656 308192 7273504    0    0     0   480 13320 20880 76 23  1  0  0  0
10  4      0 10867512 308196 7273648    0    0     0  2264 12806 19520 75 23  1  0  0  0
12  1      0 10871344 308196 7273672    0    0     0   228 16167 18359 76 24  0  0  0  0
13  1      0 10888340 308196 7273940    0    0     0   160 13357 19001 75 23  1  0  0  0
 1 26      0 10885620 308196 7273928    0    0     0  2208 13297 22164 70 21  2  7  0  0
10  2      0 10885360 308200 7269816    0    0     0   576 13243 20633 60 17  5 18  0  0
 9  3      0 10882760 308212 7273940    0    0     0  1096 12401 18494 73 25  1  1  0  0
 9  2      0 10873660 308216 7273844    0    0     0   576 11953 17243 75 23  2  1  0  0
11  1      0 10879080 308220 7269696    0    0     0   492 10496 17924 54 16 14 15  0  0
 8  3      0 10894408 308220 7269792    0    0     0  1196 12758 21541 70 22  7  1  0  0
11  2      0 10890584 308224 7269796    0    0     0  1460 12639 22776 69 21  7  4  0  0
10  3      0 10903908 308244 7269748    0    0     0  1092 13857 26024 69 21  7  2  0  0
 4  9      0 10892236 308260 7269780    0    0     0  1964 11076 18950 66 18 10  5  0  0
14  0      0 10870524 308276 7269808    0    0     0  1080 11892 20718 69 21  9  1  0  0
10  2      0 10876880 308288 7273548    0    0     0  1724 11939 20485 66 20 10  4  0  0
 6  3      0 10870728 308292 7273960    0    0     0  1908 11867 20795 63 20 14  3  0  0
 7  1      0 10883700 308312 7269888    0    0     0   840 11588 21122 61 20 16  3  0  0
12  3      0 10882076 308312 7269920    0    0     0  1688 12284 21556 70 22  6  3  0  0
procs ----------mémoire---------- -échange- -----io---- -système- ------cpu--------
 r  b   swpd  libre tampon  cache   si   so    bi    bo   in   cs us sy id wa st gu
 7  1      0 10883036 308320 7269940    0    0     0  1156 12681 21522 71 21  8  1  0  0
 6  2      0 10891024 308328 7273992    0    0     0  1256 12583 22045 64 20 12  4  0  0
 6  2      0 10868556 308328 7274060    0    0     0  1048 11438 20802 62 20 14  4  0  0
11  1      0 10883436 308340 7269980    0    0     0   716 7904 14281 40 11 27 22  0  0
10  2      0 10864508 308348 7269924    0    0     0   556 13053 25086 64 19 13  4  0  0
19  5      0 10875760 308348 7274068    0    0     0  2144 16373 18218 67 21  9  3  0  0
 9 10      0 10874312 308348 7274092    0    0     0  1424 19930 18343 67 19 10  4  0  0
23  3      0 10865180 308360 7274036    0    0     0  1040 17529 19631 66 20 11  4  0  0
13  2      0 10899996 308364 7274088    0    0     0  1176 11315 18309 66 21 11  2  0  0
 5  2      0 10893420 308372 7274180    0    0     0  1008 12936 21912 62 20 12  6  0  0
 5  2      0 10897720 308376 7274200    0    0     0  2004 12145 23465 54 16 19 11  0  0
 6  1      0 10887220 308380 7270040    0    0     0   572 10601 19467 52 16 24  7  0  0
 9  5      0 10892168 308388 7270088    0    0     0  1288 12143 23006 62 19 14  5  0  0
 5  2      0 10915432 308388 7270028    0    0     0   412 10438 19255 52 17 22  9  0  0
18  2      0 10893232 308392 7274180    0    0     0  2448 12321 18894 64 19 12  4  0  0
15  2      0 10876428 308392 7274232    0    0     0   496 11693 21396 62 16 19  4  0  0
 6  1      0 10853620 308392 7274332    0    0     0   560 12250 23824 54 17 23  7  0  0
 6  4      0 10850524 308404 7274280    0    0     0  2352 12107 22960 61 19 14  6  0  0
 6  1      0 10850868 308408 7270140    0    0     0   816 11109 19510 63 19 15  4  0  0
12  1      0 10871692 308420 7274284    0    0     0   444 12292 22226 67 19 13  2  0  0
 6  1      0 10875144 308424 7274388    0    0     0   408 13251 25415 64 20 13  3  0  0
procs ----------mémoire---------- -échange- -----io---- -système- ------cpu--------
 r  b   swpd  libre tampon  cache   si   so    bi    bo   in   cs us sy id wa st gu
 8  3      0 10874544 308432 7274320    0    0     0  2928 13008 23100 65 19 12  5  0  0
10  3      0 10879396 308432 7274328    0    0     0   544 10389 18611 61 18 16  5  0  0
 8  1      0 10885292 308440 7274368    0    0     0  1048 11175 19848 62 19 16  3  0  0
17  1      0 10886288 308448 7274500    0    0     0   612 12729 22550 65 21 12  2  0  0
 7  4      0 10874616 308456 7274664    0    0     0  2344 14841 25142 76 22  1  1  0  0
18  2      0 10854552 308468 7274680    0    0     0  1896 12710 19416 72 22  4  2  0  0
 7  3      0 10875968 308472 7274568    0    0     0  1880 11260 20234 64 19 12  6  0  0
 8  2      0 10880276 308484 7274608    0    0     0   380 11260 19556 62 19 15  5  0  0
 7  3      0 10884388 308488 7274708    0    0     0  1752 11517 20273 63 19 13  6  0  0
 7  4      0 10884376 308488 7270628    0    0     0   380 10645 19358 61 19 15  5  0  0
 6  4      0 10897688 308496 7270636    0    0     0  1360 13566 26838 61 20 15  4  0  0
 6  9      0 10913512 308500 7270660    0    0     0  2020 10529 18542 62 18 12  8  0  0
 2  6      0 10897596 308500 7270680    0    0     0   908 12369 23048 62 19 13  6  0  0
 6  1      0 10897164 308504 7274700    0    0     0  1108 11442 20355 62 18 15  5  0  0
 8  1      0 10876480 308504 7274800    0    0     0   172 12170 22247 63 20 14  3  0  0
11  2      0 10857228 308524 7274824    0    0     0   652 12310 21460 69 20  8  2  0  0
 8  4      0 10839348 308532 7275432    0    0     0  3064 12930 19986 74 23  2  1  0  0
 7  1      0 10867476 308536 7275448    0    0     0   336 11208 18906 69 21  7  4  0  0
 6  2      0 10876600 308536 7271228    0    0     0  1368 11917 21003 66 21  9  4  0  0
 6  3      0 10897176 308544 7271252    0    0     0   768 10133 18099 58 17 14 11  0  0
 7  9      0 10882392 308544 7275436    0    0     0  1428 11412 19970 62 19 13  6  0  0
procs ----------mémoire---------- -échange- -----io---- -système- ------cpu--------
 r  b   swpd  libre tampon  cache   si   so    bi    bo   in   cs us sy id wa st gu
 9  0      0 10888104 308544 7271368    0    0     0  1284 10790 19238 51 15 18 16  0  0
15  1      0 10863096 308560 7271408    0    0     0   752 12816 24097 65 20 12  3  0  0
15  1      0 10878320 308564 7271440    0    0     0  2212 12186 19929 70 21  7  2  0  0
14  3      0 10869116 308564 7271380    0    0     0  1620 12483 20233 69 21  8  2  0  0
 1  7      0 10866092 308572 7275652    0    0     0   944 11300 16117 60 18 12 10  0  0
 7  4      0 10873964 308572 7275676    0    0     0  1176 11196 17819 66 21  9  4  0  0
 7  3      0 10863012 308580 7275780    0    0     0   824 11415 16175 72 23  3  2  0  0
 6  2      0 10857560 308584 7275720    0    0     0   292 10604 18753 62 19 12  7  0  0
 6  2      0 10860616 308588 7271604    0    0     0  1276 12309 22912 57 18 19  7  0  0
 6  2      0 10857156 308592 7271620    0    0     0  1464 10142 18422 52 16 19 14  0  0
 6  1      0 10873904 308604 7271628    0    0     0   624 10250 18979 53 16 22  9  0  0
 5  3      0 10872164 308604 7271564    0    0     0  1028 12123 23421 58 18 17  7  0  0
 5  4      0 10864944 308604 7271572    0    0     0   712 8996 16219 45 13 20 23  0  0
13  5      0 10858628 308616 7271520    0    0     0  1116 10532 17416 58 17 12 13  0  0
10  4      0 10882660 308616 7275616    0    0     0  1928 12109 18116 71 20  6  3  0  0
 7  2      0 10890660 308624 7275668    0    0     0  1096 9874 16242 51 14 20 15  0  0
 6  1      0 10883368 308628 7275788    0    0     0   404 11963 22461 54 17 23  5  0  0
 5  2      0 10892992 308648 7275652    0    0     0  1612 12802 25253 54 18 20  7  0  0
 6  5      0 10866644 308648 7271576    0    0     0  1876 10359 18650 53 16 17 14  0  0
12  3      0 10838268 308648 7271584    0    0     0  1276 12198 22758 54 16 22  7  0  0
 5  1      0 10876860 308664 7275696    0    0     0   772 10724 19391 53 16 24  7  0  0
procs ----------mémoire---------- -échange- -----io---- -système- ------cpu--------
 r  b   swpd  libre tampon  cache   si   so    bi    bo   in   cs us sy id wa st gu
15  1      0 10876208 308664 7275740    0    0     0   396 12303 23022 50 16 29  5  0  0
 5  2      0 10880928 308664 7271640    0    0     0   712 12670 24717 55 16 22  7  0  0
 5  2      0 10889056 308664 7271660    0    0     0  1380 10470 18981 52 16 25  7  0  0
 5  3      0 10887140 308668 7271668    0    0     0  1268 10293 19150 52 16 16 16  0  0
 5  2      0 10881168 308672 7271692    0    0     0   644 9935 17654 52 16 20 11  0  0
 4  2      0 10888732 308676 7271620    0    0     0  1260 11047 20044 51 17 25  8  0  0
 5  2      0 10879544 308680 7275836    0    0     0  1024 12240 22350 47 15 28 10  0  0
 4  2      0 10861532 308692 7275868    0    0     0  1460 10101 18102 39 11 30 20  0  0
 7  6      0 10857740 308696 7275880    0    0     0  1712 11761 22789 50 15 23 12  0  0
 8  1      0 10865672 308700 7275884    0    0     0   956 10635 19443 52 16 22 10  0  0
 5  1      0 10885216 308708 7275696    0    0     0   860 11624 21603 55 18 23  4  0  0
 9  1      0 10877788 308720 7275988    0    0     0  1900 12616 23865 59 19 18  4  0  0
 9  1      0 10879480 308724 7276068    0    0     0   832 11423 18462 65 20 10  4  0  0
 8  2      0 10879988 308732 7276108    0    0     0  1664 12608 19399 71 22  5  3  0  0
 3  5      0 10883336 308748 7276164    0    0     0  1064 11583 19863 60 17 15  8  0  0
 5  2      0 10863256 308748 7272156    0    0     0  1676 11373 20968 52 16 20 13  0  0
 8  2      0 10862548 308752 7272156    0    0     0   712 6732 11461 35  9 26 31  0  0
12  2      0 10897020 308764 7272180    0    0     0  1472 12951 27410 63 18 14  5  0  0
 6  1      0 10901612 308764 7272188    0    0     0  1192 10234 18059 58 17 16  8  0  0
 9  2      0 10906764 308764 7276304    0    0     0  1328 12907 24093 63 20 15  3  0  0
 5  2      0 10886444 308764 7276348    0    0     0  1000 12404 22864 55 18 20  7  0  0
procs ----------mémoire---------- -échange- -----io---- -système- ------cpu--------
 r  b   swpd  libre tampon  cache   si   so    bi    bo   in   cs us sy id wa st gu
 6  3      0 10885916 308776 7276344    0    0     0  1660 11411 20980 56 15 16 14  0  0
17  0      0 10860620 308804 7276320    0    0     0   976 12387 22357 62 19 15  4  0  0
 2  9      0 10859096 308812 7276112    0    0     0  1892 11465 17057 68 19  6  7  0  0
 8  1      0 10882552 308816 7276144    0    0     0  1680 12017 20229 66 19 11  4  0  0
 6  1      0 10892324 308816 7276180    0    0     0   344 12188 23519 63 19 15  3  0  0
10  2      0 10843700 308816 7276388    0    0     0  1424 14217 28265 65 20 10  5  0  0
 7  3      0 10850252 308816 7272304    0    0     0  1428 10839 20242 62 18 13  7  0  0
 5  5      0 10859688 308816 7272388    0    0     0  1032 10719 19515 57 17 20  5  0  0
11  3      0 10859380 308820 7272408    0    0     0   944 10895 19602 60 18 17  5  0  0
 7  1      0 10866960 308828 7276500    0    0     0   616 11377 21219 64 19 13  4  0  0
 7  1      0 10797028 308828 7289864    0    0     0   208 13120 24377 68 20 10  2  0  0
 9  2      0 10798928 308844 7289920    0    0     0  2552 13063 21093 76 20  4  1  0  0
10  3      0 10834420 308844 7296016    0    0     0 20988 13000 20685 73 20  5  2  0  0
 6  1      0 10865980 308844 7272840    0    0     0  3360 11803 20539 66 20 10  4  0  0
 6  3      0 10859476 308844 7272668    0    0     0  2084 12981 24416 64 20 13  3  0  0
 7  1      0 10841880 308852 7272664    0    0     0   772 10508 19121 61 18 15  6  0  0
 6  1      0 10854000 308860 7276788    0    0     0   408 10668 19441 61 19 16  4  0  0
 5  1      0 10850292 308872 7272652    0    0     0   472 11760 22125 58 17 18  6  0  0
15  1      0 10853500 308876 7272656    0    0     0  1700 11895 22406 57 18 19  6  0  0
 6  2      0 10836320 308880 7272712    0    0     0  1184 12033 22347 62 17 12  9  0  0
 6  1      0 10844404 308900 7272732    0    0     0  1404 10974 19833 62 18 15  4  0  0
procs ----------mémoire---------- -échange- -----io---- -système- ------cpu--------
 r  b   swpd  libre tampon  cache   si   so    bi    bo   in   cs us sy id wa st gu
 6  1      0 10858796 308904 7276840    0    0     0  1060 11272 19794 63 18 15  3  0  0
 5  2      0 10849892 308912 7276884    0    0     0   548 12605 23387 58 19 18  4  0  0
 8  3      0 10858232 308912 7272828    0    0     0  1204 13603 26892 64 19 11  6  0  0
10  2      0 10843880 308912 7272860    0    0     0  1644 11324 17772 67 21  8  4  0  0
 6  1      0 10858488 308916 7272872    0    0     0  1676 11345 19781 63 19 11  7  0  0
12  0      0 10860272 308920 7277032    0    0     0   928 11907 21274 64 19 14  3  0  0
 8 11      0 10859500 308960 7277088    0    0     0  2444 14685 26970 68 21 10  1  0  0
10  2      0 10843068 308960 7277084    0    0     0   468 10641 18981 61 19 15  6  0  0
 6  2      0 10856892 308964 7277092    0    0     0  1572 11670 20688 63 19 12  5  0  0
14  1      0 10861800 308964 7272732    0    0     0   444 10791 19626 62 19 14  5  0  0
11  2      0 10864160 308980 7276788    0    0     0   804 10831 18213 55 17 16 12  0  0
 5  2      0 10875896 308984 7277064    0    0     0  1148 11302 17479 64 20 13  3  0  0
 5 10      0 10862980 308984 7277044    0    0     0  1300 12378 23462 55 17 23  6  0  0
 5  3      0 10856616 308984 7277092    0    0     0   560 10994 18118 60 19 15  6  0  0
12  1      0 10846480 309004 7277120    0    0     0   488 11743 19244 63 19 12  6  0  0
 6  2      0 10878200 309012 7273056    0    0     0  1436 11597 21637 61 19 15  4  0  0
 8  1      0 10863128 309016 7273044    0    0     0  1364 11783 22115 60 18 17  5  0  0
 5  2      0 10859772 309020 7272924    0    0     0  1832 11333 19995 55 16 22  8  0  0
 5  1      0 10835772 309028 7277136    0    0     0   592 12114 22309 57 17 21  5  0  0
10 12      0 10850732 309036 7273100    0    0     0  2572 12943 22586 67 20 10  2  0  0
20  1      0 10861020 309048 7277264    0    0     0  1640 11565 19035 65 20 12  3  0  0
procs ----------mémoire---------- -échange- -----io---- -système- ------cpu--------
 r  b   swpd  libre tampon  cache   si   so    bi    bo   in   cs us sy id wa st gu
 8  0      0 10858172 309052 7277380    0    0     0   532 13561 22482 70 21  8  1  0  0
15  0      0 10850016 309060 7277500    0    0     0   424 12959 21058 70 21  8  1  0  0
 7  3      0 10867364 309064 7277432    0    0     0  2280 12458 20954 66 21  8  5  0  0
 6  2      0 10863248 309064 7273300    0    0     0   936 11478 19849 69 21  9  2  0  0
10  1      0 10870572 309064 7273216    0    0     0   228 10536 18985 61 18 15  6  0  0
 2  8      0 10862436 309072 7277392    0    0     0   956 13890 22810 71 21  5  3  0  0
13  4      0 10866728 309072 7277428    0    0     0  1456 11356 20255 54 16 15 15  0  0
17  2      0 10853960 309076 7277408    0    0     0   776 11467 18195 70 21  6  3  0  0
16  0      0 10873300 309088 7277512    0    0     0   860 12713 20073 71 21  6  1  0  0
14  1      0 10838276 309092 7277624    0    0     0  1140 12542 22208 61 21 15  3  0  0
 8 11      0 10833920 309092 7277640    0    0     0  1692 13322 23650 66 20  8  6  0  0
14  3      0 10839916 309092 7277576    0    0     0  1228 10909 19190 58 16 12 13  0  0
 6  4      0 10862048 309100 7277588    0    0     0   956 10903 18350 67 21  9  3  0  0
 5  1      0 10863992 309104 7277528    0    0     0   332 10803 19798 55 16 23  6  0  0
 6  2      0 10868260 309116 7277504    0    0     0  2144 12274 23193 55 17 22  6  0  0
 6  2      0 10855628 309120 7277532    0    0     0   300 10156 19242 52 16 26  7  0  0
18  1      0 10836688 309124 7277268    0    0     0   344 11570 21907 53 17 24  6  0  0
 6  2      0 10844300 309144 7277556    0    0     0  2800 12668 23626 58 18 18  5  0  0
10  1      0 10864616 309144 7273520    0    0     0   372 12326 21363 69 18 10  2  0  0
10  1      0 10857872 309148 7273540    0    0     0  1320 10778 19335 62 19 15  4  0  0
15  2      0 10867220 309176 7277660    0    0     0   620 13617 22382 70 22  7  1  0  0
procs ----------mémoire---------- -échange- -----io---- -système- ------cpu--------
 r  b   swpd  libre tampon  cache   si   so    bi    bo   in   cs us sy id wa st gu
 7  1      0 10858636 309176 7277748    0    0     0   360 12401 19719 62 20 15  3  0  0
 7  2      0 10885152 309176 7277796    0    0     0  1152 12551 22460 67 19 11  3  0  0
 6  3      0 10859680 309180 7273628    0    0     0  1784 11956 22267 64 19 12  5  0  0
 7  1      0 10848488 309184 7277740    0    0     0   504 11032 17741 67 20 10  3  0  0
13  2      0 10857556 309192 7277772    0    0     0  1116 11359 19176 65 20 11  4  0  0
19  2      0 10899160 309196 7277808    0    0     0   600 11203 19229 57 19 16  7  0  0
 6  1      0 10898716 309196 7277800    0    0     0  1060 11380 21688 60 16 17  7  0  0
20 11      0 10885200 309196 7277516    0    0     0  1168 12337 21446 62 19 13  6  0  0
 4 11      0 10862804 309204 7277620    0    0     0  1160 10488 17548 51 15 15 19  0  0
 4  3      0 10867076 309204 7273172    0    0     0   568 10118 18113 42 13 18 26  0  0
 5  3      0 10864940 309212 7273484    0    0     0   852 10991 20294 52 14 15 19  0  0
 4  2      0 10859752 309228 7277580    0    0     0   396 10280 18511 44 14 32 11  0  0
 5  2      0 10874364 309228 7273736    0    0     0  1208 10345 18148 43 13 31 14  0  0
 5  2      0 10837244 309240 7273820    0    0     0  1624 11334 20850 44 14 28 14  0  0
 7  2      0 10851252 309244 7273796    0    0     0   876 12399 24528 48 14 29  9  0  0
 4  8      0 10857924 309244 7273708    0    0     0  2392 11079 19656 49 14 24 13  0  0
 4  1      0 10856608 309256 7273768    0    0     0  1152 13915 25888 43 14 29 13  0  0
 4  1      0 10851732 309260 7277916    0    0     0   500 11759 22429 45 15 34  6  0  0
 6  3      0 10862352 309276 7273980    0    0     0  2156 11775 22273 51 16 26  7  0  0
17  1      0 10848616 309276 7273936    0    0     0   424 11659 21579 51 15 21 13  0  0
 5  2      0 10853936 309276 7273944    0    0     0  1844 10289 18056 43 13 24 20  0  0
procs ----------mémoire---------- -échange- -----io---- -système- ------cpu--------
 r  b   swpd  libre tampon  cache   si   so    bi    bo   in   cs us sy id wa st gu
 5  1      0 10838784 309284 7273932    0    0     0   992 10098 16557 48 16 24 13  0  0
 5  1      0 10842756 309300 7278128    0    0     0   684 12432 23444 47 16 32  6  0  0
 4  4      0 10862804 309312 7274012    0    0     0  2624 11873 22127 45 14 26 15  0  0
 4  1      0 10843772 309312 7273996    0    0     0   552 11242 20881 40 13 31 16  0  0
 4  2      0 10858864 309316 7274000    0    0     0  1200 10400 18784 43 14 30 13  0  0
 8  0      0 10845128 309324 7278192    0    0     0   436 11537 21526 45 14 34  7  0  0
 5  6      0 10842360 309332 7278236    0    0     0  2440 11532 22306 51 16 24  9  0  0
 5  1      0 10831676 309332 7274160    0    0     0  1100 11457 21229 54 16 23  7  0  0
 7  0      0 10829372 309340 7278284    0    0     0   536 11121 20387 54 16 24  6  0  0
 8  1      0 10844288 309348 7278408    0    0     0   732 12736 24842 59 19 19  3  0  0
19  1      0 10843196 309348 7278808    0    0     0  2580 11434 17760 69 20  8  3  0  0
 8  1      0 10813828 309348 7278720    0    0     0  2328 13350 21981 69 21  9  1  0  0
 7  1      0 10805772 309364 7278600    0    0     0   768 12870 22636 66 21 10  2  0  0
 7  4      0 10801528 309368 7278704    0    0     0  2312 13207 23402 67 21  9  2  0  0
14  1      0 10828204 309376 7274624    0    0     0  1568 11802 19463 69 21  8  2  0  0
13  1      0 10815672 309380 7278744    0    0     0   536 12428 21404 68 21  9  2  0  0
16  1      0 10819908 309384 7279020    0    0     0  2332 13642 24825 66 20 11  4  0  0
22  0      0 10821796 309404 7275028    0    0     0   872 11975 22112 62 20 15  3  0  0
12  2      0 10835944 309408 7275060    0    0     0  1672 12181 20141 70 21  7  2  0  0
10  1      0 10842580 309412 7275072    0    0     0  1412 11825 19104 70 21  7  2  0  0
 9  2      0 10870896 309428 7279172    0    0     0   536 12759 22095 70 21  7  1  0  0
procs ----------mémoire---------- -échange- -----io---- -système- ------cpu--------
 r  b   swpd  libre tampon  cache   si   so    bi    bo   in   cs us sy id wa st gu
10  2      0 10831980 309432 7279328    0    0     0   760 15142 27818 70 22  6  2  0  0
 7  5      0 10840752 309448 7275152    0    0     0  2496 11882 19164 67 21  8  4  0  0
11  3      0 10831156 309448 7275168    0    0     0   612 11503 18898 70 22  7  2  0  0
17  2      0 10838736 309460 7278912    0    0     0   560 12101 18360 75 21  3  1  0  0
 9  3      0 10853572 309472 7279052    0    0     0  1344 11891 17737 72 22  4  1  0  0
 9  1      0 10861360 309484 7277580    0    0     0  1976 11880 19529 71 20  6  3  0  0
11  1      0 10821200 309488 7277500    0    0     0   456 15553 27833 73 24  3  0  0  0
 8 13      0 10823656 309492 7277592    0    0     0  2936 13090 19421 76 22  2  1  0  0
13  3      0 10823040 309492 7277688    0    0     0   904 13769 22007 74 23  2  1  0  0
11  2      0 10833292 309492 7278212    0    0     0  1856 11631 18711 71 22  5  3  0  0
 8 12      0 10846036 309496 7272952    0    0     0  1524 12128 18625 72 23  4  1  0  0
 7  1      0 10861816 309516 7277020    0    0     0  1080 16898 18402 73 22  4  1  0  0
10  1      0 10847108 309528 7277164    0    0     0   508 14165 25152 71 23  4  2  0  0
19 11      0 10827488 309532 7273148    0    0     0  1992 13368 20320 75 22  2  1  0  0
10  1      0 10810420 309536 7273072    0    0     0   488 12641 19392 75 22  2  1  0  0
 7  2      0 10839992 309540 7273084    0    0     0   932 12453 21112 70 22  5  3  0  0
11  2      0 10826472 309548 7272964    0    0     0  1280 12105 20683 69 21  8  1  0  0
 9  3      0 10809856 309552 7272980    0    0     0   616 9620 16100 60 17  8 15  0  0
 7  3      0 10810024 309552 7272988    0    0     0   504 11163 18265 69 21  7  3  0  0
12  3      0 10812624 309568 7276788    0    0     0  1272 11371 19892 67 21  7  5  0  0
 7  2      0 10818264 309568 7276988    0    0     0   240 11351 21282 67 18 11  4  0  0
procs ----------mémoire---------- -échange- -----io---- -système- ------cpu--------
 r  b   swpd  libre tampon  cache   si   so    bi    bo   in   cs us sy id wa st gu
 7  3      0 10791636 309572 7272988    0    0     0  1800 10978 19321 54 17 13 16  0  0
 7  2      0 10804296 309576 7273044    0    0     0   280 10371 18711 62 19 12  7  0  0
 6  3      0 10854184 309584 7273012    0    0     0   528 10991 21018 56 16 20  7  0  0
 8  6      0 10841940 309592 7274700    0    0     0  2192 12767 24597 67 18 11  3  0  0
 7  3      0 10831064 309596 7277464    0    0     0  3056 12247 22834 65 18 11  6  0  0
 8  3      0 10832156 309596 7279248    0    0     0  4644 9060 16256 50 15 13 22  0  0
 5  4      0 10825844 309608 7281844    0    0     0  2908 11108 20486 62 18 15  5  0  0
 6  4      0 10856500 309612 7282088    0    0     0   788 10134 18010 52 16 22 10  0  0
 5  2      0 10894296 309620 7273212    0    0     0   472 11462 22832 60 16 16  8  0  0
 4  4      0 10902304 309624 7272852    0    0     0  1840 10412 18649 48 16 22 14  0  0
 6  2      0 10877080 309624 7272800    0    0     0   496 10897 20230 43 13 25 19  0  0
 4  4      0 10861100 309628 7277096    0    0     0  5260 8450 14492 36 10 24 30  0  0
 5  3      0 10851824 309644 7289368    0    0     0  9436 10817 21987 49 13 24 14  0  0
 1  4      0 10850288 309644 7291804    0    0     0  3208 9565 16857 37 11 28 24  0  0
 3  2      0 10868608 309652 7294416    0    0     0  7264 10831 17638 32  9 38 20  0  0
 4  2      0 10894696 309656 7272868    0    0     0  1648 10432 17732 37 11 38 14  0  0
 4  2      0 10893420 309668 7274916    0    0     0  3672 10775 20383 34  9 25 32  0  0
 3  2      0 10873112 309684 7281696    0    0     0  8392 10722 19230 41 10 32 17  0  0
 4  5      0 10873088 309696 7285924    0    0     0  5104 9693 14241 38 11 28 22  0  0
 3  1      0 10898276 309708 7272692    0    0     0  4216 9129 13722 31  9 39 21  0  0
 3  1      0 10892728 309724 7276836    0    0     0  1020 11206 18662 35 10 47  8  0  0
procs ----------mémoire---------- -échange- -----io---- -système- ------cpu--------
 r  b   swpd  libre tampon  cache   si   so    bi    bo   in   cs us sy id wa st gu
 5  7      0 10891752 309728 7276924    0    0     0  2188 12044 23382 41 13 36 10  0  0
 5  1      0 10865088 309732 7272848    0    0     0  1072 10501 18403 43 13 34 10  0  0
16  2      0 10846092 309732 7276960    0    0     0   468 11639 21881 45 14 35  6  0  0
 4  2      0 10857988 309732 7277020    0    0     0  1488 11702 21530 38 12 39 11  0  0
 4  3      0 10865636 309740 7272936    0    0     0  1192 9995 17714 42 13 30 15  0  0
 4  1      0 10863068 309752 7272944    0    0     0  1264 10024 17401 42 13 32 13  0  0
 4  2      0 10851856 309772 7277044    0    0     0  1048 10674 18588 43 14 37  7  0  0
 4  1      0 10862188 309788 7277096    0    0     0   356 11306 20692 44 14 33  9  0  0
 5  1      0 10870696 309796 7273132    0    0     0   528 11265 21309 51 15 29  5  0  0
 6  2      0 10876932 309796 7273168    0    0     0  1992 10943 20177 53 16 23  8  0  0
 5  1      0 10854704 309796 7273168    0    0     0   328 10378 19235 52 16 26  6  0  0
16  0      0 10843876 309804 7277276    0    0     0  1264 12049 22145 54 17 25  3  0  0
 9  1      0 10843608 309816 7277392    0    0     0  1404 12150 22494 59 18 20  4  0  0
 7  1      0 10848292 309828 7273348    0    0     0  1172 11481 21448 62 19 14  5  0  0
 6  2      0 10857248 309844 7273348    0    0     0  1288 11260 20329 61 18 16  4  0  0
 5  3      0 10854824 309852 7277388    0    0     0  2280 12515 23179 56 18 19  6  0  0
 5  2      0 10852584 309860 7273388    0    0     0   480 10163 18355 54 16 19 11  0  0
 7  8      0 10863980 309864 7273404    0    0     0  1668 11779 21877 59 18 16  7  0  0
 8  2      0 10869660 309868 7273420    0    0     0  1288 10807 18878 62 19 17  2  0  0
 6  1      0 10847648 309884 7277532    0    0     0   536 13236 24121 64 20 15  1  0  0
 9  8      0 10831748 309908 7277632    0    0     0  2264 12716 22885 67 21  9  2  0  0
procs ----------mémoire---------- -échange- -----io---- -système- ------cpu--------
 r  b   swpd  libre tampon  cache   si   so    bi    bo   in   cs us sy id wa st gu
10  1      0 10833272 309924 7273608    0    0     0   980 11712 19383 70 21  7  2  0  0
10  1      0 10791576 309928 7277728    0    0     0   552 12991 22581 69 22  7  2  0  0
12  3      0 10828668 309936 7277908    0    0     0   668 13859 25697 65 20 10  4  0  0
 9  8      0 10817900 309940 7273820    0    0     0  2552 13309 23947 69 22  5  4  0  0
11  1      0 10823324 309948 7273756    0    0     0  1160 11930 20726 64 19 10  6  0  0
 8  0      0 10836268 309948 7277836    0    0     0   896 13104 23616 69 22  8  1  0  0
 9  2      0 10842112 309972 7277936    0    0     0   788 13849 25069 71 23  5  1  0  0
 8  3      0 10839612 309972 7273820    0    0     0  2152 13146 23717 70 21  6  3  0  0
 8  2      0 10823068 309976 7273992    0    0     0  1760 12383 21859 69 21  7  3  0  0
 7  1      0 10827416 309992 7273820    0    0     0  1324 11438 19934 68 21  8  4  0  0
10  1      0 10824724 310008 7277940    0    0     0   512 13486 23024 70 22  8  1  0  0
 9 11      0 10849376 310024 7278124    0    0     0  2044 13331 21709 74 22  3  1  0  0
11  1      0 10820644 310024 7274084    0    0     0   256 13650 22056 75 22  2  1  0  0
13  1      0 10825592 310028 7274032    0    0     0  1176 12963 20092 74 23  3  1  0  0
 9  2      0 10821372 310032 7278064    0    0     0   312 12048 20263 69 21  7  3  0  0
11  3      0 10814364 310036 7278100    0    0     0  1812 12524 20970 70 22  5  3  0  0
 9  2      0 10813312 310036 7274112    0    0     0   332 11280 19112 68 21  8  3  0  0
13  1      0 10831804 310044 7274128    0    0     0   448 11609 19645 69 22  8  1  0  0
14 11      0 10850044 310048 7274148    0    0     0  1972 13167 20873 75 22  3  1  0  0
11  1      0 10848212 310052 7274160    0    0     0   596 13790 22582 75 22  2  0  0  0
 7  2      0 10848376 310056 7278244    0    0     0  1168 13020 21861 69 22  6  2  0  0
procs ----------mémoire---------- -échange- -----io---- -système- ------cpu--------
 r  b   swpd  libre tampon  cache   si   so    bi    bo   in   cs us sy id wa st gu
 8  2      0 10820696 310060 7277992    0    0     0  1748 12963 21382 70 22  7  2  0  0
 8  6      0 10809980 310072 7274216    0    0     0  2296 13965 23699 75 21  3  1  0  0
11  2      0 10812560 310072 7274232    0    0     0   252 12434 18725 74 23  2  1  0  0
11  1      0 10840904 310076 7274236    0    0     0   956 12570 18813 75 23  2  0  0  0
14  1      0 10849444 310076 7278348    0    0     0   528 12370 18484 74 22  3  1  0  0
 9  1      0 10834332 310076 7278404    0    0     0   192 15950 28955 73 22  4  1  0  0
 9  5      0 10845916 310076 7274344    0    0     0  2224 11560 19312 70 21  8  2  0  0
 8  2      0 10831376 310076 7274368    0    0     0   476 11585 19851 69 21  6  4  0  0
 9  3      0 10854544 310120 7274356    0    0     0  1300 13380 23515 71 22  5  2  0  0
 7  3      0 10864728 310128 7274332    0    0     0  1236 10743 18085 63 18  8 10  0  0
 9  3      0 10836040 310128 7274392    0    0     0  1544 13458 22257 73 21  4  1  0  0
 9  1      0 10824924 310132 7274360    0    0     0  1008 11447 19647 70 20  7  3  0  0
 6  3      0 10817652 310136 7278744    0    0     0  1504 13657 25060 64 21 12  3  0  0
 1  7      0 10809384 310136 7278540    0    0     0  1360 10395 18217 59 17 15  9  0  0
 8  2      0 10833420 310148 7274436    0    0     0  1688 13118 24981 63 19 11  8  0  0
10  1      0 10846724 310148 7274424    0    0     0   984 11693 18911 70 22  7  1  0  0
 6  3      0 10832704 310156 7274368    0    0     0  1900 12876 22241 68 21  9  3  0  0
13  1      0 10835652 310168 7274412    0    0     0   448 10691 19525 62 18 16  4  0  0
 6  2      0 10834868 310176 7278488    0    0     0  1188 11083 20182 62 19 15  4  0  0
 7  1      0 10849120 310200 7278524    0    0     0   580 13613 25341 65 21 12  2  0  0
 7  2      0 10858136 310208 7274444    0    0     0  1852 11190 19433 61 18 11 10  0  0
procs ----------mémoire---------- -échange- -----io---- -système- ------cpu--------
 r  b   swpd  libre tampon  cache   si   so    bi    bo   in   cs us sy id wa st gu
 9  2      0 10826952 310208 7274436    0    0     0  2856 13753 25132 65 20 11  4  0  0
 7  1      0 10803904 310224 7278536    0    0     0   660 10838 19797 62 19 15  4  0  0
 6  1      0 10812236 310224 7278676    0    0     0   164 11912 21608 62 20 16  2  0  0
15  1      0 10803052 310224 7278696    0    0     0   592 12145 21830 66 20 12  2  0  0
10 11      0 10805860 310232 7278760    0    0     0  1992 12923 22863 70 21  7  2  0  0
10  3      0 10820400 310236 7278704    0    0     0  1384 12259 20975 69 21  7  3  0  0
 8  3      0 10827092 310236 7278704    0    0     0   964 10466 18503 59 18 12 11  0  0
11  4      0 10834660 310240 7278476    0    0     0   768 11187 19890 63 19 15  3  0  0
 9  1      0 10840276 310244 7278840    0    0     0  1252 12031 21881 62 19 14  4  0  0
 8  2      0 10853512 310256 7275000    0    0     0   816 13299 25107 63 21 12  4  0  0
 6  2      0 10847564 310256 7274756    0    0     0  2012 10468 18137 62 19 14  5  0  0
 8  2      0 10823420 310268 7274720    0    0     0   460 9033 16505 43 12 22 23  0  0
 8  1      0 10825508 310272 7274696    0    0     0  1232 10973 19912 62 19 16  3  0  0
 6  1      0 10836780 310280 7278808    0    0     0   452 10963 19285 62 20 13  5  0  0
 6  1      0 10833476 310280 7278888    0    0     0   300 11770 21215 62 20 16  2  0  0
10  3      0 10816692 310292 7274764    0    0     0   620 13177 24499 61 18 14  7  0  0
 7  2      0 10821048 310296 7274776    0    0     0  1724 11336 20052 63 19 11  6  0  0
 7  2      0 10832288 310296 7274776    0    0     0  1376 10330 18390 61 18 14  6  0  0
 1  7      0 10850280 310300 7274808    0    0     0   400 8059 13415 45 13 21 20  0  0
 7  0      0 10798500 310308 7278608    0    0     0  1492 11590 21144 62 20 14  4  0  0
11  1      0 10796208 310308 7279028    0    0     0   652 13410 24762 66 21 11  2  0  0
procs ----------mémoire---------- -échange- -----io---- -système- ------cpu--------
 r  b   swpd  libre tampon  cache   si   so    bi    bo   in   cs us sy id wa st gu
 7  2      0 10818056 310312 7274932    0    0     0  2100 11631 19803 66 20 10  4  0  0
 7  1      0 10775928 310312 7274936    0    0     0  1268 12752 23904 64 19 14  3  0  0
 6  2      0 10799240 310320 7275024    0    0     0  1216 10827 19179 63 18 14  5  0  0
 6  1      0 10796908 310336 7279208    0    0     0   432 12851 23745 64 19 14  4  0  0
 7  1      0 10802560 310340 7279204    0    0     0   564 11979 21265 67 20 11  2  0  0
 7 11      0 10805840 310344 7275140    0    0     0  1932 12911 23126 67 21  7  5  0  0
 9  2      0 10804556 310344 7275112    0    0     0   592 10372 19001 56 17 15 12  0  0
 6  5      0 10807584 310344 7275120    0    0     0   876 11830 21490 62 19 13  5  0  0
 9  1      0 10806524 310352 7275124    0    0     0  1464 10492 18363 59 18 13 10  0  0
 5  2      0 10823508 310372 7279212    0    0     0   552 12445 23072 62 20 15  3  0  0
10  2      0 10819116 310372 7279268    0    0     0  1376 12091 23121 57 18 17  8  0  0
 5  3      0 10797112 310376 7279320    0    0     0  1436 11203 21027 57 16 15 12  0  0
 6  6      0 10812904 310392 7279328    0    0     0  1260 11927 21722 50 15 20 15  0  0
 6  1      0 10825640 310392 7279352    0    0     0   340 10582 19344 61 18 16  4  0  0
 7  2      0 10842708 310400 7279364    0    0     0   932 10604 18712 63 18 16  3  0  0
 8  2      0 10811324 310412 7279112    0    0     0   736 13521 25389 60 19 15  6  0  0
 5  2      0 10812852 310412 7279396    0    0     0  1372 10693 19352 53 17 22  8  0  0
 7  2      0 10820784 310424 7275324    0    0     0  1404 10642 19060 59 17 17  8  0  0
 7  1      0 10837220 310440 7275332    0    0     0  1236 11686 22022 62 19 13  6  0  0
 6  1      0 10854360 310444 7279456    0    0     0  1060 11446 20935 62 19 15  4  0  0
17  0      0 10842096 310456 7279552    0    0     0   524 13368 25096 63 21 13  3  0  0
procs ----------mémoire---------- -échange- -----io---- -système- ------cpu--------
 r  b   swpd  libre tampon  cache   si   so    bi    bo   in   cs us sy id wa st gu
10  8      0 10831724 310468 7275412    0    0     0  1048 12235 22059 64 19 13  4  0  0
 6  2      0 10826772 310468 7275428    0    0     0   716 12166 22729 64 19 11  6  0  0
 6  9      0 10820368 310472 7275840    0    0     0  1436 11604 20399 68 18 10  5  0  0
 8  1      0 10845084 310488 7275852    0    0     0  1608 10420 18702 55 17 13 15  0  0
 6  1      0 10839720 310504 7280004    0    0     0   464 12091 21701 62 20 15  2  0  0
 8  2      0 10823820 310508 7280048    0    0     0   528 13483 26161 61 19 16  4  0  0
 6  1      0 10820936 310520 7280048    0    0     0  2280 11137 19460 61 18 14  7  0  0
20  1      0 10827248 310532 7280080    0    0     0  1232 11750 22033 66 18 12  4  0  0
 8  1      0 10868872 310548 7279772    0    0     0   788 11198 20019 62 19 15  4  0  0
16  0      0 10858260 310548 7280204    0    0     0   468 13310 24642 64 20 14  2  0  0
 7  3      0 10841072 310556 7276072    0    0     0  2520 12758 23302 59 19 12 10  0  0
12  0      0 10845452 310560 7276084    0    0     0   688 10771 19736 58 17 14 10  0  0
 7  1      0 10865208 310560 7280248    0    0     0   968 12641 21023 68 22  8  2  0  0
 7  2      0 10853156 310568 7276268    0    0     0  2340 12878 22435 68 21  9  2  0  0
 7  1      0 10846724 310568 7276280    0    0     0   368 12545 21867 70 21  7  2  0  0
16  0      0 10828952 310580 7280416    0    0     0  1156 13094 21834 70 21  7  2  0  0
10  2      0 10835624 310588 7276372    0    0     0   552 17096 27287 69 23  7  2  0  0
 7  4      0 10859456 310604 7276376    0    0     0  2480 11905 18636 70 21  7  2  0  0
 9  2      0 10848892 310604 7276392    0    0     0   736 12341 22316 70 21  7  2  0  0
 7  1      0 10829944 310604 7276472    0    0     0   980 11932 19939 71 21  7  2  0  0
 8  1      0 10824016 310612 7280572    0    0     0   596 12930 22651 70 22  7  2  0  0
procs ----------mémoire---------- -échange- -----io---- -système- ------cpu--------
 r  b   swpd  libre tampon  cache   si   so    bi    bo   in   cs us sy id wa st gu
 8  9      0 10839340 310612 7280624    0    0     0  2288 13646 22966 72 22  5  1  0  0
10  1      0 10824496 310612 7276576    0    0     0   440 13541 22444 74 22  2  2  0  0
19  0      0 10815712 310612 7280740    0    0     0  1168 13018 20371 74 23  2  1  0  0
14  1      0 10819584 310612 7280876    0    0     0   568 14737 24057 74 24  2  0  0  0
10 14      0 10842124 310624 7276792    0    0     0  2120 13526 22005 74 22  2  2  0  0
18  2      0 10828760 310624 7276800    0    0     0   768 13310 21362 74 23  3  1  0  0
 9  2      0 10814000 310624 7276816    0    0     0  1564 13861 21564 75 23  2  0  0  0
13  1      0 10822180 310652 7280956    0    0     0   808 13974 22475 74 23  2  1  0  0
 9  2      0 10835124 310664 7280996    0    0     0   616 15048 25914 73 24  3  0  0  0
 8  1      0 10816784 310676 7276880    0    0     0  2536 12337 18124 72 22  2  4  0  0
10  7      0 10799200 310700 7277436    0    0     0  2388 13897 22869 74 23  2  1  0  0
10  1      0 10804648 310704 7281252    0    0     0   476 12592 19256 74 22  3  1  0  0
11  1      0 10808096 310704 7281672    0    0     0   396 14210 23458 74 23  3  0  0  0
11  7      0 10810568 310708 7277648    0    0     0  2256 13431 21367 75 24  1  1  0  0
12  2      0 10811236 310708 7277696    0    0     0  1136 13862 22175 76 23  1  0  0  0
11  1      0 10802368 310716 7281908    0    0     0   580 14475 23826 76 23  1  0  0  0
14  1      0 10795924 310728 7281996    0    0     0  1636 15558 25739 73 25  2  1  0  0
13  3      0 10810648 310728 7277904    0    0     0   968 16728 26424 73 26  1  1  0  0
12  1      0 10785304 310736 7277904    0    0     0   404 16814 26639 74 25  1  0  0  0
 9  0      0 10803204 310736 7277928    0    0     0    72 16564 24921 73 26  2  0  0  0
14  0      0 10817092 310736 7277944    0    0     0     0 12431 18293 75 23  1  0  0  0
procs ----------mémoire---------- -échange- -----io---- -système- ------cpu--------
 r  b   swpd  libre tampon  cache   si   so    bi    bo   in   cs us sy id wa st gu
13  0      0 10841664 310736 7277956    0    0     0     0 12204 17457 76 23  1  0  0  0
10  1      0 10833544 310736 7277944    0    0     0    80 14673 24958 76 23  2  0  0  0
12  1      0 10841368 310740 7277944    0    0     0  2556 12978 20236 74 23  3  0  0  0
10  0      0 10826068 310740 7277960    0    0     0    64 12620 19162 74 23  3  0  0  0
11  0      0 10825032 310748 7277976    0    0     0   156 11991 17462 74 23  3  0  0  0
16  1      0 10822516 310748 7277912    0    0     0    84 12803 20168 73 23  4  1  0  0
 9  3      0 10828992 310752 7277880    0    0     0  2348 12500 21429 70 21  7  2  0  0
 8  0      0 10819136 310756 7277868    0    0     0   248 11283 18796 69 21 10  1  0  0
 7  1      0 10854996 310756 7277800    0    0     0   108 11873 21343 66 20 13  2  0  0
 6  1      0 10874748 310764 7277820    0    0     0  2008 10750 18693 63 19 16  3  0  0
 9  0      0 10840356 310768 7277832    0    0     0   140 11155 20118 62 19 18  1  0  0
15  0      0 10834492 310768 7277840    0    0     0     0 10217 18441 61 19 21  0  0  0
 5  2      0 10847552 310772 7277820    0    0     0   208 10978 20114 59 17 22  2  0  0
 6  1      0 10869496 310780 7277788    0    0     0  2032 10704 18866 53 16 23  7  0  0
 6  1      0 10861240 310784 7277788    0    0     0   396 11162 20438 53 17 28  3  0  0
 4  2      0 10866000 310784 7277704    0    0     0  1896 11137 20179 46 14 31  9  0  0
 4  0      0 10873356 310784 7277708    0    0     0   292 9932 17923 42 13 38  7  0  0
 3  1      0 10886608 310784 7277644    0    0     0    36 10170 18336 39 13 46  3  0  0
 3  1      0 10888804 310788 7277592    0    0     0  1824 9841 15332 34 10 48  9  0  0
 2  2      0 10879884 310792 7277588    0    0     0   108 10545 17592 32  9 57  3  0  0
 1  2      0 10886812 310792 7277460    0    0     0  2296 8803 12278 22  6 58 14  0  0
procs ----------mémoire---------- -échange- -----io---- -système- ------cpu--------
 r  b   swpd  libre tampon  cache   si   so    bi    bo   in   cs us sy id wa st gu
 1  2      0 10889052 310796 7277452    0    0     0  1428 3288 4005 15  1 64 20  0  0
 4  0      0 10888188 310800 7281320    0    0     0   244 11615 17862 18  5 71  6  0  0
 1  1      0 10871944 310800 7281592    0    0     0     4 20385 31410 23  9 68  0  0  0
 2  0      0 10872832 310808 7281552    0    0     0  1240 5225 8651 14  1 73 11  0  0
 2  1      0 10881692 310816 7281468    0    0     0   968 4865 6417 14  1 70 15  0  0
 1  1      0 10895908 310828 7277320    0    0     0   732 5771 10152 19  1 68 12  0  0
 1  1      0 10908992 310852 7277244    0    0     0   820 5216 7931 14  1 76  9  0  0
 1  1      0 10920300 310864 7277204    0    0     0   836 5252 8126 14  1 74 11  0  0
 2  1      0 10927456 310884 7277116    0    0     0   784 4296 5594 13  1 75 11  0  0
 1  1      0 10948048 310888 7277040    0    0     0   848 6829 11339 22  4 63 11  0  0
 1  1      0 10946764 310896 7276960    0    0     0   848 5658 8346 14  1 73 12  0  0
 1  1      0 10964040 310908 7276900    0    0     0   936 4650 6081 14  1 72 13  0  0
 1  1      0 10937252 310920 7276828    0    0     0   876 5028 7812 14  1 73 12  0  0
 2  0      0 10932320 310936 7276772    0    0     0   668 4453 7052 14  1 74 12  0  0
 2  0      0 10955788 310944 7276724    0    0     0   632 3838 4920 13  1 74 12  0  0
 2  0      0 10971484 310948 7276652    0    0     0  1852 5136 8081 14  1 73 12  0  0
 1  1      0 10969920 310964 7276568    0    0     0   856 4670 7185 14  1 71 14  0  0
 1  1      0 10976192 310988 7276488    0    0     0  1064 4338 5579 14  1 72 13  0  0
 1  1      0 10978136 311000 7276448    0    0     0   976 5531 8687 14  1 73 12  0  0
 1  1      0 10958628 311020 7276340    0    0     0   880 5141 8085 14  1 73 12  0  0
 1  1      0 10955340 311048 7276252    0    0     0   944 4632 5896 14  2 72 13  0  0
procs ----------mémoire---------- -échange- -----io---- -système- ------cpu--------
 r  b   swpd  libre tampon  cache   si   so    bi    bo   in   cs us sy id wa st gu
 1  0      0 10963696 311064 7276204    0    0     0  1392 4197 6505 14  1 71 15  0  0
 1  1      0 10971416 311064 7276140    0    0     0   892 4849 7534 14  1 73 12  0  0
 1  1      0 10983064 311084 7276096    0    0     0   820 3929 5301 13  1 72 14  0  0
 7  0      0 10988972 311104 7276008    0    0     0  1024 5501 8721 14  2 72 13  0  0
 2  0      0 10981100 311112 7275940    0    0     0   904 4982 7594 14  1 74 12  0  0
 1  1      0 10979460 311144 7275856    0    0     0   936 4245 5576 13  1 69 17  0  0
 1  1      0 10962232 311156 7275776    0    0     0   924 5164 8300 14  1 73 12  0  0
 1  1      0 10969020 311164 7275700    0    0     0   972 4700 6223 14  2 73 12  0  0
 1  1      0 10982624 311180 7275624    0    0     0   960 5133 7920 14  2 73 12  0  0
 1  2      0 10961940 311200 7275616    0    0     0   752 4090 5478 15  1 72 12  0  0
 1  2      0 10963288 311200 7275552    0    0     0  1408 3954 6207 14  1 69 17  0  0
 1  1      0 10964060 311204 7275540    0    0     0   688 3800 4588 13  1 72 13  0  0
 1  1      0 10963720 311224 7275464    0    0     0   620 4257 6796 14  1 73 12  0  0
 1  1      0 10961644 311244 7275384    0    0     0  1052 5130 7002 14  1 72 13  0  0
 1  1      0 10977408 311260 7275036    0    0     0   984 5142 8071 14  1 73 12  0  0
 1  1      0 10982484 311276 7274968    0    0     0  1108 4968 6277 13  1 74 12  0  0
 1  1      0 10984612 311276 7274900    0    0     0   584 4275 6394 14  1 73 12  0  0
 1  1      0 10996724 311284 7274868    0    0     0   596 3662 4704 13  1 74 12  0  0
 2  0      0 11007476 311284 7274836    0    0     0   484 4018 6649 14  1 73 12  0  0
 1  1      0 10999068 311284 7274784    0    0     0   704 4108 5148 14  1 74 12  0  0
 0  1      0 11009580 311288 7278728    0    0     0   440 4664 8350  9  2 78 11  0  0
procs ----------mémoire---------- -échange- -----io---- -système- ------cpu--------
 r  b   swpd  libre tampon  cache   si   so    bi    bo   in   cs us sy id wa st gu
 0  1      0 11009328 311300 7278996    0    0     0  2944 2735 3406  5  3 68 25  0  0
